[5.157s] Invoking command in '/home/mtrn/4231/project_workspace/src/my_package': PYTHONPATH=/home/mtrn/4231/project_workspace/build/my_package/prefix_override:/home/mtrn/4231/project_workspace/install/my_package/lib/python3.10/site-packages:${PYTHONPATH} /usr/bin/python3 setup.py egg_info --egg-base ../../build/my_package build --build-base /home/mtrn/4231/project_workspace/build/my_package/build install --record /home/mtrn/4231/project_workspace/build/my_package/install.log --single-version-externally-managed
[5.928s] running egg_info
[5.939s] writing ../../build/my_package/my_package.egg-info/PKG-INFO
[5.939s] writing dependency_links to ../../build/my_package/my_package.egg-info/dependency_links.txt
[5.940s] writing entry points to ../../build/my_package/my_package.egg-info/entry_points.txt
[5.940s] writing requirements to ../../build/my_package/my_package.egg-info/requires.txt
[5.941s] writing top-level names to ../../build/my_package/my_package.egg-info/top_level.txt
[5.944s] reading manifest file '../../build/my_package/my_package.egg-info/SOURCES.txt'
[5.945s] writing manifest file '../../build/my_package/my_package.egg-info/SOURCES.txt'
[5.949s] running build
[5.949s] running build_py
[5.951s] running install
[5.951s] /usr/lib/python3/dist-packages/setuptools/command/install.py:34: SetuptoolsDeprecationWarning: setup.py install is deprecated. Use build and pip and other standards-based tools.
[5.951s]   warnings.warn(
[5.952s] running install_lib
[5.954s] running install_data
[5.955s] running install_egg_info
[5.957s] removing '/home/mtrn/4231/project_workspace/install/my_package/lib/python3.10/site-packages/my_package-0.0.0-py3.10.egg-info' (and everything under it)
[5.958s] Copying ../../build/my_package/my_package.egg-info to /home/mtrn/4231/project_workspace/install/my_package/lib/python3.10/site-packages/my_package-0.0.0-py3.10.egg-info
[5.960s] running install_scripts
[5.985s] Installing my_node script to /home/mtrn/4231/project_workspace/install/my_package/lib/my_package
[5.994s] writing list of installed files to '/home/mtrn/4231/project_workspace/build/my_package/install.log'
[6.115s] Invoked command in '/home/mtrn/4231/project_workspace/src/my_package' returned '0': PYTHONPATH=/home/mtrn/4231/project_workspace/build/my_package/prefix_override:/home/mtrn/4231/project_workspace/install/my_package/lib/python3.10/site-packages:${PYTHONPATH} /usr/bin/python3 setup.py egg_info --egg-base ../../build/my_package build --build-base /home/mtrn/4231/project_workspace/build/my_package/build install --record /home/mtrn/4231/project_workspace/build/my_package/install.log --single-version-externally-managed
