[0.324s] DEBUG:colcon:Command line arguments: ['/usr/bin/colcon', 'build']
[0.324s] DEBUG:colcon:Parsed command line arguments: Namespace(log_base=None, log_level=None, verb_name='build', build_base='build', install_base='install', merge_install=False, symlink_install=False, test_result_base=None, continue_on_error=False, executor='parallel', parallel_workers=12, event_handlers=None, ignore_user_meta=False, metas=['./colcon.meta'], base_paths=['.'], packages_ignore=None, packages_ignore_regex=None, paths=None, packages_up_to=None, packages_up_to_regex=None, packages_above=None, packages_above_and_dependencies=None, packages_above_depth=None, packages_select_by_dep=None, packages_skip_by_dep=None, packages_skip_up_to=None, packages_select_build_failed=False, packages_skip_build_finished=False, packages_select_test_failures=False, packages_skip_test_passed=False, packages_select=None, packages_skip=None, packages_select_regex=None, packages_skip_regex=None, packages_start=None, packages_end=None, allow_overriding=[], cmake_args=None, cmake_target=None, cmake_target_skip_unavailable=False, cmake_clean_cache=False, cmake_clean_first=False, cmake_force_configure=False, ament_cmake_args=None, catkin_cmake_args=None, catkin_skip_building_tests=False, mixin_files=None, mixin=None, verb_parser=<colcon_mixin.mixin.mixin_argument.MixinArgumentDecorator object at 0x7fdfae51e1d0>, verb_extension=<colcon_core.verb.build.BuildVerb object at 0x7fdfae65fee0>, main=<bound method BuildVerb.main of <colcon_core.verb.build.BuildVerb object at 0x7fdfae65fee0>>, mixin_verb=('build',))
[0.346s] Level 1:colcon.colcon_core.package_discovery:discover_packages(colcon_meta) check parameters
[0.346s] Level 1:colcon.colcon_core.package_discovery:discover_packages(recursive) check parameters
[0.346s] Level 1:colcon.colcon_core.package_discovery:discover_packages(ignore) check parameters
[0.346s] Level 1:colcon.colcon_core.package_discovery:discover_packages(path) check parameters
[0.346s] Level 1:colcon.colcon_core.package_discovery:discover_packages(colcon_meta) discover
[0.346s] Level 1:colcon.colcon_core.package_discovery:discover_packages(recursive) discover
[0.346s] INFO:colcon.colcon_core.package_discovery:Crawling recursively for packages in '/home/mtrn/4231/liam_stuff/4231project'
[0.346s] Level 1:colcon.colcon_core.package_identification:_identify(.) by extensions ['ignore', 'ignore_ament_install']
[0.346s] Level 1:colcon.colcon_core.package_identification:_identify(.) by extension 'ignore'
[0.346s] Level 1:colcon.colcon_core.package_identification:_identify(.) by extension 'ignore_ament_install'
[0.346s] Level 1:colcon.colcon_core.package_identification:_identify(.) by extensions ['colcon_pkg']
[0.346s] Level 1:colcon.colcon_core.package_identification:_identify(.) by extension 'colcon_pkg'
[0.346s] Level 1:colcon.colcon_core.package_identification:_identify(.) by extensions ['colcon_meta']
[0.346s] Level 1:colcon.colcon_core.package_identification:_identify(.) by extension 'colcon_meta'
[0.347s] Level 1:colcon.colcon_core.package_identification:_identify(.) by extensions ['ros']
[0.347s] Level 1:colcon.colcon_core.package_identification:_identify(.) by extension 'ros'
[0.357s] Level 1:colcon.colcon_core.package_identification:_identify(.) by extensions ['cmake', 'python']
[0.357s] Level 1:colcon.colcon_core.package_identification:_identify(.) by extension 'cmake'
[0.357s] Level 1:colcon.colcon_core.package_identification:_identify(.) by extension 'python'
[0.357s] Level 1:colcon.colcon_core.package_identification:_identify(.) by extensions ['python_setup_py']
[0.357s] Level 1:colcon.colcon_core.package_identification:_identify(.) by extension 'python_setup_py'
[0.357s] Level 1:colcon.colcon_core.package_identification:_identify(build) by extensions ['ignore', 'ignore_ament_install']
[0.357s] Level 1:colcon.colcon_core.package_identification:_identify(build) by extension 'ignore'
[0.357s] Level 1:colcon.colcon_core.package_identification:_identify(build) ignored
[0.357s] Level 1:colcon.colcon_core.package_identification:_identify(install) by extensions ['ignore', 'ignore_ament_install']
[0.357s] Level 1:colcon.colcon_core.package_identification:_identify(install) by extension 'ignore'
[0.357s] Level 1:colcon.colcon_core.package_identification:_identify(install) ignored
[0.358s] Level 1:colcon.colcon_core.package_identification:_identify(log) by extensions ['ignore', 'ignore_ament_install']
[0.358s] Level 1:colcon.colcon_core.package_identification:_identify(log) by extension 'ignore'
[0.358s] Level 1:colcon.colcon_core.package_identification:_identify(log) ignored
[0.358s] Level 1:colcon.colcon_core.package_identification:_identify(src) by extensions ['ignore', 'ignore_ament_install']
[0.358s] Level 1:colcon.colcon_core.package_identification:_identify(src) by extension 'ignore'
[0.358s] Level 1:colcon.colcon_core.package_identification:_identify(src) by extension 'ignore_ament_install'
[0.358s] Level 1:colcon.colcon_core.package_identification:_identify(src) by extensions ['colcon_pkg']
[0.358s] Level 1:colcon.colcon_core.package_identification:_identify(src) by extension 'colcon_pkg'
[0.358s] Level 1:colcon.colcon_core.package_identification:_identify(src) by extensions ['colcon_meta']
[0.358s] Level 1:colcon.colcon_core.package_identification:_identify(src) by extension 'colcon_meta'
[0.358s] Level 1:colcon.colcon_core.package_identification:_identify(src) by extensions ['ros']
[0.358s] Level 1:colcon.colcon_core.package_identification:_identify(src) by extension 'ros'
[0.358s] Level 1:colcon.colcon_core.package_identification:_identify(src) by extensions ['cmake', 'python']
[0.358s] Level 1:colcon.colcon_core.package_identification:_identify(src) by extension 'cmake'
[0.358s] Level 1:colcon.colcon_core.package_identification:_identify(src) by extension 'python'
[0.358s] Level 1:colcon.colcon_core.package_identification:_identify(src) by extensions ['python_setup_py']
[0.358s] Level 1:colcon.colcon_core.package_identification:_identify(src) by extension 'python_setup_py'
[0.359s] Level 1:colcon.colcon_core.package_identification:_identify(src/messages) by extensions ['ignore', 'ignore_ament_install']
[0.359s] Level 1:colcon.colcon_core.package_identification:_identify(src/messages) by extension 'ignore'
[0.359s] Level 1:colcon.colcon_core.package_identification:_identify(src/messages) by extension 'ignore_ament_install'
[0.359s] Level 1:colcon.colcon_core.package_identification:_identify(src/messages) by extensions ['colcon_pkg']
[0.359s] Level 1:colcon.colcon_core.package_identification:_identify(src/messages) by extension 'colcon_pkg'
[0.359s] Level 1:colcon.colcon_core.package_identification:_identify(src/messages) by extensions ['colcon_meta']
[0.359s] Level 1:colcon.colcon_core.package_identification:_identify(src/messages) by extension 'colcon_meta'
[0.359s] Level 1:colcon.colcon_core.package_identification:_identify(src/messages) by extensions ['ros']
[0.359s] Level 1:colcon.colcon_core.package_identification:_identify(src/messages) by extension 'ros'
[0.361s] DEBUG:colcon.colcon_core.package_identification:Package 'src/messages' with type 'ros.ament_cmake' and name 'messages'
[0.361s] Level 1:colcon.colcon_core.package_identification:_identify(src/my_package) by extensions ['ignore', 'ignore_ament_install']
[0.361s] Level 1:colcon.colcon_core.package_identification:_identify(src/my_package) by extension 'ignore'
[0.361s] Level 1:colcon.colcon_core.package_identification:_identify(src/my_package) by extension 'ignore_ament_install'
[0.361s] Level 1:colcon.colcon_core.package_identification:_identify(src/my_package) by extensions ['colcon_pkg']
[0.361s] Level 1:colcon.colcon_core.package_identification:_identify(src/my_package) by extension 'colcon_pkg'
[0.361s] Level 1:colcon.colcon_core.package_identification:_identify(src/my_package) by extensions ['colcon_meta']
[0.361s] Level 1:colcon.colcon_core.package_identification:_identify(src/my_package) by extension 'colcon_meta'
[0.361s] Level 1:colcon.colcon_core.package_identification:_identify(src/my_package) by extensions ['ros']
[0.361s] Level 1:colcon.colcon_core.package_identification:_identify(src/my_package) by extension 'ros'
[0.362s] DEBUG:colcon.colcon_core.package_identification:Package 'src/my_package' with type 'ros.ament_python' and name 'my_package'
[0.362s] Level 1:colcon.colcon_core.package_identification:_identify(src/opencv_example) by extensions ['ignore', 'ignore_ament_install']
[0.362s] Level 1:colcon.colcon_core.package_identification:_identify(src/opencv_example) by extension 'ignore'
[0.362s] Level 1:colcon.colcon_core.package_identification:_identify(src/opencv_example) by extension 'ignore_ament_install'
[0.362s] Level 1:colcon.colcon_core.package_identification:_identify(src/opencv_example) by extensions ['colcon_pkg']
[0.362s] Level 1:colcon.colcon_core.package_identification:_identify(src/opencv_example) by extension 'colcon_pkg'
[0.362s] Level 1:colcon.colcon_core.package_identification:_identify(src/opencv_example) by extensions ['colcon_meta']
[0.362s] Level 1:colcon.colcon_core.package_identification:_identify(src/opencv_example) by extension 'colcon_meta'
[0.362s] Level 1:colcon.colcon_core.package_identification:_identify(src/opencv_example) by extensions ['ros']
[0.362s] Level 1:colcon.colcon_core.package_identification:_identify(src/opencv_example) by extension 'ros'
[0.363s] DEBUG:colcon.colcon_core.package_identification:Package 'src/opencv_example' with type 'ros.ament_python' and name 'opencv_example'
[0.363s] Level 1:colcon.colcon_core.package_identification:_identify(src/ros2_v4l2_camera-rolling) by extensions ['ignore', 'ignore_ament_install']
[0.363s] Level 1:colcon.colcon_core.package_identification:_identify(src/ros2_v4l2_camera-rolling) by extension 'ignore'
[0.363s] Level 1:colcon.colcon_core.package_identification:_identify(src/ros2_v4l2_camera-rolling) by extension 'ignore_ament_install'
[0.363s] Level 1:colcon.colcon_core.package_identification:_identify(src/ros2_v4l2_camera-rolling) by extensions ['colcon_pkg']
[0.363s] Level 1:colcon.colcon_core.package_identification:_identify(src/ros2_v4l2_camera-rolling) by extension 'colcon_pkg'
[0.363s] Level 1:colcon.colcon_core.package_identification:_identify(src/ros2_v4l2_camera-rolling) by extensions ['colcon_meta']
[0.363s] Level 1:colcon.colcon_core.package_identification:_identify(src/ros2_v4l2_camera-rolling) by extension 'colcon_meta'
[0.363s] Level 1:colcon.colcon_core.package_identification:_identify(src/ros2_v4l2_camera-rolling) by extensions ['ros']
[0.363s] Level 1:colcon.colcon_core.package_identification:_identify(src/ros2_v4l2_camera-rolling) by extension 'ros'
[0.364s] DEBUG:colcon.colcon_core.package_identification:Package 'src/ros2_v4l2_camera-rolling' with type 'ros.ament_cmake' and name 'v4l2_camera'
[0.364s] Level 1:colcon.colcon_core.package_discovery:discover_packages(recursive) using defaults
[0.364s] Level 1:colcon.colcon_core.package_discovery:discover_packages(ignore) discover
[0.364s] Level 1:colcon.colcon_core.package_discovery:discover_packages(ignore) using defaults
[0.364s] Level 1:colcon.colcon_core.package_discovery:discover_packages(path) discover
[0.364s] Level 1:colcon.colcon_core.package_discovery:discover_packages(path) using defaults
[0.385s] Level 1:colcon.colcon_core.package_discovery:discover_packages(prefix_path) check parameters
[0.385s] Level 1:colcon.colcon_core.package_discovery:discover_packages(prefix_path) discover
[0.390s] DEBUG:colcon.colcon_installed_package_information.package_discovery:Found 4 installed packages in /home/mtrn/4231/liam_stuff/4231project/install
[0.391s] DEBUG:colcon.colcon_installed_package_information.package_discovery:Found 7 installed packages in /home/mtrn/4231/ros_ur_driver/install
[0.393s] DEBUG:colcon.colcon_installed_package_information.package_discovery:Found 55 installed packages in /home/mtrn/4231/ws_moveit2/install
[0.396s] DEBUG:colcon.colcon_installed_package_information.package_discovery:Found 339 installed packages in /opt/ros/humble
[0.398s] Level 1:colcon.colcon_core.package_discovery:discover_packages(prefix_path) using defaults
[0.461s] Level 5:colcon.colcon_core.verb:set package 'messages' build argument 'cmake_args' from command line to 'None'
[0.461s] Level 5:colcon.colcon_core.verb:set package 'messages' build argument 'cmake_target' from command line to 'None'
[0.461s] Level 5:colcon.colcon_core.verb:set package 'messages' build argument 'cmake_target_skip_unavailable' from command line to 'False'
[0.461s] Level 5:colcon.colcon_core.verb:set package 'messages' build argument 'cmake_clean_cache' from command line to 'False'
[0.461s] Level 5:colcon.colcon_core.verb:set package 'messages' build argument 'cmake_clean_first' from command line to 'False'
[0.461s] Level 5:colcon.colcon_core.verb:set package 'messages' build argument 'cmake_force_configure' from command line to 'False'
[0.461s] Level 5:colcon.colcon_core.verb:set package 'messages' build argument 'ament_cmake_args' from command line to 'None'
[0.461s] Level 5:colcon.colcon_core.verb:set package 'messages' build argument 'catkin_cmake_args' from command line to 'None'
[0.461s] Level 5:colcon.colcon_core.verb:set package 'messages' build argument 'catkin_skip_building_tests' from command line to 'False'
[0.461s] DEBUG:colcon.colcon_core.verb:Building package 'messages' with the following arguments: {'ament_cmake_args': None, 'build_base': '/home/mtrn/4231/liam_stuff/4231project/build/messages', 'catkin_cmake_args': None, 'catkin_skip_building_tests': False, 'cmake_args': None, 'cmake_clean_cache': False, 'cmake_clean_first': False, 'cmake_force_configure': False, 'cmake_target': None, 'cmake_target_skip_unavailable': False, 'install_base': '/home/mtrn/4231/liam_stuff/4231project/install/messages', 'merge_install': False, 'path': '/home/mtrn/4231/liam_stuff/4231project/src/messages', 'symlink_install': False, 'test_result_base': None}
[0.462s] Level 5:colcon.colcon_core.verb:set package 'my_package' build argument 'cmake_args' from command line to 'None'
[0.462s] Level 5:colcon.colcon_core.verb:set package 'my_package' build argument 'cmake_target' from command line to 'None'
[0.462s] Level 5:colcon.colcon_core.verb:set package 'my_package' build argument 'cmake_target_skip_unavailable' from command line to 'False'
[0.462s] Level 5:colcon.colcon_core.verb:set package 'my_package' build argument 'cmake_clean_cache' from command line to 'False'
[0.462s] Level 5:colcon.colcon_core.verb:set package 'my_package' build argument 'cmake_clean_first' from command line to 'False'
[0.462s] Level 5:colcon.colcon_core.verb:set package 'my_package' build argument 'cmake_force_configure' from command line to 'False'
[0.462s] Level 5:colcon.colcon_core.verb:set package 'my_package' build argument 'ament_cmake_args' from command line to 'None'
[0.462s] Level 5:colcon.colcon_core.verb:set package 'my_package' build argument 'catkin_cmake_args' from command line to 'None'
[0.462s] Level 5:colcon.colcon_core.verb:set package 'my_package' build argument 'catkin_skip_building_tests' from command line to 'False'
[0.462s] DEBUG:colcon.colcon_core.verb:Building package 'my_package' with the following arguments: {'ament_cmake_args': None, 'build_base': '/home/mtrn/4231/liam_stuff/4231project/build/my_package', 'catkin_cmake_args': None, 'catkin_skip_building_tests': False, 'cmake_args': None, 'cmake_clean_cache': False, 'cmake_clean_first': False, 'cmake_force_configure': False, 'cmake_target': None, 'cmake_target_skip_unavailable': False, 'install_base': '/home/mtrn/4231/liam_stuff/4231project/install/my_package', 'merge_install': False, 'path': '/home/mtrn/4231/liam_stuff/4231project/src/my_package', 'symlink_install': False, 'test_result_base': None}
[0.463s] Level 5:colcon.colcon_core.verb:set package 'opencv_example' build argument 'cmake_args' from command line to 'None'
[0.463s] Level 5:colcon.colcon_core.verb:set package 'opencv_example' build argument 'cmake_target' from command line to 'None'
[0.463s] Level 5:colcon.colcon_core.verb:set package 'opencv_example' build argument 'cmake_target_skip_unavailable' from command line to 'False'
[0.463s] Level 5:colcon.colcon_core.verb:set package 'opencv_example' build argument 'cmake_clean_cache' from command line to 'False'
[0.463s] Level 5:colcon.colcon_core.verb:set package 'opencv_example' build argument 'cmake_clean_first' from command line to 'False'
[0.463s] Level 5:colcon.colcon_core.verb:set package 'opencv_example' build argument 'cmake_force_configure' from command line to 'False'
[0.463s] Level 5:colcon.colcon_core.verb:set package 'opencv_example' build argument 'ament_cmake_args' from command line to 'None'
[0.463s] Level 5:colcon.colcon_core.verb:set package 'opencv_example' build argument 'catkin_cmake_args' from command line to 'None'
[0.463s] Level 5:colcon.colcon_core.verb:set package 'opencv_example' build argument 'catkin_skip_building_tests' from command line to 'False'
[0.463s] DEBUG:colcon.colcon_core.verb:Building package 'opencv_example' with the following arguments: {'ament_cmake_args': None, 'build_base': '/home/mtrn/4231/liam_stuff/4231project/build/opencv_example', 'catkin_cmake_args': None, 'catkin_skip_building_tests': False, 'cmake_args': None, 'cmake_clean_cache': False, 'cmake_clean_first': False, 'cmake_force_configure': False, 'cmake_target': None, 'cmake_target_skip_unavailable': False, 'install_base': '/home/mtrn/4231/liam_stuff/4231project/install/opencv_example', 'merge_install': False, 'path': '/home/mtrn/4231/liam_stuff/4231project/src/opencv_example', 'symlink_install': False, 'test_result_base': None}
[0.464s] Level 5:colcon.colcon_core.verb:set package 'v4l2_camera' build argument 'cmake_args' from command line to 'None'
[0.464s] Level 5:colcon.colcon_core.verb:set package 'v4l2_camera' build argument 'cmake_target' from command line to 'None'
[0.464s] Level 5:colcon.colcon_core.verb:set package 'v4l2_camera' build argument 'cmake_target_skip_unavailable' from command line to 'False'
[0.464s] Level 5:colcon.colcon_core.verb:set package 'v4l2_camera' build argument 'cmake_clean_cache' from command line to 'False'
[0.464s] Level 5:colcon.colcon_core.verb:set package 'v4l2_camera' build argument 'cmake_clean_first' from command line to 'False'
[0.464s] Level 5:colcon.colcon_core.verb:set package 'v4l2_camera' build argument 'cmake_force_configure' from command line to 'False'
[0.464s] Level 5:colcon.colcon_core.verb:set package 'v4l2_camera' build argument 'ament_cmake_args' from command line to 'None'
[0.464s] Level 5:colcon.colcon_core.verb:set package 'v4l2_camera' build argument 'catkin_cmake_args' from command line to 'None'
[0.464s] Level 5:colcon.colcon_core.verb:set package 'v4l2_camera' build argument 'catkin_skip_building_tests' from command line to 'False'
[0.464s] DEBUG:colcon.colcon_core.verb:Building package 'v4l2_camera' with the following arguments: {'ament_cmake_args': None, 'build_base': '/home/mtrn/4231/liam_stuff/4231project/build/v4l2_camera', 'catkin_cmake_args': None, 'catkin_skip_building_tests': False, 'cmake_args': None, 'cmake_clean_cache': False, 'cmake_clean_first': False, 'cmake_force_configure': False, 'cmake_target': None, 'cmake_target_skip_unavailable': False, 'install_base': '/home/mtrn/4231/liam_stuff/4231project/install/v4l2_camera', 'merge_install': False, 'path': '/home/mtrn/4231/liam_stuff/4231project/src/ros2_v4l2_camera-rolling', 'symlink_install': False, 'test_result_base': None}
[0.465s] INFO:colcon.colcon_core.executor:Executing jobs using 'parallel' executor
[0.468s] DEBUG:colcon.colcon_parallel_executor.executor.parallel:run_until_complete
[0.468s] INFO:colcon.colcon_ros.task.ament_cmake.build:Building ROS package in '/home/mtrn/4231/liam_stuff/4231project/src/messages' with build type 'ament_cmake'
[0.468s] INFO:colcon.colcon_cmake.task.cmake.build:Building CMake package in '/home/mtrn/4231/liam_stuff/4231project/src/messages'
[0.473s] INFO:colcon.colcon_core.plugin_system:Skipping extension 'colcon_core.shell.bat': Not used on non-Windows systems
[0.473s] INFO:colcon.colcon_core.shell:Skip shell extension 'powershell' for command environment: Not usable outside of PowerShell
[0.473s] DEBUG:colcon.colcon_core.shell:Skip shell extension 'dsv' for command environment
[0.482s] INFO:colcon.colcon_ros.task.ament_python.build:Building ROS package in '/home/mtrn/4231/liam_stuff/4231project/src/my_package' with build type 'ament_python'
[0.483s] Level 1:colcon.colcon_core.shell:create_environment_hook('my_package', 'ament_prefix_path')
[0.484s] INFO:colcon.colcon_core.shell:Creating environment hook '/home/mtrn/4231/liam_stuff/4231project/install/my_package/share/my_package/hook/ament_prefix_path.ps1'
[0.484s] INFO:colcon.colcon_core.shell:Creating environment descriptor '/home/mtrn/4231/liam_stuff/4231project/install/my_package/share/my_package/hook/ament_prefix_path.dsv'
[0.485s] INFO:colcon.colcon_core.shell:Creating environment hook '/home/mtrn/4231/liam_stuff/4231project/install/my_package/share/my_package/hook/ament_prefix_path.sh'
[0.486s] INFO:colcon.colcon_core.shell:Skip shell extension 'powershell' for command environment: Not usable outside of PowerShell
[0.486s] DEBUG:colcon.colcon_core.shell:Skip shell extension 'dsv' for command environment
[0.495s] INFO:colcon.colcon_ros.task.ament_python.build:Building ROS package in '/home/mtrn/4231/liam_stuff/4231project/src/opencv_example' with build type 'ament_python'
[0.496s] Level 1:colcon.colcon_core.shell:create_environment_hook('opencv_example', 'ament_prefix_path')
[0.497s] INFO:colcon.colcon_core.shell:Creating environment hook '/home/mtrn/4231/liam_stuff/4231project/install/opencv_example/share/opencv_example/hook/ament_prefix_path.ps1'
[0.497s] INFO:colcon.colcon_core.shell:Creating environment descriptor '/home/mtrn/4231/liam_stuff/4231project/install/opencv_example/share/opencv_example/hook/ament_prefix_path.dsv'
[0.498s] INFO:colcon.colcon_core.shell:Creating environment hook '/home/mtrn/4231/liam_stuff/4231project/install/opencv_example/share/opencv_example/hook/ament_prefix_path.sh'
[0.499s] INFO:colcon.colcon_core.shell:Skip shell extension 'powershell' for command environment: Not usable outside of PowerShell
[0.499s] DEBUG:colcon.colcon_core.shell:Skip shell extension 'dsv' for command environment
[0.508s] INFO:colcon.colcon_ros.task.ament_cmake.build:Building ROS package in '/home/mtrn/4231/liam_stuff/4231project/src/ros2_v4l2_camera-rolling' with build type 'ament_cmake'
[0.509s] INFO:colcon.colcon_cmake.task.cmake.build:Building CMake package in '/home/mtrn/4231/liam_stuff/4231project/src/ros2_v4l2_camera-rolling'
[0.510s] INFO:colcon.colcon_core.shell:Skip shell extension 'powershell' for command environment: Not usable outside of PowerShell
[0.510s] DEBUG:colcon.colcon_core.shell:Skip shell extension 'dsv' for command environment
[0.526s] DEBUG:colcon.colcon_core.event_handler.log_command:Invoking command in '/home/mtrn/4231/liam_stuff/4231project/build/messages': CMAKE_PREFIX_PATH=${CMAKE_PREFIX_PATH}:/home/mtrn/4231/liam_stuff/4231project/install/opencv_example:/home/mtrn/4231/liam_stuff/4231project/install/my_package:/home/mtrn/4231/ws_moveit2/install/moveit_configs_utils:/home/mtrn/4231/ws_moveit2/install/launch_param_builder:/opt/ros/humble /home/mtrn/.local/bin/cmake --build /home/mtrn/4231/liam_stuff/4231project/build/messages -- -j12 -l12
[0.805s] INFO:colcon.colcon_core.task.python.build:Building Python package in '/home/mtrn/4231/liam_stuff/4231project/src/my_package'
[0.808s] INFO:colcon.colcon_core.shell:Skip shell extension 'powershell' for command environment: Not usable outside of PowerShell
[0.808s] DEBUG:colcon.colcon_core.shell:Skip shell extension 'dsv' for command environment
[1.134s] INFO:colcon.colcon_core.task.python.build:Building Python package in '/home/mtrn/4231/liam_stuff/4231project/src/opencv_example'
[1.137s] INFO:colcon.colcon_core.shell:Skip shell extension 'powershell' for command environment: Not usable outside of PowerShell
[1.137s] DEBUG:colcon.colcon_core.shell:Skip shell extension 'dsv' for command environment
[1.165s] DEBUG:colcon.colcon_core.event_handler.log_command:Invoking command in '/home/mtrn/4231/liam_stuff/4231project/build/v4l2_camera': CMAKE_PREFIX_PATH=${CMAKE_PREFIX_PATH}:/home/mtrn/4231/liam_stuff/4231project/install/opencv_example:/home/mtrn/4231/liam_stuff/4231project/install/my_package:/home/mtrn/4231/ws_moveit2/install/moveit_configs_utils:/home/mtrn/4231/ws_moveit2/install/launch_param_builder:/opt/ros/humble /home/mtrn/.local/bin/cmake --build /home/mtrn/4231/liam_stuff/4231project/build/v4l2_camera -- -j12 -l12
[1.172s] DEBUG:colcon.colcon_core.event_handler.log_command:Invoked command in '/home/mtrn/4231/liam_stuff/4231project/build/messages' returned '0': CMAKE_PREFIX_PATH=${CMAKE_PREFIX_PATH}:/home/mtrn/4231/liam_stuff/4231project/install/opencv_example:/home/mtrn/4231/liam_stuff/4231project/install/my_package:/home/mtrn/4231/ws_moveit2/install/moveit_configs_utils:/home/mtrn/4231/ws_moveit2/install/launch_param_builder:/opt/ros/humble /home/mtrn/.local/bin/cmake --build /home/mtrn/4231/liam_stuff/4231project/build/messages -- -j12 -l12
[1.403s] DEBUG:colcon.colcon_core.event_handler.log_command:Invoked command in '/home/mtrn/4231/liam_stuff/4231project/build/v4l2_camera' returned '0': CMAKE_PREFIX_PATH=${CMAKE_PREFIX_PATH}:/home/mtrn/4231/liam_stuff/4231project/install/opencv_example:/home/mtrn/4231/liam_stuff/4231project/install/my_package:/home/mtrn/4231/ws_moveit2/install/moveit_configs_utils:/home/mtrn/4231/ws_moveit2/install/launch_param_builder:/opt/ros/humble /home/mtrn/.local/bin/cmake --build /home/mtrn/4231/liam_stuff/4231project/build/v4l2_camera -- -j12 -l12
[1.583s] DEBUG:colcon.colcon_core.event_handler.log_command:Invoking command in '/home/mtrn/4231/liam_stuff/4231project/src/my_package': PYTHONPATH=/home/mtrn/4231/liam_stuff/4231project/build/my_package/prefix_override:/home/mtrn/4231/liam_stuff/4231project/install/my_package/lib/python3.10/site-packages:${PYTHONPATH} /usr/bin/python3 setup.py egg_info --egg-base ../../build/my_package build --build-base /home/mtrn/4231/liam_stuff/4231project/build/my_package/build install --record /home/mtrn/4231/liam_stuff/4231project/build/my_package/install.log --single-version-externally-managed
[1.592s] DEBUG:colcon.colcon_core.event_handler.log_command:Invoking command in '/home/mtrn/4231/liam_stuff/4231project/src/opencv_example': PYTHONPATH=/home/mtrn/4231/liam_stuff/4231project/build/opencv_example/prefix_override:/home/mtrn/4231/liam_stuff/4231project/install/opencv_example/lib/python3.10/site-packages:${PYTHONPATH} /usr/bin/python3 setup.py egg_info --egg-base ../../build/opencv_example build --build-base /home/mtrn/4231/liam_stuff/4231project/build/opencv_example/build install --record /home/mtrn/4231/liam_stuff/4231project/build/opencv_example/install.log --single-version-externally-managed
[1.688s] DEBUG:colcon.colcon_core.event_handler.log_command:Invoking command in '/home/mtrn/4231/liam_stuff/4231project/build/messages': CMAKE_PREFIX_PATH=${CMAKE_PREFIX_PATH}:/home/mtrn/4231/liam_stuff/4231project/install/opencv_example:/home/mtrn/4231/liam_stuff/4231project/install/my_package:/home/mtrn/4231/ws_moveit2/install/moveit_configs_utils:/home/mtrn/4231/ws_moveit2/install/launch_param_builder:/opt/ros/humble /home/mtrn/.local/bin/cmake --install /home/mtrn/4231/liam_stuff/4231project/build/messages
[1.715s] DEBUG:colcon.colcon_core.event_handler.log_command:Invoking command in '/home/mtrn/4231/liam_stuff/4231project/build/v4l2_camera': CMAKE_PREFIX_PATH=${CMAKE_PREFIX_PATH}:/home/mtrn/4231/liam_stuff/4231project/install/opencv_example:/home/mtrn/4231/liam_stuff/4231project/install/my_package:/home/mtrn/4231/ws_moveit2/install/moveit_configs_utils:/home/mtrn/4231/ws_moveit2/install/launch_param_builder:/opt/ros/humble /home/mtrn/.local/bin/cmake --install /home/mtrn/4231/liam_stuff/4231project/build/v4l2_camera
[1.793s] Level 1:colcon.colcon_core.environment:create_environment_scripts_only(v4l2_camera)
[1.795s] DEBUG:colcon.colcon_core.event_handler.log_command:Invoked command in '/home/mtrn/4231/liam_stuff/4231project/build/v4l2_camera' returned '0': CMAKE_PREFIX_PATH=${CMAKE_PREFIX_PATH}:/home/mtrn/4231/liam_stuff/4231project/install/opencv_example:/home/mtrn/4231/liam_stuff/4231project/install/my_package:/home/mtrn/4231/ws_moveit2/install/moveit_configs_utils:/home/mtrn/4231/ws_moveit2/install/launch_param_builder:/opt/ros/humble /home/mtrn/.local/bin/cmake --install /home/mtrn/4231/liam_stuff/4231project/build/v4l2_camera
[1.803s] Level 1:colcon.colcon_core.environment:checking '/home/mtrn/4231/liam_stuff/4231project/install/v4l2_camera' for CMake module files
[1.805s] Level 1:colcon.colcon_core.environment:checking '/home/mtrn/4231/liam_stuff/4231project/install/v4l2_camera' for CMake config files
[1.805s] Level 1:colcon.colcon_core.shell:create_environment_hook('v4l2_camera', 'cmake_prefix_path')
[1.808s] INFO:colcon.colcon_core.shell:Creating environment hook '/home/mtrn/4231/liam_stuff/4231project/install/v4l2_camera/share/v4l2_camera/hook/cmake_prefix_path.ps1'
[1.809s] INFO:colcon.colcon_core.shell:Creating environment descriptor '/home/mtrn/4231/liam_stuff/4231project/install/v4l2_camera/share/v4l2_camera/hook/cmake_prefix_path.dsv'
[1.810s] INFO:colcon.colcon_core.shell:Creating environment hook '/home/mtrn/4231/liam_stuff/4231project/install/v4l2_camera/share/v4l2_camera/hook/cmake_prefix_path.sh'
[1.812s] Level 1:colcon.colcon_core.environment:checking '/home/mtrn/4231/liam_stuff/4231project/install/v4l2_camera/lib'
[1.812s] Level 1:colcon.colcon_core.shell:create_environment_hook('v4l2_camera', 'ld_library_path_lib')
[1.814s] INFO:colcon.colcon_core.shell:Creating environment hook '/home/mtrn/4231/liam_stuff/4231project/install/v4l2_camera/share/v4l2_camera/hook/ld_library_path_lib.ps1'
[1.815s] INFO:colcon.colcon_core.shell:Creating environment descriptor '/home/mtrn/4231/liam_stuff/4231project/install/v4l2_camera/share/v4l2_camera/hook/ld_library_path_lib.dsv'
[1.816s] INFO:colcon.colcon_core.shell:Creating environment hook '/home/mtrn/4231/liam_stuff/4231project/install/v4l2_camera/share/v4l2_camera/hook/ld_library_path_lib.sh'
[1.817s] Level 1:colcon.colcon_core.environment:checking '/home/mtrn/4231/liam_stuff/4231project/install/v4l2_camera/bin'
[1.817s] Level 1:colcon.colcon_core.environment:checking '/home/mtrn/4231/liam_stuff/4231project/install/v4l2_camera/lib/pkgconfig/v4l2_camera.pc'
[1.817s] Level 1:colcon.colcon_core.environment:checking '/home/mtrn/4231/liam_stuff/4231project/install/v4l2_camera/lib/python3.10/site-packages'
[1.817s] Level 1:colcon.colcon_core.environment:checking '/home/mtrn/4231/liam_stuff/4231project/install/v4l2_camera/bin'
[1.820s] INFO:colcon.colcon_core.shell:Creating package script '/home/mtrn/4231/liam_stuff/4231project/install/v4l2_camera/share/v4l2_camera/package.ps1'
[1.821s] INFO:colcon.colcon_core.shell:Creating package descriptor '/home/mtrn/4231/liam_stuff/4231project/install/v4l2_camera/share/v4l2_camera/package.dsv'
[1.822s] INFO:colcon.colcon_core.shell:Creating package script '/home/mtrn/4231/liam_stuff/4231project/install/v4l2_camera/share/v4l2_camera/package.sh'
[1.823s] INFO:colcon.colcon_core.shell:Creating package script '/home/mtrn/4231/liam_stuff/4231project/install/v4l2_camera/share/v4l2_camera/package.bash'
[1.824s] INFO:colcon.colcon_core.shell:Creating package script '/home/mtrn/4231/liam_stuff/4231project/install/v4l2_camera/share/v4l2_camera/package.zsh'
[1.826s] Level 1:colcon.colcon_core.environment:create_file_with_runtime_dependencies(/home/mtrn/4231/liam_stuff/4231project/install/v4l2_camera/share/colcon-core/packages/v4l2_camera)
[1.830s] Level 1:colcon.colcon_core.environment:create_environment_scripts_only(messages)
[1.830s] DEBUG:colcon.colcon_core.event_handler.log_command:Invoked command in '/home/mtrn/4231/liam_stuff/4231project/build/messages' returned '0': CMAKE_PREFIX_PATH=${CMAKE_PREFIX_PATH}:/home/mtrn/4231/liam_stuff/4231project/install/opencv_example:/home/mtrn/4231/liam_stuff/4231project/install/my_package:/home/mtrn/4231/ws_moveit2/install/moveit_configs_utils:/home/mtrn/4231/ws_moveit2/install/launch_param_builder:/opt/ros/humble /home/mtrn/.local/bin/cmake --install /home/mtrn/4231/liam_stuff/4231project/build/messages
[1.838s] Level 1:colcon.colcon_core.environment:checking '/home/mtrn/4231/liam_stuff/4231project/install/messages' for CMake module files
[1.839s] Level 1:colcon.colcon_core.environment:checking '/home/mtrn/4231/liam_stuff/4231project/install/messages' for CMake config files
[1.841s] Level 1:colcon.colcon_core.shell:create_environment_hook('messages', 'cmake_prefix_path')
[1.843s] INFO:colcon.colcon_core.shell:Creating environment hook '/home/mtrn/4231/liam_stuff/4231project/install/messages/share/messages/hook/cmake_prefix_path.ps1'
[1.845s] INFO:colcon.colcon_core.shell:Creating environment descriptor '/home/mtrn/4231/liam_stuff/4231project/install/messages/share/messages/hook/cmake_prefix_path.dsv'
[1.846s] INFO:colcon.colcon_core.shell:Creating environment hook '/home/mtrn/4231/liam_stuff/4231project/install/messages/share/messages/hook/cmake_prefix_path.sh'
[1.848s] Level 1:colcon.colcon_core.environment:checking '/home/mtrn/4231/liam_stuff/4231project/install/messages/lib'
[1.848s] Level 1:colcon.colcon_core.shell:create_environment_hook('messages', 'ld_library_path_lib')
[1.851s] INFO:colcon.colcon_core.shell:Creating environment hook '/home/mtrn/4231/liam_stuff/4231project/install/messages/share/messages/hook/ld_library_path_lib.ps1'
[1.853s] INFO:colcon.colcon_core.shell:Creating environment descriptor '/home/mtrn/4231/liam_stuff/4231project/install/messages/share/messages/hook/ld_library_path_lib.dsv'
[1.854s] INFO:colcon.colcon_core.shell:Creating environment hook '/home/mtrn/4231/liam_stuff/4231project/install/messages/share/messages/hook/ld_library_path_lib.sh'
[1.855s] Level 1:colcon.colcon_core.environment:checking '/home/mtrn/4231/liam_stuff/4231project/install/messages/bin'
[1.855s] Level 1:colcon.colcon_core.environment:checking '/home/mtrn/4231/liam_stuff/4231project/install/messages/lib/pkgconfig/messages.pc'
[1.856s] Level 1:colcon.colcon_core.environment:checking '/home/mtrn/4231/liam_stuff/4231project/install/messages/lib/python3.10/site-packages'
[1.856s] Level 1:colcon.colcon_core.environment:checking '/home/mtrn/4231/liam_stuff/4231project/install/messages/bin'
[1.860s] INFO:colcon.colcon_core.shell:Creating package script '/home/mtrn/4231/liam_stuff/4231project/install/messages/share/messages/package.ps1'
[1.861s] INFO:colcon.colcon_core.shell:Creating package descriptor '/home/mtrn/4231/liam_stuff/4231project/install/messages/share/messages/package.dsv'
[1.861s] INFO:colcon.colcon_core.shell:Creating package script '/home/mtrn/4231/liam_stuff/4231project/install/messages/share/messages/package.sh'
[1.861s] INFO:colcon.colcon_core.shell:Creating package script '/home/mtrn/4231/liam_stuff/4231project/install/messages/share/messages/package.bash'
[1.862s] INFO:colcon.colcon_core.shell:Creating package script '/home/mtrn/4231/liam_stuff/4231project/install/messages/share/messages/package.zsh'
[1.862s] Level 1:colcon.colcon_core.environment:create_file_with_runtime_dependencies(/home/mtrn/4231/liam_stuff/4231project/install/messages/share/colcon-core/packages/messages)
[1.879s] Level 1:colcon.colcon_core.environment:checking '/home/mtrn/4231/liam_stuff/4231project/install/my_package' for CMake module files
[1.880s] DEBUG:colcon.colcon_core.event_handler.log_command:Invoked command in '/home/mtrn/4231/liam_stuff/4231project/src/my_package' returned '0': PYTHONPATH=/home/mtrn/4231/liam_stuff/4231project/build/my_package/prefix_override:/home/mtrn/4231/liam_stuff/4231project/install/my_package/lib/python3.10/site-packages:${PYTHONPATH} /usr/bin/python3 setup.py egg_info --egg-base ../../build/my_package build --build-base /home/mtrn/4231/liam_stuff/4231project/build/my_package/build install --record /home/mtrn/4231/liam_stuff/4231project/build/my_package/install.log --single-version-externally-managed
[1.880s] Level 1:colcon.colcon_core.environment:checking '/home/mtrn/4231/liam_stuff/4231project/install/my_package' for CMake config files
[1.880s] Level 1:colcon.colcon_core.environment:checking '/home/mtrn/4231/liam_stuff/4231project/install/my_package/lib'
[1.881s] Level 1:colcon.colcon_core.environment:checking '/home/mtrn/4231/liam_stuff/4231project/install/my_package/bin'
[1.881s] Level 1:colcon.colcon_core.environment:checking '/home/mtrn/4231/liam_stuff/4231project/install/my_package/lib/pkgconfig/my_package.pc'
[1.881s] Level 1:colcon.colcon_core.environment:checking '/home/mtrn/4231/liam_stuff/4231project/install/my_package/lib/python3.10/site-packages'
[1.881s] Level 1:colcon.colcon_core.shell:create_environment_hook('my_package', 'pythonpath')
[1.883s] INFO:colcon.colcon_core.shell:Creating environment hook '/home/mtrn/4231/liam_stuff/4231project/install/my_package/share/my_package/hook/pythonpath.ps1'
[1.884s] INFO:colcon.colcon_core.shell:Creating environment descriptor '/home/mtrn/4231/liam_stuff/4231project/install/my_package/share/my_package/hook/pythonpath.dsv'
[1.884s] INFO:colcon.colcon_core.shell:Creating environment hook '/home/mtrn/4231/liam_stuff/4231project/install/my_package/share/my_package/hook/pythonpath.sh'
[1.885s] Level 1:colcon.colcon_core.environment:checking '/home/mtrn/4231/liam_stuff/4231project/install/my_package/bin'
[1.885s] Level 1:colcon.colcon_core.environment:create_environment_scripts_only(my_package)
[1.887s] INFO:colcon.colcon_core.shell:Creating package script '/home/mtrn/4231/liam_stuff/4231project/install/my_package/share/my_package/package.ps1'
[1.888s] INFO:colcon.colcon_core.shell:Creating package descriptor '/home/mtrn/4231/liam_stuff/4231project/install/my_package/share/my_package/package.dsv'
[1.888s] INFO:colcon.colcon_core.shell:Creating package script '/home/mtrn/4231/liam_stuff/4231project/install/my_package/share/my_package/package.sh'
[1.889s] INFO:colcon.colcon_core.shell:Creating package script '/home/mtrn/4231/liam_stuff/4231project/install/my_package/share/my_package/package.bash'
[1.889s] INFO:colcon.colcon_core.shell:Creating package script '/home/mtrn/4231/liam_stuff/4231project/install/my_package/share/my_package/package.zsh'
[1.889s] Level 1:colcon.colcon_core.environment:create_file_with_runtime_dependencies(/home/mtrn/4231/liam_stuff/4231project/install/my_package/share/colcon-core/packages/my_package)
[1.912s] Level 1:colcon.colcon_core.environment:checking '/home/mtrn/4231/liam_stuff/4231project/install/opencv_example' for CMake module files
[1.914s] DEBUG:colcon.colcon_core.event_handler.log_command:Invoked command in '/home/mtrn/4231/liam_stuff/4231project/src/opencv_example' returned '0': PYTHONPATH=/home/mtrn/4231/liam_stuff/4231project/build/opencv_example/prefix_override:/home/mtrn/4231/liam_stuff/4231project/install/opencv_example/lib/python3.10/site-packages:${PYTHONPATH} /usr/bin/python3 setup.py egg_info --egg-base ../../build/opencv_example build --build-base /home/mtrn/4231/liam_stuff/4231project/build/opencv_example/build install --record /home/mtrn/4231/liam_stuff/4231project/build/opencv_example/install.log --single-version-externally-managed
[1.914s] Level 1:colcon.colcon_core.environment:checking '/home/mtrn/4231/liam_stuff/4231project/install/opencv_example' for CMake config files
[1.916s] Level 1:colcon.colcon_core.environment:checking '/home/mtrn/4231/liam_stuff/4231project/install/opencv_example/lib'
[1.916s] Level 1:colcon.colcon_core.environment:checking '/home/mtrn/4231/liam_stuff/4231project/install/opencv_example/bin'
[1.917s] Level 1:colcon.colcon_core.environment:checking '/home/mtrn/4231/liam_stuff/4231project/install/opencv_example/lib/pkgconfig/opencv_example.pc'
[1.918s] Level 1:colcon.colcon_core.environment:checking '/home/mtrn/4231/liam_stuff/4231project/install/opencv_example/lib/python3.10/site-packages'
[1.918s] Level 1:colcon.colcon_core.shell:create_environment_hook('opencv_example', 'pythonpath')
[1.923s] INFO:colcon.colcon_core.shell:Creating environment hook '/home/mtrn/4231/liam_stuff/4231project/install/opencv_example/share/opencv_example/hook/pythonpath.ps1'
[1.924s] INFO:colcon.colcon_core.shell:Creating environment descriptor '/home/mtrn/4231/liam_stuff/4231project/install/opencv_example/share/opencv_example/hook/pythonpath.dsv'
[1.924s] INFO:colcon.colcon_core.shell:Creating environment hook '/home/mtrn/4231/liam_stuff/4231project/install/opencv_example/share/opencv_example/hook/pythonpath.sh'
[1.925s] Level 1:colcon.colcon_core.environment:checking '/home/mtrn/4231/liam_stuff/4231project/install/opencv_example/bin'
[1.926s] Level 1:colcon.colcon_core.environment:create_environment_scripts_only(opencv_example)
[1.929s] INFO:colcon.colcon_core.shell:Creating package script '/home/mtrn/4231/liam_stuff/4231project/install/opencv_example/share/opencv_example/package.ps1'
[1.930s] INFO:colcon.colcon_core.shell:Creating package descriptor '/home/mtrn/4231/liam_stuff/4231project/install/opencv_example/share/opencv_example/package.dsv'
[1.930s] INFO:colcon.colcon_core.shell:Creating package script '/home/mtrn/4231/liam_stuff/4231project/install/opencv_example/share/opencv_example/package.sh'
[1.931s] INFO:colcon.colcon_core.shell:Creating package script '/home/mtrn/4231/liam_stuff/4231project/install/opencv_example/share/opencv_example/package.bash'
[1.931s] INFO:colcon.colcon_core.shell:Creating package script '/home/mtrn/4231/liam_stuff/4231project/install/opencv_example/share/opencv_example/package.zsh'
[1.932s] Level 1:colcon.colcon_core.environment:create_file_with_runtime_dependencies(/home/mtrn/4231/liam_stuff/4231project/install/opencv_example/share/colcon-core/packages/opencv_example)
[2.143s] Level 1:colcon.colcon_core.environment:create_environment_scripts_only(v4l2_camera)
[2.146s] Level 1:colcon.colcon_core.environment:checking '/home/mtrn/4231/liam_stuff/4231project/install/v4l2_camera' for CMake module files
[2.147s] Level 1:colcon.colcon_core.environment:checking '/home/mtrn/4231/liam_stuff/4231project/install/v4l2_camera' for CMake config files
[2.148s] Level 1:colcon.colcon_core.shell:create_environment_hook('v4l2_camera', 'cmake_prefix_path')
[2.150s] INFO:colcon.colcon_core.shell:Creating environment hook '/home/mtrn/4231/liam_stuff/4231project/install/v4l2_camera/share/v4l2_camera/hook/cmake_prefix_path.ps1'
[2.150s] INFO:colcon.colcon_core.shell:Creating environment descriptor '/home/mtrn/4231/liam_stuff/4231project/install/v4l2_camera/share/v4l2_camera/hook/cmake_prefix_path.dsv'
[2.151s] INFO:colcon.colcon_core.shell:Creating environment hook '/home/mtrn/4231/liam_stuff/4231project/install/v4l2_camera/share/v4l2_camera/hook/cmake_prefix_path.sh'
[2.152s] Level 1:colcon.colcon_core.environment:checking '/home/mtrn/4231/liam_stuff/4231project/install/v4l2_camera/lib'
[2.152s] Level 1:colcon.colcon_core.shell:create_environment_hook('v4l2_camera', 'ld_library_path_lib')
[2.154s] INFO:colcon.colcon_core.shell:Creating environment hook '/home/mtrn/4231/liam_stuff/4231project/install/v4l2_camera/share/v4l2_camera/hook/ld_library_path_lib.ps1'
[2.154s] INFO:colcon.colcon_core.shell:Creating environment descriptor '/home/mtrn/4231/liam_stuff/4231project/install/v4l2_camera/share/v4l2_camera/hook/ld_library_path_lib.dsv'
[2.154s] INFO:colcon.colcon_core.shell:Creating environment hook '/home/mtrn/4231/liam_stuff/4231project/install/v4l2_camera/share/v4l2_camera/hook/ld_library_path_lib.sh'
[2.155s] Level 1:colcon.colcon_core.environment:checking '/home/mtrn/4231/liam_stuff/4231project/install/v4l2_camera/bin'
[2.155s] Level 1:colcon.colcon_core.environment:checking '/home/mtrn/4231/liam_stuff/4231project/install/v4l2_camera/lib/pkgconfig/v4l2_camera.pc'
[2.155s] Level 1:colcon.colcon_core.environment:checking '/home/mtrn/4231/liam_stuff/4231project/install/v4l2_camera/lib/python3.10/site-packages'
[2.155s] Level 1:colcon.colcon_core.environment:checking '/home/mtrn/4231/liam_stuff/4231project/install/v4l2_camera/bin'
[2.157s] INFO:colcon.colcon_core.shell:Creating package script '/home/mtrn/4231/liam_stuff/4231project/install/v4l2_camera/share/v4l2_camera/package.ps1'
[2.158s] INFO:colcon.colcon_core.shell:Creating package descriptor '/home/mtrn/4231/liam_stuff/4231project/install/v4l2_camera/share/v4l2_camera/package.dsv'
[2.159s] INFO:colcon.colcon_core.shell:Creating package script '/home/mtrn/4231/liam_stuff/4231project/install/v4l2_camera/share/v4l2_camera/package.sh'
[2.159s] INFO:colcon.colcon_core.shell:Creating package script '/home/mtrn/4231/liam_stuff/4231project/install/v4l2_camera/share/v4l2_camera/package.bash'
[2.159s] INFO:colcon.colcon_core.shell:Creating package script '/home/mtrn/4231/liam_stuff/4231project/install/v4l2_camera/share/v4l2_camera/package.zsh'
[2.160s] Level 1:colcon.colcon_core.environment:create_file_with_runtime_dependencies(/home/mtrn/4231/liam_stuff/4231project/install/v4l2_camera/share/colcon-core/packages/v4l2_camera)
[2.520s] Level 1:colcon.colcon_core.environment:create_environment_scripts_only(messages)
[2.525s] Level 1:colcon.colcon_core.environment:checking '/home/mtrn/4231/liam_stuff/4231project/install/messages' for CMake module files
[2.530s] Level 1:colcon.colcon_core.environment:checking '/home/mtrn/4231/liam_stuff/4231project/install/messages' for CMake config files
[2.531s] Level 1:colcon.colcon_core.shell:create_environment_hook('messages', 'cmake_prefix_path')
[2.534s] INFO:colcon.colcon_core.shell:Creating environment hook '/home/mtrn/4231/liam_stuff/4231project/install/messages/share/messages/hook/cmake_prefix_path.ps1'
[2.535s] INFO:colcon.colcon_core.shell:Creating environment descriptor '/home/mtrn/4231/liam_stuff/4231project/install/messages/share/messages/hook/cmake_prefix_path.dsv'
[2.535s] INFO:colcon.colcon_core.shell:Creating environment hook '/home/mtrn/4231/liam_stuff/4231project/install/messages/share/messages/hook/cmake_prefix_path.sh'
[2.537s] Level 1:colcon.colcon_core.environment:checking '/home/mtrn/4231/liam_stuff/4231project/install/messages/lib'
[2.537s] Level 1:colcon.colcon_core.shell:create_environment_hook('messages', 'ld_library_path_lib')
[2.539s] INFO:colcon.colcon_core.shell:Creating environment hook '/home/mtrn/4231/liam_stuff/4231project/install/messages/share/messages/hook/ld_library_path_lib.ps1'
[2.540s] INFO:colcon.colcon_core.shell:Creating environment descriptor '/home/mtrn/4231/liam_stuff/4231project/install/messages/share/messages/hook/ld_library_path_lib.dsv'
[2.540s] INFO:colcon.colcon_core.shell:Creating environment hook '/home/mtrn/4231/liam_stuff/4231project/install/messages/share/messages/hook/ld_library_path_lib.sh'
[2.541s] Level 1:colcon.colcon_core.environment:checking '/home/mtrn/4231/liam_stuff/4231project/install/messages/bin'
[2.541s] Level 1:colcon.colcon_core.environment:checking '/home/mtrn/4231/liam_stuff/4231project/install/messages/lib/pkgconfig/messages.pc'
[2.542s] Level 1:colcon.colcon_core.environment:checking '/home/mtrn/4231/liam_stuff/4231project/install/messages/lib/python3.10/site-packages'
[2.542s] Level 1:colcon.colcon_core.environment:checking '/home/mtrn/4231/liam_stuff/4231project/install/messages/bin'
[2.544s] INFO:colcon.colcon_core.shell:Creating package script '/home/mtrn/4231/liam_stuff/4231project/install/messages/share/messages/package.ps1'
[2.545s] INFO:colcon.colcon_core.shell:Creating package descriptor '/home/mtrn/4231/liam_stuff/4231project/install/messages/share/messages/package.dsv'
[2.546s] INFO:colcon.colcon_core.shell:Creating package script '/home/mtrn/4231/liam_stuff/4231project/install/messages/share/messages/package.sh'
[2.547s] INFO:colcon.colcon_core.shell:Creating package script '/home/mtrn/4231/liam_stuff/4231project/install/messages/share/messages/package.bash'
[2.547s] INFO:colcon.colcon_core.shell:Creating package script '/home/mtrn/4231/liam_stuff/4231project/install/messages/share/messages/package.zsh'
[2.548s] Level 1:colcon.colcon_core.environment:create_file_with_runtime_dependencies(/home/mtrn/4231/liam_stuff/4231project/install/messages/share/colcon-core/packages/messages)
[2.548s] DEBUG:colcon.colcon_parallel_executor.executor.parallel:closing loop
[2.549s] DEBUG:colcon.colcon_parallel_executor.executor.parallel:loop closed
[2.549s] DEBUG:colcon.colcon_parallel_executor.executor.parallel:run_until_complete finished with '0'
[2.550s] DEBUG:colcon.colcon_core.event_reactor:joining thread
[2.566s] INFO:colcon.colcon_core.plugin_system:Skipping extension 'colcon_notification.desktop_notification.terminal_notifier': Not used on non-Darwin systems
[2.566s] INFO:colcon.colcon_core.plugin_system:Skipping extension 'colcon_notification.desktop_notification.win32': Not used on non-Windows systems
[2.566s] INFO:colcon.colcon_notification.desktop_notification:Sending desktop notification using 'notify2'
[2.590s] DEBUG:colcon.colcon_core.event_reactor:joined thread
[2.594s] INFO:colcon.colcon_core.shell:Creating prefix script '/home/mtrn/4231/liam_stuff/4231project/install/local_setup.ps1'
[2.597s] INFO:colcon.colcon_core.shell:Creating prefix util module '/home/mtrn/4231/liam_stuff/4231project/install/_local_setup_util_ps1.py'
[2.600s] INFO:colcon.colcon_core.shell:Creating prefix chain script '/home/mtrn/4231/liam_stuff/4231project/install/setup.ps1'
[2.609s] INFO:colcon.colcon_core.shell:Creating prefix script '/home/mtrn/4231/liam_stuff/4231project/install/local_setup.sh'
[2.610s] INFO:colcon.colcon_core.shell:Creating prefix util module '/home/mtrn/4231/liam_stuff/4231project/install/_local_setup_util_sh.py'
[2.611s] INFO:colcon.colcon_core.shell:Creating prefix chain script '/home/mtrn/4231/liam_stuff/4231project/install/setup.sh'
[2.617s] INFO:colcon.colcon_core.shell:Creating prefix script '/home/mtrn/4231/liam_stuff/4231project/install/local_setup.bash'
[2.618s] INFO:colcon.colcon_core.shell:Creating prefix chain script '/home/mtrn/4231/liam_stuff/4231project/install/setup.bash'
[2.622s] INFO:colcon.colcon_core.shell:Creating prefix script '/home/mtrn/4231/liam_stuff/4231project/install/local_setup.zsh'
[2.623s] INFO:colcon.colcon_core.shell:Creating prefix chain script '/home/mtrn/4231/liam_stuff/4231project/install/setup.zsh'
