[0.413s] DEBUG:colcon:Command line arguments: ['/usr/bin/colcon', 'build']
[0.413s] DEBUG:colcon:Parsed command line arguments: Namespace(log_base=None, log_level=None, verb_name='build', build_base='build', install_base='install', merge_install=False, symlink_install=False, test_result_base=None, continue_on_error=False, executor='parallel', parallel_workers=4, event_handlers=None, ignore_user_meta=False, metas=['./colcon.meta'], base_paths=['.'], packages_ignore=None, packages_ignore_regex=None, paths=None, packages_up_to=None, packages_up_to_regex=None, packages_above=None, packages_above_and_dependencies=None, packages_above_depth=None, packages_select_by_dep=None, packages_skip_by_dep=None, packages_skip_up_to=None, packages_select_build_failed=False, packages_skip_build_finished=False, packages_select_test_failures=False, packages_skip_test_passed=False, packages_select=None, packages_skip=None, packages_select_regex=None, packages_skip_regex=None, packages_start=None, packages_end=None, allow_overriding=[], cmake_args=None, cmake_target=None, cmake_target_skip_unavailable=False, cmake_clean_cache=False, cmake_clean_first=False, cmake_force_configure=False, ament_cmake_args=None, catkin_cmake_args=None, catkin_skip_building_tests=False, mixin_files=None, mixin=None, verb_parser=<colcon_mixin.mixin.mixin_argument.MixinArgumentDecorator object at 0x7fcc21e251b0>, verb_extension=<colcon_core.verb.build.BuildVerb object at 0x7fcc227db190>, main=<bound method BuildVerb.main of <colcon_core.verb.build.BuildVerb object at 0x7fcc227db190>>, mixin_verb=('build',))
[0.439s] Level 1:colcon.colcon_core.package_discovery:discover_packages(colcon_meta) check parameters
[0.439s] Level 1:colcon.colcon_core.package_discovery:discover_packages(recursive) check parameters
[0.439s] Level 1:colcon.colcon_core.package_discovery:discover_packages(ignore) check parameters
[0.439s] Level 1:colcon.colcon_core.package_discovery:discover_packages(path) check parameters
[0.439s] Level 1:colcon.colcon_core.package_discovery:discover_packages(colcon_meta) discover
[0.439s] Level 1:colcon.colcon_core.package_discovery:discover_packages(recursive) discover
[0.439s] INFO:colcon.colcon_core.package_discovery:Crawling recursively for packages in '/home/mtrn/4231/project_workspace'
[0.440s] Level 1:colcon.colcon_core.package_identification:_identify(.) by extensions ['ignore', 'ignore_ament_install']
[0.440s] Level 1:colcon.colcon_core.package_identification:_identify(.) by extension 'ignore'
[0.440s] Level 1:colcon.colcon_core.package_identification:_identify(.) by extension 'ignore_ament_install'
[0.440s] Level 1:colcon.colcon_core.package_identification:_identify(.) by extensions ['colcon_pkg']
[0.440s] Level 1:colcon.colcon_core.package_identification:_identify(.) by extension 'colcon_pkg'
[0.440s] Level 1:colcon.colcon_core.package_identification:_identify(.) by extensions ['colcon_meta']
[0.440s] Level 1:colcon.colcon_core.package_identification:_identify(.) by extension 'colcon_meta'
[0.440s] Level 1:colcon.colcon_core.package_identification:_identify(.) by extensions ['ros']
[0.440s] Level 1:colcon.colcon_core.package_identification:_identify(.) by extension 'ros'
[0.450s] Level 1:colcon.colcon_core.package_identification:_identify(.) by extensions ['cmake', 'python']
[0.450s] Level 1:colcon.colcon_core.package_identification:_identify(.) by extension 'cmake'
[0.450s] Level 1:colcon.colcon_core.package_identification:_identify(.) by extension 'python'
[0.450s] Level 1:colcon.colcon_core.package_identification:_identify(.) by extensions ['python_setup_py']
[0.450s] Level 1:colcon.colcon_core.package_identification:_identify(.) by extension 'python_setup_py'
[0.450s] Level 1:colcon.colcon_core.package_identification:_identify(build) by extensions ['ignore', 'ignore_ament_install']
[0.450s] Level 1:colcon.colcon_core.package_identification:_identify(build) by extension 'ignore'
[0.450s] Level 1:colcon.colcon_core.package_identification:_identify(build) ignored
[0.451s] Level 1:colcon.colcon_core.package_identification:_identify(install) by extensions ['ignore', 'ignore_ament_install']
[0.451s] Level 1:colcon.colcon_core.package_identification:_identify(install) by extension 'ignore'
[0.451s] Level 1:colcon.colcon_core.package_identification:_identify(install) ignored
[0.451s] Level 1:colcon.colcon_core.package_identification:_identify(log) by extensions ['ignore', 'ignore_ament_install']
[0.451s] Level 1:colcon.colcon_core.package_identification:_identify(log) by extension 'ignore'
[0.451s] Level 1:colcon.colcon_core.package_identification:_identify(log) ignored
[0.451s] Level 1:colcon.colcon_core.package_identification:_identify(src) by extensions ['ignore', 'ignore_ament_install']
[0.451s] Level 1:colcon.colcon_core.package_identification:_identify(src) by extension 'ignore'
[0.451s] Level 1:colcon.colcon_core.package_identification:_identify(src) by extension 'ignore_ament_install'
[0.451s] Level 1:colcon.colcon_core.package_identification:_identify(src) by extensions ['colcon_pkg']
[0.451s] Level 1:colcon.colcon_core.package_identification:_identify(src) by extension 'colcon_pkg'
[0.451s] Level 1:colcon.colcon_core.package_identification:_identify(src) by extensions ['colcon_meta']
[0.451s] Level 1:colcon.colcon_core.package_identification:_identify(src) by extension 'colcon_meta'
[0.451s] Level 1:colcon.colcon_core.package_identification:_identify(src) by extensions ['ros']
[0.451s] Level 1:colcon.colcon_core.package_identification:_identify(src) by extension 'ros'
[0.451s] Level 1:colcon.colcon_core.package_identification:_identify(src) by extensions ['cmake', 'python']
[0.451s] Level 1:colcon.colcon_core.package_identification:_identify(src) by extension 'cmake'
[0.451s] Level 1:colcon.colcon_core.package_identification:_identify(src) by extension 'python'
[0.452s] Level 1:colcon.colcon_core.package_identification:_identify(src) by extensions ['python_setup_py']
[0.452s] Level 1:colcon.colcon_core.package_identification:_identify(src) by extension 'python_setup_py'
[0.452s] Level 1:colcon.colcon_core.package_identification:_identify(src/messages) by extensions ['ignore', 'ignore_ament_install']
[0.452s] Level 1:colcon.colcon_core.package_identification:_identify(src/messages) by extension 'ignore'
[0.452s] Level 1:colcon.colcon_core.package_identification:_identify(src/messages) by extension 'ignore_ament_install'
[0.452s] Level 1:colcon.colcon_core.package_identification:_identify(src/messages) by extensions ['colcon_pkg']
[0.452s] Level 1:colcon.colcon_core.package_identification:_identify(src/messages) by extension 'colcon_pkg'
[0.452s] Level 1:colcon.colcon_core.package_identification:_identify(src/messages) by extensions ['colcon_meta']
[0.452s] Level 1:colcon.colcon_core.package_identification:_identify(src/messages) by extension 'colcon_meta'
[0.452s] Level 1:colcon.colcon_core.package_identification:_identify(src/messages) by extensions ['ros']
[0.452s] Level 1:colcon.colcon_core.package_identification:_identify(src/messages) by extension 'ros'
[0.455s] DEBUG:colcon.colcon_core.package_identification:Package 'src/messages' with type 'ros.ament_cmake' and name 'messages'
[0.455s] Level 1:colcon.colcon_core.package_identification:_identify(src/my_package) by extensions ['ignore', 'ignore_ament_install']
[0.455s] Level 1:colcon.colcon_core.package_identification:_identify(src/my_package) by extension 'ignore'
[0.455s] Level 1:colcon.colcon_core.package_identification:_identify(src/my_package) by extension 'ignore_ament_install'
[0.455s] Level 1:colcon.colcon_core.package_identification:_identify(src/my_package) by extensions ['colcon_pkg']
[0.455s] Level 1:colcon.colcon_core.package_identification:_identify(src/my_package) by extension 'colcon_pkg'
[0.455s] Level 1:colcon.colcon_core.package_identification:_identify(src/my_package) by extensions ['colcon_meta']
[0.455s] Level 1:colcon.colcon_core.package_identification:_identify(src/my_package) by extension 'colcon_meta'
[0.455s] Level 1:colcon.colcon_core.package_identification:_identify(src/my_package) by extensions ['ros']
[0.455s] Level 1:colcon.colcon_core.package_identification:_identify(src/my_package) by extension 'ros'
[0.456s] DEBUG:colcon.colcon_core.package_identification:Package 'src/my_package' with type 'ros.ament_python' and name 'my_package'
[0.456s] Level 1:colcon.colcon_core.package_identification:_identify(src/opencv_example) by extensions ['ignore', 'ignore_ament_install']
[0.456s] Level 1:colcon.colcon_core.package_identification:_identify(src/opencv_example) by extension 'ignore'
[0.456s] Level 1:colcon.colcon_core.package_identification:_identify(src/opencv_example) by extension 'ignore_ament_install'
[0.456s] Level 1:colcon.colcon_core.package_identification:_identify(src/opencv_example) by extensions ['colcon_pkg']
[0.456s] Level 1:colcon.colcon_core.package_identification:_identify(src/opencv_example) by extension 'colcon_pkg'
[0.456s] Level 1:colcon.colcon_core.package_identification:_identify(src/opencv_example) by extensions ['colcon_meta']
[0.456s] Level 1:colcon.colcon_core.package_identification:_identify(src/opencv_example) by extension 'colcon_meta'
[0.456s] Level 1:colcon.colcon_core.package_identification:_identify(src/opencv_example) by extensions ['ros']
[0.456s] Level 1:colcon.colcon_core.package_identification:_identify(src/opencv_example) by extension 'ros'
[0.457s] DEBUG:colcon.colcon_core.package_identification:Package 'src/opencv_example' with type 'ros.ament_python' and name 'opencv_example'
[0.457s] Level 1:colcon.colcon_core.package_identification:_identify(src/ros2_v4l2_camera-rolling) by extensions ['ignore', 'ignore_ament_install']
[0.457s] Level 1:colcon.colcon_core.package_identification:_identify(src/ros2_v4l2_camera-rolling) by extension 'ignore'
[0.457s] Level 1:colcon.colcon_core.package_identification:_identify(src/ros2_v4l2_camera-rolling) by extension 'ignore_ament_install'
[0.457s] Level 1:colcon.colcon_core.package_identification:_identify(src/ros2_v4l2_camera-rolling) by extensions ['colcon_pkg']
[0.457s] Level 1:colcon.colcon_core.package_identification:_identify(src/ros2_v4l2_camera-rolling) by extension 'colcon_pkg'
[0.457s] Level 1:colcon.colcon_core.package_identification:_identify(src/ros2_v4l2_camera-rolling) by extensions ['colcon_meta']
[0.457s] Level 1:colcon.colcon_core.package_identification:_identify(src/ros2_v4l2_camera-rolling) by extension 'colcon_meta'
[0.457s] Level 1:colcon.colcon_core.package_identification:_identify(src/ros2_v4l2_camera-rolling) by extensions ['ros']
[0.457s] Level 1:colcon.colcon_core.package_identification:_identify(src/ros2_v4l2_camera-rolling) by extension 'ros'
[0.458s] DEBUG:colcon.colcon_core.package_identification:Package 'src/ros2_v4l2_camera-rolling' with type 'ros.ament_cmake' and name 'v4l2_camera'
[0.458s] Level 1:colcon.colcon_core.package_discovery:discover_packages(recursive) using defaults
[0.458s] Level 1:colcon.colcon_core.package_discovery:discover_packages(ignore) discover
[0.458s] Level 1:colcon.colcon_core.package_discovery:discover_packages(ignore) using defaults
[0.458s] Level 1:colcon.colcon_core.package_discovery:discover_packages(path) discover
[0.458s] Level 1:colcon.colcon_core.package_discovery:discover_packages(path) using defaults
[0.488s] Level 1:colcon.colcon_core.package_discovery:discover_packages(prefix_path) check parameters
[0.488s] Level 1:colcon.colcon_core.package_discovery:discover_packages(prefix_path) discover
[0.493s] DEBUG:colcon.colcon_installed_package_information.package_discovery:Found 5 installed packages in /home/mtrn/4231/project_workspace/install
[0.495s] DEBUG:colcon.colcon_installed_package_information.package_discovery:Found 7 installed packages in /home/mtrn/4231/ros_ur_driver/install
[0.497s] DEBUG:colcon.colcon_installed_package_information.package_discovery:Found 55 installed packages in /home/mtrn/4231/ws_moveit2/install
[0.500s] DEBUG:colcon.colcon_installed_package_information.package_discovery:Found 341 installed packages in /opt/ros/humble
[0.502s] Level 1:colcon.colcon_core.package_discovery:discover_packages(prefix_path) using defaults
[0.578s] Level 5:colcon.colcon_core.verb:set package 'messages' build argument 'cmake_args' from command line to 'None'
[0.578s] Level 5:colcon.colcon_core.verb:set package 'messages' build argument 'cmake_target' from command line to 'None'
[0.578s] Level 5:colcon.colcon_core.verb:set package 'messages' build argument 'cmake_target_skip_unavailable' from command line to 'False'
[0.578s] Level 5:colcon.colcon_core.verb:set package 'messages' build argument 'cmake_clean_cache' from command line to 'False'
[0.578s] Level 5:colcon.colcon_core.verb:set package 'messages' build argument 'cmake_clean_first' from command line to 'False'
[0.578s] Level 5:colcon.colcon_core.verb:set package 'messages' build argument 'cmake_force_configure' from command line to 'False'
[0.578s] Level 5:colcon.colcon_core.verb:set package 'messages' build argument 'ament_cmake_args' from command line to 'None'
[0.578s] Level 5:colcon.colcon_core.verb:set package 'messages' build argument 'catkin_cmake_args' from command line to 'None'
[0.578s] Level 5:colcon.colcon_core.verb:set package 'messages' build argument 'catkin_skip_building_tests' from command line to 'False'
[0.578s] DEBUG:colcon.colcon_core.verb:Building package 'messages' with the following arguments: {'ament_cmake_args': None, 'build_base': '/home/mtrn/4231/project_workspace/build/messages', 'catkin_cmake_args': None, 'catkin_skip_building_tests': False, 'cmake_args': None, 'cmake_clean_cache': False, 'cmake_clean_first': False, 'cmake_force_configure': False, 'cmake_target': None, 'cmake_target_skip_unavailable': False, 'install_base': '/home/mtrn/4231/project_workspace/install/messages', 'merge_install': False, 'path': '/home/mtrn/4231/project_workspace/src/messages', 'symlink_install': False, 'test_result_base': None}
[0.580s] Level 5:colcon.colcon_core.verb:set package 'my_package' build argument 'cmake_args' from command line to 'None'
[0.580s] Level 5:colcon.colcon_core.verb:set package 'my_package' build argument 'cmake_target' from command line to 'None'
[0.580s] Level 5:colcon.colcon_core.verb:set package 'my_package' build argument 'cmake_target_skip_unavailable' from command line to 'False'
[0.580s] Level 5:colcon.colcon_core.verb:set package 'my_package' build argument 'cmake_clean_cache' from command line to 'False'
[0.580s] Level 5:colcon.colcon_core.verb:set package 'my_package' build argument 'cmake_clean_first' from command line to 'False'
[0.580s] Level 5:colcon.colcon_core.verb:set package 'my_package' build argument 'cmake_force_configure' from command line to 'False'
[0.580s] Level 5:colcon.colcon_core.verb:set package 'my_package' build argument 'ament_cmake_args' from command line to 'None'
[0.580s] Level 5:colcon.colcon_core.verb:set package 'my_package' build argument 'catkin_cmake_args' from command line to 'None'
[0.580s] Level 5:colcon.colcon_core.verb:set package 'my_package' build argument 'catkin_skip_building_tests' from command line to 'False'
[0.580s] DEBUG:colcon.colcon_core.verb:Building package 'my_package' with the following arguments: {'ament_cmake_args': None, 'build_base': '/home/mtrn/4231/project_workspace/build/my_package', 'catkin_cmake_args': None, 'catkin_skip_building_tests': False, 'cmake_args': None, 'cmake_clean_cache': False, 'cmake_clean_first': False, 'cmake_force_configure': False, 'cmake_target': None, 'cmake_target_skip_unavailable': False, 'install_base': '/home/mtrn/4231/project_workspace/install/my_package', 'merge_install': False, 'path': '/home/mtrn/4231/project_workspace/src/my_package', 'symlink_install': False, 'test_result_base': None}
[0.581s] Level 5:colcon.colcon_core.verb:set package 'opencv_example' build argument 'cmake_args' from command line to 'None'
[0.581s] Level 5:colcon.colcon_core.verb:set package 'opencv_example' build argument 'cmake_target' from command line to 'None'
[0.581s] Level 5:colcon.colcon_core.verb:set package 'opencv_example' build argument 'cmake_target_skip_unavailable' from command line to 'False'
[0.581s] Level 5:colcon.colcon_core.verb:set package 'opencv_example' build argument 'cmake_clean_cache' from command line to 'False'
[0.581s] Level 5:colcon.colcon_core.verb:set package 'opencv_example' build argument 'cmake_clean_first' from command line to 'False'
[0.581s] Level 5:colcon.colcon_core.verb:set package 'opencv_example' build argument 'cmake_force_configure' from command line to 'False'
[0.581s] Level 5:colcon.colcon_core.verb:set package 'opencv_example' build argument 'ament_cmake_args' from command line to 'None'
[0.581s] Level 5:colcon.colcon_core.verb:set package 'opencv_example' build argument 'catkin_cmake_args' from command line to 'None'
[0.581s] Level 5:colcon.colcon_core.verb:set package 'opencv_example' build argument 'catkin_skip_building_tests' from command line to 'False'
[0.581s] DEBUG:colcon.colcon_core.verb:Building package 'opencv_example' with the following arguments: {'ament_cmake_args': None, 'build_base': '/home/mtrn/4231/project_workspace/build/opencv_example', 'catkin_cmake_args': None, 'catkin_skip_building_tests': False, 'cmake_args': None, 'cmake_clean_cache': False, 'cmake_clean_first': False, 'cmake_force_configure': False, 'cmake_target': None, 'cmake_target_skip_unavailable': False, 'install_base': '/home/mtrn/4231/project_workspace/install/opencv_example', 'merge_install': False, 'path': '/home/mtrn/4231/project_workspace/src/opencv_example', 'symlink_install': False, 'test_result_base': None}
[0.583s] Level 5:colcon.colcon_core.verb:set package 'v4l2_camera' build argument 'cmake_args' from command line to 'None'
[0.583s] Level 5:colcon.colcon_core.verb:set package 'v4l2_camera' build argument 'cmake_target' from command line to 'None'
[0.583s] Level 5:colcon.colcon_core.verb:set package 'v4l2_camera' build argument 'cmake_target_skip_unavailable' from command line to 'False'
[0.583s] Level 5:colcon.colcon_core.verb:set package 'v4l2_camera' build argument 'cmake_clean_cache' from command line to 'False'
[0.583s] Level 5:colcon.colcon_core.verb:set package 'v4l2_camera' build argument 'cmake_clean_first' from command line to 'False'
[0.583s] Level 5:colcon.colcon_core.verb:set package 'v4l2_camera' build argument 'cmake_force_configure' from command line to 'False'
[0.583s] Level 5:colcon.colcon_core.verb:set package 'v4l2_camera' build argument 'ament_cmake_args' from command line to 'None'
[0.583s] Level 5:colcon.colcon_core.verb:set package 'v4l2_camera' build argument 'catkin_cmake_args' from command line to 'None'
[0.583s] Level 5:colcon.colcon_core.verb:set package 'v4l2_camera' build argument 'catkin_skip_building_tests' from command line to 'False'
[0.583s] DEBUG:colcon.colcon_core.verb:Building package 'v4l2_camera' with the following arguments: {'ament_cmake_args': None, 'build_base': '/home/mtrn/4231/project_workspace/build/v4l2_camera', 'catkin_cmake_args': None, 'catkin_skip_building_tests': False, 'cmake_args': None, 'cmake_clean_cache': False, 'cmake_clean_first': False, 'cmake_force_configure': False, 'cmake_target': None, 'cmake_target_skip_unavailable': False, 'install_base': '/home/mtrn/4231/project_workspace/install/v4l2_camera', 'merge_install': False, 'path': '/home/mtrn/4231/project_workspace/src/ros2_v4l2_camera-rolling', 'symlink_install': False, 'test_result_base': None}
[0.584s] INFO:colcon.colcon_core.executor:Executing jobs using 'parallel' executor
[0.592s] DEBUG:colcon.colcon_parallel_executor.executor.parallel:run_until_complete
[0.592s] INFO:colcon.colcon_ros.task.ament_cmake.build:Building ROS package in '/home/mtrn/4231/project_workspace/src/messages' with build type 'ament_cmake'
[0.593s] INFO:colcon.colcon_cmake.task.cmake.build:Building CMake package in '/home/mtrn/4231/project_workspace/src/messages'
[0.600s] INFO:colcon.colcon_core.plugin_system:Skipping extension 'colcon_core.shell.bat': Not used on non-Windows systems
[0.601s] INFO:colcon.colcon_core.shell:Skip shell extension 'powershell' for command environment: Not usable outside of PowerShell
[0.601s] DEBUG:colcon.colcon_core.shell:Skip shell extension 'dsv' for command environment
[0.637s] INFO:colcon.colcon_ros.task.ament_python.build:Building ROS package in '/home/mtrn/4231/project_workspace/src/my_package' with build type 'ament_python'
[0.637s] Level 1:colcon.colcon_core.shell:create_environment_hook('my_package', 'ament_prefix_path')
[0.642s] INFO:colcon.colcon_core.shell:Creating environment hook '/home/mtrn/4231/project_workspace/install/my_package/share/my_package/hook/ament_prefix_path.ps1'
[0.672s] INFO:colcon.colcon_core.shell:Creating environment descriptor '/home/mtrn/4231/project_workspace/install/my_package/share/my_package/hook/ament_prefix_path.dsv'
[0.673s] INFO:colcon.colcon_core.shell:Creating environment hook '/home/mtrn/4231/project_workspace/install/my_package/share/my_package/hook/ament_prefix_path.sh'
[0.677s] INFO:colcon.colcon_core.shell:Skip shell extension 'powershell' for command environment: Not usable outside of PowerShell
[0.677s] DEBUG:colcon.colcon_core.shell:Skip shell extension 'dsv' for command environment
[0.723s] INFO:colcon.colcon_ros.task.ament_python.build:Building ROS package in '/home/mtrn/4231/project_workspace/src/opencv_example' with build type 'ament_python'
[0.723s] Level 1:colcon.colcon_core.shell:create_environment_hook('opencv_example', 'ament_prefix_path')
[0.728s] INFO:colcon.colcon_core.shell:Creating environment hook '/home/mtrn/4231/project_workspace/install/opencv_example/share/opencv_example/hook/ament_prefix_path.ps1'
[0.730s] INFO:colcon.colcon_core.shell:Creating environment descriptor '/home/mtrn/4231/project_workspace/install/opencv_example/share/opencv_example/hook/ament_prefix_path.dsv'
[0.731s] INFO:colcon.colcon_core.shell:Creating environment hook '/home/mtrn/4231/project_workspace/install/opencv_example/share/opencv_example/hook/ament_prefix_path.sh'
[0.736s] INFO:colcon.colcon_core.shell:Skip shell extension 'powershell' for command environment: Not usable outside of PowerShell
[0.736s] DEBUG:colcon.colcon_core.shell:Skip shell extension 'dsv' for command environment
[0.794s] INFO:colcon.colcon_ros.task.ament_cmake.build:Building ROS package in '/home/mtrn/4231/project_workspace/src/ros2_v4l2_camera-rolling' with build type 'ament_cmake'
[0.794s] INFO:colcon.colcon_cmake.task.cmake.build:Building CMake package in '/home/mtrn/4231/project_workspace/src/ros2_v4l2_camera-rolling'
[0.798s] INFO:colcon.colcon_core.shell:Skip shell extension 'powershell' for command environment: Not usable outside of PowerShell
[0.799s] DEBUG:colcon.colcon_core.shell:Skip shell extension 'dsv' for command environment
[0.863s] DEBUG:colcon.colcon_core.event_handler.log_command:Invoking command in '/home/mtrn/4231/project_workspace/build/messages': CMAKE_PREFIX_PATH=${CMAKE_PREFIX_PATH}:/home/mtrn/4231/project_workspace/install/opencv_example:/home/mtrn/4231/project_workspace/install/openCV_example:/home/mtrn/4231/project_workspace/install/my_package:/home/mtrn/4231/ws_moveit2/install/moveit_configs_utils:/home/mtrn/4231/ws_moveit2/install/launch_param_builder:/opt/ros/humble /usr/bin/cmake --build /home/mtrn/4231/project_workspace/build/messages -- -j4 -l4
[1.301s] INFO:colcon.colcon_core.task.python.build:Building Python package in '/home/mtrn/4231/project_workspace/src/my_package'
[1.303s] INFO:colcon.colcon_core.shell:Skip shell extension 'powershell' for command environment: Not usable outside of PowerShell
[1.303s] DEBUG:colcon.colcon_core.shell:Skip shell extension 'dsv' for command environment
[1.943s] INFO:colcon.colcon_core.task.python.build:Building Python package in '/home/mtrn/4231/project_workspace/src/opencv_example'
[1.946s] INFO:colcon.colcon_core.shell:Skip shell extension 'powershell' for command environment: Not usable outside of PowerShell
[1.946s] DEBUG:colcon.colcon_core.shell:Skip shell extension 'dsv' for command environment
[2.089s] DEBUG:colcon.colcon_core.event_handler.log_command:Invoking command in '/home/mtrn/4231/project_workspace/build/v4l2_camera': CMAKE_PREFIX_PATH=${CMAKE_PREFIX_PATH}:/home/mtrn/4231/project_workspace/install/opencv_example:/home/mtrn/4231/project_workspace/install/openCV_example:/home/mtrn/4231/project_workspace/install/my_package:/home/mtrn/4231/ws_moveit2/install/moveit_configs_utils:/home/mtrn/4231/ws_moveit2/install/launch_param_builder:/opt/ros/humble /usr/bin/cmake --build /home/mtrn/4231/project_workspace/build/v4l2_camera -- -j4 -l4
[2.177s] DEBUG:colcon.colcon_core.event_handler.log_command:Invoked command in '/home/mtrn/4231/project_workspace/build/messages' returned '0': CMAKE_PREFIX_PATH=${CMAKE_PREFIX_PATH}:/home/mtrn/4231/project_workspace/install/opencv_example:/home/mtrn/4231/project_workspace/install/openCV_example:/home/mtrn/4231/project_workspace/install/my_package:/home/mtrn/4231/ws_moveit2/install/moveit_configs_utils:/home/mtrn/4231/ws_moveit2/install/launch_param_builder:/opt/ros/humble /usr/bin/cmake --build /home/mtrn/4231/project_workspace/build/messages -- -j4 -l4
[2.568s] DEBUG:colcon.colcon_core.event_handler.log_command:Invoking command in '/home/mtrn/4231/project_workspace/src/opencv_example': PYTHONPATH=/home/mtrn/4231/project_workspace/build/opencv_example/prefix_override:/home/mtrn/4231/project_workspace/install/opencv_example/lib/python3.10/site-packages:${PYTHONPATH} /usr/bin/python3 setup.py egg_info --egg-base ../../build/opencv_example build --build-base /home/mtrn/4231/project_workspace/build/opencv_example/build install --record /home/mtrn/4231/project_workspace/build/opencv_example/install.log --single-version-externally-managed
[2.597s] DEBUG:colcon.colcon_core.event_handler.log_command:Invoked command in '/home/mtrn/4231/project_workspace/build/v4l2_camera' returned '0': CMAKE_PREFIX_PATH=${CMAKE_PREFIX_PATH}:/home/mtrn/4231/project_workspace/install/opencv_example:/home/mtrn/4231/project_workspace/install/openCV_example:/home/mtrn/4231/project_workspace/install/my_package:/home/mtrn/4231/ws_moveit2/install/moveit_configs_utils:/home/mtrn/4231/ws_moveit2/install/launch_param_builder:/opt/ros/humble /usr/bin/cmake --build /home/mtrn/4231/project_workspace/build/v4l2_camera -- -j4 -l4
[2.642s] DEBUG:colcon.colcon_core.event_handler.log_command:Invoking command in '/home/mtrn/4231/project_workspace/src/my_package': PYTHONPATH=/home/mtrn/4231/project_workspace/build/my_package/prefix_override:/home/mtrn/4231/project_workspace/install/my_package/lib/python3.10/site-packages:${PYTHONPATH} /usr/bin/python3 setup.py egg_info --egg-base ../../build/my_package build --build-base /home/mtrn/4231/project_workspace/build/my_package/build install --record /home/mtrn/4231/project_workspace/build/my_package/install.log --single-version-externally-managed
[2.729s] DEBUG:colcon.colcon_core.event_handler.log_command:Invoking command in '/home/mtrn/4231/project_workspace/build/messages': CMAKE_PREFIX_PATH=${CMAKE_PREFIX_PATH}:/home/mtrn/4231/project_workspace/install/opencv_example:/home/mtrn/4231/project_workspace/install/openCV_example:/home/mtrn/4231/project_workspace/install/my_package:/home/mtrn/4231/ws_moveit2/install/moveit_configs_utils:/home/mtrn/4231/ws_moveit2/install/launch_param_builder:/opt/ros/humble /usr/bin/cmake --install /home/mtrn/4231/project_workspace/build/messages
[2.845s] Level 1:colcon.colcon_core.environment:create_environment_scripts_only(messages)
[2.849s] DEBUG:colcon.colcon_core.event_handler.log_command:Invoking command in '/home/mtrn/4231/project_workspace/build/v4l2_camera': CMAKE_PREFIX_PATH=${CMAKE_PREFIX_PATH}:/home/mtrn/4231/project_workspace/install/opencv_example:/home/mtrn/4231/project_workspace/install/openCV_example:/home/mtrn/4231/project_workspace/install/my_package:/home/mtrn/4231/ws_moveit2/install/moveit_configs_utils:/home/mtrn/4231/ws_moveit2/install/launch_param_builder:/opt/ros/humble /usr/bin/cmake --install /home/mtrn/4231/project_workspace/build/v4l2_camera
[2.866s] DEBUG:colcon.colcon_core.event_handler.log_command:Invoked command in '/home/mtrn/4231/project_workspace/build/messages' returned '0': CMAKE_PREFIX_PATH=${CMAKE_PREFIX_PATH}:/home/mtrn/4231/project_workspace/install/opencv_example:/home/mtrn/4231/project_workspace/install/openCV_example:/home/mtrn/4231/project_workspace/install/my_package:/home/mtrn/4231/ws_moveit2/install/moveit_configs_utils:/home/mtrn/4231/ws_moveit2/install/launch_param_builder:/opt/ros/humble /usr/bin/cmake --install /home/mtrn/4231/project_workspace/build/messages
[2.891s] Level 1:colcon.colcon_core.environment:checking '/home/mtrn/4231/project_workspace/install/messages' for CMake module files
[2.892s] Level 1:colcon.colcon_core.environment:checking '/home/mtrn/4231/project_workspace/install/messages' for CMake config files
[2.892s] Level 1:colcon.colcon_core.shell:create_environment_hook('messages', 'cmake_prefix_path')
[2.894s] INFO:colcon.colcon_core.shell:Creating environment hook '/home/mtrn/4231/project_workspace/install/messages/share/messages/hook/cmake_prefix_path.ps1'
[2.895s] INFO:colcon.colcon_core.shell:Creating environment descriptor '/home/mtrn/4231/project_workspace/install/messages/share/messages/hook/cmake_prefix_path.dsv'
[2.896s] INFO:colcon.colcon_core.shell:Creating environment hook '/home/mtrn/4231/project_workspace/install/messages/share/messages/hook/cmake_prefix_path.sh'
[2.897s] Level 1:colcon.colcon_core.environment:checking '/home/mtrn/4231/project_workspace/install/messages/lib'
[2.897s] Level 1:colcon.colcon_core.shell:create_environment_hook('messages', 'ld_library_path_lib')
[2.901s] INFO:colcon.colcon_core.shell:Creating environment hook '/home/mtrn/4231/project_workspace/install/messages/share/messages/hook/ld_library_path_lib.ps1'
[2.902s] INFO:colcon.colcon_core.shell:Creating environment descriptor '/home/mtrn/4231/project_workspace/install/messages/share/messages/hook/ld_library_path_lib.dsv'
[2.903s] INFO:colcon.colcon_core.shell:Creating environment hook '/home/mtrn/4231/project_workspace/install/messages/share/messages/hook/ld_library_path_lib.sh'
[2.904s] Level 1:colcon.colcon_core.environment:checking '/home/mtrn/4231/project_workspace/install/messages/bin'
[2.904s] Level 1:colcon.colcon_core.environment:checking '/home/mtrn/4231/project_workspace/install/messages/lib/pkgconfig/messages.pc'
[2.904s] Level 1:colcon.colcon_core.environment:checking '/home/mtrn/4231/project_workspace/install/messages/lib/python3.10/site-packages'
[2.904s] Level 1:colcon.colcon_core.environment:checking '/home/mtrn/4231/project_workspace/install/messages/bin'
[2.907s] INFO:colcon.colcon_core.shell:Creating package script '/home/mtrn/4231/project_workspace/install/messages/share/messages/package.ps1'
[2.908s] INFO:colcon.colcon_core.shell:Creating package descriptor '/home/mtrn/4231/project_workspace/install/messages/share/messages/package.dsv'
[2.909s] INFO:colcon.colcon_core.shell:Creating package script '/home/mtrn/4231/project_workspace/install/messages/share/messages/package.sh'
[2.910s] INFO:colcon.colcon_core.shell:Creating package script '/home/mtrn/4231/project_workspace/install/messages/share/messages/package.bash'
[2.911s] INFO:colcon.colcon_core.shell:Creating package script '/home/mtrn/4231/project_workspace/install/messages/share/messages/package.zsh'
[2.912s] Level 1:colcon.colcon_core.environment:create_file_with_runtime_dependencies(/home/mtrn/4231/project_workspace/install/messages/share/colcon-core/packages/messages)
[2.935s] Level 1:colcon.colcon_core.environment:create_environment_scripts_only(v4l2_camera)
[2.941s] Level 1:colcon.colcon_core.environment:checking '/home/mtrn/4231/project_workspace/install/v4l2_camera' for CMake module files
[2.942s] DEBUG:colcon.colcon_core.event_handler.log_command:Invoked command in '/home/mtrn/4231/project_workspace/build/v4l2_camera' returned '0': CMAKE_PREFIX_PATH=${CMAKE_PREFIX_PATH}:/home/mtrn/4231/project_workspace/install/opencv_example:/home/mtrn/4231/project_workspace/install/openCV_example:/home/mtrn/4231/project_workspace/install/my_package:/home/mtrn/4231/ws_moveit2/install/moveit_configs_utils:/home/mtrn/4231/ws_moveit2/install/launch_param_builder:/opt/ros/humble /usr/bin/cmake --install /home/mtrn/4231/project_workspace/build/v4l2_camera
[2.943s] Level 1:colcon.colcon_core.environment:checking '/home/mtrn/4231/project_workspace/install/v4l2_camera' for CMake config files
[2.944s] Level 1:colcon.colcon_core.shell:create_environment_hook('v4l2_camera', 'cmake_prefix_path')
[3.010s] INFO:colcon.colcon_core.shell:Creating environment hook '/home/mtrn/4231/project_workspace/install/v4l2_camera/share/v4l2_camera/hook/cmake_prefix_path.ps1'
[3.113s] INFO:colcon.colcon_core.shell:Creating environment descriptor '/home/mtrn/4231/project_workspace/install/v4l2_camera/share/v4l2_camera/hook/cmake_prefix_path.dsv'
[3.119s] INFO:colcon.colcon_core.shell:Creating environment hook '/home/mtrn/4231/project_workspace/install/v4l2_camera/share/v4l2_camera/hook/cmake_prefix_path.sh'
[3.121s] Level 1:colcon.colcon_core.environment:checking '/home/mtrn/4231/project_workspace/install/v4l2_camera/lib'
[3.121s] Level 1:colcon.colcon_core.shell:create_environment_hook('v4l2_camera', 'ld_library_path_lib')
[3.135s] INFO:colcon.colcon_core.shell:Creating environment hook '/home/mtrn/4231/project_workspace/install/v4l2_camera/share/v4l2_camera/hook/ld_library_path_lib.ps1'
[3.136s] INFO:colcon.colcon_core.shell:Creating environment descriptor '/home/mtrn/4231/project_workspace/install/v4l2_camera/share/v4l2_camera/hook/ld_library_path_lib.dsv'
[3.137s] INFO:colcon.colcon_core.shell:Creating environment hook '/home/mtrn/4231/project_workspace/install/v4l2_camera/share/v4l2_camera/hook/ld_library_path_lib.sh'
[3.138s] Level 1:colcon.colcon_core.environment:checking '/home/mtrn/4231/project_workspace/install/v4l2_camera/bin'
[3.138s] Level 1:colcon.colcon_core.environment:checking '/home/mtrn/4231/project_workspace/install/v4l2_camera/lib/pkgconfig/v4l2_camera.pc'
[3.138s] Level 1:colcon.colcon_core.environment:checking '/home/mtrn/4231/project_workspace/install/v4l2_camera/lib/python3.10/site-packages'
[3.138s] Level 1:colcon.colcon_core.environment:checking '/home/mtrn/4231/project_workspace/install/v4l2_camera/bin'
[3.142s] INFO:colcon.colcon_core.shell:Creating package script '/home/mtrn/4231/project_workspace/install/v4l2_camera/share/v4l2_camera/package.ps1'
[3.142s] INFO:colcon.colcon_core.shell:Creating package descriptor '/home/mtrn/4231/project_workspace/install/v4l2_camera/share/v4l2_camera/package.dsv'
[3.143s] INFO:colcon.colcon_core.shell:Creating package script '/home/mtrn/4231/project_workspace/install/v4l2_camera/share/v4l2_camera/package.sh'
[3.144s] INFO:colcon.colcon_core.shell:Creating package script '/home/mtrn/4231/project_workspace/install/v4l2_camera/share/v4l2_camera/package.bash'
[3.145s] INFO:colcon.colcon_core.shell:Creating package script '/home/mtrn/4231/project_workspace/install/v4l2_camera/share/v4l2_camera/package.zsh'
[3.145s] Level 1:colcon.colcon_core.environment:create_file_with_runtime_dependencies(/home/mtrn/4231/project_workspace/install/v4l2_camera/share/colcon-core/packages/v4l2_camera)
[3.172s] Level 1:colcon.colcon_core.environment:checking '/home/mtrn/4231/project_workspace/install/opencv_example' for CMake module files
[3.173s] DEBUG:colcon.colcon_core.event_handler.log_command:Invoked command in '/home/mtrn/4231/project_workspace/src/opencv_example' returned '0': PYTHONPATH=/home/mtrn/4231/project_workspace/build/opencv_example/prefix_override:/home/mtrn/4231/project_workspace/install/opencv_example/lib/python3.10/site-packages:${PYTHONPATH} /usr/bin/python3 setup.py egg_info --egg-base ../../build/opencv_example build --build-base /home/mtrn/4231/project_workspace/build/opencv_example/build install --record /home/mtrn/4231/project_workspace/build/opencv_example/install.log --single-version-externally-managed
[3.174s] Level 1:colcon.colcon_core.environment:checking '/home/mtrn/4231/project_workspace/install/opencv_example' for CMake config files
[3.174s] Level 1:colcon.colcon_core.environment:checking '/home/mtrn/4231/project_workspace/install/opencv_example/lib'
[3.175s] Level 1:colcon.colcon_core.environment:checking '/home/mtrn/4231/project_workspace/install/opencv_example/bin'
[3.175s] Level 1:colcon.colcon_core.environment:checking '/home/mtrn/4231/project_workspace/install/opencv_example/lib/pkgconfig/opencv_example.pc'
[3.175s] Level 1:colcon.colcon_core.environment:checking '/home/mtrn/4231/project_workspace/install/opencv_example/lib/python3.10/site-packages'
[3.175s] Level 1:colcon.colcon_core.shell:create_environment_hook('opencv_example', 'pythonpath')
[3.179s] INFO:colcon.colcon_core.shell:Creating environment hook '/home/mtrn/4231/project_workspace/install/opencv_example/share/opencv_example/hook/pythonpath.ps1'
[3.180s] INFO:colcon.colcon_core.shell:Creating environment descriptor '/home/mtrn/4231/project_workspace/install/opencv_example/share/opencv_example/hook/pythonpath.dsv'
[3.181s] INFO:colcon.colcon_core.shell:Creating environment hook '/home/mtrn/4231/project_workspace/install/opencv_example/share/opencv_example/hook/pythonpath.sh'
[3.183s] Level 1:colcon.colcon_core.environment:checking '/home/mtrn/4231/project_workspace/install/opencv_example/bin'
[3.183s] Level 1:colcon.colcon_core.environment:create_environment_scripts_only(opencv_example)
[3.187s] INFO:colcon.colcon_core.shell:Creating package script '/home/mtrn/4231/project_workspace/install/opencv_example/share/opencv_example/package.ps1'
[3.187s] INFO:colcon.colcon_core.shell:Creating package descriptor '/home/mtrn/4231/project_workspace/install/opencv_example/share/opencv_example/package.dsv'
[3.188s] INFO:colcon.colcon_core.shell:Creating package script '/home/mtrn/4231/project_workspace/install/opencv_example/share/opencv_example/package.sh'
[3.189s] INFO:colcon.colcon_core.shell:Creating package script '/home/mtrn/4231/project_workspace/install/opencv_example/share/opencv_example/package.bash'
[3.189s] INFO:colcon.colcon_core.shell:Creating package script '/home/mtrn/4231/project_workspace/install/opencv_example/share/opencv_example/package.zsh'
[3.190s] Level 1:colcon.colcon_core.environment:create_file_with_runtime_dependencies(/home/mtrn/4231/project_workspace/install/opencv_example/share/colcon-core/packages/opencv_example)
[3.195s] Level 1:colcon.colcon_core.environment:checking '/home/mtrn/4231/project_workspace/install/my_package' for CMake module files
[3.195s] Level 1:colcon.colcon_core.environment:checking '/home/mtrn/4231/project_workspace/install/my_package' for CMake config files
[3.196s] Level 1:colcon.colcon_core.environment:checking '/home/mtrn/4231/project_workspace/install/my_package/lib'
[3.196s] Level 1:colcon.colcon_core.environment:checking '/home/mtrn/4231/project_workspace/install/my_package/bin'
[3.196s] Level 1:colcon.colcon_core.environment:checking '/home/mtrn/4231/project_workspace/install/my_package/lib/pkgconfig/my_package.pc'
[3.196s] Level 1:colcon.colcon_core.environment:checking '/home/mtrn/4231/project_workspace/install/my_package/lib/python3.10/site-packages'
[3.196s] Level 1:colcon.colcon_core.shell:create_environment_hook('my_package', 'pythonpath')
[3.213s] INFO:colcon.colcon_core.shell:Creating environment hook '/home/mtrn/4231/project_workspace/install/my_package/share/my_package/hook/pythonpath.ps1'
[3.216s] DEBUG:colcon.colcon_core.event_handler.log_command:Invoked command in '/home/mtrn/4231/project_workspace/src/my_package' returned '0': PYTHONPATH=/home/mtrn/4231/project_workspace/build/my_package/prefix_override:/home/mtrn/4231/project_workspace/install/my_package/lib/python3.10/site-packages:${PYTHONPATH} /usr/bin/python3 setup.py egg_info --egg-base ../../build/my_package build --build-base /home/mtrn/4231/project_workspace/build/my_package/build install --record /home/mtrn/4231/project_workspace/build/my_package/install.log --single-version-externally-managed
[3.216s] INFO:colcon.colcon_core.shell:Creating environment descriptor '/home/mtrn/4231/project_workspace/install/my_package/share/my_package/hook/pythonpath.dsv'
[3.218s] INFO:colcon.colcon_core.shell:Creating environment hook '/home/mtrn/4231/project_workspace/install/my_package/share/my_package/hook/pythonpath.sh'
[3.219s] Level 1:colcon.colcon_core.environment:checking '/home/mtrn/4231/project_workspace/install/my_package/bin'
[3.220s] Level 1:colcon.colcon_core.environment:create_environment_scripts_only(my_package)
[3.225s] INFO:colcon.colcon_core.shell:Creating package script '/home/mtrn/4231/project_workspace/install/my_package/share/my_package/package.ps1'
[3.226s] INFO:colcon.colcon_core.shell:Creating package descriptor '/home/mtrn/4231/project_workspace/install/my_package/share/my_package/package.dsv'
[3.239s] INFO:colcon.colcon_core.shell:Creating package script '/home/mtrn/4231/project_workspace/install/my_package/share/my_package/package.sh'
[3.240s] INFO:colcon.colcon_core.shell:Creating package script '/home/mtrn/4231/project_workspace/install/my_package/share/my_package/package.bash'
[3.240s] INFO:colcon.colcon_core.shell:Creating package script '/home/mtrn/4231/project_workspace/install/my_package/share/my_package/package.zsh'
[3.241s] Level 1:colcon.colcon_core.environment:create_file_with_runtime_dependencies(/home/mtrn/4231/project_workspace/install/my_package/share/colcon-core/packages/my_package)
[3.568s] Level 1:colcon.colcon_core.environment:create_environment_scripts_only(v4l2_camera)
[3.586s] Level 1:colcon.colcon_core.environment:checking '/home/mtrn/4231/project_workspace/install/v4l2_camera' for CMake module files
[3.589s] Level 1:colcon.colcon_core.environment:checking '/home/mtrn/4231/project_workspace/install/v4l2_camera' for CMake config files
[3.589s] Level 1:colcon.colcon_core.shell:create_environment_hook('v4l2_camera', 'cmake_prefix_path')
[3.594s] INFO:colcon.colcon_core.shell:Creating environment hook '/home/mtrn/4231/project_workspace/install/v4l2_camera/share/v4l2_camera/hook/cmake_prefix_path.ps1'
[3.596s] INFO:colcon.colcon_core.shell:Creating environment descriptor '/home/mtrn/4231/project_workspace/install/v4l2_camera/share/v4l2_camera/hook/cmake_prefix_path.dsv'
[3.597s] INFO:colcon.colcon_core.shell:Creating environment hook '/home/mtrn/4231/project_workspace/install/v4l2_camera/share/v4l2_camera/hook/cmake_prefix_path.sh'
[3.599s] Level 1:colcon.colcon_core.environment:checking '/home/mtrn/4231/project_workspace/install/v4l2_camera/lib'
[3.599s] Level 1:colcon.colcon_core.shell:create_environment_hook('v4l2_camera', 'ld_library_path_lib')
[3.603s] INFO:colcon.colcon_core.shell:Creating environment hook '/home/mtrn/4231/project_workspace/install/v4l2_camera/share/v4l2_camera/hook/ld_library_path_lib.ps1'
[3.603s] INFO:colcon.colcon_core.shell:Creating environment descriptor '/home/mtrn/4231/project_workspace/install/v4l2_camera/share/v4l2_camera/hook/ld_library_path_lib.dsv'
[3.604s] INFO:colcon.colcon_core.shell:Creating environment hook '/home/mtrn/4231/project_workspace/install/v4l2_camera/share/v4l2_camera/hook/ld_library_path_lib.sh'
[3.605s] Level 1:colcon.colcon_core.environment:checking '/home/mtrn/4231/project_workspace/install/v4l2_camera/bin'
[3.605s] Level 1:colcon.colcon_core.environment:checking '/home/mtrn/4231/project_workspace/install/v4l2_camera/lib/pkgconfig/v4l2_camera.pc'
[3.606s] Level 1:colcon.colcon_core.environment:checking '/home/mtrn/4231/project_workspace/install/v4l2_camera/lib/python3.10/site-packages'
[3.607s] Level 1:colcon.colcon_core.environment:checking '/home/mtrn/4231/project_workspace/install/v4l2_camera/bin'
[3.610s] INFO:colcon.colcon_core.shell:Creating package script '/home/mtrn/4231/project_workspace/install/v4l2_camera/share/v4l2_camera/package.ps1'
[3.611s] INFO:colcon.colcon_core.shell:Creating package descriptor '/home/mtrn/4231/project_workspace/install/v4l2_camera/share/v4l2_camera/package.dsv'
[3.611s] INFO:colcon.colcon_core.shell:Creating package script '/home/mtrn/4231/project_workspace/install/v4l2_camera/share/v4l2_camera/package.sh'
[3.612s] INFO:colcon.colcon_core.shell:Creating package script '/home/mtrn/4231/project_workspace/install/v4l2_camera/share/v4l2_camera/package.bash'
[3.613s] INFO:colcon.colcon_core.shell:Creating package script '/home/mtrn/4231/project_workspace/install/v4l2_camera/share/v4l2_camera/package.zsh'
[3.622s] Level 1:colcon.colcon_core.environment:create_file_with_runtime_dependencies(/home/mtrn/4231/project_workspace/install/v4l2_camera/share/colcon-core/packages/v4l2_camera)
[3.765s] Level 1:colcon.colcon_core.environment:create_environment_scripts_only(messages)
[3.770s] Level 1:colcon.colcon_core.environment:checking '/home/mtrn/4231/project_workspace/install/messages' for CMake module files
[3.771s] Level 1:colcon.colcon_core.environment:checking '/home/mtrn/4231/project_workspace/install/messages' for CMake config files
[3.771s] Level 1:colcon.colcon_core.shell:create_environment_hook('messages', 'cmake_prefix_path')
[3.773s] INFO:colcon.colcon_core.shell:Creating environment hook '/home/mtrn/4231/project_workspace/install/messages/share/messages/hook/cmake_prefix_path.ps1'
[3.774s] INFO:colcon.colcon_core.shell:Creating environment descriptor '/home/mtrn/4231/project_workspace/install/messages/share/messages/hook/cmake_prefix_path.dsv'
[3.821s] INFO:colcon.colcon_core.shell:Creating environment hook '/home/mtrn/4231/project_workspace/install/messages/share/messages/hook/cmake_prefix_path.sh'
[3.825s] Level 1:colcon.colcon_core.environment:checking '/home/mtrn/4231/project_workspace/install/messages/lib'
[3.826s] Level 1:colcon.colcon_core.shell:create_environment_hook('messages', 'ld_library_path_lib')
[3.829s] INFO:colcon.colcon_core.shell:Creating environment hook '/home/mtrn/4231/project_workspace/install/messages/share/messages/hook/ld_library_path_lib.ps1'
[3.830s] INFO:colcon.colcon_core.shell:Creating environment descriptor '/home/mtrn/4231/project_workspace/install/messages/share/messages/hook/ld_library_path_lib.dsv'
[3.838s] INFO:colcon.colcon_core.shell:Creating environment hook '/home/mtrn/4231/project_workspace/install/messages/share/messages/hook/ld_library_path_lib.sh'
[3.839s] Level 1:colcon.colcon_core.environment:checking '/home/mtrn/4231/project_workspace/install/messages/bin'
[3.840s] Level 1:colcon.colcon_core.environment:checking '/home/mtrn/4231/project_workspace/install/messages/lib/pkgconfig/messages.pc'
[3.840s] Level 1:colcon.colcon_core.environment:checking '/home/mtrn/4231/project_workspace/install/messages/lib/python3.10/site-packages'
[3.840s] Level 1:colcon.colcon_core.environment:checking '/home/mtrn/4231/project_workspace/install/messages/bin'
[3.844s] INFO:colcon.colcon_core.shell:Creating package script '/home/mtrn/4231/project_workspace/install/messages/share/messages/package.ps1'
[3.845s] INFO:colcon.colcon_core.shell:Creating package descriptor '/home/mtrn/4231/project_workspace/install/messages/share/messages/package.dsv'
[3.846s] INFO:colcon.colcon_core.shell:Creating package script '/home/mtrn/4231/project_workspace/install/messages/share/messages/package.sh'
[3.847s] INFO:colcon.colcon_core.shell:Creating package script '/home/mtrn/4231/project_workspace/install/messages/share/messages/package.bash'
[3.847s] INFO:colcon.colcon_core.shell:Creating package script '/home/mtrn/4231/project_workspace/install/messages/share/messages/package.zsh'
[3.848s] Level 1:colcon.colcon_core.environment:create_file_with_runtime_dependencies(/home/mtrn/4231/project_workspace/install/messages/share/colcon-core/packages/messages)
[3.850s] DEBUG:colcon.colcon_parallel_executor.executor.parallel:closing loop
[3.852s] DEBUG:colcon.colcon_parallel_executor.executor.parallel:loop closed
[3.852s] DEBUG:colcon.colcon_parallel_executor.executor.parallel:run_until_complete finished with '0'
[3.854s] DEBUG:colcon.colcon_core.event_reactor:joining thread
[3.863s] INFO:colcon.colcon_core.plugin_system:Skipping extension 'colcon_notification.desktop_notification.terminal_notifier': Not used on non-Darwin systems
[3.863s] INFO:colcon.colcon_core.plugin_system:Skipping extension 'colcon_notification.desktop_notification.win32': Not used on non-Windows systems
[3.863s] INFO:colcon.colcon_notification.desktop_notification:Sending desktop notification using 'notify2'
[3.905s] DEBUG:colcon.colcon_core.event_reactor:joined thread
[3.908s] INFO:colcon.colcon_core.shell:Creating prefix script '/home/mtrn/4231/project_workspace/install/local_setup.ps1'
[3.910s] INFO:colcon.colcon_core.shell:Creating prefix util module '/home/mtrn/4231/project_workspace/install/_local_setup_util_ps1.py'
[3.965s] INFO:colcon.colcon_core.shell:Creating prefix chain script '/home/mtrn/4231/project_workspace/install/setup.ps1'
[3.969s] INFO:colcon.colcon_core.shell:Creating prefix script '/home/mtrn/4231/project_workspace/install/local_setup.sh'
[3.970s] INFO:colcon.colcon_core.shell:Creating prefix util module '/home/mtrn/4231/project_workspace/install/_local_setup_util_sh.py'
[3.971s] INFO:colcon.colcon_core.shell:Creating prefix chain script '/home/mtrn/4231/project_workspace/install/setup.sh'
[3.976s] INFO:colcon.colcon_core.shell:Creating prefix script '/home/mtrn/4231/project_workspace/install/local_setup.bash'
[3.976s] INFO:colcon.colcon_core.shell:Creating prefix chain script '/home/mtrn/4231/project_workspace/install/setup.bash'
[3.981s] INFO:colcon.colcon_core.shell:Creating prefix script '/home/mtrn/4231/project_workspace/install/local_setup.zsh'
[3.981s] INFO:colcon.colcon_core.shell:Creating prefix chain script '/home/mtrn/4231/project_workspace/install/setup.zsh'
