[0.681s] Invoking command in '/home/mtrn/4231/project_workspace/build/v4l2_camera': CMAKE_PREFIX_PATH=${CMAKE_PREFIX_PATH}:/home/mtrn/4231/project_workspace/install/opencv_example:/home/mtrn/4231/project_workspace/install/openCV_example:/home/mtrn/4231/project_workspace/install/my_package:/home/mtrn/4231/ws_moveit2/install/moveit_configs_utils:/home/mtrn/4231/ws_moveit2/install/launch_param_builder:/opt/ros/humble /usr/bin/cmake --build /home/mtrn/4231/project_workspace/build/v4l2_camera -- -j4 -l4
[0.798s] [ 50%] Built target v4l2_camera
[0.867s] [ 75%] Built target v4l2_camera_compose_test
[0.868s] [100%] Built target v4l2_camera_node
[0.884s] Invoked command in '/home/mtrn/4231/project_workspace/build/v4l2_camera' returned '0': CMAKE_PREFIX_PATH=${CMAKE_PREFIX_PATH}:/home/mtrn/4231/project_workspace/install/opencv_example:/home/mtrn/4231/project_workspace/install/openCV_example:/home/mtrn/4231/project_workspace/install/my_package:/home/mtrn/4231/ws_moveit2/install/moveit_configs_utils:/home/mtrn/4231/ws_moveit2/install/launch_param_builder:/opt/ros/humble /usr/bin/cmake --build /home/mtrn/4231/project_workspace/build/v4l2_camera -- -j4 -l4
[1.097s] Invoking command in '/home/mtrn/4231/project_workspace/build/v4l2_camera': CMAKE_PREFIX_PATH=${CMAKE_PREFIX_PATH}:/home/mtrn/4231/project_workspace/install/opencv_example:/home/mtrn/4231/project_workspace/install/openCV_example:/home/mtrn/4231/project_workspace/install/my_package:/home/mtrn/4231/ws_moveit2/install/moveit_configs_utils:/home/mtrn/4231/ws_moveit2/install/launch_param_builder:/opt/ros/humble /usr/bin/cmake --install /home/mtrn/4231/project_workspace/build/v4l2_camera
[1.112s] -- Install configuration: ""
[1.113s] -- Up-to-date: /home/mtrn/4231/project_workspace/install/v4l2_camera/include
[1.113s] -- Up-to-date: /home/mtrn/4231/project_workspace/install/v4l2_camera/include/v4l2_camera
[1.113s] -- Up-to-date: /home/mtrn/4231/project_workspace/install/v4l2_camera/include/v4l2_camera/pixel_format.hpp
[1.113s] -- Up-to-date: /home/mtrn/4231/project_workspace/install/v4l2_camera/include/v4l2_camera/parameters.hpp
[1.113s] -- Up-to-date: /home/mtrn/4231/project_workspace/install/v4l2_camera/include/v4l2_camera/v4l2_camera.hpp
[1.113s] -- Up-to-date: /home/mtrn/4231/project_workspace/install/v4l2_camera/include/v4l2_camera/image_format.hpp
[1.114s] -- Up-to-date: /home/mtrn/4231/project_workspace/install/v4l2_camera/include/v4l2_camera/control.hpp
[1.114s] -- Up-to-date: /home/mtrn/4231/project_workspace/install/v4l2_camera/include/v4l2_camera/fourcc.hpp
[1.114s] -- Up-to-date: /home/mtrn/4231/project_workspace/install/v4l2_camera/include/v4l2_camera/v4l2_camera_device.hpp
[1.114s] -- Up-to-date: /home/mtrn/4231/project_workspace/install/v4l2_camera/include/v4l2_camera/visibility_control.h
[1.114s] -- Up-to-date: /home/mtrn/4231/project_workspace/install/v4l2_camera/lib/libv4l2_camera.so
[1.114s] -- Up-to-date: /home/mtrn/4231/project_workspace/install/v4l2_camera/lib/v4l2_camera/v4l2_camera_node
[1.115s] -- Up-to-date: /home/mtrn/4231/project_workspace/install/v4l2_camera/lib/v4l2_camera/v4l2_camera_compose_test
[1.115s] -- Up-to-date: /home/mtrn/4231/project_workspace/install/v4l2_camera/share/v4l2_camera/environment/library_path.sh
[1.115s] -- Up-to-date: /home/mtrn/4231/project_workspace/install/v4l2_camera/share/v4l2_camera/environment/library_path.dsv
[1.116s] -- Up-to-date: /home/mtrn/4231/project_workspace/install/v4l2_camera/share/ament_index/resource_index/package_run_dependencies/v4l2_camera
[1.116s] -- Up-to-date: /home/mtrn/4231/project_workspace/install/v4l2_camera/share/ament_index/resource_index/parent_prefix_path/v4l2_camera
[1.116s] -- Up-to-date: /home/mtrn/4231/project_workspace/install/v4l2_camera/share/v4l2_camera/environment/ament_prefix_path.sh
[1.116s] -- Up-to-date: /home/mtrn/4231/project_workspace/install/v4l2_camera/share/v4l2_camera/environment/ament_prefix_path.dsv
[1.116s] -- Up-to-date: /home/mtrn/4231/project_workspace/install/v4l2_camera/share/v4l2_camera/environment/path.sh
[1.117s] -- Up-to-date: /home/mtrn/4231/project_workspace/install/v4l2_camera/share/v4l2_camera/environment/path.dsv
[1.117s] -- Up-to-date: /home/mtrn/4231/project_workspace/install/v4l2_camera/share/v4l2_camera/local_setup.bash
[1.119s] -- Up-to-date: /home/mtrn/4231/project_workspace/install/v4l2_camera/share/v4l2_camera/local_setup.sh
[1.120s] -- Up-to-date: /home/mtrn/4231/project_workspace/install/v4l2_camera/share/v4l2_camera/local_setup.zsh
[1.120s] -- Up-to-date: /home/mtrn/4231/project_workspace/install/v4l2_camera/share/v4l2_camera/local_setup.dsv
[1.120s] -- Installing: /home/mtrn/4231/project_workspace/install/v4l2_camera/share/v4l2_camera/package.dsv
[1.121s] -- Up-to-date: /home/mtrn/4231/project_workspace/install/v4l2_camera/share/ament_index/resource_index/packages/v4l2_camera
[1.125s] -- Up-to-date: /home/mtrn/4231/project_workspace/install/v4l2_camera/share/ament_index/resource_index/rclcpp_components/v4l2_camera
[1.126s] -- Up-to-date: /home/mtrn/4231/project_workspace/install/v4l2_camera/share/v4l2_camera/cmake/export_v4l2_cameraExport.cmake
[1.126s] -- Up-to-date: /home/mtrn/4231/project_workspace/install/v4l2_camera/share/v4l2_camera/cmake/export_v4l2_cameraExport-noconfig.cmake
[1.126s] -- Up-to-date: /home/mtrn/4231/project_workspace/install/v4l2_camera/share/v4l2_camera/cmake/ament_cmake_export_include_directories-extras.cmake
[1.126s] -- Up-to-date: /home/mtrn/4231/project_workspace/install/v4l2_camera/share/v4l2_camera/cmake/ament_cmake_export_targets-extras.cmake
[1.127s] -- Up-to-date: /home/mtrn/4231/project_workspace/install/v4l2_camera/share/v4l2_camera/cmake/ament_cmake_export_libraries-extras.cmake
[1.127s] -- Up-to-date: /home/mtrn/4231/project_workspace/install/v4l2_camera/share/v4l2_camera/cmake/ament_cmake_export_dependencies-extras.cmake
[1.127s] -- Up-to-date: /home/mtrn/4231/project_workspace/install/v4l2_camera/share/v4l2_camera/cmake/v4l2_cameraConfig.cmake
[1.129s] -- Up-to-date: /home/mtrn/4231/project_workspace/install/v4l2_camera/share/v4l2_camera/cmake/v4l2_cameraConfig-version.cmake
[1.130s] -- Up-to-date: /home/mtrn/4231/project_workspace/install/v4l2_camera/share/v4l2_camera/package.xml
[1.130s] Invoked command in '/home/mtrn/4231/project_workspace/build/v4l2_camera' returned '0': CMAKE_PREFIX_PATH=${CMAKE_PREFIX_PATH}:/home/mtrn/4231/project_workspace/install/opencv_example:/home/mtrn/4231/project_workspace/install/openCV_example:/home/mtrn/4231/project_workspace/install/my_package:/home/mtrn/4231/ws_moveit2/install/moveit_configs_utils:/home/mtrn/4231/ws_moveit2/install/launch_param_builder:/opt/ros/humble /usr/bin/cmake --install /home/mtrn/4231/project_workspace/build/v4l2_camera
