[1.268s] Invoking command in '/home/mtrn/4231/liam_stuff/4231project/build/v4l2_camera': CMAKE_PREFIX_PATH=${CMAKE_PREFIX_PATH}:/home/mtrn/4231/liam_stuff/4231project/install/ros2_aruco:/home/mtrn/4231/liam_stuff/4231project/install/opencv_example:/home/mtrn/4231/liam_stuff/4231project/install/my_package:/home/mtrn/4231/ws_moveit2/install/moveit_configs_utils:/home/mtrn/4231/ws_moveit2/install/launch_param_builder:/opt/ros/humble /home/mtrn/.local/bin/cmake --build /home/mtrn/4231/liam_stuff/4231project/build/v4l2_camera -- -j12 -l12
[1.321s] [0mCMake Error: The current CMakeCache.txt directory /home/mtrn/4231/liam_stuff/4231project/build/v4l2_camera/CMakeCache.txt is different than the directory /home/mtrn/4231/liam_stuff/project_git/4231project/build/v4l2_camera where CMakeCache.txt was created. This may result in binaries being created in the wrong place. If you are not sure, reedit the CMakeCache.txt[0m
[1.361s] -- Found ament_cmake: 1.3.5 (/opt/ros/humble/share/ament_cmake/cmake)
[1.829s] -- Found ament_cmake_ros: 0.10.0 (/opt/ros/humble/share/ament_cmake_ros/cmake)
[1.840s] -- Found rclcpp: 16.0.5 (/opt/ros/humble/share/rclcpp/cmake)
[1.909s] -- Found rosidl_generator_c: 3.1.5 (/opt/ros/humble/share/rosidl_generator_c/cmake)
[1.919s] -- Found rosidl_adapter: 3.1.5 (/opt/ros/humble/share/rosidl_adapter/cmake)
[1.930s] -- Found rosidl_generator_cpp: 3.1.5 (/opt/ros/humble/share/rosidl_generator_cpp/cmake)
[1.963s] -- Using all available rosidl_typesupport_c: rosidl_typesupport_fastrtps_c;rosidl_typesupport_introspection_c
[2.005s] -- Using all available rosidl_typesupport_cpp: rosidl_typesupport_fastrtps_cpp;rosidl_typesupport_introspection_cpp
[2.148s] -- Found rmw_implementation_cmake: 6.1.1 (/opt/ros/humble/share/rmw_implementation_cmake/cmake)
[2.154s] -- Found rmw_fastrtps_cpp: 6.2.3 (/opt/ros/humble/share/rmw_fastrtps_cpp/cmake)
[2.413s] -- Using RMW implementation 'rmw_fastrtps_cpp' as default
[2.665s] -- Found rclcpp_components: 16.0.5 (/opt/ros/humble/share/rclcpp_components/cmake)
[2.740s] -- Found camera_info_manager: 3.1.7 (/opt/ros/humble/share/camera_info_manager/cmake)
[2.966s] -- Found cv_bridge: 3.2.1 (/opt/ros/humble/share/cv_bridge/cmake)
[2.985s] -- Found image_transport: 3.1.7 (/opt/ros/humble/share/image_transport/cmake)
[3.046s] -- Found ament_lint_auto: 0.12.7 (/opt/ros/humble/share/ament_lint_auto/cmake)
[3.159s] -- Added test 'cppcheck' to perform static code analysis on C / C++ code
[3.160s] -- Configured cppcheck include dirs: $<BUILD_INTERFACE:/home/mtrn/4231/liam_stuff/project_git/4231project/src/ros2_v4l2_camera-rolling/include>
[3.160s] -- Configured cppcheck exclude dirs and/or files: 
[3.162s] -- Added test 'cpplint' to check C / C++ code against the Google style
[3.162s] -- Configured cpplint exclude dirs and/or files: 
[3.165s] -- Added test 'lint_cmake' to check CMake code style
[3.166s] -- Added test 'uncrustify' to check C / C++ code style
[3.166s] -- Configured uncrustify additional arguments: 
[3.167s] -- Added test 'xmllint' to check XML markup files
[3.170s] -- Configuring done (1.8s)
[3.200s] -- Generating done (0.0s)
[3.203s] -- Build files have been written to: /home/mtrn/4231/liam_stuff/project_git/4231project/build/v4l2_camera
[3.295s] [ 50%] Built target v4l2_camera
[3.337s] [ 75%] Built target v4l2_camera_node
[3.338s] [100%] Built target v4l2_camera_compose_test
[3.355s] Invoked command in '/home/mtrn/4231/liam_stuff/4231project/build/v4l2_camera' returned '0': CMAKE_PREFIX_PATH=${CMAKE_PREFIX_PATH}:/home/mtrn/4231/liam_stuff/4231project/install/ros2_aruco:/home/mtrn/4231/liam_stuff/4231project/install/opencv_example:/home/mtrn/4231/liam_stuff/4231project/install/my_package:/home/mtrn/4231/ws_moveit2/install/moveit_configs_utils:/home/mtrn/4231/ws_moveit2/install/launch_param_builder:/opt/ros/humble /home/mtrn/.local/bin/cmake --build /home/mtrn/4231/liam_stuff/4231project/build/v4l2_camera -- -j12 -l12
[3.589s] Invoking command in '/home/mtrn/4231/liam_stuff/4231project/build/v4l2_camera': CMAKE_PREFIX_PATH=${CMAKE_PREFIX_PATH}:/home/mtrn/4231/liam_stuff/4231project/install/ros2_aruco:/home/mtrn/4231/liam_stuff/4231project/install/opencv_example:/home/mtrn/4231/liam_stuff/4231project/install/my_package:/home/mtrn/4231/ws_moveit2/install/moveit_configs_utils:/home/mtrn/4231/ws_moveit2/install/launch_param_builder:/opt/ros/humble /home/mtrn/.local/bin/cmake --install /home/mtrn/4231/liam_stuff/4231project/build/v4l2_camera
[3.644s] -- Install configuration: ""
[3.645s] -- Up-to-date: /home/mtrn/4231/liam_stuff/project_git/4231project/install/v4l2_camera/include
[3.645s] -- Up-to-date: /home/mtrn/4231/liam_stuff/project_git/4231project/install/v4l2_camera/include/v4l2_camera
[3.645s] -- Up-to-date: /home/mtrn/4231/liam_stuff/project_git/4231project/install/v4l2_camera/include/v4l2_camera/control.hpp
[3.645s] -- Up-to-date: /home/mtrn/4231/liam_stuff/project_git/4231project/install/v4l2_camera/include/v4l2_camera/v4l2_camera_device.hpp
[3.645s] -- Up-to-date: /home/mtrn/4231/liam_stuff/project_git/4231project/install/v4l2_camera/include/v4l2_camera/parameters.hpp
[3.645s] -- Up-to-date: /home/mtrn/4231/liam_stuff/project_git/4231project/install/v4l2_camera/include/v4l2_camera/image_format.hpp
[3.645s] -- Up-to-date: /home/mtrn/4231/liam_stuff/project_git/4231project/install/v4l2_camera/include/v4l2_camera/visibility_control.h
[3.645s] -- Up-to-date: /home/mtrn/4231/liam_stuff/project_git/4231project/install/v4l2_camera/include/v4l2_camera/v4l2_camera.hpp
[3.645s] -- Up-to-date: /home/mtrn/4231/liam_stuff/project_git/4231project/install/v4l2_camera/include/v4l2_camera/pixel_format.hpp
[3.645s] -- Up-to-date: /home/mtrn/4231/liam_stuff/project_git/4231project/install/v4l2_camera/include/v4l2_camera/fourcc.hpp
[3.645s] -- Up-to-date: /home/mtrn/4231/liam_stuff/project_git/4231project/install/v4l2_camera/lib/libv4l2_camera.so
[3.645s] -- Up-to-date: /home/mtrn/4231/liam_stuff/project_git/4231project/install/v4l2_camera/lib/v4l2_camera/v4l2_camera_node
[3.646s] -- Up-to-date: /home/mtrn/4231/liam_stuff/project_git/4231project/install/v4l2_camera/lib/v4l2_camera/v4l2_camera_compose_test
[3.646s] -- Up-to-date: /home/mtrn/4231/liam_stuff/project_git/4231project/install/v4l2_camera/share/v4l2_camera/environment/library_path.sh
[3.646s] -- Installing: /home/mtrn/4231/liam_stuff/project_git/4231project/install/v4l2_camera/share/v4l2_camera/environment/library_path.dsv
[3.646s] -- Up-to-date: /home/mtrn/4231/liam_stuff/project_git/4231project/install/v4l2_camera/share/ament_index/resource_index/package_run_dependencies/v4l2_camera
[3.646s] -- Up-to-date: /home/mtrn/4231/liam_stuff/project_git/4231project/install/v4l2_camera/share/ament_index/resource_index/parent_prefix_path/v4l2_camera
[3.646s] -- Up-to-date: /home/mtrn/4231/liam_stuff/project_git/4231project/install/v4l2_camera/share/v4l2_camera/environment/ament_prefix_path.sh
[3.646s] -- Installing: /home/mtrn/4231/liam_stuff/project_git/4231project/install/v4l2_camera/share/v4l2_camera/environment/ament_prefix_path.dsv
[3.646s] -- Up-to-date: /home/mtrn/4231/liam_stuff/project_git/4231project/install/v4l2_camera/share/v4l2_camera/environment/path.sh
[3.646s] -- Installing: /home/mtrn/4231/liam_stuff/project_git/4231project/install/v4l2_camera/share/v4l2_camera/environment/path.dsv
[3.646s] -- Up-to-date: /home/mtrn/4231/liam_stuff/project_git/4231project/install/v4l2_camera/share/v4l2_camera/local_setup.bash
[3.647s] -- Up-to-date: /home/mtrn/4231/liam_stuff/project_git/4231project/install/v4l2_camera/share/v4l2_camera/local_setup.sh
[3.647s] -- Up-to-date: /home/mtrn/4231/liam_stuff/project_git/4231project/install/v4l2_camera/share/v4l2_camera/local_setup.zsh
[3.647s] -- Installing: /home/mtrn/4231/liam_stuff/project_git/4231project/install/v4l2_camera/share/v4l2_camera/local_setup.dsv
[3.647s] -- Installing: /home/mtrn/4231/liam_stuff/project_git/4231project/install/v4l2_camera/share/v4l2_camera/package.dsv
[3.647s] -- Up-to-date: /home/mtrn/4231/liam_stuff/project_git/4231project/install/v4l2_camera/share/ament_index/resource_index/packages/v4l2_camera
[3.647s] -- Up-to-date: /home/mtrn/4231/liam_stuff/project_git/4231project/install/v4l2_camera/share/ament_index/resource_index/rclcpp_components/v4l2_camera
[3.647s] -- Up-to-date: /home/mtrn/4231/liam_stuff/project_git/4231project/install/v4l2_camera/share/v4l2_camera/cmake/export_v4l2_cameraExport.cmake
[3.647s] -- Up-to-date: /home/mtrn/4231/liam_stuff/project_git/4231project/install/v4l2_camera/share/v4l2_camera/cmake/export_v4l2_cameraExport-noconfig.cmake
[3.647s] -- Up-to-date: /home/mtrn/4231/liam_stuff/project_git/4231project/install/v4l2_camera/share/v4l2_camera/cmake/ament_cmake_export_include_directories-extras.cmake
[3.647s] -- Up-to-date: /home/mtrn/4231/liam_stuff/project_git/4231project/install/v4l2_camera/share/v4l2_camera/cmake/ament_cmake_export_targets-extras.cmake
[3.647s] -- Up-to-date: /home/mtrn/4231/liam_stuff/project_git/4231project/install/v4l2_camera/share/v4l2_camera/cmake/ament_cmake_export_libraries-extras.cmake
[3.648s] -- Up-to-date: /home/mtrn/4231/liam_stuff/project_git/4231project/install/v4l2_camera/share/v4l2_camera/cmake/ament_cmake_export_dependencies-extras.cmake
[3.648s] -- Up-to-date: /home/mtrn/4231/liam_stuff/project_git/4231project/install/v4l2_camera/share/v4l2_camera/cmake/v4l2_cameraConfig.cmake
[3.648s] -- Up-to-date: /home/mtrn/4231/liam_stuff/project_git/4231project/install/v4l2_camera/share/v4l2_camera/cmake/v4l2_cameraConfig-version.cmake
[3.648s] -- Up-to-date: /home/mtrn/4231/liam_stuff/project_git/4231project/install/v4l2_camera/share/v4l2_camera/package.xml
[3.661s] Invoked command in '/home/mtrn/4231/liam_stuff/4231project/build/v4l2_camera' returned '0': CMAKE_PREFIX_PATH=${CMAKE_PREFIX_PATH}:/home/mtrn/4231/liam_stuff/4231project/install/ros2_aruco:/home/mtrn/4231/liam_stuff/4231project/install/opencv_example:/home/mtrn/4231/liam_stuff/4231project/install/my_package:/home/mtrn/4231/ws_moveit2/install/moveit_configs_utils:/home/mtrn/4231/ws_moveit2/install/launch_param_builder:/opt/ros/humble /home/mtrn/.local/bin/cmake --install /home/mtrn/4231/liam_stuff/4231project/build/v4l2_camera
