[0.126s] Invoking command in '/home/mtrn/4231/project_workspace/build/messages': CMAKE_PREFIX_PATH=${CMAKE_PREFIX_PATH}:/home/mtrn/4231/project_workspace/install/opencv_example:/home/mtrn/4231/project_workspace/install/openCV_example:/home/mtrn/4231/project_workspace/install/my_package:/home/mtrn/4231/ws_moveit2/install/moveit_configs_utils:/home/mtrn/4231/ws_moveit2/install/launch_param_builder:/opt/ros/humble /usr/bin/cmake --build /home/mtrn/4231/project_workspace/build/messages -- -j4 -l4
[0.807s] -- Found ament_cmake: 1.3.5 (/opt/ros/humble/share/ament_cmake/cmake)
[0.810s] -- Found rosidl_default_generators: 1.2.0 (/opt/ros/humble/share/rosidl_default_generators/cmake)
[0.810s] -- Using all available rosidl_typesupport_c: rosidl_typesupport_fastrtps_c;rosidl_typesupport_introspection_c
[0.810s] -- Found rosidl_adapter: 3.1.5 (/opt/ros/humble/share/rosidl_adapter/cmake)
[0.810s] -- Using all available rosidl_typesupport_cpp: rosidl_typesupport_fastrtps_cpp;rosidl_typesupport_introspection_cpp
[0.825s] -- Found ament_cmake_ros: 0.10.0 (/opt/ros/humble/share/ament_cmake_ros/cmake)
[1.113s] -- Using all available rosidl_typesupport_c: rosidl_typesupport_fastrtps_c;rosidl_typesupport_introspection_c
[1.454s] -- Using all available rosidl_typesupport_cpp: rosidl_typesupport_fastrtps_cpp;rosidl_typesupport_introspection_cpp
[1.486s] -- Found python_cmake_module: 0.10.0 (/opt/ros/humble/share/python_cmake_module/cmake)
[1.509s] -- Using PYTHON_EXECUTABLE: /usr/bin/python3
[1.510s] -- Using PYTHON_INCLUDE_DIRS: /usr/include/python3.10
[1.510s] -- Using PYTHON_LIBRARIES: /usr/lib/x86_64-linux-gnu/libpython3.10.so
[1.579s] -- Configuring done
[1.632s] -- Generating done
[1.633s] -- Build files have been written to: /home/mtrn/4231/project_workspace/build/messages
[1.737s] [  3%] [34m[1mGenerating C code for ROS interfaces[0m
[1.751s] [  6%] [34m[1mGenerating C++ code for ROS interfaces[0m
[1.820s] [  6%] Built target ament_cmake_python_copy_messages
[2.141s] running egg_info
[2.142s] writing messages.egg-info/PKG-INFO
[2.143s] writing dependency_links to messages.egg-info/dependency_links.txt
[2.143s] writing top-level names to messages.egg-info/top_level.txt
[2.145s] reading manifest file 'messages.egg-info/SOURCES.txt'
[2.146s] writing manifest file 'messages.egg-info/SOURCES.txt'
[2.194s] [  6%] Built target ament_cmake_python_build_messages_egg
[2.198s] [  6%] Built target messages__cpp
[2.212s] [35m[1mConsolidate compiler generated dependencies of target messages__rosidl_generator_c[0m
[2.237s] [ 16%] [34m[1mGenerating C++ introspection for ROS interfaces[0m
[2.237s] [ 16%] [34m[1mGenerating C++ type support dispatch for ROS interfaces[0m
[2.237s] [ 16%] [34m[1mGenerating C++ type support for eProsima Fast-RTPS[0m
[2.237s] [ 19%] [32mBuilding C object CMakeFiles/messages__rosidl_generator_c.dir/rosidl_generator_c/messages/msg/detail/aruco_message__functions.c.o[0m
[2.343s] [ 22%] [32m[1mLinking C shared library libmessages__rosidl_generator_c.so[0m
[2.509s] [35m[1mConsolidate compiler generated dependencies of target messages__rosidl_typesupport_cpp[0m
[2.526s] [35m[1mConsolidate compiler generated dependencies of target messages__rosidl_typesupport_fastrtps_cpp[0m
[2.536s] [ 22%] Built target messages__rosidl_generator_c
[2.553s] [35m[1mConsolidate compiler generated dependencies of target messages__rosidl_typesupport_introspection_cpp[0m
[2.560s] [ 25%] [32mBuilding CXX object CMakeFiles/messages__rosidl_typesupport_fastrtps_cpp.dir/rosidl_typesupport_fastrtps_cpp/messages/msg/detail/dds_fastrtps/aruco_message__type_support.cpp.o[0m
[2.564s] [ 29%] [34m[1mGenerating C type support for eProsima Fast-RTPS[0m
[2.569s] [ 32%] [32mBuilding CXX object CMakeFiles/messages__rosidl_typesupport_cpp.dir/rosidl_typesupport_cpp/messages/msg/aruco_message__type_support.cpp.o[0m
[2.579s] [ 35%] [32mBuilding CXX object CMakeFiles/messages__rosidl_typesupport_introspection_cpp.dir/rosidl_typesupport_introspection_cpp/messages/msg/detail/aruco_message__type_support.cpp.o[0m
[2.812s] [35m[1mConsolidate compiler generated dependencies of target messages__rosidl_typesupport_fastrtps_c[0m
[2.836s] [ 38%] [32mBuilding CXX object CMakeFiles/messages__rosidl_typesupport_fastrtps_c.dir/rosidl_typesupport_fastrtps_c/messages/msg/detail/aruco_message__type_support_c.cpp.o[0m
[2.955s] [ 41%] [32m[1mLinking CXX shared library libmessages__rosidl_typesupport_cpp.so[0m
[3.161s] [ 41%] Built target messages__rosidl_typesupport_cpp
[3.196s] [ 45%] [34m[1mGenerating C introspection for ROS interfaces[0m
[3.228s] [ 48%] [32m[1mLinking CXX shared library libmessages__rosidl_typesupport_fastrtps_c.so[0m
[3.308s] [ 51%] [32m[1mLinking CXX shared library libmessages__rosidl_typesupport_fastrtps_cpp.so[0m
[3.340s] [ 51%] Built target messages__rosidl_typesupport_fastrtps_c
[3.386s] [ 54%] [34m[1mGenerating C type support dispatch for ROS interfaces[0m
[3.420s] [ 54%] Built target messages__rosidl_typesupport_fastrtps_cpp
[3.482s] [ 58%] [32m[1mLinking CXX shared library libmessages__rosidl_typesupport_introspection_cpp.so[0m
[3.554s] [35m[1mConsolidate compiler generated dependencies of target messages__rosidl_typesupport_introspection_c[0m
[3.579s] [ 61%] [32mBuilding C object CMakeFiles/messages__rosidl_typesupport_introspection_c.dir/rosidl_typesupport_introspection_c/messages/msg/detail/aruco_message__type_support.c.o[0m
[3.653s] [ 64%] [32m[1mLinking C shared library libmessages__rosidl_typesupport_introspection_c.so[0m
[3.658s] [ 64%] Built target messages__rosidl_typesupport_introspection_cpp
[3.682s] [35m[1mConsolidate compiler generated dependencies of target messages__rosidl_typesupport_c[0m
[3.713s] [ 67%] [32mBuilding CXX object CMakeFiles/messages__rosidl_typesupport_c.dir/rosidl_typesupport_c/messages/msg/aruco_message__type_support.cpp.o[0m
[3.716s] [ 67%] Built target messages__rosidl_typesupport_introspection_c
[3.794s] [ 70%] [32m[1mLinking CXX shared library libmessages__rosidl_typesupport_c.so[0m
[3.943s] [ 70%] Built target messages__rosidl_typesupport_c
[4.053s] [ 70%] Built target messages
[4.157s] [ 74%] [34m[1mGenerating Python code for ROS interfaces[0m
[4.495s] [ 74%] Built target messages__py
[4.530s] [35m[1mConsolidate compiler generated dependencies of target messages__rosidl_generator_py[0m
[4.555s] [ 77%] [32mBuilding C object CMakeFiles/messages__rosidl_generator_py.dir/rosidl_generator_py/messages/msg/_aruco_message_s.c.o[0m
[4.695s] [ 80%] [32m[1mLinking C shared library rosidl_generator_py/messages/libmessages__rosidl_generator_py.so[0m
[4.764s] [ 80%] Built target messages__rosidl_generator_py
[4.789s] [35m[1mConsolidate compiler generated dependencies of target messages__rosidl_typesupport_c__pyext[0m
[4.789s] [35m[1mConsolidate compiler generated dependencies of target messages__rosidl_typesupport_fastrtps_c__pyext[0m
[4.790s] [35m[1mConsolidate compiler generated dependencies of target messages__rosidl_typesupport_introspection_c__pyext[0m
[4.850s] [ 83%] [32mBuilding C object CMakeFiles/messages__rosidl_typesupport_c__pyext.dir/rosidl_generator_py/messages/_messages_s.ep.rosidl_typesupport_c.c.o[0m
[4.854s] [ 87%] [32mBuilding C object CMakeFiles/messages__rosidl_typesupport_introspection_c__pyext.dir/rosidl_generator_py/messages/_messages_s.ep.rosidl_typesupport_introspection_c.c.o[0m
[4.857s] [ 90%] [32mBuilding C object CMakeFiles/messages__rosidl_typesupport_fastrtps_c__pyext.dir/rosidl_generator_py/messages/_messages_s.ep.rosidl_typesupport_fastrtps_c.c.o[0m
[4.972s] [ 93%] [32m[1mLinking C shared library rosidl_generator_py/messages/messages_s__rosidl_typesupport_c.cpython-310-x86_64-linux-gnu.so[0m
[4.981s] [ 96%] [32m[1mLinking C shared library rosidl_generator_py/messages/messages_s__rosidl_typesupport_introspection_c.cpython-310-x86_64-linux-gnu.so[0m
[4.989s] [100%] [32m[1mLinking C shared library rosidl_generator_py/messages/messages_s__rosidl_typesupport_fastrtps_c.cpython-310-x86_64-linux-gnu.so[0m
[5.062s] [100%] Built target messages__rosidl_typesupport_introspection_c__pyext
[5.065s] [100%] Built target messages__rosidl_typesupport_c__pyext
[5.092s] [100%] Built target messages__rosidl_typesupport_fastrtps_c__pyext
[5.121s] Invoked command in '/home/mtrn/4231/project_workspace/build/messages' returned '0': CMAKE_PREFIX_PATH=${CMAKE_PREFIX_PATH}:/home/mtrn/4231/project_workspace/install/opencv_example:/home/mtrn/4231/project_workspace/install/openCV_example:/home/mtrn/4231/project_workspace/install/my_package:/home/mtrn/4231/ws_moveit2/install/moveit_configs_utils:/home/mtrn/4231/ws_moveit2/install/launch_param_builder:/opt/ros/humble /usr/bin/cmake --build /home/mtrn/4231/project_workspace/build/messages -- -j4 -l4
[5.615s] Invoking command in '/home/mtrn/4231/project_workspace/build/messages': CMAKE_PREFIX_PATH=${CMAKE_PREFIX_PATH}:/home/mtrn/4231/project_workspace/install/opencv_example:/home/mtrn/4231/project_workspace/install/openCV_example:/home/mtrn/4231/project_workspace/install/my_package:/home/mtrn/4231/ws_moveit2/install/moveit_configs_utils:/home/mtrn/4231/ws_moveit2/install/launch_param_builder:/opt/ros/humble /usr/bin/cmake --install /home/mtrn/4231/project_workspace/build/messages
[5.637s] -- Install configuration: ""
[5.637s] -- Up-to-date: /home/mtrn/4231/project_workspace/install/messages/share/ament_index/resource_index/rosidl_interfaces/messages
[5.638s] -- Up-to-date: /home/mtrn/4231/project_workspace/install/messages/include/messages/messages
[5.638s] -- Up-to-date: /home/mtrn/4231/project_workspace/install/messages/include/messages/messages/msg
[5.638s] -- Installing: /home/mtrn/4231/project_workspace/install/messages/include/messages/messages/msg/aruco_message.h
[5.638s] -- Up-to-date: /home/mtrn/4231/project_workspace/install/messages/include/messages/messages/msg/rosidl_generator_c__visibility_control.h
[5.639s] -- Up-to-date: /home/mtrn/4231/project_workspace/install/messages/include/messages/messages/msg/detail
[5.639s] -- Installing: /home/mtrn/4231/project_workspace/install/messages/include/messages/messages/msg/detail/aruco_message__functions.h
[5.639s] -- Installing: /home/mtrn/4231/project_workspace/install/messages/include/messages/messages/msg/detail/aruco_message__struct.h
[5.639s] -- Installing: /home/mtrn/4231/project_workspace/install/messages/include/messages/messages/msg/detail/aruco_message__functions.c
[5.639s] -- Installing: /home/mtrn/4231/project_workspace/install/messages/include/messages/messages/msg/detail/aruco_message__type_support.h
[5.640s] -- Up-to-date: /home/mtrn/4231/project_workspace/install/messages/share/messages/environment/library_path.sh
[5.640s] -- Installing: /home/mtrn/4231/project_workspace/install/messages/share/messages/environment/library_path.dsv
[5.640s] -- Installing: /home/mtrn/4231/project_workspace/install/messages/lib/libmessages__rosidl_generator_c.so
[5.640s] -- Set runtime path of "/home/mtrn/4231/project_workspace/install/messages/lib/libmessages__rosidl_generator_c.so" to ""
[5.640s] -- Up-to-date: /home/mtrn/4231/project_workspace/install/messages/include/messages/messages
[5.640s] -- Up-to-date: /home/mtrn/4231/project_workspace/install/messages/include/messages/messages/msg
[5.641s] -- Up-to-date: /home/mtrn/4231/project_workspace/install/messages/include/messages/messages/msg/rosidl_typesupport_fastrtps_c__visibility_control.h
[5.641s] -- Up-to-date: /home/mtrn/4231/project_workspace/install/messages/include/messages/messages/msg/detail
[5.641s] -- Installing: /home/mtrn/4231/project_workspace/install/messages/include/messages/messages/msg/detail/aruco_message__rosidl_typesupport_fastrtps_c.h
[5.641s] -- Installing: /home/mtrn/4231/project_workspace/install/messages/lib/libmessages__rosidl_typesupport_fastrtps_c.so
[5.642s] -- Set runtime path of "/home/mtrn/4231/project_workspace/install/messages/lib/libmessages__rosidl_typesupport_fastrtps_c.so" to ""
[5.642s] -- Up-to-date: /home/mtrn/4231/project_workspace/install/messages/include/messages/messages
[5.642s] -- Up-to-date: /home/mtrn/4231/project_workspace/install/messages/include/messages/messages/msg
[5.642s] -- Up-to-date: /home/mtrn/4231/project_workspace/install/messages/include/messages/messages/msg/rosidl_typesupport_introspection_c__visibility_control.h
[5.642s] -- Up-to-date: /home/mtrn/4231/project_workspace/install/messages/include/messages/messages/msg/detail
[5.643s] -- Installing: /home/mtrn/4231/project_workspace/install/messages/include/messages/messages/msg/detail/aruco_message__rosidl_typesupport_introspection_c.h
[5.643s] -- Installing: /home/mtrn/4231/project_workspace/install/messages/include/messages/messages/msg/detail/aruco_message__type_support.c
[5.643s] -- Installing: /home/mtrn/4231/project_workspace/install/messages/lib/libmessages__rosidl_typesupport_introspection_c.so
[5.643s] -- Set runtime path of "/home/mtrn/4231/project_workspace/install/messages/lib/libmessages__rosidl_typesupport_introspection_c.so" to ""
[5.643s] -- Installing: /home/mtrn/4231/project_workspace/install/messages/lib/libmessages__rosidl_typesupport_c.so
[5.643s] -- Set runtime path of "/home/mtrn/4231/project_workspace/install/messages/lib/libmessages__rosidl_typesupport_c.so" to ""
[5.643s] -- Up-to-date: /home/mtrn/4231/project_workspace/install/messages/include/messages/messages
[5.644s] -- Up-to-date: /home/mtrn/4231/project_workspace/install/messages/include/messages/messages/msg
[5.644s] -- Installing: /home/mtrn/4231/project_workspace/install/messages/include/messages/messages/msg/aruco_message.hpp
[5.644s] -- Up-to-date: /home/mtrn/4231/project_workspace/install/messages/include/messages/messages/msg/detail
[5.644s] -- Installing: /home/mtrn/4231/project_workspace/install/messages/include/messages/messages/msg/detail/aruco_message__struct.hpp
[5.644s] -- Installing: /home/mtrn/4231/project_workspace/install/messages/include/messages/messages/msg/detail/aruco_message__builder.hpp
[5.644s] -- Installing: /home/mtrn/4231/project_workspace/install/messages/include/messages/messages/msg/detail/aruco_message__traits.hpp
[5.645s] -- Up-to-date: /home/mtrn/4231/project_workspace/install/messages/include/messages/messages
[5.645s] -- Up-to-date: /home/mtrn/4231/project_workspace/install/messages/include/messages/messages/msg
[5.645s] -- Up-to-date: /home/mtrn/4231/project_workspace/install/messages/include/messages/messages/msg/detail
[5.645s] -- Installing: /home/mtrn/4231/project_workspace/install/messages/include/messages/messages/msg/detail/aruco_message__rosidl_typesupport_fastrtps_cpp.hpp
[5.645s] -- Up-to-date: /home/mtrn/4231/project_workspace/install/messages/include/messages/messages/msg/detail/dds_fastrtps
[5.645s] -- Up-to-date: /home/mtrn/4231/project_workspace/install/messages/include/messages/messages/msg/rosidl_typesupport_fastrtps_cpp__visibility_control.h
[5.646s] -- Installing: /home/mtrn/4231/project_workspace/install/messages/lib/libmessages__rosidl_typesupport_fastrtps_cpp.so
[5.646s] -- Set runtime path of "/home/mtrn/4231/project_workspace/install/messages/lib/libmessages__rosidl_typesupport_fastrtps_cpp.so" to ""
[5.646s] -- Up-to-date: /home/mtrn/4231/project_workspace/install/messages/include/messages/messages
[5.646s] -- Up-to-date: /home/mtrn/4231/project_workspace/install/messages/include/messages/messages/msg
[5.646s] -- Up-to-date: /home/mtrn/4231/project_workspace/install/messages/include/messages/messages/msg/detail
[5.667s] -- Installing: /home/mtrn/4231/project_workspace/install/messages/include/messages/messages/msg/detail/aruco_message__rosidl_typesupport_introspection_cpp.hpp
[5.667s] -- Installing: /home/mtrn/4231/project_workspace/install/messages/include/messages/messages/msg/detail/aruco_message__type_support.cpp
[5.667s] -- Installing: /home/mtrn/4231/project_workspace/install/messages/lib/libmessages__rosidl_typesupport_introspection_cpp.so
[5.668s] -- Set runtime path of "/home/mtrn/4231/project_workspace/install/messages/lib/libmessages__rosidl_typesupport_introspection_cpp.so" to ""
[5.668s] -- Installing: /home/mtrn/4231/project_workspace/install/messages/lib/libmessages__rosidl_typesupport_cpp.so
[5.668s] -- Set runtime path of "/home/mtrn/4231/project_workspace/install/messages/lib/libmessages__rosidl_typesupport_cpp.so" to ""
[5.668s] -- Up-to-date: /home/mtrn/4231/project_workspace/install/messages/share/messages/environment/pythonpath.sh
[5.668s] -- Installing: /home/mtrn/4231/project_workspace/install/messages/share/messages/environment/pythonpath.dsv
[5.668s] -- Up-to-date: /home/mtrn/4231/project_workspace/install/messages/local/lib/python3.10/dist-packages/messages-0.0.0-py3.10.egg-info
[5.668s] -- Installing: /home/mtrn/4231/project_workspace/install/messages/local/lib/python3.10/dist-packages/messages-0.0.0-py3.10.egg-info/top_level.txt
[5.668s] -- Installing: /home/mtrn/4231/project_workspace/install/messages/local/lib/python3.10/dist-packages/messages-0.0.0-py3.10.egg-info/SOURCES.txt
[5.668s] -- Installing: /home/mtrn/4231/project_workspace/install/messages/local/lib/python3.10/dist-packages/messages-0.0.0-py3.10.egg-info/PKG-INFO
[5.668s] -- Installing: /home/mtrn/4231/project_workspace/install/messages/local/lib/python3.10/dist-packages/messages-0.0.0-py3.10.egg-info/dependency_links.txt
[5.668s] -- Up-to-date: /home/mtrn/4231/project_workspace/install/messages/local/lib/python3.10/dist-packages/messages
[5.668s] -- Installing: /home/mtrn/4231/project_workspace/install/messages/local/lib/python3.10/dist-packages/messages/_messages_s.ep.rosidl_typesupport_fastrtps_c.c
[5.668s] -- Installing: /home/mtrn/4231/project_workspace/install/messages/local/lib/python3.10/dist-packages/messages/messages_s__rosidl_typesupport_fastrtps_c.cpython-310-x86_64-linux-gnu.so
[5.668s] -- Installing: /home/mtrn/4231/project_workspace/install/messages/local/lib/python3.10/dist-packages/messages/_messages_s.ep.rosidl_typesupport_introspection_c.c
[5.668s] -- Installing: /home/mtrn/4231/project_workspace/install/messages/local/lib/python3.10/dist-packages/messages/messages_s__rosidl_typesupport_introspection_c.cpython-310-x86_64-linux-gnu.so
[5.668s] -- Installing: /home/mtrn/4231/project_workspace/install/messages/local/lib/python3.10/dist-packages/messages/messages_s__rosidl_typesupport_c.cpython-310-x86_64-linux-gnu.so
[5.668s] -- Installing: /home/mtrn/4231/project_workspace/install/messages/local/lib/python3.10/dist-packages/messages/libmessages__rosidl_generator_py.so
[5.668s] -- Up-to-date: /home/mtrn/4231/project_workspace/install/messages/local/lib/python3.10/dist-packages/messages/msg
[5.669s] -- Installing: /home/mtrn/4231/project_workspace/install/messages/local/lib/python3.10/dist-packages/messages/msg/_aruco_message.py
[5.669s] -- Installing: /home/mtrn/4231/project_workspace/install/messages/local/lib/python3.10/dist-packages/messages/msg/_aruco_message_s.c
[5.669s] -- Installing: /home/mtrn/4231/project_workspace/install/messages/local/lib/python3.10/dist-packages/messages/msg/__init__.py
[5.669s] -- Installing: /home/mtrn/4231/project_workspace/install/messages/local/lib/python3.10/dist-packages/messages/_messages_s.ep.rosidl_typesupport_c.c
[5.669s] -- Installing: /home/mtrn/4231/project_workspace/install/messages/local/lib/python3.10/dist-packages/messages/__init__.py
[5.695s] Listing '/home/mtrn/4231/project_workspace/install/messages/local/lib/python3.10/dist-packages/messages'...
[5.695s] Compiling '/home/mtrn/4231/project_workspace/install/messages/local/lib/python3.10/dist-packages/messages/__init__.py'...
[5.695s] Listing '/home/mtrn/4231/project_workspace/install/messages/local/lib/python3.10/dist-packages/messages/msg'...
[5.695s] Compiling '/home/mtrn/4231/project_workspace/install/messages/local/lib/python3.10/dist-packages/messages/msg/__init__.py'...
[5.695s] Compiling '/home/mtrn/4231/project_workspace/install/messages/local/lib/python3.10/dist-packages/messages/msg/_aruco_message.py'...
[5.701s] -- Installing: /home/mtrn/4231/project_workspace/install/messages/local/lib/python3.10/dist-packages/messages/messages_s__rosidl_typesupport_fastrtps_c.cpython-310-x86_64-linux-gnu.so
[5.701s] -- Set runtime path of "/home/mtrn/4231/project_workspace/install/messages/local/lib/python3.10/dist-packages/messages/messages_s__rosidl_typesupport_fastrtps_c.cpython-310-x86_64-linux-gnu.so" to ""
[5.701s] -- Installing: /home/mtrn/4231/project_workspace/install/messages/local/lib/python3.10/dist-packages/messages/messages_s__rosidl_typesupport_introspection_c.cpython-310-x86_64-linux-gnu.so
[5.702s] -- Set runtime path of "/home/mtrn/4231/project_workspace/install/messages/local/lib/python3.10/dist-packages/messages/messages_s__rosidl_typesupport_introspection_c.cpython-310-x86_64-linux-gnu.so" to ""
[5.702s] -- Installing: /home/mtrn/4231/project_workspace/install/messages/local/lib/python3.10/dist-packages/messages/messages_s__rosidl_typesupport_c.cpython-310-x86_64-linux-gnu.so
[5.702s] -- Set runtime path of "/home/mtrn/4231/project_workspace/install/messages/local/lib/python3.10/dist-packages/messages/messages_s__rosidl_typesupport_c.cpython-310-x86_64-linux-gnu.so" to ""
[5.702s] -- Installing: /home/mtrn/4231/project_workspace/install/messages/lib/libmessages__rosidl_generator_py.so
[5.703s] -- Set runtime path of "/home/mtrn/4231/project_workspace/install/messages/lib/libmessages__rosidl_generator_py.so" to ""
[5.703s] -- Installing: /home/mtrn/4231/project_workspace/install/messages/share/messages/msg/ArucoMessage.idl
[5.703s] -- Installing: /home/mtrn/4231/project_workspace/install/messages/share/messages/msg/ArucoMessage.msg
[5.703s] -- Up-to-date: /home/mtrn/4231/project_workspace/install/messages/share/ament_index/resource_index/package_run_dependencies/messages
[5.704s] -- Up-to-date: /home/mtrn/4231/project_workspace/install/messages/share/ament_index/resource_index/parent_prefix_path/messages
[5.704s] -- Up-to-date: /home/mtrn/4231/project_workspace/install/messages/share/messages/environment/ament_prefix_path.sh
[5.704s] -- Installing: /home/mtrn/4231/project_workspace/install/messages/share/messages/environment/ament_prefix_path.dsv
[5.704s] -- Up-to-date: /home/mtrn/4231/project_workspace/install/messages/share/messages/environment/path.sh
[5.705s] -- Installing: /home/mtrn/4231/project_workspace/install/messages/share/messages/environment/path.dsv
[5.705s] -- Up-to-date: /home/mtrn/4231/project_workspace/install/messages/share/messages/local_setup.bash
[5.706s] -- Up-to-date: /home/mtrn/4231/project_workspace/install/messages/share/messages/local_setup.sh
[5.706s] -- Up-to-date: /home/mtrn/4231/project_workspace/install/messages/share/messages/local_setup.zsh
[5.706s] -- Installing: /home/mtrn/4231/project_workspace/install/messages/share/messages/local_setup.dsv
[5.707s] -- Installing: /home/mtrn/4231/project_workspace/install/messages/share/messages/package.dsv
[5.707s] -- Up-to-date: /home/mtrn/4231/project_workspace/install/messages/share/ament_index/resource_index/packages/messages
[5.707s] -- Up-to-date: /home/mtrn/4231/project_workspace/install/messages/share/messages/cmake/export_messages__rosidl_generator_cExport.cmake
[5.707s] -- Up-to-date: /home/mtrn/4231/project_workspace/install/messages/share/messages/cmake/export_messages__rosidl_generator_cExport-noconfig.cmake
[5.707s] -- Up-to-date: /home/mtrn/4231/project_workspace/install/messages/share/messages/cmake/export_messages__rosidl_typesupport_fastrtps_cExport.cmake
[5.707s] -- Up-to-date: /home/mtrn/4231/project_workspace/install/messages/share/messages/cmake/export_messages__rosidl_typesupport_fastrtps_cExport-noconfig.cmake
[5.707s] -- Up-to-date: /home/mtrn/4231/project_workspace/install/messages/share/messages/cmake/messages__rosidl_typesupport_introspection_cExport.cmake
[5.707s] -- Up-to-date: /home/mtrn/4231/project_workspace/install/messages/share/messages/cmake/messages__rosidl_typesupport_introspection_cExport-noconfig.cmake
[5.708s] -- Up-to-date: /home/mtrn/4231/project_workspace/install/messages/share/messages/cmake/messages__rosidl_typesupport_cExport.cmake
[5.708s] -- Up-to-date: /home/mtrn/4231/project_workspace/install/messages/share/messages/cmake/messages__rosidl_typesupport_cExport-noconfig.cmake
[5.708s] -- Up-to-date: /home/mtrn/4231/project_workspace/install/messages/share/messages/cmake/export_messages__rosidl_generator_cppExport.cmake
[5.708s] -- Up-to-date: /home/mtrn/4231/project_workspace/install/messages/share/messages/cmake/export_messages__rosidl_typesupport_fastrtps_cppExport.cmake
[5.709s] -- Up-to-date: /home/mtrn/4231/project_workspace/install/messages/share/messages/cmake/export_messages__rosidl_typesupport_fastrtps_cppExport-noconfig.cmake
[5.709s] -- Up-to-date: /home/mtrn/4231/project_workspace/install/messages/share/messages/cmake/messages__rosidl_typesupport_introspection_cppExport.cmake
[5.709s] -- Up-to-date: /home/mtrn/4231/project_workspace/install/messages/share/messages/cmake/messages__rosidl_typesupport_introspection_cppExport-noconfig.cmake
[5.709s] -- Up-to-date: /home/mtrn/4231/project_workspace/install/messages/share/messages/cmake/messages__rosidl_typesupport_cppExport.cmake
[5.709s] -- Up-to-date: /home/mtrn/4231/project_workspace/install/messages/share/messages/cmake/messages__rosidl_typesupport_cppExport-noconfig.cmake
[5.710s] -- Up-to-date: /home/mtrn/4231/project_workspace/install/messages/share/messages/cmake/export_messages__rosidl_generator_pyExport.cmake
[5.710s] -- Up-to-date: /home/mtrn/4231/project_workspace/install/messages/share/messages/cmake/export_messages__rosidl_generator_pyExport-noconfig.cmake
[5.711s] -- Up-to-date: /home/mtrn/4231/project_workspace/install/messages/share/messages/cmake/rosidl_cmake-extras.cmake
[5.711s] -- Up-to-date: /home/mtrn/4231/project_workspace/install/messages/share/messages/cmake/ament_cmake_export_include_directories-extras.cmake
[5.712s] -- Up-to-date: /home/mtrn/4231/project_workspace/install/messages/share/messages/cmake/ament_cmake_export_libraries-extras.cmake
[5.712s] -- Up-to-date: /home/mtrn/4231/project_workspace/install/messages/share/messages/cmake/ament_cmake_export_targets-extras.cmake
[5.713s] -- Up-to-date: /home/mtrn/4231/project_workspace/install/messages/share/messages/cmake/rosidl_cmake_export_typesupport_targets-extras.cmake
[5.714s] -- Up-to-date: /home/mtrn/4231/project_workspace/install/messages/share/messages/cmake/ament_cmake_export_dependencies-extras.cmake
[5.715s] -- Up-to-date: /home/mtrn/4231/project_workspace/install/messages/share/messages/cmake/rosidl_cmake_export_typesupport_libraries-extras.cmake
[5.715s] -- Up-to-date: /home/mtrn/4231/project_workspace/install/messages/share/messages/cmake/messagesConfig.cmake
[5.715s] -- Up-to-date: /home/mtrn/4231/project_workspace/install/messages/share/messages/cmake/messagesConfig-version.cmake
[5.715s] -- Up-to-date: /home/mtrn/4231/project_workspace/install/messages/share/messages/package.xml
[5.720s] Invoked command in '/home/mtrn/4231/project_workspace/build/messages' returned '0': CMAKE_PREFIX_PATH=${CMAKE_PREFIX_PATH}:/home/mtrn/4231/project_workspace/install/opencv_example:/home/mtrn/4231/project_workspace/install/openCV_example:/home/mtrn/4231/project_workspace/install/my_package:/home/mtrn/4231/ws_moveit2/install/moveit_configs_utils:/home/mtrn/4231/ws_moveit2/install/launch_param_builder:/opt/ros/humble /usr/bin/cmake --install /home/mtrn/4231/project_workspace/build/messages
