[1.197s] Invoking command in '/home/mtrn/4231/liam_stuff/4231project/src/my_package': PYTHONPATH=/home/mtrn/4231/liam_stuff/4231project/build/my_package/prefix_override:/home/mtrn/4231/liam_stuff/4231project/install/my_package/lib/python3.10/site-packages:${PYTHONPATH} /usr/bin/python3 setup.py egg_info --egg-base ../../build/my_package build --build-base /home/mtrn/4231/liam_stuff/4231project/build/my_package/build install --record /home/mtrn/4231/liam_stuff/4231project/build/my_package/install.log --single-version-externally-managed
[1.475s] running egg_info
[1.475s] writing ../../build/my_package/my_package.egg-info/PKG-INFO
[1.475s] writing dependency_links to ../../build/my_package/my_package.egg-info/dependency_links.txt
[1.476s] writing entry points to ../../build/my_package/my_package.egg-info/entry_points.txt
[1.476s] writing requirements to ../../build/my_package/my_package.egg-info/requires.txt
[1.476s] writing top-level names to ../../build/my_package/my_package.egg-info/top_level.txt
[1.477s] reading manifest file '../../build/my_package/my_package.egg-info/SOURCES.txt'
[1.478s] writing manifest file '../../build/my_package/my_package.egg-info/SOURCES.txt'
[1.478s] running build
[1.479s] running build_py
[1.479s] running install
[1.479s] /usr/lib/python3/dist-packages/setuptools/command/install.py:34: SetuptoolsDeprecationWarning: setup.py install is deprecated. Use build and pip and other standards-based tools.
[1.479s]   warnings.warn(
[1.479s] running install_lib
[1.480s] running install_data
[1.481s] running install_egg_info
[1.483s] removing '/home/mtrn/4231/liam_stuff/4231project/install/my_package/lib/python3.10/site-packages/my_package-0.0.0-py3.10.egg-info' (and everything under it)
[1.483s] Copying ../../build/my_package/my_package.egg-info to /home/mtrn/4231/liam_stuff/4231project/install/my_package/lib/python3.10/site-packages/my_package-0.0.0-py3.10.egg-info
[1.484s] running install_scripts
[1.504s] Installing my_node script to /home/mtrn/4231/liam_stuff/4231project/install/my_package/lib/my_package
[1.505s] writing list of installed files to '/home/mtrn/4231/liam_stuff/4231project/build/my_package/install.log'
[1.540s] Invoked command in '/home/mtrn/4231/liam_stuff/4231project/src/my_package' returned '0': PYTHONPATH=/home/mtrn/4231/liam_stuff/4231project/build/my_package/prefix_override:/home/mtrn/4231/liam_stuff/4231project/install/my_package/lib/python3.10/site-packages:${PYTHONPATH} /usr/bin/python3 setup.py egg_info --egg-base ../../build/my_package build --build-base /home/mtrn/4231/liam_stuff/4231project/build/my_package/build install --record /home/mtrn/4231/liam_stuff/4231project/build/my_package/install.log --single-version-externally-managed
