[1.131s] Invoking command in '/home/mtrn/4231/project_workspace/src/my_package': PYTHONPATH=/home/mtrn/4231/project_workspace/build/my_package/prefix_override:/home/mtrn/4231/project_workspace/install/my_package/lib/python3.10/site-packages:${PYTHONPATH} /usr/bin/python3 setup.py egg_info --egg-base ../../build/my_package build --build-base /home/mtrn/4231/project_workspace/build/my_package/build install --record /home/mtrn/4231/project_workspace/build/my_package/install.log --single-version-externally-managed
[1.403s] running egg_info
[1.404s] creating ../../build/my_package/my_package.egg-info
[1.404s] writing ../../build/my_package/my_package.egg-info/PKG-INFO
[1.404s] writing dependency_links to ../../build/my_package/my_package.egg-info/dependency_links.txt
[1.405s] writing entry points to ../../build/my_package/my_package.egg-info/entry_points.txt
[1.405s] writing requirements to ../../build/my_package/my_package.egg-info/requires.txt
[1.405s] writing top-level names to ../../build/my_package/my_package.egg-info/top_level.txt
[1.405s] writing manifest file '../../build/my_package/my_package.egg-info/SOURCES.txt'
[1.407s] reading manifest file '../../build/my_package/my_package.egg-info/SOURCES.txt'
[1.408s] writing manifest file '../../build/my_package/my_package.egg-info/SOURCES.txt'
[1.409s] running build
[1.409s] running build_py
[1.409s] creating /home/mtrn/4231/project_workspace/build/my_package/build
[1.409s] creating /home/mtrn/4231/project_workspace/build/my_package/build/lib
[1.409s] creating /home/mtrn/4231/project_workspace/build/my_package/build/lib/my_package
[1.409s] copying my_package/my_node.py -> /home/mtrn/4231/project_workspace/build/my_package/build/lib/my_package
[1.409s] copying my_package/__init__.py -> /home/mtrn/4231/project_workspace/build/my_package/build/lib/my_package
[1.409s] running install
[1.410s] /usr/lib/python3/dist-packages/setuptools/command/install.py:34: SetuptoolsDeprecationWarning: setup.py install is deprecated. Use build and pip and other standards-based tools.
[1.410s]   warnings.warn(
[1.410s] running install_lib
[1.411s] creating /home/mtrn/4231/project_workspace/install/my_package/lib/python3.10/site-packages/my_package
[1.411s] copying /home/mtrn/4231/project_workspace/build/my_package/build/lib/my_package/my_node.py -> /home/mtrn/4231/project_workspace/install/my_package/lib/python3.10/site-packages/my_package
[1.412s] copying /home/mtrn/4231/project_workspace/build/my_package/build/lib/my_package/__init__.py -> /home/mtrn/4231/project_workspace/install/my_package/lib/python3.10/site-packages/my_package
[1.412s] byte-compiling /home/mtrn/4231/project_workspace/install/my_package/lib/python3.10/site-packages/my_package/my_node.py to my_node.cpython-310.pyc
[1.413s] byte-compiling /home/mtrn/4231/project_workspace/install/my_package/lib/python3.10/site-packages/my_package/__init__.py to __init__.cpython-310.pyc
[1.413s] running install_data
[1.414s] creating /home/mtrn/4231/project_workspace/install/my_package/share/ament_index
[1.414s] creating /home/mtrn/4231/project_workspace/install/my_package/share/ament_index/resource_index
[1.414s] creating /home/mtrn/4231/project_workspace/install/my_package/share/ament_index/resource_index/packages
[1.414s] copying resource/my_package -> /home/mtrn/4231/project_workspace/install/my_package/share/ament_index/resource_index/packages
[1.414s] copying package.xml -> /home/mtrn/4231/project_workspace/install/my_package/share/my_package
[1.414s] running install_egg_info
[1.416s] Copying ../../build/my_package/my_package.egg-info to /home/mtrn/4231/project_workspace/install/my_package/lib/python3.10/site-packages/my_package-0.0.0-py3.10.egg-info
[1.417s] running install_scripts
[1.441s] Installing my_node script to /home/mtrn/4231/project_workspace/install/my_package/lib/my_package
[1.442s] writing list of installed files to '/home/mtrn/4231/project_workspace/build/my_package/install.log'
[1.511s] Invoked command in '/home/mtrn/4231/project_workspace/src/my_package' returned '0': PYTHONPATH=/home/mtrn/4231/project_workspace/build/my_package/prefix_override:/home/mtrn/4231/project_workspace/install/my_package/lib/python3.10/site-packages:${PYTHONPATH} /usr/bin/python3 setup.py egg_info --egg-base ../../build/my_package build --build-base /home/mtrn/4231/project_workspace/build/my_package/build install --record /home/mtrn/4231/project_workspace/build/my_package/install.log --single-version-externally-managed
