[1.061s] Invoking command in '/home/mtrn/4231/liam_stuff/4231project/src/my_package': PYTHONPATH=/home/mtrn/4231/liam_stuff/4231project/build/my_package/prefix_override:/home/mtrn/4231/liam_stuff/4231project/install/my_package/lib/python3.10/site-packages:${PYTHONPATH} /usr/bin/python3 setup.py egg_info --egg-base ../../build/my_package build --build-base /home/mtrn/4231/liam_stuff/4231project/build/my_package/build install --record /home/mtrn/4231/liam_stuff/4231project/build/my_package/install.log --single-version-externally-managed
[1.309s] running egg_info
[1.309s] creating ../../build/my_package/my_package.egg-info
[1.310s] writing ../../build/my_package/my_package.egg-info/PKG-INFO
[1.310s] writing dependency_links to ../../build/my_package/my_package.egg-info/dependency_links.txt
[1.310s] writing entry points to ../../build/my_package/my_package.egg-info/entry_points.txt
[1.311s] writing requirements to ../../build/my_package/my_package.egg-info/requires.txt
[1.311s] writing top-level names to ../../build/my_package/my_package.egg-info/top_level.txt
[1.312s] writing manifest file '../../build/my_package/my_package.egg-info/SOURCES.txt'
[1.312s] reading manifest file '../../build/my_package/my_package.egg-info/SOURCES.txt'
[1.313s] writing manifest file '../../build/my_package/my_package.egg-info/SOURCES.txt'
[1.313s] running build
[1.314s] running build_py
[1.314s] creating /home/mtrn/4231/liam_stuff/4231project/build/my_package/build
[1.314s] creating /home/mtrn/4231/liam_stuff/4231project/build/my_package/build/lib
[1.315s] creating /home/mtrn/4231/liam_stuff/4231project/build/my_package/build/lib/my_package
[1.315s] copying my_package/my_node.py -> /home/mtrn/4231/liam_stuff/4231project/build/my_package/build/lib/my_package
[1.316s] copying my_package/__init__.py -> /home/mtrn/4231/liam_stuff/4231project/build/my_package/build/lib/my_package
[1.316s] running install
[1.317s] /usr/lib/python3/dist-packages/setuptools/command/install.py:34: SetuptoolsDeprecationWarning: setup.py install is deprecated. Use build and pip and other standards-based tools.
[1.317s]   warnings.warn(
[1.317s] running install_lib
[1.318s] creating /home/mtrn/4231/liam_stuff/4231project/install/my_package/lib/python3.10/site-packages/my_package
[1.318s] copying /home/mtrn/4231/liam_stuff/4231project/build/my_package/build/lib/my_package/my_node.py -> /home/mtrn/4231/liam_stuff/4231project/install/my_package/lib/python3.10/site-packages/my_package
[1.319s] copying /home/mtrn/4231/liam_stuff/4231project/build/my_package/build/lib/my_package/__init__.py -> /home/mtrn/4231/liam_stuff/4231project/install/my_package/lib/python3.10/site-packages/my_package
[1.320s] byte-compiling /home/mtrn/4231/liam_stuff/4231project/install/my_package/lib/python3.10/site-packages/my_package/my_node.py to my_node.cpython-310.pyc
[1.320s] byte-compiling /home/mtrn/4231/liam_stuff/4231project/install/my_package/lib/python3.10/site-packages/my_package/__init__.py to __init__.cpython-310.pyc
[1.321s] running install_data
[1.321s] creating /home/mtrn/4231/liam_stuff/4231project/install/my_package/share/ament_index
[1.321s] creating /home/mtrn/4231/liam_stuff/4231project/install/my_package/share/ament_index/resource_index
[1.322s] creating /home/mtrn/4231/liam_stuff/4231project/install/my_package/share/ament_index/resource_index/packages
[1.322s] copying resource/my_package -> /home/mtrn/4231/liam_stuff/4231project/install/my_package/share/ament_index/resource_index/packages
[1.322s] copying package.xml -> /home/mtrn/4231/liam_stuff/4231project/install/my_package/share/my_package
[1.323s] running install_egg_info
[1.323s] Copying ../../build/my_package/my_package.egg-info to /home/mtrn/4231/liam_stuff/4231project/install/my_package/lib/python3.10/site-packages/my_package-0.0.0-py3.10.egg-info
[1.323s] running install_scripts
[1.341s] Installing my_node script to /home/mtrn/4231/liam_stuff/4231project/install/my_package/lib/my_package
[1.341s] writing list of installed files to '/home/mtrn/4231/liam_stuff/4231project/build/my_package/install.log'
[1.376s] Invoked command in '/home/mtrn/4231/liam_stuff/4231project/src/my_package' returned '0': PYTHONPATH=/home/mtrn/4231/liam_stuff/4231project/build/my_package/prefix_override:/home/mtrn/4231/liam_stuff/4231project/install/my_package/lib/python3.10/site-packages:${PYTHONPATH} /usr/bin/python3 setup.py egg_info --egg-base ../../build/my_package build --build-base /home/mtrn/4231/liam_stuff/4231project/build/my_package/build install --record /home/mtrn/4231/liam_stuff/4231project/build/my_package/install.log --single-version-externally-managed
