[0.132s] Invoking command in '/home/mtrn/4231/liam_stuff/4231project/build/messages': CMAKE_PREFIX_PATH=${CMAKE_PREFIX_PATH}:/home/mtrn/4231/liam_stuff/4231project/install/ros2_aruco:/home/mtrn/4231/liam_stuff/4231project/install/opencv_example:/home/mtrn/4231/liam_stuff/4231project/install/my_package:/home/mtrn/4231/ws_moveit2/install/moveit_configs_utils:/home/mtrn/4231/ws_moveit2/install/launch_param_builder:/opt/ros/humble /home/mtrn/.local/bin/cmake --build /home/mtrn/4231/liam_stuff/4231project/build/messages -- -j12 -l12
[1.354s] -- Found ament_cmake: 1.3.5 (/opt/ros/humble/share/ament_cmake/cmake)
[1.354s] -- Found rosidl_default_generators: 1.2.0 (/opt/ros/humble/share/rosidl_default_generators/cmake)
[1.354s] -- Using all available rosidl_typesupport_c: rosidl_typesupport_fastrtps_c;rosidl_typesupport_introspection_c
[1.356s] -- Found rosidl_adapter: 3.1.5 (/opt/ros/humble/share/rosidl_adapter/cmake)
[1.356s] -- Using all available rosidl_typesupport_cpp: rosidl_typesupport_fastrtps_cpp;rosidl_typesupport_introspection_cpp
[1.356s] [0mCMake Error: The current CMakeCache.txt directory /home/mtrn/4231/liam_stuff/4231project/build/messages/CMakeCache.txt is different than the directory /home/mtrn/4231/liam_stuff/project_git/4231project/build/messages where CMakeCache.txt was created. This may result in binaries being created in the wrong place. If you are not sure, reedit the CMakeCache.txt[0m
[1.379s] -- Found ament_cmake_ros: 0.10.0 (/opt/ros/humble/share/ament_cmake_ros/cmake)
[2.242s] -- Using all available rosidl_typesupport_c: rosidl_typesupport_fastrtps_c;rosidl_typesupport_introspection_c
[3.235s] -- Using all available rosidl_typesupport_cpp: rosidl_typesupport_fastrtps_cpp;rosidl_typesupport_introspection_cpp
[3.239s] [33mCMake Warning (dev) at /opt/ros/humble/share/rosidl_generator_py/cmake/rosidl_generator_py_generate_interfaces.cmake:20 (find_package):
[3.239s]   Policy CMP0148 is not set: The FindPythonInterp and FindPythonLibs modules
[3.240s]   are removed.  Run "cmake --help-policy CMP0148" for policy details.  Use
[3.240s]   the cmake_policy command to set the policy and suppress this warning.
[3.240s] 
[3.240s] Call Stack (most recent call first):
[3.240s]   /opt/ros/humble/share/ament_cmake_core/cmake/core/ament_execute_extensions.cmake:48 (include)
[3.240s]   /opt/ros/humble/share/rosidl_cmake/cmake/rosidl_generate_interfaces.cmake:286 (ament_execute_extensions)
[3.240s]   CMakeLists.txt:21 (rosidl_generate_interfaces)
[3.240s] This warning is for project developers.  Use -Wno-dev to suppress it.
[3.240s] [0m
[3.274s] -- Found python_cmake_module: 0.10.0 (/opt/ros/humble/share/python_cmake_module/cmake)
[3.274s] [33mCMake Warning (dev) at /opt/ros/humble/share/python_cmake_module/cmake/Modules/FindPythonExtra.cmake:52 (find_package):
[3.275s]   Policy CMP0148 is not set: The FindPythonInterp and FindPythonLibs modules
[3.275s]   are removed.  Run "cmake --help-policy CMP0148" for policy details.  Use
[3.275s]   the cmake_policy command to set the policy and suppress this warning.
[3.275s] 
[3.275s] Call Stack (most recent call first):
[3.275s]   /opt/ros/humble/share/rosidl_generator_py/cmake/rosidl_generator_py_generate_interfaces.cmake:23 (find_package)
[3.275s]   /opt/ros/humble/share/ament_cmake_core/cmake/core/ament_execute_extensions.cmake:48 (include)
[3.275s]   /opt/ros/humble/share/rosidl_cmake/cmake/rosidl_generate_interfaces.cmake:286 (ament_execute_extensions)
[3.275s]   CMakeLists.txt:21 (rosidl_generate_interfaces)
[3.275s] This warning is for project developers.  Use -Wno-dev to suppress it.
[3.275s] [0m
[3.318s] [33mCMake Warning (dev) at /opt/ros/humble/share/python_cmake_module/cmake/Modules/FindPythonExtra.cmake:140 (find_package):
[3.318s]   Policy CMP0148 is not set: The FindPythonInterp and FindPythonLibs modules
[3.318s]   are removed.  Run "cmake --help-policy CMP0148" for policy details.  Use
[3.318s]   the cmake_policy command to set the policy and suppress this warning.
[3.318s] 
[3.318s] Call Stack (most recent call first):
[3.318s]   /opt/ros/humble/share/rosidl_generator_py/cmake/rosidl_generator_py_generate_interfaces.cmake:23 (find_package)
[3.318s]   /opt/ros/humble/share/ament_cmake_core/cmake/core/ament_execute_extensions.cmake:48 (include)
[3.318s]   /opt/ros/humble/share/rosidl_cmake/cmake/rosidl_generate_interfaces.cmake:286 (ament_execute_extensions)
[3.318s]   CMakeLists.txt:21 (rosidl_generate_interfaces)
[3.318s] This warning is for project developers.  Use -Wno-dev to suppress it.
[3.318s] [0m
[3.321s] -- Using PYTHON_EXECUTABLE: /usr/bin/python3
[3.321s] -- Using PYTHON_INCLUDE_DIRS: /usr/include/python3.10
[3.321s] -- Using PYTHON_LIBRARIES: /usr/lib/x86_64-linux-gnu/libpython3.10.so
[3.403s] -- Configuring done (3.2s)
[3.437s] -- Generating done (0.0s)
[3.440s] -- Build files have been written to: /home/mtrn/4231/liam_stuff/project_git/4231project/build/messages
[3.497s] [  3%] Built target messages__cpp
[3.500s] [ 12%] Built target messages__rosidl_generator_c
[3.507s] [ 12%] Built target ament_cmake_python_copy_messages
[3.539s] [ 32%] Built target messages__rosidl_typesupport_cpp
[3.539s] [ 32%] Built target messages__rosidl_typesupport_fastrtps_cpp
[3.543s] [ 51%] Built target messages__rosidl_typesupport_c
[3.543s] [ 51%] Built target messages__rosidl_typesupport_introspection_c
[3.546s] [ 61%] Built target messages__rosidl_typesupport_introspection_cpp
[3.548s] [ 70%] Built target messages__rosidl_typesupport_fastrtps_c
[3.585s] [ 70%] Built target messages
[3.622s] [ 74%] Built target messages__py
[3.656s] [ 80%] Built target messages__rosidl_generator_py
[3.691s] [ 87%] Built target messages__rosidl_typesupport_introspection_c__pyext
[3.692s] [ 93%] Built target messages__rosidl_typesupport_c__pyext
[3.696s] [100%] Built target messages__rosidl_typesupport_fastrtps_c__pyext
[3.857s] running egg_info
[3.858s] writing messages.egg-info/PKG-INFO
[3.858s] writing dependency_links to messages.egg-info/dependency_links.txt
[3.858s] writing top-level names to messages.egg-info/top_level.txt
[3.861s] reading manifest file 'messages.egg-info/SOURCES.txt'
[3.861s] writing manifest file 'messages.egg-info/SOURCES.txt'
[3.902s] [100%] Built target ament_cmake_python_build_messages_egg
[3.943s] Invoked command in '/home/mtrn/4231/liam_stuff/4231project/build/messages' returned '0': CMAKE_PREFIX_PATH=${CMAKE_PREFIX_PATH}:/home/mtrn/4231/liam_stuff/4231project/install/ros2_aruco:/home/mtrn/4231/liam_stuff/4231project/install/opencv_example:/home/mtrn/4231/liam_stuff/4231project/install/my_package:/home/mtrn/4231/ws_moveit2/install/moveit_configs_utils:/home/mtrn/4231/ws_moveit2/install/launch_param_builder:/opt/ros/humble /home/mtrn/.local/bin/cmake --build /home/mtrn/4231/liam_stuff/4231project/build/messages -- -j12 -l12
[4.369s] Invoking command in '/home/mtrn/4231/liam_stuff/4231project/build/messages': CMAKE_PREFIX_PATH=${CMAKE_PREFIX_PATH}:/home/mtrn/4231/liam_stuff/4231project/install/ros2_aruco:/home/mtrn/4231/liam_stuff/4231project/install/opencv_example:/home/mtrn/4231/liam_stuff/4231project/install/my_package:/home/mtrn/4231/ws_moveit2/install/moveit_configs_utils:/home/mtrn/4231/ws_moveit2/install/launch_param_builder:/opt/ros/humble /home/mtrn/.local/bin/cmake --install /home/mtrn/4231/liam_stuff/4231project/build/messages
[4.421s] -- Install configuration: ""
[4.421s] -- Up-to-date: /home/mtrn/4231/liam_stuff/project_git/4231project/install/messages/share/ament_index/resource_index/rosidl_interfaces/messages
[4.421s] -- Up-to-date: /home/mtrn/4231/liam_stuff/project_git/4231project/install/messages/include/messages/messages
[4.421s] -- Up-to-date: /home/mtrn/4231/liam_stuff/project_git/4231project/install/messages/include/messages/messages/msg
[4.421s] -- Up-to-date: /home/mtrn/4231/liam_stuff/project_git/4231project/install/messages/include/messages/messages/msg/rosidl_generator_c__visibility_control.h
[4.421s] -- Up-to-date: /home/mtrn/4231/liam_stuff/project_git/4231project/install/messages/include/messages/messages/msg/aruco_message.h
[4.422s] -- Up-to-date: /home/mtrn/4231/liam_stuff/project_git/4231project/install/messages/include/messages/messages/msg/detail
[4.422s] -- Up-to-date: /home/mtrn/4231/liam_stuff/project_git/4231project/install/messages/include/messages/messages/msg/detail/aruco_message__functions.c
[4.422s] -- Up-to-date: /home/mtrn/4231/liam_stuff/project_git/4231project/install/messages/include/messages/messages/msg/detail/aruco_message__type_support.h
[4.422s] -- Up-to-date: /home/mtrn/4231/liam_stuff/project_git/4231project/install/messages/include/messages/messages/msg/detail/aruco_message__struct.h
[4.422s] -- Up-to-date: /home/mtrn/4231/liam_stuff/project_git/4231project/install/messages/include/messages/messages/msg/detail/aruco_message__functions.h
[4.422s] -- Up-to-date: /home/mtrn/4231/liam_stuff/project_git/4231project/install/messages/share/messages/environment/library_path.sh
[4.422s] -- Installing: /home/mtrn/4231/liam_stuff/project_git/4231project/install/messages/share/messages/environment/library_path.dsv
[4.422s] -- Up-to-date: /home/mtrn/4231/liam_stuff/project_git/4231project/install/messages/lib/libmessages__rosidl_generator_c.so
[4.422s] -- Up-to-date: /home/mtrn/4231/liam_stuff/project_git/4231project/install/messages/include/messages/messages
[4.422s] -- Up-to-date: /home/mtrn/4231/liam_stuff/project_git/4231project/install/messages/include/messages/messages/msg
[4.422s] -- Up-to-date: /home/mtrn/4231/liam_stuff/project_git/4231project/install/messages/include/messages/messages/msg/rosidl_typesupport_fastrtps_c__visibility_control.h
[4.422s] -- Up-to-date: /home/mtrn/4231/liam_stuff/project_git/4231project/install/messages/include/messages/messages/msg/detail
[4.422s] -- Up-to-date: /home/mtrn/4231/liam_stuff/project_git/4231project/install/messages/include/messages/messages/msg/detail/aruco_message__rosidl_typesupport_fastrtps_c.h
[4.422s] -- Up-to-date: /home/mtrn/4231/liam_stuff/project_git/4231project/install/messages/lib/libmessages__rosidl_typesupport_fastrtps_c.so
[4.422s] -- Up-to-date: /home/mtrn/4231/liam_stuff/project_git/4231project/install/messages/include/messages/messages
[4.422s] -- Up-to-date: /home/mtrn/4231/liam_stuff/project_git/4231project/install/messages/include/messages/messages/msg
[4.423s] -- Up-to-date: /home/mtrn/4231/liam_stuff/project_git/4231project/install/messages/include/messages/messages/msg/rosidl_typesupport_introspection_c__visibility_control.h
[4.423s] -- Up-to-date: /home/mtrn/4231/liam_stuff/project_git/4231project/install/messages/include/messages/messages/msg/detail
[4.423s] -- Up-to-date: /home/mtrn/4231/liam_stuff/project_git/4231project/install/messages/include/messages/messages/msg/detail/aruco_message__type_support.c
[4.423s] -- Up-to-date: /home/mtrn/4231/liam_stuff/project_git/4231project/install/messages/include/messages/messages/msg/detail/aruco_message__rosidl_typesupport_introspection_c.h
[4.423s] -- Up-to-date: /home/mtrn/4231/liam_stuff/project_git/4231project/install/messages/lib/libmessages__rosidl_typesupport_introspection_c.so
[4.423s] -- Up-to-date: /home/mtrn/4231/liam_stuff/project_git/4231project/install/messages/lib/libmessages__rosidl_typesupport_c.so
[4.423s] -- Up-to-date: /home/mtrn/4231/liam_stuff/project_git/4231project/install/messages/include/messages/messages
[4.423s] -- Up-to-date: /home/mtrn/4231/liam_stuff/project_git/4231project/install/messages/include/messages/messages/msg
[4.423s] -- Up-to-date: /home/mtrn/4231/liam_stuff/project_git/4231project/install/messages/include/messages/messages/msg/aruco_message.hpp
[4.423s] -- Up-to-date: /home/mtrn/4231/liam_stuff/project_git/4231project/install/messages/include/messages/messages/msg/detail
[4.424s] -- Up-to-date: /home/mtrn/4231/liam_stuff/project_git/4231project/install/messages/include/messages/messages/msg/detail/aruco_message__traits.hpp
[4.424s] -- Up-to-date: /home/mtrn/4231/liam_stuff/project_git/4231project/install/messages/include/messages/messages/msg/detail/aruco_message__struct.hpp
[4.424s] -- Up-to-date: /home/mtrn/4231/liam_stuff/project_git/4231project/install/messages/include/messages/messages/msg/detail/aruco_message__builder.hpp
[4.424s] -- Up-to-date: /home/mtrn/4231/liam_stuff/project_git/4231project/install/messages/include/messages/messages
[4.424s] -- Up-to-date: /home/mtrn/4231/liam_stuff/project_git/4231project/install/messages/include/messages/messages/msg
[4.424s] -- Up-to-date: /home/mtrn/4231/liam_stuff/project_git/4231project/install/messages/include/messages/messages/msg/rosidl_typesupport_fastrtps_cpp__visibility_control.h
[4.424s] -- Up-to-date: /home/mtrn/4231/liam_stuff/project_git/4231project/install/messages/include/messages/messages/msg/detail
[4.424s] -- Up-to-date: /home/mtrn/4231/liam_stuff/project_git/4231project/install/messages/include/messages/messages/msg/detail/dds_fastrtps
[4.424s] -- Up-to-date: /home/mtrn/4231/liam_stuff/project_git/4231project/install/messages/include/messages/messages/msg/detail/aruco_message__rosidl_typesupport_fastrtps_cpp.hpp
[4.424s] -- Up-to-date: /home/mtrn/4231/liam_stuff/project_git/4231project/install/messages/lib/libmessages__rosidl_typesupport_fastrtps_cpp.so
[4.424s] -- Up-to-date: /home/mtrn/4231/liam_stuff/project_git/4231project/install/messages/include/messages/messages
[4.424s] -- Up-to-date: /home/mtrn/4231/liam_stuff/project_git/4231project/install/messages/include/messages/messages/msg
[4.424s] -- Up-to-date: /home/mtrn/4231/liam_stuff/project_git/4231project/install/messages/include/messages/messages/msg/detail
[4.425s] -- Up-to-date: /home/mtrn/4231/liam_stuff/project_git/4231project/install/messages/include/messages/messages/msg/detail/aruco_message__type_support.cpp
[4.425s] -- Up-to-date: /home/mtrn/4231/liam_stuff/project_git/4231project/install/messages/include/messages/messages/msg/detail/aruco_message__rosidl_typesupport_introspection_cpp.hpp
[4.425s] -- Up-to-date: /home/mtrn/4231/liam_stuff/project_git/4231project/install/messages/lib/libmessages__rosidl_typesupport_introspection_cpp.so
[4.425s] -- Up-to-date: /home/mtrn/4231/liam_stuff/project_git/4231project/install/messages/lib/libmessages__rosidl_typesupport_cpp.so
[4.425s] -- Up-to-date: /home/mtrn/4231/liam_stuff/project_git/4231project/install/messages/share/messages/environment/pythonpath.sh
[4.425s] -- Installing: /home/mtrn/4231/liam_stuff/project_git/4231project/install/messages/share/messages/environment/pythonpath.dsv
[4.425s] -- Up-to-date: /home/mtrn/4231/liam_stuff/project_git/4231project/install/messages/local/lib/python3.10/dist-packages/messages-0.0.0-py3.10.egg-info
[4.425s] -- Installing: /home/mtrn/4231/liam_stuff/project_git/4231project/install/messages/local/lib/python3.10/dist-packages/messages-0.0.0-py3.10.egg-info/SOURCES.txt
[4.425s] -- Installing: /home/mtrn/4231/liam_stuff/project_git/4231project/install/messages/local/lib/python3.10/dist-packages/messages-0.0.0-py3.10.egg-info/dependency_links.txt
[4.425s] -- Installing: /home/mtrn/4231/liam_stuff/project_git/4231project/install/messages/local/lib/python3.10/dist-packages/messages-0.0.0-py3.10.egg-info/PKG-INFO
[4.426s] -- Installing: /home/mtrn/4231/liam_stuff/project_git/4231project/install/messages/local/lib/python3.10/dist-packages/messages-0.0.0-py3.10.egg-info/top_level.txt
[4.426s] -- Up-to-date: /home/mtrn/4231/liam_stuff/project_git/4231project/install/messages/local/lib/python3.10/dist-packages/messages
[4.426s] -- Up-to-date: /home/mtrn/4231/liam_stuff/project_git/4231project/install/messages/local/lib/python3.10/dist-packages/messages/messages_s__rosidl_typesupport_introspection_c.cpython-310-x86_64-linux-gnu.so
[4.426s] -- Up-to-date: /home/mtrn/4231/liam_stuff/project_git/4231project/install/messages/local/lib/python3.10/dist-packages/messages/_messages_s.ep.rosidl_typesupport_introspection_c.c
[4.426s] -- Up-to-date: /home/mtrn/4231/liam_stuff/project_git/4231project/install/messages/local/lib/python3.10/dist-packages/messages/_messages_s.ep.rosidl_typesupport_fastrtps_c.c
[4.426s] -- Up-to-date: /home/mtrn/4231/liam_stuff/project_git/4231project/install/messages/local/lib/python3.10/dist-packages/messages/_messages_s.ep.rosidl_typesupport_c.c
[4.426s] -- Installing: /home/mtrn/4231/liam_stuff/project_git/4231project/install/messages/local/lib/python3.10/dist-packages/messages/__init__.py
[4.426s] -- Up-to-date: /home/mtrn/4231/liam_stuff/project_git/4231project/install/messages/local/lib/python3.10/dist-packages/messages/messages_s__rosidl_typesupport_fastrtps_c.cpython-310-x86_64-linux-gnu.so
[4.426s] -- Up-to-date: /home/mtrn/4231/liam_stuff/project_git/4231project/install/messages/local/lib/python3.10/dist-packages/messages/libmessages__rosidl_generator_py.so
[4.426s] -- Up-to-date: /home/mtrn/4231/liam_stuff/project_git/4231project/install/messages/local/lib/python3.10/dist-packages/messages/msg
[4.426s] -- Up-to-date: /home/mtrn/4231/liam_stuff/project_git/4231project/install/messages/local/lib/python3.10/dist-packages/messages/msg/_aruco_message_s.c
[4.426s] -- Up-to-date: /home/mtrn/4231/liam_stuff/project_git/4231project/install/messages/local/lib/python3.10/dist-packages/messages/msg/__init__.py
[4.426s] -- Up-to-date: /home/mtrn/4231/liam_stuff/project_git/4231project/install/messages/local/lib/python3.10/dist-packages/messages/msg/_aruco_message.py
[4.427s] -- Up-to-date: /home/mtrn/4231/liam_stuff/project_git/4231project/install/messages/local/lib/python3.10/dist-packages/messages/messages_s__rosidl_typesupport_c.cpython-310-x86_64-linux-gnu.so
[4.475s] Listing '/home/mtrn/4231/liam_stuff/project_git/4231project/install/messages/local/lib/python3.10/dist-packages/messages'...
[4.475s] Compiling '/home/mtrn/4231/liam_stuff/project_git/4231project/install/messages/local/lib/python3.10/dist-packages/messages/__init__.py'...
[4.475s] Listing '/home/mtrn/4231/liam_stuff/project_git/4231project/install/messages/local/lib/python3.10/dist-packages/messages/msg'...
[4.481s] -- Up-to-date: /home/mtrn/4231/liam_stuff/project_git/4231project/install/messages/local/lib/python3.10/dist-packages/messages/messages_s__rosidl_typesupport_fastrtps_c.cpython-310-x86_64-linux-gnu.so
[4.483s] -- Up-to-date: /home/mtrn/4231/liam_stuff/project_git/4231project/install/messages/local/lib/python3.10/dist-packages/messages/messages_s__rosidl_typesupport_introspection_c.cpython-310-x86_64-linux-gnu.so
[4.484s] -- Up-to-date: /home/mtrn/4231/liam_stuff/project_git/4231project/install/messages/local/lib/python3.10/dist-packages/messages/messages_s__rosidl_typesupport_c.cpython-310-x86_64-linux-gnu.so
[4.486s] -- Up-to-date: /home/mtrn/4231/liam_stuff/project_git/4231project/install/messages/lib/libmessages__rosidl_generator_py.so
[4.486s] -- Up-to-date: /home/mtrn/4231/liam_stuff/project_git/4231project/install/messages/share/messages/msg/ArucoMessage.idl
[4.486s] -- Up-to-date: /home/mtrn/4231/liam_stuff/project_git/4231project/install/messages/share/messages/msg/ArucoMessage.msg
[4.486s] -- Up-to-date: /home/mtrn/4231/liam_stuff/project_git/4231project/install/messages/share/ament_index/resource_index/package_run_dependencies/messages
[4.487s] -- Up-to-date: /home/mtrn/4231/liam_stuff/project_git/4231project/install/messages/share/ament_index/resource_index/parent_prefix_path/messages
[4.487s] -- Up-to-date: /home/mtrn/4231/liam_stuff/project_git/4231project/install/messages/share/messages/environment/ament_prefix_path.sh
[4.487s] -- Installing: /home/mtrn/4231/liam_stuff/project_git/4231project/install/messages/share/messages/environment/ament_prefix_path.dsv
[4.488s] -- Up-to-date: /home/mtrn/4231/liam_stuff/project_git/4231project/install/messages/share/messages/environment/path.sh
[4.488s] -- Installing: /home/mtrn/4231/liam_stuff/project_git/4231project/install/messages/share/messages/environment/path.dsv
[4.488s] -- Up-to-date: /home/mtrn/4231/liam_stuff/project_git/4231project/install/messages/share/messages/local_setup.bash
[4.488s] -- Up-to-date: /home/mtrn/4231/liam_stuff/project_git/4231project/install/messages/share/messages/local_setup.sh
[4.488s] -- Up-to-date: /home/mtrn/4231/liam_stuff/project_git/4231project/install/messages/share/messages/local_setup.zsh
[4.488s] -- Installing: /home/mtrn/4231/liam_stuff/project_git/4231project/install/messages/share/messages/local_setup.dsv
[4.489s] -- Installing: /home/mtrn/4231/liam_stuff/project_git/4231project/install/messages/share/messages/package.dsv
[4.489s] -- Up-to-date: /home/mtrn/4231/liam_stuff/project_git/4231project/install/messages/share/ament_index/resource_index/packages/messages
[4.490s] -- Up-to-date: /home/mtrn/4231/liam_stuff/project_git/4231project/install/messages/share/messages/cmake/export_messages__rosidl_generator_cExport.cmake
[4.490s] -- Up-to-date: /home/mtrn/4231/liam_stuff/project_git/4231project/install/messages/share/messages/cmake/export_messages__rosidl_generator_cExport-noconfig.cmake
[4.490s] -- Up-to-date: /home/mtrn/4231/liam_stuff/project_git/4231project/install/messages/share/messages/cmake/export_messages__rosidl_typesupport_fastrtps_cExport.cmake
[4.490s] -- Up-to-date: /home/mtrn/4231/liam_stuff/project_git/4231project/install/messages/share/messages/cmake/export_messages__rosidl_typesupport_fastrtps_cExport-noconfig.cmake
[4.491s] -- Up-to-date: /home/mtrn/4231/liam_stuff/project_git/4231project/install/messages/share/messages/cmake/messages__rosidl_typesupport_introspection_cExport.cmake
[4.491s] -- Up-to-date: /home/mtrn/4231/liam_stuff/project_git/4231project/install/messages/share/messages/cmake/messages__rosidl_typesupport_introspection_cExport-noconfig.cmake
[4.491s] -- Up-to-date: /home/mtrn/4231/liam_stuff/project_git/4231project/install/messages/share/messages/cmake/messages__rosidl_typesupport_cExport.cmake
[4.492s] -- Up-to-date: /home/mtrn/4231/liam_stuff/project_git/4231project/install/messages/share/messages/cmake/messages__rosidl_typesupport_cExport-noconfig.cmake
[4.492s] -- Up-to-date: /home/mtrn/4231/liam_stuff/project_git/4231project/install/messages/share/messages/cmake/export_messages__rosidl_generator_cppExport.cmake
[4.492s] -- Up-to-date: /home/mtrn/4231/liam_stuff/project_git/4231project/install/messages/share/messages/cmake/export_messages__rosidl_typesupport_fastrtps_cppExport.cmake
[4.493s] -- Up-to-date: /home/mtrn/4231/liam_stuff/project_git/4231project/install/messages/share/messages/cmake/export_messages__rosidl_typesupport_fastrtps_cppExport-noconfig.cmake
[4.493s] -- Up-to-date: /home/mtrn/4231/liam_stuff/project_git/4231project/install/messages/share/messages/cmake/messages__rosidl_typesupport_introspection_cppExport.cmake
[4.493s] -- Up-to-date: /home/mtrn/4231/liam_stuff/project_git/4231project/install/messages/share/messages/cmake/messages__rosidl_typesupport_introspection_cppExport-noconfig.cmake
[4.494s] -- Up-to-date: /home/mtrn/4231/liam_stuff/project_git/4231project/install/messages/share/messages/cmake/messages__rosidl_typesupport_cppExport.cmake
[4.494s] -- Up-to-date: /home/mtrn/4231/liam_stuff/project_git/4231project/install/messages/share/messages/cmake/messages__rosidl_typesupport_cppExport-noconfig.cmake
[4.494s] -- Up-to-date: /home/mtrn/4231/liam_stuff/project_git/4231project/install/messages/share/messages/cmake/export_messages__rosidl_generator_pyExport.cmake
[4.494s] -- Up-to-date: /home/mtrn/4231/liam_stuff/project_git/4231project/install/messages/share/messages/cmake/export_messages__rosidl_generator_pyExport-noconfig.cmake
[4.495s] -- Up-to-date: /home/mtrn/4231/liam_stuff/project_git/4231project/install/messages/share/messages/cmake/rosidl_cmake-extras.cmake
[4.495s] -- Up-to-date: /home/mtrn/4231/liam_stuff/project_git/4231project/install/messages/share/messages/cmake/ament_cmake_export_include_directories-extras.cmake
[4.495s] -- Up-to-date: /home/mtrn/4231/liam_stuff/project_git/4231project/install/messages/share/messages/cmake/ament_cmake_export_libraries-extras.cmake
[4.495s] -- Up-to-date: /home/mtrn/4231/liam_stuff/project_git/4231project/install/messages/share/messages/cmake/ament_cmake_export_targets-extras.cmake
[4.496s] -- Up-to-date: /home/mtrn/4231/liam_stuff/project_git/4231project/install/messages/share/messages/cmake/rosidl_cmake_export_typesupport_targets-extras.cmake
[4.496s] -- Up-to-date: /home/mtrn/4231/liam_stuff/project_git/4231project/install/messages/share/messages/cmake/ament_cmake_export_dependencies-extras.cmake
[4.496s] -- Up-to-date: /home/mtrn/4231/liam_stuff/project_git/4231project/install/messages/share/messages/cmake/rosidl_cmake_export_typesupport_libraries-extras.cmake
[4.496s] -- Up-to-date: /home/mtrn/4231/liam_stuff/project_git/4231project/install/messages/share/messages/cmake/messagesConfig.cmake
[4.496s] -- Up-to-date: /home/mtrn/4231/liam_stuff/project_git/4231project/install/messages/share/messages/cmake/messagesConfig-version.cmake
[4.496s] -- Up-to-date: /home/mtrn/4231/liam_stuff/project_git/4231project/install/messages/share/messages/package.xml
[4.507s] Invoked command in '/home/mtrn/4231/liam_stuff/4231project/build/messages' returned '0': CMAKE_PREFIX_PATH=${CMAKE_PREFIX_PATH}:/home/mtrn/4231/liam_stuff/4231project/install/ros2_aruco:/home/mtrn/4231/liam_stuff/4231project/install/opencv_example:/home/mtrn/4231/liam_stuff/4231project/install/my_package:/home/mtrn/4231/ws_moveit2/install/moveit_configs_utils:/home/mtrn/4231/ws_moveit2/install/launch_param_builder:/opt/ros/humble /home/mtrn/.local/bin/cmake --install /home/mtrn/4231/liam_stuff/4231project/build/messages
