[0.127s] Invoking command in '/home/mtrn/4231/liam_stuff/4231project/build/canvas': CMAKE_PREFIX_PATH=${CMAKE_PREFIX_PATH}:/home/mtrn/4231/liam_stuff/4231project/install/ros2_aruco:/home/mtrn/4231/liam_stuff/4231project/install/opencv_example:/home/mtrn/4231/liam_stuff/4231project/install/my_package:/home/mtrn/4231/ws_moveit2/install/moveit_configs_utils:/home/mtrn/4231/ws_moveit2/install/launch_param_builder:/opt/ros/humble /home/mtrn/.local/bin/cmake --build /home/mtrn/4231/liam_stuff/4231project/build/canvas -- -j12 -l12
[1.182s] [  3%] Built target canvas__cpp
[1.183s] [ 12%] Built target canvas__rosidl_generator_c
[1.183s] [ 12%] Built target ament_cmake_python_copy_canvas
[1.184s] [ 22%] Built target canvas__rosidl_typesupport_introspection_cpp
[1.184s] [ 32%] Built target canvas__rosidl_typesupport_cpp
[1.185s] [ 41%] Built target canvas__rosidl_typesupport_c
[1.185s] [ 51%] Built target canvas__rosidl_typesupport_introspection_c
[1.186s] [ 61%] Built target canvas__rosidl_typesupport_fastrtps_cpp
[1.186s] [ 70%] Built target canvas__rosidl_typesupport_fastrtps_c
[1.186s] [ 70%] Built target canvas
[1.186s] [ 74%] Built target canvas__py
[1.186s] [ 80%] Built target canvas__rosidl_generator_py
[1.187s] [ 87%] Built target canvas__rosidl_typesupport_introspection_c__pyext
[1.187s] [ 93%] Built target canvas__rosidl_typesupport_fastrtps_c__pyext
[1.187s] [100%] Built target canvas__rosidl_typesupport_c__pyext
[1.187s] running egg_info
[1.187s] writing canvas.egg-info/PKG-INFO
[1.188s] writing dependency_links to canvas.egg-info/dependency_links.txt
[1.188s] writing top-level names to canvas.egg-info/top_level.txt
[1.188s] reading manifest file 'canvas.egg-info/SOURCES.txt'
[1.189s] writing manifest file 'canvas.egg-info/SOURCES.txt'
[1.189s] [100%] Built target ament_cmake_python_build_canvas_egg
[1.191s] Invoked command in '/home/mtrn/4231/liam_stuff/4231project/build/canvas' returned '0': CMAKE_PREFIX_PATH=${CMAKE_PREFIX_PATH}:/home/mtrn/4231/liam_stuff/4231project/install/ros2_aruco:/home/mtrn/4231/liam_stuff/4231project/install/opencv_example:/home/mtrn/4231/liam_stuff/4231project/install/my_package:/home/mtrn/4231/ws_moveit2/install/moveit_configs_utils:/home/mtrn/4231/ws_moveit2/install/launch_param_builder:/opt/ros/humble /home/mtrn/.local/bin/cmake --build /home/mtrn/4231/liam_stuff/4231project/build/canvas -- -j12 -l12
[1.571s] Invoking command in '/home/mtrn/4231/liam_stuff/4231project/build/canvas': CMAKE_PREFIX_PATH=${CMAKE_PREFIX_PATH}:/home/mtrn/4231/liam_stuff/4231project/install/ros2_aruco:/home/mtrn/4231/liam_stuff/4231project/install/opencv_example:/home/mtrn/4231/liam_stuff/4231project/install/my_package:/home/mtrn/4231/ws_moveit2/install/moveit_configs_utils:/home/mtrn/4231/ws_moveit2/install/launch_param_builder:/opt/ros/humble /home/mtrn/.local/bin/cmake --install /home/mtrn/4231/liam_stuff/4231project/build/canvas
[1.648s] -- Install configuration: ""
[1.649s] -- Up-to-date: /home/mtrn/4231/liam_stuff/4231project/install/canvas/share/ament_index/resource_index/rosidl_interfaces/canvas
[1.649s] -- Up-to-date: /home/mtrn/4231/liam_stuff/4231project/install/canvas/include/canvas/canvas
[1.649s] -- Up-to-date: /home/mtrn/4231/liam_stuff/4231project/install/canvas/include/canvas/canvas/msg
[1.650s] -- Up-to-date: /home/mtrn/4231/liam_stuff/4231project/install/canvas/include/canvas/canvas/msg/rosidl_generator_c__visibility_control.h
[1.650s] -- Up-to-date: /home/mtrn/4231/liam_stuff/4231project/install/canvas/include/canvas/canvas/msg/aruco.h
[1.650s] -- Up-to-date: /home/mtrn/4231/liam_stuff/4231project/install/canvas/include/canvas/canvas/msg/detail
[1.650s] -- Up-to-date: /home/mtrn/4231/liam_stuff/4231project/install/canvas/include/canvas/canvas/msg/detail/aruco__type_support.h
[1.650s] -- Up-to-date: /home/mtrn/4231/liam_stuff/4231project/install/canvas/include/canvas/canvas/msg/detail/aruco__struct.h
[1.650s] -- Up-to-date: /home/mtrn/4231/liam_stuff/4231project/install/canvas/include/canvas/canvas/msg/detail/aruco__functions.h
[1.650s] -- Up-to-date: /home/mtrn/4231/liam_stuff/4231project/install/canvas/include/canvas/canvas/msg/detail/aruco__functions.c
[1.650s] -- Up-to-date: /home/mtrn/4231/liam_stuff/4231project/install/canvas/share/canvas/environment/library_path.sh
[1.650s] -- Up-to-date: /home/mtrn/4231/liam_stuff/4231project/install/canvas/share/canvas/environment/library_path.dsv
[1.651s] -- Up-to-date: /home/mtrn/4231/liam_stuff/4231project/install/canvas/lib/libcanvas__rosidl_generator_c.so
[1.651s] -- Up-to-date: /home/mtrn/4231/liam_stuff/4231project/install/canvas/include/canvas/canvas
[1.651s] -- Up-to-date: /home/mtrn/4231/liam_stuff/4231project/install/canvas/include/canvas/canvas/msg
[1.651s] -- Up-to-date: /home/mtrn/4231/liam_stuff/4231project/install/canvas/include/canvas/canvas/msg/rosidl_typesupport_fastrtps_c__visibility_control.h
[1.651s] -- Up-to-date: /home/mtrn/4231/liam_stuff/4231project/install/canvas/include/canvas/canvas/msg/detail
[1.652s] -- Up-to-date: /home/mtrn/4231/liam_stuff/4231project/install/canvas/include/canvas/canvas/msg/detail/aruco__rosidl_typesupport_fastrtps_c.h
[1.652s] -- Up-to-date: /home/mtrn/4231/liam_stuff/4231project/install/canvas/lib/libcanvas__rosidl_typesupport_fastrtps_c.so
[1.652s] -- Up-to-date: /home/mtrn/4231/liam_stuff/4231project/install/canvas/include/canvas/canvas
[1.652s] -- Up-to-date: /home/mtrn/4231/liam_stuff/4231project/install/canvas/include/canvas/canvas/msg
[1.652s] -- Up-to-date: /home/mtrn/4231/liam_stuff/4231project/install/canvas/include/canvas/canvas/msg/rosidl_typesupport_introspection_c__visibility_control.h
[1.653s] -- Up-to-date: /home/mtrn/4231/liam_stuff/4231project/install/canvas/include/canvas/canvas/msg/detail
[1.653s] -- Up-to-date: /home/mtrn/4231/liam_stuff/4231project/install/canvas/include/canvas/canvas/msg/detail/aruco__type_support.c
[1.653s] -- Up-to-date: /home/mtrn/4231/liam_stuff/4231project/install/canvas/include/canvas/canvas/msg/detail/aruco__rosidl_typesupport_introspection_c.h
[1.653s] -- Up-to-date: /home/mtrn/4231/liam_stuff/4231project/install/canvas/lib/libcanvas__rosidl_typesupport_introspection_c.so
[1.653s] -- Up-to-date: /home/mtrn/4231/liam_stuff/4231project/install/canvas/lib/libcanvas__rosidl_typesupport_c.so
[1.654s] -- Up-to-date: /home/mtrn/4231/liam_stuff/4231project/install/canvas/include/canvas/canvas
[1.654s] -- Up-to-date: /home/mtrn/4231/liam_stuff/4231project/install/canvas/include/canvas/canvas/msg
[1.654s] -- Up-to-date: /home/mtrn/4231/liam_stuff/4231project/install/canvas/include/canvas/canvas/msg/aruco.hpp
[1.654s] -- Up-to-date: /home/mtrn/4231/liam_stuff/4231project/install/canvas/include/canvas/canvas/msg/detail
[1.655s] -- Up-to-date: /home/mtrn/4231/liam_stuff/4231project/install/canvas/include/canvas/canvas/msg/detail/aruco__traits.hpp
[1.655s] -- Up-to-date: /home/mtrn/4231/liam_stuff/4231project/install/canvas/include/canvas/canvas/msg/detail/aruco__struct.hpp
[1.655s] -- Up-to-date: /home/mtrn/4231/liam_stuff/4231project/install/canvas/include/canvas/canvas/msg/detail/aruco__builder.hpp
[1.655s] -- Up-to-date: /home/mtrn/4231/liam_stuff/4231project/install/canvas/include/canvas/canvas
[1.655s] -- Up-to-date: /home/mtrn/4231/liam_stuff/4231project/install/canvas/include/canvas/canvas/msg
[1.655s] -- Up-to-date: /home/mtrn/4231/liam_stuff/4231project/install/canvas/include/canvas/canvas/msg/rosidl_typesupport_fastrtps_cpp__visibility_control.h
[1.656s] -- Up-to-date: /home/mtrn/4231/liam_stuff/4231project/install/canvas/include/canvas/canvas/msg/detail
[1.656s] -- Up-to-date: /home/mtrn/4231/liam_stuff/4231project/install/canvas/include/canvas/canvas/msg/detail/aruco__rosidl_typesupport_fastrtps_cpp.hpp
[1.656s] -- Up-to-date: /home/mtrn/4231/liam_stuff/4231project/install/canvas/include/canvas/canvas/msg/detail/dds_fastrtps
[1.656s] -- Up-to-date: /home/mtrn/4231/liam_stuff/4231project/install/canvas/lib/libcanvas__rosidl_typesupport_fastrtps_cpp.so
[1.656s] -- Up-to-date: /home/mtrn/4231/liam_stuff/4231project/install/canvas/include/canvas/canvas
[1.656s] -- Up-to-date: /home/mtrn/4231/liam_stuff/4231project/install/canvas/include/canvas/canvas/msg
[1.656s] -- Up-to-date: /home/mtrn/4231/liam_stuff/4231project/install/canvas/include/canvas/canvas/msg/detail
[1.657s] -- Up-to-date: /home/mtrn/4231/liam_stuff/4231project/install/canvas/include/canvas/canvas/msg/detail/aruco__type_support.cpp
[1.657s] -- Up-to-date: /home/mtrn/4231/liam_stuff/4231project/install/canvas/include/canvas/canvas/msg/detail/aruco__rosidl_typesupport_introspection_cpp.hpp
[1.657s] -- Up-to-date: /home/mtrn/4231/liam_stuff/4231project/install/canvas/lib/libcanvas__rosidl_typesupport_introspection_cpp.so
[1.657s] -- Up-to-date: /home/mtrn/4231/liam_stuff/4231project/install/canvas/lib/libcanvas__rosidl_typesupport_cpp.so
[1.657s] -- Up-to-date: /home/mtrn/4231/liam_stuff/4231project/install/canvas/share/canvas/environment/pythonpath.sh
[1.657s] -- Up-to-date: /home/mtrn/4231/liam_stuff/4231project/install/canvas/share/canvas/environment/pythonpath.dsv
[1.658s] -- Up-to-date: /home/mtrn/4231/liam_stuff/4231project/install/canvas/local/lib/python3.10/dist-packages/canvas-1.0.0-py3.10.egg-info
[1.658s] -- Installing: /home/mtrn/4231/liam_stuff/4231project/install/canvas/local/lib/python3.10/dist-packages/canvas-1.0.0-py3.10.egg-info/SOURCES.txt
[1.658s] -- Installing: /home/mtrn/4231/liam_stuff/4231project/install/canvas/local/lib/python3.10/dist-packages/canvas-1.0.0-py3.10.egg-info/dependency_links.txt
[1.658s] -- Installing: /home/mtrn/4231/liam_stuff/4231project/install/canvas/local/lib/python3.10/dist-packages/canvas-1.0.0-py3.10.egg-info/PKG-INFO
[1.658s] -- Installing: /home/mtrn/4231/liam_stuff/4231project/install/canvas/local/lib/python3.10/dist-packages/canvas-1.0.0-py3.10.egg-info/top_level.txt
[1.658s] -- Up-to-date: /home/mtrn/4231/liam_stuff/4231project/install/canvas/local/lib/python3.10/dist-packages/canvas
[1.658s] -- Up-to-date: /home/mtrn/4231/liam_stuff/4231project/install/canvas/local/lib/python3.10/dist-packages/canvas/canvas_s__rosidl_typesupport_introspection_c.cpython-310-x86_64-linux-gnu.so
[1.658s] -- Up-to-date: /home/mtrn/4231/liam_stuff/4231project/install/canvas/local/lib/python3.10/dist-packages/canvas/canvas_s__rosidl_typesupport_c.cpython-310-x86_64-linux-gnu.so
[1.658s] -- Up-to-date: /home/mtrn/4231/liam_stuff/4231project/install/canvas/local/lib/python3.10/dist-packages/canvas/libcanvas__rosidl_generator_py.so
[1.658s] -- Up-to-date: /home/mtrn/4231/liam_stuff/4231project/install/canvas/local/lib/python3.10/dist-packages/canvas/__init__.py
[1.658s] -- Up-to-date: /home/mtrn/4231/liam_stuff/4231project/install/canvas/local/lib/python3.10/dist-packages/canvas/_canvas_s.ep.rosidl_typesupport_introspection_c.c
[1.659s] -- Up-to-date: /home/mtrn/4231/liam_stuff/4231project/install/canvas/local/lib/python3.10/dist-packages/canvas/_canvas_s.ep.rosidl_typesupport_c.c
[1.659s] -- Up-to-date: /home/mtrn/4231/liam_stuff/4231project/install/canvas/local/lib/python3.10/dist-packages/canvas/msg
[1.659s] -- Up-to-date: /home/mtrn/4231/liam_stuff/4231project/install/canvas/local/lib/python3.10/dist-packages/canvas/msg/__init__.py
[1.659s] -- Up-to-date: /home/mtrn/4231/liam_stuff/4231project/install/canvas/local/lib/python3.10/dist-packages/canvas/msg/_aruco_s.c
[1.659s] -- Up-to-date: /home/mtrn/4231/liam_stuff/4231project/install/canvas/local/lib/python3.10/dist-packages/canvas/msg/_aruco.py
[1.660s] -- Up-to-date: /home/mtrn/4231/liam_stuff/4231project/install/canvas/local/lib/python3.10/dist-packages/canvas/canvas_s__rosidl_typesupport_fastrtps_c.cpython-310-x86_64-linux-gnu.so
[1.660s] -- Up-to-date: /home/mtrn/4231/liam_stuff/4231project/install/canvas/local/lib/python3.10/dist-packages/canvas/_canvas_s.ep.rosidl_typesupport_fastrtps_c.c
[1.691s] Listing '/home/mtrn/4231/liam_stuff/4231project/install/canvas/local/lib/python3.10/dist-packages/canvas'...
[1.692s] Listing '/home/mtrn/4231/liam_stuff/4231project/install/canvas/local/lib/python3.10/dist-packages/canvas/msg'...
[1.703s] -- Up-to-date: /home/mtrn/4231/liam_stuff/4231project/install/canvas/local/lib/python3.10/dist-packages/canvas/canvas_s__rosidl_typesupport_fastrtps_c.cpython-310-x86_64-linux-gnu.so
[1.703s] -- Up-to-date: /home/mtrn/4231/liam_stuff/4231project/install/canvas/local/lib/python3.10/dist-packages/canvas/canvas_s__rosidl_typesupport_introspection_c.cpython-310-x86_64-linux-gnu.so
[1.704s] -- Up-to-date: /home/mtrn/4231/liam_stuff/4231project/install/canvas/local/lib/python3.10/dist-packages/canvas/canvas_s__rosidl_typesupport_c.cpython-310-x86_64-linux-gnu.so
[1.704s] -- Up-to-date: /home/mtrn/4231/liam_stuff/4231project/install/canvas/lib/libcanvas__rosidl_generator_py.so
[1.704s] -- Up-to-date: /home/mtrn/4231/liam_stuff/4231project/install/canvas/share/canvas/msg/Aruco.idl
[1.705s] -- Up-to-date: /home/mtrn/4231/liam_stuff/4231project/install/canvas/share/canvas/msg/Aruco.msg
[1.705s] -- Up-to-date: /home/mtrn/4231/liam_stuff/4231project/install/canvas/share/canvas/msg
[1.705s] -- Up-to-date: /home/mtrn/4231/liam_stuff/4231project/install/canvas/share/canvas/msg/Aruco.msg
[1.705s] -- Up-to-date: /home/mtrn/4231/liam_stuff/4231project/install/canvas/share/ament_index/resource_index/package_run_dependencies/canvas
[1.705s] -- Up-to-date: /home/mtrn/4231/liam_stuff/4231project/install/canvas/share/ament_index/resource_index/parent_prefix_path/canvas
[1.705s] -- Up-to-date: /home/mtrn/4231/liam_stuff/4231project/install/canvas/share/canvas/environment/ament_prefix_path.sh
[1.705s] -- Up-to-date: /home/mtrn/4231/liam_stuff/4231project/install/canvas/share/canvas/environment/ament_prefix_path.dsv
[1.705s] -- Up-to-date: /home/mtrn/4231/liam_stuff/4231project/install/canvas/share/canvas/environment/path.sh
[1.706s] -- Up-to-date: /home/mtrn/4231/liam_stuff/4231project/install/canvas/share/canvas/environment/path.dsv
[1.706s] -- Up-to-date: /home/mtrn/4231/liam_stuff/4231project/install/canvas/share/canvas/local_setup.bash
[1.706s] -- Up-to-date: /home/mtrn/4231/liam_stuff/4231project/install/canvas/share/canvas/local_setup.sh
[1.706s] -- Up-to-date: /home/mtrn/4231/liam_stuff/4231project/install/canvas/share/canvas/local_setup.zsh
[1.706s] -- Up-to-date: /home/mtrn/4231/liam_stuff/4231project/install/canvas/share/canvas/local_setup.dsv
[1.706s] -- Installing: /home/mtrn/4231/liam_stuff/4231project/install/canvas/share/canvas/package.dsv
[1.706s] -- Up-to-date: /home/mtrn/4231/liam_stuff/4231project/install/canvas/share/ament_index/resource_index/packages/canvas
[1.706s] -- Up-to-date: /home/mtrn/4231/liam_stuff/4231project/install/canvas/share/canvas/cmake/export_canvas__rosidl_generator_cExport.cmake
[1.706s] -- Up-to-date: /home/mtrn/4231/liam_stuff/4231project/install/canvas/share/canvas/cmake/export_canvas__rosidl_generator_cExport-noconfig.cmake
[1.707s] -- Up-to-date: /home/mtrn/4231/liam_stuff/4231project/install/canvas/share/canvas/cmake/export_canvas__rosidl_typesupport_fastrtps_cExport.cmake
[1.707s] -- Up-to-date: /home/mtrn/4231/liam_stuff/4231project/install/canvas/share/canvas/cmake/export_canvas__rosidl_typesupport_fastrtps_cExport-noconfig.cmake
[1.707s] -- Up-to-date: /home/mtrn/4231/liam_stuff/4231project/install/canvas/share/canvas/cmake/canvas__rosidl_typesupport_introspection_cExport.cmake
[1.707s] -- Up-to-date: /home/mtrn/4231/liam_stuff/4231project/install/canvas/share/canvas/cmake/canvas__rosidl_typesupport_introspection_cExport-noconfig.cmake
[1.707s] -- Up-to-date: /home/mtrn/4231/liam_stuff/4231project/install/canvas/share/canvas/cmake/canvas__rosidl_typesupport_cExport.cmake
[1.707s] -- Up-to-date: /home/mtrn/4231/liam_stuff/4231project/install/canvas/share/canvas/cmake/canvas__rosidl_typesupport_cExport-noconfig.cmake
[1.707s] -- Up-to-date: /home/mtrn/4231/liam_stuff/4231project/install/canvas/share/canvas/cmake/export_canvas__rosidl_generator_cppExport.cmake
[1.708s] -- Up-to-date: /home/mtrn/4231/liam_stuff/4231project/install/canvas/share/canvas/cmake/export_canvas__rosidl_typesupport_fastrtps_cppExport.cmake
[1.708s] -- Up-to-date: /home/mtrn/4231/liam_stuff/4231project/install/canvas/share/canvas/cmake/export_canvas__rosidl_typesupport_fastrtps_cppExport-noconfig.cmake
[1.708s] -- Up-to-date: /home/mtrn/4231/liam_stuff/4231project/install/canvas/share/canvas/cmake/canvas__rosidl_typesupport_introspection_cppExport.cmake
[1.708s] -- Up-to-date: /home/mtrn/4231/liam_stuff/4231project/install/canvas/share/canvas/cmake/canvas__rosidl_typesupport_introspection_cppExport-noconfig.cmake
[1.708s] -- Up-to-date: /home/mtrn/4231/liam_stuff/4231project/install/canvas/share/canvas/cmake/canvas__rosidl_typesupport_cppExport.cmake
[1.708s] -- Up-to-date: /home/mtrn/4231/liam_stuff/4231project/install/canvas/share/canvas/cmake/canvas__rosidl_typesupport_cppExport-noconfig.cmake
[1.708s] -- Up-to-date: /home/mtrn/4231/liam_stuff/4231project/install/canvas/share/canvas/cmake/export_canvas__rosidl_generator_pyExport.cmake
[1.708s] -- Up-to-date: /home/mtrn/4231/liam_stuff/4231project/install/canvas/share/canvas/cmake/export_canvas__rosidl_generator_pyExport-noconfig.cmake
[1.708s] -- Up-to-date: /home/mtrn/4231/liam_stuff/4231project/install/canvas/share/canvas/cmake/rosidl_cmake-extras.cmake
[1.709s] -- Up-to-date: /home/mtrn/4231/liam_stuff/4231project/install/canvas/share/canvas/cmake/ament_cmake_export_include_directories-extras.cmake
[1.709s] -- Up-to-date: /home/mtrn/4231/liam_stuff/4231project/install/canvas/share/canvas/cmake/ament_cmake_export_libraries-extras.cmake
[1.709s] -- Up-to-date: /home/mtrn/4231/liam_stuff/4231project/install/canvas/share/canvas/cmake/ament_cmake_export_targets-extras.cmake
[1.709s] -- Up-to-date: /home/mtrn/4231/liam_stuff/4231project/install/canvas/share/canvas/cmake/rosidl_cmake_export_typesupport_targets-extras.cmake
[1.709s] -- Up-to-date: /home/mtrn/4231/liam_stuff/4231project/install/canvas/share/canvas/cmake/ament_cmake_export_dependencies-extras.cmake
[1.709s] -- Up-to-date: /home/mtrn/4231/liam_stuff/4231project/install/canvas/share/canvas/cmake/rosidl_cmake_export_typesupport_libraries-extras.cmake
[1.709s] -- Up-to-date: /home/mtrn/4231/liam_stuff/4231project/install/canvas/share/canvas/cmake/canvasConfig.cmake
[1.709s] -- Up-to-date: /home/mtrn/4231/liam_stuff/4231project/install/canvas/share/canvas/cmake/canvasConfig-version.cmake
[1.709s] -- Up-to-date: /home/mtrn/4231/liam_stuff/4231project/install/canvas/share/canvas/package.xml
[1.721s] Invoked command in '/home/mtrn/4231/liam_stuff/4231project/build/canvas' returned '0': CMAKE_PREFIX_PATH=${CMAKE_PREFIX_PATH}:/home/mtrn/4231/liam_stuff/4231project/install/ros2_aruco:/home/mtrn/4231/liam_stuff/4231project/install/opencv_example:/home/mtrn/4231/liam_stuff/4231project/install/my_package:/home/mtrn/4231/ws_moveit2/install/moveit_configs_utils:/home/mtrn/4231/ws_moveit2/install/launch_param_builder:/opt/ros/humble /home/mtrn/.local/bin/cmake --install /home/mtrn/4231/liam_stuff/4231project/build/canvas
