[1.318s] Invoking command in '/home/mtrn/4231/liam_stuff/project_git/4231project/src/opencv_example': PYTHONPATH=/home/mtrn/4231/liam_stuff/project_git/4231project/build/opencv_example/prefix_override:/home/mtrn/4231/liam_stuff/project_git/4231project/install/opencv_example/lib/python3.10/site-packages:${PYTHONPATH} /usr/bin/python3 setup.py egg_info --egg-base ../../build/opencv_example build --build-base /home/mtrn/4231/liam_stuff/project_git/4231project/build/opencv_example/build install --record /home/mtrn/4231/liam_stuff/project_git/4231project/build/opencv_example/install.log --single-version-externally-managed
[1.558s] running egg_info
[1.558s] creating ../../build/opencv_example/opencv_example.egg-info
[1.558s] writing ../../build/opencv_example/opencv_example.egg-info/PKG-INFO
[1.559s] writing dependency_links to ../../build/opencv_example/opencv_example.egg-info/dependency_links.txt
[1.559s] writing entry points to ../../build/opencv_example/opencv_example.egg-info/entry_points.txt
[1.559s] writing requirements to ../../build/opencv_example/opencv_example.egg-info/requires.txt
[1.559s] writing top-level names to ../../build/opencv_example/opencv_example.egg-info/top_level.txt
[1.559s] writing manifest file '../../build/opencv_example/opencv_example.egg-info/SOURCES.txt'
[1.562s] reading manifest file '../../build/opencv_example/opencv_example.egg-info/SOURCES.txt'
[1.563s] writing manifest file '../../build/opencv_example/opencv_example.egg-info/SOURCES.txt'
[1.563s] running build
[1.563s] running build_py
[1.563s] creating /home/mtrn/4231/liam_stuff/project_git/4231project/build/opencv_example/build
[1.564s] creating /home/mtrn/4231/liam_stuff/project_git/4231project/build/opencv_example/build/lib
[1.564s] creating /home/mtrn/4231/liam_stuff/project_git/4231project/build/opencv_example/build/lib/opencv_example
[1.564s] copying opencv_example/__init__.py -> /home/mtrn/4231/liam_stuff/project_git/4231project/build/opencv_example/build/lib/opencv_example
[1.564s] copying opencv_example/aruco_marker_detect.py -> /home/mtrn/4231/liam_stuff/project_git/4231project/build/opencv_example/build/lib/opencv_example
[1.564s] running install
[1.564s] /usr/lib/python3/dist-packages/setuptools/command/install.py:34: SetuptoolsDeprecationWarning: setup.py install is deprecated. Use build and pip and other standards-based tools.
[1.564s]   warnings.warn(
[1.565s] running install_lib
[1.566s] creating /home/mtrn/4231/liam_stuff/project_git/4231project/install/opencv_example/lib/python3.10/site-packages/opencv_example
[1.566s] copying /home/mtrn/4231/liam_stuff/project_git/4231project/build/opencv_example/build/lib/opencv_example/__init__.py -> /home/mtrn/4231/liam_stuff/project_git/4231project/install/opencv_example/lib/python3.10/site-packages/opencv_example
[1.566s] copying /home/mtrn/4231/liam_stuff/project_git/4231project/build/opencv_example/build/lib/opencv_example/aruco_marker_detect.py -> /home/mtrn/4231/liam_stuff/project_git/4231project/install/opencv_example/lib/python3.10/site-packages/opencv_example
[1.567s] byte-compiling /home/mtrn/4231/liam_stuff/project_git/4231project/install/opencv_example/lib/python3.10/site-packages/opencv_example/__init__.py to __init__.cpython-310.pyc
[1.567s] byte-compiling /home/mtrn/4231/liam_stuff/project_git/4231project/install/opencv_example/lib/python3.10/site-packages/opencv_example/aruco_marker_detect.py to aruco_marker_detect.cpython-310.pyc
[1.567s] running install_data
[1.568s] creating /home/mtrn/4231/liam_stuff/project_git/4231project/install/opencv_example/share/ament_index
[1.569s] creating /home/mtrn/4231/liam_stuff/project_git/4231project/install/opencv_example/share/ament_index/resource_index
[1.569s] creating /home/mtrn/4231/liam_stuff/project_git/4231project/install/opencv_example/share/ament_index/resource_index/packages
[1.569s] copying resource/opencv_example -> /home/mtrn/4231/liam_stuff/project_git/4231project/install/opencv_example/share/ament_index/resource_index/packages
[1.569s] copying package.xml -> /home/mtrn/4231/liam_stuff/project_git/4231project/install/opencv_example/share/opencv_example
[1.569s] running install_egg_info
[1.572s] Copying ../../build/opencv_example/opencv_example.egg-info to /home/mtrn/4231/liam_stuff/project_git/4231project/install/opencv_example/lib/python3.10/site-packages/opencv_example-0.0.0-py3.10.egg-info
[1.573s] running install_scripts
[1.594s] Installing aruco_marker_detect script to /home/mtrn/4231/liam_stuff/project_git/4231project/install/opencv_example/lib/opencv_example
[1.594s] writing list of installed files to '/home/mtrn/4231/liam_stuff/project_git/4231project/build/opencv_example/install.log'
[1.643s] Invoked command in '/home/mtrn/4231/liam_stuff/project_git/4231project/src/opencv_example' returned '0': PYTHONPATH=/home/mtrn/4231/liam_stuff/project_git/4231project/build/opencv_example/prefix_override:/home/mtrn/4231/liam_stuff/project_git/4231project/install/opencv_example/lib/python3.10/site-packages:${PYTHONPATH} /usr/bin/python3 setup.py egg_info --egg-base ../../build/opencv_example build --build-base /home/mtrn/4231/liam_stuff/project_git/4231project/build/opencv_example/build install --record /home/mtrn/4231/liam_stuff/project_git/4231project/build/opencv_example/install.log --single-version-externally-managed
