[0.185s] Invoking command in '/home/mtrn/4231/project_workspace/build/messages': CMAKE_PREFIX_PATH=${CMAKE_PREFIX_PATH}:/home/mtrn/4231/ws_moveit2/install/moveit_configs_utils:/home/mtrn/4231/ws_moveit2/install/launch_param_builder:/opt/ros/humble /usr/bin/cmake --build /home/mtrn/4231/project_workspace/build/messages -- -j4 -l4
[1.144s] [35m[1mConsolidate compiler generated dependencies of target messages__rosidl_generator_c[0m
[1.144s] [  9%] Built target messages__rosidl_generator_c
[1.144s] [ 12%] Built target messages__cpp
[1.145s] [35m[1mConsolidate compiler generated dependencies of target messages__rosidl_typesupport_fastrtps_c[0m
[1.145s] [35m[1mConsolidate compiler generated dependencies of target messages__rosidl_typesupport_introspection_c[0m
[1.145s] [ 12%] Built target ament_cmake_python_copy_messages
[1.145s] [35m[1mConsolidate compiler generated dependencies of target messages__rosidl_typesupport_c[0m
[1.145s] [ 22%] Built target messages__rosidl_typesupport_fastrtps_c
[1.145s] [ 32%] Built target messages__rosidl_typesupport_introspection_c
[1.145s] [35m[1mConsolidate compiler generated dependencies of target messages__rosidl_typesupport_fastrtps_cpp[0m
[1.145s] [ 41%] Built target messages__rosidl_typesupport_c
[1.145s] [35m[1mConsolidate compiler generated dependencies of target messages__rosidl_typesupport_introspection_cpp[0m
[1.145s] [ 51%] Built target messages__rosidl_typesupport_fastrtps_cpp
[1.145s] [35m[1mConsolidate compiler generated dependencies of target messages__rosidl_typesupport_cpp[0m
[1.147s] [ 61%] Built target messages__rosidl_typesupport_cpp
[1.147s] [ 70%] Built target messages__rosidl_typesupport_introspection_cpp
[1.148s] [ 70%] Built target messages
[1.148s] [ 74%] Built target messages__py
[1.148s] [35m[1mConsolidate compiler generated dependencies of target messages__rosidl_generator_py[0m
[1.148s] [ 80%] Built target messages__rosidl_generator_py
[1.149s] [35m[1mConsolidate compiler generated dependencies of target messages__rosidl_typesupport_fastrtps_c__pyext[0m
[1.150s] [35m[1mConsolidate compiler generated dependencies of target messages__rosidl_typesupport_introspection_c__pyext[0m
[1.155s] [35m[1mConsolidate compiler generated dependencies of target messages__rosidl_typesupport_c__pyext[0m
[1.155s] [ 87%] Built target messages__rosidl_typesupport_introspection_c__pyext
[1.155s] [ 93%] Built target messages__rosidl_typesupport_fastrtps_c__pyext
[1.156s] [100%] Built target messages__rosidl_typesupport_c__pyext
[1.157s] running egg_info
[1.157s] writing messages.egg-info/PKG-INFO
[1.157s] writing dependency_links to messages.egg-info/dependency_links.txt
[1.157s] writing top-level names to messages.egg-info/top_level.txt
[1.158s] reading manifest file 'messages.egg-info/SOURCES.txt'
[1.158s] writing manifest file 'messages.egg-info/SOURCES.txt'
[1.158s] [100%] Built target ament_cmake_python_build_messages_egg
[1.183s] Invoked command in '/home/mtrn/4231/project_workspace/build/messages' returned '0': CMAKE_PREFIX_PATH=${CMAKE_PREFIX_PATH}:/home/mtrn/4231/ws_moveit2/install/moveit_configs_utils:/home/mtrn/4231/ws_moveit2/install/launch_param_builder:/opt/ros/humble /usr/bin/cmake --build /home/mtrn/4231/project_workspace/build/messages -- -j4 -l4
[2.046s] Invoking command in '/home/mtrn/4231/project_workspace/build/messages': CMAKE_PREFIX_PATH=${CMAKE_PREFIX_PATH}:/home/mtrn/4231/ws_moveit2/install/moveit_configs_utils:/home/mtrn/4231/ws_moveit2/install/launch_param_builder:/opt/ros/humble /usr/bin/cmake --install /home/mtrn/4231/project_workspace/build/messages
[2.071s] -- Install configuration: ""
[2.073s] -- Up-to-date: /home/mtrn/4231/project_workspace/install/messages/share/ament_index/resource_index/rosidl_interfaces/messages
[2.074s] -- Up-to-date: /home/mtrn/4231/project_workspace/install/messages/include/messages/messages
[2.075s] -- Up-to-date: /home/mtrn/4231/project_workspace/install/messages/include/messages/messages/msg
[2.076s] -- Up-to-date: /home/mtrn/4231/project_workspace/install/messages/include/messages/messages/msg/aruco_message.h
[2.077s] -- Up-to-date: /home/mtrn/4231/project_workspace/install/messages/include/messages/messages/msg/rosidl_generator_c__visibility_control.h
[2.078s] -- Up-to-date: /home/mtrn/4231/project_workspace/install/messages/include/messages/messages/msg/detail
[2.079s] -- Up-to-date: /home/mtrn/4231/project_workspace/install/messages/include/messages/messages/msg/detail/aruco_message__functions.h
[2.079s] -- Up-to-date: /home/mtrn/4231/project_workspace/install/messages/include/messages/messages/msg/detail/aruco_message__struct.h
[2.079s] -- Up-to-date: /home/mtrn/4231/project_workspace/install/messages/include/messages/messages/msg/detail/aruco_message__functions.c
[2.091s] -- Up-to-date: /home/mtrn/4231/project_workspace/install/messages/include/messages/messages/msg/detail/aruco_message__type_support.h
[2.096s] -- Up-to-date: /home/mtrn/4231/project_workspace/install/messages/share/messages/environment/library_path.sh
[2.096s] -- Up-to-date: /home/mtrn/4231/project_workspace/install/messages/share/messages/environment/library_path.dsv
[2.097s] -- Up-to-date: /home/mtrn/4231/project_workspace/install/messages/lib/libmessages__rosidl_generator_c.so
[2.097s] -- Up-to-date: /home/mtrn/4231/project_workspace/install/messages/include/messages/messages
[2.097s] -- Up-to-date: /home/mtrn/4231/project_workspace/install/messages/include/messages/messages/msg
[2.097s] -- Up-to-date: /home/mtrn/4231/project_workspace/install/messages/include/messages/messages/msg/rosidl_typesupport_fastrtps_c__visibility_control.h
[2.098s] -- Up-to-date: /home/mtrn/4231/project_workspace/install/messages/include/messages/messages/msg/detail
[2.098s] -- Up-to-date: /home/mtrn/4231/project_workspace/install/messages/include/messages/messages/msg/detail/aruco_message__rosidl_typesupport_fastrtps_c.h
[2.099s] -- Up-to-date: /home/mtrn/4231/project_workspace/install/messages/lib/libmessages__rosidl_typesupport_fastrtps_c.so
[2.103s] -- Up-to-date: /home/mtrn/4231/project_workspace/install/messages/include/messages/messages
[2.103s] -- Up-to-date: /home/mtrn/4231/project_workspace/install/messages/include/messages/messages/msg
[2.107s] -- Up-to-date: /home/mtrn/4231/project_workspace/install/messages/include/messages/messages/msg/rosidl_typesupport_introspection_c__visibility_control.h
[2.109s] -- Up-to-date: /home/mtrn/4231/project_workspace/install/messages/include/messages/messages/msg/detail
[2.110s] -- Up-to-date: /home/mtrn/4231/project_workspace/install/messages/include/messages/messages/msg/detail/aruco_message__rosidl_typesupport_introspection_c.h
[2.110s] -- Up-to-date: /home/mtrn/4231/project_workspace/install/messages/include/messages/messages/msg/detail/aruco_message__type_support.c
[2.110s] -- Up-to-date: /home/mtrn/4231/project_workspace/install/messages/lib/libmessages__rosidl_typesupport_introspection_c.so
[2.110s] -- Up-to-date: /home/mtrn/4231/project_workspace/install/messages/lib/libmessages__rosidl_typesupport_c.so
[2.110s] -- Up-to-date: /home/mtrn/4231/project_workspace/install/messages/include/messages/messages
[2.110s] -- Up-to-date: /home/mtrn/4231/project_workspace/install/messages/include/messages/messages/msg
[2.110s] -- Up-to-date: /home/mtrn/4231/project_workspace/install/messages/include/messages/messages/msg/aruco_message.hpp
[2.110s] -- Up-to-date: /home/mtrn/4231/project_workspace/install/messages/include/messages/messages/msg/detail
[2.110s] -- Up-to-date: /home/mtrn/4231/project_workspace/install/messages/include/messages/messages/msg/detail/aruco_message__struct.hpp
[2.111s] -- Up-to-date: /home/mtrn/4231/project_workspace/install/messages/include/messages/messages/msg/detail/aruco_message__builder.hpp
[2.111s] -- Up-to-date: /home/mtrn/4231/project_workspace/install/messages/include/messages/messages/msg/detail/aruco_message__traits.hpp
[2.111s] -- Up-to-date: /home/mtrn/4231/project_workspace/install/messages/include/messages/messages
[2.111s] -- Up-to-date: /home/mtrn/4231/project_workspace/install/messages/include/messages/messages/msg
[2.111s] -- Up-to-date: /home/mtrn/4231/project_workspace/install/messages/include/messages/messages/msg/detail
[2.111s] -- Up-to-date: /home/mtrn/4231/project_workspace/install/messages/include/messages/messages/msg/detail/aruco_message__rosidl_typesupport_fastrtps_cpp.hpp
[2.111s] -- Up-to-date: /home/mtrn/4231/project_workspace/install/messages/include/messages/messages/msg/detail/dds_fastrtps
[2.112s] -- Up-to-date: /home/mtrn/4231/project_workspace/install/messages/include/messages/messages/msg/rosidl_typesupport_fastrtps_cpp__visibility_control.h
[2.113s] -- Up-to-date: /home/mtrn/4231/project_workspace/install/messages/lib/libmessages__rosidl_typesupport_fastrtps_cpp.so
[2.113s] -- Up-to-date: /home/mtrn/4231/project_workspace/install/messages/include/messages/messages
[2.113s] -- Up-to-date: /home/mtrn/4231/project_workspace/install/messages/include/messages/messages/msg
[2.114s] -- Up-to-date: /home/mtrn/4231/project_workspace/install/messages/include/messages/messages/msg/detail
[2.114s] -- Up-to-date: /home/mtrn/4231/project_workspace/install/messages/include/messages/messages/msg/detail/aruco_message__rosidl_typesupport_introspection_cpp.hpp
[2.114s] -- Up-to-date: /home/mtrn/4231/project_workspace/install/messages/include/messages/messages/msg/detail/aruco_message__type_support.cpp
[2.116s] -- Up-to-date: /home/mtrn/4231/project_workspace/install/messages/lib/libmessages__rosidl_typesupport_introspection_cpp.so
[2.116s] -- Up-to-date: /home/mtrn/4231/project_workspace/install/messages/lib/libmessages__rosidl_typesupport_cpp.so
[2.116s] -- Up-to-date: /home/mtrn/4231/project_workspace/install/messages/share/messages/environment/pythonpath.sh
[2.116s] -- Up-to-date: /home/mtrn/4231/project_workspace/install/messages/share/messages/environment/pythonpath.dsv
[2.116s] -- Up-to-date: /home/mtrn/4231/project_workspace/install/messages/local/lib/python3.10/dist-packages/messages-0.0.0-py3.10.egg-info
[2.117s] -- Installing: /home/mtrn/4231/project_workspace/install/messages/local/lib/python3.10/dist-packages/messages-0.0.0-py3.10.egg-info/top_level.txt
[2.117s] -- Installing: /home/mtrn/4231/project_workspace/install/messages/local/lib/python3.10/dist-packages/messages-0.0.0-py3.10.egg-info/SOURCES.txt
[2.117s] -- Installing: /home/mtrn/4231/project_workspace/install/messages/local/lib/python3.10/dist-packages/messages-0.0.0-py3.10.egg-info/PKG-INFO
[2.117s] -- Installing: /home/mtrn/4231/project_workspace/install/messages/local/lib/python3.10/dist-packages/messages-0.0.0-py3.10.egg-info/dependency_links.txt
[2.117s] -- Up-to-date: /home/mtrn/4231/project_workspace/install/messages/local/lib/python3.10/dist-packages/messages
[2.117s] -- Up-to-date: /home/mtrn/4231/project_workspace/install/messages/local/lib/python3.10/dist-packages/messages/_messages_s.ep.rosidl_typesupport_fastrtps_c.c
[2.117s] -- Up-to-date: /home/mtrn/4231/project_workspace/install/messages/local/lib/python3.10/dist-packages/messages/messages_s__rosidl_typesupport_fastrtps_c.cpython-310-x86_64-linux-gnu.so
[2.118s] -- Up-to-date: /home/mtrn/4231/project_workspace/install/messages/local/lib/python3.10/dist-packages/messages/_messages_s.ep.rosidl_typesupport_introspection_c.c
[2.134s] -- Up-to-date: /home/mtrn/4231/project_workspace/install/messages/local/lib/python3.10/dist-packages/messages/messages_s__rosidl_typesupport_introspection_c.cpython-310-x86_64-linux-gnu.so
[2.139s] -- Up-to-date: /home/mtrn/4231/project_workspace/install/messages/local/lib/python3.10/dist-packages/messages/messages_s__rosidl_typesupport_c.cpython-310-x86_64-linux-gnu.so
[2.139s] -- Up-to-date: /home/mtrn/4231/project_workspace/install/messages/local/lib/python3.10/dist-packages/messages/libmessages__rosidl_generator_py.so
[2.139s] -- Up-to-date: /home/mtrn/4231/project_workspace/install/messages/local/lib/python3.10/dist-packages/messages/msg
[2.139s] -- Up-to-date: /home/mtrn/4231/project_workspace/install/messages/local/lib/python3.10/dist-packages/messages/msg/_aruco_message.py
[2.139s] -- Up-to-date: /home/mtrn/4231/project_workspace/install/messages/local/lib/python3.10/dist-packages/messages/msg/_aruco_message_s.c
[2.139s] -- Up-to-date: /home/mtrn/4231/project_workspace/install/messages/local/lib/python3.10/dist-packages/messages/msg/__init__.py
[2.140s] -- Up-to-date: /home/mtrn/4231/project_workspace/install/messages/local/lib/python3.10/dist-packages/messages/_messages_s.ep.rosidl_typesupport_c.c
[2.141s] -- Up-to-date: /home/mtrn/4231/project_workspace/install/messages/local/lib/python3.10/dist-packages/messages/__init__.py
[2.207s] Listing '/home/mtrn/4231/project_workspace/install/messages/local/lib/python3.10/dist-packages/messages'...
[2.214s] Listing '/home/mtrn/4231/project_workspace/install/messages/local/lib/python3.10/dist-packages/messages/msg'...
[2.218s] -- Up-to-date: /home/mtrn/4231/project_workspace/install/messages/local/lib/python3.10/dist-packages/messages/messages_s__rosidl_typesupport_fastrtps_c.cpython-310-x86_64-linux-gnu.so
[2.218s] -- Up-to-date: /home/mtrn/4231/project_workspace/install/messages/local/lib/python3.10/dist-packages/messages/messages_s__rosidl_typesupport_introspection_c.cpython-310-x86_64-linux-gnu.so
[2.218s] -- Up-to-date: /home/mtrn/4231/project_workspace/install/messages/local/lib/python3.10/dist-packages/messages/messages_s__rosidl_typesupport_c.cpython-310-x86_64-linux-gnu.so
[2.218s] -- Up-to-date: /home/mtrn/4231/project_workspace/install/messages/lib/libmessages__rosidl_generator_py.so
[2.218s] -- Up-to-date: /home/mtrn/4231/project_workspace/install/messages/share/messages/msg/ArucoMessage.idl
[2.218s] -- Up-to-date: /home/mtrn/4231/project_workspace/install/messages/share/messages/msg/ArucoMessage.msg
[2.219s] -- Up-to-date: /home/mtrn/4231/project_workspace/install/messages/share/ament_index/resource_index/package_run_dependencies/messages
[2.219s] -- Up-to-date: /home/mtrn/4231/project_workspace/install/messages/share/ament_index/resource_index/parent_prefix_path/messages
[2.219s] -- Up-to-date: /home/mtrn/4231/project_workspace/install/messages/share/messages/environment/ament_prefix_path.sh
[2.219s] -- Up-to-date: /home/mtrn/4231/project_workspace/install/messages/share/messages/environment/ament_prefix_path.dsv
[2.219s] -- Up-to-date: /home/mtrn/4231/project_workspace/install/messages/share/messages/environment/path.sh
[2.219s] -- Up-to-date: /home/mtrn/4231/project_workspace/install/messages/share/messages/environment/path.dsv
[2.219s] -- Up-to-date: /home/mtrn/4231/project_workspace/install/messages/share/messages/local_setup.bash
[2.219s] -- Up-to-date: /home/mtrn/4231/project_workspace/install/messages/share/messages/local_setup.sh
[2.220s] -- Up-to-date: /home/mtrn/4231/project_workspace/install/messages/share/messages/local_setup.zsh
[2.220s] -- Up-to-date: /home/mtrn/4231/project_workspace/install/messages/share/messages/local_setup.dsv
[2.220s] -- Installing: /home/mtrn/4231/project_workspace/install/messages/share/messages/package.dsv
[2.220s] -- Up-to-date: /home/mtrn/4231/project_workspace/install/messages/share/ament_index/resource_index/packages/messages
[2.220s] -- Up-to-date: /home/mtrn/4231/project_workspace/install/messages/share/messages/cmake/export_messages__rosidl_generator_cExport.cmake
[2.220s] -- Up-to-date: /home/mtrn/4231/project_workspace/install/messages/share/messages/cmake/export_messages__rosidl_generator_cExport-noconfig.cmake
[2.220s] -- Up-to-date: /home/mtrn/4231/project_workspace/install/messages/share/messages/cmake/export_messages__rosidl_typesupport_fastrtps_cExport.cmake
[2.220s] -- Up-to-date: /home/mtrn/4231/project_workspace/install/messages/share/messages/cmake/export_messages__rosidl_typesupport_fastrtps_cExport-noconfig.cmake
[2.220s] -- Up-to-date: /home/mtrn/4231/project_workspace/install/messages/share/messages/cmake/messages__rosidl_typesupport_introspection_cExport.cmake
[2.221s] -- Up-to-date: /home/mtrn/4231/project_workspace/install/messages/share/messages/cmake/messages__rosidl_typesupport_introspection_cExport-noconfig.cmake
[2.221s] -- Up-to-date: /home/mtrn/4231/project_workspace/install/messages/share/messages/cmake/messages__rosidl_typesupport_cExport.cmake
[2.221s] -- Up-to-date: /home/mtrn/4231/project_workspace/install/messages/share/messages/cmake/messages__rosidl_typesupport_cExport-noconfig.cmake
[2.221s] -- Up-to-date: /home/mtrn/4231/project_workspace/install/messages/share/messages/cmake/export_messages__rosidl_generator_cppExport.cmake
[2.221s] -- Up-to-date: /home/mtrn/4231/project_workspace/install/messages/share/messages/cmake/export_messages__rosidl_typesupport_fastrtps_cppExport.cmake
[2.221s] -- Up-to-date: /home/mtrn/4231/project_workspace/install/messages/share/messages/cmake/export_messages__rosidl_typesupport_fastrtps_cppExport-noconfig.cmake
[2.221s] -- Up-to-date: /home/mtrn/4231/project_workspace/install/messages/share/messages/cmake/messages__rosidl_typesupport_introspection_cppExport.cmake
[2.222s] -- Up-to-date: /home/mtrn/4231/project_workspace/install/messages/share/messages/cmake/messages__rosidl_typesupport_introspection_cppExport-noconfig.cmake
[2.222s] -- Up-to-date: /home/mtrn/4231/project_workspace/install/messages/share/messages/cmake/messages__rosidl_typesupport_cppExport.cmake
[2.222s] -- Up-to-date: /home/mtrn/4231/project_workspace/install/messages/share/messages/cmake/messages__rosidl_typesupport_cppExport-noconfig.cmake
[2.222s] -- Up-to-date: /home/mtrn/4231/project_workspace/install/messages/share/messages/cmake/export_messages__rosidl_generator_pyExport.cmake
[2.222s] -- Up-to-date: /home/mtrn/4231/project_workspace/install/messages/share/messages/cmake/export_messages__rosidl_generator_pyExport-noconfig.cmake
[2.222s] -- Up-to-date: /home/mtrn/4231/project_workspace/install/messages/share/messages/cmake/rosidl_cmake-extras.cmake
[2.222s] -- Up-to-date: /home/mtrn/4231/project_workspace/install/messages/share/messages/cmake/ament_cmake_export_include_directories-extras.cmake
[2.223s] -- Up-to-date: /home/mtrn/4231/project_workspace/install/messages/share/messages/cmake/ament_cmake_export_libraries-extras.cmake
[2.223s] -- Up-to-date: /home/mtrn/4231/project_workspace/install/messages/share/messages/cmake/ament_cmake_export_targets-extras.cmake
[2.223s] -- Up-to-date: /home/mtrn/4231/project_workspace/install/messages/share/messages/cmake/rosidl_cmake_export_typesupport_targets-extras.cmake
[2.223s] -- Up-to-date: /home/mtrn/4231/project_workspace/install/messages/share/messages/cmake/ament_cmake_export_dependencies-extras.cmake
[2.224s] -- Up-to-date: /home/mtrn/4231/project_workspace/install/messages/share/messages/cmake/rosidl_cmake_export_typesupport_libraries-extras.cmake
[2.224s] -- Up-to-date: /home/mtrn/4231/project_workspace/install/messages/share/messages/cmake/messagesConfig.cmake
[2.224s] -- Up-to-date: /home/mtrn/4231/project_workspace/install/messages/share/messages/cmake/messagesConfig-version.cmake
[2.224s] -- Up-to-date: /home/mtrn/4231/project_workspace/install/messages/share/messages/package.xml
[2.316s] Invoked command in '/home/mtrn/4231/project_workspace/build/messages' returned '0': CMAKE_PREFIX_PATH=${CMAKE_PREFIX_PATH}:/home/mtrn/4231/ws_moveit2/install/moveit_configs_utils:/home/mtrn/4231/ws_moveit2/install/launch_param_builder:/opt/ros/humble /usr/bin/cmake --install /home/mtrn/4231/project_workspace/build/messages
