[0.057s] Invoking command in '/home/mtrn/4231/liam_stuff/4231project/build/messages': CMAKE_PREFIX_PATH=${CMAKE_PREFIX_PATH}:/home/mtrn/4231/liam_stuff/4231project/install/opencv_example:/home/mtrn/4231/liam_stuff/4231project/install/my_package:/home/mtrn/4231/ws_moveit2/install/moveit_configs_utils:/home/mtrn/4231/ws_moveit2/install/launch_param_builder:/opt/ros/humble /home/mtrn/.local/bin/cmake --build /home/mtrn/4231/liam_stuff/4231project/build/messages -- -j12 -l12
[0.366s] [  3%] Built target messages__cpp
[0.367s] [ 12%] Built target messages__rosidl_generator_c
[0.367s] [ 12%] Built target ament_cmake_python_copy_messages
[0.367s] [ 22%] Built target messages__rosidl_typesupport_cpp
[0.367s] [ 32%] Built target messages__rosidl_typesupport_fastrtps_cpp
[0.368s] [ 51%] Built target messages__rosidl_typesupport_introspection_cpp
[0.368s] [ 51%] Built target messages__rosidl_typesupport_fastrtps_c
[0.368s] [ 61%] Built target messages__rosidl_typesupport_c
[0.368s] [ 70%] Built target messages__rosidl_typesupport_introspection_c
[0.369s] [ 70%] Built target messages
[0.385s] [ 74%] Built target messages__py
[0.461s] [ 80%] Built target messages__rosidl_generator_py
[0.502s] [ 87%] Built target messages__rosidl_typesupport_c__pyext
[0.506s] [ 93%] Built target messages__rosidl_typesupport_introspection_c__pyext
[0.507s] [100%] Built target messages__rosidl_typesupport_fastrtps_c__pyext
[0.515s] running egg_info
[0.516s] writing messages.egg-info/PKG-INFO
[0.516s] writing dependency_links to messages.egg-info/dependency_links.txt
[0.516s] writing top-level names to messages.egg-info/top_level.txt
[0.518s] reading manifest file 'messages.egg-info/SOURCES.txt'
[0.519s] writing manifest file 'messages.egg-info/SOURCES.txt'
[0.568s] [100%] Built target ament_cmake_python_build_messages_egg
[0.656s] Invoked command in '/home/mtrn/4231/liam_stuff/4231project/build/messages' returned '0': CMAKE_PREFIX_PATH=${CMAKE_PREFIX_PATH}:/home/mtrn/4231/liam_stuff/4231project/install/opencv_example:/home/mtrn/4231/liam_stuff/4231project/install/my_package:/home/mtrn/4231/ws_moveit2/install/moveit_configs_utils:/home/mtrn/4231/ws_moveit2/install/launch_param_builder:/opt/ros/humble /home/mtrn/.local/bin/cmake --build /home/mtrn/4231/liam_stuff/4231project/build/messages -- -j12 -l12
[1.218s] Invoking command in '/home/mtrn/4231/liam_stuff/4231project/build/messages': CMAKE_PREFIX_PATH=${CMAKE_PREFIX_PATH}:/home/mtrn/4231/liam_stuff/4231project/install/opencv_example:/home/mtrn/4231/liam_stuff/4231project/install/my_package:/home/mtrn/4231/ws_moveit2/install/moveit_configs_utils:/home/mtrn/4231/ws_moveit2/install/launch_param_builder:/opt/ros/humble /home/mtrn/.local/bin/cmake --install /home/mtrn/4231/liam_stuff/4231project/build/messages
[1.276s] -- Install configuration: ""
[1.276s] -- Up-to-date: /home/mtrn/4231/liam_stuff/4231project/install/messages/share/ament_index/resource_index/rosidl_interfaces/messages
[1.276s] -- Up-to-date: /home/mtrn/4231/liam_stuff/4231project/install/messages/include/messages/messages
[1.276s] -- Up-to-date: /home/mtrn/4231/liam_stuff/4231project/install/messages/include/messages/messages/msg
[1.276s] -- Up-to-date: /home/mtrn/4231/liam_stuff/4231project/install/messages/include/messages/messages/msg/rosidl_generator_c__visibility_control.h
[1.276s] -- Up-to-date: /home/mtrn/4231/liam_stuff/4231project/install/messages/include/messages/messages/msg/aruco_message.h
[1.277s] -- Up-to-date: /home/mtrn/4231/liam_stuff/4231project/install/messages/include/messages/messages/msg/detail
[1.277s] -- Up-to-date: /home/mtrn/4231/liam_stuff/4231project/install/messages/include/messages/messages/msg/detail/aruco_message__functions.c
[1.277s] -- Up-to-date: /home/mtrn/4231/liam_stuff/4231project/install/messages/include/messages/messages/msg/detail/aruco_message__type_support.h
[1.277s] -- Up-to-date: /home/mtrn/4231/liam_stuff/4231project/install/messages/include/messages/messages/msg/detail/aruco_message__struct.h
[1.277s] -- Up-to-date: /home/mtrn/4231/liam_stuff/4231project/install/messages/include/messages/messages/msg/detail/aruco_message__functions.h
[1.277s] -- Up-to-date: /home/mtrn/4231/liam_stuff/4231project/install/messages/share/messages/environment/library_path.sh
[1.277s] -- Up-to-date: /home/mtrn/4231/liam_stuff/4231project/install/messages/share/messages/environment/library_path.dsv
[1.277s] -- Up-to-date: /home/mtrn/4231/liam_stuff/4231project/install/messages/lib/libmessages__rosidl_generator_c.so
[1.278s] -- Up-to-date: /home/mtrn/4231/liam_stuff/4231project/install/messages/include/messages/messages
[1.279s] -- Up-to-date: /home/mtrn/4231/liam_stuff/4231project/install/messages/include/messages/messages/msg
[1.279s] -- Up-to-date: /home/mtrn/4231/liam_stuff/4231project/install/messages/include/messages/messages/msg/rosidl_typesupport_fastrtps_c__visibility_control.h
[1.279s] -- Up-to-date: /home/mtrn/4231/liam_stuff/4231project/install/messages/include/messages/messages/msg/detail
[1.279s] -- Up-to-date: /home/mtrn/4231/liam_stuff/4231project/install/messages/include/messages/messages/msg/detail/aruco_message__rosidl_typesupport_fastrtps_c.h
[1.280s] -- Up-to-date: /home/mtrn/4231/liam_stuff/4231project/install/messages/lib/libmessages__rosidl_typesupport_fastrtps_c.so
[1.280s] -- Up-to-date: /home/mtrn/4231/liam_stuff/4231project/install/messages/include/messages/messages
[1.280s] -- Up-to-date: /home/mtrn/4231/liam_stuff/4231project/install/messages/include/messages/messages/msg
[1.280s] -- Up-to-date: /home/mtrn/4231/liam_stuff/4231project/install/messages/include/messages/messages/msg/rosidl_typesupport_introspection_c__visibility_control.h
[1.281s] -- Up-to-date: /home/mtrn/4231/liam_stuff/4231project/install/messages/include/messages/messages/msg/detail
[1.281s] -- Up-to-date: /home/mtrn/4231/liam_stuff/4231project/install/messages/include/messages/messages/msg/detail/aruco_message__type_support.c
[1.281s] -- Up-to-date: /home/mtrn/4231/liam_stuff/4231project/install/messages/include/messages/messages/msg/detail/aruco_message__rosidl_typesupport_introspection_c.h
[1.281s] -- Up-to-date: /home/mtrn/4231/liam_stuff/4231project/install/messages/lib/libmessages__rosidl_typesupport_introspection_c.so
[1.281s] -- Up-to-date: /home/mtrn/4231/liam_stuff/4231project/install/messages/lib/libmessages__rosidl_typesupport_c.so
[1.282s] -- Up-to-date: /home/mtrn/4231/liam_stuff/4231project/install/messages/include/messages/messages
[1.282s] -- Up-to-date: /home/mtrn/4231/liam_stuff/4231project/install/messages/include/messages/messages/msg
[1.282s] -- Up-to-date: /home/mtrn/4231/liam_stuff/4231project/install/messages/include/messages/messages/msg/aruco_message.hpp
[1.282s] -- Up-to-date: /home/mtrn/4231/liam_stuff/4231project/install/messages/include/messages/messages/msg/detail
[1.282s] -- Up-to-date: /home/mtrn/4231/liam_stuff/4231project/install/messages/include/messages/messages/msg/detail/aruco_message__traits.hpp
[1.282s] -- Up-to-date: /home/mtrn/4231/liam_stuff/4231project/install/messages/include/messages/messages/msg/detail/aruco_message__struct.hpp
[1.283s] -- Up-to-date: /home/mtrn/4231/liam_stuff/4231project/install/messages/include/messages/messages/msg/detail/aruco_message__builder.hpp
[1.283s] -- Up-to-date: /home/mtrn/4231/liam_stuff/4231project/install/messages/include/messages/messages
[1.283s] -- Up-to-date: /home/mtrn/4231/liam_stuff/4231project/install/messages/include/messages/messages/msg
[1.283s] -- Up-to-date: /home/mtrn/4231/liam_stuff/4231project/install/messages/include/messages/messages/msg/rosidl_typesupport_fastrtps_cpp__visibility_control.h
[1.283s] -- Up-to-date: /home/mtrn/4231/liam_stuff/4231project/install/messages/include/messages/messages/msg/detail
[1.283s] -- Up-to-date: /home/mtrn/4231/liam_stuff/4231project/install/messages/include/messages/messages/msg/detail/dds_fastrtps
[1.283s] -- Up-to-date: /home/mtrn/4231/liam_stuff/4231project/install/messages/include/messages/messages/msg/detail/aruco_message__rosidl_typesupport_fastrtps_cpp.hpp
[1.284s] -- Up-to-date: /home/mtrn/4231/liam_stuff/4231project/install/messages/lib/libmessages__rosidl_typesupport_fastrtps_cpp.so
[1.284s] -- Up-to-date: /home/mtrn/4231/liam_stuff/4231project/install/messages/include/messages/messages
[1.285s] -- Up-to-date: /home/mtrn/4231/liam_stuff/4231project/install/messages/include/messages/messages/msg
[1.285s] -- Up-to-date: /home/mtrn/4231/liam_stuff/4231project/install/messages/include/messages/messages/msg/detail
[1.285s] -- Up-to-date: /home/mtrn/4231/liam_stuff/4231project/install/messages/include/messages/messages/msg/detail/aruco_message__type_support.cpp
[1.285s] -- Up-to-date: /home/mtrn/4231/liam_stuff/4231project/install/messages/include/messages/messages/msg/detail/aruco_message__rosidl_typesupport_introspection_cpp.hpp
[1.286s] -- Up-to-date: /home/mtrn/4231/liam_stuff/4231project/install/messages/lib/libmessages__rosidl_typesupport_introspection_cpp.so
[1.287s] -- Up-to-date: /home/mtrn/4231/liam_stuff/4231project/install/messages/lib/libmessages__rosidl_typesupport_cpp.so
[1.287s] -- Up-to-date: /home/mtrn/4231/liam_stuff/4231project/install/messages/share/messages/environment/pythonpath.sh
[1.288s] -- Up-to-date: /home/mtrn/4231/liam_stuff/4231project/install/messages/share/messages/environment/pythonpath.dsv
[1.288s] -- Up-to-date: /home/mtrn/4231/liam_stuff/4231project/install/messages/local/lib/python3.10/dist-packages/messages-0.0.0-py3.10.egg-info
[1.288s] -- Installing: /home/mtrn/4231/liam_stuff/4231project/install/messages/local/lib/python3.10/dist-packages/messages-0.0.0-py3.10.egg-info/SOURCES.txt
[1.288s] -- Installing: /home/mtrn/4231/liam_stuff/4231project/install/messages/local/lib/python3.10/dist-packages/messages-0.0.0-py3.10.egg-info/dependency_links.txt
[1.288s] -- Installing: /home/mtrn/4231/liam_stuff/4231project/install/messages/local/lib/python3.10/dist-packages/messages-0.0.0-py3.10.egg-info/PKG-INFO
[1.288s] -- Installing: /home/mtrn/4231/liam_stuff/4231project/install/messages/local/lib/python3.10/dist-packages/messages-0.0.0-py3.10.egg-info/top_level.txt
[1.288s] -- Up-to-date: /home/mtrn/4231/liam_stuff/4231project/install/messages/local/lib/python3.10/dist-packages/messages
[1.288s] -- Up-to-date: /home/mtrn/4231/liam_stuff/4231project/install/messages/local/lib/python3.10/dist-packages/messages/messages_s__rosidl_typesupport_introspection_c.cpython-310-x86_64-linux-gnu.so
[1.288s] -- Up-to-date: /home/mtrn/4231/liam_stuff/4231project/install/messages/local/lib/python3.10/dist-packages/messages/_messages_s.ep.rosidl_typesupport_introspection_c.c
[1.288s] -- Up-to-date: /home/mtrn/4231/liam_stuff/4231project/install/messages/local/lib/python3.10/dist-packages/messages/_messages_s.ep.rosidl_typesupport_fastrtps_c.c
[1.289s] -- Up-to-date: /home/mtrn/4231/liam_stuff/4231project/install/messages/local/lib/python3.10/dist-packages/messages/_messages_s.ep.rosidl_typesupport_c.c
[1.289s] -- Up-to-date: /home/mtrn/4231/liam_stuff/4231project/install/messages/local/lib/python3.10/dist-packages/messages/__init__.py
[1.289s] -- Up-to-date: /home/mtrn/4231/liam_stuff/4231project/install/messages/local/lib/python3.10/dist-packages/messages/messages_s__rosidl_typesupport_fastrtps_c.cpython-310-x86_64-linux-gnu.so
[1.289s] -- Up-to-date: /home/mtrn/4231/liam_stuff/4231project/install/messages/local/lib/python3.10/dist-packages/messages/libmessages__rosidl_generator_py.so
[1.289s] -- Up-to-date: /home/mtrn/4231/liam_stuff/4231project/install/messages/local/lib/python3.10/dist-packages/messages/msg
[1.289s] -- Up-to-date: /home/mtrn/4231/liam_stuff/4231project/install/messages/local/lib/python3.10/dist-packages/messages/msg/_aruco_message_s.c
[1.289s] -- Up-to-date: /home/mtrn/4231/liam_stuff/4231project/install/messages/local/lib/python3.10/dist-packages/messages/msg/__init__.py
[1.289s] -- Up-to-date: /home/mtrn/4231/liam_stuff/4231project/install/messages/local/lib/python3.10/dist-packages/messages/msg/_aruco_message.py
[1.289s] -- Up-to-date: /home/mtrn/4231/liam_stuff/4231project/install/messages/local/lib/python3.10/dist-packages/messages/messages_s__rosidl_typesupport_c.cpython-310-x86_64-linux-gnu.so
[1.324s] Listing '/home/mtrn/4231/liam_stuff/4231project/install/messages/local/lib/python3.10/dist-packages/messages'...
[1.325s] Listing '/home/mtrn/4231/liam_stuff/4231project/install/messages/local/lib/python3.10/dist-packages/messages/msg'...
[1.329s] -- Up-to-date: /home/mtrn/4231/liam_stuff/4231project/install/messages/local/lib/python3.10/dist-packages/messages/messages_s__rosidl_typesupport_fastrtps_c.cpython-310-x86_64-linux-gnu.so
[1.330s] -- Up-to-date: /home/mtrn/4231/liam_stuff/4231project/install/messages/local/lib/python3.10/dist-packages/messages/messages_s__rosidl_typesupport_introspection_c.cpython-310-x86_64-linux-gnu.so
[1.330s] -- Up-to-date: /home/mtrn/4231/liam_stuff/4231project/install/messages/local/lib/python3.10/dist-packages/messages/messages_s__rosidl_typesupport_c.cpython-310-x86_64-linux-gnu.so
[1.331s] -- Up-to-date: /home/mtrn/4231/liam_stuff/4231project/install/messages/lib/libmessages__rosidl_generator_py.so
[1.331s] -- Up-to-date: /home/mtrn/4231/liam_stuff/4231project/install/messages/share/messages/msg/ArucoMessage.idl
[1.331s] -- Up-to-date: /home/mtrn/4231/liam_stuff/4231project/install/messages/share/messages/msg/ArucoMessage.msg
[1.331s] -- Up-to-date: /home/mtrn/4231/liam_stuff/4231project/install/messages/share/ament_index/resource_index/package_run_dependencies/messages
[1.332s] -- Up-to-date: /home/mtrn/4231/liam_stuff/4231project/install/messages/share/ament_index/resource_index/parent_prefix_path/messages
[1.332s] -- Up-to-date: /home/mtrn/4231/liam_stuff/4231project/install/messages/share/messages/environment/ament_prefix_path.sh
[1.332s] -- Up-to-date: /home/mtrn/4231/liam_stuff/4231project/install/messages/share/messages/environment/ament_prefix_path.dsv
[1.332s] -- Up-to-date: /home/mtrn/4231/liam_stuff/4231project/install/messages/share/messages/environment/path.sh
[1.332s] -- Up-to-date: /home/mtrn/4231/liam_stuff/4231project/install/messages/share/messages/environment/path.dsv
[1.332s] -- Up-to-date: /home/mtrn/4231/liam_stuff/4231project/install/messages/share/messages/local_setup.bash
[1.332s] -- Up-to-date: /home/mtrn/4231/liam_stuff/4231project/install/messages/share/messages/local_setup.sh
[1.333s] -- Up-to-date: /home/mtrn/4231/liam_stuff/4231project/install/messages/share/messages/local_setup.zsh
[1.333s] -- Up-to-date: /home/mtrn/4231/liam_stuff/4231project/install/messages/share/messages/local_setup.dsv
[1.333s] -- Installing: /home/mtrn/4231/liam_stuff/4231project/install/messages/share/messages/package.dsv
[1.333s] -- Up-to-date: /home/mtrn/4231/liam_stuff/4231project/install/messages/share/ament_index/resource_index/packages/messages
[1.333s] -- Up-to-date: /home/mtrn/4231/liam_stuff/4231project/install/messages/share/messages/cmake/export_messages__rosidl_generator_cExport.cmake
[1.333s] -- Up-to-date: /home/mtrn/4231/liam_stuff/4231project/install/messages/share/messages/cmake/export_messages__rosidl_generator_cExport-noconfig.cmake
[1.333s] -- Up-to-date: /home/mtrn/4231/liam_stuff/4231project/install/messages/share/messages/cmake/export_messages__rosidl_typesupport_fastrtps_cExport.cmake
[1.334s] -- Up-to-date: /home/mtrn/4231/liam_stuff/4231project/install/messages/share/messages/cmake/export_messages__rosidl_typesupport_fastrtps_cExport-noconfig.cmake
[1.334s] -- Up-to-date: /home/mtrn/4231/liam_stuff/4231project/install/messages/share/messages/cmake/messages__rosidl_typesupport_introspection_cExport.cmake
[1.334s] -- Up-to-date: /home/mtrn/4231/liam_stuff/4231project/install/messages/share/messages/cmake/messages__rosidl_typesupport_introspection_cExport-noconfig.cmake
[1.334s] -- Up-to-date: /home/mtrn/4231/liam_stuff/4231project/install/messages/share/messages/cmake/messages__rosidl_typesupport_cExport.cmake
[1.335s] -- Up-to-date: /home/mtrn/4231/liam_stuff/4231project/install/messages/share/messages/cmake/messages__rosidl_typesupport_cExport-noconfig.cmake
[1.335s] -- Up-to-date: /home/mtrn/4231/liam_stuff/4231project/install/messages/share/messages/cmake/export_messages__rosidl_generator_cppExport.cmake
[1.336s] -- Up-to-date: /home/mtrn/4231/liam_stuff/4231project/install/messages/share/messages/cmake/export_messages__rosidl_typesupport_fastrtps_cppExport.cmake
[1.336s] -- Up-to-date: /home/mtrn/4231/liam_stuff/4231project/install/messages/share/messages/cmake/export_messages__rosidl_typesupport_fastrtps_cppExport-noconfig.cmake
[1.336s] -- Up-to-date: /home/mtrn/4231/liam_stuff/4231project/install/messages/share/messages/cmake/messages__rosidl_typesupport_introspection_cppExport.cmake
[1.337s] -- Up-to-date: /home/mtrn/4231/liam_stuff/4231project/install/messages/share/messages/cmake/messages__rosidl_typesupport_introspection_cppExport-noconfig.cmake
[1.337s] -- Up-to-date: /home/mtrn/4231/liam_stuff/4231project/install/messages/share/messages/cmake/messages__rosidl_typesupport_cppExport.cmake
[1.337s] -- Up-to-date: /home/mtrn/4231/liam_stuff/4231project/install/messages/share/messages/cmake/messages__rosidl_typesupport_cppExport-noconfig.cmake
[1.337s] -- Up-to-date: /home/mtrn/4231/liam_stuff/4231project/install/messages/share/messages/cmake/export_messages__rosidl_generator_pyExport.cmake
[1.338s] -- Up-to-date: /home/mtrn/4231/liam_stuff/4231project/install/messages/share/messages/cmake/export_messages__rosidl_generator_pyExport-noconfig.cmake
[1.338s] -- Up-to-date: /home/mtrn/4231/liam_stuff/4231project/install/messages/share/messages/cmake/rosidl_cmake-extras.cmake
[1.338s] -- Up-to-date: /home/mtrn/4231/liam_stuff/4231project/install/messages/share/messages/cmake/ament_cmake_export_include_directories-extras.cmake
[1.338s] -- Up-to-date: /home/mtrn/4231/liam_stuff/4231project/install/messages/share/messages/cmake/ament_cmake_export_libraries-extras.cmake
[1.338s] -- Up-to-date: /home/mtrn/4231/liam_stuff/4231project/install/messages/share/messages/cmake/ament_cmake_export_targets-extras.cmake
[1.339s] -- Up-to-date: /home/mtrn/4231/liam_stuff/4231project/install/messages/share/messages/cmake/rosidl_cmake_export_typesupport_targets-extras.cmake
[1.339s] -- Up-to-date: /home/mtrn/4231/liam_stuff/4231project/install/messages/share/messages/cmake/ament_cmake_export_dependencies-extras.cmake
[1.339s] -- Up-to-date: /home/mtrn/4231/liam_stuff/4231project/install/messages/share/messages/cmake/rosidl_cmake_export_typesupport_libraries-extras.cmake
[1.339s] -- Up-to-date: /home/mtrn/4231/liam_stuff/4231project/install/messages/share/messages/cmake/messagesConfig.cmake
[1.339s] -- Up-to-date: /home/mtrn/4231/liam_stuff/4231project/install/messages/share/messages/cmake/messagesConfig-version.cmake
[1.340s] -- Up-to-date: /home/mtrn/4231/liam_stuff/4231project/install/messages/share/messages/package.xml
[1.346s] Invoked command in '/home/mtrn/4231/liam_stuff/4231project/build/messages' returned '0': CMAKE_PREFIX_PATH=${CMAKE_PREFIX_PATH}:/home/mtrn/4231/liam_stuff/4231project/install/opencv_example:/home/mtrn/4231/liam_stuff/4231project/install/my_package:/home/mtrn/4231/ws_moveit2/install/moveit_configs_utils:/home/mtrn/4231/ws_moveit2/install/launch_param_builder:/opt/ros/humble /home/mtrn/.local/bin/cmake --install /home/mtrn/4231/liam_stuff/4231project/build/messages
