[0.128s] Invoking command in '/home/mtrn/4231/liam_stuff/4231project/build/canvas': CMAKE_PREFIX_PATH=${CMAKE_PREFIX_PATH}:/home/mtrn/4231/ws_moveit2/install/moveit_configs_utils:/home/mtrn/4231/ws_moveit2/install/launch_param_builder:/opt/ros/humble /home/mtrn/.local/bin/cmake --build /home/mtrn/4231/liam_stuff/4231project/build/canvas -- -j12 -l12
[0.877s] [  3%] Built target canvas__cpp
[0.878s] [ 12%] Built target canvas__rosidl_generator_c
[0.878s] [ 12%] Built target ament_cmake_python_copy_canvas
[0.881s] [ 38%] Built target canvas__rosidl_typesupport_c
[0.882s] [ 41%] Built target canvas__rosidl_typesupport_cpp
[0.882s] [ 41%] Built target canvas__rosidl_typesupport_fastrtps_cpp
[0.883s] [ 61%] Built target canvas__rosidl_typesupport_introspection_cpp
[0.883s] [ 61%] Built target canvas__rosidl_typesupport_introspection_c
[0.884s] [ 70%] Built target canvas__rosidl_typesupport_fastrtps_c
[0.884s] [ 70%] Built target canvas
[0.884s] [ 74%] Built target canvas__py
[0.884s] [ 80%] Built target canvas__rosidl_generator_py
[0.884s] [ 87%] Built target canvas__rosidl_typesupport_fastrtps_c__pyext
[0.884s] [ 93%] Built target canvas__rosidl_typesupport_c__pyext
[0.885s] [100%] Built target canvas__rosidl_typesupport_introspection_c__pyext
[0.885s] running egg_info
[0.886s] writing canvas.egg-info/PKG-INFO
[0.886s] writing dependency_links to canvas.egg-info/dependency_links.txt
[0.886s] writing top-level names to canvas.egg-info/top_level.txt
[0.886s] reading manifest file 'canvas.egg-info/SOURCES.txt'
[0.886s] writing manifest file 'canvas.egg-info/SOURCES.txt'
[0.886s] [100%] Built target ament_cmake_python_build_canvas_egg
[1.232s] Invoked command in '/home/mtrn/4231/liam_stuff/4231project/build/canvas' returned '0': CMAKE_PREFIX_PATH=${CMAKE_PREFIX_PATH}:/home/mtrn/4231/ws_moveit2/install/moveit_configs_utils:/home/mtrn/4231/ws_moveit2/install/launch_param_builder:/opt/ros/humble /home/mtrn/.local/bin/cmake --build /home/mtrn/4231/liam_stuff/4231project/build/canvas -- -j12 -l12
[1.573s] Invoking command in '/home/mtrn/4231/liam_stuff/4231project/build/canvas': CMAKE_PREFIX_PATH=${CMAKE_PREFIX_PATH}:/home/mtrn/4231/ws_moveit2/install/moveit_configs_utils:/home/mtrn/4231/ws_moveit2/install/launch_param_builder:/opt/ros/humble /home/mtrn/.local/bin/cmake --install /home/mtrn/4231/liam_stuff/4231project/build/canvas
[1.614s] -- Install configuration: ""
[1.615s] -- Up-to-date: /home/mtrn/4231/liam_stuff/4231project/install/canvas/share/ament_index/resource_index/rosidl_interfaces/canvas
[1.615s] -- Up-to-date: /home/mtrn/4231/liam_stuff/4231project/install/canvas/include/canvas/canvas
[1.615s] -- Up-to-date: /home/mtrn/4231/liam_stuff/4231project/install/canvas/include/canvas/canvas/msg
[1.615s] -- Up-to-date: /home/mtrn/4231/liam_stuff/4231project/install/canvas/include/canvas/canvas/msg/rosidl_generator_c__visibility_control.h
[1.616s] -- Up-to-date: /home/mtrn/4231/liam_stuff/4231project/install/canvas/include/canvas/canvas/msg/aruco.h
[1.616s] -- Up-to-date: /home/mtrn/4231/liam_stuff/4231project/install/canvas/include/canvas/canvas/msg/detail
[1.616s] -- Up-to-date: /home/mtrn/4231/liam_stuff/4231project/install/canvas/include/canvas/canvas/msg/detail/aruco__type_support.h
[1.616s] -- Up-to-date: /home/mtrn/4231/liam_stuff/4231project/install/canvas/include/canvas/canvas/msg/detail/aruco__struct.h
[1.616s] -- Up-to-date: /home/mtrn/4231/liam_stuff/4231project/install/canvas/include/canvas/canvas/msg/detail/aruco__functions.h
[1.616s] -- Up-to-date: /home/mtrn/4231/liam_stuff/4231project/install/canvas/include/canvas/canvas/msg/detail/aruco__functions.c
[1.617s] -- Up-to-date: /home/mtrn/4231/liam_stuff/4231project/install/canvas/share/canvas/environment/library_path.sh
[1.617s] -- Up-to-date: /home/mtrn/4231/liam_stuff/4231project/install/canvas/share/canvas/environment/library_path.dsv
[1.617s] -- Up-to-date: /home/mtrn/4231/liam_stuff/4231project/install/canvas/lib/libcanvas__rosidl_generator_c.so
[1.617s] -- Up-to-date: /home/mtrn/4231/liam_stuff/4231project/install/canvas/include/canvas/canvas
[1.617s] -- Up-to-date: /home/mtrn/4231/liam_stuff/4231project/install/canvas/include/canvas/canvas/msg
[1.618s] -- Up-to-date: /home/mtrn/4231/liam_stuff/4231project/install/canvas/include/canvas/canvas/msg/rosidl_typesupport_fastrtps_c__visibility_control.h
[1.618s] -- Up-to-date: /home/mtrn/4231/liam_stuff/4231project/install/canvas/include/canvas/canvas/msg/detail
[1.618s] -- Up-to-date: /home/mtrn/4231/liam_stuff/4231project/install/canvas/include/canvas/canvas/msg/detail/aruco__rosidl_typesupport_fastrtps_c.h
[1.618s] -- Up-to-date: /home/mtrn/4231/liam_stuff/4231project/install/canvas/lib/libcanvas__rosidl_typesupport_fastrtps_c.so
[1.619s] -- Up-to-date: /home/mtrn/4231/liam_stuff/4231project/install/canvas/include/canvas/canvas
[1.619s] -- Up-to-date: /home/mtrn/4231/liam_stuff/4231project/install/canvas/include/canvas/canvas/msg
[1.622s] -- Up-to-date: /home/mtrn/4231/liam_stuff/4231project/install/canvas/include/canvas/canvas/msg/rosidl_typesupport_introspection_c__visibility_control.h
[1.622s] -- Up-to-date: /home/mtrn/4231/liam_stuff/4231project/install/canvas/include/canvas/canvas/msg/detail
[1.622s] -- Up-to-date: /home/mtrn/4231/liam_stuff/4231project/install/canvas/include/canvas/canvas/msg/detail/aruco__type_support.c
[1.623s] -- Up-to-date: /home/mtrn/4231/liam_stuff/4231project/install/canvas/include/canvas/canvas/msg/detail/aruco__rosidl_typesupport_introspection_c.h
[1.623s] -- Up-to-date: /home/mtrn/4231/liam_stuff/4231project/install/canvas/lib/libcanvas__rosidl_typesupport_introspection_c.so
[1.623s] -- Up-to-date: /home/mtrn/4231/liam_stuff/4231project/install/canvas/lib/libcanvas__rosidl_typesupport_c.so
[1.623s] -- Up-to-date: /home/mtrn/4231/liam_stuff/4231project/install/canvas/include/canvas/canvas
[1.623s] -- Up-to-date: /home/mtrn/4231/liam_stuff/4231project/install/canvas/include/canvas/canvas/msg
[1.623s] -- Up-to-date: /home/mtrn/4231/liam_stuff/4231project/install/canvas/include/canvas/canvas/msg/aruco.hpp
[1.623s] -- Up-to-date: /home/mtrn/4231/liam_stuff/4231project/install/canvas/include/canvas/canvas/msg/detail
[1.624s] -- Up-to-date: /home/mtrn/4231/liam_stuff/4231project/install/canvas/include/canvas/canvas/msg/detail/aruco__traits.hpp
[1.624s] -- Up-to-date: /home/mtrn/4231/liam_stuff/4231project/install/canvas/include/canvas/canvas/msg/detail/aruco__struct.hpp
[1.624s] -- Up-to-date: /home/mtrn/4231/liam_stuff/4231project/install/canvas/include/canvas/canvas/msg/detail/aruco__builder.hpp
[1.624s] -- Up-to-date: /home/mtrn/4231/liam_stuff/4231project/install/canvas/include/canvas/canvas
[1.624s] -- Up-to-date: /home/mtrn/4231/liam_stuff/4231project/install/canvas/include/canvas/canvas/msg
[1.624s] -- Up-to-date: /home/mtrn/4231/liam_stuff/4231project/install/canvas/include/canvas/canvas/msg/rosidl_typesupport_fastrtps_cpp__visibility_control.h
[1.624s] -- Up-to-date: /home/mtrn/4231/liam_stuff/4231project/install/canvas/include/canvas/canvas/msg/detail
[1.624s] -- Up-to-date: /home/mtrn/4231/liam_stuff/4231project/install/canvas/include/canvas/canvas/msg/detail/aruco__rosidl_typesupport_fastrtps_cpp.hpp
[1.624s] -- Up-to-date: /home/mtrn/4231/liam_stuff/4231project/install/canvas/include/canvas/canvas/msg/detail/dds_fastrtps
[1.624s] -- Up-to-date: /home/mtrn/4231/liam_stuff/4231project/install/canvas/lib/libcanvas__rosidl_typesupport_fastrtps_cpp.so
[1.624s] -- Up-to-date: /home/mtrn/4231/liam_stuff/4231project/install/canvas/include/canvas/canvas
[1.625s] -- Up-to-date: /home/mtrn/4231/liam_stuff/4231project/install/canvas/include/canvas/canvas/msg
[1.625s] -- Up-to-date: /home/mtrn/4231/liam_stuff/4231project/install/canvas/include/canvas/canvas/msg/detail
[1.625s] -- Up-to-date: /home/mtrn/4231/liam_stuff/4231project/install/canvas/include/canvas/canvas/msg/detail/aruco__type_support.cpp
[1.625s] -- Up-to-date: /home/mtrn/4231/liam_stuff/4231project/install/canvas/include/canvas/canvas/msg/detail/aruco__rosidl_typesupport_introspection_cpp.hpp
[1.625s] -- Up-to-date: /home/mtrn/4231/liam_stuff/4231project/install/canvas/lib/libcanvas__rosidl_typesupport_introspection_cpp.so
[1.625s] -- Up-to-date: /home/mtrn/4231/liam_stuff/4231project/install/canvas/lib/libcanvas__rosidl_typesupport_cpp.so
[1.626s] -- Up-to-date: /home/mtrn/4231/liam_stuff/4231project/install/canvas/share/canvas/environment/pythonpath.sh
[1.626s] -- Up-to-date: /home/mtrn/4231/liam_stuff/4231project/install/canvas/share/canvas/environment/pythonpath.dsv
[1.626s] -- Up-to-date: /home/mtrn/4231/liam_stuff/4231project/install/canvas/local/lib/python3.10/dist-packages/canvas-1.0.0-py3.10.egg-info
[1.627s] -- Installing: /home/mtrn/4231/liam_stuff/4231project/install/canvas/local/lib/python3.10/dist-packages/canvas-1.0.0-py3.10.egg-info/SOURCES.txt
[1.627s] -- Installing: /home/mtrn/4231/liam_stuff/4231project/install/canvas/local/lib/python3.10/dist-packages/canvas-1.0.0-py3.10.egg-info/dependency_links.txt
[1.630s] -- Installing: /home/mtrn/4231/liam_stuff/4231project/install/canvas/local/lib/python3.10/dist-packages/canvas-1.0.0-py3.10.egg-info/PKG-INFO
[1.630s] -- Installing: /home/mtrn/4231/liam_stuff/4231project/install/canvas/local/lib/python3.10/dist-packages/canvas-1.0.0-py3.10.egg-info/top_level.txt
[1.631s] -- Up-to-date: /home/mtrn/4231/liam_stuff/4231project/install/canvas/local/lib/python3.10/dist-packages/canvas
[1.631s] -- Up-to-date: /home/mtrn/4231/liam_stuff/4231project/install/canvas/local/lib/python3.10/dist-packages/canvas/canvas_s__rosidl_typesupport_introspection_c.cpython-310-x86_64-linux-gnu.so
[1.631s] -- Up-to-date: /home/mtrn/4231/liam_stuff/4231project/install/canvas/local/lib/python3.10/dist-packages/canvas/canvas_s__rosidl_typesupport_c.cpython-310-x86_64-linux-gnu.so
[1.631s] -- Up-to-date: /home/mtrn/4231/liam_stuff/4231project/install/canvas/local/lib/python3.10/dist-packages/canvas/libcanvas__rosidl_generator_py.so
[1.632s] -- Up-to-date: /home/mtrn/4231/liam_stuff/4231project/install/canvas/local/lib/python3.10/dist-packages/canvas/__init__.py
[1.632s] -- Up-to-date: /home/mtrn/4231/liam_stuff/4231project/install/canvas/local/lib/python3.10/dist-packages/canvas/_canvas_s.ep.rosidl_typesupport_introspection_c.c
[1.632s] -- Up-to-date: /home/mtrn/4231/liam_stuff/4231project/install/canvas/local/lib/python3.10/dist-packages/canvas/_canvas_s.ep.rosidl_typesupport_c.c
[1.632s] -- Up-to-date: /home/mtrn/4231/liam_stuff/4231project/install/canvas/local/lib/python3.10/dist-packages/canvas/msg
[1.632s] -- Up-to-date: /home/mtrn/4231/liam_stuff/4231project/install/canvas/local/lib/python3.10/dist-packages/canvas/msg/__init__.py
[1.632s] -- Up-to-date: /home/mtrn/4231/liam_stuff/4231project/install/canvas/local/lib/python3.10/dist-packages/canvas/msg/_aruco_s.c
[1.632s] -- Up-to-date: /home/mtrn/4231/liam_stuff/4231project/install/canvas/local/lib/python3.10/dist-packages/canvas/msg/_aruco.py
[1.633s] -- Up-to-date: /home/mtrn/4231/liam_stuff/4231project/install/canvas/local/lib/python3.10/dist-packages/canvas/canvas_s__rosidl_typesupport_fastrtps_c.cpython-310-x86_64-linux-gnu.so
[1.633s] -- Up-to-date: /home/mtrn/4231/liam_stuff/4231project/install/canvas/local/lib/python3.10/dist-packages/canvas/_canvas_s.ep.rosidl_typesupport_fastrtps_c.c
[1.661s] Listing '/home/mtrn/4231/liam_stuff/4231project/install/canvas/local/lib/python3.10/dist-packages/canvas'...
[1.661s] Listing '/home/mtrn/4231/liam_stuff/4231project/install/canvas/local/lib/python3.10/dist-packages/canvas/msg'...
[1.667s] -- Up-to-date: /home/mtrn/4231/liam_stuff/4231project/install/canvas/local/lib/python3.10/dist-packages/canvas/canvas_s__rosidl_typesupport_fastrtps_c.cpython-310-x86_64-linux-gnu.so
[1.667s] -- Up-to-date: /home/mtrn/4231/liam_stuff/4231project/install/canvas/local/lib/python3.10/dist-packages/canvas/canvas_s__rosidl_typesupport_introspection_c.cpython-310-x86_64-linux-gnu.so
[1.667s] -- Up-to-date: /home/mtrn/4231/liam_stuff/4231project/install/canvas/local/lib/python3.10/dist-packages/canvas/canvas_s__rosidl_typesupport_c.cpython-310-x86_64-linux-gnu.so
[1.667s] -- Up-to-date: /home/mtrn/4231/liam_stuff/4231project/install/canvas/lib/libcanvas__rosidl_generator_py.so
[1.668s] -- Up-to-date: /home/mtrn/4231/liam_stuff/4231project/install/canvas/share/canvas/msg/Aruco.idl
[1.668s] -- Up-to-date: /home/mtrn/4231/liam_stuff/4231project/install/canvas/share/canvas/msg/Aruco.msg
[1.668s] -- Up-to-date: /home/mtrn/4231/liam_stuff/4231project/install/canvas/share/canvas/msg
[1.668s] -- Up-to-date: /home/mtrn/4231/liam_stuff/4231project/install/canvas/share/canvas/msg/Aruco.msg
[1.668s] -- Up-to-date: /home/mtrn/4231/liam_stuff/4231project/install/canvas/share/ament_index/resource_index/package_run_dependencies/canvas
[1.668s] -- Up-to-date: /home/mtrn/4231/liam_stuff/4231project/install/canvas/share/ament_index/resource_index/parent_prefix_path/canvas
[1.668s] -- Up-to-date: /home/mtrn/4231/liam_stuff/4231project/install/canvas/share/canvas/environment/ament_prefix_path.sh
[1.668s] -- Up-to-date: /home/mtrn/4231/liam_stuff/4231project/install/canvas/share/canvas/environment/ament_prefix_path.dsv
[1.668s] -- Up-to-date: /home/mtrn/4231/liam_stuff/4231project/install/canvas/share/canvas/environment/path.sh
[1.669s] -- Up-to-date: /home/mtrn/4231/liam_stuff/4231project/install/canvas/share/canvas/environment/path.dsv
[1.669s] -- Up-to-date: /home/mtrn/4231/liam_stuff/4231project/install/canvas/share/canvas/local_setup.bash
[1.669s] -- Up-to-date: /home/mtrn/4231/liam_stuff/4231project/install/canvas/share/canvas/local_setup.sh
[1.669s] -- Up-to-date: /home/mtrn/4231/liam_stuff/4231project/install/canvas/share/canvas/local_setup.zsh
[1.669s] -- Up-to-date: /home/mtrn/4231/liam_stuff/4231project/install/canvas/share/canvas/local_setup.dsv
[1.669s] -- Installing: /home/mtrn/4231/liam_stuff/4231project/install/canvas/share/canvas/package.dsv
[1.669s] -- Up-to-date: /home/mtrn/4231/liam_stuff/4231project/install/canvas/share/ament_index/resource_index/packages/canvas
[1.669s] -- Up-to-date: /home/mtrn/4231/liam_stuff/4231project/install/canvas/share/canvas/cmake/export_canvas__rosidl_generator_cExport.cmake
[1.669s] -- Up-to-date: /home/mtrn/4231/liam_stuff/4231project/install/canvas/share/canvas/cmake/export_canvas__rosidl_generator_cExport-noconfig.cmake
[1.670s] -- Up-to-date: /home/mtrn/4231/liam_stuff/4231project/install/canvas/share/canvas/cmake/export_canvas__rosidl_typesupport_fastrtps_cExport.cmake
[1.670s] -- Up-to-date: /home/mtrn/4231/liam_stuff/4231project/install/canvas/share/canvas/cmake/export_canvas__rosidl_typesupport_fastrtps_cExport-noconfig.cmake
[1.670s] -- Up-to-date: /home/mtrn/4231/liam_stuff/4231project/install/canvas/share/canvas/cmake/canvas__rosidl_typesupport_introspection_cExport.cmake
[1.670s] -- Up-to-date: /home/mtrn/4231/liam_stuff/4231project/install/canvas/share/canvas/cmake/canvas__rosidl_typesupport_introspection_cExport-noconfig.cmake
[1.670s] -- Up-to-date: /home/mtrn/4231/liam_stuff/4231project/install/canvas/share/canvas/cmake/canvas__rosidl_typesupport_cExport.cmake
[1.670s] -- Up-to-date: /home/mtrn/4231/liam_stuff/4231project/install/canvas/share/canvas/cmake/canvas__rosidl_typesupport_cExport-noconfig.cmake
[1.670s] -- Up-to-date: /home/mtrn/4231/liam_stuff/4231project/install/canvas/share/canvas/cmake/export_canvas__rosidl_generator_cppExport.cmake
[1.670s] -- Up-to-date: /home/mtrn/4231/liam_stuff/4231project/install/canvas/share/canvas/cmake/export_canvas__rosidl_typesupport_fastrtps_cppExport.cmake
[1.670s] -- Up-to-date: /home/mtrn/4231/liam_stuff/4231project/install/canvas/share/canvas/cmake/export_canvas__rosidl_typesupport_fastrtps_cppExport-noconfig.cmake
[1.671s] -- Up-to-date: /home/mtrn/4231/liam_stuff/4231project/install/canvas/share/canvas/cmake/canvas__rosidl_typesupport_introspection_cppExport.cmake
[1.671s] -- Up-to-date: /home/mtrn/4231/liam_stuff/4231project/install/canvas/share/canvas/cmake/canvas__rosidl_typesupport_introspection_cppExport-noconfig.cmake
[1.671s] -- Up-to-date: /home/mtrn/4231/liam_stuff/4231project/install/canvas/share/canvas/cmake/canvas__rosidl_typesupport_cppExport.cmake
[1.671s] -- Up-to-date: /home/mtrn/4231/liam_stuff/4231project/install/canvas/share/canvas/cmake/canvas__rosidl_typesupport_cppExport-noconfig.cmake
[1.671s] -- Up-to-date: /home/mtrn/4231/liam_stuff/4231project/install/canvas/share/canvas/cmake/export_canvas__rosidl_generator_pyExport.cmake
[1.671s] -- Up-to-date: /home/mtrn/4231/liam_stuff/4231project/install/canvas/share/canvas/cmake/export_canvas__rosidl_generator_pyExport-noconfig.cmake
[1.671s] -- Up-to-date: /home/mtrn/4231/liam_stuff/4231project/install/canvas/share/canvas/cmake/rosidl_cmake-extras.cmake
[1.671s] -- Up-to-date: /home/mtrn/4231/liam_stuff/4231project/install/canvas/share/canvas/cmake/ament_cmake_export_include_directories-extras.cmake
[1.671s] -- Up-to-date: /home/mtrn/4231/liam_stuff/4231project/install/canvas/share/canvas/cmake/ament_cmake_export_libraries-extras.cmake
[1.671s] -- Up-to-date: /home/mtrn/4231/liam_stuff/4231project/install/canvas/share/canvas/cmake/ament_cmake_export_targets-extras.cmake
[1.672s] -- Up-to-date: /home/mtrn/4231/liam_stuff/4231project/install/canvas/share/canvas/cmake/rosidl_cmake_export_typesupport_targets-extras.cmake
[1.672s] -- Up-to-date: /home/mtrn/4231/liam_stuff/4231project/install/canvas/share/canvas/cmake/ament_cmake_export_dependencies-extras.cmake
[1.672s] -- Up-to-date: /home/mtrn/4231/liam_stuff/4231project/install/canvas/share/canvas/cmake/rosidl_cmake_export_typesupport_libraries-extras.cmake
[1.672s] -- Up-to-date: /home/mtrn/4231/liam_stuff/4231project/install/canvas/share/canvas/cmake/canvasConfig.cmake
[1.672s] -- Up-to-date: /home/mtrn/4231/liam_stuff/4231project/install/canvas/share/canvas/cmake/canvasConfig-version.cmake
[1.672s] -- Up-to-date: /home/mtrn/4231/liam_stuff/4231project/install/canvas/share/canvas/package.xml
[1.684s] Invoked command in '/home/mtrn/4231/liam_stuff/4231project/build/canvas' returned '0': CMAKE_PREFIX_PATH=${CMAKE_PREFIX_PATH}:/home/mtrn/4231/ws_moveit2/install/moveit_configs_utils:/home/mtrn/4231/ws_moveit2/install/launch_param_builder:/opt/ros/humble /home/mtrn/.local/bin/cmake --install /home/mtrn/4231/liam_stuff/4231project/build/canvas
