[0.613s] Invoking command in '/home/mtrn/4231/liam_stuff/4231project/build/v4l2_camera': CMAKE_PREFIX_PATH=${CMAKE_PREFIX_PATH}:/home/mtrn/.local/share/Trash/files/src.3/install/opencv_example:/home/mtrn/.local/share/Trash/files/src.3/install/my_package:/home/mtrn/4231/liam_stuff/4231project/install/opencv_example:/home/mtrn/4231/liam_stuff/4231project/install/my_package:/home/mtrn/4231/ws_moveit2/install/moveit_configs_utils:/home/mtrn/4231/ws_moveit2/install/launch_param_builder:/opt/ros/humble /home/mtrn/.local/bin/cmake /home/mtrn/4231/liam_stuff/4231project/src/ros2_v4l2_camera-rolling -DCMAKE_INSTALL_PREFIX=/home/mtrn/4231/liam_stuff/4231project/install/v4l2_camera
[0.792s] -- The C compiler identification is GNU 11.4.0
[0.909s] -- The CXX compiler identification is GNU 11.4.0
[0.974s] -- Detecting C compiler ABI info
[1.189s] -- Detecting C compiler ABI info - done
[1.210s] -- Check for working C compiler: /usr/bin/cc - skipped
[1.210s] -- Detecting C compile features
[1.211s] -- Detecting C compile features - done
[1.247s] -- Detecting CXX compiler ABI info
[1.491s] -- Detecting CXX compiler ABI info - done
[1.514s] -- Check for working CXX compiler: /usr/bin/c++ - skipped
[1.515s] -- Detecting CXX compile features
[1.515s] -- Detecting CXX compile features - done
[1.526s] -- Found ament_cmake: 1.3.5 (/opt/ros/humble/share/ament_cmake/cmake)
[2.376s] -- Found Python3: /usr/bin/python3.10 (found version "3.10.12") found components: Interpreter 
[2.587s] -- Found ament_cmake_ros: 0.10.0 (/opt/ros/humble/share/ament_cmake_ros/cmake)
[2.620s] -- Found rclcpp: 16.0.5 (/opt/ros/humble/share/rclcpp/cmake)
[2.760s] -- Found rosidl_generator_c: 3.1.5 (/opt/ros/humble/share/rosidl_generator_c/cmake)
[2.779s] -- Found rosidl_adapter: 3.1.5 (/opt/ros/humble/share/rosidl_adapter/cmake)
[2.802s] -- Found rosidl_generator_cpp: 3.1.5 (/opt/ros/humble/share/rosidl_generator_cpp/cmake)
[2.834s] -- Using all available rosidl_typesupport_c: rosidl_typesupport_fastrtps_c;rosidl_typesupport_introspection_c
[2.880s] -- Using all available rosidl_typesupport_cpp: rosidl_typesupport_fastrtps_cpp;rosidl_typesupport_introspection_cpp
[3.032s] -- Found rmw_implementation_cmake: 6.1.1 (/opt/ros/humble/share/rmw_implementation_cmake/cmake)
[3.044s] -- Found rmw_fastrtps_cpp: 6.2.3 (/opt/ros/humble/share/rmw_fastrtps_cpp/cmake)
[3.426s] -- Found OpenSSL: /usr/lib/x86_64-linux-gnu/libcrypto.so (found version "3.0.2")  
[3.482s] -- Found FastRTPS: /opt/ros/humble/include  
[3.568s] -- Using RMW implementation 'rmw_fastrtps_cpp' as default
[3.599s] -- Performing Test CMAKE_HAVE_LIBC_PTHREAD
[3.836s] -- Performing Test CMAKE_HAVE_LIBC_PTHREAD - Success
[3.840s] -- Found Threads: TRUE  
[4.085s] -- Found rclcpp_components: 16.0.5 (/opt/ros/humble/share/rclcpp_components/cmake)
[4.186s] -- Found camera_info_manager: 3.1.7 (/opt/ros/humble/share/camera_info_manager/cmake)
[4.425s] -- Found cv_bridge: 3.2.1 (/opt/ros/humble/share/cv_bridge/cmake)
[4.457s] -- Found image_transport: 3.1.7 (/opt/ros/humble/share/image_transport/cmake)
[4.545s] -- Found ament_lint_auto: 0.12.7 (/opt/ros/humble/share/ament_lint_auto/cmake)
[4.710s] -- Added test 'cppcheck' to perform static code analysis on C / C++ code
[4.710s] -- Configured cppcheck include dirs: $<BUILD_INTERFACE:/home/mtrn/4231/liam_stuff/4231project/src/ros2_v4l2_camera-rolling/include>
[4.710s] -- Configured cppcheck exclude dirs and/or files: 
[4.713s] -- Added test 'cpplint' to check C / C++ code against the Google style
[4.713s] -- Configured cpplint exclude dirs and/or files: 
[4.715s] -- Added test 'lint_cmake' to check CMake code style
[4.719s] -- Added test 'uncrustify' to check C / C++ code style
[4.719s] -- Configured uncrustify additional arguments: 
[4.721s] -- Added test 'xmllint' to check XML markup files
[4.727s] -- Configuring done (4.1s)
[4.751s] -- Generating done (0.0s)
[4.753s] -- Build files have been written to: /home/mtrn/4231/liam_stuff/4231project/build/v4l2_camera
[4.771s] Invoked command in '/home/mtrn/4231/liam_stuff/4231project/build/v4l2_camera' returned '0': CMAKE_PREFIX_PATH=${CMAKE_PREFIX_PATH}:/home/mtrn/.local/share/Trash/files/src.3/install/opencv_example:/home/mtrn/.local/share/Trash/files/src.3/install/my_package:/home/mtrn/4231/liam_stuff/4231project/install/opencv_example:/home/mtrn/4231/liam_stuff/4231project/install/my_package:/home/mtrn/4231/ws_moveit2/install/moveit_configs_utils:/home/mtrn/4231/ws_moveit2/install/launch_param_builder:/opt/ros/humble /home/mtrn/.local/bin/cmake /home/mtrn/4231/liam_stuff/4231project/src/ros2_v4l2_camera-rolling -DCMAKE_INSTALL_PREFIX=/home/mtrn/4231/liam_stuff/4231project/install/v4l2_camera
[4.777s] Invoking command in '/home/mtrn/4231/liam_stuff/4231project/build/v4l2_camera': CMAKE_PREFIX_PATH=${CMAKE_PREFIX_PATH}:/home/mtrn/.local/share/Trash/files/src.3/install/opencv_example:/home/mtrn/.local/share/Trash/files/src.3/install/my_package:/home/mtrn/4231/liam_stuff/4231project/install/opencv_example:/home/mtrn/4231/liam_stuff/4231project/install/my_package:/home/mtrn/4231/ws_moveit2/install/moveit_configs_utils:/home/mtrn/4231/ws_moveit2/install/launch_param_builder:/opt/ros/humble /home/mtrn/.local/bin/cmake --build /home/mtrn/4231/liam_stuff/4231project/build/v4l2_camera -- -j12 -l12
[4.955s] [ 12%] [32mBuilding CXX object CMakeFiles/v4l2_camera.dir/src/v4l2_camera_device.cpp.o[0m
[4.958s] [ 37%] [32mBuilding CXX object CMakeFiles/v4l2_camera.dir/src/parameters.cpp.o[0m
[4.959s] [ 37%] [32mBuilding CXX object CMakeFiles/v4l2_camera.dir/src/v4l2_camera.cpp.o[0m
[12.998s] [ 50%] [32m[1mLinking CXX shared library libv4l2_camera.so[0m
[13.596s] [ 50%] Built target v4l2_camera
[13.667s] [ 62%] [32mBuilding CXX object CMakeFiles/v4l2_camera_node.dir/src/v4l2_camera_node.cpp.o[0m
[13.669s] [ 75%] [32mBuilding CXX object CMakeFiles/v4l2_camera_compose_test.dir/src/v4l2_camera_compose_test.cpp.o[0m
[16.614s] [ 87%] [32m[1mLinking CXX executable v4l2_camera_node[0m
[17.147s] [ 87%] Built target v4l2_camera_node
[21.559s] [100%] [32m[1mLinking CXX executable v4l2_camera_compose_test[0m
[22.310s] [100%] Built target v4l2_camera_compose_test
[22.340s] Invoked command in '/home/mtrn/4231/liam_stuff/4231project/build/v4l2_camera' returned '0': CMAKE_PREFIX_PATH=${CMAKE_PREFIX_PATH}:/home/mtrn/.local/share/Trash/files/src.3/install/opencv_example:/home/mtrn/.local/share/Trash/files/src.3/install/my_package:/home/mtrn/4231/liam_stuff/4231project/install/opencv_example:/home/mtrn/4231/liam_stuff/4231project/install/my_package:/home/mtrn/4231/ws_moveit2/install/moveit_configs_utils:/home/mtrn/4231/ws_moveit2/install/launch_param_builder:/opt/ros/humble /home/mtrn/.local/bin/cmake --build /home/mtrn/4231/liam_stuff/4231project/build/v4l2_camera -- -j12 -l12
[22.759s] Invoking command in '/home/mtrn/4231/liam_stuff/4231project/build/v4l2_camera': CMAKE_PREFIX_PATH=${CMAKE_PREFIX_PATH}:/home/mtrn/.local/share/Trash/files/src.3/install/opencv_example:/home/mtrn/.local/share/Trash/files/src.3/install/my_package:/home/mtrn/4231/liam_stuff/4231project/install/opencv_example:/home/mtrn/4231/liam_stuff/4231project/install/my_package:/home/mtrn/4231/ws_moveit2/install/moveit_configs_utils:/home/mtrn/4231/ws_moveit2/install/launch_param_builder:/opt/ros/humble /home/mtrn/.local/bin/cmake --install /home/mtrn/4231/liam_stuff/4231project/build/v4l2_camera
[22.822s] -- Install configuration: ""
[22.822s] -- Installing: /home/mtrn/4231/liam_stuff/4231project/install/v4l2_camera/include
[22.822s] -- Installing: /home/mtrn/4231/liam_stuff/4231project/install/v4l2_camera/include/v4l2_camera
[22.823s] -- Installing: /home/mtrn/4231/liam_stuff/4231project/install/v4l2_camera/include/v4l2_camera/control.hpp
[22.823s] -- Installing: /home/mtrn/4231/liam_stuff/4231project/install/v4l2_camera/include/v4l2_camera/v4l2_camera_device.hpp
[22.823s] -- Installing: /home/mtrn/4231/liam_stuff/4231project/install/v4l2_camera/include/v4l2_camera/parameters.hpp
[22.823s] -- Installing: /home/mtrn/4231/liam_stuff/4231project/install/v4l2_camera/include/v4l2_camera/image_format.hpp
[22.823s] -- Installing: /home/mtrn/4231/liam_stuff/4231project/install/v4l2_camera/include/v4l2_camera/visibility_control.h
[22.824s] -- Installing: /home/mtrn/4231/liam_stuff/4231project/install/v4l2_camera/include/v4l2_camera/v4l2_camera.hpp
[22.824s] -- Installing: /home/mtrn/4231/liam_stuff/4231project/install/v4l2_camera/include/v4l2_camera/pixel_format.hpp
[22.824s] -- Installing: /home/mtrn/4231/liam_stuff/4231project/install/v4l2_camera/include/v4l2_camera/fourcc.hpp
[22.824s] -- Installing: /home/mtrn/4231/liam_stuff/4231project/install/v4l2_camera/lib/libv4l2_camera.so
[22.839s] -- Set runtime path of "/home/mtrn/4231/liam_stuff/4231project/install/v4l2_camera/lib/libv4l2_camera.so" to ""
[22.839s] -- Installing: /home/mtrn/4231/liam_stuff/4231project/install/v4l2_camera/lib/v4l2_camera/v4l2_camera_node
[22.840s] -- Set runtime path of "/home/mtrn/4231/liam_stuff/4231project/install/v4l2_camera/lib/v4l2_camera/v4l2_camera_node" to ""
[22.840s] -- Installing: /home/mtrn/4231/liam_stuff/4231project/install/v4l2_camera/lib/v4l2_camera/v4l2_camera_compose_test
[22.846s] -- Set runtime path of "/home/mtrn/4231/liam_stuff/4231project/install/v4l2_camera/lib/v4l2_camera/v4l2_camera_compose_test" to ""
[22.846s] -- Installing: /home/mtrn/4231/liam_stuff/4231project/install/v4l2_camera/share/v4l2_camera/environment/library_path.sh
[22.846s] -- Installing: /home/mtrn/4231/liam_stuff/4231project/install/v4l2_camera/share/v4l2_camera/environment/library_path.dsv
[22.847s] -- Installing: /home/mtrn/4231/liam_stuff/4231project/install/v4l2_camera/share/ament_index/resource_index/package_run_dependencies/v4l2_camera
[22.847s] -- Installing: /home/mtrn/4231/liam_stuff/4231project/install/v4l2_camera/share/ament_index/resource_index/parent_prefix_path/v4l2_camera
[22.847s] -- Installing: /home/mtrn/4231/liam_stuff/4231project/install/v4l2_camera/share/v4l2_camera/environment/ament_prefix_path.sh
[22.847s] -- Installing: /home/mtrn/4231/liam_stuff/4231project/install/v4l2_camera/share/v4l2_camera/environment/ament_prefix_path.dsv
[22.848s] -- Installing: /home/mtrn/4231/liam_stuff/4231project/install/v4l2_camera/share/v4l2_camera/environment/path.sh
[22.848s] -- Installing: /home/mtrn/4231/liam_stuff/4231project/install/v4l2_camera/share/v4l2_camera/environment/path.dsv
[22.848s] -- Installing: /home/mtrn/4231/liam_stuff/4231project/install/v4l2_camera/share/v4l2_camera/local_setup.bash
[22.848s] -- Installing: /home/mtrn/4231/liam_stuff/4231project/install/v4l2_camera/share/v4l2_camera/local_setup.sh
[22.848s] -- Installing: /home/mtrn/4231/liam_stuff/4231project/install/v4l2_camera/share/v4l2_camera/local_setup.zsh
[22.849s] -- Installing: /home/mtrn/4231/liam_stuff/4231project/install/v4l2_camera/share/v4l2_camera/local_setup.dsv
[22.849s] -- Installing: /home/mtrn/4231/liam_stuff/4231project/install/v4l2_camera/share/v4l2_camera/package.dsv
[22.849s] -- Installing: /home/mtrn/4231/liam_stuff/4231project/install/v4l2_camera/share/ament_index/resource_index/packages/v4l2_camera
[22.849s] -- Installing: /home/mtrn/4231/liam_stuff/4231project/install/v4l2_camera/share/ament_index/resource_index/rclcpp_components/v4l2_camera
[22.849s] -- Installing: /home/mtrn/4231/liam_stuff/4231project/install/v4l2_camera/share/v4l2_camera/cmake/export_v4l2_cameraExport.cmake
[22.849s] -- Installing: /home/mtrn/4231/liam_stuff/4231project/install/v4l2_camera/share/v4l2_camera/cmake/export_v4l2_cameraExport-noconfig.cmake
[22.850s] -- Installing: /home/mtrn/4231/liam_stuff/4231project/install/v4l2_camera/share/v4l2_camera/cmake/ament_cmake_export_include_directories-extras.cmake
[22.850s] -- Installing: /home/mtrn/4231/liam_stuff/4231project/install/v4l2_camera/share/v4l2_camera/cmake/ament_cmake_export_targets-extras.cmake
[22.850s] -- Installing: /home/mtrn/4231/liam_stuff/4231project/install/v4l2_camera/share/v4l2_camera/cmake/ament_cmake_export_libraries-extras.cmake
[22.850s] -- Installing: /home/mtrn/4231/liam_stuff/4231project/install/v4l2_camera/share/v4l2_camera/cmake/ament_cmake_export_dependencies-extras.cmake
[22.850s] -- Installing: /home/mtrn/4231/liam_stuff/4231project/install/v4l2_camera/share/v4l2_camera/cmake/v4l2_cameraConfig.cmake
[22.850s] -- Installing: /home/mtrn/4231/liam_stuff/4231project/install/v4l2_camera/share/v4l2_camera/cmake/v4l2_cameraConfig-version.cmake
[22.850s] -- Installing: /home/mtrn/4231/liam_stuff/4231project/install/v4l2_camera/share/v4l2_camera/package.xml
[22.870s] Invoked command in '/home/mtrn/4231/liam_stuff/4231project/build/v4l2_camera' returned '0': CMAKE_PREFIX_PATH=${CMAKE_PREFIX_PATH}:/home/mtrn/.local/share/Trash/files/src.3/install/opencv_example:/home/mtrn/.local/share/Trash/files/src.3/install/my_package:/home/mtrn/4231/liam_stuff/4231project/install/opencv_example:/home/mtrn/4231/liam_stuff/4231project/install/my_package:/home/mtrn/4231/ws_moveit2/install/moveit_configs_utils:/home/mtrn/4231/ws_moveit2/install/launch_param_builder:/opt/ros/humble /home/mtrn/.local/bin/cmake --install /home/mtrn/4231/liam_stuff/4231project/build/v4l2_camera
