[1.077s] Invoking command in '/home/mtrn/4231/liam_stuff/4231project/build/transforms': CMAKE_PREFIX_PATH=${CMAKE_PREFIX_PATH}:/home/mtrn/4231/ws_moveit2/install/moveit_configs_utils:/home/mtrn/4231/ws_moveit2/install/launch_param_builder:/opt/ros/humble /home/mtrn/.local/bin/cmake --build /home/mtrn/4231/liam_stuff/4231project/build/transforms -- -j12 -l12
[1.183s] Invoked command in '/home/mtrn/4231/liam_stuff/4231project/build/transforms' returned '0': CMAKE_PREFIX_PATH=${CMAKE_PREFIX_PATH}:/home/mtrn/4231/ws_moveit2/install/moveit_configs_utils:/home/mtrn/4231/ws_moveit2/install/launch_param_builder:/opt/ros/humble /home/mtrn/.local/bin/cmake --build /home/mtrn/4231/liam_stuff/4231project/build/transforms -- -j12 -l12
[1.311s] Invoking command in '/home/mtrn/4231/liam_stuff/4231project/build/transforms': CMAKE_PREFIX_PATH=${CMAKE_PREFIX_PATH}:/home/mtrn/4231/ws_moveit2/install/moveit_configs_utils:/home/mtrn/4231/ws_moveit2/install/launch_param_builder:/opt/ros/humble /home/mtrn/.local/bin/cmake --install /home/mtrn/4231/liam_stuff/4231project/build/transforms
[1.366s] -- Install configuration: ""
[1.366s] -- Up-to-date: /home/mtrn/4231/liam_stuff/4231project/install/transforms/share/ament_index/resource_index/package_run_dependencies/transforms
[1.366s] -- Up-to-date: /home/mtrn/4231/liam_stuff/4231project/install/transforms/share/ament_index/resource_index/parent_prefix_path/transforms
[1.367s] -- Up-to-date: /home/mtrn/4231/liam_stuff/4231project/install/transforms/share/transforms/environment/ament_prefix_path.sh
[1.368s] -- Up-to-date: /home/mtrn/4231/liam_stuff/4231project/install/transforms/share/transforms/environment/ament_prefix_path.dsv
[1.369s] -- Up-to-date: /home/mtrn/4231/liam_stuff/4231project/install/transforms/share/transforms/environment/path.sh
[1.369s] -- Up-to-date: /home/mtrn/4231/liam_stuff/4231project/install/transforms/share/transforms/environment/path.dsv
[1.369s] -- Up-to-date: /home/mtrn/4231/liam_stuff/4231project/install/transforms/share/transforms/local_setup.bash
[1.369s] -- Up-to-date: /home/mtrn/4231/liam_stuff/4231project/install/transforms/share/transforms/local_setup.sh
[1.370s] -- Up-to-date: /home/mtrn/4231/liam_stuff/4231project/install/transforms/share/transforms/local_setup.zsh
[1.370s] -- Up-to-date: /home/mtrn/4231/liam_stuff/4231project/install/transforms/share/transforms/local_setup.dsv
[1.370s] -- Up-to-date: /home/mtrn/4231/liam_stuff/4231project/install/transforms/share/transforms/package.dsv
[1.370s] -- Up-to-date: /home/mtrn/4231/liam_stuff/4231project/install/transforms/share/ament_index/resource_index/packages/transforms
[1.370s] -- Up-to-date: /home/mtrn/4231/liam_stuff/4231project/install/transforms/share/transforms/cmake/transformsConfig.cmake
[1.370s] -- Up-to-date: /home/mtrn/4231/liam_stuff/4231project/install/transforms/share/transforms/cmake/transformsConfig-version.cmake
[1.370s] -- Up-to-date: /home/mtrn/4231/liam_stuff/4231project/install/transforms/share/transforms/package.xml
[1.394s] Invoked command in '/home/mtrn/4231/liam_stuff/4231project/build/transforms' returned '0': CMAKE_PREFIX_PATH=${CMAKE_PREFIX_PATH}:/home/mtrn/4231/ws_moveit2/install/moveit_configs_utils:/home/mtrn/4231/ws_moveit2/install/launch_param_builder:/opt/ros/humble /home/mtrn/.local/bin/cmake --install /home/mtrn/4231/liam_stuff/4231project/build/transforms
