[0.055s] Invoking command in '/home/mtrn/4231/liam_stuff/4231project/build/ros2_aruco_interfaces': CMAKE_PREFIX_PATH=${CMAKE_PREFIX_PATH}:/home/mtrn/4231/liam_stuff/4231project/install/ros2_aruco:/home/mtrn/4231/liam_stuff/4231project/install/opencv_example:/home/mtrn/4231/liam_stuff/4231project/install/openCV_example:/home/mtrn/4231/liam_stuff/4231project/install/my_package:/home/mtrn/4231/ws_moveit2/install/moveit_configs_utils:/home/mtrn/4231/ws_moveit2/install/launch_param_builder:/opt/ros/humble /home/mtrn/.local/bin/cmake --build /home/mtrn/4231/liam_stuff/4231project/build/ros2_aruco_interfaces -- -j12 -l12
[0.107s] [0mCMake Error: The current CMakeCache.txt directory /home/mtrn/4231/liam_stuff/4231project/build/ros2_aruco_interfaces/CMakeCache.txt is different than the directory /home/mtrn/4231/liam_stuff/project_git/4231project/build/ros2_aruco_interfaces where CMakeCache.txt was created. This may result in binaries being created in the wrong place. If you are not sure, reedit the CMakeCache.txt[0m
[0.126s] -- Found ament_cmake: 1.3.5 (/opt/ros/humble/share/ament_cmake/cmake)
[0.430s] -- Found geometry_msgs: 4.2.3 (/opt/ros/humble/share/geometry_msgs/cmake)
[0.465s] -- Found rosidl_generator_c: 3.1.5 (/opt/ros/humble/share/rosidl_generator_c/cmake)
[0.468s] -- Found rosidl_adapter: 3.1.5 (/opt/ros/humble/share/rosidl_adapter/cmake)
[0.476s] -- Found rosidl_generator_cpp: 3.1.5 (/opt/ros/humble/share/rosidl_generator_cpp/cmake)
[0.497s] -- Using all available rosidl_typesupport_c: rosidl_typesupport_fastrtps_c;rosidl_typesupport_introspection_c
[0.520s] -- Using all available rosidl_typesupport_cpp: rosidl_typesupport_fastrtps_cpp;rosidl_typesupport_introspection_cpp
[0.669s] -- Found rosidl_default_generators: 1.2.0 (/opt/ros/humble/share/rosidl_default_generators/cmake)
[1.376s] -- Found ament_cmake_ros: 0.10.0 (/opt/ros/humble/share/ament_cmake_ros/cmake)
[2.861s] -- Using all available rosidl_typesupport_c: rosidl_typesupport_fastrtps_c;rosidl_typesupport_introspection_c
[3.477s] -- Using all available rosidl_typesupport_cpp: rosidl_typesupport_fastrtps_cpp;rosidl_typesupport_introspection_cpp
[3.482s] [33mCMake Warning (dev) at /opt/ros/humble/share/rosidl_generator_py/cmake/rosidl_generator_py_generate_interfaces.cmake:20 (find_package):
[3.482s]   Policy CMP0148 is not set: The FindPythonInterp and FindPythonLibs modules
[3.482s]   are removed.  Run "cmake --help-policy CMP0148" for policy details.  Use
[3.482s]   the cmake_policy command to set the policy and suppress this warning.
[3.482s] 
[3.482s] Call Stack (most recent call first):
[3.482s]   /opt/ros/humble/share/ament_cmake_core/cmake/core/ament_execute_extensions.cmake:48 (include)
[3.482s]   /opt/ros/humble/share/rosidl_cmake/cmake/rosidl_generate_interfaces.cmake:286 (ament_execute_extensions)
[3.482s]   CMakeLists.txt:28 (rosidl_generate_interfaces)
[3.483s] This warning is for project developers.  Use -Wno-dev to suppress it.
[3.483s] [0m
[3.529s] -- Found python_cmake_module: 0.10.0 (/opt/ros/humble/share/python_cmake_module/cmake)
[3.530s] [33mCMake Warning (dev) at /opt/ros/humble/share/python_cmake_module/cmake/Modules/FindPythonExtra.cmake:52 (find_package):
[3.531s]   Policy CMP0148 is not set: The FindPythonInterp and FindPythonLibs modules
[3.531s]   are removed.  Run "cmake --help-policy CMP0148" for policy details.  Use
[3.531s]   the cmake_policy command to set the policy and suppress this warning.
[3.531s] 
[3.531s] Call Stack (most recent call first):
[3.531s]   /opt/ros/humble/share/rosidl_generator_py/cmake/rosidl_generator_py_generate_interfaces.cmake:23 (find_package)
[3.531s]   /opt/ros/humble/share/ament_cmake_core/cmake/core/ament_execute_extensions.cmake:48 (include)
[3.532s]   /opt/ros/humble/share/rosidl_cmake/cmake/rosidl_generate_interfaces.cmake:286 (ament_execute_extensions)
[3.532s]   CMakeLists.txt:28 (rosidl_generate_interfaces)
[3.532s] This warning is for project developers.  Use -Wno-dev to suppress it.
[3.532s] [0m
[3.561s] [33mCMake Warning (dev) at /opt/ros/humble/share/python_cmake_module/cmake/Modules/FindPythonExtra.cmake:140 (find_package):
[3.561s]   Policy CMP0148 is not set: The FindPythonInterp and FindPythonLibs modules
[3.561s]   are removed.  Run "cmake --help-policy CMP0148" for policy details.  Use
[3.561s]   the cmake_policy command to set the policy and suppress this warning.
[3.562s] 
[3.562s] Call Stack (most recent call first):
[3.562s]   /opt/ros/humble/share/rosidl_generator_py/cmake/rosidl_generator_py_generate_interfaces.cmake:23 (find_package)
[3.562s]   /opt/ros/humble/share/ament_cmake_core/cmake/core/ament_execute_extensions.cmake:48 (include)
[3.562s]   /opt/ros/humble/share/rosidl_cmake/cmake/rosidl_generate_interfaces.cmake:286 (ament_execute_extensions)
[3.562s]   CMakeLists.txt:28 (rosidl_generate_interfaces)
[3.563s] This warning is for project developers.  Use -Wno-dev to suppress it.
[3.563s] [0m
[3.567s] -- Using PYTHON_EXECUTABLE: /usr/bin/python3
[3.567s] -- Using PYTHON_INCLUDE_DIRS: /usr/include/python3.10
[3.567s] -- Using PYTHON_LIBRARIES: /usr/lib/x86_64-linux-gnu/libpython3.10.so
[3.686s] -- Found ament_lint_auto: 0.12.7 (/opt/ros/humble/share/ament_lint_auto/cmake)
[3.695s] -- Added test 'copyright' to check source files copyright and LICENSE
[3.696s] -- Added test 'lint_cmake' to check CMake code style
[3.697s] -- Added test 'xmllint' to check XML markup files
[3.699s] -- Configuring done (3.6s)
[3.736s] -- Generating done (0.0s)
[3.741s] -- Build files have been written to: /home/mtrn/4231/liam_stuff/project_git/4231project/build/ros2_aruco_interfaces
[3.827s] [  9%] Built target ros2_aruco_interfaces__rosidl_generator_c
[3.827s] [ 12%] Built target ros2_aruco_interfaces__cpp
[3.841s] [ 12%] Built target ament_cmake_python_copy_ros2_aruco_interfaces
[3.869s] [ 22%] Built target ros2_aruco_interfaces__rosidl_typesupport_c
[3.872s] [ 32%] Built target ros2_aruco_interfaces__rosidl_typesupport_fastrtps_c
[3.875s] [ 41%] Built target ros2_aruco_interfaces__rosidl_typesupport_introspection_cpp
[3.875s] [ 51%] Built target ros2_aruco_interfaces__rosidl_typesupport_cpp
[3.879s] [ 61%] Built target ros2_aruco_interfaces__rosidl_typesupport_introspection_c
[3.882s] [ 70%] Built target ros2_aruco_interfaces__rosidl_typesupport_fastrtps_cpp
[3.926s] [ 70%] Built target ros2_aruco_interfaces
[4.004s] [ 74%] Built target ros2_aruco_interfaces__py
[4.079s] [ 80%] Built target ros2_aruco_interfaces__rosidl_generator_py
[4.103s] running egg_info
[4.104s] writing ros2_aruco_interfaces.egg-info/PKG-INFO
[4.104s] writing dependency_links to ros2_aruco_interfaces.egg-info/dependency_links.txt
[4.104s] writing top-level names to ros2_aruco_interfaces.egg-info/top_level.txt
[4.106s] reading manifest file 'ros2_aruco_interfaces.egg-info/SOURCES.txt'
[4.106s] writing manifest file 'ros2_aruco_interfaces.egg-info/SOURCES.txt'
[4.134s] [ 87%] Built target ros2_aruco_interfaces__rosidl_typesupport_introspection_c__pyext
[4.138s] [ 87%] Built target ament_cmake_python_build_ros2_aruco_interfaces_egg
[4.139s] [ 93%] Built target ros2_aruco_interfaces__rosidl_typesupport_c__pyext
[4.141s] [100%] Built target ros2_aruco_interfaces__rosidl_typesupport_fastrtps_c__pyext
[4.155s] Invoked command in '/home/mtrn/4231/liam_stuff/4231project/build/ros2_aruco_interfaces' returned '0': CMAKE_PREFIX_PATH=${CMAKE_PREFIX_PATH}:/home/mtrn/4231/liam_stuff/4231project/install/ros2_aruco:/home/mtrn/4231/liam_stuff/4231project/install/opencv_example:/home/mtrn/4231/liam_stuff/4231project/install/openCV_example:/home/mtrn/4231/liam_stuff/4231project/install/my_package:/home/mtrn/4231/ws_moveit2/install/moveit_configs_utils:/home/mtrn/4231/ws_moveit2/install/launch_param_builder:/opt/ros/humble /home/mtrn/.local/bin/cmake --build /home/mtrn/4231/liam_stuff/4231project/build/ros2_aruco_interfaces -- -j12 -l12
[4.790s] Invoking command in '/home/mtrn/4231/liam_stuff/4231project/build/ros2_aruco_interfaces': CMAKE_PREFIX_PATH=${CMAKE_PREFIX_PATH}:/home/mtrn/4231/liam_stuff/4231project/install/ros2_aruco:/home/mtrn/4231/liam_stuff/4231project/install/opencv_example:/home/mtrn/4231/liam_stuff/4231project/install/openCV_example:/home/mtrn/4231/liam_stuff/4231project/install/my_package:/home/mtrn/4231/ws_moveit2/install/moveit_configs_utils:/home/mtrn/4231/ws_moveit2/install/launch_param_builder:/opt/ros/humble /home/mtrn/.local/bin/cmake --install /home/mtrn/4231/liam_stuff/4231project/build/ros2_aruco_interfaces
[4.849s] -- Install configuration: ""
[4.849s] -- Up-to-date: /home/mtrn/4231/liam_stuff/project_git/4231project/install/ros2_aruco_interfaces/share/ament_index/resource_index/rosidl_interfaces/ros2_aruco_interfaces
[4.849s] -- Up-to-date: /home/mtrn/4231/liam_stuff/project_git/4231project/install/ros2_aruco_interfaces/include/ros2_aruco_interfaces/ros2_aruco_interfaces
[4.852s] -- Up-to-date: /home/mtrn/4231/liam_stuff/project_git/4231project/install/ros2_aruco_interfaces/include/ros2_aruco_interfaces/ros2_aruco_interfaces/msg
[4.852s] -- Up-to-date: /home/mtrn/4231/liam_stuff/project_git/4231project/install/ros2_aruco_interfaces/include/ros2_aruco_interfaces/ros2_aruco_interfaces/msg/rosidl_generator_c__visibility_control.h
[4.852s] -- Up-to-date: /home/mtrn/4231/liam_stuff/project_git/4231project/install/ros2_aruco_interfaces/include/ros2_aruco_interfaces/ros2_aruco_interfaces/msg/aruco_markers.h
[4.852s] -- Up-to-date: /home/mtrn/4231/liam_stuff/project_git/4231project/install/ros2_aruco_interfaces/include/ros2_aruco_interfaces/ros2_aruco_interfaces/msg/detail
[4.853s] -- Up-to-date: /home/mtrn/4231/liam_stuff/project_git/4231project/install/ros2_aruco_interfaces/include/ros2_aruco_interfaces/ros2_aruco_interfaces/msg/detail/aruco_markers__functions.c
[4.853s] -- Up-to-date: /home/mtrn/4231/liam_stuff/project_git/4231project/install/ros2_aruco_interfaces/include/ros2_aruco_interfaces/ros2_aruco_interfaces/msg/detail/aruco_markers__struct.h
[4.853s] -- Up-to-date: /home/mtrn/4231/liam_stuff/project_git/4231project/install/ros2_aruco_interfaces/include/ros2_aruco_interfaces/ros2_aruco_interfaces/msg/detail/aruco_markers__type_support.h
[4.853s] -- Up-to-date: /home/mtrn/4231/liam_stuff/project_git/4231project/install/ros2_aruco_interfaces/include/ros2_aruco_interfaces/ros2_aruco_interfaces/msg/detail/aruco_markers__functions.h
[4.853s] -- Up-to-date: /home/mtrn/4231/liam_stuff/project_git/4231project/install/ros2_aruco_interfaces/share/ros2_aruco_interfaces/environment/library_path.sh
[4.853s] -- Installing: /home/mtrn/4231/liam_stuff/project_git/4231project/install/ros2_aruco_interfaces/share/ros2_aruco_interfaces/environment/library_path.dsv
[4.853s] -- Up-to-date: /home/mtrn/4231/liam_stuff/project_git/4231project/install/ros2_aruco_interfaces/lib/libros2_aruco_interfaces__rosidl_generator_c.so
[4.854s] -- Up-to-date: /home/mtrn/4231/liam_stuff/project_git/4231project/install/ros2_aruco_interfaces/include/ros2_aruco_interfaces/ros2_aruco_interfaces
[4.854s] -- Up-to-date: /home/mtrn/4231/liam_stuff/project_git/4231project/install/ros2_aruco_interfaces/include/ros2_aruco_interfaces/ros2_aruco_interfaces/msg
[4.854s] -- Up-to-date: /home/mtrn/4231/liam_stuff/project_git/4231project/install/ros2_aruco_interfaces/include/ros2_aruco_interfaces/ros2_aruco_interfaces/msg/rosidl_typesupport_fastrtps_c__visibility_control.h
[4.854s] -- Up-to-date: /home/mtrn/4231/liam_stuff/project_git/4231project/install/ros2_aruco_interfaces/include/ros2_aruco_interfaces/ros2_aruco_interfaces/msg/detail
[4.854s] -- Up-to-date: /home/mtrn/4231/liam_stuff/project_git/4231project/install/ros2_aruco_interfaces/include/ros2_aruco_interfaces/ros2_aruco_interfaces/msg/detail/aruco_markers__rosidl_typesupport_fastrtps_c.h
[4.854s] -- Up-to-date: /home/mtrn/4231/liam_stuff/project_git/4231project/install/ros2_aruco_interfaces/lib/libros2_aruco_interfaces__rosidl_typesupport_fastrtps_c.so
[4.854s] -- Up-to-date: /home/mtrn/4231/liam_stuff/project_git/4231project/install/ros2_aruco_interfaces/include/ros2_aruco_interfaces/ros2_aruco_interfaces
[4.855s] -- Up-to-date: /home/mtrn/4231/liam_stuff/project_git/4231project/install/ros2_aruco_interfaces/include/ros2_aruco_interfaces/ros2_aruco_interfaces/msg
[4.855s] -- Up-to-date: /home/mtrn/4231/liam_stuff/project_git/4231project/install/ros2_aruco_interfaces/include/ros2_aruco_interfaces/ros2_aruco_interfaces/msg/aruco_markers.hpp
[4.855s] -- Up-to-date: /home/mtrn/4231/liam_stuff/project_git/4231project/install/ros2_aruco_interfaces/include/ros2_aruco_interfaces/ros2_aruco_interfaces/msg/detail
[4.855s] -- Up-to-date: /home/mtrn/4231/liam_stuff/project_git/4231project/install/ros2_aruco_interfaces/include/ros2_aruco_interfaces/ros2_aruco_interfaces/msg/detail/aruco_markers__traits.hpp
[4.855s] -- Up-to-date: /home/mtrn/4231/liam_stuff/project_git/4231project/install/ros2_aruco_interfaces/include/ros2_aruco_interfaces/ros2_aruco_interfaces/msg/detail/aruco_markers__struct.hpp
[4.855s] -- Up-to-date: /home/mtrn/4231/liam_stuff/project_git/4231project/install/ros2_aruco_interfaces/include/ros2_aruco_interfaces/ros2_aruco_interfaces/msg/detail/aruco_markers__builder.hpp
[4.855s] -- Up-to-date: /home/mtrn/4231/liam_stuff/project_git/4231project/install/ros2_aruco_interfaces/include/ros2_aruco_interfaces/ros2_aruco_interfaces
[4.855s] -- Up-to-date: /home/mtrn/4231/liam_stuff/project_git/4231project/install/ros2_aruco_interfaces/include/ros2_aruco_interfaces/ros2_aruco_interfaces/msg
[4.855s] -- Up-to-date: /home/mtrn/4231/liam_stuff/project_git/4231project/install/ros2_aruco_interfaces/include/ros2_aruco_interfaces/ros2_aruco_interfaces/msg/rosidl_typesupport_fastrtps_cpp__visibility_control.h
[4.856s] -- Up-to-date: /home/mtrn/4231/liam_stuff/project_git/4231project/install/ros2_aruco_interfaces/include/ros2_aruco_interfaces/ros2_aruco_interfaces/msg/detail
[4.856s] -- Up-to-date: /home/mtrn/4231/liam_stuff/project_git/4231project/install/ros2_aruco_interfaces/include/ros2_aruco_interfaces/ros2_aruco_interfaces/msg/detail/dds_fastrtps
[4.856s] -- Up-to-date: /home/mtrn/4231/liam_stuff/project_git/4231project/install/ros2_aruco_interfaces/include/ros2_aruco_interfaces/ros2_aruco_interfaces/msg/detail/aruco_markers__rosidl_typesupport_fastrtps_cpp.hpp
[4.856s] -- Up-to-date: /home/mtrn/4231/liam_stuff/project_git/4231project/install/ros2_aruco_interfaces/lib/libros2_aruco_interfaces__rosidl_typesupport_fastrtps_cpp.so
[4.856s] -- Up-to-date: /home/mtrn/4231/liam_stuff/project_git/4231project/install/ros2_aruco_interfaces/include/ros2_aruco_interfaces/ros2_aruco_interfaces
[4.856s] -- Up-to-date: /home/mtrn/4231/liam_stuff/project_git/4231project/install/ros2_aruco_interfaces/include/ros2_aruco_interfaces/ros2_aruco_interfaces/msg
[4.856s] -- Up-to-date: /home/mtrn/4231/liam_stuff/project_git/4231project/install/ros2_aruco_interfaces/include/ros2_aruco_interfaces/ros2_aruco_interfaces/msg/rosidl_typesupport_introspection_c__visibility_control.h
[4.856s] -- Up-to-date: /home/mtrn/4231/liam_stuff/project_git/4231project/install/ros2_aruco_interfaces/include/ros2_aruco_interfaces/ros2_aruco_interfaces/msg/detail
[4.856s] -- Up-to-date: /home/mtrn/4231/liam_stuff/project_git/4231project/install/ros2_aruco_interfaces/include/ros2_aruco_interfaces/ros2_aruco_interfaces/msg/detail/aruco_markers__rosidl_typesupport_introspection_c.h
[4.857s] -- Up-to-date: /home/mtrn/4231/liam_stuff/project_git/4231project/install/ros2_aruco_interfaces/include/ros2_aruco_interfaces/ros2_aruco_interfaces/msg/detail/aruco_markers__type_support.c
[4.857s] -- Up-to-date: /home/mtrn/4231/liam_stuff/project_git/4231project/install/ros2_aruco_interfaces/lib/libros2_aruco_interfaces__rosidl_typesupport_introspection_c.so
[4.857s] -- Up-to-date: /home/mtrn/4231/liam_stuff/project_git/4231project/install/ros2_aruco_interfaces/lib/libros2_aruco_interfaces__rosidl_typesupport_c.so
[4.857s] -- Up-to-date: /home/mtrn/4231/liam_stuff/project_git/4231project/install/ros2_aruco_interfaces/include/ros2_aruco_interfaces/ros2_aruco_interfaces
[4.857s] -- Up-to-date: /home/mtrn/4231/liam_stuff/project_git/4231project/install/ros2_aruco_interfaces/include/ros2_aruco_interfaces/ros2_aruco_interfaces/msg
[4.857s] -- Up-to-date: /home/mtrn/4231/liam_stuff/project_git/4231project/install/ros2_aruco_interfaces/include/ros2_aruco_interfaces/ros2_aruco_interfaces/msg/detail
[4.857s] -- Up-to-date: /home/mtrn/4231/liam_stuff/project_git/4231project/install/ros2_aruco_interfaces/include/ros2_aruco_interfaces/ros2_aruco_interfaces/msg/detail/aruco_markers__type_support.cpp
[4.857s] -- Up-to-date: /home/mtrn/4231/liam_stuff/project_git/4231project/install/ros2_aruco_interfaces/include/ros2_aruco_interfaces/ros2_aruco_interfaces/msg/detail/aruco_markers__rosidl_typesupport_introspection_cpp.hpp
[4.857s] -- Up-to-date: /home/mtrn/4231/liam_stuff/project_git/4231project/install/ros2_aruco_interfaces/lib/libros2_aruco_interfaces__rosidl_typesupport_introspection_cpp.so
[4.858s] -- Up-to-date: /home/mtrn/4231/liam_stuff/project_git/4231project/install/ros2_aruco_interfaces/lib/libros2_aruco_interfaces__rosidl_typesupport_cpp.so
[4.858s] -- Up-to-date: /home/mtrn/4231/liam_stuff/project_git/4231project/install/ros2_aruco_interfaces/share/ros2_aruco_interfaces/environment/pythonpath.sh
[4.858s] -- Installing: /home/mtrn/4231/liam_stuff/project_git/4231project/install/ros2_aruco_interfaces/share/ros2_aruco_interfaces/environment/pythonpath.dsv
[4.858s] -- Up-to-date: /home/mtrn/4231/liam_stuff/project_git/4231project/install/ros2_aruco_interfaces/local/lib/python3.10/dist-packages/ros2_aruco_interfaces-0.1.0-py3.10.egg-info
[4.858s] -- Installing: /home/mtrn/4231/liam_stuff/project_git/4231project/install/ros2_aruco_interfaces/local/lib/python3.10/dist-packages/ros2_aruco_interfaces-0.1.0-py3.10.egg-info/SOURCES.txt
[4.858s] -- Installing: /home/mtrn/4231/liam_stuff/project_git/4231project/install/ros2_aruco_interfaces/local/lib/python3.10/dist-packages/ros2_aruco_interfaces-0.1.0-py3.10.egg-info/dependency_links.txt
[4.858s] -- Installing: /home/mtrn/4231/liam_stuff/project_git/4231project/install/ros2_aruco_interfaces/local/lib/python3.10/dist-packages/ros2_aruco_interfaces-0.1.0-py3.10.egg-info/PKG-INFO
[4.858s] -- Installing: /home/mtrn/4231/liam_stuff/project_git/4231project/install/ros2_aruco_interfaces/local/lib/python3.10/dist-packages/ros2_aruco_interfaces-0.1.0-py3.10.egg-info/top_level.txt
[4.858s] -- Up-to-date: /home/mtrn/4231/liam_stuff/project_git/4231project/install/ros2_aruco_interfaces/local/lib/python3.10/dist-packages/ros2_aruco_interfaces
[4.859s] -- Up-to-date: /home/mtrn/4231/liam_stuff/project_git/4231project/install/ros2_aruco_interfaces/local/lib/python3.10/dist-packages/ros2_aruco_interfaces/ros2_aruco_interfaces_s__rosidl_typesupport_introspection_c.cpython-310-x86_64-linux-gnu.so
[4.859s] -- Up-to-date: /home/mtrn/4231/liam_stuff/project_git/4231project/install/ros2_aruco_interfaces/local/lib/python3.10/dist-packages/ros2_aruco_interfaces/_ros2_aruco_interfaces_s.ep.rosidl_typesupport_introspection_c.c
[4.859s] -- Up-to-date: /home/mtrn/4231/liam_stuff/project_git/4231project/install/ros2_aruco_interfaces/local/lib/python3.10/dist-packages/ros2_aruco_interfaces/_ros2_aruco_interfaces_s.ep.rosidl_typesupport_fastrtps_c.c
[4.859s] -- Installing: /home/mtrn/4231/liam_stuff/project_git/4231project/install/ros2_aruco_interfaces/local/lib/python3.10/dist-packages/ros2_aruco_interfaces/__init__.py
[4.859s] -- Up-to-date: /home/mtrn/4231/liam_stuff/project_git/4231project/install/ros2_aruco_interfaces/local/lib/python3.10/dist-packages/ros2_aruco_interfaces/ros2_aruco_interfaces_s__rosidl_typesupport_fastrtps_c.cpython-310-x86_64-linux-gnu.so
[4.859s] -- Up-to-date: /home/mtrn/4231/liam_stuff/project_git/4231project/install/ros2_aruco_interfaces/local/lib/python3.10/dist-packages/ros2_aruco_interfaces/msg
[4.859s] -- Up-to-date: /home/mtrn/4231/liam_stuff/project_git/4231project/install/ros2_aruco_interfaces/local/lib/python3.10/dist-packages/ros2_aruco_interfaces/msg/__init__.py
[4.859s] -- Up-to-date: /home/mtrn/4231/liam_stuff/project_git/4231project/install/ros2_aruco_interfaces/local/lib/python3.10/dist-packages/ros2_aruco_interfaces/msg/_aruco_markers_s.c
[4.859s] -- Up-to-date: /home/mtrn/4231/liam_stuff/project_git/4231project/install/ros2_aruco_interfaces/local/lib/python3.10/dist-packages/ros2_aruco_interfaces/msg/_aruco_markers.py
[4.859s] -- Up-to-date: /home/mtrn/4231/liam_stuff/project_git/4231project/install/ros2_aruco_interfaces/local/lib/python3.10/dist-packages/ros2_aruco_interfaces/_ros2_aruco_interfaces_s.ep.rosidl_typesupport_c.c
[4.859s] -- Up-to-date: /home/mtrn/4231/liam_stuff/project_git/4231project/install/ros2_aruco_interfaces/local/lib/python3.10/dist-packages/ros2_aruco_interfaces/ros2_aruco_interfaces_s__rosidl_typesupport_c.cpython-310-x86_64-linux-gnu.so
[4.860s] -- Up-to-date: /home/mtrn/4231/liam_stuff/project_git/4231project/install/ros2_aruco_interfaces/local/lib/python3.10/dist-packages/ros2_aruco_interfaces/libros2_aruco_interfaces__rosidl_generator_py.so
[4.910s] Listing '/home/mtrn/4231/liam_stuff/project_git/4231project/install/ros2_aruco_interfaces/local/lib/python3.10/dist-packages/ros2_aruco_interfaces'...
[4.910s] Compiling '/home/mtrn/4231/liam_stuff/project_git/4231project/install/ros2_aruco_interfaces/local/lib/python3.10/dist-packages/ros2_aruco_interfaces/__init__.py'...
[4.910s] Listing '/home/mtrn/4231/liam_stuff/project_git/4231project/install/ros2_aruco_interfaces/local/lib/python3.10/dist-packages/ros2_aruco_interfaces/msg'...
[4.916s] -- Up-to-date: /home/mtrn/4231/liam_stuff/project_git/4231project/install/ros2_aruco_interfaces/local/lib/python3.10/dist-packages/ros2_aruco_interfaces/ros2_aruco_interfaces_s__rosidl_typesupport_fastrtps_c.cpython-310-x86_64-linux-gnu.so
[4.916s] -- Up-to-date: /home/mtrn/4231/liam_stuff/project_git/4231project/install/ros2_aruco_interfaces/local/lib/python3.10/dist-packages/ros2_aruco_interfaces/ros2_aruco_interfaces_s__rosidl_typesupport_introspection_c.cpython-310-x86_64-linux-gnu.so
[4.917s] -- Up-to-date: /home/mtrn/4231/liam_stuff/project_git/4231project/install/ros2_aruco_interfaces/local/lib/python3.10/dist-packages/ros2_aruco_interfaces/ros2_aruco_interfaces_s__rosidl_typesupport_c.cpython-310-x86_64-linux-gnu.so
[4.919s] -- Up-to-date: /home/mtrn/4231/liam_stuff/project_git/4231project/install/ros2_aruco_interfaces/lib/libros2_aruco_interfaces__rosidl_generator_py.so
[4.919s] -- Up-to-date: /home/mtrn/4231/liam_stuff/project_git/4231project/install/ros2_aruco_interfaces/share/ros2_aruco_interfaces/msg/ArucoMarkers.idl
[4.919s] -- Up-to-date: /home/mtrn/4231/liam_stuff/project_git/4231project/install/ros2_aruco_interfaces/share/ros2_aruco_interfaces/msg/ArucoMarkers.msg
[4.920s] -- Up-to-date: /home/mtrn/4231/liam_stuff/project_git/4231project/install/ros2_aruco_interfaces/share/ament_index/resource_index/package_run_dependencies/ros2_aruco_interfaces
[4.920s] -- Installing: /home/mtrn/4231/liam_stuff/project_git/4231project/install/ros2_aruco_interfaces/share/ament_index/resource_index/parent_prefix_path/ros2_aruco_interfaces
[4.920s] -- Up-to-date: /home/mtrn/4231/liam_stuff/project_git/4231project/install/ros2_aruco_interfaces/share/ros2_aruco_interfaces/environment/ament_prefix_path.sh
[4.920s] -- Installing: /home/mtrn/4231/liam_stuff/project_git/4231project/install/ros2_aruco_interfaces/share/ros2_aruco_interfaces/environment/ament_prefix_path.dsv
[4.921s] -- Up-to-date: /home/mtrn/4231/liam_stuff/project_git/4231project/install/ros2_aruco_interfaces/share/ros2_aruco_interfaces/environment/path.sh
[4.921s] -- Installing: /home/mtrn/4231/liam_stuff/project_git/4231project/install/ros2_aruco_interfaces/share/ros2_aruco_interfaces/environment/path.dsv
[4.921s] -- Up-to-date: /home/mtrn/4231/liam_stuff/project_git/4231project/install/ros2_aruco_interfaces/share/ros2_aruco_interfaces/local_setup.bash
[4.922s] -- Up-to-date: /home/mtrn/4231/liam_stuff/project_git/4231project/install/ros2_aruco_interfaces/share/ros2_aruco_interfaces/local_setup.sh
[4.922s] -- Up-to-date: /home/mtrn/4231/liam_stuff/project_git/4231project/install/ros2_aruco_interfaces/share/ros2_aruco_interfaces/local_setup.zsh
[4.922s] -- Installing: /home/mtrn/4231/liam_stuff/project_git/4231project/install/ros2_aruco_interfaces/share/ros2_aruco_interfaces/local_setup.dsv
[4.922s] -- Installing: /home/mtrn/4231/liam_stuff/project_git/4231project/install/ros2_aruco_interfaces/share/ros2_aruco_interfaces/package.dsv
[4.922s] -- Up-to-date: /home/mtrn/4231/liam_stuff/project_git/4231project/install/ros2_aruco_interfaces/share/ament_index/resource_index/packages/ros2_aruco_interfaces
[4.923s] -- Up-to-date: /home/mtrn/4231/liam_stuff/project_git/4231project/install/ros2_aruco_interfaces/share/ros2_aruco_interfaces/cmake/export_ros2_aruco_interfaces__rosidl_generator_cExport.cmake
[4.923s] -- Up-to-date: /home/mtrn/4231/liam_stuff/project_git/4231project/install/ros2_aruco_interfaces/share/ros2_aruco_interfaces/cmake/export_ros2_aruco_interfaces__rosidl_generator_cExport-noconfig.cmake
[4.924s] -- Up-to-date: /home/mtrn/4231/liam_stuff/project_git/4231project/install/ros2_aruco_interfaces/share/ros2_aruco_interfaces/cmake/export_ros2_aruco_interfaces__rosidl_typesupport_fastrtps_cExport.cmake
[4.924s] -- Up-to-date: /home/mtrn/4231/liam_stuff/project_git/4231project/install/ros2_aruco_interfaces/share/ros2_aruco_interfaces/cmake/export_ros2_aruco_interfaces__rosidl_typesupport_fastrtps_cExport-noconfig.cmake
[4.925s] -- Up-to-date: /home/mtrn/4231/liam_stuff/project_git/4231project/install/ros2_aruco_interfaces/share/ros2_aruco_interfaces/cmake/export_ros2_aruco_interfaces__rosidl_generator_cppExport.cmake
[4.925s] -- Up-to-date: /home/mtrn/4231/liam_stuff/project_git/4231project/install/ros2_aruco_interfaces/share/ros2_aruco_interfaces/cmake/export_ros2_aruco_interfaces__rosidl_typesupport_fastrtps_cppExport.cmake
[4.926s] -- Up-to-date: /home/mtrn/4231/liam_stuff/project_git/4231project/install/ros2_aruco_interfaces/share/ros2_aruco_interfaces/cmake/export_ros2_aruco_interfaces__rosidl_typesupport_fastrtps_cppExport-noconfig.cmake
[4.926s] -- Up-to-date: /home/mtrn/4231/liam_stuff/project_git/4231project/install/ros2_aruco_interfaces/share/ros2_aruco_interfaces/cmake/ros2_aruco_interfaces__rosidl_typesupport_introspection_cExport.cmake
[4.926s] -- Up-to-date: /home/mtrn/4231/liam_stuff/project_git/4231project/install/ros2_aruco_interfaces/share/ros2_aruco_interfaces/cmake/ros2_aruco_interfaces__rosidl_typesupport_introspection_cExport-noconfig.cmake
[4.926s] -- Up-to-date: /home/mtrn/4231/liam_stuff/project_git/4231project/install/ros2_aruco_interfaces/share/ros2_aruco_interfaces/cmake/ros2_aruco_interfaces__rosidl_typesupport_cExport.cmake
[4.927s] -- Up-to-date: /home/mtrn/4231/liam_stuff/project_git/4231project/install/ros2_aruco_interfaces/share/ros2_aruco_interfaces/cmake/ros2_aruco_interfaces__rosidl_typesupport_cExport-noconfig.cmake
[4.927s] -- Up-to-date: /home/mtrn/4231/liam_stuff/project_git/4231project/install/ros2_aruco_interfaces/share/ros2_aruco_interfaces/cmake/ros2_aruco_interfaces__rosidl_typesupport_introspection_cppExport.cmake
[4.927s] -- Up-to-date: /home/mtrn/4231/liam_stuff/project_git/4231project/install/ros2_aruco_interfaces/share/ros2_aruco_interfaces/cmake/ros2_aruco_interfaces__rosidl_typesupport_introspection_cppExport-noconfig.cmake
[4.928s] -- Up-to-date: /home/mtrn/4231/liam_stuff/project_git/4231project/install/ros2_aruco_interfaces/share/ros2_aruco_interfaces/cmake/ros2_aruco_interfaces__rosidl_typesupport_cppExport.cmake
[4.928s] -- Up-to-date: /home/mtrn/4231/liam_stuff/project_git/4231project/install/ros2_aruco_interfaces/share/ros2_aruco_interfaces/cmake/ros2_aruco_interfaces__rosidl_typesupport_cppExport-noconfig.cmake
[4.928s] -- Up-to-date: /home/mtrn/4231/liam_stuff/project_git/4231project/install/ros2_aruco_interfaces/share/ros2_aruco_interfaces/cmake/export_ros2_aruco_interfaces__rosidl_generator_pyExport.cmake
[4.928s] -- Up-to-date: /home/mtrn/4231/liam_stuff/project_git/4231project/install/ros2_aruco_interfaces/share/ros2_aruco_interfaces/cmake/export_ros2_aruco_interfaces__rosidl_generator_pyExport-noconfig.cmake
[4.929s] -- Up-to-date: /home/mtrn/4231/liam_stuff/project_git/4231project/install/ros2_aruco_interfaces/share/ros2_aruco_interfaces/cmake/rosidl_cmake-extras.cmake
[4.929s] -- Up-to-date: /home/mtrn/4231/liam_stuff/project_git/4231project/install/ros2_aruco_interfaces/share/ros2_aruco_interfaces/cmake/ament_cmake_export_dependencies-extras.cmake
[4.929s] -- Up-to-date: /home/mtrn/4231/liam_stuff/project_git/4231project/install/ros2_aruco_interfaces/share/ros2_aruco_interfaces/cmake/ament_cmake_export_include_directories-extras.cmake
[4.930s] -- Up-to-date: /home/mtrn/4231/liam_stuff/project_git/4231project/install/ros2_aruco_interfaces/share/ros2_aruco_interfaces/cmake/ament_cmake_export_libraries-extras.cmake
[4.930s] -- Up-to-date: /home/mtrn/4231/liam_stuff/project_git/4231project/install/ros2_aruco_interfaces/share/ros2_aruco_interfaces/cmake/ament_cmake_export_targets-extras.cmake
[4.930s] -- Up-to-date: /home/mtrn/4231/liam_stuff/project_git/4231project/install/ros2_aruco_interfaces/share/ros2_aruco_interfaces/cmake/rosidl_cmake_export_typesupport_targets-extras.cmake
[4.931s] -- Up-to-date: /home/mtrn/4231/liam_stuff/project_git/4231project/install/ros2_aruco_interfaces/share/ros2_aruco_interfaces/cmake/rosidl_cmake_export_typesupport_libraries-extras.cmake
[4.931s] -- Up-to-date: /home/mtrn/4231/liam_stuff/project_git/4231project/install/ros2_aruco_interfaces/share/ros2_aruco_interfaces/cmake/ros2_aruco_interfacesConfig.cmake
[4.931s] -- Up-to-date: /home/mtrn/4231/liam_stuff/project_git/4231project/install/ros2_aruco_interfaces/share/ros2_aruco_interfaces/cmake/ros2_aruco_interfacesConfig-version.cmake
[4.931s] -- Up-to-date: /home/mtrn/4231/liam_stuff/project_git/4231project/install/ros2_aruco_interfaces/share/ros2_aruco_interfaces/package.xml
[4.942s] Invoked command in '/home/mtrn/4231/liam_stuff/4231project/build/ros2_aruco_interfaces' returned '0': CMAKE_PREFIX_PATH=${CMAKE_PREFIX_PATH}:/home/mtrn/4231/liam_stuff/4231project/install/ros2_aruco:/home/mtrn/4231/liam_stuff/4231project/install/opencv_example:/home/mtrn/4231/liam_stuff/4231project/install/openCV_example:/home/mtrn/4231/liam_stuff/4231project/install/my_package:/home/mtrn/4231/ws_moveit2/install/moveit_configs_utils:/home/mtrn/4231/ws_moveit2/install/launch_param_builder:/opt/ros/humble /home/mtrn/.local/bin/cmake --install /home/mtrn/4231/liam_stuff/4231project/build/ros2_aruco_interfaces
