[1.961s] Invoking command in '/home/mtrn/4231/liam_stuff/4231project/src/my_package': PYTHONPATH=/home/mtrn/4231/liam_stuff/4231project/build/my_package/prefix_override:/home/mtrn/4231/liam_stuff/4231project/install/my_package/lib/python3.10/site-packages:${PYTHONPATH} /usr/bin/python3 setup.py egg_info --egg-base ../../build/my_package build --build-base /home/mtrn/4231/liam_stuff/4231project/build/my_package/build install --record /home/mtrn/4231/liam_stuff/4231project/build/my_package/install.log --single-version-externally-managed
[2.331s] running egg_info
[2.332s] writing ../../build/my_package/my_package.egg-info/PKG-INFO
[2.333s] writing dependency_links to ../../build/my_package/my_package.egg-info/dependency_links.txt
[2.333s] writing entry points to ../../build/my_package/my_package.egg-info/entry_points.txt
[2.333s] writing requirements to ../../build/my_package/my_package.egg-info/requires.txt
[2.333s] writing top-level names to ../../build/my_package/my_package.egg-info/top_level.txt
[2.336s] reading manifest file '../../build/my_package/my_package.egg-info/SOURCES.txt'
[2.338s] writing manifest file '../../build/my_package/my_package.egg-info/SOURCES.txt'
[2.338s] running build
[2.338s] running build_py
[2.339s] running install
[2.339s] /usr/lib/python3/dist-packages/setuptools/command/install.py:34: SetuptoolsDeprecationWarning: setup.py install is deprecated. Use build and pip and other standards-based tools.
[2.339s]   warnings.warn(
[2.340s] running install_lib
[2.342s] running install_data
[2.343s] running install_egg_info
[2.347s] removing '/home/mtrn/4231/liam_stuff/4231project/install/my_package/lib/python3.10/site-packages/my_package-0.0.0-py3.10.egg-info' (and everything under it)
[2.348s] Copying ../../build/my_package/my_package.egg-info to /home/mtrn/4231/liam_stuff/4231project/install/my_package/lib/python3.10/site-packages/my_package-0.0.0-py3.10.egg-info
[2.349s] running install_scripts
[2.388s] Installing my_node script to /home/mtrn/4231/liam_stuff/4231project/install/my_package/lib/my_package
[2.389s] writing list of installed files to '/home/mtrn/4231/liam_stuff/4231project/build/my_package/install.log'
[2.461s] Invoked command in '/home/mtrn/4231/liam_stuff/4231project/src/my_package' returned '0': PYTHONPATH=/home/mtrn/4231/liam_stuff/4231project/build/my_package/prefix_override:/home/mtrn/4231/liam_stuff/4231project/install/my_package/lib/python3.10/site-packages:${PYTHONPATH} /usr/bin/python3 setup.py egg_info --egg-base ../../build/my_package build --build-base /home/mtrn/4231/liam_stuff/4231project/build/my_package/build install --record /home/mtrn/4231/liam_stuff/4231project/build/my_package/install.log --single-version-externally-managed
