[0.058s] Invoking command in '/home/mtrn/4231/liam_stuff/4231project/build/messages': CMAKE_PREFIX_PATH=${CMAKE_PREFIX_PATH}:/home/mtrn/4231/liam_stuff/4231project/install/opencv_example:/home/mtrn/4231/liam_stuff/4231project/install/my_package:/home/mtrn/4231/ws_moveit2/install/moveit_configs_utils:/home/mtrn/4231/ws_moveit2/install/launch_param_builder:/opt/ros/humble /home/mtrn/.local/bin/cmake --build /home/mtrn/4231/liam_stuff/4231project/build/messages -- -j12 -l12
[0.370s] [  3%] Built target messages__cpp
[0.371s] [  3%] Built target ament_cmake_python_copy_messages
[0.371s] [ 12%] Built target messages__rosidl_generator_c
[0.371s] [ 22%] Built target messages__rosidl_typesupport_introspection_cpp
[0.371s] [ 32%] Built target messages__rosidl_typesupport_fastrtps_cpp
[0.372s] [ 41%] Built target messages__rosidl_typesupport_cpp
[0.372s] [ 51%] Built target messages__rosidl_typesupport_c
[0.372s] [ 61%] Built target messages__rosidl_typesupport_fastrtps_c
[0.373s] [ 70%] Built target messages__rosidl_typesupport_introspection_c
[0.373s] [ 70%] Built target messages
[0.373s] [ 74%] Built target messages__py
[0.418s] [ 80%] Built target messages__rosidl_generator_py
[0.464s] [ 87%] Built target messages__rosidl_typesupport_c__pyext
[0.465s] [ 93%] Built target messages__rosidl_typesupport_fastrtps_c__pyext
[0.465s] [100%] Built target messages__rosidl_typesupport_introspection_c__pyext
[0.489s] running egg_info
[0.489s] writing messages.egg-info/PKG-INFO
[0.490s] writing dependency_links to messages.egg-info/dependency_links.txt
[0.490s] writing top-level names to messages.egg-info/top_level.txt
[0.492s] reading manifest file 'messages.egg-info/SOURCES.txt'
[0.492s] writing manifest file 'messages.egg-info/SOURCES.txt'
[0.542s] [100%] Built target ament_cmake_python_build_messages_egg
[0.664s] Invoked command in '/home/mtrn/4231/liam_stuff/4231project/build/messages' returned '0': CMAKE_PREFIX_PATH=${CMAKE_PREFIX_PATH}:/home/mtrn/4231/liam_stuff/4231project/install/opencv_example:/home/mtrn/4231/liam_stuff/4231project/install/my_package:/home/mtrn/4231/ws_moveit2/install/moveit_configs_utils:/home/mtrn/4231/ws_moveit2/install/launch_param_builder:/opt/ros/humble /home/mtrn/.local/bin/cmake --build /home/mtrn/4231/liam_stuff/4231project/build/messages -- -j12 -l12
[1.107s] Invoking command in '/home/mtrn/4231/liam_stuff/4231project/build/messages': CMAKE_PREFIX_PATH=${CMAKE_PREFIX_PATH}:/home/mtrn/4231/liam_stuff/4231project/install/opencv_example:/home/mtrn/4231/liam_stuff/4231project/install/my_package:/home/mtrn/4231/ws_moveit2/install/moveit_configs_utils:/home/mtrn/4231/ws_moveit2/install/launch_param_builder:/opt/ros/humble /home/mtrn/.local/bin/cmake --install /home/mtrn/4231/liam_stuff/4231project/build/messages
[1.169s] -- Install configuration: ""
[1.169s] -- Up-to-date: /home/mtrn/4231/liam_stuff/4231project/install/messages/share/ament_index/resource_index/rosidl_interfaces/messages
[1.169s] -- Up-to-date: /home/mtrn/4231/liam_stuff/4231project/install/messages/include/messages/messages
[1.169s] -- Up-to-date: /home/mtrn/4231/liam_stuff/4231project/install/messages/include/messages/messages/msg
[1.170s] -- Up-to-date: /home/mtrn/4231/liam_stuff/4231project/install/messages/include/messages/messages/msg/rosidl_generator_c__visibility_control.h
[1.171s] -- Up-to-date: /home/mtrn/4231/liam_stuff/4231project/install/messages/include/messages/messages/msg/aruco_message.h
[1.171s] -- Up-to-date: /home/mtrn/4231/liam_stuff/4231project/install/messages/include/messages/messages/msg/detail
[1.172s] -- Up-to-date: /home/mtrn/4231/liam_stuff/4231project/install/messages/include/messages/messages/msg/detail/aruco_message__functions.c
[1.172s] -- Up-to-date: /home/mtrn/4231/liam_stuff/4231project/install/messages/include/messages/messages/msg/detail/aruco_message__type_support.h
[1.172s] -- Up-to-date: /home/mtrn/4231/liam_stuff/4231project/install/messages/include/messages/messages/msg/detail/aruco_message__struct.h
[1.172s] -- Up-to-date: /home/mtrn/4231/liam_stuff/4231project/install/messages/include/messages/messages/msg/detail/aruco_message__functions.h
[1.172s] -- Up-to-date: /home/mtrn/4231/liam_stuff/4231project/install/messages/share/messages/environment/library_path.sh
[1.172s] -- Up-to-date: /home/mtrn/4231/liam_stuff/4231project/install/messages/share/messages/environment/library_path.dsv
[1.173s] -- Up-to-date: /home/mtrn/4231/liam_stuff/4231project/install/messages/lib/libmessages__rosidl_generator_c.so
[1.173s] -- Up-to-date: /home/mtrn/4231/liam_stuff/4231project/install/messages/include/messages/messages
[1.174s] -- Up-to-date: /home/mtrn/4231/liam_stuff/4231project/install/messages/include/messages/messages/msg
[1.174s] -- Up-to-date: /home/mtrn/4231/liam_stuff/4231project/install/messages/include/messages/messages/msg/rosidl_typesupport_fastrtps_c__visibility_control.h
[1.175s] -- Up-to-date: /home/mtrn/4231/liam_stuff/4231project/install/messages/include/messages/messages/msg/detail
[1.175s] -- Up-to-date: /home/mtrn/4231/liam_stuff/4231project/install/messages/include/messages/messages/msg/detail/aruco_message__rosidl_typesupport_fastrtps_c.h
[1.176s] -- Up-to-date: /home/mtrn/4231/liam_stuff/4231project/install/messages/lib/libmessages__rosidl_typesupport_fastrtps_c.so
[1.176s] -- Up-to-date: /home/mtrn/4231/liam_stuff/4231project/install/messages/include/messages/messages
[1.176s] -- Up-to-date: /home/mtrn/4231/liam_stuff/4231project/install/messages/include/messages/messages/msg
[1.177s] -- Up-to-date: /home/mtrn/4231/liam_stuff/4231project/install/messages/include/messages/messages/msg/rosidl_typesupport_introspection_c__visibility_control.h
[1.177s] -- Up-to-date: /home/mtrn/4231/liam_stuff/4231project/install/messages/include/messages/messages/msg/detail
[1.177s] -- Up-to-date: /home/mtrn/4231/liam_stuff/4231project/install/messages/include/messages/messages/msg/detail/aruco_message__type_support.c
[1.177s] -- Up-to-date: /home/mtrn/4231/liam_stuff/4231project/install/messages/include/messages/messages/msg/detail/aruco_message__rosidl_typesupport_introspection_c.h
[1.177s] -- Up-to-date: /home/mtrn/4231/liam_stuff/4231project/install/messages/lib/libmessages__rosidl_typesupport_introspection_c.so
[1.177s] -- Up-to-date: /home/mtrn/4231/liam_stuff/4231project/install/messages/lib/libmessages__rosidl_typesupport_c.so
[1.177s] -- Up-to-date: /home/mtrn/4231/liam_stuff/4231project/install/messages/include/messages/messages
[1.178s] -- Up-to-date: /home/mtrn/4231/liam_stuff/4231project/install/messages/include/messages/messages/msg
[1.178s] -- Up-to-date: /home/mtrn/4231/liam_stuff/4231project/install/messages/include/messages/messages/msg/aruco_message.hpp
[1.178s] -- Up-to-date: /home/mtrn/4231/liam_stuff/4231project/install/messages/include/messages/messages/msg/detail
[1.178s] -- Up-to-date: /home/mtrn/4231/liam_stuff/4231project/install/messages/include/messages/messages/msg/detail/aruco_message__traits.hpp
[1.178s] -- Up-to-date: /home/mtrn/4231/liam_stuff/4231project/install/messages/include/messages/messages/msg/detail/aruco_message__struct.hpp
[1.178s] -- Up-to-date: /home/mtrn/4231/liam_stuff/4231project/install/messages/include/messages/messages/msg/detail/aruco_message__builder.hpp
[1.178s] -- Up-to-date: /home/mtrn/4231/liam_stuff/4231project/install/messages/include/messages/messages
[1.179s] -- Up-to-date: /home/mtrn/4231/liam_stuff/4231project/install/messages/include/messages/messages/msg
[1.179s] -- Up-to-date: /home/mtrn/4231/liam_stuff/4231project/install/messages/include/messages/messages/msg/rosidl_typesupport_fastrtps_cpp__visibility_control.h
[1.179s] -- Up-to-date: /home/mtrn/4231/liam_stuff/4231project/install/messages/include/messages/messages/msg/detail
[1.179s] -- Up-to-date: /home/mtrn/4231/liam_stuff/4231project/install/messages/include/messages/messages/msg/detail/dds_fastrtps
[1.179s] -- Up-to-date: /home/mtrn/4231/liam_stuff/4231project/install/messages/include/messages/messages/msg/detail/aruco_message__rosidl_typesupport_fastrtps_cpp.hpp
[1.179s] -- Up-to-date: /home/mtrn/4231/liam_stuff/4231project/install/messages/lib/libmessages__rosidl_typesupport_fastrtps_cpp.so
[1.180s] -- Up-to-date: /home/mtrn/4231/liam_stuff/4231project/install/messages/include/messages/messages
[1.180s] -- Up-to-date: /home/mtrn/4231/liam_stuff/4231project/install/messages/include/messages/messages/msg
[1.180s] -- Up-to-date: /home/mtrn/4231/liam_stuff/4231project/install/messages/include/messages/messages/msg/detail
[1.180s] -- Up-to-date: /home/mtrn/4231/liam_stuff/4231project/install/messages/include/messages/messages/msg/detail/aruco_message__type_support.cpp
[1.181s] -- Up-to-date: /home/mtrn/4231/liam_stuff/4231project/install/messages/include/messages/messages/msg/detail/aruco_message__rosidl_typesupport_introspection_cpp.hpp
[1.181s] -- Up-to-date: /home/mtrn/4231/liam_stuff/4231project/install/messages/lib/libmessages__rosidl_typesupport_introspection_cpp.so
[1.182s] -- Up-to-date: /home/mtrn/4231/liam_stuff/4231project/install/messages/lib/libmessages__rosidl_typesupport_cpp.so
[1.182s] -- Up-to-date: /home/mtrn/4231/liam_stuff/4231project/install/messages/share/messages/environment/pythonpath.sh
[1.182s] -- Up-to-date: /home/mtrn/4231/liam_stuff/4231project/install/messages/share/messages/environment/pythonpath.dsv
[1.182s] -- Up-to-date: /home/mtrn/4231/liam_stuff/4231project/install/messages/local/lib/python3.10/dist-packages/messages-0.0.0-py3.10.egg-info
[1.183s] -- Installing: /home/mtrn/4231/liam_stuff/4231project/install/messages/local/lib/python3.10/dist-packages/messages-0.0.0-py3.10.egg-info/SOURCES.txt
[1.183s] -- Installing: /home/mtrn/4231/liam_stuff/4231project/install/messages/local/lib/python3.10/dist-packages/messages-0.0.0-py3.10.egg-info/dependency_links.txt
[1.183s] -- Installing: /home/mtrn/4231/liam_stuff/4231project/install/messages/local/lib/python3.10/dist-packages/messages-0.0.0-py3.10.egg-info/PKG-INFO
[1.184s] -- Installing: /home/mtrn/4231/liam_stuff/4231project/install/messages/local/lib/python3.10/dist-packages/messages-0.0.0-py3.10.egg-info/top_level.txt
[1.184s] -- Up-to-date: /home/mtrn/4231/liam_stuff/4231project/install/messages/local/lib/python3.10/dist-packages/messages
[1.184s] -- Up-to-date: /home/mtrn/4231/liam_stuff/4231project/install/messages/local/lib/python3.10/dist-packages/messages/messages_s__rosidl_typesupport_introspection_c.cpython-310-x86_64-linux-gnu.so
[1.184s] -- Up-to-date: /home/mtrn/4231/liam_stuff/4231project/install/messages/local/lib/python3.10/dist-packages/messages/_messages_s.ep.rosidl_typesupport_introspection_c.c
[1.185s] -- Up-to-date: /home/mtrn/4231/liam_stuff/4231project/install/messages/local/lib/python3.10/dist-packages/messages/_messages_s.ep.rosidl_typesupport_fastrtps_c.c
[1.185s] -- Up-to-date: /home/mtrn/4231/liam_stuff/4231project/install/messages/local/lib/python3.10/dist-packages/messages/_messages_s.ep.rosidl_typesupport_c.c
[1.185s] -- Up-to-date: /home/mtrn/4231/liam_stuff/4231project/install/messages/local/lib/python3.10/dist-packages/messages/__init__.py
[1.185s] -- Up-to-date: /home/mtrn/4231/liam_stuff/4231project/install/messages/local/lib/python3.10/dist-packages/messages/messages_s__rosidl_typesupport_fastrtps_c.cpython-310-x86_64-linux-gnu.so
[1.185s] -- Up-to-date: /home/mtrn/4231/liam_stuff/4231project/install/messages/local/lib/python3.10/dist-packages/messages/libmessages__rosidl_generator_py.so
[1.186s] -- Up-to-date: /home/mtrn/4231/liam_stuff/4231project/install/messages/local/lib/python3.10/dist-packages/messages/msg
[1.186s] -- Up-to-date: /home/mtrn/4231/liam_stuff/4231project/install/messages/local/lib/python3.10/dist-packages/messages/msg/_aruco_message_s.c
[1.186s] -- Up-to-date: /home/mtrn/4231/liam_stuff/4231project/install/messages/local/lib/python3.10/dist-packages/messages/msg/__init__.py
[1.186s] -- Up-to-date: /home/mtrn/4231/liam_stuff/4231project/install/messages/local/lib/python3.10/dist-packages/messages/msg/_aruco_message.py
[1.186s] -- Up-to-date: /home/mtrn/4231/liam_stuff/4231project/install/messages/local/lib/python3.10/dist-packages/messages/messages_s__rosidl_typesupport_c.cpython-310-x86_64-linux-gnu.so
[1.215s] Listing '/home/mtrn/4231/liam_stuff/4231project/install/messages/local/lib/python3.10/dist-packages/messages'...
[1.216s] Listing '/home/mtrn/4231/liam_stuff/4231project/install/messages/local/lib/python3.10/dist-packages/messages/msg'...
[1.221s] -- Up-to-date: /home/mtrn/4231/liam_stuff/4231project/install/messages/local/lib/python3.10/dist-packages/messages/messages_s__rosidl_typesupport_fastrtps_c.cpython-310-x86_64-linux-gnu.so
[1.223s] -- Up-to-date: /home/mtrn/4231/liam_stuff/4231project/install/messages/local/lib/python3.10/dist-packages/messages/messages_s__rosidl_typesupport_introspection_c.cpython-310-x86_64-linux-gnu.so
[1.224s] -- Up-to-date: /home/mtrn/4231/liam_stuff/4231project/install/messages/local/lib/python3.10/dist-packages/messages/messages_s__rosidl_typesupport_c.cpython-310-x86_64-linux-gnu.so
[1.225s] -- Up-to-date: /home/mtrn/4231/liam_stuff/4231project/install/messages/lib/libmessages__rosidl_generator_py.so
[1.226s] -- Up-to-date: /home/mtrn/4231/liam_stuff/4231project/install/messages/share/messages/msg/ArucoMessage.idl
[1.226s] -- Up-to-date: /home/mtrn/4231/liam_stuff/4231project/install/messages/share/messages/msg/ArucoMessage.msg
[1.227s] -- Up-to-date: /home/mtrn/4231/liam_stuff/4231project/install/messages/share/ament_index/resource_index/package_run_dependencies/messages
[1.227s] -- Up-to-date: /home/mtrn/4231/liam_stuff/4231project/install/messages/share/ament_index/resource_index/parent_prefix_path/messages
[1.228s] -- Up-to-date: /home/mtrn/4231/liam_stuff/4231project/install/messages/share/messages/environment/ament_prefix_path.sh
[1.228s] -- Up-to-date: /home/mtrn/4231/liam_stuff/4231project/install/messages/share/messages/environment/ament_prefix_path.dsv
[1.228s] -- Up-to-date: /home/mtrn/4231/liam_stuff/4231project/install/messages/share/messages/environment/path.sh
[1.229s] -- Up-to-date: /home/mtrn/4231/liam_stuff/4231project/install/messages/share/messages/environment/path.dsv
[1.229s] -- Up-to-date: /home/mtrn/4231/liam_stuff/4231project/install/messages/share/messages/local_setup.bash
[1.230s] -- Up-to-date: /home/mtrn/4231/liam_stuff/4231project/install/messages/share/messages/local_setup.sh
[1.230s] -- Up-to-date: /home/mtrn/4231/liam_stuff/4231project/install/messages/share/messages/local_setup.zsh
[1.230s] -- Up-to-date: /home/mtrn/4231/liam_stuff/4231project/install/messages/share/messages/local_setup.dsv
[1.231s] -- Installing: /home/mtrn/4231/liam_stuff/4231project/install/messages/share/messages/package.dsv
[1.231s] -- Up-to-date: /home/mtrn/4231/liam_stuff/4231project/install/messages/share/ament_index/resource_index/packages/messages
[1.232s] -- Up-to-date: /home/mtrn/4231/liam_stuff/4231project/install/messages/share/messages/cmake/export_messages__rosidl_generator_cExport.cmake
[1.232s] -- Up-to-date: /home/mtrn/4231/liam_stuff/4231project/install/messages/share/messages/cmake/export_messages__rosidl_generator_cExport-noconfig.cmake
[1.232s] -- Up-to-date: /home/mtrn/4231/liam_stuff/4231project/install/messages/share/messages/cmake/export_messages__rosidl_typesupport_fastrtps_cExport.cmake
[1.233s] -- Up-to-date: /home/mtrn/4231/liam_stuff/4231project/install/messages/share/messages/cmake/export_messages__rosidl_typesupport_fastrtps_cExport-noconfig.cmake
[1.233s] -- Up-to-date: /home/mtrn/4231/liam_stuff/4231project/install/messages/share/messages/cmake/messages__rosidl_typesupport_introspection_cExport.cmake
[1.233s] -- Up-to-date: /home/mtrn/4231/liam_stuff/4231project/install/messages/share/messages/cmake/messages__rosidl_typesupport_introspection_cExport-noconfig.cmake
[1.234s] -- Up-to-date: /home/mtrn/4231/liam_stuff/4231project/install/messages/share/messages/cmake/messages__rosidl_typesupport_cExport.cmake
[1.234s] -- Up-to-date: /home/mtrn/4231/liam_stuff/4231project/install/messages/share/messages/cmake/messages__rosidl_typesupport_cExport-noconfig.cmake
[1.235s] -- Up-to-date: /home/mtrn/4231/liam_stuff/4231project/install/messages/share/messages/cmake/export_messages__rosidl_generator_cppExport.cmake
[1.235s] -- Up-to-date: /home/mtrn/4231/liam_stuff/4231project/install/messages/share/messages/cmake/export_messages__rosidl_typesupport_fastrtps_cppExport.cmake
[1.236s] -- Up-to-date: /home/mtrn/4231/liam_stuff/4231project/install/messages/share/messages/cmake/export_messages__rosidl_typesupport_fastrtps_cppExport-noconfig.cmake
[1.236s] -- Up-to-date: /home/mtrn/4231/liam_stuff/4231project/install/messages/share/messages/cmake/messages__rosidl_typesupport_introspection_cppExport.cmake
[1.236s] -- Up-to-date: /home/mtrn/4231/liam_stuff/4231project/install/messages/share/messages/cmake/messages__rosidl_typesupport_introspection_cppExport-noconfig.cmake
[1.236s] -- Up-to-date: /home/mtrn/4231/liam_stuff/4231project/install/messages/share/messages/cmake/messages__rosidl_typesupport_cppExport.cmake
[1.237s] -- Up-to-date: /home/mtrn/4231/liam_stuff/4231project/install/messages/share/messages/cmake/messages__rosidl_typesupport_cppExport-noconfig.cmake
[1.237s] -- Up-to-date: /home/mtrn/4231/liam_stuff/4231project/install/messages/share/messages/cmake/export_messages__rosidl_generator_pyExport.cmake
[1.237s] -- Up-to-date: /home/mtrn/4231/liam_stuff/4231project/install/messages/share/messages/cmake/export_messages__rosidl_generator_pyExport-noconfig.cmake
[1.237s] -- Up-to-date: /home/mtrn/4231/liam_stuff/4231project/install/messages/share/messages/cmake/rosidl_cmake-extras.cmake
[1.237s] -- Up-to-date: /home/mtrn/4231/liam_stuff/4231project/install/messages/share/messages/cmake/ament_cmake_export_include_directories-extras.cmake
[1.238s] -- Up-to-date: /home/mtrn/4231/liam_stuff/4231project/install/messages/share/messages/cmake/ament_cmake_export_libraries-extras.cmake
[1.238s] -- Up-to-date: /home/mtrn/4231/liam_stuff/4231project/install/messages/share/messages/cmake/ament_cmake_export_targets-extras.cmake
[1.238s] -- Up-to-date: /home/mtrn/4231/liam_stuff/4231project/install/messages/share/messages/cmake/rosidl_cmake_export_typesupport_targets-extras.cmake
[1.238s] -- Up-to-date: /home/mtrn/4231/liam_stuff/4231project/install/messages/share/messages/cmake/ament_cmake_export_dependencies-extras.cmake
[1.238s] -- Up-to-date: /home/mtrn/4231/liam_stuff/4231project/install/messages/share/messages/cmake/rosidl_cmake_export_typesupport_libraries-extras.cmake
[1.239s] -- Up-to-date: /home/mtrn/4231/liam_stuff/4231project/install/messages/share/messages/cmake/messagesConfig.cmake
[1.239s] -- Up-to-date: /home/mtrn/4231/liam_stuff/4231project/install/messages/share/messages/cmake/messagesConfig-version.cmake
[1.239s] -- Up-to-date: /home/mtrn/4231/liam_stuff/4231project/install/messages/share/messages/package.xml
[1.248s] Invoked command in '/home/mtrn/4231/liam_stuff/4231project/build/messages' returned '0': CMAKE_PREFIX_PATH=${CMAKE_PREFIX_PATH}:/home/mtrn/4231/liam_stuff/4231project/install/opencv_example:/home/mtrn/4231/liam_stuff/4231project/install/my_package:/home/mtrn/4231/ws_moveit2/install/moveit_configs_utils:/home/mtrn/4231/ws_moveit2/install/launch_param_builder:/opt/ros/humble /home/mtrn/.local/bin/cmake --install /home/mtrn/4231/liam_stuff/4231project/build/messages
