-- Found ament_cmake: 1.3.5 (/opt/ros/humble/share/ament_cmake/cmake)
-- Found rclcpp: 16.0.5 (/opt/ros/humble/share/rclcpp/cmake)
-- Found rosidl_generator_c: 3.1.5 (/opt/ros/humble/share/rosidl_generator_c/cmake)
-- Found rosidl_adapter: 3.1.5 (/opt/ros/humble/share/rosidl_adapter/cmake)
-- Found rosidl_generator_cpp: 3.1.5 (/opt/ros/humble/share/rosidl_generator_cpp/cmake)
-- Using all available rosidl_typesupport_c: rosidl_typesupport_fastrtps_c;rosidl_typesupport_introspection_c
-- Using all available rosidl_typesupport_cpp: rosidl_typesupport_fastrtps_cpp;rosidl_typesupport_introspection_cpp
-- Found rmw_implementation_cmake: 6.1.1 (/opt/ros/humble/share/rmw_implementation_cmake/cmake)
-- Found rmw_fastrtps_cpp: 6.2.3 (/opt/ros/humble/share/rmw_fastrtps_cpp/cmake)
-- Using RMW implementation 'rmw_fastrtps_cpp' as default
-- Found ros2_aruco_interfaces: 0.1.0 (/home/mtrn/4231/liam_stuff/4231project/install/ros2_aruco_interfaces/share/ros2_aruco_interfaces/cmake)
-- Found visualization_msgs: 4.2.3 (/opt/ros/humble/share/visualization_msgs/cmake)
-- Found tf2_ros: 0.25.3 (/opt/ros/humble/share/tf2_ros/cmake)
-- Configuring done (2.0s)
-- Generating done (0.0s)
-- Build files have been written to: /home/mtrn/4231/liam_stuff/4231project/build/transforms
[ 50%] [32mBuilding CXX object CMakeFiles/paper.dir/src/paper.cpp.o[0m
[100%] [32m[1mLinking CXX executable paper[0m
[100%] Built target paper
-- Install configuration: ""
-- Installing: /home/mtrn/4231/liam_stuff/4231project/install/transforms/lib/transforms/paper
-- Set runtime path of "/home/mtrn/4231/liam_stuff/4231project/install/transforms/lib/transforms/paper" to ""
-- Up-to-date: /home/mtrn/4231/liam_stuff/4231project/install/transforms/share/ament_index/resource_index/package_run_dependencies/transforms
-- Installing: /home/mtrn/4231/liam_stuff/4231project/install/transforms/share/ament_index/resource_index/parent_prefix_path/transforms
-- Up-to-date: /home/mtrn/4231/liam_stuff/4231project/install/transforms/share/transforms/environment/ament_prefix_path.sh
-- Installing: /home/mtrn/4231/liam_stuff/4231project/install/transforms/share/transforms/environment/ament_prefix_path.dsv
-- Up-to-date: /home/mtrn/4231/liam_stuff/4231project/install/transforms/share/transforms/environment/path.sh
-- Installing: /home/mtrn/4231/liam_stuff/4231project/install/transforms/share/transforms/environment/path.dsv
-- Up-to-date: /home/mtrn/4231/liam_stuff/4231project/install/transforms/share/transforms/local_setup.bash
-- Up-to-date: /home/mtrn/4231/liam_stuff/4231project/install/transforms/share/transforms/local_setup.sh
-- Up-to-date: /home/mtrn/4231/liam_stuff/4231project/install/transforms/share/transforms/local_setup.zsh
-- Installing: /home/mtrn/4231/liam_stuff/4231project/install/transforms/share/transforms/local_setup.dsv
-- Installing: /home/mtrn/4231/liam_stuff/4231project/install/transforms/share/transforms/package.dsv
-- Up-to-date: /home/mtrn/4231/liam_stuff/4231project/install/transforms/share/ament_index/resource_index/packages/transforms
-- Up-to-date: /home/mtrn/4231/liam_stuff/4231project/install/transforms/share/transforms/cmake/transformsConfig.cmake
-- Up-to-date: /home/mtrn/4231/liam_stuff/4231project/install/transforms/share/transforms/cmake/transformsConfig-version.cmake
-- Up-to-date: /home/mtrn/4231/liam_stuff/4231project/install/transforms/share/transforms/package.xml
