[0.227s] Invoking command in '/home/mtrn/4231/project_workspace/build/messages': CMAKE_PREFIX_PATH=${CMAKE_PREFIX_PATH}:/home/mtrn/4231/ws_moveit2/install/moveit_configs_utils:/home/mtrn/4231/ws_moveit2/install/launch_param_builder:/opt/ros/humble /usr/bin/cmake /home/mtrn/4231/project_workspace/src/messages -DCMAKE_INSTALL_PREFIX=/home/mtrn/4231/project_workspace/install/messages
[1.168s] -- Found ament_cmake: 1.3.5 (/opt/ros/humble/share/ament_cmake/cmake)
[1.169s] -- Found rosidl_default_generators: 1.2.0 (/opt/ros/humble/share/rosidl_default_generators/cmake)
[1.169s] -- Using all available rosidl_typesupport_c: rosidl_typesupport_fastrtps_c;rosidl_typesupport_introspection_c
[1.169s] -- Found rosidl_adapter: 3.1.5 (/opt/ros/humble/share/rosidl_adapter/cmake)
[1.169s] -- Using all available rosidl_typesupport_cpp: rosidl_typesupport_fastrtps_cpp;rosidl_typesupport_introspection_cpp
[1.169s] -- Configuring incomplete, errors occurred!
[1.169s] See also "/home/mtrn/4231/project_workspace/build/messages/CMakeFiles/CMakeOutput.log".
[1.170s] [31mCMake Error at /opt/ros/humble/share/rosidl_adapter/cmake/rosidl_adapt_interfaces.cmake:59 (message):
[1.170s]   execute_process(/usr/bin/python3.10 -m rosidl_adapter --package-name
[1.170s]   messages --arguments-file
[1.170s]   /home/mtrn/4231/project_workspace/build/messages/rosidl_adapter__arguments__messages.json
[1.170s]   --output-dir
[1.170s]   /home/mtrn/4231/project_workspace/build/messages/rosidl_adapter/messages
[1.170s]   --output-file
[1.170s]   /home/mtrn/4231/project_workspace/build/messages/rosidl_adapter/messages.idls)
[1.170s]   returned error code 1:
[1.171s] 
[1.171s]   Error processing 'int[] id' of 'messages/ArucoMessage': ''int' is an
[1.171s]   invalid message name.  It should have the pattern '^[A-Z][A-Za-z0-9]*$''
[1.171s] 
[1.171s]   Traceback (most recent call last):
[1.171s] 
[1.171s]     File "/usr/lib/python3.10/runpy.py", line 196, in _run_module_as_main
[1.171s]       return _run_code(code, main_globals, None,
[1.172s]     File "/usr/lib/python3.10/runpy.py", line 86, in _run_code
[1.172s]       exec(code, run_globals)
[1.172s]     File "/opt/ros/humble/local/lib/python3.10/dist-packages/rosidl_adapter/__main__.py", line 19, in <module>
[1.172s]       sys.exit(main())
[1.173s]     File "/opt/ros/humble/local/lib/python3.10/dist-packages/rosidl_adapter/main.py", line 53, in main
[1.173s]       abs_idl_file = convert_to_idl(
[1.173s]     File "/opt/ros/humble/local/lib/python3.10/dist-packages/rosidl_adapter/__init__.py", line 19, in convert_to_idl
[1.173s]       return convert_msg_to_idl(
[1.173s]     File "/opt/ros/humble/local/lib/python3.10/dist-packages/rosidl_adapter/msg/__init__.py", line 28, in convert_msg_to_idl
[1.173s]       msg = parse_message_string(package_name, input_file.stem, content)
[1.173s]     File "/opt/ros/humble/local/lib/python3.10/dist-packages/rosidl_adapter/parser.py", line 520, in parse_message_string
[1.173s]       Type(type_string, context_package_name=pkg_name),
[1.174s]     File "/opt/ros/humble/local/lib/python3.10/dist-packages/rosidl_adapter/parser.py", line 277, in __init__
[1.174s]       super(Type, self).__init__(
[1.174s]     File "/opt/ros/humble/local/lib/python3.10/dist-packages/rosidl_adapter/parser.py", line 205, in __init__
[1.174s]       raise InvalidResourceName(
[1.174s] 
[1.174s]   rosidl_adapter.parser.InvalidResourceName: 'int' is an invalid message
[1.174s]   name.  It should have the pattern '^[A-Z][A-Za-z0-9]*$'
[1.175s] 
[1.175s] Call Stack (most recent call first):
[1.175s]   /opt/ros/humble/share/rosidl_cmake/cmake/rosidl_generate_interfaces.cmake:130 (rosidl_adapt_interfaces)
[1.175s]   CMakeLists.txt:21 (rosidl_generate_interfaces)
[1.175s] 
[1.175s] [0m
[1.208s] Invoked command in '/home/mtrn/4231/project_workspace/build/messages' returned '1': CMAKE_PREFIX_PATH=${CMAKE_PREFIX_PATH}:/home/mtrn/4231/ws_moveit2/install/moveit_configs_utils:/home/mtrn/4231/ws_moveit2/install/launch_param_builder:/opt/ros/humble /usr/bin/cmake /home/mtrn/4231/project_workspace/src/messages -DCMAKE_INSTALL_PREFIX=/home/mtrn/4231/project_workspace/install/messages
