[2.423s] Invoking command in '/home/mtrn/4231/project_workspace/src/my_package': PYTHONPATH=/home/mtrn/4231/project_workspace/build/my_package/prefix_override:/home/mtrn/4231/project_workspace/install/my_package/lib/python3.10/site-packages:${PYTHONPATH} /usr/bin/python3 setup.py egg_info --egg-base ../../build/my_package build --build-base /home/mtrn/4231/project_workspace/build/my_package/build install --record /home/mtrn/4231/project_workspace/build/my_package/install.log --single-version-externally-managed
[3.219s] running egg_info
[3.220s] writing ../../build/my_package/my_package.egg-info/PKG-INFO
[3.220s] writing dependency_links to ../../build/my_package/my_package.egg-info/dependency_links.txt
[3.220s] writing entry points to ../../build/my_package/my_package.egg-info/entry_points.txt
[3.220s] writing requirements to ../../build/my_package/my_package.egg-info/requires.txt
[3.220s] writing top-level names to ../../build/my_package/my_package.egg-info/top_level.txt
[3.225s] reading manifest file '../../build/my_package/my_package.egg-info/SOURCES.txt'
[3.228s] writing manifest file '../../build/my_package/my_package.egg-info/SOURCES.txt'
[3.229s] running build
[3.229s] running build_py
[3.234s] running install
[3.237s] /usr/lib/python3/dist-packages/setuptools/command/install.py:34: SetuptoolsDeprecationWarning: setup.py install is deprecated. Use build and pip and other standards-based tools.
[3.237s]   warnings.warn(
[3.239s] running install_lib
[3.249s] running install_data
[3.255s] running install_egg_info
[3.261s] removing '/home/mtrn/4231/project_workspace/install/my_package/lib/python3.10/site-packages/my_package-0.0.0-py3.10.egg-info' (and everything under it)
[3.261s] Copying ../../build/my_package/my_package.egg-info to /home/mtrn/4231/project_workspace/install/my_package/lib/python3.10/site-packages/my_package-0.0.0-py3.10.egg-info
[3.270s] running install_scripts
[3.335s] Installing my_node script to /home/mtrn/4231/project_workspace/install/my_package/lib/my_package
[3.341s] writing list of installed files to '/home/mtrn/4231/project_workspace/build/my_package/install.log'
[3.415s] Invoked command in '/home/mtrn/4231/project_workspace/src/my_package' returned '0': PYTHONPATH=/home/mtrn/4231/project_workspace/build/my_package/prefix_override:/home/mtrn/4231/project_workspace/install/my_package/lib/python3.10/site-packages:${PYTHONPATH} /usr/bin/python3 setup.py egg_info --egg-base ../../build/my_package build --build-base /home/mtrn/4231/project_workspace/build/my_package/build install --record /home/mtrn/4231/project_workspace/build/my_package/install.log --single-version-externally-managed
