[1.087s] Invoking command in '/home/mtrn/4231/project_workspace/src/opencv_example': PYTHONPATH=/home/mtrn/4231/project_workspace/build/opencv_example/prefix_override:/home/mtrn/4231/project_workspace/install/opencv_example/lib/python3.10/site-packages:${PYTHONPATH} /usr/bin/python3 setup.py egg_info --egg-base ../../build/opencv_example build --build-base /home/mtrn/4231/project_workspace/build/opencv_example/build install --record /home/mtrn/4231/project_workspace/build/opencv_example/install.log --single-version-externally-managed
[1.375s] running egg_info
[1.376s] creating ../../build/opencv_example/opencv_example.egg-info
[1.377s] writing ../../build/opencv_example/opencv_example.egg-info/PKG-INFO
[1.377s] writing dependency_links to ../../build/opencv_example/opencv_example.egg-info/dependency_links.txt
[1.378s] writing entry points to ../../build/opencv_example/opencv_example.egg-info/entry_points.txt
[1.378s] writing requirements to ../../build/opencv_example/opencv_example.egg-info/requires.txt
[1.379s] writing top-level names to ../../build/opencv_example/opencv_example.egg-info/top_level.txt
[1.379s] writing manifest file '../../build/opencv_example/opencv_example.egg-info/SOURCES.txt'
[1.382s] reading manifest file '../../build/opencv_example/opencv_example.egg-info/SOURCES.txt'
[1.384s] writing manifest file '../../build/opencv_example/opencv_example.egg-info/SOURCES.txt'
[1.384s] running build
[1.384s] running build_py
[1.385s] creating /home/mtrn/4231/project_workspace/build/opencv_example/build
[1.385s] creating /home/mtrn/4231/project_workspace/build/opencv_example/build/lib
[1.386s] creating /home/mtrn/4231/project_workspace/build/opencv_example/build/lib/opencv_example
[1.386s] copying opencv_example/aruco_marker_detect.py -> /home/mtrn/4231/project_workspace/build/opencv_example/build/lib/opencv_example
[1.387s] copying opencv_example/__init__.py -> /home/mtrn/4231/project_workspace/build/opencv_example/build/lib/opencv_example
[1.387s] running install
[1.388s] /usr/lib/python3/dist-packages/setuptools/command/install.py:34: SetuptoolsDeprecationWarning: setup.py install is deprecated. Use build and pip and other standards-based tools.
[1.388s]   warnings.warn(
[1.388s] running install_lib
[1.390s] creating /home/mtrn/4231/project_workspace/install/opencv_example/lib/python3.10/site-packages/opencv_example
[1.390s] copying /home/mtrn/4231/project_workspace/build/opencv_example/build/lib/opencv_example/aruco_marker_detect.py -> /home/mtrn/4231/project_workspace/install/opencv_example/lib/python3.10/site-packages/opencv_example
[1.391s] copying /home/mtrn/4231/project_workspace/build/opencv_example/build/lib/opencv_example/__init__.py -> /home/mtrn/4231/project_workspace/install/opencv_example/lib/python3.10/site-packages/opencv_example
[1.392s] byte-compiling /home/mtrn/4231/project_workspace/install/opencv_example/lib/python3.10/site-packages/opencv_example/aruco_marker_detect.py to aruco_marker_detect.cpython-310.pyc
[1.393s] byte-compiling /home/mtrn/4231/project_workspace/install/opencv_example/lib/python3.10/site-packages/opencv_example/__init__.py to __init__.cpython-310.pyc
[1.393s] running install_data
[1.397s] creating /home/mtrn/4231/project_workspace/install/opencv_example/share/ament_index
[1.402s] creating /home/mtrn/4231/project_workspace/install/opencv_example/share/ament_index/resource_index
[1.402s] creating /home/mtrn/4231/project_workspace/install/opencv_example/share/ament_index/resource_index/packages
[1.402s] copying resource/opencv_example -> /home/mtrn/4231/project_workspace/install/opencv_example/share/ament_index/resource_index/packages
[1.409s] copying package.xml -> /home/mtrn/4231/project_workspace/install/opencv_example/share/opencv_example
[1.414s] running install_egg_info
[1.433s] Copying ../../build/opencv_example/opencv_example.egg-info to /home/mtrn/4231/project_workspace/install/opencv_example/lib/python3.10/site-packages/opencv_example-0.0.0-py3.10.egg-info
[1.433s] running install_scripts
[1.458s] Installing aruco_marker_detect script to /home/mtrn/4231/project_workspace/install/opencv_example/lib/opencv_example
[1.459s] writing list of installed files to '/home/mtrn/4231/project_workspace/build/opencv_example/install.log'
[1.501s] Invoked command in '/home/mtrn/4231/project_workspace/src/opencv_example' returned '0': PYTHONPATH=/home/mtrn/4231/project_workspace/build/opencv_example/prefix_override:/home/mtrn/4231/project_workspace/install/opencv_example/lib/python3.10/site-packages:${PYTHONPATH} /usr/bin/python3 setup.py egg_info --egg-base ../../build/opencv_example build --build-base /home/mtrn/4231/project_workspace/build/opencv_example/build install --record /home/mtrn/4231/project_workspace/build/opencv_example/install.log --single-version-externally-managed
