[1.425s] Invoking command in '/home/mtrn/4231/project_workspace/src/opencv_example': PYTHONPATH=/home/mtrn/4231/project_workspace/build/opencv_example/prefix_override:/home/mtrn/4231/project_workspace/install/opencv_example/lib/python3.10/site-packages:${PYTHONPATH} /usr/bin/python3 setup.py egg_info --egg-base ../../build/opencv_example build --build-base /home/mtrn/4231/project_workspace/build/opencv_example/build install --record /home/mtrn/4231/project_workspace/build/opencv_example/install.log --single-version-externally-managed
[1.777s] running egg_info
[1.785s] writing ../../build/opencv_example/opencv_example.egg-info/PKG-INFO
[1.786s] writing dependency_links to ../../build/opencv_example/opencv_example.egg-info/dependency_links.txt
[1.786s] writing entry points to ../../build/opencv_example/opencv_example.egg-info/entry_points.txt
[1.786s] writing requirements to ../../build/opencv_example/opencv_example.egg-info/requires.txt
[1.786s] writing top-level names to ../../build/opencv_example/opencv_example.egg-info/top_level.txt
[1.786s] reading manifest file '../../build/opencv_example/opencv_example.egg-info/SOURCES.txt'
[1.786s] writing manifest file '../../build/opencv_example/opencv_example.egg-info/SOURCES.txt'
[1.786s] running build
[1.787s] running build_py
[1.787s] copying opencv_example/aruco_marker_detect.py -> /home/mtrn/4231/project_workspace/build/opencv_example/build/lib/opencv_example
[1.787s] running install
[1.787s] /usr/lib/python3/dist-packages/setuptools/command/install.py:34: SetuptoolsDeprecationWarning: setup.py install is deprecated. Use build and pip and other standards-based tools.
[1.787s]   warnings.warn(
[1.787s] running install_lib
[1.789s] copying /home/mtrn/4231/project_workspace/build/opencv_example/build/lib/opencv_example/aruco_marker_detect.py -> /home/mtrn/4231/project_workspace/install/opencv_example/lib/python3.10/site-packages/opencv_example
[1.792s] byte-compiling /home/mtrn/4231/project_workspace/install/opencv_example/lib/python3.10/site-packages/opencv_example/aruco_marker_detect.py to aruco_marker_detect.cpython-310.pyc
[1.793s] running install_data
[1.796s] running install_egg_info
[1.799s] removing '/home/mtrn/4231/project_workspace/install/opencv_example/lib/python3.10/site-packages/opencv_example-0.0.0-py3.10.egg-info' (and everything under it)
[1.800s] Copying ../../build/opencv_example/opencv_example.egg-info to /home/mtrn/4231/project_workspace/install/opencv_example/lib/python3.10/site-packages/opencv_example-0.0.0-py3.10.egg-info
[1.800s] running install_scripts
[1.845s] Installing aruco_marker_detect script to /home/mtrn/4231/project_workspace/install/opencv_example/lib/opencv_example
[1.855s] writing list of installed files to '/home/mtrn/4231/project_workspace/build/opencv_example/install.log'
[1.904s] Invoked command in '/home/mtrn/4231/project_workspace/src/opencv_example' returned '0': PYTHONPATH=/home/mtrn/4231/project_workspace/build/opencv_example/prefix_override:/home/mtrn/4231/project_workspace/install/opencv_example/lib/python3.10/site-packages:${PYTHONPATH} /usr/bin/python3 setup.py egg_info --egg-base ../../build/opencv_example build --build-base /home/mtrn/4231/project_workspace/build/opencv_example/build install --record /home/mtrn/4231/project_workspace/build/opencv_example/install.log --single-version-externally-managed
