[1.685s] Invoking command in '/home/mtrn/4231/liam_stuff/4231project/src/ros2_aruco': PYTHONPATH=/home/mtrn/4231/liam_stuff/4231project/build/ros2_aruco/prefix_override:/home/mtrn/4231/liam_stuff/4231project/install/ros2_aruco/lib/python3.10/site-packages:${PYTHONPATH} /usr/bin/python3 setup.py egg_info --egg-base ../../build/ros2_aruco build --build-base /home/mtrn/4231/liam_stuff/4231project/build/ros2_aruco/build install --record /home/mtrn/4231/liam_stuff/4231project/build/ros2_aruco/install.log --single-version-externally-managed
[2.097s] running egg_info
[2.098s] writing ../../build/ros2_aruco/ros2_aruco.egg-info/PKG-INFO
[2.099s] writing dependency_links to ../../build/ros2_aruco/ros2_aruco.egg-info/dependency_links.txt
[2.099s] writing entry points to ../../build/ros2_aruco/ros2_aruco.egg-info/entry_points.txt
[2.099s] writing requirements to ../../build/ros2_aruco/ros2_aruco.egg-info/requires.txt
[2.099s] writing top-level names to ../../build/ros2_aruco/ros2_aruco.egg-info/top_level.txt
[2.104s] reading manifest file '../../build/ros2_aruco/ros2_aruco.egg-info/SOURCES.txt'
[2.104s] writing manifest file '../../build/ros2_aruco/ros2_aruco.egg-info/SOURCES.txt'
[2.104s] running build
[2.104s] running build_py
[2.105s] running install
[2.105s] /usr/lib/python3/dist-packages/setuptools/command/install.py:34: SetuptoolsDeprecationWarning: setup.py install is deprecated. Use build and pip and other standards-based tools.
[2.105s]   warnings.warn(
[2.106s] running install_lib
[2.108s] running install_data
[2.109s] running install_egg_info
[2.115s] removing '/home/mtrn/4231/liam_stuff/4231project/install/ros2_aruco/lib/python3.10/site-packages/ros2_aruco-0.1.0-py3.10.egg-info' (and everything under it)
[2.115s] Copying ../../build/ros2_aruco/ros2_aruco.egg-info to /home/mtrn/4231/liam_stuff/4231project/install/ros2_aruco/lib/python3.10/site-packages/ros2_aruco-0.1.0-py3.10.egg-info
[2.118s] running install_scripts
[2.149s] Installing aruco_generate_marker script to /home/mtrn/4231/liam_stuff/4231project/install/ros2_aruco/lib/ros2_aruco
[2.149s] Installing aruco_node script to /home/mtrn/4231/liam_stuff/4231project/install/ros2_aruco/lib/ros2_aruco
[2.149s] writing list of installed files to '/home/mtrn/4231/liam_stuff/4231project/build/ros2_aruco/install.log'
[2.202s] Invoked command in '/home/mtrn/4231/liam_stuff/4231project/src/ros2_aruco' returned '0': PYTHONPATH=/home/mtrn/4231/liam_stuff/4231project/build/ros2_aruco/prefix_override:/home/mtrn/4231/liam_stuff/4231project/install/ros2_aruco/lib/python3.10/site-packages:${PYTHONPATH} /usr/bin/python3 setup.py egg_info --egg-base ../../build/ros2_aruco build --build-base /home/mtrn/4231/liam_stuff/4231project/build/ros2_aruco/build install --record /home/mtrn/4231/liam_stuff/4231project/build/ros2_aruco/install.log --single-version-externally-managed
