[0.095s] Invoking command in '/home/mtrn/4231/liam_stuff/4231project/build/messages': CMAKE_PREFIX_PATH=${CMAKE_PREFIX_PATH}:/home/mtrn/4231/ws_moveit2/install/moveit_configs_utils:/home/mtrn/4231/ws_moveit2/install/launch_param_builder:/opt/ros/humble /home/mtrn/.local/bin/cmake --build /home/mtrn/4231/liam_stuff/4231project/build/messages -- -j12 -l12
[1.160s] -- Found ament_cmake: 1.3.5 (/opt/ros/humble/share/ament_cmake/cmake)
[1.160s] -- Found rosidl_default_generators: 1.2.0 (/opt/ros/humble/share/rosidl_default_generators/cmake)
[1.160s] -- Using all available rosidl_typesupport_c: rosidl_typesupport_fastrtps_c;rosidl_typesupport_introspection_c
[1.160s] -- Found rosidl_adapter: 3.1.5 (/opt/ros/humble/share/rosidl_adapter/cmake)
[1.160s] -- Using all available rosidl_typesupport_cpp: rosidl_typesupport_fastrtps_cpp;rosidl_typesupport_introspection_cpp
[1.161s] [0mCMake Error: The current CMakeCache.txt directory /home/mtrn/4231/liam_stuff/4231project/build/messages/CMakeCache.txt is different than the directory /home/mtrn/4231/liam_stuff/project_git/4231project/build/messages where CMakeCache.txt was created. This may result in binaries being created in the wrong place. If you are not sure, reedit the CMakeCache.txt[0m
[1.267s] -- Found ament_cmake_ros: 0.10.0 (/opt/ros/humble/share/ament_cmake_ros/cmake)
[2.005s] -- Using all available rosidl_typesupport_c: rosidl_typesupport_fastrtps_c;rosidl_typesupport_introspection_c
[2.934s] -- Using all available rosidl_typesupport_cpp: rosidl_typesupport_fastrtps_cpp;rosidl_typesupport_introspection_cpp
[2.936s] [33mCMake Warning (dev) at /opt/ros/humble/share/rosidl_generator_py/cmake/rosidl_generator_py_generate_interfaces.cmake:20 (find_package):
[2.936s]   Policy CMP0148 is not set: The FindPythonInterp and FindPythonLibs modules
[2.936s]   are removed.  Run "cmake --help-policy CMP0148" for policy details.  Use
[2.936s]   the cmake_policy command to set the policy and suppress this warning.
[2.936s] 
[2.936s] Call Stack (most recent call first):
[2.936s]   /opt/ros/humble/share/ament_cmake_core/cmake/core/ament_execute_extensions.cmake:48 (include)
[2.936s]   /opt/ros/humble/share/rosidl_cmake/cmake/rosidl_generate_interfaces.cmake:286 (ament_execute_extensions)
[2.936s]   CMakeLists.txt:21 (rosidl_generate_interfaces)
[2.936s] This warning is for project developers.  Use -Wno-dev to suppress it.
[2.936s] [0m
[2.974s] -- Found python_cmake_module: 0.10.0 (/opt/ros/humble/share/python_cmake_module/cmake)
[2.975s] [33mCMake Warning (dev) at /opt/ros/humble/share/python_cmake_module/cmake/Modules/FindPythonExtra.cmake:52 (find_package):
[2.975s]   Policy CMP0148 is not set: The FindPythonInterp and FindPythonLibs modules
[2.975s]   are removed.  Run "cmake --help-policy CMP0148" for policy details.  Use
[2.975s]   the cmake_policy command to set the policy and suppress this warning.
[2.975s] 
[2.975s] Call Stack (most recent call first):
[2.975s]   /opt/ros/humble/share/rosidl_generator_py/cmake/rosidl_generator_py_generate_interfaces.cmake:23 (find_package)
[2.975s]   /opt/ros/humble/share/ament_cmake_core/cmake/core/ament_execute_extensions.cmake:48 (include)
[2.975s]   /opt/ros/humble/share/rosidl_cmake/cmake/rosidl_generate_interfaces.cmake:286 (ament_execute_extensions)
[2.976s]   CMakeLists.txt:21 (rosidl_generate_interfaces)
[2.976s] This warning is for project developers.  Use -Wno-dev to suppress it.
[2.976s] [0m
[3.005s] [33mCMake Warning (dev) at /opt/ros/humble/share/python_cmake_module/cmake/Modules/FindPythonExtra.cmake:140 (find_package):
[3.005s]   Policy CMP0148 is not set: The FindPythonInterp and FindPythonLibs modules
[3.005s]   are removed.  Run "cmake --help-policy CMP0148" for policy details.  Use
[3.005s]   the cmake_policy command to set the policy and suppress this warning.
[3.005s] 
[3.006s] Call Stack (most recent call first):
[3.006s]   /opt/ros/humble/share/rosidl_generator_py/cmake/rosidl_generator_py_generate_interfaces.cmake:23 (find_package)
[3.006s]   /opt/ros/humble/share/ament_cmake_core/cmake/core/ament_execute_extensions.cmake:48 (include)
[3.006s]   /opt/ros/humble/share/rosidl_cmake/cmake/rosidl_generate_interfaces.cmake:286 (ament_execute_extensions)
[3.007s]   CMakeLists.txt:21 (rosidl_generate_interfaces)
[3.007s] This warning is for project developers.  Use -Wno-dev to suppress it.
[3.007s] [0m
[3.007s] -- Using PYTHON_EXECUTABLE: /usr/bin/python3
[3.007s] -- Using PYTHON_INCLUDE_DIRS: /usr/include/python3.10
[3.008s] -- Using PYTHON_LIBRARIES: /usr/lib/x86_64-linux-gnu/libpython3.10.so
[3.061s] -- Configuring done (2.9s)
[3.095s] -- Generating done (0.0s)
[3.101s] -- Build files have been written to: /home/mtrn/4231/liam_stuff/project_git/4231project/build/messages
[3.164s] [  3%] Built target messages__cpp
[3.171s] [ 12%] Built target messages__rosidl_generator_c
[3.174s] [ 12%] Built target ament_cmake_python_copy_messages
[3.200s] [ 22%] Built target messages__rosidl_typesupport_introspection_cpp
[3.202s] [ 41%] Built target messages__rosidl_typesupport_cpp
[3.203s] [ 41%] Built target messages__rosidl_typesupport_fastrtps_cpp
[3.205s] [ 51%] Built target messages__rosidl_typesupport_introspection_c
[3.206s] [ 61%] Built target messages__rosidl_typesupport_c
[3.206s] [ 70%] Built target messages__rosidl_typesupport_fastrtps_c
[3.235s] [ 70%] Built target messages
[3.270s] [ 74%] Built target messages__py
[3.309s] [ 80%] Built target messages__rosidl_generator_py
[3.339s] [ 87%] Built target messages__rosidl_typesupport_c__pyext
[3.339s] [ 93%] Built target messages__rosidl_typesupport_introspection_c__pyext
[3.340s] [100%] Built target messages__rosidl_typesupport_fastrtps_c__pyext
[3.475s] running egg_info
[3.476s] writing messages.egg-info/PKG-INFO
[3.476s] writing dependency_links to messages.egg-info/dependency_links.txt
[3.477s] writing top-level names to messages.egg-info/top_level.txt
[3.479s] reading manifest file 'messages.egg-info/SOURCES.txt'
[3.480s] writing manifest file 'messages.egg-info/SOURCES.txt'
[3.529s] [100%] Built target ament_cmake_python_build_messages_egg
[3.557s] Invoked command in '/home/mtrn/4231/liam_stuff/4231project/build/messages' returned '0': CMAKE_PREFIX_PATH=${CMAKE_PREFIX_PATH}:/home/mtrn/4231/ws_moveit2/install/moveit_configs_utils:/home/mtrn/4231/ws_moveit2/install/launch_param_builder:/opt/ros/humble /home/mtrn/.local/bin/cmake --build /home/mtrn/4231/liam_stuff/4231project/build/messages -- -j12 -l12
[3.875s] Invoking command in '/home/mtrn/4231/liam_stuff/4231project/build/messages': CMAKE_PREFIX_PATH=${CMAKE_PREFIX_PATH}:/home/mtrn/4231/ws_moveit2/install/moveit_configs_utils:/home/mtrn/4231/ws_moveit2/install/launch_param_builder:/opt/ros/humble /home/mtrn/.local/bin/cmake --install /home/mtrn/4231/liam_stuff/4231project/build/messages
[3.931s] -- Install configuration: ""
[3.931s] -- Up-to-date: /home/mtrn/4231/liam_stuff/project_git/4231project/install/messages/share/ament_index/resource_index/rosidl_interfaces/messages
[3.932s] -- Up-to-date: /home/mtrn/4231/liam_stuff/project_git/4231project/install/messages/include/messages/messages
[3.932s] -- Up-to-date: /home/mtrn/4231/liam_stuff/project_git/4231project/install/messages/include/messages/messages/msg
[3.932s] -- Up-to-date: /home/mtrn/4231/liam_stuff/project_git/4231project/install/messages/include/messages/messages/msg/rosidl_generator_c__visibility_control.h
[3.932s] -- Up-to-date: /home/mtrn/4231/liam_stuff/project_git/4231project/install/messages/include/messages/messages/msg/aruco_message.h
[3.932s] -- Up-to-date: /home/mtrn/4231/liam_stuff/project_git/4231project/install/messages/include/messages/messages/msg/detail
[3.932s] -- Up-to-date: /home/mtrn/4231/liam_stuff/project_git/4231project/install/messages/include/messages/messages/msg/detail/aruco_message__functions.c
[3.933s] -- Up-to-date: /home/mtrn/4231/liam_stuff/project_git/4231project/install/messages/include/messages/messages/msg/detail/aruco_message__type_support.h
[3.933s] -- Up-to-date: /home/mtrn/4231/liam_stuff/project_git/4231project/install/messages/include/messages/messages/msg/detail/aruco_message__struct.h
[3.933s] -- Up-to-date: /home/mtrn/4231/liam_stuff/project_git/4231project/install/messages/include/messages/messages/msg/detail/aruco_message__functions.h
[3.933s] -- Up-to-date: /home/mtrn/4231/liam_stuff/project_git/4231project/install/messages/share/messages/environment/library_path.sh
[3.933s] -- Installing: /home/mtrn/4231/liam_stuff/project_git/4231project/install/messages/share/messages/environment/library_path.dsv
[3.933s] -- Up-to-date: /home/mtrn/4231/liam_stuff/project_git/4231project/install/messages/lib/libmessages__rosidl_generator_c.so
[3.934s] -- Up-to-date: /home/mtrn/4231/liam_stuff/project_git/4231project/install/messages/include/messages/messages
[3.934s] -- Up-to-date: /home/mtrn/4231/liam_stuff/project_git/4231project/install/messages/include/messages/messages/msg
[3.934s] -- Up-to-date: /home/mtrn/4231/liam_stuff/project_git/4231project/install/messages/include/messages/messages/msg/rosidl_typesupport_fastrtps_c__visibility_control.h
[3.934s] -- Up-to-date: /home/mtrn/4231/liam_stuff/project_git/4231project/install/messages/include/messages/messages/msg/detail
[3.934s] -- Up-to-date: /home/mtrn/4231/liam_stuff/project_git/4231project/install/messages/include/messages/messages/msg/detail/aruco_message__rosidl_typesupport_fastrtps_c.h
[3.935s] -- Up-to-date: /home/mtrn/4231/liam_stuff/project_git/4231project/install/messages/lib/libmessages__rosidl_typesupport_fastrtps_c.so
[3.935s] -- Up-to-date: /home/mtrn/4231/liam_stuff/project_git/4231project/install/messages/include/messages/messages
[3.935s] -- Up-to-date: /home/mtrn/4231/liam_stuff/project_git/4231project/install/messages/include/messages/messages/msg
[3.935s] -- Up-to-date: /home/mtrn/4231/liam_stuff/project_git/4231project/install/messages/include/messages/messages/msg/rosidl_typesupport_introspection_c__visibility_control.h
[3.935s] -- Up-to-date: /home/mtrn/4231/liam_stuff/project_git/4231project/install/messages/include/messages/messages/msg/detail
[3.935s] -- Up-to-date: /home/mtrn/4231/liam_stuff/project_git/4231project/install/messages/include/messages/messages/msg/detail/aruco_message__type_support.c
[3.935s] -- Up-to-date: /home/mtrn/4231/liam_stuff/project_git/4231project/install/messages/include/messages/messages/msg/detail/aruco_message__rosidl_typesupport_introspection_c.h
[3.936s] -- Up-to-date: /home/mtrn/4231/liam_stuff/project_git/4231project/install/messages/lib/libmessages__rosidl_typesupport_introspection_c.so
[3.936s] -- Up-to-date: /home/mtrn/4231/liam_stuff/project_git/4231project/install/messages/lib/libmessages__rosidl_typesupport_c.so
[3.936s] -- Up-to-date: /home/mtrn/4231/liam_stuff/project_git/4231project/install/messages/include/messages/messages
[3.936s] -- Up-to-date: /home/mtrn/4231/liam_stuff/project_git/4231project/install/messages/include/messages/messages/msg
[3.936s] -- Up-to-date: /home/mtrn/4231/liam_stuff/project_git/4231project/install/messages/include/messages/messages/msg/aruco_message.hpp
[3.936s] -- Up-to-date: /home/mtrn/4231/liam_stuff/project_git/4231project/install/messages/include/messages/messages/msg/detail
[3.937s] -- Up-to-date: /home/mtrn/4231/liam_stuff/project_git/4231project/install/messages/include/messages/messages/msg/detail/aruco_message__traits.hpp
[3.937s] -- Up-to-date: /home/mtrn/4231/liam_stuff/project_git/4231project/install/messages/include/messages/messages/msg/detail/aruco_message__struct.hpp
[3.937s] -- Up-to-date: /home/mtrn/4231/liam_stuff/project_git/4231project/install/messages/include/messages/messages/msg/detail/aruco_message__builder.hpp
[3.937s] -- Up-to-date: /home/mtrn/4231/liam_stuff/project_git/4231project/install/messages/include/messages/messages
[3.937s] -- Up-to-date: /home/mtrn/4231/liam_stuff/project_git/4231project/install/messages/include/messages/messages/msg
[3.937s] -- Up-to-date: /home/mtrn/4231/liam_stuff/project_git/4231project/install/messages/include/messages/messages/msg/rosidl_typesupport_fastrtps_cpp__visibility_control.h
[3.938s] -- Up-to-date: /home/mtrn/4231/liam_stuff/project_git/4231project/install/messages/include/messages/messages/msg/detail
[3.938s] -- Up-to-date: /home/mtrn/4231/liam_stuff/project_git/4231project/install/messages/include/messages/messages/msg/detail/dds_fastrtps
[3.938s] -- Up-to-date: /home/mtrn/4231/liam_stuff/project_git/4231project/install/messages/include/messages/messages/msg/detail/aruco_message__rosidl_typesupport_fastrtps_cpp.hpp
[3.938s] -- Up-to-date: /home/mtrn/4231/liam_stuff/project_git/4231project/install/messages/lib/libmessages__rosidl_typesupport_fastrtps_cpp.so
[3.938s] -- Up-to-date: /home/mtrn/4231/liam_stuff/project_git/4231project/install/messages/include/messages/messages
[3.938s] -- Up-to-date: /home/mtrn/4231/liam_stuff/project_git/4231project/install/messages/include/messages/messages/msg
[3.938s] -- Up-to-date: /home/mtrn/4231/liam_stuff/project_git/4231project/install/messages/include/messages/messages/msg/detail
[3.939s] -- Up-to-date: /home/mtrn/4231/liam_stuff/project_git/4231project/install/messages/include/messages/messages/msg/detail/aruco_message__type_support.cpp
[3.939s] -- Up-to-date: /home/mtrn/4231/liam_stuff/project_git/4231project/install/messages/include/messages/messages/msg/detail/aruco_message__rosidl_typesupport_introspection_cpp.hpp
[3.939s] -- Up-to-date: /home/mtrn/4231/liam_stuff/project_git/4231project/install/messages/lib/libmessages__rosidl_typesupport_introspection_cpp.so
[3.939s] -- Up-to-date: /home/mtrn/4231/liam_stuff/project_git/4231project/install/messages/lib/libmessages__rosidl_typesupport_cpp.so
[3.939s] -- Up-to-date: /home/mtrn/4231/liam_stuff/project_git/4231project/install/messages/share/messages/environment/pythonpath.sh
[3.939s] -- Installing: /home/mtrn/4231/liam_stuff/project_git/4231project/install/messages/share/messages/environment/pythonpath.dsv
[3.939s] -- Up-to-date: /home/mtrn/4231/liam_stuff/project_git/4231project/install/messages/local/lib/python3.10/dist-packages/messages-0.0.0-py3.10.egg-info
[3.939s] -- Installing: /home/mtrn/4231/liam_stuff/project_git/4231project/install/messages/local/lib/python3.10/dist-packages/messages-0.0.0-py3.10.egg-info/SOURCES.txt
[3.940s] -- Installing: /home/mtrn/4231/liam_stuff/project_git/4231project/install/messages/local/lib/python3.10/dist-packages/messages-0.0.0-py3.10.egg-info/dependency_links.txt
[3.940s] -- Installing: /home/mtrn/4231/liam_stuff/project_git/4231project/install/messages/local/lib/python3.10/dist-packages/messages-0.0.0-py3.10.egg-info/PKG-INFO
[3.940s] -- Installing: /home/mtrn/4231/liam_stuff/project_git/4231project/install/messages/local/lib/python3.10/dist-packages/messages-0.0.0-py3.10.egg-info/top_level.txt
[3.940s] -- Up-to-date: /home/mtrn/4231/liam_stuff/project_git/4231project/install/messages/local/lib/python3.10/dist-packages/messages
[3.940s] -- Up-to-date: /home/mtrn/4231/liam_stuff/project_git/4231project/install/messages/local/lib/python3.10/dist-packages/messages/messages_s__rosidl_typesupport_introspection_c.cpython-310-x86_64-linux-gnu.so
[3.940s] -- Up-to-date: /home/mtrn/4231/liam_stuff/project_git/4231project/install/messages/local/lib/python3.10/dist-packages/messages/_messages_s.ep.rosidl_typesupport_introspection_c.c
[3.940s] -- Up-to-date: /home/mtrn/4231/liam_stuff/project_git/4231project/install/messages/local/lib/python3.10/dist-packages/messages/_messages_s.ep.rosidl_typesupport_fastrtps_c.c
[3.940s] -- Up-to-date: /home/mtrn/4231/liam_stuff/project_git/4231project/install/messages/local/lib/python3.10/dist-packages/messages/_messages_s.ep.rosidl_typesupport_c.c
[3.940s] -- Installing: /home/mtrn/4231/liam_stuff/project_git/4231project/install/messages/local/lib/python3.10/dist-packages/messages/__init__.py
[3.941s] -- Up-to-date: /home/mtrn/4231/liam_stuff/project_git/4231project/install/messages/local/lib/python3.10/dist-packages/messages/messages_s__rosidl_typesupport_fastrtps_c.cpython-310-x86_64-linux-gnu.so
[3.941s] -- Up-to-date: /home/mtrn/4231/liam_stuff/project_git/4231project/install/messages/local/lib/python3.10/dist-packages/messages/libmessages__rosidl_generator_py.so
[3.941s] -- Up-to-date: /home/mtrn/4231/liam_stuff/project_git/4231project/install/messages/local/lib/python3.10/dist-packages/messages/msg
[3.941s] -- Up-to-date: /home/mtrn/4231/liam_stuff/project_git/4231project/install/messages/local/lib/python3.10/dist-packages/messages/msg/_aruco_message_s.c
[3.941s] -- Up-to-date: /home/mtrn/4231/liam_stuff/project_git/4231project/install/messages/local/lib/python3.10/dist-packages/messages/msg/__init__.py
[3.941s] -- Up-to-date: /home/mtrn/4231/liam_stuff/project_git/4231project/install/messages/local/lib/python3.10/dist-packages/messages/msg/_aruco_message.py
[3.941s] -- Up-to-date: /home/mtrn/4231/liam_stuff/project_git/4231project/install/messages/local/lib/python3.10/dist-packages/messages/messages_s__rosidl_typesupport_c.cpython-310-x86_64-linux-gnu.so
[3.977s] Listing '/home/mtrn/4231/liam_stuff/project_git/4231project/install/messages/local/lib/python3.10/dist-packages/messages'...
[3.977s] Compiling '/home/mtrn/4231/liam_stuff/project_git/4231project/install/messages/local/lib/python3.10/dist-packages/messages/__init__.py'...
[3.978s] Listing '/home/mtrn/4231/liam_stuff/project_git/4231project/install/messages/local/lib/python3.10/dist-packages/messages/msg'...
[3.984s] -- Up-to-date: /home/mtrn/4231/liam_stuff/project_git/4231project/install/messages/local/lib/python3.10/dist-packages/messages/messages_s__rosidl_typesupport_fastrtps_c.cpython-310-x86_64-linux-gnu.so
[3.984s] -- Up-to-date: /home/mtrn/4231/liam_stuff/project_git/4231project/install/messages/local/lib/python3.10/dist-packages/messages/messages_s__rosidl_typesupport_introspection_c.cpython-310-x86_64-linux-gnu.so
[3.984s] -- Up-to-date: /home/mtrn/4231/liam_stuff/project_git/4231project/install/messages/local/lib/python3.10/dist-packages/messages/messages_s__rosidl_typesupport_c.cpython-310-x86_64-linux-gnu.so
[3.985s] -- Up-to-date: /home/mtrn/4231/liam_stuff/project_git/4231project/install/messages/lib/libmessages__rosidl_generator_py.so
[3.985s] -- Up-to-date: /home/mtrn/4231/liam_stuff/project_git/4231project/install/messages/share/messages/msg/ArucoMessage.idl
[3.985s] -- Up-to-date: /home/mtrn/4231/liam_stuff/project_git/4231project/install/messages/share/messages/msg/ArucoMessage.msg
[3.985s] -- Up-to-date: /home/mtrn/4231/liam_stuff/project_git/4231project/install/messages/share/ament_index/resource_index/package_run_dependencies/messages
[3.985s] -- Up-to-date: /home/mtrn/4231/liam_stuff/project_git/4231project/install/messages/share/ament_index/resource_index/parent_prefix_path/messages
[3.985s] -- Up-to-date: /home/mtrn/4231/liam_stuff/project_git/4231project/install/messages/share/messages/environment/ament_prefix_path.sh
[3.985s] -- Installing: /home/mtrn/4231/liam_stuff/project_git/4231project/install/messages/share/messages/environment/ament_prefix_path.dsv
[3.986s] -- Up-to-date: /home/mtrn/4231/liam_stuff/project_git/4231project/install/messages/share/messages/environment/path.sh
[3.986s] -- Installing: /home/mtrn/4231/liam_stuff/project_git/4231project/install/messages/share/messages/environment/path.dsv
[3.986s] -- Up-to-date: /home/mtrn/4231/liam_stuff/project_git/4231project/install/messages/share/messages/local_setup.bash
[3.986s] -- Up-to-date: /home/mtrn/4231/liam_stuff/project_git/4231project/install/messages/share/messages/local_setup.sh
[3.986s] -- Up-to-date: /home/mtrn/4231/liam_stuff/project_git/4231project/install/messages/share/messages/local_setup.zsh
[3.986s] -- Installing: /home/mtrn/4231/liam_stuff/project_git/4231project/install/messages/share/messages/local_setup.dsv
[3.986s] -- Installing: /home/mtrn/4231/liam_stuff/project_git/4231project/install/messages/share/messages/package.dsv
[3.986s] -- Up-to-date: /home/mtrn/4231/liam_stuff/project_git/4231project/install/messages/share/ament_index/resource_index/packages/messages
[3.987s] -- Up-to-date: /home/mtrn/4231/liam_stuff/project_git/4231project/install/messages/share/messages/cmake/export_messages__rosidl_generator_cExport.cmake
[3.987s] -- Up-to-date: /home/mtrn/4231/liam_stuff/project_git/4231project/install/messages/share/messages/cmake/export_messages__rosidl_generator_cExport-noconfig.cmake
[3.987s] -- Up-to-date: /home/mtrn/4231/liam_stuff/project_git/4231project/install/messages/share/messages/cmake/export_messages__rosidl_typesupport_fastrtps_cExport.cmake
[3.987s] -- Up-to-date: /home/mtrn/4231/liam_stuff/project_git/4231project/install/messages/share/messages/cmake/export_messages__rosidl_typesupport_fastrtps_cExport-noconfig.cmake
[3.987s] -- Up-to-date: /home/mtrn/4231/liam_stuff/project_git/4231project/install/messages/share/messages/cmake/messages__rosidl_typesupport_introspection_cExport.cmake
[3.987s] -- Up-to-date: /home/mtrn/4231/liam_stuff/project_git/4231project/install/messages/share/messages/cmake/messages__rosidl_typesupport_introspection_cExport-noconfig.cmake
[3.987s] -- Up-to-date: /home/mtrn/4231/liam_stuff/project_git/4231project/install/messages/share/messages/cmake/messages__rosidl_typesupport_cExport.cmake
[3.987s] -- Up-to-date: /home/mtrn/4231/liam_stuff/project_git/4231project/install/messages/share/messages/cmake/messages__rosidl_typesupport_cExport-noconfig.cmake
[3.988s] -- Up-to-date: /home/mtrn/4231/liam_stuff/project_git/4231project/install/messages/share/messages/cmake/export_messages__rosidl_generator_cppExport.cmake
[3.988s] -- Up-to-date: /home/mtrn/4231/liam_stuff/project_git/4231project/install/messages/share/messages/cmake/export_messages__rosidl_typesupport_fastrtps_cppExport.cmake
[3.988s] -- Up-to-date: /home/mtrn/4231/liam_stuff/project_git/4231project/install/messages/share/messages/cmake/export_messages__rosidl_typesupport_fastrtps_cppExport-noconfig.cmake
[3.988s] -- Up-to-date: /home/mtrn/4231/liam_stuff/project_git/4231project/install/messages/share/messages/cmake/messages__rosidl_typesupport_introspection_cppExport.cmake
[3.988s] -- Up-to-date: /home/mtrn/4231/liam_stuff/project_git/4231project/install/messages/share/messages/cmake/messages__rosidl_typesupport_introspection_cppExport-noconfig.cmake
[3.988s] -- Up-to-date: /home/mtrn/4231/liam_stuff/project_git/4231project/install/messages/share/messages/cmake/messages__rosidl_typesupport_cppExport.cmake
[3.988s] -- Up-to-date: /home/mtrn/4231/liam_stuff/project_git/4231project/install/messages/share/messages/cmake/messages__rosidl_typesupport_cppExport-noconfig.cmake
[3.988s] -- Up-to-date: /home/mtrn/4231/liam_stuff/project_git/4231project/install/messages/share/messages/cmake/export_messages__rosidl_generator_pyExport.cmake
[3.989s] -- Up-to-date: /home/mtrn/4231/liam_stuff/project_git/4231project/install/messages/share/messages/cmake/export_messages__rosidl_generator_pyExport-noconfig.cmake
[3.989s] -- Up-to-date: /home/mtrn/4231/liam_stuff/project_git/4231project/install/messages/share/messages/cmake/rosidl_cmake-extras.cmake
[3.989s] -- Up-to-date: /home/mtrn/4231/liam_stuff/project_git/4231project/install/messages/share/messages/cmake/ament_cmake_export_include_directories-extras.cmake
[3.989s] -- Up-to-date: /home/mtrn/4231/liam_stuff/project_git/4231project/install/messages/share/messages/cmake/ament_cmake_export_libraries-extras.cmake
[3.989s] -- Up-to-date: /home/mtrn/4231/liam_stuff/project_git/4231project/install/messages/share/messages/cmake/ament_cmake_export_targets-extras.cmake
[3.989s] -- Up-to-date: /home/mtrn/4231/liam_stuff/project_git/4231project/install/messages/share/messages/cmake/rosidl_cmake_export_typesupport_targets-extras.cmake
[3.989s] -- Up-to-date: /home/mtrn/4231/liam_stuff/project_git/4231project/install/messages/share/messages/cmake/ament_cmake_export_dependencies-extras.cmake
[3.989s] -- Up-to-date: /home/mtrn/4231/liam_stuff/project_git/4231project/install/messages/share/messages/cmake/rosidl_cmake_export_typesupport_libraries-extras.cmake
[3.989s] -- Up-to-date: /home/mtrn/4231/liam_stuff/project_git/4231project/install/messages/share/messages/cmake/messagesConfig.cmake
[3.989s] -- Up-to-date: /home/mtrn/4231/liam_stuff/project_git/4231project/install/messages/share/messages/cmake/messagesConfig-version.cmake
[3.989s] -- Up-to-date: /home/mtrn/4231/liam_stuff/project_git/4231project/install/messages/share/messages/package.xml
[4.000s] Invoked command in '/home/mtrn/4231/liam_stuff/4231project/build/messages' returned '0': CMAKE_PREFIX_PATH=${CMAKE_PREFIX_PATH}:/home/mtrn/4231/ws_moveit2/install/moveit_configs_utils:/home/mtrn/4231/ws_moveit2/install/launch_param_builder:/opt/ros/humble /home/mtrn/.local/bin/cmake --install /home/mtrn/4231/liam_stuff/4231project/build/messages
