[0.328s] DEBUG:colcon:Command line arguments: ['/usr/bin/colcon', 'build']
[0.329s] DEBUG:colcon:Parsed command line arguments: Namespace(log_base=None, log_level=None, verb_name='build', build_base='build', install_base='install', merge_install=False, symlink_install=False, test_result_base=None, continue_on_error=False, executor='parallel', parallel_workers=12, event_handlers=None, ignore_user_meta=False, metas=['./colcon.meta'], base_paths=['.'], packages_ignore=None, packages_ignore_regex=None, paths=None, packages_up_to=None, packages_up_to_regex=None, packages_above=None, packages_above_and_dependencies=None, packages_above_depth=None, packages_select_by_dep=None, packages_skip_by_dep=None, packages_skip_up_to=None, packages_select_build_failed=False, packages_skip_build_finished=False, packages_select_test_failures=False, packages_skip_test_passed=False, packages_select=None, packages_skip=None, packages_select_regex=None, packages_skip_regex=None, packages_start=None, packages_end=None, allow_overriding=[], cmake_args=None, cmake_target=None, cmake_target_skip_unavailable=False, cmake_clean_cache=False, cmake_clean_first=False, cmake_force_configure=False, ament_cmake_args=None, catkin_cmake_args=None, catkin_skip_building_tests=False, mixin_files=None, mixin=None, verb_parser=<colcon_mixin.mixin.mixin_argument.MixinArgumentDecorator object at 0x7fb371921fc0>, verb_extension=<colcon_core.verb.build.BuildVerb object at 0x7fb37233e200>, main=<bound method BuildVerb.main of <colcon_core.verb.build.BuildVerb object at 0x7fb37233e200>>, mixin_verb=('build',))
[0.351s] Level 1:colcon.colcon_core.package_discovery:discover_packages(colcon_meta) check parameters
[0.351s] Level 1:colcon.colcon_core.package_discovery:discover_packages(recursive) check parameters
[0.352s] Level 1:colcon.colcon_core.package_discovery:discover_packages(ignore) check parameters
[0.352s] Level 1:colcon.colcon_core.package_discovery:discover_packages(path) check parameters
[0.352s] Level 1:colcon.colcon_core.package_discovery:discover_packages(colcon_meta) discover
[0.352s] Level 1:colcon.colcon_core.package_discovery:discover_packages(recursive) discover
[0.352s] INFO:colcon.colcon_core.package_discovery:Crawling recursively for packages in '/home/mtrn/4231/liam_stuff/4231project'
[0.352s] Level 1:colcon.colcon_core.package_identification:_identify(.) by extensions ['ignore', 'ignore_ament_install']
[0.352s] Level 1:colcon.colcon_core.package_identification:_identify(.) by extension 'ignore'
[0.352s] Level 1:colcon.colcon_core.package_identification:_identify(.) by extension 'ignore_ament_install'
[0.352s] Level 1:colcon.colcon_core.package_identification:_identify(.) by extensions ['colcon_pkg']
[0.352s] Level 1:colcon.colcon_core.package_identification:_identify(.) by extension 'colcon_pkg'
[0.352s] Level 1:colcon.colcon_core.package_identification:_identify(.) by extensions ['colcon_meta']
[0.352s] Level 1:colcon.colcon_core.package_identification:_identify(.) by extension 'colcon_meta'
[0.352s] Level 1:colcon.colcon_core.package_identification:_identify(.) by extensions ['ros']
[0.352s] Level 1:colcon.colcon_core.package_identification:_identify(.) by extension 'ros'
[0.363s] Level 1:colcon.colcon_core.package_identification:_identify(.) by extensions ['cmake', 'python']
[0.363s] Level 1:colcon.colcon_core.package_identification:_identify(.) by extension 'cmake'
[0.363s] Level 1:colcon.colcon_core.package_identification:_identify(.) by extension 'python'
[0.363s] Level 1:colcon.colcon_core.package_identification:_identify(.) by extensions ['python_setup_py']
[0.363s] Level 1:colcon.colcon_core.package_identification:_identify(.) by extension 'python_setup_py'
[0.363s] Level 1:colcon.colcon_core.package_identification:_identify(build) by extensions ['ignore', 'ignore_ament_install']
[0.363s] Level 1:colcon.colcon_core.package_identification:_identify(build) by extension 'ignore'
[0.363s] Level 1:colcon.colcon_core.package_identification:_identify(build) ignored
[0.363s] Level 1:colcon.colcon_core.package_identification:_identify(install) by extensions ['ignore', 'ignore_ament_install']
[0.363s] Level 1:colcon.colcon_core.package_identification:_identify(install) by extension 'ignore'
[0.363s] Level 1:colcon.colcon_core.package_identification:_identify(install) ignored
[0.364s] Level 1:colcon.colcon_core.package_identification:_identify(log) by extensions ['ignore', 'ignore_ament_install']
[0.364s] Level 1:colcon.colcon_core.package_identification:_identify(log) by extension 'ignore'
[0.364s] Level 1:colcon.colcon_core.package_identification:_identify(log) ignored
[0.364s] Level 1:colcon.colcon_core.package_identification:_identify(src) by extensions ['ignore', 'ignore_ament_install']
[0.364s] Level 1:colcon.colcon_core.package_identification:_identify(src) by extension 'ignore'
[0.364s] Level 1:colcon.colcon_core.package_identification:_identify(src) by extension 'ignore_ament_install'
[0.364s] Level 1:colcon.colcon_core.package_identification:_identify(src) by extensions ['colcon_pkg']
[0.364s] Level 1:colcon.colcon_core.package_identification:_identify(src) by extension 'colcon_pkg'
[0.364s] Level 1:colcon.colcon_core.package_identification:_identify(src) by extensions ['colcon_meta']
[0.364s] Level 1:colcon.colcon_core.package_identification:_identify(src) by extension 'colcon_meta'
[0.364s] Level 1:colcon.colcon_core.package_identification:_identify(src) by extensions ['ros']
[0.364s] Level 1:colcon.colcon_core.package_identification:_identify(src) by extension 'ros'
[0.364s] Level 1:colcon.colcon_core.package_identification:_identify(src) by extensions ['cmake', 'python']
[0.365s] Level 1:colcon.colcon_core.package_identification:_identify(src) by extension 'cmake'
[0.365s] Level 1:colcon.colcon_core.package_identification:_identify(src) by extension 'python'
[0.365s] Level 1:colcon.colcon_core.package_identification:_identify(src) by extensions ['python_setup_py']
[0.365s] Level 1:colcon.colcon_core.package_identification:_identify(src) by extension 'python_setup_py'
[0.365s] Level 1:colcon.colcon_core.package_identification:_identify(src/messages) by extensions ['ignore', 'ignore_ament_install']
[0.365s] Level 1:colcon.colcon_core.package_identification:_identify(src/messages) by extension 'ignore'
[0.365s] Level 1:colcon.colcon_core.package_identification:_identify(src/messages) by extension 'ignore_ament_install'
[0.365s] Level 1:colcon.colcon_core.package_identification:_identify(src/messages) by extensions ['colcon_pkg']
[0.365s] Level 1:colcon.colcon_core.package_identification:_identify(src/messages) by extension 'colcon_pkg'
[0.365s] Level 1:colcon.colcon_core.package_identification:_identify(src/messages) by extensions ['colcon_meta']
[0.365s] Level 1:colcon.colcon_core.package_identification:_identify(src/messages) by extension 'colcon_meta'
[0.365s] Level 1:colcon.colcon_core.package_identification:_identify(src/messages) by extensions ['ros']
[0.365s] Level 1:colcon.colcon_core.package_identification:_identify(src/messages) by extension 'ros'
[0.368s] DEBUG:colcon.colcon_core.package_identification:Package 'src/messages' with type 'ros.ament_cmake' and name 'messages'
[0.369s] Level 1:colcon.colcon_core.package_identification:_identify(src/my_package) by extensions ['ignore', 'ignore_ament_install']
[0.369s] Level 1:colcon.colcon_core.package_identification:_identify(src/my_package) by extension 'ignore'
[0.369s] Level 1:colcon.colcon_core.package_identification:_identify(src/my_package) by extension 'ignore_ament_install'
[0.369s] Level 1:colcon.colcon_core.package_identification:_identify(src/my_package) by extensions ['colcon_pkg']
[0.369s] Level 1:colcon.colcon_core.package_identification:_identify(src/my_package) by extension 'colcon_pkg'
[0.369s] Level 1:colcon.colcon_core.package_identification:_identify(src/my_package) by extensions ['colcon_meta']
[0.369s] Level 1:colcon.colcon_core.package_identification:_identify(src/my_package) by extension 'colcon_meta'
[0.369s] Level 1:colcon.colcon_core.package_identification:_identify(src/my_package) by extensions ['ros']
[0.369s] Level 1:colcon.colcon_core.package_identification:_identify(src/my_package) by extension 'ros'
[0.370s] DEBUG:colcon.colcon_core.package_identification:Package 'src/my_package' with type 'ros.ament_python' and name 'my_package'
[0.370s] Level 1:colcon.colcon_core.package_identification:_identify(src/opencv_example) by extensions ['ignore', 'ignore_ament_install']
[0.370s] Level 1:colcon.colcon_core.package_identification:_identify(src/opencv_example) by extension 'ignore'
[0.370s] Level 1:colcon.colcon_core.package_identification:_identify(src/opencv_example) by extension 'ignore_ament_install'
[0.370s] Level 1:colcon.colcon_core.package_identification:_identify(src/opencv_example) by extensions ['colcon_pkg']
[0.370s] Level 1:colcon.colcon_core.package_identification:_identify(src/opencv_example) by extension 'colcon_pkg'
[0.370s] Level 1:colcon.colcon_core.package_identification:_identify(src/opencv_example) by extensions ['colcon_meta']
[0.370s] Level 1:colcon.colcon_core.package_identification:_identify(src/opencv_example) by extension 'colcon_meta'
[0.370s] Level 1:colcon.colcon_core.package_identification:_identify(src/opencv_example) by extensions ['ros']
[0.370s] Level 1:colcon.colcon_core.package_identification:_identify(src/opencv_example) by extension 'ros'
[0.371s] DEBUG:colcon.colcon_core.package_identification:Package 'src/opencv_example' with type 'ros.ament_python' and name 'opencv_example'
[0.371s] Level 1:colcon.colcon_core.package_identification:_identify(src/ros2_v4l2_camera-rolling) by extensions ['ignore', 'ignore_ament_install']
[0.371s] Level 1:colcon.colcon_core.package_identification:_identify(src/ros2_v4l2_camera-rolling) by extension 'ignore'
[0.371s] Level 1:colcon.colcon_core.package_identification:_identify(src/ros2_v4l2_camera-rolling) by extension 'ignore_ament_install'
[0.371s] Level 1:colcon.colcon_core.package_identification:_identify(src/ros2_v4l2_camera-rolling) by extensions ['colcon_pkg']
[0.371s] Level 1:colcon.colcon_core.package_identification:_identify(src/ros2_v4l2_camera-rolling) by extension 'colcon_pkg'
[0.371s] Level 1:colcon.colcon_core.package_identification:_identify(src/ros2_v4l2_camera-rolling) by extensions ['colcon_meta']
[0.371s] Level 1:colcon.colcon_core.package_identification:_identify(src/ros2_v4l2_camera-rolling) by extension 'colcon_meta'
[0.371s] Level 1:colcon.colcon_core.package_identification:_identify(src/ros2_v4l2_camera-rolling) by extensions ['ros']
[0.372s] Level 1:colcon.colcon_core.package_identification:_identify(src/ros2_v4l2_camera-rolling) by extension 'ros'
[0.372s] DEBUG:colcon.colcon_core.package_identification:Package 'src/ros2_v4l2_camera-rolling' with type 'ros.ament_cmake' and name 'v4l2_camera'
[0.373s] Level 1:colcon.colcon_core.package_discovery:discover_packages(recursive) using defaults
[0.373s] Level 1:colcon.colcon_core.package_discovery:discover_packages(ignore) discover
[0.373s] Level 1:colcon.colcon_core.package_discovery:discover_packages(ignore) using defaults
[0.373s] Level 1:colcon.colcon_core.package_discovery:discover_packages(path) discover
[0.373s] Level 1:colcon.colcon_core.package_discovery:discover_packages(path) using defaults
[0.394s] Level 1:colcon.colcon_core.package_discovery:discover_packages(prefix_path) check parameters
[0.394s] Level 1:colcon.colcon_core.package_discovery:discover_packages(prefix_path) discover
[0.399s] DEBUG:colcon.colcon_installed_package_information.package_discovery:Found 4 installed packages in /home/mtrn/4231/liam_stuff/4231project/install
[0.400s] DEBUG:colcon.colcon_installed_package_information.package_discovery:Found 7 installed packages in /home/mtrn/4231/ros_ur_driver/install
[0.402s] DEBUG:colcon.colcon_installed_package_information.package_discovery:Found 55 installed packages in /home/mtrn/4231/ws_moveit2/install
[0.405s] DEBUG:colcon.colcon_installed_package_information.package_discovery:Found 339 installed packages in /opt/ros/humble
[0.407s] Level 1:colcon.colcon_core.package_discovery:discover_packages(prefix_path) using defaults
[0.471s] Level 5:colcon.colcon_core.verb:set package 'messages' build argument 'cmake_args' from command line to 'None'
[0.471s] Level 5:colcon.colcon_core.verb:set package 'messages' build argument 'cmake_target' from command line to 'None'
[0.471s] Level 5:colcon.colcon_core.verb:set package 'messages' build argument 'cmake_target_skip_unavailable' from command line to 'False'
[0.471s] Level 5:colcon.colcon_core.verb:set package 'messages' build argument 'cmake_clean_cache' from command line to 'False'
[0.471s] Level 5:colcon.colcon_core.verb:set package 'messages' build argument 'cmake_clean_first' from command line to 'False'
[0.471s] Level 5:colcon.colcon_core.verb:set package 'messages' build argument 'cmake_force_configure' from command line to 'False'
[0.471s] Level 5:colcon.colcon_core.verb:set package 'messages' build argument 'ament_cmake_args' from command line to 'None'
[0.471s] Level 5:colcon.colcon_core.verb:set package 'messages' build argument 'catkin_cmake_args' from command line to 'None'
[0.471s] Level 5:colcon.colcon_core.verb:set package 'messages' build argument 'catkin_skip_building_tests' from command line to 'False'
[0.471s] DEBUG:colcon.colcon_core.verb:Building package 'messages' with the following arguments: {'ament_cmake_args': None, 'build_base': '/home/mtrn/4231/liam_stuff/4231project/build/messages', 'catkin_cmake_args': None, 'catkin_skip_building_tests': False, 'cmake_args': None, 'cmake_clean_cache': False, 'cmake_clean_first': False, 'cmake_force_configure': False, 'cmake_target': None, 'cmake_target_skip_unavailable': False, 'install_base': '/home/mtrn/4231/liam_stuff/4231project/install/messages', 'merge_install': False, 'path': '/home/mtrn/4231/liam_stuff/4231project/src/messages', 'symlink_install': False, 'test_result_base': None}
[0.472s] Level 5:colcon.colcon_core.verb:set package 'my_package' build argument 'cmake_args' from command line to 'None'
[0.472s] Level 5:colcon.colcon_core.verb:set package 'my_package' build argument 'cmake_target' from command line to 'None'
[0.472s] Level 5:colcon.colcon_core.verb:set package 'my_package' build argument 'cmake_target_skip_unavailable' from command line to 'False'
[0.472s] Level 5:colcon.colcon_core.verb:set package 'my_package' build argument 'cmake_clean_cache' from command line to 'False'
[0.472s] Level 5:colcon.colcon_core.verb:set package 'my_package' build argument 'cmake_clean_first' from command line to 'False'
[0.472s] Level 5:colcon.colcon_core.verb:set package 'my_package' build argument 'cmake_force_configure' from command line to 'False'
[0.472s] Level 5:colcon.colcon_core.verb:set package 'my_package' build argument 'ament_cmake_args' from command line to 'None'
[0.472s] Level 5:colcon.colcon_core.verb:set package 'my_package' build argument 'catkin_cmake_args' from command line to 'None'
[0.472s] Level 5:colcon.colcon_core.verb:set package 'my_package' build argument 'catkin_skip_building_tests' from command line to 'False'
[0.472s] DEBUG:colcon.colcon_core.verb:Building package 'my_package' with the following arguments: {'ament_cmake_args': None, 'build_base': '/home/mtrn/4231/liam_stuff/4231project/build/my_package', 'catkin_cmake_args': None, 'catkin_skip_building_tests': False, 'cmake_args': None, 'cmake_clean_cache': False, 'cmake_clean_first': False, 'cmake_force_configure': False, 'cmake_target': None, 'cmake_target_skip_unavailable': False, 'install_base': '/home/mtrn/4231/liam_stuff/4231project/install/my_package', 'merge_install': False, 'path': '/home/mtrn/4231/liam_stuff/4231project/src/my_package', 'symlink_install': False, 'test_result_base': None}
[0.473s] Level 5:colcon.colcon_core.verb:set package 'opencv_example' build argument 'cmake_args' from command line to 'None'
[0.473s] Level 5:colcon.colcon_core.verb:set package 'opencv_example' build argument 'cmake_target' from command line to 'None'
[0.473s] Level 5:colcon.colcon_core.verb:set package 'opencv_example' build argument 'cmake_target_skip_unavailable' from command line to 'False'
[0.473s] Level 5:colcon.colcon_core.verb:set package 'opencv_example' build argument 'cmake_clean_cache' from command line to 'False'
[0.473s] Level 5:colcon.colcon_core.verb:set package 'opencv_example' build argument 'cmake_clean_first' from command line to 'False'
[0.473s] Level 5:colcon.colcon_core.verb:set package 'opencv_example' build argument 'cmake_force_configure' from command line to 'False'
[0.473s] Level 5:colcon.colcon_core.verb:set package 'opencv_example' build argument 'ament_cmake_args' from command line to 'None'
[0.473s] Level 5:colcon.colcon_core.verb:set package 'opencv_example' build argument 'catkin_cmake_args' from command line to 'None'
[0.473s] Level 5:colcon.colcon_core.verb:set package 'opencv_example' build argument 'catkin_skip_building_tests' from command line to 'False'
[0.473s] DEBUG:colcon.colcon_core.verb:Building package 'opencv_example' with the following arguments: {'ament_cmake_args': None, 'build_base': '/home/mtrn/4231/liam_stuff/4231project/build/opencv_example', 'catkin_cmake_args': None, 'catkin_skip_building_tests': False, 'cmake_args': None, 'cmake_clean_cache': False, 'cmake_clean_first': False, 'cmake_force_configure': False, 'cmake_target': None, 'cmake_target_skip_unavailable': False, 'install_base': '/home/mtrn/4231/liam_stuff/4231project/install/opencv_example', 'merge_install': False, 'path': '/home/mtrn/4231/liam_stuff/4231project/src/opencv_example', 'symlink_install': False, 'test_result_base': None}
[0.474s] Level 5:colcon.colcon_core.verb:set package 'v4l2_camera' build argument 'cmake_args' from command line to 'None'
[0.474s] Level 5:colcon.colcon_core.verb:set package 'v4l2_camera' build argument 'cmake_target' from command line to 'None'
[0.474s] Level 5:colcon.colcon_core.verb:set package 'v4l2_camera' build argument 'cmake_target_skip_unavailable' from command line to 'False'
[0.474s] Level 5:colcon.colcon_core.verb:set package 'v4l2_camera' build argument 'cmake_clean_cache' from command line to 'False'
[0.474s] Level 5:colcon.colcon_core.verb:set package 'v4l2_camera' build argument 'cmake_clean_first' from command line to 'False'
[0.474s] Level 5:colcon.colcon_core.verb:set package 'v4l2_camera' build argument 'cmake_force_configure' from command line to 'False'
[0.474s] Level 5:colcon.colcon_core.verb:set package 'v4l2_camera' build argument 'ament_cmake_args' from command line to 'None'
[0.474s] Level 5:colcon.colcon_core.verb:set package 'v4l2_camera' build argument 'catkin_cmake_args' from command line to 'None'
[0.474s] Level 5:colcon.colcon_core.verb:set package 'v4l2_camera' build argument 'catkin_skip_building_tests' from command line to 'False'
[0.474s] DEBUG:colcon.colcon_core.verb:Building package 'v4l2_camera' with the following arguments: {'ament_cmake_args': None, 'build_base': '/home/mtrn/4231/liam_stuff/4231project/build/v4l2_camera', 'catkin_cmake_args': None, 'catkin_skip_building_tests': False, 'cmake_args': None, 'cmake_clean_cache': False, 'cmake_clean_first': False, 'cmake_force_configure': False, 'cmake_target': None, 'cmake_target_skip_unavailable': False, 'install_base': '/home/mtrn/4231/liam_stuff/4231project/install/v4l2_camera', 'merge_install': False, 'path': '/home/mtrn/4231/liam_stuff/4231project/src/ros2_v4l2_camera-rolling', 'symlink_install': False, 'test_result_base': None}
[0.475s] INFO:colcon.colcon_core.executor:Executing jobs using 'parallel' executor
[0.478s] DEBUG:colcon.colcon_parallel_executor.executor.parallel:run_until_complete
[0.478s] INFO:colcon.colcon_ros.task.ament_cmake.build:Building ROS package in '/home/mtrn/4231/liam_stuff/4231project/src/messages' with build type 'ament_cmake'
[0.478s] INFO:colcon.colcon_cmake.task.cmake.build:Building CMake package in '/home/mtrn/4231/liam_stuff/4231project/src/messages'
[0.483s] INFO:colcon.colcon_core.plugin_system:Skipping extension 'colcon_core.shell.bat': Not used on non-Windows systems
[0.483s] INFO:colcon.colcon_core.shell:Skip shell extension 'powershell' for command environment: Not usable outside of PowerShell
[0.483s] DEBUG:colcon.colcon_core.shell:Skip shell extension 'dsv' for command environment
[0.493s] INFO:colcon.colcon_ros.task.ament_python.build:Building ROS package in '/home/mtrn/4231/liam_stuff/4231project/src/my_package' with build type 'ament_python'
[0.493s] Level 1:colcon.colcon_core.shell:create_environment_hook('my_package', 'ament_prefix_path')
[0.494s] INFO:colcon.colcon_core.shell:Creating environment hook '/home/mtrn/4231/liam_stuff/4231project/install/my_package/share/my_package/hook/ament_prefix_path.ps1'
[0.495s] INFO:colcon.colcon_core.shell:Creating environment descriptor '/home/mtrn/4231/liam_stuff/4231project/install/my_package/share/my_package/hook/ament_prefix_path.dsv'
[0.495s] INFO:colcon.colcon_core.shell:Creating environment hook '/home/mtrn/4231/liam_stuff/4231project/install/my_package/share/my_package/hook/ament_prefix_path.sh'
[0.497s] INFO:colcon.colcon_core.shell:Skip shell extension 'powershell' for command environment: Not usable outside of PowerShell
[0.497s] DEBUG:colcon.colcon_core.shell:Skip shell extension 'dsv' for command environment
[0.507s] INFO:colcon.colcon_ros.task.ament_python.build:Building ROS package in '/home/mtrn/4231/liam_stuff/4231project/src/opencv_example' with build type 'ament_python'
[0.507s] Level 1:colcon.colcon_core.shell:create_environment_hook('opencv_example', 'ament_prefix_path')
[0.508s] INFO:colcon.colcon_core.shell:Creating environment hook '/home/mtrn/4231/liam_stuff/4231project/install/opencv_example/share/opencv_example/hook/ament_prefix_path.ps1'
[0.509s] INFO:colcon.colcon_core.shell:Creating environment descriptor '/home/mtrn/4231/liam_stuff/4231project/install/opencv_example/share/opencv_example/hook/ament_prefix_path.dsv'
[0.509s] INFO:colcon.colcon_core.shell:Creating environment hook '/home/mtrn/4231/liam_stuff/4231project/install/opencv_example/share/opencv_example/hook/ament_prefix_path.sh'
[0.511s] INFO:colcon.colcon_core.shell:Skip shell extension 'powershell' for command environment: Not usable outside of PowerShell
[0.511s] DEBUG:colcon.colcon_core.shell:Skip shell extension 'dsv' for command environment
[0.520s] INFO:colcon.colcon_ros.task.ament_cmake.build:Building ROS package in '/home/mtrn/4231/liam_stuff/4231project/src/ros2_v4l2_camera-rolling' with build type 'ament_cmake'
[0.521s] INFO:colcon.colcon_cmake.task.cmake.build:Building CMake package in '/home/mtrn/4231/liam_stuff/4231project/src/ros2_v4l2_camera-rolling'
[0.522s] INFO:colcon.colcon_core.shell:Skip shell extension 'powershell' for command environment: Not usable outside of PowerShell
[0.522s] DEBUG:colcon.colcon_core.shell:Skip shell extension 'dsv' for command environment
[0.545s] DEBUG:colcon.colcon_core.event_handler.log_command:Invoking command in '/home/mtrn/4231/liam_stuff/4231project/build/messages': CMAKE_PREFIX_PATH=${CMAKE_PREFIX_PATH}:/home/mtrn/4231/liam_stuff/4231project/install/opencv_example:/home/mtrn/4231/liam_stuff/4231project/install/my_package:/home/mtrn/4231/ws_moveit2/install/moveit_configs_utils:/home/mtrn/4231/ws_moveit2/install/launch_param_builder:/opt/ros/humble /home/mtrn/.local/bin/cmake --build /home/mtrn/4231/liam_stuff/4231project/build/messages -- -j12 -l12
[0.834s] INFO:colcon.colcon_core.task.python.build:Building Python package in '/home/mtrn/4231/liam_stuff/4231project/src/my_package'
[0.836s] INFO:colcon.colcon_core.shell:Skip shell extension 'powershell' for command environment: Not usable outside of PowerShell
[0.836s] DEBUG:colcon.colcon_core.shell:Skip shell extension 'dsv' for command environment
[0.861s] DEBUG:colcon.colcon_core.event_handler.log_command:Invoking command in '/home/mtrn/4231/liam_stuff/4231project/build/v4l2_camera': CMAKE_PREFIX_PATH=${CMAKE_PREFIX_PATH}:/home/mtrn/4231/liam_stuff/4231project/install/opencv_example:/home/mtrn/4231/liam_stuff/4231project/install/my_package:/home/mtrn/4231/ws_moveit2/install/moveit_configs_utils:/home/mtrn/4231/ws_moveit2/install/launch_param_builder:/opt/ros/humble /home/mtrn/.local/bin/cmake --build /home/mtrn/4231/liam_stuff/4231project/build/v4l2_camera -- -j12 -l12
[1.135s] INFO:colcon.colcon_core.task.python.build:Building Python package in '/home/mtrn/4231/liam_stuff/4231project/src/opencv_example'
[1.138s] INFO:colcon.colcon_core.shell:Skip shell extension 'powershell' for command environment: Not usable outside of PowerShell
[1.138s] DEBUG:colcon.colcon_core.shell:Skip shell extension 'dsv' for command environment
[1.165s] DEBUG:colcon.colcon_core.event_handler.log_command:Invoked command in '/home/mtrn/4231/liam_stuff/4231project/build/messages' returned '0': CMAKE_PREFIX_PATH=${CMAKE_PREFIX_PATH}:/home/mtrn/4231/liam_stuff/4231project/install/opencv_example:/home/mtrn/4231/liam_stuff/4231project/install/my_package:/home/mtrn/4231/ws_moveit2/install/moveit_configs_utils:/home/mtrn/4231/ws_moveit2/install/launch_param_builder:/opt/ros/humble /home/mtrn/.local/bin/cmake --build /home/mtrn/4231/liam_stuff/4231project/build/messages -- -j12 -l12
[1.168s] DEBUG:colcon.colcon_core.event_handler.log_command:Invoked command in '/home/mtrn/4231/liam_stuff/4231project/build/v4l2_camera' returned '0': CMAKE_PREFIX_PATH=${CMAKE_PREFIX_PATH}:/home/mtrn/4231/liam_stuff/4231project/install/opencv_example:/home/mtrn/4231/liam_stuff/4231project/install/my_package:/home/mtrn/4231/ws_moveit2/install/moveit_configs_utils:/home/mtrn/4231/ws_moveit2/install/launch_param_builder:/opt/ros/humble /home/mtrn/.local/bin/cmake --build /home/mtrn/4231/liam_stuff/4231project/build/v4l2_camera -- -j12 -l12
[1.507s] DEBUG:colcon.colcon_core.event_handler.log_command:Invoking command in '/home/mtrn/4231/liam_stuff/4231project/build/v4l2_camera': CMAKE_PREFIX_PATH=${CMAKE_PREFIX_PATH}:/home/mtrn/4231/liam_stuff/4231project/install/opencv_example:/home/mtrn/4231/liam_stuff/4231project/install/my_package:/home/mtrn/4231/ws_moveit2/install/moveit_configs_utils:/home/mtrn/4231/ws_moveit2/install/launch_param_builder:/opt/ros/humble /home/mtrn/.local/bin/cmake --install /home/mtrn/4231/liam_stuff/4231project/build/v4l2_camera
[1.578s] Level 1:colcon.colcon_core.environment:create_environment_scripts_only(v4l2_camera)
[1.580s] DEBUG:colcon.colcon_core.event_handler.log_command:Invoked command in '/home/mtrn/4231/liam_stuff/4231project/build/v4l2_camera' returned '0': CMAKE_PREFIX_PATH=${CMAKE_PREFIX_PATH}:/home/mtrn/4231/liam_stuff/4231project/install/opencv_example:/home/mtrn/4231/liam_stuff/4231project/install/my_package:/home/mtrn/4231/ws_moveit2/install/moveit_configs_utils:/home/mtrn/4231/ws_moveit2/install/launch_param_builder:/opt/ros/humble /home/mtrn/.local/bin/cmake --install /home/mtrn/4231/liam_stuff/4231project/build/v4l2_camera
[1.585s] Level 1:colcon.colcon_core.environment:checking '/home/mtrn/4231/liam_stuff/4231project/install/v4l2_camera' for CMake module files
[1.586s] Level 1:colcon.colcon_core.environment:checking '/home/mtrn/4231/liam_stuff/4231project/install/v4l2_camera' for CMake config files
[1.586s] Level 1:colcon.colcon_core.shell:create_environment_hook('v4l2_camera', 'cmake_prefix_path')
[1.587s] INFO:colcon.colcon_core.shell:Creating environment hook '/home/mtrn/4231/liam_stuff/4231project/install/v4l2_camera/share/v4l2_camera/hook/cmake_prefix_path.ps1'
[1.588s] INFO:colcon.colcon_core.shell:Creating environment descriptor '/home/mtrn/4231/liam_stuff/4231project/install/v4l2_camera/share/v4l2_camera/hook/cmake_prefix_path.dsv'
[1.588s] INFO:colcon.colcon_core.shell:Creating environment hook '/home/mtrn/4231/liam_stuff/4231project/install/v4l2_camera/share/v4l2_camera/hook/cmake_prefix_path.sh'
[1.589s] Level 1:colcon.colcon_core.environment:checking '/home/mtrn/4231/liam_stuff/4231project/install/v4l2_camera/lib'
[1.589s] Level 1:colcon.colcon_core.shell:create_environment_hook('v4l2_camera', 'ld_library_path_lib')
[1.590s] INFO:colcon.colcon_core.shell:Creating environment hook '/home/mtrn/4231/liam_stuff/4231project/install/v4l2_camera/share/v4l2_camera/hook/ld_library_path_lib.ps1'
[1.590s] INFO:colcon.colcon_core.shell:Creating environment descriptor '/home/mtrn/4231/liam_stuff/4231project/install/v4l2_camera/share/v4l2_camera/hook/ld_library_path_lib.dsv'
[1.591s] INFO:colcon.colcon_core.shell:Creating environment hook '/home/mtrn/4231/liam_stuff/4231project/install/v4l2_camera/share/v4l2_camera/hook/ld_library_path_lib.sh'
[1.591s] Level 1:colcon.colcon_core.environment:checking '/home/mtrn/4231/liam_stuff/4231project/install/v4l2_camera/bin'
[1.591s] Level 1:colcon.colcon_core.environment:checking '/home/mtrn/4231/liam_stuff/4231project/install/v4l2_camera/lib/pkgconfig/v4l2_camera.pc'
[1.591s] Level 1:colcon.colcon_core.environment:checking '/home/mtrn/4231/liam_stuff/4231project/install/v4l2_camera/lib/python3.10/site-packages'
[1.591s] Level 1:colcon.colcon_core.environment:checking '/home/mtrn/4231/liam_stuff/4231project/install/v4l2_camera/bin'
[1.593s] INFO:colcon.colcon_core.shell:Creating package script '/home/mtrn/4231/liam_stuff/4231project/install/v4l2_camera/share/v4l2_camera/package.ps1'
[1.593s] INFO:colcon.colcon_core.shell:Creating package descriptor '/home/mtrn/4231/liam_stuff/4231project/install/v4l2_camera/share/v4l2_camera/package.dsv'
[1.594s] INFO:colcon.colcon_core.shell:Creating package script '/home/mtrn/4231/liam_stuff/4231project/install/v4l2_camera/share/v4l2_camera/package.sh'
[1.595s] INFO:colcon.colcon_core.shell:Creating package script '/home/mtrn/4231/liam_stuff/4231project/install/v4l2_camera/share/v4l2_camera/package.bash'
[1.596s] INFO:colcon.colcon_core.shell:Creating package script '/home/mtrn/4231/liam_stuff/4231project/install/v4l2_camera/share/v4l2_camera/package.zsh'
[1.596s] Level 1:colcon.colcon_core.environment:create_file_with_runtime_dependencies(/home/mtrn/4231/liam_stuff/4231project/install/v4l2_camera/share/colcon-core/packages/v4l2_camera)
[1.604s] DEBUG:colcon.colcon_core.event_handler.log_command:Invoking command in '/home/mtrn/4231/liam_stuff/4231project/src/my_package': PYTHONPATH=/home/mtrn/4231/liam_stuff/4231project/build/my_package/prefix_override:/home/mtrn/4231/liam_stuff/4231project/install/my_package/lib/python3.10/site-packages:${PYTHONPATH} /usr/bin/python3 setup.py egg_info --egg-base ../../build/my_package build --build-base /home/mtrn/4231/liam_stuff/4231project/build/my_package/build install --record /home/mtrn/4231/liam_stuff/4231project/build/my_package/install.log --single-version-externally-managed
[1.608s] DEBUG:colcon.colcon_core.event_handler.log_command:Invoking command in '/home/mtrn/4231/liam_stuff/4231project/src/opencv_example': PYTHONPATH=/home/mtrn/4231/liam_stuff/4231project/build/opencv_example/prefix_override:/home/mtrn/4231/liam_stuff/4231project/install/opencv_example/lib/python3.10/site-packages:${PYTHONPATH} /usr/bin/python3 setup.py egg_info --egg-base ../../build/opencv_example build --build-base /home/mtrn/4231/liam_stuff/4231project/build/opencv_example/build install --record /home/mtrn/4231/liam_stuff/4231project/build/opencv_example/install.log --single-version-externally-managed
[1.665s] DEBUG:colcon.colcon_core.event_handler.log_command:Invoking command in '/home/mtrn/4231/liam_stuff/4231project/build/messages': CMAKE_PREFIX_PATH=${CMAKE_PREFIX_PATH}:/home/mtrn/4231/liam_stuff/4231project/install/opencv_example:/home/mtrn/4231/liam_stuff/4231project/install/my_package:/home/mtrn/4231/ws_moveit2/install/moveit_configs_utils:/home/mtrn/4231/ws_moveit2/install/launch_param_builder:/opt/ros/humble /home/mtrn/.local/bin/cmake --install /home/mtrn/4231/liam_stuff/4231project/build/messages
[1.778s] Level 1:colcon.colcon_core.environment:create_environment_scripts_only(messages)
[1.781s] Level 1:colcon.colcon_core.environment:checking '/home/mtrn/4231/liam_stuff/4231project/install/messages' for CMake module files
[1.782s] DEBUG:colcon.colcon_core.event_handler.log_command:Invoked command in '/home/mtrn/4231/liam_stuff/4231project/build/messages' returned '0': CMAKE_PREFIX_PATH=${CMAKE_PREFIX_PATH}:/home/mtrn/4231/liam_stuff/4231project/install/opencv_example:/home/mtrn/4231/liam_stuff/4231project/install/my_package:/home/mtrn/4231/ws_moveit2/install/moveit_configs_utils:/home/mtrn/4231/ws_moveit2/install/launch_param_builder:/opt/ros/humble /home/mtrn/.local/bin/cmake --install /home/mtrn/4231/liam_stuff/4231project/build/messages
[1.783s] Level 1:colcon.colcon_core.environment:checking '/home/mtrn/4231/liam_stuff/4231project/install/messages' for CMake config files
[1.784s] Level 1:colcon.colcon_core.shell:create_environment_hook('messages', 'cmake_prefix_path')
[1.788s] INFO:colcon.colcon_core.shell:Creating environment hook '/home/mtrn/4231/liam_stuff/4231project/install/messages/share/messages/hook/cmake_prefix_path.ps1'
[1.789s] INFO:colcon.colcon_core.shell:Creating environment descriptor '/home/mtrn/4231/liam_stuff/4231project/install/messages/share/messages/hook/cmake_prefix_path.dsv'
[1.790s] INFO:colcon.colcon_core.shell:Creating environment hook '/home/mtrn/4231/liam_stuff/4231project/install/messages/share/messages/hook/cmake_prefix_path.sh'
[1.791s] Level 1:colcon.colcon_core.environment:checking '/home/mtrn/4231/liam_stuff/4231project/install/messages/lib'
[1.791s] Level 1:colcon.colcon_core.shell:create_environment_hook('messages', 'ld_library_path_lib')
[1.796s] INFO:colcon.colcon_core.shell:Creating environment hook '/home/mtrn/4231/liam_stuff/4231project/install/messages/share/messages/hook/ld_library_path_lib.ps1'
[1.797s] INFO:colcon.colcon_core.shell:Creating environment descriptor '/home/mtrn/4231/liam_stuff/4231project/install/messages/share/messages/hook/ld_library_path_lib.dsv'
[1.797s] INFO:colcon.colcon_core.shell:Creating environment hook '/home/mtrn/4231/liam_stuff/4231project/install/messages/share/messages/hook/ld_library_path_lib.sh'
[1.798s] Level 1:colcon.colcon_core.environment:checking '/home/mtrn/4231/liam_stuff/4231project/install/messages/bin'
[1.798s] Level 1:colcon.colcon_core.environment:checking '/home/mtrn/4231/liam_stuff/4231project/install/messages/lib/pkgconfig/messages.pc'
[1.799s] Level 1:colcon.colcon_core.environment:checking '/home/mtrn/4231/liam_stuff/4231project/install/messages/lib/python3.10/site-packages'
[1.799s] Level 1:colcon.colcon_core.environment:checking '/home/mtrn/4231/liam_stuff/4231project/install/messages/bin'
[1.801s] INFO:colcon.colcon_core.shell:Creating package script '/home/mtrn/4231/liam_stuff/4231project/install/messages/share/messages/package.ps1'
[1.802s] INFO:colcon.colcon_core.shell:Creating package descriptor '/home/mtrn/4231/liam_stuff/4231project/install/messages/share/messages/package.dsv'
[1.803s] INFO:colcon.colcon_core.shell:Creating package script '/home/mtrn/4231/liam_stuff/4231project/install/messages/share/messages/package.sh'
[1.803s] INFO:colcon.colcon_core.shell:Creating package script '/home/mtrn/4231/liam_stuff/4231project/install/messages/share/messages/package.bash'
[1.804s] INFO:colcon.colcon_core.shell:Creating package script '/home/mtrn/4231/liam_stuff/4231project/install/messages/share/messages/package.zsh'
[1.804s] Level 1:colcon.colcon_core.environment:create_file_with_runtime_dependencies(/home/mtrn/4231/liam_stuff/4231project/install/messages/share/colcon-core/packages/messages)
[1.809s] Level 1:colcon.colcon_core.environment:create_environment_scripts_only(v4l2_camera)
[1.811s] Level 1:colcon.colcon_core.environment:checking '/home/mtrn/4231/liam_stuff/4231project/install/v4l2_camera' for CMake module files
[1.811s] Level 1:colcon.colcon_core.environment:checking '/home/mtrn/4231/liam_stuff/4231project/install/v4l2_camera' for CMake config files
[1.812s] Level 1:colcon.colcon_core.shell:create_environment_hook('v4l2_camera', 'cmake_prefix_path')
[1.813s] INFO:colcon.colcon_core.shell:Creating environment hook '/home/mtrn/4231/liam_stuff/4231project/install/v4l2_camera/share/v4l2_camera/hook/cmake_prefix_path.ps1'
[1.813s] INFO:colcon.colcon_core.shell:Creating environment descriptor '/home/mtrn/4231/liam_stuff/4231project/install/v4l2_camera/share/v4l2_camera/hook/cmake_prefix_path.dsv'
[1.814s] INFO:colcon.colcon_core.shell:Creating environment hook '/home/mtrn/4231/liam_stuff/4231project/install/v4l2_camera/share/v4l2_camera/hook/cmake_prefix_path.sh'
[1.814s] Level 1:colcon.colcon_core.environment:checking '/home/mtrn/4231/liam_stuff/4231project/install/v4l2_camera/lib'
[1.814s] Level 1:colcon.colcon_core.shell:create_environment_hook('v4l2_camera', 'ld_library_path_lib')
[1.815s] INFO:colcon.colcon_core.shell:Creating environment hook '/home/mtrn/4231/liam_stuff/4231project/install/v4l2_camera/share/v4l2_camera/hook/ld_library_path_lib.ps1'
[1.816s] INFO:colcon.colcon_core.shell:Creating environment descriptor '/home/mtrn/4231/liam_stuff/4231project/install/v4l2_camera/share/v4l2_camera/hook/ld_library_path_lib.dsv'
[1.816s] INFO:colcon.colcon_core.shell:Creating environment hook '/home/mtrn/4231/liam_stuff/4231project/install/v4l2_camera/share/v4l2_camera/hook/ld_library_path_lib.sh'
[1.816s] Level 1:colcon.colcon_core.environment:checking '/home/mtrn/4231/liam_stuff/4231project/install/v4l2_camera/bin'
[1.816s] Level 1:colcon.colcon_core.environment:checking '/home/mtrn/4231/liam_stuff/4231project/install/v4l2_camera/lib/pkgconfig/v4l2_camera.pc'
[1.816s] Level 1:colcon.colcon_core.environment:checking '/home/mtrn/4231/liam_stuff/4231project/install/v4l2_camera/lib/python3.10/site-packages'
[1.817s] Level 1:colcon.colcon_core.environment:checking '/home/mtrn/4231/liam_stuff/4231project/install/v4l2_camera/bin'
[1.818s] INFO:colcon.colcon_core.shell:Creating package script '/home/mtrn/4231/liam_stuff/4231project/install/v4l2_camera/share/v4l2_camera/package.ps1'
[1.818s] INFO:colcon.colcon_core.shell:Creating package descriptor '/home/mtrn/4231/liam_stuff/4231project/install/v4l2_camera/share/v4l2_camera/package.dsv'
[1.818s] INFO:colcon.colcon_core.shell:Creating package script '/home/mtrn/4231/liam_stuff/4231project/install/v4l2_camera/share/v4l2_camera/package.sh'
[1.819s] INFO:colcon.colcon_core.shell:Creating package script '/home/mtrn/4231/liam_stuff/4231project/install/v4l2_camera/share/v4l2_camera/package.bash'
[1.820s] INFO:colcon.colcon_core.shell:Creating package script '/home/mtrn/4231/liam_stuff/4231project/install/v4l2_camera/share/v4l2_camera/package.zsh'
[1.820s] Level 1:colcon.colcon_core.environment:create_file_with_runtime_dependencies(/home/mtrn/4231/liam_stuff/4231project/install/v4l2_camera/share/colcon-core/packages/v4l2_camera)
[1.961s] Level 1:colcon.colcon_core.environment:checking '/home/mtrn/4231/liam_stuff/4231project/install/opencv_example' for CMake module files
[1.963s] DEBUG:colcon.colcon_core.event_handler.log_command:Invoked command in '/home/mtrn/4231/liam_stuff/4231project/src/opencv_example' returned '0': PYTHONPATH=/home/mtrn/4231/liam_stuff/4231project/build/opencv_example/prefix_override:/home/mtrn/4231/liam_stuff/4231project/install/opencv_example/lib/python3.10/site-packages:${PYTHONPATH} /usr/bin/python3 setup.py egg_info --egg-base ../../build/opencv_example build --build-base /home/mtrn/4231/liam_stuff/4231project/build/opencv_example/build install --record /home/mtrn/4231/liam_stuff/4231project/build/opencv_example/install.log --single-version-externally-managed
[1.964s] Level 1:colcon.colcon_core.environment:checking '/home/mtrn/4231/liam_stuff/4231project/install/opencv_example' for CMake config files
[1.965s] Level 1:colcon.colcon_core.environment:checking '/home/mtrn/4231/liam_stuff/4231project/install/opencv_example/lib'
[1.966s] Level 1:colcon.colcon_core.environment:checking '/home/mtrn/4231/liam_stuff/4231project/install/opencv_example/bin'
[1.966s] Level 1:colcon.colcon_core.environment:checking '/home/mtrn/4231/liam_stuff/4231project/install/opencv_example/lib/pkgconfig/opencv_example.pc'
[1.967s] Level 1:colcon.colcon_core.environment:checking '/home/mtrn/4231/liam_stuff/4231project/install/opencv_example/lib/python3.10/site-packages'
[1.968s] Level 1:colcon.colcon_core.shell:create_environment_hook('opencv_example', 'pythonpath')
[1.973s] INFO:colcon.colcon_core.shell:Creating environment hook '/home/mtrn/4231/liam_stuff/4231project/install/opencv_example/share/opencv_example/hook/pythonpath.ps1'
[1.974s] INFO:colcon.colcon_core.shell:Creating environment descriptor '/home/mtrn/4231/liam_stuff/4231project/install/opencv_example/share/opencv_example/hook/pythonpath.dsv'
[1.974s] INFO:colcon.colcon_core.shell:Creating environment hook '/home/mtrn/4231/liam_stuff/4231project/install/opencv_example/share/opencv_example/hook/pythonpath.sh'
[1.975s] Level 1:colcon.colcon_core.environment:checking '/home/mtrn/4231/liam_stuff/4231project/install/opencv_example/bin'
[1.975s] Level 1:colcon.colcon_core.environment:create_environment_scripts_only(opencv_example)
[1.979s] INFO:colcon.colcon_core.shell:Creating package script '/home/mtrn/4231/liam_stuff/4231project/install/opencv_example/share/opencv_example/package.ps1'
[1.980s] INFO:colcon.colcon_core.shell:Creating package descriptor '/home/mtrn/4231/liam_stuff/4231project/install/opencv_example/share/opencv_example/package.dsv'
[1.981s] INFO:colcon.colcon_core.shell:Creating package script '/home/mtrn/4231/liam_stuff/4231project/install/opencv_example/share/opencv_example/package.sh'
[1.982s] INFO:colcon.colcon_core.shell:Creating package script '/home/mtrn/4231/liam_stuff/4231project/install/opencv_example/share/opencv_example/package.bash'
[1.983s] INFO:colcon.colcon_core.shell:Creating package script '/home/mtrn/4231/liam_stuff/4231project/install/opencv_example/share/opencv_example/package.zsh'
[1.983s] Level 1:colcon.colcon_core.environment:create_file_with_runtime_dependencies(/home/mtrn/4231/liam_stuff/4231project/install/opencv_example/share/colcon-core/packages/opencv_example)
[1.988s] Level 1:colcon.colcon_core.environment:checking '/home/mtrn/4231/liam_stuff/4231project/install/my_package' for CMake module files
[1.989s] Level 1:colcon.colcon_core.environment:checking '/home/mtrn/4231/liam_stuff/4231project/install/my_package' for CMake config files
[1.990s] DEBUG:colcon.colcon_core.event_handler.log_command:Invoked command in '/home/mtrn/4231/liam_stuff/4231project/src/my_package' returned '0': PYTHONPATH=/home/mtrn/4231/liam_stuff/4231project/build/my_package/prefix_override:/home/mtrn/4231/liam_stuff/4231project/install/my_package/lib/python3.10/site-packages:${PYTHONPATH} /usr/bin/python3 setup.py egg_info --egg-base ../../build/my_package build --build-base /home/mtrn/4231/liam_stuff/4231project/build/my_package/build install --record /home/mtrn/4231/liam_stuff/4231project/build/my_package/install.log --single-version-externally-managed
[1.991s] Level 1:colcon.colcon_core.environment:checking '/home/mtrn/4231/liam_stuff/4231project/install/my_package/lib'
[1.991s] Level 1:colcon.colcon_core.environment:checking '/home/mtrn/4231/liam_stuff/4231project/install/my_package/bin'
[1.991s] Level 1:colcon.colcon_core.environment:checking '/home/mtrn/4231/liam_stuff/4231project/install/my_package/lib/pkgconfig/my_package.pc'
[1.991s] Level 1:colcon.colcon_core.environment:checking '/home/mtrn/4231/liam_stuff/4231project/install/my_package/lib/python3.10/site-packages'
[1.991s] Level 1:colcon.colcon_core.shell:create_environment_hook('my_package', 'pythonpath')
[1.993s] INFO:colcon.colcon_core.shell:Creating environment hook '/home/mtrn/4231/liam_stuff/4231project/install/my_package/share/my_package/hook/pythonpath.ps1'
[1.994s] INFO:colcon.colcon_core.shell:Creating environment descriptor '/home/mtrn/4231/liam_stuff/4231project/install/my_package/share/my_package/hook/pythonpath.dsv'
[1.994s] INFO:colcon.colcon_core.shell:Creating environment hook '/home/mtrn/4231/liam_stuff/4231project/install/my_package/share/my_package/hook/pythonpath.sh'
[1.995s] Level 1:colcon.colcon_core.environment:checking '/home/mtrn/4231/liam_stuff/4231project/install/my_package/bin'
[1.995s] Level 1:colcon.colcon_core.environment:create_environment_scripts_only(my_package)
[1.998s] INFO:colcon.colcon_core.shell:Creating package script '/home/mtrn/4231/liam_stuff/4231project/install/my_package/share/my_package/package.ps1'
[1.998s] INFO:colcon.colcon_core.shell:Creating package descriptor '/home/mtrn/4231/liam_stuff/4231project/install/my_package/share/my_package/package.dsv'
[1.999s] INFO:colcon.colcon_core.shell:Creating package script '/home/mtrn/4231/liam_stuff/4231project/install/my_package/share/my_package/package.sh'
[2.000s] INFO:colcon.colcon_core.shell:Creating package script '/home/mtrn/4231/liam_stuff/4231project/install/my_package/share/my_package/package.bash'
[2.000s] INFO:colcon.colcon_core.shell:Creating package script '/home/mtrn/4231/liam_stuff/4231project/install/my_package/share/my_package/package.zsh'
[2.000s] Level 1:colcon.colcon_core.environment:create_file_with_runtime_dependencies(/home/mtrn/4231/liam_stuff/4231project/install/my_package/share/colcon-core/packages/my_package)
[2.336s] Level 1:colcon.colcon_core.environment:create_environment_scripts_only(messages)
[2.341s] Level 1:colcon.colcon_core.environment:checking '/home/mtrn/4231/liam_stuff/4231project/install/messages' for CMake module files
[2.343s] Level 1:colcon.colcon_core.environment:checking '/home/mtrn/4231/liam_stuff/4231project/install/messages' for CMake config files
[2.344s] Level 1:colcon.colcon_core.shell:create_environment_hook('messages', 'cmake_prefix_path')
[2.346s] INFO:colcon.colcon_core.shell:Creating environment hook '/home/mtrn/4231/liam_stuff/4231project/install/messages/share/messages/hook/cmake_prefix_path.ps1'
[2.347s] INFO:colcon.colcon_core.shell:Creating environment descriptor '/home/mtrn/4231/liam_stuff/4231project/install/messages/share/messages/hook/cmake_prefix_path.dsv'
[2.347s] INFO:colcon.colcon_core.shell:Creating environment hook '/home/mtrn/4231/liam_stuff/4231project/install/messages/share/messages/hook/cmake_prefix_path.sh'
[2.348s] Level 1:colcon.colcon_core.environment:checking '/home/mtrn/4231/liam_stuff/4231project/install/messages/lib'
[2.349s] Level 1:colcon.colcon_core.shell:create_environment_hook('messages', 'ld_library_path_lib')
[2.351s] INFO:colcon.colcon_core.shell:Creating environment hook '/home/mtrn/4231/liam_stuff/4231project/install/messages/share/messages/hook/ld_library_path_lib.ps1'
[2.352s] INFO:colcon.colcon_core.shell:Creating environment descriptor '/home/mtrn/4231/liam_stuff/4231project/install/messages/share/messages/hook/ld_library_path_lib.dsv'
[2.352s] INFO:colcon.colcon_core.shell:Creating environment hook '/home/mtrn/4231/liam_stuff/4231project/install/messages/share/messages/hook/ld_library_path_lib.sh'
[2.353s] Level 1:colcon.colcon_core.environment:checking '/home/mtrn/4231/liam_stuff/4231project/install/messages/bin'
[2.353s] Level 1:colcon.colcon_core.environment:checking '/home/mtrn/4231/liam_stuff/4231project/install/messages/lib/pkgconfig/messages.pc'
[2.353s] Level 1:colcon.colcon_core.environment:checking '/home/mtrn/4231/liam_stuff/4231project/install/messages/lib/python3.10/site-packages'
[2.353s] Level 1:colcon.colcon_core.environment:checking '/home/mtrn/4231/liam_stuff/4231project/install/messages/bin'
[2.355s] INFO:colcon.colcon_core.shell:Creating package script '/home/mtrn/4231/liam_stuff/4231project/install/messages/share/messages/package.ps1'
[2.356s] INFO:colcon.colcon_core.shell:Creating package descriptor '/home/mtrn/4231/liam_stuff/4231project/install/messages/share/messages/package.dsv'
[2.356s] INFO:colcon.colcon_core.shell:Creating package script '/home/mtrn/4231/liam_stuff/4231project/install/messages/share/messages/package.sh'
[2.357s] INFO:colcon.colcon_core.shell:Creating package script '/home/mtrn/4231/liam_stuff/4231project/install/messages/share/messages/package.bash'
[2.357s] INFO:colcon.colcon_core.shell:Creating package script '/home/mtrn/4231/liam_stuff/4231project/install/messages/share/messages/package.zsh'
[2.358s] Level 1:colcon.colcon_core.environment:create_file_with_runtime_dependencies(/home/mtrn/4231/liam_stuff/4231project/install/messages/share/colcon-core/packages/messages)
[2.358s] DEBUG:colcon.colcon_parallel_executor.executor.parallel:closing loop
[2.359s] DEBUG:colcon.colcon_parallel_executor.executor.parallel:loop closed
[2.359s] DEBUG:colcon.colcon_parallel_executor.executor.parallel:run_until_complete finished with '0'
[2.359s] DEBUG:colcon.colcon_core.event_reactor:joining thread
[2.375s] INFO:colcon.colcon_core.plugin_system:Skipping extension 'colcon_notification.desktop_notification.terminal_notifier': Not used on non-Darwin systems
[2.375s] INFO:colcon.colcon_core.plugin_system:Skipping extension 'colcon_notification.desktop_notification.win32': Not used on non-Windows systems
[2.376s] INFO:colcon.colcon_notification.desktop_notification:Sending desktop notification using 'notify2'
[2.389s] DEBUG:colcon.colcon_core.event_reactor:joined thread
[2.392s] INFO:colcon.colcon_core.shell:Creating prefix script '/home/mtrn/4231/liam_stuff/4231project/install/local_setup.ps1'
[2.395s] INFO:colcon.colcon_core.shell:Creating prefix util module '/home/mtrn/4231/liam_stuff/4231project/install/_local_setup_util_ps1.py'
[2.398s] INFO:colcon.colcon_core.shell:Creating prefix chain script '/home/mtrn/4231/liam_stuff/4231project/install/setup.ps1'
[2.408s] INFO:colcon.colcon_core.shell:Creating prefix script '/home/mtrn/4231/liam_stuff/4231project/install/local_setup.sh'
[2.409s] INFO:colcon.colcon_core.shell:Creating prefix util module '/home/mtrn/4231/liam_stuff/4231project/install/_local_setup_util_sh.py'
[2.409s] INFO:colcon.colcon_core.shell:Creating prefix chain script '/home/mtrn/4231/liam_stuff/4231project/install/setup.sh'
[2.415s] INFO:colcon.colcon_core.shell:Creating prefix script '/home/mtrn/4231/liam_stuff/4231project/install/local_setup.bash'
[2.416s] INFO:colcon.colcon_core.shell:Creating prefix chain script '/home/mtrn/4231/liam_stuff/4231project/install/setup.bash'
[2.422s] INFO:colcon.colcon_core.shell:Creating prefix script '/home/mtrn/4231/liam_stuff/4231project/install/local_setup.zsh'
[2.423s] INFO:colcon.colcon_core.shell:Creating prefix chain script '/home/mtrn/4231/liam_stuff/4231project/install/setup.zsh'
