[0.185s] Invoking command in '/home/mtrn/4231/liam_stuff/4231project/build/ros2_aruco_interfaces': CMAKE_PREFIX_PATH=${CMAKE_PREFIX_PATH}:/home/mtrn/4231/liam_stuff/4231project/install/ros2_aruco:/home/mtrn/4231/liam_stuff/4231project/install/opencv_example:/home/mtrn/4231/liam_stuff/4231project/install/my_package:/home/mtrn/4231/ws_moveit2/install/moveit_configs_utils:/home/mtrn/4231/ws_moveit2/install/launch_param_builder:/opt/ros/humble /home/mtrn/.local/bin/cmake --build /home/mtrn/4231/liam_stuff/4231project/build/ros2_aruco_interfaces -- -j12 -l12
[1.015s] -- Found ament_cmake: 1.3.5 (/opt/ros/humble/share/ament_cmake/cmake)
[1.016s] -- Found geometry_msgs: 4.2.3 (/opt/ros/humble/share/geometry_msgs/cmake)
[1.017s] -- Found rosidl_generator_c: 3.1.5 (/opt/ros/humble/share/rosidl_generator_c/cmake)
[1.018s] -- Found rosidl_adapter: 3.1.5 (/opt/ros/humble/share/rosidl_adapter/cmake)
[1.021s] -- Found rosidl_generator_cpp: 3.1.5 (/opt/ros/humble/share/rosidl_generator_cpp/cmake)
[1.021s] -- Using all available rosidl_typesupport_c: rosidl_typesupport_fastrtps_c;rosidl_typesupport_introspection_c
[1.021s] -- Using all available rosidl_typesupport_cpp: rosidl_typesupport_fastrtps_cpp;rosidl_typesupport_introspection_cpp
[1.021s] -- Found rosidl_default_generators: 1.2.0 (/opt/ros/humble/share/rosidl_default_generators/cmake)
[1.022s] [0mCMake Error: The current CMakeCache.txt directory /home/mtrn/4231/liam_stuff/4231project/build/ros2_aruco_interfaces/CMakeCache.txt is different than the directory /home/mtrn/4231/liam_stuff/project_git/4231project/build/ros2_aruco_interfaces where CMakeCache.txt was created. This may result in binaries being created in the wrong place. If you are not sure, reedit the CMakeCache.txt[0m
[1.790s] -- Found ament_cmake_ros: 0.10.0 (/opt/ros/humble/share/ament_cmake_ros/cmake)
[3.297s] -- Using all available rosidl_typesupport_c: rosidl_typesupport_fastrtps_c;rosidl_typesupport_introspection_c
[3.869s] -- Using all available rosidl_typesupport_cpp: rosidl_typesupport_fastrtps_cpp;rosidl_typesupport_introspection_cpp
[3.872s] [33mCMake Warning (dev) at /opt/ros/humble/share/rosidl_generator_py/cmake/rosidl_generator_py_generate_interfaces.cmake:20 (find_package):
[3.872s]   Policy CMP0148 is not set: The FindPythonInterp and FindPythonLibs modules
[3.872s]   are removed.  Run "cmake --help-policy CMP0148" for policy details.  Use
[3.872s]   the cmake_policy command to set the policy and suppress this warning.
[3.872s] 
[3.872s] Call Stack (most recent call first):
[3.872s]   /opt/ros/humble/share/ament_cmake_core/cmake/core/ament_execute_extensions.cmake:48 (include)
[3.872s]   /opt/ros/humble/share/rosidl_cmake/cmake/rosidl_generate_interfaces.cmake:286 (ament_execute_extensions)
[3.872s]   CMakeLists.txt:28 (rosidl_generate_interfaces)
[3.872s] This warning is for project developers.  Use -Wno-dev to suppress it.
[3.872s] [0m
[3.908s] -- Found python_cmake_module: 0.10.0 (/opt/ros/humble/share/python_cmake_module/cmake)
[3.909s] [33mCMake Warning (dev) at /opt/ros/humble/share/python_cmake_module/cmake/Modules/FindPythonExtra.cmake:52 (find_package):
[3.909s]   Policy CMP0148 is not set: The FindPythonInterp and FindPythonLibs modules
[3.909s]   are removed.  Run "cmake --help-policy CMP0148" for policy details.  Use
[3.909s]   the cmake_policy command to set the policy and suppress this warning.
[3.909s] 
[3.909s] Call Stack (most recent call first):
[3.909s]   /opt/ros/humble/share/rosidl_generator_py/cmake/rosidl_generator_py_generate_interfaces.cmake:23 (find_package)
[3.909s]   /opt/ros/humble/share/ament_cmake_core/cmake/core/ament_execute_extensions.cmake:48 (include)
[3.909s]   /opt/ros/humble/share/rosidl_cmake/cmake/rosidl_generate_interfaces.cmake:286 (ament_execute_extensions)
[3.909s]   CMakeLists.txt:28 (rosidl_generate_interfaces)
[3.909s] This warning is for project developers.  Use -Wno-dev to suppress it.
[3.909s] [0m
[3.955s] [33mCMake Warning (dev) at /opt/ros/humble/share/python_cmake_module/cmake/Modules/FindPythonExtra.cmake:140 (find_package):
[3.955s]   Policy CMP0148 is not set: The FindPythonInterp and FindPythonLibs modules
[3.955s]   are removed.  Run "cmake --help-policy CMP0148" for policy details.  Use
[3.955s]   the cmake_policy command to set the policy and suppress this warning.
[3.955s] 
[3.956s] Call Stack (most recent call first):
[3.956s]   /opt/ros/humble/share/rosidl_generator_py/cmake/rosidl_generator_py_generate_interfaces.cmake:23 (find_package)
[3.956s]   /opt/ros/humble/share/ament_cmake_core/cmake/core/ament_execute_extensions.cmake:48 (include)
[3.956s]   /opt/ros/humble/share/rosidl_cmake/cmake/rosidl_generate_interfaces.cmake:286 (ament_execute_extensions)
[3.956s]   CMakeLists.txt:28 (rosidl_generate_interfaces)
[3.957s] This warning is for project developers.  Use -Wno-dev to suppress it.
[3.957s] [0m
[3.960s] -- Using PYTHON_EXECUTABLE: /usr/bin/python3
[3.960s] -- Using PYTHON_INCLUDE_DIRS: /usr/include/python3.10
[3.960s] -- Using PYTHON_LIBRARIES: /usr/lib/x86_64-linux-gnu/libpython3.10.so
[4.095s] -- Found ament_lint_auto: 0.12.7 (/opt/ros/humble/share/ament_lint_auto/cmake)
[4.107s] -- Added test 'copyright' to check source files copyright and LICENSE
[4.109s] -- Added test 'lint_cmake' to check CMake code style
[4.109s] -- Added test 'xmllint' to check XML markup files
[4.111s] -- Configuring done (3.8s)
[4.162s] -- Generating done (0.0s)
[4.167s] -- Build files have been written to: /home/mtrn/4231/liam_stuff/project_git/4231project/build/ros2_aruco_interfaces
[4.245s] [  3%] Built target ros2_aruco_interfaces__cpp
[4.245s] [ 12%] Built target ros2_aruco_interfaces__rosidl_generator_c
[4.254s] [ 12%] Built target ament_cmake_python_copy_ros2_aruco_interfaces
[4.281s] [ 22%] Built target ros2_aruco_interfaces__rosidl_typesupport_cpp
[4.284s] [ 32%] Built target ros2_aruco_interfaces__rosidl_typesupport_introspection_c
[4.286s] [ 41%] Built target ros2_aruco_interfaces__rosidl_typesupport_introspection_cpp
[4.295s] [ 51%] Built target ros2_aruco_interfaces__rosidl_typesupport_fastrtps_cpp
[4.297s] [ 61%] Built target ros2_aruco_interfaces__rosidl_typesupport_c
[4.302s] [ 70%] Built target ros2_aruco_interfaces__rosidl_typesupport_fastrtps_c
[4.337s] [ 70%] Built target ros2_aruco_interfaces
[4.382s] [ 74%] Built target ros2_aruco_interfaces__py
[4.430s] [ 80%] Built target ros2_aruco_interfaces__rosidl_generator_py
[4.467s] [ 87%] Built target ros2_aruco_interfaces__rosidl_typesupport_introspection_c__pyext
[4.471s] [ 93%] Built target ros2_aruco_interfaces__rosidl_typesupport_fastrtps_c__pyext
[4.474s] [100%] Built target ros2_aruco_interfaces__rosidl_typesupport_c__pyext
[4.575s] running egg_info
[4.576s] writing ros2_aruco_interfaces.egg-info/PKG-INFO
[4.576s] writing dependency_links to ros2_aruco_interfaces.egg-info/dependency_links.txt
[4.576s] writing top-level names to ros2_aruco_interfaces.egg-info/top_level.txt
[4.579s] reading manifest file 'ros2_aruco_interfaces.egg-info/SOURCES.txt'
[4.580s] writing manifest file 'ros2_aruco_interfaces.egg-info/SOURCES.txt'
[4.626s] [100%] Built target ament_cmake_python_build_ros2_aruco_interfaces_egg
[4.648s] Invoked command in '/home/mtrn/4231/liam_stuff/4231project/build/ros2_aruco_interfaces' returned '0': CMAKE_PREFIX_PATH=${CMAKE_PREFIX_PATH}:/home/mtrn/4231/liam_stuff/4231project/install/ros2_aruco:/home/mtrn/4231/liam_stuff/4231project/install/opencv_example:/home/mtrn/4231/liam_stuff/4231project/install/my_package:/home/mtrn/4231/ws_moveit2/install/moveit_configs_utils:/home/mtrn/4231/ws_moveit2/install/launch_param_builder:/opt/ros/humble /home/mtrn/.local/bin/cmake --build /home/mtrn/4231/liam_stuff/4231project/build/ros2_aruco_interfaces -- -j12 -l12
[5.213s] Invoking command in '/home/mtrn/4231/liam_stuff/4231project/build/ros2_aruco_interfaces': CMAKE_PREFIX_PATH=${CMAKE_PREFIX_PATH}:/home/mtrn/4231/liam_stuff/4231project/install/ros2_aruco:/home/mtrn/4231/liam_stuff/4231project/install/opencv_example:/home/mtrn/4231/liam_stuff/4231project/install/my_package:/home/mtrn/4231/ws_moveit2/install/moveit_configs_utils:/home/mtrn/4231/ws_moveit2/install/launch_param_builder:/opt/ros/humble /home/mtrn/.local/bin/cmake --install /home/mtrn/4231/liam_stuff/4231project/build/ros2_aruco_interfaces
[5.283s] -- Install configuration: ""
[5.284s] -- Up-to-date: /home/mtrn/4231/liam_stuff/project_git/4231project/install/ros2_aruco_interfaces/share/ament_index/resource_index/rosidl_interfaces/ros2_aruco_interfaces
[5.284s] -- Up-to-date: /home/mtrn/4231/liam_stuff/project_git/4231project/install/ros2_aruco_interfaces/include/ros2_aruco_interfaces/ros2_aruco_interfaces
[5.284s] -- Up-to-date: /home/mtrn/4231/liam_stuff/project_git/4231project/install/ros2_aruco_interfaces/include/ros2_aruco_interfaces/ros2_aruco_interfaces/msg
[5.284s] -- Up-to-date: /home/mtrn/4231/liam_stuff/project_git/4231project/install/ros2_aruco_interfaces/include/ros2_aruco_interfaces/ros2_aruco_interfaces/msg/rosidl_generator_c__visibility_control.h
[5.285s] -- Up-to-date: /home/mtrn/4231/liam_stuff/project_git/4231project/install/ros2_aruco_interfaces/include/ros2_aruco_interfaces/ros2_aruco_interfaces/msg/aruco_markers.h
[5.285s] -- Up-to-date: /home/mtrn/4231/liam_stuff/project_git/4231project/install/ros2_aruco_interfaces/include/ros2_aruco_interfaces/ros2_aruco_interfaces/msg/detail
[5.285s] -- Up-to-date: /home/mtrn/4231/liam_stuff/project_git/4231project/install/ros2_aruco_interfaces/include/ros2_aruco_interfaces/ros2_aruco_interfaces/msg/detail/aruco_markers__functions.c
[5.285s] -- Up-to-date: /home/mtrn/4231/liam_stuff/project_git/4231project/install/ros2_aruco_interfaces/include/ros2_aruco_interfaces/ros2_aruco_interfaces/msg/detail/aruco_markers__struct.h
[5.286s] -- Up-to-date: /home/mtrn/4231/liam_stuff/project_git/4231project/install/ros2_aruco_interfaces/include/ros2_aruco_interfaces/ros2_aruco_interfaces/msg/detail/aruco_markers__type_support.h
[5.286s] -- Up-to-date: /home/mtrn/4231/liam_stuff/project_git/4231project/install/ros2_aruco_interfaces/include/ros2_aruco_interfaces/ros2_aruco_interfaces/msg/detail/aruco_markers__functions.h
[5.286s] -- Up-to-date: /home/mtrn/4231/liam_stuff/project_git/4231project/install/ros2_aruco_interfaces/share/ros2_aruco_interfaces/environment/library_path.sh
[5.286s] -- Installing: /home/mtrn/4231/liam_stuff/project_git/4231project/install/ros2_aruco_interfaces/share/ros2_aruco_interfaces/environment/library_path.dsv
[5.287s] -- Up-to-date: /home/mtrn/4231/liam_stuff/project_git/4231project/install/ros2_aruco_interfaces/lib/libros2_aruco_interfaces__rosidl_generator_c.so
[5.287s] -- Up-to-date: /home/mtrn/4231/liam_stuff/project_git/4231project/install/ros2_aruco_interfaces/include/ros2_aruco_interfaces/ros2_aruco_interfaces
[5.287s] -- Up-to-date: /home/mtrn/4231/liam_stuff/project_git/4231project/install/ros2_aruco_interfaces/include/ros2_aruco_interfaces/ros2_aruco_interfaces/msg
[5.287s] -- Up-to-date: /home/mtrn/4231/liam_stuff/project_git/4231project/install/ros2_aruco_interfaces/include/ros2_aruco_interfaces/ros2_aruco_interfaces/msg/rosidl_typesupport_fastrtps_c__visibility_control.h
[5.288s] -- Up-to-date: /home/mtrn/4231/liam_stuff/project_git/4231project/install/ros2_aruco_interfaces/include/ros2_aruco_interfaces/ros2_aruco_interfaces/msg/detail
[5.288s] -- Up-to-date: /home/mtrn/4231/liam_stuff/project_git/4231project/install/ros2_aruco_interfaces/include/ros2_aruco_interfaces/ros2_aruco_interfaces/msg/detail/aruco_markers__rosidl_typesupport_fastrtps_c.h
[5.288s] -- Up-to-date: /home/mtrn/4231/liam_stuff/project_git/4231project/install/ros2_aruco_interfaces/lib/libros2_aruco_interfaces__rosidl_typesupport_fastrtps_c.so
[5.289s] -- Up-to-date: /home/mtrn/4231/liam_stuff/project_git/4231project/install/ros2_aruco_interfaces/include/ros2_aruco_interfaces/ros2_aruco_interfaces
[5.289s] -- Up-to-date: /home/mtrn/4231/liam_stuff/project_git/4231project/install/ros2_aruco_interfaces/include/ros2_aruco_interfaces/ros2_aruco_interfaces/msg
[5.289s] -- Up-to-date: /home/mtrn/4231/liam_stuff/project_git/4231project/install/ros2_aruco_interfaces/include/ros2_aruco_interfaces/ros2_aruco_interfaces/msg/aruco_markers.hpp
[5.289s] -- Up-to-date: /home/mtrn/4231/liam_stuff/project_git/4231project/install/ros2_aruco_interfaces/include/ros2_aruco_interfaces/ros2_aruco_interfaces/msg/detail
[5.290s] -- Up-to-date: /home/mtrn/4231/liam_stuff/project_git/4231project/install/ros2_aruco_interfaces/include/ros2_aruco_interfaces/ros2_aruco_interfaces/msg/detail/aruco_markers__traits.hpp
[5.290s] -- Up-to-date: /home/mtrn/4231/liam_stuff/project_git/4231project/install/ros2_aruco_interfaces/include/ros2_aruco_interfaces/ros2_aruco_interfaces/msg/detail/aruco_markers__struct.hpp
[5.290s] -- Up-to-date: /home/mtrn/4231/liam_stuff/project_git/4231project/install/ros2_aruco_interfaces/include/ros2_aruco_interfaces/ros2_aruco_interfaces/msg/detail/aruco_markers__builder.hpp
[5.291s] -- Up-to-date: /home/mtrn/4231/liam_stuff/project_git/4231project/install/ros2_aruco_interfaces/include/ros2_aruco_interfaces/ros2_aruco_interfaces
[5.291s] -- Up-to-date: /home/mtrn/4231/liam_stuff/project_git/4231project/install/ros2_aruco_interfaces/include/ros2_aruco_interfaces/ros2_aruco_interfaces/msg
[5.291s] -- Up-to-date: /home/mtrn/4231/liam_stuff/project_git/4231project/install/ros2_aruco_interfaces/include/ros2_aruco_interfaces/ros2_aruco_interfaces/msg/rosidl_typesupport_fastrtps_cpp__visibility_control.h
[5.292s] -- Up-to-date: /home/mtrn/4231/liam_stuff/project_git/4231project/install/ros2_aruco_interfaces/include/ros2_aruco_interfaces/ros2_aruco_interfaces/msg/detail
[5.292s] -- Up-to-date: /home/mtrn/4231/liam_stuff/project_git/4231project/install/ros2_aruco_interfaces/include/ros2_aruco_interfaces/ros2_aruco_interfaces/msg/detail/dds_fastrtps
[5.292s] -- Up-to-date: /home/mtrn/4231/liam_stuff/project_git/4231project/install/ros2_aruco_interfaces/include/ros2_aruco_interfaces/ros2_aruco_interfaces/msg/detail/aruco_markers__rosidl_typesupport_fastrtps_cpp.hpp
[5.292s] -- Up-to-date: /home/mtrn/4231/liam_stuff/project_git/4231project/install/ros2_aruco_interfaces/lib/libros2_aruco_interfaces__rosidl_typesupport_fastrtps_cpp.so
[5.293s] -- Up-to-date: /home/mtrn/4231/liam_stuff/project_git/4231project/install/ros2_aruco_interfaces/include/ros2_aruco_interfaces/ros2_aruco_interfaces
[5.293s] -- Up-to-date: /home/mtrn/4231/liam_stuff/project_git/4231project/install/ros2_aruco_interfaces/include/ros2_aruco_interfaces/ros2_aruco_interfaces/msg
[5.293s] -- Up-to-date: /home/mtrn/4231/liam_stuff/project_git/4231project/install/ros2_aruco_interfaces/include/ros2_aruco_interfaces/ros2_aruco_interfaces/msg/rosidl_typesupport_introspection_c__visibility_control.h
[5.294s] -- Up-to-date: /home/mtrn/4231/liam_stuff/project_git/4231project/install/ros2_aruco_interfaces/include/ros2_aruco_interfaces/ros2_aruco_interfaces/msg/detail
[5.294s] -- Up-to-date: /home/mtrn/4231/liam_stuff/project_git/4231project/install/ros2_aruco_interfaces/include/ros2_aruco_interfaces/ros2_aruco_interfaces/msg/detail/aruco_markers__rosidl_typesupport_introspection_c.h
[5.294s] -- Up-to-date: /home/mtrn/4231/liam_stuff/project_git/4231project/install/ros2_aruco_interfaces/include/ros2_aruco_interfaces/ros2_aruco_interfaces/msg/detail/aruco_markers__type_support.c
[5.294s] -- Up-to-date: /home/mtrn/4231/liam_stuff/project_git/4231project/install/ros2_aruco_interfaces/lib/libros2_aruco_interfaces__rosidl_typesupport_introspection_c.so
[5.294s] -- Up-to-date: /home/mtrn/4231/liam_stuff/project_git/4231project/install/ros2_aruco_interfaces/lib/libros2_aruco_interfaces__rosidl_typesupport_c.so
[5.295s] -- Up-to-date: /home/mtrn/4231/liam_stuff/project_git/4231project/install/ros2_aruco_interfaces/include/ros2_aruco_interfaces/ros2_aruco_interfaces
[5.295s] -- Up-to-date: /home/mtrn/4231/liam_stuff/project_git/4231project/install/ros2_aruco_interfaces/include/ros2_aruco_interfaces/ros2_aruco_interfaces/msg
[5.295s] -- Up-to-date: /home/mtrn/4231/liam_stuff/project_git/4231project/install/ros2_aruco_interfaces/include/ros2_aruco_interfaces/ros2_aruco_interfaces/msg/detail
[5.295s] -- Up-to-date: /home/mtrn/4231/liam_stuff/project_git/4231project/install/ros2_aruco_interfaces/include/ros2_aruco_interfaces/ros2_aruco_interfaces/msg/detail/aruco_markers__type_support.cpp
[5.295s] -- Up-to-date: /home/mtrn/4231/liam_stuff/project_git/4231project/install/ros2_aruco_interfaces/include/ros2_aruco_interfaces/ros2_aruco_interfaces/msg/detail/aruco_markers__rosidl_typesupport_introspection_cpp.hpp
[5.296s] -- Up-to-date: /home/mtrn/4231/liam_stuff/project_git/4231project/install/ros2_aruco_interfaces/lib/libros2_aruco_interfaces__rosidl_typesupport_introspection_cpp.so
[5.296s] -- Up-to-date: /home/mtrn/4231/liam_stuff/project_git/4231project/install/ros2_aruco_interfaces/lib/libros2_aruco_interfaces__rosidl_typesupport_cpp.so
[5.296s] -- Up-to-date: /home/mtrn/4231/liam_stuff/project_git/4231project/install/ros2_aruco_interfaces/share/ros2_aruco_interfaces/environment/pythonpath.sh
[5.296s] -- Installing: /home/mtrn/4231/liam_stuff/project_git/4231project/install/ros2_aruco_interfaces/share/ros2_aruco_interfaces/environment/pythonpath.dsv
[5.296s] -- Up-to-date: /home/mtrn/4231/liam_stuff/project_git/4231project/install/ros2_aruco_interfaces/local/lib/python3.10/dist-packages/ros2_aruco_interfaces-0.1.0-py3.10.egg-info
[5.297s] -- Installing: /home/mtrn/4231/liam_stuff/project_git/4231project/install/ros2_aruco_interfaces/local/lib/python3.10/dist-packages/ros2_aruco_interfaces-0.1.0-py3.10.egg-info/SOURCES.txt
[5.297s] -- Installing: /home/mtrn/4231/liam_stuff/project_git/4231project/install/ros2_aruco_interfaces/local/lib/python3.10/dist-packages/ros2_aruco_interfaces-0.1.0-py3.10.egg-info/dependency_links.txt
[5.297s] -- Installing: /home/mtrn/4231/liam_stuff/project_git/4231project/install/ros2_aruco_interfaces/local/lib/python3.10/dist-packages/ros2_aruco_interfaces-0.1.0-py3.10.egg-info/PKG-INFO
[5.297s] -- Installing: /home/mtrn/4231/liam_stuff/project_git/4231project/install/ros2_aruco_interfaces/local/lib/python3.10/dist-packages/ros2_aruco_interfaces-0.1.0-py3.10.egg-info/top_level.txt
[5.297s] -- Up-to-date: /home/mtrn/4231/liam_stuff/project_git/4231project/install/ros2_aruco_interfaces/local/lib/python3.10/dist-packages/ros2_aruco_interfaces
[5.298s] -- Up-to-date: /home/mtrn/4231/liam_stuff/project_git/4231project/install/ros2_aruco_interfaces/local/lib/python3.10/dist-packages/ros2_aruco_interfaces/ros2_aruco_interfaces_s__rosidl_typesupport_introspection_c.cpython-310-x86_64-linux-gnu.so
[5.298s] -- Up-to-date: /home/mtrn/4231/liam_stuff/project_git/4231project/install/ros2_aruco_interfaces/local/lib/python3.10/dist-packages/ros2_aruco_interfaces/_ros2_aruco_interfaces_s.ep.rosidl_typesupport_introspection_c.c
[5.298s] -- Up-to-date: /home/mtrn/4231/liam_stuff/project_git/4231project/install/ros2_aruco_interfaces/local/lib/python3.10/dist-packages/ros2_aruco_interfaces/_ros2_aruco_interfaces_s.ep.rosidl_typesupport_fastrtps_c.c
[5.298s] -- Installing: /home/mtrn/4231/liam_stuff/project_git/4231project/install/ros2_aruco_interfaces/local/lib/python3.10/dist-packages/ros2_aruco_interfaces/__init__.py
[5.298s] -- Up-to-date: /home/mtrn/4231/liam_stuff/project_git/4231project/install/ros2_aruco_interfaces/local/lib/python3.10/dist-packages/ros2_aruco_interfaces/ros2_aruco_interfaces_s__rosidl_typesupport_fastrtps_c.cpython-310-x86_64-linux-gnu.so
[5.298s] -- Up-to-date: /home/mtrn/4231/liam_stuff/project_git/4231project/install/ros2_aruco_interfaces/local/lib/python3.10/dist-packages/ros2_aruco_interfaces/msg
[5.299s] -- Up-to-date: /home/mtrn/4231/liam_stuff/project_git/4231project/install/ros2_aruco_interfaces/local/lib/python3.10/dist-packages/ros2_aruco_interfaces/msg/__init__.py
[5.299s] -- Up-to-date: /home/mtrn/4231/liam_stuff/project_git/4231project/install/ros2_aruco_interfaces/local/lib/python3.10/dist-packages/ros2_aruco_interfaces/msg/_aruco_markers_s.c
[5.299s] -- Up-to-date: /home/mtrn/4231/liam_stuff/project_git/4231project/install/ros2_aruco_interfaces/local/lib/python3.10/dist-packages/ros2_aruco_interfaces/msg/_aruco_markers.py
[5.299s] -- Up-to-date: /home/mtrn/4231/liam_stuff/project_git/4231project/install/ros2_aruco_interfaces/local/lib/python3.10/dist-packages/ros2_aruco_interfaces/_ros2_aruco_interfaces_s.ep.rosidl_typesupport_c.c
[5.299s] -- Up-to-date: /home/mtrn/4231/liam_stuff/project_git/4231project/install/ros2_aruco_interfaces/local/lib/python3.10/dist-packages/ros2_aruco_interfaces/ros2_aruco_interfaces_s__rosidl_typesupport_c.cpython-310-x86_64-linux-gnu.so
[5.299s] -- Up-to-date: /home/mtrn/4231/liam_stuff/project_git/4231project/install/ros2_aruco_interfaces/local/lib/python3.10/dist-packages/ros2_aruco_interfaces/libros2_aruco_interfaces__rosidl_generator_py.so
[5.349s] Listing '/home/mtrn/4231/liam_stuff/project_git/4231project/install/ros2_aruco_interfaces/local/lib/python3.10/dist-packages/ros2_aruco_interfaces'...
[5.349s] Compiling '/home/mtrn/4231/liam_stuff/project_git/4231project/install/ros2_aruco_interfaces/local/lib/python3.10/dist-packages/ros2_aruco_interfaces/__init__.py'...
[5.349s] Listing '/home/mtrn/4231/liam_stuff/project_git/4231project/install/ros2_aruco_interfaces/local/lib/python3.10/dist-packages/ros2_aruco_interfaces/msg'...
[5.363s] -- Up-to-date: /home/mtrn/4231/liam_stuff/project_git/4231project/install/ros2_aruco_interfaces/local/lib/python3.10/dist-packages/ros2_aruco_interfaces/ros2_aruco_interfaces_s__rosidl_typesupport_fastrtps_c.cpython-310-x86_64-linux-gnu.so
[5.363s] -- Up-to-date: /home/mtrn/4231/liam_stuff/project_git/4231project/install/ros2_aruco_interfaces/local/lib/python3.10/dist-packages/ros2_aruco_interfaces/ros2_aruco_interfaces_s__rosidl_typesupport_introspection_c.cpython-310-x86_64-linux-gnu.so
[5.365s] -- Up-to-date: /home/mtrn/4231/liam_stuff/project_git/4231project/install/ros2_aruco_interfaces/local/lib/python3.10/dist-packages/ros2_aruco_interfaces/ros2_aruco_interfaces_s__rosidl_typesupport_c.cpython-310-x86_64-linux-gnu.so
[5.366s] -- Up-to-date: /home/mtrn/4231/liam_stuff/project_git/4231project/install/ros2_aruco_interfaces/lib/libros2_aruco_interfaces__rosidl_generator_py.so
[5.367s] -- Up-to-date: /home/mtrn/4231/liam_stuff/project_git/4231project/install/ros2_aruco_interfaces/share/ros2_aruco_interfaces/msg/ArucoMarkers.idl
[5.369s] -- Up-to-date: /home/mtrn/4231/liam_stuff/project_git/4231project/install/ros2_aruco_interfaces/share/ros2_aruco_interfaces/msg/ArucoMarkers.msg
[5.369s] -- Up-to-date: /home/mtrn/4231/liam_stuff/project_git/4231project/install/ros2_aruco_interfaces/share/ament_index/resource_index/package_run_dependencies/ros2_aruco_interfaces
[5.370s] -- Up-to-date: /home/mtrn/4231/liam_stuff/project_git/4231project/install/ros2_aruco_interfaces/share/ament_index/resource_index/parent_prefix_path/ros2_aruco_interfaces
[5.370s] -- Up-to-date: /home/mtrn/4231/liam_stuff/project_git/4231project/install/ros2_aruco_interfaces/share/ros2_aruco_interfaces/environment/ament_prefix_path.sh
[5.370s] -- Installing: /home/mtrn/4231/liam_stuff/project_git/4231project/install/ros2_aruco_interfaces/share/ros2_aruco_interfaces/environment/ament_prefix_path.dsv
[5.370s] -- Up-to-date: /home/mtrn/4231/liam_stuff/project_git/4231project/install/ros2_aruco_interfaces/share/ros2_aruco_interfaces/environment/path.sh
[5.370s] -- Installing: /home/mtrn/4231/liam_stuff/project_git/4231project/install/ros2_aruco_interfaces/share/ros2_aruco_interfaces/environment/path.dsv
[5.370s] -- Up-to-date: /home/mtrn/4231/liam_stuff/project_git/4231project/install/ros2_aruco_interfaces/share/ros2_aruco_interfaces/local_setup.bash
[5.371s] -- Up-to-date: /home/mtrn/4231/liam_stuff/project_git/4231project/install/ros2_aruco_interfaces/share/ros2_aruco_interfaces/local_setup.sh
[5.371s] -- Up-to-date: /home/mtrn/4231/liam_stuff/project_git/4231project/install/ros2_aruco_interfaces/share/ros2_aruco_interfaces/local_setup.zsh
[5.371s] -- Installing: /home/mtrn/4231/liam_stuff/project_git/4231project/install/ros2_aruco_interfaces/share/ros2_aruco_interfaces/local_setup.dsv
[5.371s] -- Installing: /home/mtrn/4231/liam_stuff/project_git/4231project/install/ros2_aruco_interfaces/share/ros2_aruco_interfaces/package.dsv
[5.371s] -- Up-to-date: /home/mtrn/4231/liam_stuff/project_git/4231project/install/ros2_aruco_interfaces/share/ament_index/resource_index/packages/ros2_aruco_interfaces
[5.372s] -- Up-to-date: /home/mtrn/4231/liam_stuff/project_git/4231project/install/ros2_aruco_interfaces/share/ros2_aruco_interfaces/cmake/export_ros2_aruco_interfaces__rosidl_generator_cExport.cmake
[5.372s] -- Up-to-date: /home/mtrn/4231/liam_stuff/project_git/4231project/install/ros2_aruco_interfaces/share/ros2_aruco_interfaces/cmake/export_ros2_aruco_interfaces__rosidl_generator_cExport-noconfig.cmake
[5.372s] -- Up-to-date: /home/mtrn/4231/liam_stuff/project_git/4231project/install/ros2_aruco_interfaces/share/ros2_aruco_interfaces/cmake/export_ros2_aruco_interfaces__rosidl_typesupport_fastrtps_cExport.cmake
[5.372s] -- Up-to-date: /home/mtrn/4231/liam_stuff/project_git/4231project/install/ros2_aruco_interfaces/share/ros2_aruco_interfaces/cmake/export_ros2_aruco_interfaces__rosidl_typesupport_fastrtps_cExport-noconfig.cmake
[5.372s] -- Up-to-date: /home/mtrn/4231/liam_stuff/project_git/4231project/install/ros2_aruco_interfaces/share/ros2_aruco_interfaces/cmake/export_ros2_aruco_interfaces__rosidl_generator_cppExport.cmake
[5.373s] -- Up-to-date: /home/mtrn/4231/liam_stuff/project_git/4231project/install/ros2_aruco_interfaces/share/ros2_aruco_interfaces/cmake/export_ros2_aruco_interfaces__rosidl_typesupport_fastrtps_cppExport.cmake
[5.373s] -- Up-to-date: /home/mtrn/4231/liam_stuff/project_git/4231project/install/ros2_aruco_interfaces/share/ros2_aruco_interfaces/cmake/export_ros2_aruco_interfaces__rosidl_typesupport_fastrtps_cppExport-noconfig.cmake
[5.373s] -- Up-to-date: /home/mtrn/4231/liam_stuff/project_git/4231project/install/ros2_aruco_interfaces/share/ros2_aruco_interfaces/cmake/ros2_aruco_interfaces__rosidl_typesupport_introspection_cExport.cmake
[5.373s] -- Up-to-date: /home/mtrn/4231/liam_stuff/project_git/4231project/install/ros2_aruco_interfaces/share/ros2_aruco_interfaces/cmake/ros2_aruco_interfaces__rosidl_typesupport_introspection_cExport-noconfig.cmake
[5.373s] -- Up-to-date: /home/mtrn/4231/liam_stuff/project_git/4231project/install/ros2_aruco_interfaces/share/ros2_aruco_interfaces/cmake/ros2_aruco_interfaces__rosidl_typesupport_cExport.cmake
[5.374s] -- Up-to-date: /home/mtrn/4231/liam_stuff/project_git/4231project/install/ros2_aruco_interfaces/share/ros2_aruco_interfaces/cmake/ros2_aruco_interfaces__rosidl_typesupport_cExport-noconfig.cmake
[5.374s] -- Up-to-date: /home/mtrn/4231/liam_stuff/project_git/4231project/install/ros2_aruco_interfaces/share/ros2_aruco_interfaces/cmake/ros2_aruco_interfaces__rosidl_typesupport_introspection_cppExport.cmake
[5.374s] -- Up-to-date: /home/mtrn/4231/liam_stuff/project_git/4231project/install/ros2_aruco_interfaces/share/ros2_aruco_interfaces/cmake/ros2_aruco_interfaces__rosidl_typesupport_introspection_cppExport-noconfig.cmake
[5.374s] -- Up-to-date: /home/mtrn/4231/liam_stuff/project_git/4231project/install/ros2_aruco_interfaces/share/ros2_aruco_interfaces/cmake/ros2_aruco_interfaces__rosidl_typesupport_cppExport.cmake
[5.374s] -- Up-to-date: /home/mtrn/4231/liam_stuff/project_git/4231project/install/ros2_aruco_interfaces/share/ros2_aruco_interfaces/cmake/ros2_aruco_interfaces__rosidl_typesupport_cppExport-noconfig.cmake
[5.374s] -- Up-to-date: /home/mtrn/4231/liam_stuff/project_git/4231project/install/ros2_aruco_interfaces/share/ros2_aruco_interfaces/cmake/export_ros2_aruco_interfaces__rosidl_generator_pyExport.cmake
[5.375s] -- Up-to-date: /home/mtrn/4231/liam_stuff/project_git/4231project/install/ros2_aruco_interfaces/share/ros2_aruco_interfaces/cmake/export_ros2_aruco_interfaces__rosidl_generator_pyExport-noconfig.cmake
[5.375s] -- Up-to-date: /home/mtrn/4231/liam_stuff/project_git/4231project/install/ros2_aruco_interfaces/share/ros2_aruco_interfaces/cmake/rosidl_cmake-extras.cmake
[5.375s] -- Up-to-date: /home/mtrn/4231/liam_stuff/project_git/4231project/install/ros2_aruco_interfaces/share/ros2_aruco_interfaces/cmake/ament_cmake_export_dependencies-extras.cmake
[5.375s] -- Up-to-date: /home/mtrn/4231/liam_stuff/project_git/4231project/install/ros2_aruco_interfaces/share/ros2_aruco_interfaces/cmake/ament_cmake_export_include_directories-extras.cmake
[5.375s] -- Up-to-date: /home/mtrn/4231/liam_stuff/project_git/4231project/install/ros2_aruco_interfaces/share/ros2_aruco_interfaces/cmake/ament_cmake_export_libraries-extras.cmake
[5.375s] -- Up-to-date: /home/mtrn/4231/liam_stuff/project_git/4231project/install/ros2_aruco_interfaces/share/ros2_aruco_interfaces/cmake/ament_cmake_export_targets-extras.cmake
[5.375s] -- Up-to-date: /home/mtrn/4231/liam_stuff/project_git/4231project/install/ros2_aruco_interfaces/share/ros2_aruco_interfaces/cmake/rosidl_cmake_export_typesupport_targets-extras.cmake
[5.376s] -- Up-to-date: /home/mtrn/4231/liam_stuff/project_git/4231project/install/ros2_aruco_interfaces/share/ros2_aruco_interfaces/cmake/rosidl_cmake_export_typesupport_libraries-extras.cmake
[5.376s] -- Up-to-date: /home/mtrn/4231/liam_stuff/project_git/4231project/install/ros2_aruco_interfaces/share/ros2_aruco_interfaces/cmake/ros2_aruco_interfacesConfig.cmake
[5.376s] -- Up-to-date: /home/mtrn/4231/liam_stuff/project_git/4231project/install/ros2_aruco_interfaces/share/ros2_aruco_interfaces/cmake/ros2_aruco_interfacesConfig-version.cmake
[5.376s] -- Up-to-date: /home/mtrn/4231/liam_stuff/project_git/4231project/install/ros2_aruco_interfaces/share/ros2_aruco_interfaces/package.xml
[5.393s] Invoked command in '/home/mtrn/4231/liam_stuff/4231project/build/ros2_aruco_interfaces' returned '0': CMAKE_PREFIX_PATH=${CMAKE_PREFIX_PATH}:/home/mtrn/4231/liam_stuff/4231project/install/ros2_aruco:/home/mtrn/4231/liam_stuff/4231project/install/opencv_example:/home/mtrn/4231/liam_stuff/4231project/install/my_package:/home/mtrn/4231/ws_moveit2/install/moveit_configs_utils:/home/mtrn/4231/ws_moveit2/install/launch_param_builder:/opt/ros/humble /home/mtrn/.local/bin/cmake --install /home/mtrn/4231/liam_stuff/4231project/build/ros2_aruco_interfaces
