[1.129s] DEBUG:colcon:Command line arguments: ['/usr/bin/colcon', 'build']
[1.129s] DEBUG:colcon:Parsed command line arguments: Namespace(log_base=None, log_level=None, verb_name='build', build_base='build', install_base='install', merge_install=False, symlink_install=False, test_result_base=None, continue_on_error=False, executor='parallel', parallel_workers=4, event_handlers=None, ignore_user_meta=False, metas=['./colcon.meta'], base_paths=['.'], packages_ignore=None, packages_ignore_regex=None, paths=None, packages_up_to=None, packages_up_to_regex=None, packages_above=None, packages_above_and_dependencies=None, packages_above_depth=None, packages_select_by_dep=None, packages_skip_by_dep=None, packages_skip_up_to=None, packages_select_build_failed=False, packages_skip_build_finished=False, packages_select_test_failures=False, packages_skip_test_passed=False, packages_select=None, packages_skip=None, packages_select_regex=None, packages_skip_regex=None, packages_start=None, packages_end=None, allow_overriding=[], cmake_args=None, cmake_target=None, cmake_target_skip_unavailable=False, cmake_clean_cache=False, cmake_clean_first=False, cmake_force_configure=False, ament_cmake_args=None, catkin_cmake_args=None, catkin_skip_building_tests=False, mixin_files=None, mixin=None, verb_parser=<colcon_mixin.mixin.mixin_argument.MixinArgumentDecorator object at 0x7f894811ce80>, verb_extension=<colcon_core.verb.build.BuildVerb object at 0x7f8948ae7760>, main=<bound method BuildVerb.main of <colcon_core.verb.build.BuildVerb object at 0x7f8948ae7760>>, mixin_verb=('build',))
[1.225s] Level 1:colcon.colcon_core.package_discovery:discover_packages(colcon_meta) check parameters
[1.225s] Level 1:colcon.colcon_core.package_discovery:discover_packages(recursive) check parameters
[1.225s] Level 1:colcon.colcon_core.package_discovery:discover_packages(ignore) check parameters
[1.225s] Level 1:colcon.colcon_core.package_discovery:discover_packages(path) check parameters
[1.225s] Level 1:colcon.colcon_core.package_discovery:discover_packages(colcon_meta) discover
[1.225s] Level 1:colcon.colcon_core.package_discovery:discover_packages(recursive) discover
[1.225s] INFO:colcon.colcon_core.package_discovery:Crawling recursively for packages in '/home/mtrn/4231/project_workspace'
[1.225s] Level 1:colcon.colcon_core.package_identification:_identify(.) by extensions ['ignore', 'ignore_ament_install']
[1.225s] Level 1:colcon.colcon_core.package_identification:_identify(.) by extension 'ignore'
[1.225s] Level 1:colcon.colcon_core.package_identification:_identify(.) by extension 'ignore_ament_install'
[1.226s] Level 1:colcon.colcon_core.package_identification:_identify(.) by extensions ['colcon_pkg']
[1.226s] Level 1:colcon.colcon_core.package_identification:_identify(.) by extension 'colcon_pkg'
[1.226s] Level 1:colcon.colcon_core.package_identification:_identify(.) by extensions ['colcon_meta']
[1.226s] Level 1:colcon.colcon_core.package_identification:_identify(.) by extension 'colcon_meta'
[1.226s] Level 1:colcon.colcon_core.package_identification:_identify(.) by extensions ['ros']
[1.226s] Level 1:colcon.colcon_core.package_identification:_identify(.) by extension 'ros'
[1.244s] Level 1:colcon.colcon_core.package_identification:_identify(.) by extensions ['cmake', 'python']
[1.244s] Level 1:colcon.colcon_core.package_identification:_identify(.) by extension 'cmake'
[1.244s] Level 1:colcon.colcon_core.package_identification:_identify(.) by extension 'python'
[1.244s] Level 1:colcon.colcon_core.package_identification:_identify(.) by extensions ['python_setup_py']
[1.244s] Level 1:colcon.colcon_core.package_identification:_identify(.) by extension 'python_setup_py'
[1.244s] Level 1:colcon.colcon_core.package_identification:_identify(build) by extensions ['ignore', 'ignore_ament_install']
[1.244s] Level 1:colcon.colcon_core.package_identification:_identify(build) by extension 'ignore'
[1.244s] Level 1:colcon.colcon_core.package_identification:_identify(build) ignored
[1.244s] Level 1:colcon.colcon_core.package_identification:_identify(install) by extensions ['ignore', 'ignore_ament_install']
[1.245s] Level 1:colcon.colcon_core.package_identification:_identify(install) by extension 'ignore'
[1.245s] Level 1:colcon.colcon_core.package_identification:_identify(install) ignored
[1.245s] Level 1:colcon.colcon_core.package_identification:_identify(log) by extensions ['ignore', 'ignore_ament_install']
[1.245s] Level 1:colcon.colcon_core.package_identification:_identify(log) by extension 'ignore'
[1.245s] Level 1:colcon.colcon_core.package_identification:_identify(log) ignored
[1.245s] Level 1:colcon.colcon_core.package_identification:_identify(src) by extensions ['ignore', 'ignore_ament_install']
[1.245s] Level 1:colcon.colcon_core.package_identification:_identify(src) by extension 'ignore'
[1.245s] Level 1:colcon.colcon_core.package_identification:_identify(src) by extension 'ignore_ament_install'
[1.245s] Level 1:colcon.colcon_core.package_identification:_identify(src) by extensions ['colcon_pkg']
[1.245s] Level 1:colcon.colcon_core.package_identification:_identify(src) by extension 'colcon_pkg'
[1.245s] Level 1:colcon.colcon_core.package_identification:_identify(src) by extensions ['colcon_meta']
[1.245s] Level 1:colcon.colcon_core.package_identification:_identify(src) by extension 'colcon_meta'
[1.245s] Level 1:colcon.colcon_core.package_identification:_identify(src) by extensions ['ros']
[1.245s] Level 1:colcon.colcon_core.package_identification:_identify(src) by extension 'ros'
[1.245s] Level 1:colcon.colcon_core.package_identification:_identify(src) by extensions ['cmake', 'python']
[1.245s] Level 1:colcon.colcon_core.package_identification:_identify(src) by extension 'cmake'
[1.245s] Level 1:colcon.colcon_core.package_identification:_identify(src) by extension 'python'
[1.246s] Level 1:colcon.colcon_core.package_identification:_identify(src) by extensions ['python_setup_py']
[1.246s] Level 1:colcon.colcon_core.package_identification:_identify(src) by extension 'python_setup_py'
[1.246s] Level 1:colcon.colcon_core.package_identification:_identify(src/my_package) by extensions ['ignore', 'ignore_ament_install']
[1.246s] Level 1:colcon.colcon_core.package_identification:_identify(src/my_package) by extension 'ignore'
[1.246s] Level 1:colcon.colcon_core.package_identification:_identify(src/my_package) by extension 'ignore_ament_install'
[1.246s] Level 1:colcon.colcon_core.package_identification:_identify(src/my_package) by extensions ['colcon_pkg']
[1.246s] Level 1:colcon.colcon_core.package_identification:_identify(src/my_package) by extension 'colcon_pkg'
[1.246s] Level 1:colcon.colcon_core.package_identification:_identify(src/my_package) by extensions ['colcon_meta']
[1.246s] Level 1:colcon.colcon_core.package_identification:_identify(src/my_package) by extension 'colcon_meta'
[1.246s] Level 1:colcon.colcon_core.package_identification:_identify(src/my_package) by extensions ['ros']
[1.246s] Level 1:colcon.colcon_core.package_identification:_identify(src/my_package) by extension 'ros'
[1.253s] DEBUG:colcon.colcon_core.package_identification:Package 'src/my_package' with type 'ros.ament_python' and name 'my_package'
[1.253s] Level 1:colcon.colcon_core.package_identification:_identify(src/opencv_example) by extensions ['ignore', 'ignore_ament_install']
[1.253s] Level 1:colcon.colcon_core.package_identification:_identify(src/opencv_example) by extension 'ignore'
[1.253s] Level 1:colcon.colcon_core.package_identification:_identify(src/opencv_example) by extension 'ignore_ament_install'
[1.253s] Level 1:colcon.colcon_core.package_identification:_identify(src/opencv_example) by extensions ['colcon_pkg']
[1.253s] Level 1:colcon.colcon_core.package_identification:_identify(src/opencv_example) by extension 'colcon_pkg'
[1.253s] Level 1:colcon.colcon_core.package_identification:_identify(src/opencv_example) by extensions ['colcon_meta']
[1.253s] Level 1:colcon.colcon_core.package_identification:_identify(src/opencv_example) by extension 'colcon_meta'
[1.253s] Level 1:colcon.colcon_core.package_identification:_identify(src/opencv_example) by extensions ['ros']
[1.253s] Level 1:colcon.colcon_core.package_identification:_identify(src/opencv_example) by extension 'ros'
[1.254s] DEBUG:colcon.colcon_core.package_identification:Package 'src/opencv_example' with type 'ros.ament_python' and name 'opencv_example'
[1.254s] Level 1:colcon.colcon_core.package_identification:_identify(src/ros2_v4l2_camera-rolling) by extensions ['ignore', 'ignore_ament_install']
[1.255s] Level 1:colcon.colcon_core.package_identification:_identify(src/ros2_v4l2_camera-rolling) by extension 'ignore'
[1.255s] Level 1:colcon.colcon_core.package_identification:_identify(src/ros2_v4l2_camera-rolling) by extension 'ignore_ament_install'
[1.255s] Level 1:colcon.colcon_core.package_identification:_identify(src/ros2_v4l2_camera-rolling) by extensions ['colcon_pkg']
[1.255s] Level 1:colcon.colcon_core.package_identification:_identify(src/ros2_v4l2_camera-rolling) by extension 'colcon_pkg'
[1.255s] Level 1:colcon.colcon_core.package_identification:_identify(src/ros2_v4l2_camera-rolling) by extensions ['colcon_meta']
[1.255s] Level 1:colcon.colcon_core.package_identification:_identify(src/ros2_v4l2_camera-rolling) by extension 'colcon_meta'
[1.255s] Level 1:colcon.colcon_core.package_identification:_identify(src/ros2_v4l2_camera-rolling) by extensions ['ros']
[1.255s] Level 1:colcon.colcon_core.package_identification:_identify(src/ros2_v4l2_camera-rolling) by extension 'ros'
[1.256s] DEBUG:colcon.colcon_core.package_identification:Package 'src/ros2_v4l2_camera-rolling' with type 'ros.ament_cmake' and name 'v4l2_camera'
[1.256s] Level 1:colcon.colcon_core.package_discovery:discover_packages(recursive) using defaults
[1.256s] Level 1:colcon.colcon_core.package_discovery:discover_packages(ignore) discover
[1.256s] Level 1:colcon.colcon_core.package_discovery:discover_packages(ignore) using defaults
[1.256s] Level 1:colcon.colcon_core.package_discovery:discover_packages(path) discover
[1.256s] Level 1:colcon.colcon_core.package_discovery:discover_packages(path) using defaults
[1.312s] Level 1:colcon.colcon_core.package_discovery:discover_packages(prefix_path) check parameters
[1.312s] Level 1:colcon.colcon_core.package_discovery:discover_packages(prefix_path) discover
[1.328s] DEBUG:colcon.colcon_installed_package_information.package_discovery:Found 3 installed packages in /home/mtrn/4231/project_workspace/install
[1.330s] DEBUG:colcon.colcon_installed_package_information.package_discovery:Found 7 installed packages in /home/mtrn/4231/ros_ur_driver/install
[1.333s] DEBUG:colcon.colcon_installed_package_information.package_discovery:Found 55 installed packages in /home/mtrn/4231/ws_moveit2/install
[1.335s] DEBUG:colcon.colcon_installed_package_information.package_discovery:Found 341 installed packages in /opt/ros/humble
[1.338s] Level 1:colcon.colcon_core.package_discovery:discover_packages(prefix_path) using defaults
[1.506s] Level 5:colcon.colcon_core.verb:set package 'my_package' build argument 'cmake_args' from command line to 'None'
[1.506s] Level 5:colcon.colcon_core.verb:set package 'my_package' build argument 'cmake_target' from command line to 'None'
[1.506s] Level 5:colcon.colcon_core.verb:set package 'my_package' build argument 'cmake_target_skip_unavailable' from command line to 'False'
[1.506s] Level 5:colcon.colcon_core.verb:set package 'my_package' build argument 'cmake_clean_cache' from command line to 'False'
[1.506s] Level 5:colcon.colcon_core.verb:set package 'my_package' build argument 'cmake_clean_first' from command line to 'False'
[1.506s] Level 5:colcon.colcon_core.verb:set package 'my_package' build argument 'cmake_force_configure' from command line to 'False'
[1.506s] Level 5:colcon.colcon_core.verb:set package 'my_package' build argument 'ament_cmake_args' from command line to 'None'
[1.506s] Level 5:colcon.colcon_core.verb:set package 'my_package' build argument 'catkin_cmake_args' from command line to 'None'
[1.506s] Level 5:colcon.colcon_core.verb:set package 'my_package' build argument 'catkin_skip_building_tests' from command line to 'False'
[1.506s] DEBUG:colcon.colcon_core.verb:Building package 'my_package' with the following arguments: {'ament_cmake_args': None, 'build_base': '/home/mtrn/4231/project_workspace/build/my_package', 'catkin_cmake_args': None, 'catkin_skip_building_tests': False, 'cmake_args': None, 'cmake_clean_cache': False, 'cmake_clean_first': False, 'cmake_force_configure': False, 'cmake_target': None, 'cmake_target_skip_unavailable': False, 'install_base': '/home/mtrn/4231/project_workspace/install/my_package', 'merge_install': False, 'path': '/home/mtrn/4231/project_workspace/src/my_package', 'symlink_install': False, 'test_result_base': None}
[1.507s] Level 5:colcon.colcon_core.verb:set package 'opencv_example' build argument 'cmake_args' from command line to 'None'
[1.507s] Level 5:colcon.colcon_core.verb:set package 'opencv_example' build argument 'cmake_target' from command line to 'None'
[1.507s] Level 5:colcon.colcon_core.verb:set package 'opencv_example' build argument 'cmake_target_skip_unavailable' from command line to 'False'
[1.508s] Level 5:colcon.colcon_core.verb:set package 'opencv_example' build argument 'cmake_clean_cache' from command line to 'False'
[1.508s] Level 5:colcon.colcon_core.verb:set package 'opencv_example' build argument 'cmake_clean_first' from command line to 'False'
[1.508s] Level 5:colcon.colcon_core.verb:set package 'opencv_example' build argument 'cmake_force_configure' from command line to 'False'
[1.508s] Level 5:colcon.colcon_core.verb:set package 'opencv_example' build argument 'ament_cmake_args' from command line to 'None'
[1.508s] Level 5:colcon.colcon_core.verb:set package 'opencv_example' build argument 'catkin_cmake_args' from command line to 'None'
[1.508s] Level 5:colcon.colcon_core.verb:set package 'opencv_example' build argument 'catkin_skip_building_tests' from command line to 'False'
[1.508s] DEBUG:colcon.colcon_core.verb:Building package 'opencv_example' with the following arguments: {'ament_cmake_args': None, 'build_base': '/home/mtrn/4231/project_workspace/build/opencv_example', 'catkin_cmake_args': None, 'catkin_skip_building_tests': False, 'cmake_args': None, 'cmake_clean_cache': False, 'cmake_clean_first': False, 'cmake_force_configure': False, 'cmake_target': None, 'cmake_target_skip_unavailable': False, 'install_base': '/home/mtrn/4231/project_workspace/install/opencv_example', 'merge_install': False, 'path': '/home/mtrn/4231/project_workspace/src/opencv_example', 'symlink_install': False, 'test_result_base': None}
[1.509s] Level 5:colcon.colcon_core.verb:set package 'v4l2_camera' build argument 'cmake_args' from command line to 'None'
[1.509s] Level 5:colcon.colcon_core.verb:set package 'v4l2_camera' build argument 'cmake_target' from command line to 'None'
[1.509s] Level 5:colcon.colcon_core.verb:set package 'v4l2_camera' build argument 'cmake_target_skip_unavailable' from command line to 'False'
[1.509s] Level 5:colcon.colcon_core.verb:set package 'v4l2_camera' build argument 'cmake_clean_cache' from command line to 'False'
[1.509s] Level 5:colcon.colcon_core.verb:set package 'v4l2_camera' build argument 'cmake_clean_first' from command line to 'False'
[1.509s] Level 5:colcon.colcon_core.verb:set package 'v4l2_camera' build argument 'cmake_force_configure' from command line to 'False'
[1.509s] Level 5:colcon.colcon_core.verb:set package 'v4l2_camera' build argument 'ament_cmake_args' from command line to 'None'
[1.509s] Level 5:colcon.colcon_core.verb:set package 'v4l2_camera' build argument 'catkin_cmake_args' from command line to 'None'
[1.509s] Level 5:colcon.colcon_core.verb:set package 'v4l2_camera' build argument 'catkin_skip_building_tests' from command line to 'False'
[1.509s] DEBUG:colcon.colcon_core.verb:Building package 'v4l2_camera' with the following arguments: {'ament_cmake_args': None, 'build_base': '/home/mtrn/4231/project_workspace/build/v4l2_camera', 'catkin_cmake_args': None, 'catkin_skip_building_tests': False, 'cmake_args': None, 'cmake_clean_cache': False, 'cmake_clean_first': False, 'cmake_force_configure': False, 'cmake_target': None, 'cmake_target_skip_unavailable': False, 'install_base': '/home/mtrn/4231/project_workspace/install/v4l2_camera', 'merge_install': False, 'path': '/home/mtrn/4231/project_workspace/src/ros2_v4l2_camera-rolling', 'symlink_install': False, 'test_result_base': None}
[1.510s] INFO:colcon.colcon_core.executor:Executing jobs using 'parallel' executor
[1.516s] DEBUG:colcon.colcon_parallel_executor.executor.parallel:run_until_complete
[1.516s] INFO:colcon.colcon_ros.task.ament_python.build:Building ROS package in '/home/mtrn/4231/project_workspace/src/my_package' with build type 'ament_python'
[1.517s] Level 1:colcon.colcon_core.shell:create_environment_hook('my_package', 'ament_prefix_path')
[1.549s] INFO:colcon.colcon_core.plugin_system:Skipping extension 'colcon_core.shell.bat': Not used on non-Windows systems
[1.550s] INFO:colcon.colcon_core.shell:Creating environment hook '/home/mtrn/4231/project_workspace/install/my_package/share/my_package/hook/ament_prefix_path.ps1'
[1.552s] INFO:colcon.colcon_core.shell:Creating environment descriptor '/home/mtrn/4231/project_workspace/install/my_package/share/my_package/hook/ament_prefix_path.dsv'
[1.554s] INFO:colcon.colcon_core.shell:Creating environment hook '/home/mtrn/4231/project_workspace/install/my_package/share/my_package/hook/ament_prefix_path.sh'
[1.571s] INFO:colcon.colcon_core.shell:Skip shell extension 'powershell' for command environment: Not usable outside of PowerShell
[1.572s] DEBUG:colcon.colcon_core.shell:Skip shell extension 'dsv' for command environment
[1.592s] INFO:colcon.colcon_ros.task.ament_python.build:Building ROS package in '/home/mtrn/4231/project_workspace/src/opencv_example' with build type 'ament_python'
[1.593s] Level 1:colcon.colcon_core.shell:create_environment_hook('opencv_example', 'ament_prefix_path')
[1.599s] INFO:colcon.colcon_core.shell:Creating environment hook '/home/mtrn/4231/project_workspace/install/opencv_example/share/opencv_example/hook/ament_prefix_path.ps1'
[1.600s] INFO:colcon.colcon_core.shell:Creating environment descriptor '/home/mtrn/4231/project_workspace/install/opencv_example/share/opencv_example/hook/ament_prefix_path.dsv'
[1.601s] INFO:colcon.colcon_core.shell:Creating environment hook '/home/mtrn/4231/project_workspace/install/opencv_example/share/opencv_example/hook/ament_prefix_path.sh'
[1.605s] INFO:colcon.colcon_core.shell:Skip shell extension 'powershell' for command environment: Not usable outside of PowerShell
[1.606s] DEBUG:colcon.colcon_core.shell:Skip shell extension 'dsv' for command environment
[1.628s] INFO:colcon.colcon_ros.task.ament_cmake.build:Building ROS package in '/home/mtrn/4231/project_workspace/src/ros2_v4l2_camera-rolling' with build type 'ament_cmake'
[1.629s] INFO:colcon.colcon_cmake.task.cmake.build:Building CMake package in '/home/mtrn/4231/project_workspace/src/ros2_v4l2_camera-rolling'
[1.633s] INFO:colcon.colcon_core.shell:Skip shell extension 'powershell' for command environment: Not usable outside of PowerShell
[1.633s] DEBUG:colcon.colcon_core.shell:Skip shell extension 'dsv' for command environment
[1.940s] INFO:colcon.colcon_core.task.python.build:Building Python package in '/home/mtrn/4231/project_workspace/src/my_package'
[1.943s] INFO:colcon.colcon_core.shell:Skip shell extension 'powershell' for command environment: Not usable outside of PowerShell
[1.943s] DEBUG:colcon.colcon_core.shell:Skip shell extension 'dsv' for command environment
[2.229s] INFO:colcon.colcon_core.task.python.build:Building Python package in '/home/mtrn/4231/project_workspace/src/opencv_example'
[2.232s] INFO:colcon.colcon_core.shell:Skip shell extension 'powershell' for command environment: Not usable outside of PowerShell
[2.232s] DEBUG:colcon.colcon_core.shell:Skip shell extension 'dsv' for command environment
[2.263s] DEBUG:colcon.colcon_core.event_handler.log_command:Invoking command in '/home/mtrn/4231/project_workspace/build/v4l2_camera': CMAKE_PREFIX_PATH=${CMAKE_PREFIX_PATH}:/home/mtrn/4231/project_workspace/install/opencv_example:/home/mtrn/4231/project_workspace/install/openCV_example:/home/mtrn/4231/project_workspace/install/my_package:/home/mtrn/4231/ws_moveit2/install/moveit_configs_utils:/home/mtrn/4231/ws_moveit2/install/launch_param_builder:/opt/ros/humble /usr/bin/cmake /home/mtrn/4231/project_workspace/src/ros2_v4l2_camera-rolling -DCMAKE_INSTALL_PREFIX=/home/mtrn/4231/project_workspace/install/v4l2_camera
[3.336s] DEBUG:colcon.colcon_core.event_handler.log_command:Invoking command in '/home/mtrn/4231/project_workspace/src/opencv_example': PYTHONPATH=/home/mtrn/4231/project_workspace/build/opencv_example/prefix_override:/home/mtrn/4231/project_workspace/install/opencv_example/lib/python3.10/site-packages:${PYTHONPATH} /usr/bin/python3 setup.py egg_info --egg-base ../../build/opencv_example build --build-base /home/mtrn/4231/project_workspace/build/opencv_example/build install --record /home/mtrn/4231/project_workspace/build/opencv_example/install.log --single-version-externally-managed
[3.343s] DEBUG:colcon.colcon_core.event_handler.log_command:Invoking command in '/home/mtrn/4231/project_workspace/src/my_package': PYTHONPATH=/home/mtrn/4231/project_workspace/build/my_package/prefix_override:/home/mtrn/4231/project_workspace/install/my_package/lib/python3.10/site-packages:${PYTHONPATH} /usr/bin/python3 setup.py egg_info --egg-base ../../build/my_package build --build-base /home/mtrn/4231/project_workspace/build/my_package/build install --record /home/mtrn/4231/project_workspace/build/my_package/install.log --single-version-externally-managed
[3.678s] DEBUG:colcon.colcon_core.event_handler.log_command:Invoked command in '/home/mtrn/4231/project_workspace/src/my_package' returned '0': PYTHONPATH=/home/mtrn/4231/project_workspace/build/my_package/prefix_override:/home/mtrn/4231/project_workspace/install/my_package/lib/python3.10/site-packages:${PYTHONPATH} /usr/bin/python3 setup.py egg_info --egg-base ../../build/my_package build --build-base /home/mtrn/4231/project_workspace/build/my_package/build install --record /home/mtrn/4231/project_workspace/build/my_package/install.log --single-version-externally-managed
[3.700s] Level 1:colcon.colcon_core.environment:checking '/home/mtrn/4231/project_workspace/install/my_package' for CMake module files
[3.701s] Level 1:colcon.colcon_core.environment:checking '/home/mtrn/4231/project_workspace/install/my_package' for CMake config files
[3.701s] Level 1:colcon.colcon_core.environment:checking '/home/mtrn/4231/project_workspace/install/my_package/lib'
[3.701s] Level 1:colcon.colcon_core.environment:checking '/home/mtrn/4231/project_workspace/install/my_package/bin'
[3.701s] Level 1:colcon.colcon_core.environment:checking '/home/mtrn/4231/project_workspace/install/my_package/lib/pkgconfig/my_package.pc'
[3.702s] Level 1:colcon.colcon_core.environment:checking '/home/mtrn/4231/project_workspace/install/my_package/lib/python3.10/site-packages'
[3.702s] Level 1:colcon.colcon_core.shell:create_environment_hook('my_package', 'pythonpath')
[3.704s] INFO:colcon.colcon_core.shell:Creating environment hook '/home/mtrn/4231/project_workspace/install/my_package/share/my_package/hook/pythonpath.ps1'
[3.705s] INFO:colcon.colcon_core.shell:Creating environment descriptor '/home/mtrn/4231/project_workspace/install/my_package/share/my_package/hook/pythonpath.dsv'
[3.706s] INFO:colcon.colcon_core.shell:Creating environment hook '/home/mtrn/4231/project_workspace/install/my_package/share/my_package/hook/pythonpath.sh'
[3.709s] Level 1:colcon.colcon_core.environment:checking '/home/mtrn/4231/project_workspace/install/my_package/bin'
[3.709s] Level 1:colcon.colcon_core.environment:create_environment_scripts_only(my_package)
[3.716s] INFO:colcon.colcon_core.shell:Creating package script '/home/mtrn/4231/project_workspace/install/my_package/share/my_package/package.ps1'
[3.718s] INFO:colcon.colcon_core.shell:Creating package descriptor '/home/mtrn/4231/project_workspace/install/my_package/share/my_package/package.dsv'
[3.720s] INFO:colcon.colcon_core.shell:Creating package script '/home/mtrn/4231/project_workspace/install/my_package/share/my_package/package.sh'
[3.722s] INFO:colcon.colcon_core.shell:Creating package script '/home/mtrn/4231/project_workspace/install/my_package/share/my_package/package.bash'
[3.723s] INFO:colcon.colcon_core.shell:Creating package script '/home/mtrn/4231/project_workspace/install/my_package/share/my_package/package.zsh'
[3.725s] Level 1:colcon.colcon_core.environment:create_file_with_runtime_dependencies(/home/mtrn/4231/project_workspace/install/my_package/share/colcon-core/packages/my_package)
[3.746s] Level 1:colcon.colcon_core.environment:checking '/home/mtrn/4231/project_workspace/install/opencv_example' for CMake module files
[3.747s] DEBUG:colcon.colcon_core.event_handler.log_command:Invoked command in '/home/mtrn/4231/project_workspace/src/opencv_example' returned '0': PYTHONPATH=/home/mtrn/4231/project_workspace/build/opencv_example/prefix_override:/home/mtrn/4231/project_workspace/install/opencv_example/lib/python3.10/site-packages:${PYTHONPATH} /usr/bin/python3 setup.py egg_info --egg-base ../../build/opencv_example build --build-base /home/mtrn/4231/project_workspace/build/opencv_example/build install --record /home/mtrn/4231/project_workspace/build/opencv_example/install.log --single-version-externally-managed
[3.748s] Level 1:colcon.colcon_core.environment:checking '/home/mtrn/4231/project_workspace/install/opencv_example' for CMake config files
[3.748s] Level 1:colcon.colcon_core.environment:checking '/home/mtrn/4231/project_workspace/install/opencv_example/lib'
[3.749s] Level 1:colcon.colcon_core.environment:checking '/home/mtrn/4231/project_workspace/install/opencv_example/bin'
[3.749s] Level 1:colcon.colcon_core.environment:checking '/home/mtrn/4231/project_workspace/install/opencv_example/lib/pkgconfig/opencv_example.pc'
[3.749s] Level 1:colcon.colcon_core.environment:checking '/home/mtrn/4231/project_workspace/install/opencv_example/lib/python3.10/site-packages'
[3.749s] Level 1:colcon.colcon_core.shell:create_environment_hook('opencv_example', 'pythonpath')
[3.753s] INFO:colcon.colcon_core.shell:Creating environment hook '/home/mtrn/4231/project_workspace/install/opencv_example/share/opencv_example/hook/pythonpath.ps1'
[3.754s] INFO:colcon.colcon_core.shell:Creating environment descriptor '/home/mtrn/4231/project_workspace/install/opencv_example/share/opencv_example/hook/pythonpath.dsv'
[3.754s] INFO:colcon.colcon_core.shell:Creating environment hook '/home/mtrn/4231/project_workspace/install/opencv_example/share/opencv_example/hook/pythonpath.sh'
[3.755s] Level 1:colcon.colcon_core.environment:checking '/home/mtrn/4231/project_workspace/install/opencv_example/bin'
[3.756s] Level 1:colcon.colcon_core.environment:create_environment_scripts_only(opencv_example)
[3.758s] INFO:colcon.colcon_core.shell:Creating package script '/home/mtrn/4231/project_workspace/install/opencv_example/share/opencv_example/package.ps1'
[3.761s] INFO:colcon.colcon_core.shell:Creating package descriptor '/home/mtrn/4231/project_workspace/install/opencv_example/share/opencv_example/package.dsv'
[3.762s] INFO:colcon.colcon_core.shell:Creating package script '/home/mtrn/4231/project_workspace/install/opencv_example/share/opencv_example/package.sh'
[3.764s] INFO:colcon.colcon_core.shell:Creating package script '/home/mtrn/4231/project_workspace/install/opencv_example/share/opencv_example/package.bash'
[3.765s] INFO:colcon.colcon_core.shell:Creating package script '/home/mtrn/4231/project_workspace/install/opencv_example/share/opencv_example/package.zsh'
[3.767s] Level 1:colcon.colcon_core.environment:create_file_with_runtime_dependencies(/home/mtrn/4231/project_workspace/install/opencv_example/share/colcon-core/packages/opencv_example)
[7.236s] DEBUG:colcon.colcon_core.event_handler.log_command:Invoked command in '/home/mtrn/4231/project_workspace/build/v4l2_camera' returned '0': CMAKE_PREFIX_PATH=${CMAKE_PREFIX_PATH}:/home/mtrn/4231/project_workspace/install/opencv_example:/home/mtrn/4231/project_workspace/install/openCV_example:/home/mtrn/4231/project_workspace/install/my_package:/home/mtrn/4231/ws_moveit2/install/moveit_configs_utils:/home/mtrn/4231/ws_moveit2/install/launch_param_builder:/opt/ros/humble /usr/bin/cmake /home/mtrn/4231/project_workspace/src/ros2_v4l2_camera-rolling -DCMAKE_INSTALL_PREFIX=/home/mtrn/4231/project_workspace/install/v4l2_camera
[7.236s] DEBUG:colcon.colcon_core.event_handler.log_command:Invoking command in '/home/mtrn/4231/project_workspace/build/v4l2_camera': CMAKE_PREFIX_PATH=${CMAKE_PREFIX_PATH}:/home/mtrn/4231/project_workspace/install/opencv_example:/home/mtrn/4231/project_workspace/install/openCV_example:/home/mtrn/4231/project_workspace/install/my_package:/home/mtrn/4231/ws_moveit2/install/moveit_configs_utils:/home/mtrn/4231/ws_moveit2/install/launch_param_builder:/opt/ros/humble /usr/bin/cmake --build /home/mtrn/4231/project_workspace/build/v4l2_camera -- -j4 -l4
[30.366s] DEBUG:colcon.colcon_core.event_handler.log_command:Invoked command in '/home/mtrn/4231/project_workspace/build/v4l2_camera' returned '0': CMAKE_PREFIX_PATH=${CMAKE_PREFIX_PATH}:/home/mtrn/4231/project_workspace/install/opencv_example:/home/mtrn/4231/project_workspace/install/openCV_example:/home/mtrn/4231/project_workspace/install/my_package:/home/mtrn/4231/ws_moveit2/install/moveit_configs_utils:/home/mtrn/4231/ws_moveit2/install/launch_param_builder:/opt/ros/humble /usr/bin/cmake --build /home/mtrn/4231/project_workspace/build/v4l2_camera -- -j4 -l4
[30.543s] DEBUG:colcon.colcon_core.event_handler.log_command:Invoking command in '/home/mtrn/4231/project_workspace/build/v4l2_camera': CMAKE_PREFIX_PATH=${CMAKE_PREFIX_PATH}:/home/mtrn/4231/project_workspace/install/opencv_example:/home/mtrn/4231/project_workspace/install/openCV_example:/home/mtrn/4231/project_workspace/install/my_package:/home/mtrn/4231/ws_moveit2/install/moveit_configs_utils:/home/mtrn/4231/ws_moveit2/install/launch_param_builder:/opt/ros/humble /usr/bin/cmake --install /home/mtrn/4231/project_workspace/build/v4l2_camera
[30.616s] Level 1:colcon.colcon_core.environment:create_environment_scripts_only(v4l2_camera)
[30.622s] Level 1:colcon.colcon_core.environment:checking '/home/mtrn/4231/project_workspace/install/v4l2_camera' for CMake module files
[30.624s] DEBUG:colcon.colcon_core.event_handler.log_command:Invoked command in '/home/mtrn/4231/project_workspace/build/v4l2_camera' returned '0': CMAKE_PREFIX_PATH=${CMAKE_PREFIX_PATH}:/home/mtrn/4231/project_workspace/install/opencv_example:/home/mtrn/4231/project_workspace/install/openCV_example:/home/mtrn/4231/project_workspace/install/my_package:/home/mtrn/4231/ws_moveit2/install/moveit_configs_utils:/home/mtrn/4231/ws_moveit2/install/launch_param_builder:/opt/ros/humble /usr/bin/cmake --install /home/mtrn/4231/project_workspace/build/v4l2_camera
[30.625s] Level 1:colcon.colcon_core.environment:checking '/home/mtrn/4231/project_workspace/install/v4l2_camera' for CMake config files
[30.626s] Level 1:colcon.colcon_core.shell:create_environment_hook('v4l2_camera', 'cmake_prefix_path')
[30.628s] INFO:colcon.colcon_core.shell:Creating environment hook '/home/mtrn/4231/project_workspace/install/v4l2_camera/share/v4l2_camera/hook/cmake_prefix_path.ps1'
[30.629s] INFO:colcon.colcon_core.shell:Creating environment descriptor '/home/mtrn/4231/project_workspace/install/v4l2_camera/share/v4l2_camera/hook/cmake_prefix_path.dsv'
[30.629s] INFO:colcon.colcon_core.shell:Creating environment hook '/home/mtrn/4231/project_workspace/install/v4l2_camera/share/v4l2_camera/hook/cmake_prefix_path.sh'
[30.630s] Level 1:colcon.colcon_core.environment:checking '/home/mtrn/4231/project_workspace/install/v4l2_camera/lib'
[30.630s] Level 1:colcon.colcon_core.shell:create_environment_hook('v4l2_camera', 'ld_library_path_lib')
[30.632s] INFO:colcon.colcon_core.shell:Creating environment hook '/home/mtrn/4231/project_workspace/install/v4l2_camera/share/v4l2_camera/hook/ld_library_path_lib.ps1'
[30.632s] INFO:colcon.colcon_core.shell:Creating environment descriptor '/home/mtrn/4231/project_workspace/install/v4l2_camera/share/v4l2_camera/hook/ld_library_path_lib.dsv'
[30.633s] INFO:colcon.colcon_core.shell:Creating environment hook '/home/mtrn/4231/project_workspace/install/v4l2_camera/share/v4l2_camera/hook/ld_library_path_lib.sh'
[30.633s] Level 1:colcon.colcon_core.environment:checking '/home/mtrn/4231/project_workspace/install/v4l2_camera/bin'
[30.633s] Level 1:colcon.colcon_core.environment:checking '/home/mtrn/4231/project_workspace/install/v4l2_camera/lib/pkgconfig/v4l2_camera.pc'
[30.633s] Level 1:colcon.colcon_core.environment:checking '/home/mtrn/4231/project_workspace/install/v4l2_camera/lib/python3.10/site-packages'
[30.633s] Level 1:colcon.colcon_core.environment:checking '/home/mtrn/4231/project_workspace/install/v4l2_camera/bin'
[30.636s] INFO:colcon.colcon_core.shell:Creating package script '/home/mtrn/4231/project_workspace/install/v4l2_camera/share/v4l2_camera/package.ps1'
[30.636s] INFO:colcon.colcon_core.shell:Creating package descriptor '/home/mtrn/4231/project_workspace/install/v4l2_camera/share/v4l2_camera/package.dsv'
[30.637s] INFO:colcon.colcon_core.shell:Creating package script '/home/mtrn/4231/project_workspace/install/v4l2_camera/share/v4l2_camera/package.sh'
[30.638s] INFO:colcon.colcon_core.shell:Creating package script '/home/mtrn/4231/project_workspace/install/v4l2_camera/share/v4l2_camera/package.bash'
[30.638s] INFO:colcon.colcon_core.shell:Creating package script '/home/mtrn/4231/project_workspace/install/v4l2_camera/share/v4l2_camera/package.zsh'
[30.638s] Level 1:colcon.colcon_core.environment:create_file_with_runtime_dependencies(/home/mtrn/4231/project_workspace/install/v4l2_camera/share/colcon-core/packages/v4l2_camera)
[30.803s] Level 1:colcon.colcon_core.environment:create_environment_scripts_only(v4l2_camera)
[30.807s] Level 1:colcon.colcon_core.environment:checking '/home/mtrn/4231/project_workspace/install/v4l2_camera' for CMake module files
[30.807s] Level 1:colcon.colcon_core.environment:checking '/home/mtrn/4231/project_workspace/install/v4l2_camera' for CMake config files
[30.807s] Level 1:colcon.colcon_core.shell:create_environment_hook('v4l2_camera', 'cmake_prefix_path')
[30.810s] INFO:colcon.colcon_core.shell:Creating environment hook '/home/mtrn/4231/project_workspace/install/v4l2_camera/share/v4l2_camera/hook/cmake_prefix_path.ps1'
[30.813s] INFO:colcon.colcon_core.shell:Creating environment descriptor '/home/mtrn/4231/project_workspace/install/v4l2_camera/share/v4l2_camera/hook/cmake_prefix_path.dsv'
[30.814s] INFO:colcon.colcon_core.shell:Creating environment hook '/home/mtrn/4231/project_workspace/install/v4l2_camera/share/v4l2_camera/hook/cmake_prefix_path.sh'
[30.815s] Level 1:colcon.colcon_core.environment:checking '/home/mtrn/4231/project_workspace/install/v4l2_camera/lib'
[30.815s] Level 1:colcon.colcon_core.shell:create_environment_hook('v4l2_camera', 'ld_library_path_lib')
[30.818s] INFO:colcon.colcon_core.shell:Creating environment hook '/home/mtrn/4231/project_workspace/install/v4l2_camera/share/v4l2_camera/hook/ld_library_path_lib.ps1'
[30.819s] INFO:colcon.colcon_core.shell:Creating environment descriptor '/home/mtrn/4231/project_workspace/install/v4l2_camera/share/v4l2_camera/hook/ld_library_path_lib.dsv'
[30.819s] INFO:colcon.colcon_core.shell:Creating environment hook '/home/mtrn/4231/project_workspace/install/v4l2_camera/share/v4l2_camera/hook/ld_library_path_lib.sh'
[30.821s] Level 1:colcon.colcon_core.environment:checking '/home/mtrn/4231/project_workspace/install/v4l2_camera/bin'
[30.821s] Level 1:colcon.colcon_core.environment:checking '/home/mtrn/4231/project_workspace/install/v4l2_camera/lib/pkgconfig/v4l2_camera.pc'
[30.823s] Level 1:colcon.colcon_core.environment:checking '/home/mtrn/4231/project_workspace/install/v4l2_camera/lib/python3.10/site-packages'
[30.823s] Level 1:colcon.colcon_core.environment:checking '/home/mtrn/4231/project_workspace/install/v4l2_camera/bin'
[30.827s] INFO:colcon.colcon_core.shell:Creating package script '/home/mtrn/4231/project_workspace/install/v4l2_camera/share/v4l2_camera/package.ps1'
[30.828s] INFO:colcon.colcon_core.shell:Creating package descriptor '/home/mtrn/4231/project_workspace/install/v4l2_camera/share/v4l2_camera/package.dsv'
[30.829s] INFO:colcon.colcon_core.shell:Creating package script '/home/mtrn/4231/project_workspace/install/v4l2_camera/share/v4l2_camera/package.sh'
[30.829s] INFO:colcon.colcon_core.shell:Creating package script '/home/mtrn/4231/project_workspace/install/v4l2_camera/share/v4l2_camera/package.bash'
[30.830s] INFO:colcon.colcon_core.shell:Creating package script '/home/mtrn/4231/project_workspace/install/v4l2_camera/share/v4l2_camera/package.zsh'
[30.831s] Level 1:colcon.colcon_core.environment:create_file_with_runtime_dependencies(/home/mtrn/4231/project_workspace/install/v4l2_camera/share/colcon-core/packages/v4l2_camera)
[30.832s] DEBUG:colcon.colcon_parallel_executor.executor.parallel:closing loop
[30.832s] DEBUG:colcon.colcon_parallel_executor.executor.parallel:loop closed
[30.833s] DEBUG:colcon.colcon_parallel_executor.executor.parallel:run_until_complete finished with '0'
[30.833s] DEBUG:colcon.colcon_core.event_reactor:joining thread
[30.885s] INFO:colcon.colcon_core.plugin_system:Skipping extension 'colcon_notification.desktop_notification.terminal_notifier': Not used on non-Darwin systems
[30.885s] INFO:colcon.colcon_core.plugin_system:Skipping extension 'colcon_notification.desktop_notification.win32': Not used on non-Windows systems
[30.885s] INFO:colcon.colcon_notification.desktop_notification:Sending desktop notification using 'notify2'
[30.967s] DEBUG:colcon.colcon_core.event_reactor:joined thread
[30.972s] INFO:colcon.colcon_core.shell:Creating prefix script '/home/mtrn/4231/project_workspace/install/local_setup.ps1'
[30.978s] INFO:colcon.colcon_core.shell:Creating prefix util module '/home/mtrn/4231/project_workspace/install/_local_setup_util_ps1.py'
[31.073s] INFO:colcon.colcon_core.shell:Creating prefix chain script '/home/mtrn/4231/project_workspace/install/setup.ps1'
[31.078s] INFO:colcon.colcon_core.shell:Creating prefix script '/home/mtrn/4231/project_workspace/install/local_setup.sh'
[31.080s] INFO:colcon.colcon_core.shell:Creating prefix util module '/home/mtrn/4231/project_workspace/install/_local_setup_util_sh.py'
[31.081s] INFO:colcon.colcon_core.shell:Creating prefix chain script '/home/mtrn/4231/project_workspace/install/setup.sh'
[31.088s] INFO:colcon.colcon_core.shell:Creating prefix script '/home/mtrn/4231/project_workspace/install/local_setup.bash'
[31.090s] INFO:colcon.colcon_core.shell:Creating prefix chain script '/home/mtrn/4231/project_workspace/install/setup.bash'
[31.102s] INFO:colcon.colcon_core.shell:Creating prefix script '/home/mtrn/4231/project_workspace/install/local_setup.zsh'
[31.106s] INFO:colcon.colcon_core.shell:Creating prefix chain script '/home/mtrn/4231/project_workspace/install/setup.zsh'
