[0.883s] Invoking command in '/home/mtrn/4231/liam_stuff/4231project/build/transforms': CMAKE_PREFIX_PATH=${CMAKE_PREFIX_PATH}:/home/mtrn/4231/ws_moveit2/install/moveit_configs_utils:/home/mtrn/4231/ws_moveit2/install/launch_param_builder:/opt/ros/humble /home/mtrn/.local/bin/cmake /home/mtrn/4231/liam_stuff/4231project/src/transforms -DCMAKE_INSTALL_PREFIX=/home/mtrn/4231/liam_stuff/4231project/install/transforms
[1.012s] -- The C compiler identification is GNU 11.4.0
[1.117s] -- The CXX compiler identification is GNU 11.4.0
[1.159s] -- Detecting C compiler ABI info
[1.290s] -- Detecting C compiler ABI info - done
[1.309s] -- Check for working C compiler: /usr/bin/cc - skipped
[1.310s] -- Detecting C compile features
[1.311s] -- Detecting C compile features - done
[1.336s] -- Detecting CXX compiler ABI info
[1.492s] -- Detecting CXX compiler ABI info - done
[1.504s] -- Check for working CXX compiler: /usr/bin/c++ - skipped
[1.504s] -- Detecting CXX compile features
[1.505s] -- Detecting CXX compile features - done
[1.515s] -- Found ament_cmake: 1.3.5 (/opt/ros/humble/share/ament_cmake/cmake)
[2.281s] -- Found Python3: /usr/bin/python3.10 (found version "3.10.12") found components: Interpreter 
[2.504s] -- Found ament_lint_auto: 0.12.7 (/opt/ros/humble/share/ament_lint_auto/cmake)
[2.641s] -- Added test 'cppcheck' to perform static code analysis on C / C++ code
[2.641s] -- Configured cppcheck include dirs: 
[2.641s] -- Configured cppcheck exclude dirs and/or files: 
[2.643s] -- Added test 'lint_cmake' to check CMake code style
[2.646s] -- Added test 'uncrustify' to check C / C++ code style
[2.647s] -- Configured uncrustify additional arguments: 
[2.648s] -- Added test 'xmllint' to check XML markup files
[2.653s] -- Configuring done (1.7s)
[2.656s] -- Generating done (0.0s)
[2.657s] -- Build files have been written to: /home/mtrn/4231/liam_stuff/4231project/build/transforms
[2.668s] Invoked command in '/home/mtrn/4231/liam_stuff/4231project/build/transforms' returned '0': CMAKE_PREFIX_PATH=${CMAKE_PREFIX_PATH}:/home/mtrn/4231/ws_moveit2/install/moveit_configs_utils:/home/mtrn/4231/ws_moveit2/install/launch_param_builder:/opt/ros/humble /home/mtrn/.local/bin/cmake /home/mtrn/4231/liam_stuff/4231project/src/transforms -DCMAKE_INSTALL_PREFIX=/home/mtrn/4231/liam_stuff/4231project/install/transforms
[2.671s] Invoking command in '/home/mtrn/4231/liam_stuff/4231project/build/transforms': CMAKE_PREFIX_PATH=${CMAKE_PREFIX_PATH}:/home/mtrn/4231/ws_moveit2/install/moveit_configs_utils:/home/mtrn/4231/ws_moveit2/install/launch_param_builder:/opt/ros/humble /home/mtrn/.local/bin/cmake --build /home/mtrn/4231/liam_stuff/4231project/build/transforms -- -j12 -l12
[2.751s] Invoked command in '/home/mtrn/4231/liam_stuff/4231project/build/transforms' returned '0': CMAKE_PREFIX_PATH=${CMAKE_PREFIX_PATH}:/home/mtrn/4231/ws_moveit2/install/moveit_configs_utils:/home/mtrn/4231/ws_moveit2/install/launch_param_builder:/opt/ros/humble /home/mtrn/.local/bin/cmake --build /home/mtrn/4231/liam_stuff/4231project/build/transforms -- -j12 -l12
[2.874s] Invoking command in '/home/mtrn/4231/liam_stuff/4231project/build/transforms': CMAKE_PREFIX_PATH=${CMAKE_PREFIX_PATH}:/home/mtrn/4231/ws_moveit2/install/moveit_configs_utils:/home/mtrn/4231/ws_moveit2/install/launch_param_builder:/opt/ros/humble /home/mtrn/.local/bin/cmake --install /home/mtrn/4231/liam_stuff/4231project/build/transforms
[2.925s] -- Install configuration: ""
[2.925s] -- Installing: /home/mtrn/4231/liam_stuff/4231project/install/transforms/share/ament_index/resource_index/package_run_dependencies/transforms
[2.925s] -- Installing: /home/mtrn/4231/liam_stuff/4231project/install/transforms/share/ament_index/resource_index/parent_prefix_path/transforms
[2.925s] -- Installing: /home/mtrn/4231/liam_stuff/4231project/install/transforms/share/transforms/environment/ament_prefix_path.sh
[2.926s] -- Installing: /home/mtrn/4231/liam_stuff/4231project/install/transforms/share/transforms/environment/ament_prefix_path.dsv
[2.926s] -- Installing: /home/mtrn/4231/liam_stuff/4231project/install/transforms/share/transforms/environment/path.sh
[2.926s] -- Installing: /home/mtrn/4231/liam_stuff/4231project/install/transforms/share/transforms/environment/path.dsv
[2.926s] -- Installing: /home/mtrn/4231/liam_stuff/4231project/install/transforms/share/transforms/local_setup.bash
[2.926s] -- Installing: /home/mtrn/4231/liam_stuff/4231project/install/transforms/share/transforms/local_setup.sh
[2.926s] -- Installing: /home/mtrn/4231/liam_stuff/4231project/install/transforms/share/transforms/local_setup.zsh
[2.927s] -- Installing: /home/mtrn/4231/liam_stuff/4231project/install/transforms/share/transforms/local_setup.dsv
[2.927s] -- Installing: /home/mtrn/4231/liam_stuff/4231project/install/transforms/share/transforms/package.dsv
[2.927s] -- Installing: /home/mtrn/4231/liam_stuff/4231project/install/transforms/share/ament_index/resource_index/packages/transforms
[2.928s] -- Installing: /home/mtrn/4231/liam_stuff/4231project/install/transforms/share/transforms/cmake/transformsConfig.cmake
[2.928s] -- Installing: /home/mtrn/4231/liam_stuff/4231project/install/transforms/share/transforms/cmake/transformsConfig-version.cmake
[2.928s] -- Installing: /home/mtrn/4231/liam_stuff/4231project/install/transforms/share/transforms/package.xml
[2.945s] Invoked command in '/home/mtrn/4231/liam_stuff/4231project/build/transforms' returned '0': CMAKE_PREFIX_PATH=${CMAKE_PREFIX_PATH}:/home/mtrn/4231/ws_moveit2/install/moveit_configs_utils:/home/mtrn/4231/ws_moveit2/install/launch_param_builder:/opt/ros/humble /home/mtrn/.local/bin/cmake --install /home/mtrn/4231/liam_stuff/4231project/build/transforms
