[  9%] Built target canvas__rosidl_generator_c
[ 12%] Built target canvas__cpp
[ 12%] Built target ament_cmake_python_copy_canvas
[ 22%] Built target canvas__rosidl_typesupport_introspection_c
[ 32%] Built target canvas__rosidl_typesupport_introspection_cpp
[ 41%] Built target canvas__rosidl_typesupport_fastrtps_c
[ 61%] Built target canvas__rosidl_typesupport_c
[ 61%] Built target canvas__rosidl_typesupport_cpp
[ 70%] Built target canvas__rosidl_typesupport_fastrtps_cpp
[ 70%] Built target canvas
[ 74%] Built target canvas__py
[ 80%] Built target canvas__rosidl_generator_py
[ 87%] Built target canvas__rosidl_typesupport_introspection_c__pyext
[ 93%] Built target canvas__rosidl_typesupport_fastrtps_c__pyext
[100%] Built target canvas__rosidl_typesupport_c__pyext
running egg_info
writing canvas.egg-info/PKG-INFO
writing dependency_links to canvas.egg-info/dependency_links.txt
writing top-level names to canvas.egg-info/top_level.txt
reading manifest file 'canvas.egg-info/SOURCES.txt'
writing manifest file 'canvas.egg-info/SOURCES.txt'
[100%] Built target ament_cmake_python_build_canvas_egg
