[0.104s] Invoking command in '/home/mtrn/4231/liam_stuff/4231project/build/canvas': CMAKE_PREFIX_PATH=${CMAKE_PREFIX_PATH}:/home/mtrn/4231/liam_stuff/4231project/install/ros2_aruco:/home/mtrn/4231/liam_stuff/4231project/install/opencv_example:/home/mtrn/4231/liam_stuff/4231project/install/openCV_example:/home/mtrn/4231/liam_stuff/4231project/install/my_package:/home/mtrn/4231/ws_moveit2/install/moveit_configs_utils:/home/mtrn/4231/ws_moveit2/install/launch_param_builder:/opt/ros/humble /home/mtrn/.local/bin/cmake --build /home/mtrn/4231/liam_stuff/4231project/build/canvas -- -j12 -l12
[0.706s] [  9%] Built target canvas__rosidl_generator_c
[0.706s] [ 12%] Built target canvas__cpp
[0.706s] [ 12%] Built target ament_cmake_python_copy_canvas
[0.706s] [ 22%] Built target canvas__rosidl_typesupport_introspection_c
[0.706s] [ 32%] Built target canvas__rosidl_typesupport_introspection_cpp
[0.706s] [ 41%] Built target canvas__rosidl_typesupport_fastrtps_c
[0.706s] [ 61%] Built target canvas__rosidl_typesupport_c
[0.706s] [ 61%] Built target canvas__rosidl_typesupport_cpp
[0.706s] [ 70%] Built target canvas__rosidl_typesupport_fastrtps_cpp
[0.706s] [ 70%] Built target canvas
[0.706s] [ 74%] Built target canvas__py
[0.707s] [ 80%] Built target canvas__rosidl_generator_py
[0.707s] [ 87%] Built target canvas__rosidl_typesupport_introspection_c__pyext
[0.707s] [ 93%] Built target canvas__rosidl_typesupport_fastrtps_c__pyext
[0.707s] [100%] Built target canvas__rosidl_typesupport_c__pyext
[0.707s] running egg_info
[0.707s] writing canvas.egg-info/PKG-INFO
[0.707s] writing dependency_links to canvas.egg-info/dependency_links.txt
[0.708s] writing top-level names to canvas.egg-info/top_level.txt
[0.708s] reading manifest file 'canvas.egg-info/SOURCES.txt'
[0.709s] writing manifest file 'canvas.egg-info/SOURCES.txt'
[0.709s] [100%] Built target ament_cmake_python_build_canvas_egg
[1.031s] Invoked command in '/home/mtrn/4231/liam_stuff/4231project/build/canvas' returned '0': CMAKE_PREFIX_PATH=${CMAKE_PREFIX_PATH}:/home/mtrn/4231/liam_stuff/4231project/install/ros2_aruco:/home/mtrn/4231/liam_stuff/4231project/install/opencv_example:/home/mtrn/4231/liam_stuff/4231project/install/openCV_example:/home/mtrn/4231/liam_stuff/4231project/install/my_package:/home/mtrn/4231/ws_moveit2/install/moveit_configs_utils:/home/mtrn/4231/ws_moveit2/install/launch_param_builder:/opt/ros/humble /home/mtrn/.local/bin/cmake --build /home/mtrn/4231/liam_stuff/4231project/build/canvas -- -j12 -l12
