[0.327s] DEBUG:colcon:Command line arguments: ['/usr/bin/colcon', 'build']
[0.327s] DEBUG:colcon:Parsed command line arguments: Namespace(log_base=None, log_level=None, verb_name='build', build_base='build', install_base='install', merge_install=False, symlink_install=False, test_result_base=None, continue_on_error=False, executor='parallel', parallel_workers=12, event_handlers=None, ignore_user_meta=False, metas=['./colcon.meta'], base_paths=['.'], packages_ignore=None, packages_ignore_regex=None, paths=None, packages_up_to=None, packages_up_to_regex=None, packages_above=None, packages_above_and_dependencies=None, packages_above_depth=None, packages_select_by_dep=None, packages_skip_by_dep=None, packages_skip_up_to=None, packages_select_build_failed=False, packages_skip_build_finished=False, packages_select_test_failures=False, packages_skip_test_passed=False, packages_select=None, packages_skip=None, packages_select_regex=None, packages_skip_regex=None, packages_start=None, packages_end=None, allow_overriding=[], cmake_args=None, cmake_target=None, cmake_target_skip_unavailable=False, cmake_clean_cache=False, cmake_clean_first=False, cmake_force_configure=False, ament_cmake_args=None, catkin_cmake_args=None, catkin_skip_building_tests=False, mixin_files=None, mixin=None, verb_parser=<colcon_mixin.mixin.mixin_argument.MixinArgumentDecorator object at 0x7f4e555266b0>, verb_extension=<colcon_core.verb.build.BuildVerb object at 0x7f4e556592a0>, main=<bound method BuildVerb.main of <colcon_core.verb.build.BuildVerb object at 0x7f4e556592a0>>, mixin_verb=('build',))
[0.352s] Level 1:colcon.colcon_core.package_discovery:discover_packages(colcon_meta) check parameters
[0.352s] Level 1:colcon.colcon_core.package_discovery:discover_packages(recursive) check parameters
[0.352s] Level 1:colcon.colcon_core.package_discovery:discover_packages(ignore) check parameters
[0.352s] Level 1:colcon.colcon_core.package_discovery:discover_packages(path) check parameters
[0.352s] Level 1:colcon.colcon_core.package_discovery:discover_packages(colcon_meta) discover
[0.352s] Level 1:colcon.colcon_core.package_discovery:discover_packages(recursive) discover
[0.352s] INFO:colcon.colcon_core.package_discovery:Crawling recursively for packages in '/home/mtrn/4231/liam_stuff/4231project'
[0.352s] Level 1:colcon.colcon_core.package_identification:_identify(.) by extensions ['ignore', 'ignore_ament_install']
[0.352s] Level 1:colcon.colcon_core.package_identification:_identify(.) by extension 'ignore'
[0.352s] Level 1:colcon.colcon_core.package_identification:_identify(.) by extension 'ignore_ament_install'
[0.352s] Level 1:colcon.colcon_core.package_identification:_identify(.) by extensions ['colcon_pkg']
[0.352s] Level 1:colcon.colcon_core.package_identification:_identify(.) by extension 'colcon_pkg'
[0.352s] Level 1:colcon.colcon_core.package_identification:_identify(.) by extensions ['colcon_meta']
[0.352s] Level 1:colcon.colcon_core.package_identification:_identify(.) by extension 'colcon_meta'
[0.352s] Level 1:colcon.colcon_core.package_identification:_identify(.) by extensions ['ros']
[0.352s] Level 1:colcon.colcon_core.package_identification:_identify(.) by extension 'ros'
[0.363s] Level 1:colcon.colcon_core.package_identification:_identify(.) by extensions ['cmake', 'python']
[0.363s] Level 1:colcon.colcon_core.package_identification:_identify(.) by extension 'cmake'
[0.363s] Level 1:colcon.colcon_core.package_identification:_identify(.) by extension 'python'
[0.363s] Level 1:colcon.colcon_core.package_identification:_identify(.) by extensions ['python_setup_py']
[0.363s] Level 1:colcon.colcon_core.package_identification:_identify(.) by extension 'python_setup_py'
[0.363s] Level 1:colcon.colcon_core.package_identification:_identify(build) by extensions ['ignore', 'ignore_ament_install']
[0.363s] Level 1:colcon.colcon_core.package_identification:_identify(build) by extension 'ignore'
[0.363s] Level 1:colcon.colcon_core.package_identification:_identify(build) ignored
[0.363s] Level 1:colcon.colcon_core.package_identification:_identify(install) by extensions ['ignore', 'ignore_ament_install']
[0.363s] Level 1:colcon.colcon_core.package_identification:_identify(install) by extension 'ignore'
[0.363s] Level 1:colcon.colcon_core.package_identification:_identify(install) ignored
[0.363s] Level 1:colcon.colcon_core.package_identification:_identify(log) by extensions ['ignore', 'ignore_ament_install']
[0.363s] Level 1:colcon.colcon_core.package_identification:_identify(log) by extension 'ignore'
[0.363s] Level 1:colcon.colcon_core.package_identification:_identify(log) ignored
[0.363s] Level 1:colcon.colcon_core.package_identification:_identify(src) by extensions ['ignore', 'ignore_ament_install']
[0.364s] Level 1:colcon.colcon_core.package_identification:_identify(src) by extension 'ignore'
[0.364s] Level 1:colcon.colcon_core.package_identification:_identify(src) by extension 'ignore_ament_install'
[0.364s] Level 1:colcon.colcon_core.package_identification:_identify(src) by extensions ['colcon_pkg']
[0.364s] Level 1:colcon.colcon_core.package_identification:_identify(src) by extension 'colcon_pkg'
[0.364s] Level 1:colcon.colcon_core.package_identification:_identify(src) by extensions ['colcon_meta']
[0.364s] Level 1:colcon.colcon_core.package_identification:_identify(src) by extension 'colcon_meta'
[0.364s] Level 1:colcon.colcon_core.package_identification:_identify(src) by extensions ['ros']
[0.364s] Level 1:colcon.colcon_core.package_identification:_identify(src) by extension 'ros'
[0.364s] Level 1:colcon.colcon_core.package_identification:_identify(src) by extensions ['cmake', 'python']
[0.364s] Level 1:colcon.colcon_core.package_identification:_identify(src) by extension 'cmake'
[0.364s] Level 1:colcon.colcon_core.package_identification:_identify(src) by extension 'python'
[0.364s] Level 1:colcon.colcon_core.package_identification:_identify(src) by extensions ['python_setup_py']
[0.364s] Level 1:colcon.colcon_core.package_identification:_identify(src) by extension 'python_setup_py'
[0.364s] Level 1:colcon.colcon_core.package_identification:_identify(src/messages) by extensions ['ignore', 'ignore_ament_install']
[0.364s] Level 1:colcon.colcon_core.package_identification:_identify(src/messages) by extension 'ignore'
[0.364s] Level 1:colcon.colcon_core.package_identification:_identify(src/messages) by extension 'ignore_ament_install'
[0.364s] Level 1:colcon.colcon_core.package_identification:_identify(src/messages) by extensions ['colcon_pkg']
[0.364s] Level 1:colcon.colcon_core.package_identification:_identify(src/messages) by extension 'colcon_pkg'
[0.364s] Level 1:colcon.colcon_core.package_identification:_identify(src/messages) by extensions ['colcon_meta']
[0.364s] Level 1:colcon.colcon_core.package_identification:_identify(src/messages) by extension 'colcon_meta'
[0.364s] Level 1:colcon.colcon_core.package_identification:_identify(src/messages) by extensions ['ros']
[0.364s] Level 1:colcon.colcon_core.package_identification:_identify(src/messages) by extension 'ros'
[0.366s] DEBUG:colcon.colcon_core.package_identification:Package 'src/messages' with type 'ros.ament_cmake' and name 'messages'
[0.366s] Level 1:colcon.colcon_core.package_identification:_identify(src/my_package) by extensions ['ignore', 'ignore_ament_install']
[0.366s] Level 1:colcon.colcon_core.package_identification:_identify(src/my_package) by extension 'ignore'
[0.366s] Level 1:colcon.colcon_core.package_identification:_identify(src/my_package) by extension 'ignore_ament_install'
[0.367s] Level 1:colcon.colcon_core.package_identification:_identify(src/my_package) by extensions ['colcon_pkg']
[0.367s] Level 1:colcon.colcon_core.package_identification:_identify(src/my_package) by extension 'colcon_pkg'
[0.367s] Level 1:colcon.colcon_core.package_identification:_identify(src/my_package) by extensions ['colcon_meta']
[0.367s] Level 1:colcon.colcon_core.package_identification:_identify(src/my_package) by extension 'colcon_meta'
[0.367s] Level 1:colcon.colcon_core.package_identification:_identify(src/my_package) by extensions ['ros']
[0.367s] Level 1:colcon.colcon_core.package_identification:_identify(src/my_package) by extension 'ros'
[0.367s] DEBUG:colcon.colcon_core.package_identification:Package 'src/my_package' with type 'ros.ament_python' and name 'my_package'
[0.367s] Level 1:colcon.colcon_core.package_identification:_identify(src/opencv_example) by extensions ['ignore', 'ignore_ament_install']
[0.367s] Level 1:colcon.colcon_core.package_identification:_identify(src/opencv_example) by extension 'ignore'
[0.367s] Level 1:colcon.colcon_core.package_identification:_identify(src/opencv_example) by extension 'ignore_ament_install'
[0.367s] Level 1:colcon.colcon_core.package_identification:_identify(src/opencv_example) by extensions ['colcon_pkg']
[0.367s] Level 1:colcon.colcon_core.package_identification:_identify(src/opencv_example) by extension 'colcon_pkg'
[0.367s] Level 1:colcon.colcon_core.package_identification:_identify(src/opencv_example) by extensions ['colcon_meta']
[0.367s] Level 1:colcon.colcon_core.package_identification:_identify(src/opencv_example) by extension 'colcon_meta'
[0.367s] Level 1:colcon.colcon_core.package_identification:_identify(src/opencv_example) by extensions ['ros']
[0.367s] Level 1:colcon.colcon_core.package_identification:_identify(src/opencv_example) by extension 'ros'
[0.368s] DEBUG:colcon.colcon_core.package_identification:Package 'src/opencv_example' with type 'ros.ament_python' and name 'opencv_example'
[0.368s] Level 1:colcon.colcon_core.package_identification:_identify(src/ros2_v4l2_camera-rolling) by extensions ['ignore', 'ignore_ament_install']
[0.368s] Level 1:colcon.colcon_core.package_identification:_identify(src/ros2_v4l2_camera-rolling) by extension 'ignore'
[0.368s] Level 1:colcon.colcon_core.package_identification:_identify(src/ros2_v4l2_camera-rolling) by extension 'ignore_ament_install'
[0.368s] Level 1:colcon.colcon_core.package_identification:_identify(src/ros2_v4l2_camera-rolling) by extensions ['colcon_pkg']
[0.368s] Level 1:colcon.colcon_core.package_identification:_identify(src/ros2_v4l2_camera-rolling) by extension 'colcon_pkg'
[0.368s] Level 1:colcon.colcon_core.package_identification:_identify(src/ros2_v4l2_camera-rolling) by extensions ['colcon_meta']
[0.368s] Level 1:colcon.colcon_core.package_identification:_identify(src/ros2_v4l2_camera-rolling) by extension 'colcon_meta'
[0.368s] Level 1:colcon.colcon_core.package_identification:_identify(src/ros2_v4l2_camera-rolling) by extensions ['ros']
[0.368s] Level 1:colcon.colcon_core.package_identification:_identify(src/ros2_v4l2_camera-rolling) by extension 'ros'
[0.369s] DEBUG:colcon.colcon_core.package_identification:Package 'src/ros2_v4l2_camera-rolling' with type 'ros.ament_cmake' and name 'v4l2_camera'
[0.369s] Level 1:colcon.colcon_core.package_discovery:discover_packages(recursive) using defaults
[0.369s] Level 1:colcon.colcon_core.package_discovery:discover_packages(ignore) discover
[0.369s] Level 1:colcon.colcon_core.package_discovery:discover_packages(ignore) using defaults
[0.369s] Level 1:colcon.colcon_core.package_discovery:discover_packages(path) discover
[0.369s] Level 1:colcon.colcon_core.package_discovery:discover_packages(path) using defaults
[0.391s] Level 1:colcon.colcon_core.package_discovery:discover_packages(prefix_path) check parameters
[0.391s] Level 1:colcon.colcon_core.package_discovery:discover_packages(prefix_path) discover
[0.392s] WARNING:colcon.colcon_ros.prefix_path.ament:The path '/home/mtrn/4231/liam_stuff/4231project/install/messages' in the environment variable AMENT_PREFIX_PATH doesn't exist
[0.392s] WARNING:colcon.colcon_ros.prefix_path.ament:The path '/home/mtrn/4231/liam_stuff/4231project/install/v4l2_camera' in the environment variable AMENT_PREFIX_PATH doesn't exist
[0.392s] WARNING:colcon.colcon_ros.prefix_path.ament:The path '/home/mtrn/4231/liam_stuff/4231project/install/opencv_example' in the environment variable AMENT_PREFIX_PATH doesn't exist
[0.392s] WARNING:colcon.colcon_ros.prefix_path.ament:The path '/home/mtrn/4231/liam_stuff/4231project/install/my_package' in the environment variable AMENT_PREFIX_PATH doesn't exist
[0.392s] WARNING:colcon.colcon_ros.prefix_path.ament:The path '/home/mtrn/4231/liam_stuff/4231project/install/canvas_detector' in the environment variable AMENT_PREFIX_PATH doesn't exist
[0.392s] WARNING:colcon.colcon_ros.prefix_path.ament:The path '/home/mtrn/4231/liam_stuff/4231project/install/canvas' in the environment variable AMENT_PREFIX_PATH doesn't exist
[0.394s] WARNING:colcon.colcon_ros.prefix_path.catkin:The path '/home/mtrn/4231/liam_stuff/4231project/install/messages' in the environment variable CMAKE_PREFIX_PATH doesn't exist
[0.394s] WARNING:colcon.colcon_ros.prefix_path.catkin:The path '/home/mtrn/4231/liam_stuff/4231project/install/v4l2_camera' in the environment variable CMAKE_PREFIX_PATH doesn't exist
[0.394s] WARNING:colcon.colcon_ros.prefix_path.catkin:The path '/home/mtrn/4231/liam_stuff/4231project/install/canvas_detector' in the environment variable CMAKE_PREFIX_PATH doesn't exist
[0.395s] WARNING:colcon.colcon_ros.prefix_path.catkin:The path '/home/mtrn/4231/liam_stuff/4231project/install/canvas' in the environment variable CMAKE_PREFIX_PATH doesn't exist
[0.396s] DEBUG:colcon.colcon_installed_package_information.package_discovery:Found 0 installed packages in /home/mtrn/4231/liam_stuff/4231project/install
[0.397s] DEBUG:colcon.colcon_installed_package_information.package_discovery:Found 4 installed packages in /home/mtrn/.local/share/Trash/files/src.3/install
[0.398s] DEBUG:colcon.colcon_installed_package_information.package_discovery:Found 7 installed packages in /home/mtrn/4231/ros_ur_driver/install
[0.399s] DEBUG:colcon.colcon_installed_package_information.package_discovery:Found 55 installed packages in /home/mtrn/4231/ws_moveit2/install
[0.402s] DEBUG:colcon.colcon_installed_package_information.package_discovery:Found 339 installed packages in /opt/ros/humble
[0.405s] Level 1:colcon.colcon_core.package_discovery:discover_packages(prefix_path) using defaults
[0.470s] Level 5:colcon.colcon_core.verb:set package 'messages' build argument 'cmake_args' from command line to 'None'
[0.470s] Level 5:colcon.colcon_core.verb:set package 'messages' build argument 'cmake_target' from command line to 'None'
[0.470s] Level 5:colcon.colcon_core.verb:set package 'messages' build argument 'cmake_target_skip_unavailable' from command line to 'False'
[0.470s] Level 5:colcon.colcon_core.verb:set package 'messages' build argument 'cmake_clean_cache' from command line to 'False'
[0.470s] Level 5:colcon.colcon_core.verb:set package 'messages' build argument 'cmake_clean_first' from command line to 'False'
[0.470s] Level 5:colcon.colcon_core.verb:set package 'messages' build argument 'cmake_force_configure' from command line to 'False'
[0.470s] Level 5:colcon.colcon_core.verb:set package 'messages' build argument 'ament_cmake_args' from command line to 'None'
[0.470s] Level 5:colcon.colcon_core.verb:set package 'messages' build argument 'catkin_cmake_args' from command line to 'None'
[0.470s] Level 5:colcon.colcon_core.verb:set package 'messages' build argument 'catkin_skip_building_tests' from command line to 'False'
[0.470s] DEBUG:colcon.colcon_core.verb:Building package 'messages' with the following arguments: {'ament_cmake_args': None, 'build_base': '/home/mtrn/4231/liam_stuff/4231project/build/messages', 'catkin_cmake_args': None, 'catkin_skip_building_tests': False, 'cmake_args': None, 'cmake_clean_cache': False, 'cmake_clean_first': False, 'cmake_force_configure': False, 'cmake_target': None, 'cmake_target_skip_unavailable': False, 'install_base': '/home/mtrn/4231/liam_stuff/4231project/install/messages', 'merge_install': False, 'path': '/home/mtrn/4231/liam_stuff/4231project/src/messages', 'symlink_install': False, 'test_result_base': None}
[0.471s] Level 5:colcon.colcon_core.verb:set package 'my_package' build argument 'cmake_args' from command line to 'None'
[0.471s] Level 5:colcon.colcon_core.verb:set package 'my_package' build argument 'cmake_target' from command line to 'None'
[0.471s] Level 5:colcon.colcon_core.verb:set package 'my_package' build argument 'cmake_target_skip_unavailable' from command line to 'False'
[0.471s] Level 5:colcon.colcon_core.verb:set package 'my_package' build argument 'cmake_clean_cache' from command line to 'False'
[0.471s] Level 5:colcon.colcon_core.verb:set package 'my_package' build argument 'cmake_clean_first' from command line to 'False'
[0.471s] Level 5:colcon.colcon_core.verb:set package 'my_package' build argument 'cmake_force_configure' from command line to 'False'
[0.471s] Level 5:colcon.colcon_core.verb:set package 'my_package' build argument 'ament_cmake_args' from command line to 'None'
[0.471s] Level 5:colcon.colcon_core.verb:set package 'my_package' build argument 'catkin_cmake_args' from command line to 'None'
[0.471s] Level 5:colcon.colcon_core.verb:set package 'my_package' build argument 'catkin_skip_building_tests' from command line to 'False'
[0.471s] DEBUG:colcon.colcon_core.verb:Building package 'my_package' with the following arguments: {'ament_cmake_args': None, 'build_base': '/home/mtrn/4231/liam_stuff/4231project/build/my_package', 'catkin_cmake_args': None, 'catkin_skip_building_tests': False, 'cmake_args': None, 'cmake_clean_cache': False, 'cmake_clean_first': False, 'cmake_force_configure': False, 'cmake_target': None, 'cmake_target_skip_unavailable': False, 'install_base': '/home/mtrn/4231/liam_stuff/4231project/install/my_package', 'merge_install': False, 'path': '/home/mtrn/4231/liam_stuff/4231project/src/my_package', 'symlink_install': False, 'test_result_base': None}
[0.472s] Level 5:colcon.colcon_core.verb:set package 'opencv_example' build argument 'cmake_args' from command line to 'None'
[0.472s] Level 5:colcon.colcon_core.verb:set package 'opencv_example' build argument 'cmake_target' from command line to 'None'
[0.472s] Level 5:colcon.colcon_core.verb:set package 'opencv_example' build argument 'cmake_target_skip_unavailable' from command line to 'False'
[0.472s] Level 5:colcon.colcon_core.verb:set package 'opencv_example' build argument 'cmake_clean_cache' from command line to 'False'
[0.472s] Level 5:colcon.colcon_core.verb:set package 'opencv_example' build argument 'cmake_clean_first' from command line to 'False'
[0.472s] Level 5:colcon.colcon_core.verb:set package 'opencv_example' build argument 'cmake_force_configure' from command line to 'False'
[0.472s] Level 5:colcon.colcon_core.verb:set package 'opencv_example' build argument 'ament_cmake_args' from command line to 'None'
[0.472s] Level 5:colcon.colcon_core.verb:set package 'opencv_example' build argument 'catkin_cmake_args' from command line to 'None'
[0.472s] Level 5:colcon.colcon_core.verb:set package 'opencv_example' build argument 'catkin_skip_building_tests' from command line to 'False'
[0.472s] DEBUG:colcon.colcon_core.verb:Building package 'opencv_example' with the following arguments: {'ament_cmake_args': None, 'build_base': '/home/mtrn/4231/liam_stuff/4231project/build/opencv_example', 'catkin_cmake_args': None, 'catkin_skip_building_tests': False, 'cmake_args': None, 'cmake_clean_cache': False, 'cmake_clean_first': False, 'cmake_force_configure': False, 'cmake_target': None, 'cmake_target_skip_unavailable': False, 'install_base': '/home/mtrn/4231/liam_stuff/4231project/install/opencv_example', 'merge_install': False, 'path': '/home/mtrn/4231/liam_stuff/4231project/src/opencv_example', 'symlink_install': False, 'test_result_base': None}
[0.473s] Level 5:colcon.colcon_core.verb:set package 'v4l2_camera' build argument 'cmake_args' from command line to 'None'
[0.473s] Level 5:colcon.colcon_core.verb:set package 'v4l2_camera' build argument 'cmake_target' from command line to 'None'
[0.473s] Level 5:colcon.colcon_core.verb:set package 'v4l2_camera' build argument 'cmake_target_skip_unavailable' from command line to 'False'
[0.473s] Level 5:colcon.colcon_core.verb:set package 'v4l2_camera' build argument 'cmake_clean_cache' from command line to 'False'
[0.473s] Level 5:colcon.colcon_core.verb:set package 'v4l2_camera' build argument 'cmake_clean_first' from command line to 'False'
[0.473s] Level 5:colcon.colcon_core.verb:set package 'v4l2_camera' build argument 'cmake_force_configure' from command line to 'False'
[0.473s] Level 5:colcon.colcon_core.verb:set package 'v4l2_camera' build argument 'ament_cmake_args' from command line to 'None'
[0.473s] Level 5:colcon.colcon_core.verb:set package 'v4l2_camera' build argument 'catkin_cmake_args' from command line to 'None'
[0.473s] Level 5:colcon.colcon_core.verb:set package 'v4l2_camera' build argument 'catkin_skip_building_tests' from command line to 'False'
[0.473s] DEBUG:colcon.colcon_core.verb:Building package 'v4l2_camera' with the following arguments: {'ament_cmake_args': None, 'build_base': '/home/mtrn/4231/liam_stuff/4231project/build/v4l2_camera', 'catkin_cmake_args': None, 'catkin_skip_building_tests': False, 'cmake_args': None, 'cmake_clean_cache': False, 'cmake_clean_first': False, 'cmake_force_configure': False, 'cmake_target': None, 'cmake_target_skip_unavailable': False, 'install_base': '/home/mtrn/4231/liam_stuff/4231project/install/v4l2_camera', 'merge_install': False, 'path': '/home/mtrn/4231/liam_stuff/4231project/src/ros2_v4l2_camera-rolling', 'symlink_install': False, 'test_result_base': None}
[0.474s] INFO:colcon.colcon_core.executor:Executing jobs using 'parallel' executor
[0.477s] DEBUG:colcon.colcon_parallel_executor.executor.parallel:run_until_complete
[0.477s] INFO:colcon.colcon_ros.task.ament_cmake.build:Building ROS package in '/home/mtrn/4231/liam_stuff/4231project/src/messages' with build type 'ament_cmake'
[0.477s] INFO:colcon.colcon_cmake.task.cmake.build:Building CMake package in '/home/mtrn/4231/liam_stuff/4231project/src/messages'
[0.482s] INFO:colcon.colcon_core.plugin_system:Skipping extension 'colcon_core.shell.bat': Not used on non-Windows systems
[0.482s] INFO:colcon.colcon_core.shell:Skip shell extension 'powershell' for command environment: Not usable outside of PowerShell
[0.482s] DEBUG:colcon.colcon_core.shell:Skip shell extension 'dsv' for command environment
[0.492s] INFO:colcon.colcon_ros.task.ament_python.build:Building ROS package in '/home/mtrn/4231/liam_stuff/4231project/src/my_package' with build type 'ament_python'
[0.492s] Level 1:colcon.colcon_core.shell:create_environment_hook('my_package', 'ament_prefix_path')
[0.493s] INFO:colcon.colcon_core.shell:Creating environment hook '/home/mtrn/4231/liam_stuff/4231project/install/my_package/share/my_package/hook/ament_prefix_path.ps1'
[0.494s] INFO:colcon.colcon_core.shell:Creating environment descriptor '/home/mtrn/4231/liam_stuff/4231project/install/my_package/share/my_package/hook/ament_prefix_path.dsv'
[0.495s] INFO:colcon.colcon_core.shell:Creating environment hook '/home/mtrn/4231/liam_stuff/4231project/install/my_package/share/my_package/hook/ament_prefix_path.sh'
[0.496s] INFO:colcon.colcon_core.shell:Skip shell extension 'powershell' for command environment: Not usable outside of PowerShell
[0.496s] DEBUG:colcon.colcon_core.shell:Skip shell extension 'dsv' for command environment
[0.506s] INFO:colcon.colcon_ros.task.ament_python.build:Building ROS package in '/home/mtrn/4231/liam_stuff/4231project/src/opencv_example' with build type 'ament_python'
[0.506s] Level 1:colcon.colcon_core.shell:create_environment_hook('opencv_example', 'ament_prefix_path')
[0.507s] INFO:colcon.colcon_core.shell:Creating environment hook '/home/mtrn/4231/liam_stuff/4231project/install/opencv_example/share/opencv_example/hook/ament_prefix_path.ps1'
[0.508s] INFO:colcon.colcon_core.shell:Creating environment descriptor '/home/mtrn/4231/liam_stuff/4231project/install/opencv_example/share/opencv_example/hook/ament_prefix_path.dsv'
[0.508s] INFO:colcon.colcon_core.shell:Creating environment hook '/home/mtrn/4231/liam_stuff/4231project/install/opencv_example/share/opencv_example/hook/ament_prefix_path.sh'
[0.509s] INFO:colcon.colcon_core.shell:Skip shell extension 'powershell' for command environment: Not usable outside of PowerShell
[0.509s] DEBUG:colcon.colcon_core.shell:Skip shell extension 'dsv' for command environment
[0.520s] INFO:colcon.colcon_ros.task.ament_cmake.build:Building ROS package in '/home/mtrn/4231/liam_stuff/4231project/src/ros2_v4l2_camera-rolling' with build type 'ament_cmake'
[0.520s] INFO:colcon.colcon_cmake.task.cmake.build:Building CMake package in '/home/mtrn/4231/liam_stuff/4231project/src/ros2_v4l2_camera-rolling'
[0.521s] INFO:colcon.colcon_core.shell:Skip shell extension 'powershell' for command environment: Not usable outside of PowerShell
[0.521s] DEBUG:colcon.colcon_core.shell:Skip shell extension 'dsv' for command environment
[0.536s] DEBUG:colcon.colcon_core.event_handler.log_command:Invoking command in '/home/mtrn/4231/liam_stuff/4231project/build/messages': CMAKE_PREFIX_PATH=${CMAKE_PREFIX_PATH}:/home/mtrn/.local/share/Trash/files/src.3/install/opencv_example:/home/mtrn/.local/share/Trash/files/src.3/install/my_package:/home/mtrn/4231/liam_stuff/4231project/install/opencv_example:/home/mtrn/4231/liam_stuff/4231project/install/my_package:/home/mtrn/4231/ws_moveit2/install/moveit_configs_utils:/home/mtrn/4231/ws_moveit2/install/launch_param_builder:/opt/ros/humble /home/mtrn/.local/bin/cmake /home/mtrn/4231/liam_stuff/4231project/src/messages -DCMAKE_INSTALL_PREFIX=/home/mtrn/4231/liam_stuff/4231project/install/messages
[0.795s] INFO:colcon.colcon_core.task.python.build:Building Python package in '/home/mtrn/4231/liam_stuff/4231project/src/my_package'
[0.799s] INFO:colcon.colcon_core.shell:Skip shell extension 'powershell' for command environment: Not usable outside of PowerShell
[0.799s] DEBUG:colcon.colcon_core.shell:Skip shell extension 'dsv' for command environment
[1.103s] INFO:colcon.colcon_core.task.python.build:Building Python package in '/home/mtrn/4231/liam_stuff/4231project/src/opencv_example'
[1.108s] INFO:colcon.colcon_core.shell:Skip shell extension 'powershell' for command environment: Not usable outside of PowerShell
[1.108s] DEBUG:colcon.colcon_core.shell:Skip shell extension 'dsv' for command environment
[1.134s] DEBUG:colcon.colcon_core.event_handler.log_command:Invoking command in '/home/mtrn/4231/liam_stuff/4231project/build/v4l2_camera': CMAKE_PREFIX_PATH=${CMAKE_PREFIX_PATH}:/home/mtrn/.local/share/Trash/files/src.3/install/opencv_example:/home/mtrn/.local/share/Trash/files/src.3/install/my_package:/home/mtrn/4231/liam_stuff/4231project/install/opencv_example:/home/mtrn/4231/liam_stuff/4231project/install/my_package:/home/mtrn/4231/ws_moveit2/install/moveit_configs_utils:/home/mtrn/4231/ws_moveit2/install/launch_param_builder:/opt/ros/humble /home/mtrn/.local/bin/cmake /home/mtrn/4231/liam_stuff/4231project/src/ros2_v4l2_camera-rolling -DCMAKE_INSTALL_PREFIX=/home/mtrn/4231/liam_stuff/4231project/install/v4l2_camera
[1.545s] DEBUG:colcon.colcon_core.event_handler.log_command:Invoking command in '/home/mtrn/4231/liam_stuff/4231project/src/opencv_example': PYTHONPATH=/home/mtrn/4231/liam_stuff/4231project/build/opencv_example/prefix_override:/home/mtrn/4231/liam_stuff/4231project/install/opencv_example/lib/python3.10/site-packages:${PYTHONPATH} /usr/bin/python3 setup.py egg_info --egg-base ../../build/opencv_example build --build-base /home/mtrn/4231/liam_stuff/4231project/build/opencv_example/build install --record /home/mtrn/4231/liam_stuff/4231project/build/opencv_example/install.log --single-version-externally-managed
[1.555s] DEBUG:colcon.colcon_core.event_handler.log_command:Invoking command in '/home/mtrn/4231/liam_stuff/4231project/src/my_package': PYTHONPATH=/home/mtrn/4231/liam_stuff/4231project/build/my_package/prefix_override:/home/mtrn/4231/liam_stuff/4231project/install/my_package/lib/python3.10/site-packages:${PYTHONPATH} /usr/bin/python3 setup.py egg_info --egg-base ../../build/my_package build --build-base /home/mtrn/4231/liam_stuff/4231project/build/my_package/build install --record /home/mtrn/4231/liam_stuff/4231project/build/my_package/install.log --single-version-externally-managed
[1.870s] DEBUG:colcon.colcon_core.event_handler.log_command:Invoked command in '/home/mtrn/4231/liam_stuff/4231project/src/my_package' returned '0': PYTHONPATH=/home/mtrn/4231/liam_stuff/4231project/build/my_package/prefix_override:/home/mtrn/4231/liam_stuff/4231project/install/my_package/lib/python3.10/site-packages:${PYTHONPATH} /usr/bin/python3 setup.py egg_info --egg-base ../../build/my_package build --build-base /home/mtrn/4231/liam_stuff/4231project/build/my_package/build install --record /home/mtrn/4231/liam_stuff/4231project/build/my_package/install.log --single-version-externally-managed
[1.876s] Level 1:colcon.colcon_core.environment:checking '/home/mtrn/4231/liam_stuff/4231project/install/my_package' for CMake module files
[1.876s] Level 1:colcon.colcon_core.environment:checking '/home/mtrn/4231/liam_stuff/4231project/install/my_package' for CMake config files
[1.877s] Level 1:colcon.colcon_core.environment:checking '/home/mtrn/4231/liam_stuff/4231project/install/my_package/lib'
[1.877s] Level 1:colcon.colcon_core.environment:checking '/home/mtrn/4231/liam_stuff/4231project/install/my_package/bin'
[1.877s] Level 1:colcon.colcon_core.environment:checking '/home/mtrn/4231/liam_stuff/4231project/install/my_package/lib/pkgconfig/my_package.pc'
[1.878s] Level 1:colcon.colcon_core.environment:checking '/home/mtrn/4231/liam_stuff/4231project/install/my_package/lib/python3.10/site-packages'
[1.878s] Level 1:colcon.colcon_core.shell:create_environment_hook('my_package', 'pythonpath')
[1.880s] INFO:colcon.colcon_core.shell:Creating environment hook '/home/mtrn/4231/liam_stuff/4231project/install/my_package/share/my_package/hook/pythonpath.ps1'
[1.881s] INFO:colcon.colcon_core.shell:Creating environment descriptor '/home/mtrn/4231/liam_stuff/4231project/install/my_package/share/my_package/hook/pythonpath.dsv'
[1.882s] INFO:colcon.colcon_core.shell:Creating environment hook '/home/mtrn/4231/liam_stuff/4231project/install/my_package/share/my_package/hook/pythonpath.sh'
[1.882s] Level 1:colcon.colcon_core.environment:checking '/home/mtrn/4231/liam_stuff/4231project/install/my_package/bin'
[1.882s] Level 1:colcon.colcon_core.environment:create_environment_scripts_only(my_package)
[1.884s] INFO:colcon.colcon_core.shell:Creating package script '/home/mtrn/4231/liam_stuff/4231project/install/my_package/share/my_package/package.ps1'
[1.885s] INFO:colcon.colcon_core.shell:Creating package descriptor '/home/mtrn/4231/liam_stuff/4231project/install/my_package/share/my_package/package.dsv'
[1.886s] INFO:colcon.colcon_core.shell:Creating package script '/home/mtrn/4231/liam_stuff/4231project/install/my_package/share/my_package/package.sh'
[1.887s] INFO:colcon.colcon_core.shell:Creating package script '/home/mtrn/4231/liam_stuff/4231project/install/my_package/share/my_package/package.bash'
[1.887s] INFO:colcon.colcon_core.shell:Creating package script '/home/mtrn/4231/liam_stuff/4231project/install/my_package/share/my_package/package.zsh'
[1.888s] Level 1:colcon.colcon_core.environment:create_file_with_runtime_dependencies(/home/mtrn/4231/liam_stuff/4231project/install/my_package/share/colcon-core/packages/my_package)
[1.891s] Level 1:colcon.colcon_core.environment:checking '/home/mtrn/4231/liam_stuff/4231project/install/opencv_example' for CMake module files
[1.893s] DEBUG:colcon.colcon_core.event_handler.log_command:Invoked command in '/home/mtrn/4231/liam_stuff/4231project/src/opencv_example' returned '0': PYTHONPATH=/home/mtrn/4231/liam_stuff/4231project/build/opencv_example/prefix_override:/home/mtrn/4231/liam_stuff/4231project/install/opencv_example/lib/python3.10/site-packages:${PYTHONPATH} /usr/bin/python3 setup.py egg_info --egg-base ../../build/opencv_example build --build-base /home/mtrn/4231/liam_stuff/4231project/build/opencv_example/build install --record /home/mtrn/4231/liam_stuff/4231project/build/opencv_example/install.log --single-version-externally-managed
[1.893s] Level 1:colcon.colcon_core.environment:checking '/home/mtrn/4231/liam_stuff/4231project/install/opencv_example' for CMake config files
[1.893s] Level 1:colcon.colcon_core.environment:checking '/home/mtrn/4231/liam_stuff/4231project/install/opencv_example/lib'
[1.893s] Level 1:colcon.colcon_core.environment:checking '/home/mtrn/4231/liam_stuff/4231project/install/opencv_example/bin'
[1.894s] Level 1:colcon.colcon_core.environment:checking '/home/mtrn/4231/liam_stuff/4231project/install/opencv_example/lib/pkgconfig/opencv_example.pc'
[1.894s] Level 1:colcon.colcon_core.environment:checking '/home/mtrn/4231/liam_stuff/4231project/install/opencv_example/lib/python3.10/site-packages'
[1.894s] Level 1:colcon.colcon_core.shell:create_environment_hook('opencv_example', 'pythonpath')
[1.895s] INFO:colcon.colcon_core.shell:Creating environment hook '/home/mtrn/4231/liam_stuff/4231project/install/opencv_example/share/opencv_example/hook/pythonpath.ps1'
[1.896s] INFO:colcon.colcon_core.shell:Creating environment descriptor '/home/mtrn/4231/liam_stuff/4231project/install/opencv_example/share/opencv_example/hook/pythonpath.dsv'
[1.896s] INFO:colcon.colcon_core.shell:Creating environment hook '/home/mtrn/4231/liam_stuff/4231project/install/opencv_example/share/opencv_example/hook/pythonpath.sh'
[1.896s] Level 1:colcon.colcon_core.environment:checking '/home/mtrn/4231/liam_stuff/4231project/install/opencv_example/bin'
[1.897s] Level 1:colcon.colcon_core.environment:create_environment_scripts_only(opencv_example)
[1.898s] INFO:colcon.colcon_core.shell:Creating package script '/home/mtrn/4231/liam_stuff/4231project/install/opencv_example/share/opencv_example/package.ps1'
[1.898s] INFO:colcon.colcon_core.shell:Creating package descriptor '/home/mtrn/4231/liam_stuff/4231project/install/opencv_example/share/opencv_example/package.dsv'
[1.899s] INFO:colcon.colcon_core.shell:Creating package script '/home/mtrn/4231/liam_stuff/4231project/install/opencv_example/share/opencv_example/package.sh'
[1.899s] INFO:colcon.colcon_core.shell:Creating package script '/home/mtrn/4231/liam_stuff/4231project/install/opencv_example/share/opencv_example/package.bash'
[1.900s] INFO:colcon.colcon_core.shell:Creating package script '/home/mtrn/4231/liam_stuff/4231project/install/opencv_example/share/opencv_example/package.zsh'
[1.900s] Level 1:colcon.colcon_core.environment:create_file_with_runtime_dependencies(/home/mtrn/4231/liam_stuff/4231project/install/opencv_example/share/colcon-core/packages/opencv_example)
[5.292s] DEBUG:colcon.colcon_core.event_handler.log_command:Invoked command in '/home/mtrn/4231/liam_stuff/4231project/build/v4l2_camera' returned '0': CMAKE_PREFIX_PATH=${CMAKE_PREFIX_PATH}:/home/mtrn/.local/share/Trash/files/src.3/install/opencv_example:/home/mtrn/.local/share/Trash/files/src.3/install/my_package:/home/mtrn/4231/liam_stuff/4231project/install/opencv_example:/home/mtrn/4231/liam_stuff/4231project/install/my_package:/home/mtrn/4231/ws_moveit2/install/moveit_configs_utils:/home/mtrn/4231/ws_moveit2/install/launch_param_builder:/opt/ros/humble /home/mtrn/.local/bin/cmake /home/mtrn/4231/liam_stuff/4231project/src/ros2_v4l2_camera-rolling -DCMAKE_INSTALL_PREFIX=/home/mtrn/4231/liam_stuff/4231project/install/v4l2_camera
[5.298s] DEBUG:colcon.colcon_core.event_handler.log_command:Invoking command in '/home/mtrn/4231/liam_stuff/4231project/build/v4l2_camera': CMAKE_PREFIX_PATH=${CMAKE_PREFIX_PATH}:/home/mtrn/.local/share/Trash/files/src.3/install/opencv_example:/home/mtrn/.local/share/Trash/files/src.3/install/my_package:/home/mtrn/4231/liam_stuff/4231project/install/opencv_example:/home/mtrn/4231/liam_stuff/4231project/install/my_package:/home/mtrn/4231/ws_moveit2/install/moveit_configs_utils:/home/mtrn/4231/ws_moveit2/install/launch_param_builder:/opt/ros/humble /home/mtrn/.local/bin/cmake --build /home/mtrn/4231/liam_stuff/4231project/build/v4l2_camera -- -j12 -l12
[5.811s] DEBUG:colcon.colcon_core.event_handler.log_command:Invoked command in '/home/mtrn/4231/liam_stuff/4231project/build/messages' returned '0': CMAKE_PREFIX_PATH=${CMAKE_PREFIX_PATH}:/home/mtrn/.local/share/Trash/files/src.3/install/opencv_example:/home/mtrn/.local/share/Trash/files/src.3/install/my_package:/home/mtrn/4231/liam_stuff/4231project/install/opencv_example:/home/mtrn/4231/liam_stuff/4231project/install/my_package:/home/mtrn/4231/ws_moveit2/install/moveit_configs_utils:/home/mtrn/4231/ws_moveit2/install/launch_param_builder:/opt/ros/humble /home/mtrn/.local/bin/cmake /home/mtrn/4231/liam_stuff/4231project/src/messages -DCMAKE_INSTALL_PREFIX=/home/mtrn/4231/liam_stuff/4231project/install/messages
[5.814s] DEBUG:colcon.colcon_core.event_handler.log_command:Invoking command in '/home/mtrn/4231/liam_stuff/4231project/build/messages': CMAKE_PREFIX_PATH=${CMAKE_PREFIX_PATH}:/home/mtrn/.local/share/Trash/files/src.3/install/opencv_example:/home/mtrn/.local/share/Trash/files/src.3/install/my_package:/home/mtrn/4231/liam_stuff/4231project/install/opencv_example:/home/mtrn/4231/liam_stuff/4231project/install/my_package:/home/mtrn/4231/ws_moveit2/install/moveit_configs_utils:/home/mtrn/4231/ws_moveit2/install/launch_param_builder:/opt/ros/humble /home/mtrn/.local/bin/cmake --build /home/mtrn/4231/liam_stuff/4231project/build/messages -- -j12 -l12
[8.484s] DEBUG:colcon.colcon_core.event_handler.log_command:Invoked command in '/home/mtrn/4231/liam_stuff/4231project/build/messages' returned '0': CMAKE_PREFIX_PATH=${CMAKE_PREFIX_PATH}:/home/mtrn/.local/share/Trash/files/src.3/install/opencv_example:/home/mtrn/.local/share/Trash/files/src.3/install/my_package:/home/mtrn/4231/liam_stuff/4231project/install/opencv_example:/home/mtrn/4231/liam_stuff/4231project/install/my_package:/home/mtrn/4231/ws_moveit2/install/moveit_configs_utils:/home/mtrn/4231/ws_moveit2/install/launch_param_builder:/opt/ros/humble /home/mtrn/.local/bin/cmake --build /home/mtrn/4231/liam_stuff/4231project/build/messages -- -j12 -l12
[9.184s] DEBUG:colcon.colcon_core.event_handler.log_command:Invoking command in '/home/mtrn/4231/liam_stuff/4231project/build/messages': CMAKE_PREFIX_PATH=${CMAKE_PREFIX_PATH}:/home/mtrn/.local/share/Trash/files/src.3/install/opencv_example:/home/mtrn/.local/share/Trash/files/src.3/install/my_package:/home/mtrn/4231/liam_stuff/4231project/install/opencv_example:/home/mtrn/4231/liam_stuff/4231project/install/my_package:/home/mtrn/4231/ws_moveit2/install/moveit_configs_utils:/home/mtrn/4231/ws_moveit2/install/launch_param_builder:/opt/ros/humble /home/mtrn/.local/bin/cmake --install /home/mtrn/4231/liam_stuff/4231project/build/messages
[9.342s] Level 1:colcon.colcon_core.environment:create_environment_scripts_only(messages)
[9.344s] Level 1:colcon.colcon_core.environment:checking '/home/mtrn/4231/liam_stuff/4231project/install/messages' for CMake module files
[9.345s] DEBUG:colcon.colcon_core.event_handler.log_command:Invoked command in '/home/mtrn/4231/liam_stuff/4231project/build/messages' returned '0': CMAKE_PREFIX_PATH=${CMAKE_PREFIX_PATH}:/home/mtrn/.local/share/Trash/files/src.3/install/opencv_example:/home/mtrn/.local/share/Trash/files/src.3/install/my_package:/home/mtrn/4231/liam_stuff/4231project/install/opencv_example:/home/mtrn/4231/liam_stuff/4231project/install/my_package:/home/mtrn/4231/ws_moveit2/install/moveit_configs_utils:/home/mtrn/4231/ws_moveit2/install/launch_param_builder:/opt/ros/humble /home/mtrn/.local/bin/cmake --install /home/mtrn/4231/liam_stuff/4231project/build/messages
[9.346s] Level 1:colcon.colcon_core.environment:checking '/home/mtrn/4231/liam_stuff/4231project/install/messages' for CMake config files
[9.347s] Level 1:colcon.colcon_core.shell:create_environment_hook('messages', 'cmake_prefix_path')
[9.350s] INFO:colcon.colcon_core.shell:Creating environment hook '/home/mtrn/4231/liam_stuff/4231project/install/messages/share/messages/hook/cmake_prefix_path.ps1'
[9.351s] INFO:colcon.colcon_core.shell:Creating environment descriptor '/home/mtrn/4231/liam_stuff/4231project/install/messages/share/messages/hook/cmake_prefix_path.dsv'
[9.351s] INFO:colcon.colcon_core.shell:Creating environment hook '/home/mtrn/4231/liam_stuff/4231project/install/messages/share/messages/hook/cmake_prefix_path.sh'
[9.352s] Level 1:colcon.colcon_core.environment:checking '/home/mtrn/4231/liam_stuff/4231project/install/messages/lib'
[9.352s] Level 1:colcon.colcon_core.shell:create_environment_hook('messages', 'ld_library_path_lib')
[9.354s] INFO:colcon.colcon_core.shell:Creating environment hook '/home/mtrn/4231/liam_stuff/4231project/install/messages/share/messages/hook/ld_library_path_lib.ps1'
[9.355s] INFO:colcon.colcon_core.shell:Creating environment descriptor '/home/mtrn/4231/liam_stuff/4231project/install/messages/share/messages/hook/ld_library_path_lib.dsv'
[9.355s] INFO:colcon.colcon_core.shell:Creating environment hook '/home/mtrn/4231/liam_stuff/4231project/install/messages/share/messages/hook/ld_library_path_lib.sh'
[9.356s] Level 1:colcon.colcon_core.environment:checking '/home/mtrn/4231/liam_stuff/4231project/install/messages/bin'
[9.356s] Level 1:colcon.colcon_core.environment:checking '/home/mtrn/4231/liam_stuff/4231project/install/messages/lib/pkgconfig/messages.pc'
[9.356s] Level 1:colcon.colcon_core.environment:checking '/home/mtrn/4231/liam_stuff/4231project/install/messages/lib/python3.10/site-packages'
[9.357s] Level 1:colcon.colcon_core.environment:checking '/home/mtrn/4231/liam_stuff/4231project/install/messages/bin'
[9.358s] INFO:colcon.colcon_core.shell:Creating package script '/home/mtrn/4231/liam_stuff/4231project/install/messages/share/messages/package.ps1'
[9.359s] INFO:colcon.colcon_core.shell:Creating package descriptor '/home/mtrn/4231/liam_stuff/4231project/install/messages/share/messages/package.dsv'
[9.360s] INFO:colcon.colcon_core.shell:Creating package script '/home/mtrn/4231/liam_stuff/4231project/install/messages/share/messages/package.sh'
[9.360s] INFO:colcon.colcon_core.shell:Creating package script '/home/mtrn/4231/liam_stuff/4231project/install/messages/share/messages/package.bash'
[9.360s] INFO:colcon.colcon_core.shell:Creating package script '/home/mtrn/4231/liam_stuff/4231project/install/messages/share/messages/package.zsh'
[9.361s] Level 1:colcon.colcon_core.environment:create_file_with_runtime_dependencies(/home/mtrn/4231/liam_stuff/4231project/install/messages/share/colcon-core/packages/messages)
[10.050s] Level 1:colcon.colcon_core.environment:create_environment_scripts_only(messages)
[10.056s] Level 1:colcon.colcon_core.environment:checking '/home/mtrn/4231/liam_stuff/4231project/install/messages' for CMake module files
[10.057s] Level 1:colcon.colcon_core.environment:checking '/home/mtrn/4231/liam_stuff/4231project/install/messages' for CMake config files
[10.058s] Level 1:colcon.colcon_core.shell:create_environment_hook('messages', 'cmake_prefix_path')
[10.061s] INFO:colcon.colcon_core.shell:Creating environment hook '/home/mtrn/4231/liam_stuff/4231project/install/messages/share/messages/hook/cmake_prefix_path.ps1'
[10.062s] INFO:colcon.colcon_core.shell:Creating environment descriptor '/home/mtrn/4231/liam_stuff/4231project/install/messages/share/messages/hook/cmake_prefix_path.dsv'
[10.062s] INFO:colcon.colcon_core.shell:Creating environment hook '/home/mtrn/4231/liam_stuff/4231project/install/messages/share/messages/hook/cmake_prefix_path.sh'
[10.063s] Level 1:colcon.colcon_core.environment:checking '/home/mtrn/4231/liam_stuff/4231project/install/messages/lib'
[10.063s] Level 1:colcon.colcon_core.shell:create_environment_hook('messages', 'ld_library_path_lib')
[10.065s] INFO:colcon.colcon_core.shell:Creating environment hook '/home/mtrn/4231/liam_stuff/4231project/install/messages/share/messages/hook/ld_library_path_lib.ps1'
[10.066s] INFO:colcon.colcon_core.shell:Creating environment descriptor '/home/mtrn/4231/liam_stuff/4231project/install/messages/share/messages/hook/ld_library_path_lib.dsv'
[10.066s] INFO:colcon.colcon_core.shell:Creating environment hook '/home/mtrn/4231/liam_stuff/4231project/install/messages/share/messages/hook/ld_library_path_lib.sh'
[10.067s] Level 1:colcon.colcon_core.environment:checking '/home/mtrn/4231/liam_stuff/4231project/install/messages/bin'
[10.067s] Level 1:colcon.colcon_core.environment:checking '/home/mtrn/4231/liam_stuff/4231project/install/messages/lib/pkgconfig/messages.pc'
[10.067s] Level 1:colcon.colcon_core.environment:checking '/home/mtrn/4231/liam_stuff/4231project/install/messages/lib/python3.10/site-packages'
[10.068s] Level 1:colcon.colcon_core.environment:checking '/home/mtrn/4231/liam_stuff/4231project/install/messages/bin'
[10.070s] INFO:colcon.colcon_core.shell:Creating package script '/home/mtrn/4231/liam_stuff/4231project/install/messages/share/messages/package.ps1'
[10.070s] INFO:colcon.colcon_core.shell:Creating package descriptor '/home/mtrn/4231/liam_stuff/4231project/install/messages/share/messages/package.dsv'
[10.071s] INFO:colcon.colcon_core.shell:Creating package script '/home/mtrn/4231/liam_stuff/4231project/install/messages/share/messages/package.sh'
[10.071s] INFO:colcon.colcon_core.shell:Creating package script '/home/mtrn/4231/liam_stuff/4231project/install/messages/share/messages/package.bash'
[10.072s] INFO:colcon.colcon_core.shell:Creating package script '/home/mtrn/4231/liam_stuff/4231project/install/messages/share/messages/package.zsh'
[10.072s] Level 1:colcon.colcon_core.environment:create_file_with_runtime_dependencies(/home/mtrn/4231/liam_stuff/4231project/install/messages/share/colcon-core/packages/messages)
[22.860s] DEBUG:colcon.colcon_core.event_handler.log_command:Invoked command in '/home/mtrn/4231/liam_stuff/4231project/build/v4l2_camera' returned '0': CMAKE_PREFIX_PATH=${CMAKE_PREFIX_PATH}:/home/mtrn/.local/share/Trash/files/src.3/install/opencv_example:/home/mtrn/.local/share/Trash/files/src.3/install/my_package:/home/mtrn/4231/liam_stuff/4231project/install/opencv_example:/home/mtrn/4231/liam_stuff/4231project/install/my_package:/home/mtrn/4231/ws_moveit2/install/moveit_configs_utils:/home/mtrn/4231/ws_moveit2/install/launch_param_builder:/opt/ros/humble /home/mtrn/.local/bin/cmake --build /home/mtrn/4231/liam_stuff/4231project/build/v4l2_camera -- -j12 -l12
[23.280s] DEBUG:colcon.colcon_core.event_handler.log_command:Invoking command in '/home/mtrn/4231/liam_stuff/4231project/build/v4l2_camera': CMAKE_PREFIX_PATH=${CMAKE_PREFIX_PATH}:/home/mtrn/.local/share/Trash/files/src.3/install/opencv_example:/home/mtrn/.local/share/Trash/files/src.3/install/my_package:/home/mtrn/4231/liam_stuff/4231project/install/opencv_example:/home/mtrn/4231/liam_stuff/4231project/install/my_package:/home/mtrn/4231/ws_moveit2/install/moveit_configs_utils:/home/mtrn/4231/ws_moveit2/install/launch_param_builder:/opt/ros/humble /home/mtrn/.local/bin/cmake --install /home/mtrn/4231/liam_stuff/4231project/build/v4l2_camera
[23.384s] Level 1:colcon.colcon_core.environment:create_environment_scripts_only(v4l2_camera)
[23.389s] Level 1:colcon.colcon_core.environment:checking '/home/mtrn/4231/liam_stuff/4231project/install/v4l2_camera' for CMake module files
[23.390s] DEBUG:colcon.colcon_core.event_handler.log_command:Invoked command in '/home/mtrn/4231/liam_stuff/4231project/build/v4l2_camera' returned '0': CMAKE_PREFIX_PATH=${CMAKE_PREFIX_PATH}:/home/mtrn/.local/share/Trash/files/src.3/install/opencv_example:/home/mtrn/.local/share/Trash/files/src.3/install/my_package:/home/mtrn/4231/liam_stuff/4231project/install/opencv_example:/home/mtrn/4231/liam_stuff/4231project/install/my_package:/home/mtrn/4231/ws_moveit2/install/moveit_configs_utils:/home/mtrn/4231/ws_moveit2/install/launch_param_builder:/opt/ros/humble /home/mtrn/.local/bin/cmake --install /home/mtrn/4231/liam_stuff/4231project/build/v4l2_camera
[23.391s] Level 1:colcon.colcon_core.environment:checking '/home/mtrn/4231/liam_stuff/4231project/install/v4l2_camera' for CMake config files
[23.392s] Level 1:colcon.colcon_core.shell:create_environment_hook('v4l2_camera', 'cmake_prefix_path')
[23.395s] INFO:colcon.colcon_core.shell:Creating environment hook '/home/mtrn/4231/liam_stuff/4231project/install/v4l2_camera/share/v4l2_camera/hook/cmake_prefix_path.ps1'
[23.396s] INFO:colcon.colcon_core.shell:Creating environment descriptor '/home/mtrn/4231/liam_stuff/4231project/install/v4l2_camera/share/v4l2_camera/hook/cmake_prefix_path.dsv'
[23.396s] INFO:colcon.colcon_core.shell:Creating environment hook '/home/mtrn/4231/liam_stuff/4231project/install/v4l2_camera/share/v4l2_camera/hook/cmake_prefix_path.sh'
[23.397s] Level 1:colcon.colcon_core.environment:checking '/home/mtrn/4231/liam_stuff/4231project/install/v4l2_camera/lib'
[23.397s] Level 1:colcon.colcon_core.shell:create_environment_hook('v4l2_camera', 'ld_library_path_lib')
[23.399s] INFO:colcon.colcon_core.shell:Creating environment hook '/home/mtrn/4231/liam_stuff/4231project/install/v4l2_camera/share/v4l2_camera/hook/ld_library_path_lib.ps1'
[23.400s] INFO:colcon.colcon_core.shell:Creating environment descriptor '/home/mtrn/4231/liam_stuff/4231project/install/v4l2_camera/share/v4l2_camera/hook/ld_library_path_lib.dsv'
[23.401s] INFO:colcon.colcon_core.shell:Creating environment hook '/home/mtrn/4231/liam_stuff/4231project/install/v4l2_camera/share/v4l2_camera/hook/ld_library_path_lib.sh'
[23.401s] Level 1:colcon.colcon_core.environment:checking '/home/mtrn/4231/liam_stuff/4231project/install/v4l2_camera/bin'
[23.401s] Level 1:colcon.colcon_core.environment:checking '/home/mtrn/4231/liam_stuff/4231project/install/v4l2_camera/lib/pkgconfig/v4l2_camera.pc'
[23.402s] Level 1:colcon.colcon_core.environment:checking '/home/mtrn/4231/liam_stuff/4231project/install/v4l2_camera/lib/python3.10/site-packages'
[23.402s] Level 1:colcon.colcon_core.environment:checking '/home/mtrn/4231/liam_stuff/4231project/install/v4l2_camera/bin'
[23.405s] INFO:colcon.colcon_core.shell:Creating package script '/home/mtrn/4231/liam_stuff/4231project/install/v4l2_camera/share/v4l2_camera/package.ps1'
[23.405s] INFO:colcon.colcon_core.shell:Creating package descriptor '/home/mtrn/4231/liam_stuff/4231project/install/v4l2_camera/share/v4l2_camera/package.dsv'
[23.406s] INFO:colcon.colcon_core.shell:Creating package script '/home/mtrn/4231/liam_stuff/4231project/install/v4l2_camera/share/v4l2_camera/package.sh'
[23.406s] INFO:colcon.colcon_core.shell:Creating package script '/home/mtrn/4231/liam_stuff/4231project/install/v4l2_camera/share/v4l2_camera/package.bash'
[23.407s] INFO:colcon.colcon_core.shell:Creating package script '/home/mtrn/4231/liam_stuff/4231project/install/v4l2_camera/share/v4l2_camera/package.zsh'
[23.407s] Level 1:colcon.colcon_core.environment:create_file_with_runtime_dependencies(/home/mtrn/4231/liam_stuff/4231project/install/v4l2_camera/share/colcon-core/packages/v4l2_camera)
[23.815s] Level 1:colcon.colcon_core.environment:create_environment_scripts_only(v4l2_camera)
[23.820s] Level 1:colcon.colcon_core.environment:checking '/home/mtrn/4231/liam_stuff/4231project/install/v4l2_camera' for CMake module files
[23.821s] Level 1:colcon.colcon_core.environment:checking '/home/mtrn/4231/liam_stuff/4231project/install/v4l2_camera' for CMake config files
[23.822s] Level 1:colcon.colcon_core.shell:create_environment_hook('v4l2_camera', 'cmake_prefix_path')
[23.825s] INFO:colcon.colcon_core.shell:Creating environment hook '/home/mtrn/4231/liam_stuff/4231project/install/v4l2_camera/share/v4l2_camera/hook/cmake_prefix_path.ps1'
[23.826s] INFO:colcon.colcon_core.shell:Creating environment descriptor '/home/mtrn/4231/liam_stuff/4231project/install/v4l2_camera/share/v4l2_camera/hook/cmake_prefix_path.dsv'
[23.826s] INFO:colcon.colcon_core.shell:Creating environment hook '/home/mtrn/4231/liam_stuff/4231project/install/v4l2_camera/share/v4l2_camera/hook/cmake_prefix_path.sh'
[23.827s] Level 1:colcon.colcon_core.environment:checking '/home/mtrn/4231/liam_stuff/4231project/install/v4l2_camera/lib'
[23.828s] Level 1:colcon.colcon_core.shell:create_environment_hook('v4l2_camera', 'ld_library_path_lib')
[23.830s] INFO:colcon.colcon_core.shell:Creating environment hook '/home/mtrn/4231/liam_stuff/4231project/install/v4l2_camera/share/v4l2_camera/hook/ld_library_path_lib.ps1'
[23.831s] INFO:colcon.colcon_core.shell:Creating environment descriptor '/home/mtrn/4231/liam_stuff/4231project/install/v4l2_camera/share/v4l2_camera/hook/ld_library_path_lib.dsv'
[23.831s] INFO:colcon.colcon_core.shell:Creating environment hook '/home/mtrn/4231/liam_stuff/4231project/install/v4l2_camera/share/v4l2_camera/hook/ld_library_path_lib.sh'
[23.832s] Level 1:colcon.colcon_core.environment:checking '/home/mtrn/4231/liam_stuff/4231project/install/v4l2_camera/bin'
[23.832s] Level 1:colcon.colcon_core.environment:checking '/home/mtrn/4231/liam_stuff/4231project/install/v4l2_camera/lib/pkgconfig/v4l2_camera.pc'
[23.832s] Level 1:colcon.colcon_core.environment:checking '/home/mtrn/4231/liam_stuff/4231project/install/v4l2_camera/lib/python3.10/site-packages'
[23.832s] Level 1:colcon.colcon_core.environment:checking '/home/mtrn/4231/liam_stuff/4231project/install/v4l2_camera/bin'
[23.834s] INFO:colcon.colcon_core.shell:Creating package script '/home/mtrn/4231/liam_stuff/4231project/install/v4l2_camera/share/v4l2_camera/package.ps1'
[23.835s] INFO:colcon.colcon_core.shell:Creating package descriptor '/home/mtrn/4231/liam_stuff/4231project/install/v4l2_camera/share/v4l2_camera/package.dsv'
[23.836s] INFO:colcon.colcon_core.shell:Creating package script '/home/mtrn/4231/liam_stuff/4231project/install/v4l2_camera/share/v4l2_camera/package.sh'
[23.837s] INFO:colcon.colcon_core.shell:Creating package script '/home/mtrn/4231/liam_stuff/4231project/install/v4l2_camera/share/v4l2_camera/package.bash'
[23.837s] INFO:colcon.colcon_core.shell:Creating package script '/home/mtrn/4231/liam_stuff/4231project/install/v4l2_camera/share/v4l2_camera/package.zsh'
[23.838s] Level 1:colcon.colcon_core.environment:create_file_with_runtime_dependencies(/home/mtrn/4231/liam_stuff/4231project/install/v4l2_camera/share/colcon-core/packages/v4l2_camera)
[23.838s] DEBUG:colcon.colcon_parallel_executor.executor.parallel:closing loop
[23.838s] DEBUG:colcon.colcon_parallel_executor.executor.parallel:loop closed
[23.838s] DEBUG:colcon.colcon_parallel_executor.executor.parallel:run_until_complete finished with '0'
[23.838s] DEBUG:colcon.colcon_core.event_reactor:joining thread
[23.855s] INFO:colcon.colcon_core.plugin_system:Skipping extension 'colcon_notification.desktop_notification.terminal_notifier': Not used on non-Darwin systems
[23.855s] INFO:colcon.colcon_core.plugin_system:Skipping extension 'colcon_notification.desktop_notification.win32': Not used on non-Windows systems
[23.855s] INFO:colcon.colcon_notification.desktop_notification:Sending desktop notification using 'notify2'
[23.879s] DEBUG:colcon.colcon_core.event_reactor:joined thread
[23.883s] INFO:colcon.colcon_core.shell:Creating prefix script '/home/mtrn/4231/liam_stuff/4231project/install/local_setup.ps1'
[23.886s] INFO:colcon.colcon_core.shell:Creating prefix util module '/home/mtrn/4231/liam_stuff/4231project/install/_local_setup_util_ps1.py'
[23.889s] INFO:colcon.colcon_core.shell:Creating prefix chain script '/home/mtrn/4231/liam_stuff/4231project/install/setup.ps1'
[23.897s] INFO:colcon.colcon_core.shell:Creating prefix script '/home/mtrn/4231/liam_stuff/4231project/install/local_setup.sh'
[23.898s] INFO:colcon.colcon_core.shell:Creating prefix util module '/home/mtrn/4231/liam_stuff/4231project/install/_local_setup_util_sh.py'
[23.899s] INFO:colcon.colcon_core.shell:Creating prefix chain script '/home/mtrn/4231/liam_stuff/4231project/install/setup.sh'
[23.905s] INFO:colcon.colcon_core.shell:Creating prefix script '/home/mtrn/4231/liam_stuff/4231project/install/local_setup.bash'
[23.905s] INFO:colcon.colcon_core.shell:Creating prefix chain script '/home/mtrn/4231/liam_stuff/4231project/install/setup.bash'
[23.910s] INFO:colcon.colcon_core.shell:Creating prefix script '/home/mtrn/4231/liam_stuff/4231project/install/local_setup.zsh'
[23.911s] INFO:colcon.colcon_core.shell:Creating prefix chain script '/home/mtrn/4231/liam_stuff/4231project/install/setup.zsh'
