[ 50%] [32mBuilding CXX object CMakeFiles/paper_tf_broadcaster_node.dir/src/paper.cpp.o[0m
[100%] [32m[1mLinking CXX executable paper_tf_broadcaster_node[0m
[100%] Built target paper_tf_broadcaster_node
-- Install configuration: ""
-- Installing: /home/mtrn/4231/liam_stuff/4231project/install/transforms/lib/transforms/paper_tf_broadcaster_node
-- Set runtime path of "/home/mtrn/4231/liam_stuff/4231project/install/transforms/lib/transforms/paper_tf_broadcaster_node" to ""
-- Installing: /home/mtrn/4231/liam_stuff/4231project/install/transforms/share/ament_index/resource_index/package_run_dependencies/transforms
-- Installing: /home/mtrn/4231/liam_stuff/4231project/install/transforms/share/ament_index/resource_index/parent_prefix_path/transforms
-- Up-to-date: /home/mtrn/4231/liam_stuff/4231project/install/transforms/share/transforms/environment/ament_prefix_path.sh
-- Installing: /home/mtrn/4231/liam_stuff/4231project/install/transforms/share/transforms/environment/ament_prefix_path.dsv
-- Up-to-date: /home/mtrn/4231/liam_stuff/4231project/install/transforms/share/transforms/environment/path.sh
-- Installing: /home/mtrn/4231/liam_stuff/4231project/install/transforms/share/transforms/environment/path.dsv
-- Up-to-date: /home/mtrn/4231/liam_stuff/4231project/install/transforms/share/transforms/local_setup.bash
-- Up-to-date: /home/mtrn/4231/liam_stuff/4231project/install/transforms/share/transforms/local_setup.sh
-- Up-to-date: /home/mtrn/4231/liam_stuff/4231project/install/transforms/share/transforms/local_setup.zsh
-- Installing: /home/mtrn/4231/liam_stuff/4231project/install/transforms/share/transforms/local_setup.dsv
-- Installing: /home/mtrn/4231/liam_stuff/4231project/install/transforms/share/transforms/package.dsv
-- Up-to-date: /home/mtrn/4231/liam_stuff/4231project/install/transforms/share/ament_index/resource_index/packages/transforms
-- Up-to-date: /home/mtrn/4231/liam_stuff/4231project/install/transforms/share/transforms/cmake/transformsConfig.cmake
-- Up-to-date: /home/mtrn/4231/liam_stuff/4231project/install/transforms/share/transforms/cmake/transformsConfig-version.cmake
-- Installing: /home/mtrn/4231/liam_stuff/4231project/install/transforms/share/transforms/package.xml
