-- The C compiler identification is GNU 11.4.0
-- The CXX compiler identification is GNU 11.4.0
-- Detecting C compiler ABI info
-- Detecting C compiler ABI info - done
-- Check for working C compiler: /usr/bin/cc - skipped
-- Detecting C compile features
-- Detecting C compile features - done
-- Detecting CXX compiler ABI info
-- Detecting CXX compiler ABI info - done
-- Check for working CXX compiler: /usr/bin/c++ - skipped
-- Detecting CXX compile features
-- Detecting CXX compile features - done
-- Found ament_cmake: 1.3.5 (/opt/ros/humble/share/ament_cmake/cmake)
-- Found Python3: /usr/bin/python3.10 (found version "3.10.12") found components: Interpreter 
-- Found rosidl_default_generators: 1.2.0 (/opt/ros/humble/share/rosidl_default_generators/cmake)
-- Using all available rosidl_typesupport_c: rosidl_typesupport_fastrtps_c;rosidl_typesupport_introspection_c
-- Found rosidl_adapter: 3.1.5 (/opt/ros/humble/share/rosidl_adapter/cmake)
-- Using all available rosidl_typesupport_cpp: rosidl_typesupport_fastrtps_cpp;rosidl_typesupport_introspection_cpp
-- Found ament_cmake_ros: 0.10.0 (/opt/ros/humble/share/ament_cmake_ros/cmake)
-- Using all available rosidl_typesupport_c: rosidl_typesupport_fastrtps_c;rosidl_typesupport_introspection_c
-- Using all available rosidl_typesupport_cpp: rosidl_typesupport_fastrtps_cpp;rosidl_typesupport_introspection_cpp
-- Found PythonInterp: /usr/bin/python3 (found suitable version "3.10.12", minimum required is "3.6") 
-- Found python_cmake_module: 0.10.0 (/opt/ros/humble/share/python_cmake_module/cmake)
-- Found PythonLibs: /usr/lib/x86_64-linux-gnu/libpython3.10.so (found suitable version "3.10.12", minimum required is "3.5") 
-- Using PYTHON_EXECUTABLE: /usr/bin/python3
-- Using PYTHON_INCLUDE_DIRS: /usr/include/python3.10
-- Using PYTHON_LIBRARIES: /usr/lib/x86_64-linux-gnu/libpython3.10.so
-- Found PythonExtra: .so  
-- Configuring done (4.3s)
-- Generating done (0.0s)
-- Build files have been written to: /home/mtrn/4231/liam_stuff/4231project/build/canvas
[  3%] [34m[1mGenerating C code for ROS interfaces[0m
[  6%] [34m[1mGenerating C++ code for ROS interfaces[0m
[  6%] Built target ament_cmake_python_copy_canvas
running egg_info
creating canvas.egg-info
writing canvas.egg-info/PKG-INFO
writing dependency_links to canvas.egg-info/dependency_links.txt
writing top-level names to canvas.egg-info/top_level.txt
writing manifest file 'canvas.egg-info/SOURCES.txt'
reading manifest file 'canvas.egg-info/SOURCES.txt'
writing manifest file 'canvas.egg-info/SOURCES.txt'
[  9%] [32mBuilding C object CMakeFiles/canvas__rosidl_generator_c.dir/rosidl_generator_c/canvas/msg/detail/aruco__functions.c.o[0m
[  9%] Built target ament_cmake_python_build_canvas_egg
[  9%] Built target canvas__cpp
[ 19%] [34m[1mGenerating C++ type support for eProsima Fast-RTPS[0m
[ 19%] [34m[1mGenerating C++ introspection for ROS interfaces[0m
[ 19%] [34m[1mGenerating C++ type support dispatch for ROS interfaces[0m
[ 22%] [32m[1mLinking C shared library libcanvas__rosidl_generator_c.so[0m
[ 22%] Built target canvas__rosidl_generator_c
[ 25%] [34m[1mGenerating C type support for eProsima Fast-RTPS[0m
[ 32%] [34m[1mGenerating C type support dispatch for ROS interfaces[0m
[ 32%] [34m[1mGenerating C introspection for ROS interfaces[0m
[ 35%] [32mBuilding CXX object CMakeFiles/canvas__rosidl_typesupport_fastrtps_cpp.dir/rosidl_typesupport_fastrtps_cpp/canvas/msg/detail/dds_fastrtps/aruco__type_support.cpp.o[0m
[ 38%] [32mBuilding CXX object CMakeFiles/canvas__rosidl_typesupport_introspection_cpp.dir/rosidl_typesupport_introspection_cpp/canvas/msg/detail/aruco__type_support.cpp.o[0m
[ 41%] [32mBuilding CXX object CMakeFiles/canvas__rosidl_typesupport_c.dir/rosidl_typesupport_c/canvas/msg/aruco__type_support.cpp.o[0m
[ 45%] [32mBuilding CXX object CMakeFiles/canvas__rosidl_typesupport_cpp.dir/rosidl_typesupport_cpp/canvas/msg/aruco__type_support.cpp.o[0m
[ 48%] [32mBuilding C object CMakeFiles/canvas__rosidl_typesupport_introspection_c.dir/rosidl_typesupport_introspection_c/canvas/msg/detail/aruco__type_support.c.o[0m
[ 51%] [32m[1mLinking CXX shared library libcanvas__rosidl_typesupport_c.so[0m
[ 54%] [32m[1mLinking C shared library libcanvas__rosidl_typesupport_introspection_c.so[0m
[ 54%] Built target canvas__rosidl_typesupport_c
[ 58%] [32mBuilding CXX object CMakeFiles/canvas__rosidl_typesupport_fastrtps_c.dir/rosidl_typesupport_fastrtps_c/canvas/msg/detail/aruco__type_support_c.cpp.o[0m
[ 58%] Built target canvas__rosidl_typesupport_introspection_c
[ 61%] [32m[1mLinking CXX shared library libcanvas__rosidl_typesupport_cpp.so[0m
[ 61%] Built target canvas__rosidl_typesupport_cpp
[ 64%] [32m[1mLinking CXX shared library libcanvas__rosidl_typesupport_introspection_cpp.so[0m
[ 67%] [32m[1mLinking CXX shared library libcanvas__rosidl_typesupport_fastrtps_cpp.so[0m
[ 70%] [32m[1mLinking CXX shared library libcanvas__rosidl_typesupport_fastrtps_c.so[0m
[ 70%] Built target canvas__rosidl_typesupport_introspection_cpp
[ 70%] Built target canvas__rosidl_typesupport_fastrtps_cpp
[ 70%] Built target canvas__rosidl_typesupport_fastrtps_c
[ 70%] Built target canvas
[ 74%] [34m[1mGenerating Python code for ROS interfaces[0m
[ 74%] Built target canvas__py
[ 77%] [32mBuilding C object CMakeFiles/canvas__rosidl_generator_py.dir/rosidl_generator_py/canvas/msg/_aruco_s.c.o[0m
[ 80%] [32m[1mLinking C shared library rosidl_generator_py/canvas/libcanvas__rosidl_generator_py.so[0m
[ 80%] Built target canvas__rosidl_generator_py
[ 83%] [32mBuilding C object CMakeFiles/canvas__rosidl_typesupport_introspection_c__pyext.dir/rosidl_generator_py/canvas/_canvas_s.ep.rosidl_typesupport_introspection_c.c.o[0m
[ 87%] [32mBuilding C object CMakeFiles/canvas__rosidl_typesupport_c__pyext.dir/rosidl_generator_py/canvas/_canvas_s.ep.rosidl_typesupport_c.c.o[0m
[ 90%] [32mBuilding C object CMakeFiles/canvas__rosidl_typesupport_fastrtps_c__pyext.dir/rosidl_generator_py/canvas/_canvas_s.ep.rosidl_typesupport_fastrtps_c.c.o[0m
[ 93%] [32m[1mLinking C shared library rosidl_generator_py/canvas/canvas_s__rosidl_typesupport_introspection_c.cpython-310-x86_64-linux-gnu.so[0m
[ 96%] [32m[1mLinking C shared library rosidl_generator_py/canvas/canvas_s__rosidl_typesupport_c.cpython-310-x86_64-linux-gnu.so[0m
[100%] [32m[1mLinking C shared library rosidl_generator_py/canvas/canvas_s__rosidl_typesupport_fastrtps_c.cpython-310-x86_64-linux-gnu.so[0m
[100%] Built target canvas__rosidl_typesupport_introspection_c__pyext
[100%] Built target canvas__rosidl_typesupport_c__pyext
[100%] Built target canvas__rosidl_typesupport_fastrtps_c__pyext
-- Install configuration: ""
-- Installing: /home/mtrn/4231/liam_stuff/4231project/install/canvas/share/ament_index/resource_index/rosidl_interfaces/canvas
-- Installing: /home/mtrn/4231/liam_stuff/4231project/install/canvas/include/canvas/canvas
-- Installing: /home/mtrn/4231/liam_stuff/4231project/install/canvas/include/canvas/canvas/msg
-- Installing: /home/mtrn/4231/liam_stuff/4231project/install/canvas/include/canvas/canvas/msg/rosidl_generator_c__visibility_control.h
-- Installing: /home/mtrn/4231/liam_stuff/4231project/install/canvas/include/canvas/canvas/msg/aruco.h
-- Installing: /home/mtrn/4231/liam_stuff/4231project/install/canvas/include/canvas/canvas/msg/detail
-- Installing: /home/mtrn/4231/liam_stuff/4231project/install/canvas/include/canvas/canvas/msg/detail/aruco__type_support.h
-- Installing: /home/mtrn/4231/liam_stuff/4231project/install/canvas/include/canvas/canvas/msg/detail/aruco__struct.h
-- Installing: /home/mtrn/4231/liam_stuff/4231project/install/canvas/include/canvas/canvas/msg/detail/aruco__functions.h
-- Installing: /home/mtrn/4231/liam_stuff/4231project/install/canvas/include/canvas/canvas/msg/detail/aruco__functions.c
-- Installing: /home/mtrn/4231/liam_stuff/4231project/install/canvas/share/canvas/environment/library_path.sh
-- Installing: /home/mtrn/4231/liam_stuff/4231project/install/canvas/share/canvas/environment/library_path.dsv
-- Installing: /home/mtrn/4231/liam_stuff/4231project/install/canvas/lib/libcanvas__rosidl_generator_c.so
-- Set runtime path of "/home/mtrn/4231/liam_stuff/4231project/install/canvas/lib/libcanvas__rosidl_generator_c.so" to ""
-- Up-to-date: /home/mtrn/4231/liam_stuff/4231project/install/canvas/include/canvas/canvas
-- Up-to-date: /home/mtrn/4231/liam_stuff/4231project/install/canvas/include/canvas/canvas/msg
-- Installing: /home/mtrn/4231/liam_stuff/4231project/install/canvas/include/canvas/canvas/msg/rosidl_typesupport_fastrtps_c__visibility_control.h
-- Up-to-date: /home/mtrn/4231/liam_stuff/4231project/install/canvas/include/canvas/canvas/msg/detail
-- Installing: /home/mtrn/4231/liam_stuff/4231project/install/canvas/include/canvas/canvas/msg/detail/aruco__rosidl_typesupport_fastrtps_c.h
-- Installing: /home/mtrn/4231/liam_stuff/4231project/install/canvas/lib/libcanvas__rosidl_typesupport_fastrtps_c.so
-- Set runtime path of "/home/mtrn/4231/liam_stuff/4231project/install/canvas/lib/libcanvas__rosidl_typesupport_fastrtps_c.so" to ""
-- Up-to-date: /home/mtrn/4231/liam_stuff/4231project/install/canvas/include/canvas/canvas
-- Up-to-date: /home/mtrn/4231/liam_stuff/4231project/install/canvas/include/canvas/canvas/msg
-- Installing: /home/mtrn/4231/liam_stuff/4231project/install/canvas/include/canvas/canvas/msg/rosidl_typesupport_introspection_c__visibility_control.h
-- Up-to-date: /home/mtrn/4231/liam_stuff/4231project/install/canvas/include/canvas/canvas/msg/detail
-- Installing: /home/mtrn/4231/liam_stuff/4231project/install/canvas/include/canvas/canvas/msg/detail/aruco__type_support.c
-- Installing: /home/mtrn/4231/liam_stuff/4231project/install/canvas/include/canvas/canvas/msg/detail/aruco__rosidl_typesupport_introspection_c.h
-- Installing: /home/mtrn/4231/liam_stuff/4231project/install/canvas/lib/libcanvas__rosidl_typesupport_introspection_c.so
-- Set runtime path of "/home/mtrn/4231/liam_stuff/4231project/install/canvas/lib/libcanvas__rosidl_typesupport_introspection_c.so" to ""
-- Installing: /home/mtrn/4231/liam_stuff/4231project/install/canvas/lib/libcanvas__rosidl_typesupport_c.so
-- Set runtime path of "/home/mtrn/4231/liam_stuff/4231project/install/canvas/lib/libcanvas__rosidl_typesupport_c.so" to ""
-- Up-to-date: /home/mtrn/4231/liam_stuff/4231project/install/canvas/include/canvas/canvas
-- Up-to-date: /home/mtrn/4231/liam_stuff/4231project/install/canvas/include/canvas/canvas/msg
-- Installing: /home/mtrn/4231/liam_stuff/4231project/install/canvas/include/canvas/canvas/msg/aruco.hpp
-- Up-to-date: /home/mtrn/4231/liam_stuff/4231project/install/canvas/include/canvas/canvas/msg/detail
-- Installing: /home/mtrn/4231/liam_stuff/4231project/install/canvas/include/canvas/canvas/msg/detail/aruco__traits.hpp
-- Installing: /home/mtrn/4231/liam_stuff/4231project/install/canvas/include/canvas/canvas/msg/detail/aruco__struct.hpp
-- Installing: /home/mtrn/4231/liam_stuff/4231project/install/canvas/include/canvas/canvas/msg/detail/aruco__builder.hpp
-- Up-to-date: /home/mtrn/4231/liam_stuff/4231project/install/canvas/include/canvas/canvas
-- Up-to-date: /home/mtrn/4231/liam_stuff/4231project/install/canvas/include/canvas/canvas/msg
-- Installing: /home/mtrn/4231/liam_stuff/4231project/install/canvas/include/canvas/canvas/msg/rosidl_typesupport_fastrtps_cpp__visibility_control.h
-- Up-to-date: /home/mtrn/4231/liam_stuff/4231project/install/canvas/include/canvas/canvas/msg/detail
-- Installing: /home/mtrn/4231/liam_stuff/4231project/install/canvas/include/canvas/canvas/msg/detail/aruco__rosidl_typesupport_fastrtps_cpp.hpp
-- Installing: /home/mtrn/4231/liam_stuff/4231project/install/canvas/include/canvas/canvas/msg/detail/dds_fastrtps
-- Installing: /home/mtrn/4231/liam_stuff/4231project/install/canvas/lib/libcanvas__rosidl_typesupport_fastrtps_cpp.so
-- Set runtime path of "/home/mtrn/4231/liam_stuff/4231project/install/canvas/lib/libcanvas__rosidl_typesupport_fastrtps_cpp.so" to ""
-- Up-to-date: /home/mtrn/4231/liam_stuff/4231project/install/canvas/include/canvas/canvas
-- Up-to-date: /home/mtrn/4231/liam_stuff/4231project/install/canvas/include/canvas/canvas/msg
-- Up-to-date: /home/mtrn/4231/liam_stuff/4231project/install/canvas/include/canvas/canvas/msg/detail
-- Installing: /home/mtrn/4231/liam_stuff/4231project/install/canvas/include/canvas/canvas/msg/detail/aruco__type_support.cpp
-- Installing: /home/mtrn/4231/liam_stuff/4231project/install/canvas/include/canvas/canvas/msg/detail/aruco__rosidl_typesupport_introspection_cpp.hpp
-- Installing: /home/mtrn/4231/liam_stuff/4231project/install/canvas/lib/libcanvas__rosidl_typesupport_introspection_cpp.so
-- Set runtime path of "/home/mtrn/4231/liam_stuff/4231project/install/canvas/lib/libcanvas__rosidl_typesupport_introspection_cpp.so" to ""
-- Installing: /home/mtrn/4231/liam_stuff/4231project/install/canvas/lib/libcanvas__rosidl_typesupport_cpp.so
-- Set runtime path of "/home/mtrn/4231/liam_stuff/4231project/install/canvas/lib/libcanvas__rosidl_typesupport_cpp.so" to ""
-- Installing: /home/mtrn/4231/liam_stuff/4231project/install/canvas/share/canvas/environment/pythonpath.sh
-- Installing: /home/mtrn/4231/liam_stuff/4231project/install/canvas/share/canvas/environment/pythonpath.dsv
-- Installing: /home/mtrn/4231/liam_stuff/4231project/install/canvas/local/lib/python3.10/dist-packages/canvas-1.0.0-py3.10.egg-info
-- Installing: /home/mtrn/4231/liam_stuff/4231project/install/canvas/local/lib/python3.10/dist-packages/canvas-1.0.0-py3.10.egg-info/SOURCES.txt
-- Installing: /home/mtrn/4231/liam_stuff/4231project/install/canvas/local/lib/python3.10/dist-packages/canvas-1.0.0-py3.10.egg-info/dependency_links.txt
-- Installing: /home/mtrn/4231/liam_stuff/4231project/install/canvas/local/lib/python3.10/dist-packages/canvas-1.0.0-py3.10.egg-info/PKG-INFO
-- Installing: /home/mtrn/4231/liam_stuff/4231project/install/canvas/local/lib/python3.10/dist-packages/canvas-1.0.0-py3.10.egg-info/top_level.txt
-- Installing: /home/mtrn/4231/liam_stuff/4231project/install/canvas/local/lib/python3.10/dist-packages/canvas
-- Installing: /home/mtrn/4231/liam_stuff/4231project/install/canvas/local/lib/python3.10/dist-packages/canvas/canvas_s__rosidl_typesupport_introspection_c.cpython-310-x86_64-linux-gnu.so
-- Installing: /home/mtrn/4231/liam_stuff/4231project/install/canvas/local/lib/python3.10/dist-packages/canvas/canvas_s__rosidl_typesupport_c.cpython-310-x86_64-linux-gnu.so
-- Installing: /home/mtrn/4231/liam_stuff/4231project/install/canvas/local/lib/python3.10/dist-packages/canvas/libcanvas__rosidl_generator_py.so
-- Installing: /home/mtrn/4231/liam_stuff/4231project/install/canvas/local/lib/python3.10/dist-packages/canvas/__init__.py
-- Installing: /home/mtrn/4231/liam_stuff/4231project/install/canvas/local/lib/python3.10/dist-packages/canvas/_canvas_s.ep.rosidl_typesupport_introspection_c.c
-- Installing: /home/mtrn/4231/liam_stuff/4231project/install/canvas/local/lib/python3.10/dist-packages/canvas/_canvas_s.ep.rosidl_typesupport_c.c
-- Installing: /home/mtrn/4231/liam_stuff/4231project/install/canvas/local/lib/python3.10/dist-packages/canvas/msg
-- Installing: /home/mtrn/4231/liam_stuff/4231project/install/canvas/local/lib/python3.10/dist-packages/canvas/msg/__init__.py
-- Installing: /home/mtrn/4231/liam_stuff/4231project/install/canvas/local/lib/python3.10/dist-packages/canvas/msg/_aruco_s.c
-- Installing: /home/mtrn/4231/liam_stuff/4231project/install/canvas/local/lib/python3.10/dist-packages/canvas/msg/_aruco.py
-- Installing: /home/mtrn/4231/liam_stuff/4231project/install/canvas/local/lib/python3.10/dist-packages/canvas/canvas_s__rosidl_typesupport_fastrtps_c.cpython-310-x86_64-linux-gnu.so
-- Installing: /home/mtrn/4231/liam_stuff/4231project/install/canvas/local/lib/python3.10/dist-packages/canvas/_canvas_s.ep.rosidl_typesupport_fastrtps_c.c
Listing '/home/mtrn/4231/liam_stuff/4231project/install/canvas/local/lib/python3.10/dist-packages/canvas'...
Compiling '/home/mtrn/4231/liam_stuff/4231project/install/canvas/local/lib/python3.10/dist-packages/canvas/__init__.py'...
Listing '/home/mtrn/4231/liam_stuff/4231project/install/canvas/local/lib/python3.10/dist-packages/canvas/msg'...
Compiling '/home/mtrn/4231/liam_stuff/4231project/install/canvas/local/lib/python3.10/dist-packages/canvas/msg/__init__.py'...
Compiling '/home/mtrn/4231/liam_stuff/4231project/install/canvas/local/lib/python3.10/dist-packages/canvas/msg/_aruco.py'...
-- Installing: /home/mtrn/4231/liam_stuff/4231project/install/canvas/local/lib/python3.10/dist-packages/canvas/canvas_s__rosidl_typesupport_fastrtps_c.cpython-310-x86_64-linux-gnu.so
-- Set runtime path of "/home/mtrn/4231/liam_stuff/4231project/install/canvas/local/lib/python3.10/dist-packages/canvas/canvas_s__rosidl_typesupport_fastrtps_c.cpython-310-x86_64-linux-gnu.so" to ""
-- Installing: /home/mtrn/4231/liam_stuff/4231project/install/canvas/local/lib/python3.10/dist-packages/canvas/canvas_s__rosidl_typesupport_introspection_c.cpython-310-x86_64-linux-gnu.so
-- Set runtime path of "/home/mtrn/4231/liam_stuff/4231project/install/canvas/local/lib/python3.10/dist-packages/canvas/canvas_s__rosidl_typesupport_introspection_c.cpython-310-x86_64-linux-gnu.so" to ""
-- Installing: /home/mtrn/4231/liam_stuff/4231project/install/canvas/local/lib/python3.10/dist-packages/canvas/canvas_s__rosidl_typesupport_c.cpython-310-x86_64-linux-gnu.so
-- Set runtime path of "/home/mtrn/4231/liam_stuff/4231project/install/canvas/local/lib/python3.10/dist-packages/canvas/canvas_s__rosidl_typesupport_c.cpython-310-x86_64-linux-gnu.so" to ""
-- Installing: /home/mtrn/4231/liam_stuff/4231project/install/canvas/lib/libcanvas__rosidl_generator_py.so
-- Set runtime path of "/home/mtrn/4231/liam_stuff/4231project/install/canvas/lib/libcanvas__rosidl_generator_py.so" to ""
-- Installing: /home/mtrn/4231/liam_stuff/4231project/install/canvas/share/canvas/msg/Aruco.idl
-- Installing: /home/mtrn/4231/liam_stuff/4231project/install/canvas/share/canvas/msg/Aruco.msg
-- Up-to-date: /home/mtrn/4231/liam_stuff/4231project/install/canvas/share/canvas/msg
-- Up-to-date: /home/mtrn/4231/liam_stuff/4231project/install/canvas/share/canvas/msg/Aruco.msg
-- Installing: /home/mtrn/4231/liam_stuff/4231project/install/canvas/share/ament_index/resource_index/package_run_dependencies/canvas
-- Installing: /home/mtrn/4231/liam_stuff/4231project/install/canvas/share/ament_index/resource_index/parent_prefix_path/canvas
-- Installing: /home/mtrn/4231/liam_stuff/4231project/install/canvas/share/canvas/environment/ament_prefix_path.sh
-- Installing: /home/mtrn/4231/liam_stuff/4231project/install/canvas/share/canvas/environment/ament_prefix_path.dsv
-- Installing: /home/mtrn/4231/liam_stuff/4231project/install/canvas/share/canvas/environment/path.sh
-- Installing: /home/mtrn/4231/liam_stuff/4231project/install/canvas/share/canvas/environment/path.dsv
-- Installing: /home/mtrn/4231/liam_stuff/4231project/install/canvas/share/canvas/local_setup.bash
-- Installing: /home/mtrn/4231/liam_stuff/4231project/install/canvas/share/canvas/local_setup.sh
-- Installing: /home/mtrn/4231/liam_stuff/4231project/install/canvas/share/canvas/local_setup.zsh
-- Installing: /home/mtrn/4231/liam_stuff/4231project/install/canvas/share/canvas/local_setup.dsv
-- Installing: /home/mtrn/4231/liam_stuff/4231project/install/canvas/share/canvas/package.dsv
-- Installing: /home/mtrn/4231/liam_stuff/4231project/install/canvas/share/ament_index/resource_index/packages/canvas
-- Installing: /home/mtrn/4231/liam_stuff/4231project/install/canvas/share/canvas/cmake/export_canvas__rosidl_generator_cExport.cmake
-- Installing: /home/mtrn/4231/liam_stuff/4231project/install/canvas/share/canvas/cmake/export_canvas__rosidl_generator_cExport-noconfig.cmake
-- Installing: /home/mtrn/4231/liam_stuff/4231project/install/canvas/share/canvas/cmake/export_canvas__rosidl_typesupport_fastrtps_cExport.cmake
-- Installing: /home/mtrn/4231/liam_stuff/4231project/install/canvas/share/canvas/cmake/export_canvas__rosidl_typesupport_fastrtps_cExport-noconfig.cmake
-- Installing: /home/mtrn/4231/liam_stuff/4231project/install/canvas/share/canvas/cmake/canvas__rosidl_typesupport_introspection_cExport.cmake
-- Installing: /home/mtrn/4231/liam_stuff/4231project/install/canvas/share/canvas/cmake/canvas__rosidl_typesupport_introspection_cExport-noconfig.cmake
-- Installing: /home/mtrn/4231/liam_stuff/4231project/install/canvas/share/canvas/cmake/canvas__rosidl_typesupport_cExport.cmake
-- Installing: /home/mtrn/4231/liam_stuff/4231project/install/canvas/share/canvas/cmake/canvas__rosidl_typesupport_cExport-noconfig.cmake
-- Installing: /home/mtrn/4231/liam_stuff/4231project/install/canvas/share/canvas/cmake/export_canvas__rosidl_generator_cppExport.cmake
-- Installing: /home/mtrn/4231/liam_stuff/4231project/install/canvas/share/canvas/cmake/export_canvas__rosidl_typesupport_fastrtps_cppExport.cmake
-- Installing: /home/mtrn/4231/liam_stuff/4231project/install/canvas/share/canvas/cmake/export_canvas__rosidl_typesupport_fastrtps_cppExport-noconfig.cmake
-- Installing: /home/mtrn/4231/liam_stuff/4231project/install/canvas/share/canvas/cmake/canvas__rosidl_typesupport_introspection_cppExport.cmake
-- Installing: /home/mtrn/4231/liam_stuff/4231project/install/canvas/share/canvas/cmake/canvas__rosidl_typesupport_introspection_cppExport-noconfig.cmake
-- Installing: /home/mtrn/4231/liam_stuff/4231project/install/canvas/share/canvas/cmake/canvas__rosidl_typesupport_cppExport.cmake
-- Installing: /home/mtrn/4231/liam_stuff/4231project/install/canvas/share/canvas/cmake/canvas__rosidl_typesupport_cppExport-noconfig.cmake
-- Installing: /home/mtrn/4231/liam_stuff/4231project/install/canvas/share/canvas/cmake/export_canvas__rosidl_generator_pyExport.cmake
-- Installing: /home/mtrn/4231/liam_stuff/4231project/install/canvas/share/canvas/cmake/export_canvas__rosidl_generator_pyExport-noconfig.cmake
-- Installing: /home/mtrn/4231/liam_stuff/4231project/install/canvas/share/canvas/cmake/rosidl_cmake-extras.cmake
-- Installing: /home/mtrn/4231/liam_stuff/4231project/install/canvas/share/canvas/cmake/ament_cmake_export_include_directories-extras.cmake
-- Installing: /home/mtrn/4231/liam_stuff/4231project/install/canvas/share/canvas/cmake/ament_cmake_export_libraries-extras.cmake
-- Installing: /home/mtrn/4231/liam_stuff/4231project/install/canvas/share/canvas/cmake/ament_cmake_export_targets-extras.cmake
-- Installing: /home/mtrn/4231/liam_stuff/4231project/install/canvas/share/canvas/cmake/rosidl_cmake_export_typesupport_targets-extras.cmake
-- Installing: /home/mtrn/4231/liam_stuff/4231project/install/canvas/share/canvas/cmake/ament_cmake_export_dependencies-extras.cmake
-- Installing: /home/mtrn/4231/liam_stuff/4231project/install/canvas/share/canvas/cmake/rosidl_cmake_export_typesupport_libraries-extras.cmake
-- Installing: /home/mtrn/4231/liam_stuff/4231project/install/canvas/share/canvas/cmake/canvasConfig.cmake
-- Installing: /home/mtrn/4231/liam_stuff/4231project/install/canvas/share/canvas/cmake/canvasConfig-version.cmake
-- Installing: /home/mtrn/4231/liam_stuff/4231project/install/canvas/share/canvas/package.xml
