[0.121s] Invoking command in '/home/mtrn/4231/liam_stuff/4231project/build/canvas': CMAKE_PREFIX_PATH=${CMAKE_PREFIX_PATH}:/home/mtrn/4231/ws_moveit2/install/moveit_configs_utils:/home/mtrn/4231/ws_moveit2/install/launch_param_builder:/opt/ros/humble /home/mtrn/.local/bin/cmake /home/mtrn/4231/liam_stuff/4231project/src/canvas -DCMAKE_INSTALL_PREFIX=/home/mtrn/4231/liam_stuff/4231project/install/canvas
[0.979s] -- The C compiler identification is GNU 11.4.0
[0.979s] -- The CXX compiler identification is GNU 11.4.0
[0.979s] -- Detecting C compiler ABI info
[0.979s] -- Detecting C compiler ABI info - done
[0.980s] -- Check for working C compiler: /usr/bin/cc - skipped
[0.980s] -- Detecting C compile features
[0.980s] -- Detecting C compile features - done
[0.980s] -- Detecting CXX compiler ABI info
[0.980s] -- Detecting CXX compiler ABI info - done
[0.980s] -- Check for working CXX compiler: /usr/bin/c++ - skipped
[0.980s] -- Detecting CXX compile features
[0.981s] -- Detecting CXX compile features - done
[0.981s] -- Found ament_cmake: 1.3.5 (/opt/ros/humble/share/ament_cmake/cmake)
[1.665s] -- Found Python3: /usr/bin/python3.10 (found version "3.10.12") found components: Interpreter 
[1.937s] -- Found rosidl_default_generators: 1.2.0 (/opt/ros/humble/share/rosidl_default_generators/cmake)
[1.973s] -- Using all available rosidl_typesupport_c: rosidl_typesupport_fastrtps_c;rosidl_typesupport_introspection_c
[2.000s] -- Found rosidl_adapter: 3.1.5 (/opt/ros/humble/share/rosidl_adapter/cmake)
[2.128s] -- Using all available rosidl_typesupport_cpp: rosidl_typesupport_fastrtps_cpp;rosidl_typesupport_introspection_cpp
[2.712s] -- Found ament_cmake_ros: 0.10.0 (/opt/ros/humble/share/ament_cmake_ros/cmake)
[3.406s] -- Using all available rosidl_typesupport_c: rosidl_typesupport_fastrtps_c;rosidl_typesupport_introspection_c
[4.243s] -- Using all available rosidl_typesupport_cpp: rosidl_typesupport_fastrtps_cpp;rosidl_typesupport_introspection_cpp
[4.247s] [33mCMake Warning (dev) at /opt/ros/humble/share/rosidl_generator_py/cmake/rosidl_generator_py_generate_interfaces.cmake:20 (find_package):
[4.247s]   Policy CMP0148 is not set: The FindPythonInterp and FindPythonLibs modules
[4.247s]   are removed.  Run "cmake --help-policy CMP0148" for policy details.  Use
[4.247s]   the cmake_policy command to set the policy and suppress this warning.
[4.247s] 
[4.247s] Call Stack (most recent call first):
[4.247s]   /opt/ros/humble/share/ament_cmake_core/cmake/core/ament_execute_extensions.cmake:48 (include)
[4.247s]   /opt/ros/humble/share/rosidl_cmake/cmake/rosidl_generate_interfaces.cmake:286 (ament_execute_extensions)
[4.247s]   CMakeLists.txt:13 (rosidl_generate_interfaces)
[4.247s] This warning is for project developers.  Use -Wno-dev to suppress it.
[4.247s] [0m
[4.277s] -- Found PythonInterp: /usr/bin/python3 (found suitable version "3.10.12", minimum required is "3.6") 
[4.285s] -- Found python_cmake_module: 0.10.0 (/opt/ros/humble/share/python_cmake_module/cmake)
[4.285s] [33mCMake Warning (dev) at /opt/ros/humble/share/python_cmake_module/cmake/Modules/FindPythonExtra.cmake:52 (find_package):
[4.285s]   Policy CMP0148 is not set: The FindPythonInterp and FindPythonLibs modules
[4.285s]   are removed.  Run "cmake --help-policy CMP0148" for policy details.  Use
[4.285s]   the cmake_policy command to set the policy and suppress this warning.
[4.285s] 
[4.286s] Call Stack (most recent call first):
[4.286s]   /opt/ros/humble/share/rosidl_generator_py/cmake/rosidl_generator_py_generate_interfaces.cmake:23 (find_package)
[4.286s]   /opt/ros/humble/share/ament_cmake_core/cmake/core/ament_execute_extensions.cmake:48 (include)
[4.286s]   /opt/ros/humble/share/rosidl_cmake/cmake/rosidl_generate_interfaces.cmake:286 (ament_execute_extensions)
[4.286s]   CMakeLists.txt:13 (rosidl_generate_interfaces)
[4.286s] This warning is for project developers.  Use -Wno-dev to suppress it.
[4.287s] [0m
[4.327s] [33mCMake Warning (dev) at /opt/ros/humble/share/python_cmake_module/cmake/Modules/FindPythonExtra.cmake:140 (find_package):
[4.327s]   Policy CMP0148 is not set: The FindPythonInterp and FindPythonLibs modules
[4.327s]   are removed.  Run "cmake --help-policy CMP0148" for policy details.  Use
[4.327s]   the cmake_policy command to set the policy and suppress this warning.
[4.328s] 
[4.328s] Call Stack (most recent call first):
[4.328s]   /opt/ros/humble/share/rosidl_generator_py/cmake/rosidl_generator_py_generate_interfaces.cmake:23 (find_package)
[4.328s]   /opt/ros/humble/share/ament_cmake_core/cmake/core/ament_execute_extensions.cmake:48 (include)
[4.329s]   /opt/ros/humble/share/rosidl_cmake/cmake/rosidl_generate_interfaces.cmake:286 (ament_execute_extensions)
[4.329s]   CMakeLists.txt:13 (rosidl_generate_interfaces)
[4.329s] This warning is for project developers.  Use -Wno-dev to suppress it.
[4.330s] [0m
[4.342s] -- Found PythonLibs: /usr/lib/x86_64-linux-gnu/libpython3.10.so (found suitable version "3.10.12", minimum required is "3.5") 
[4.342s] -- Using PYTHON_EXECUTABLE: /usr/bin/python3
[4.342s] -- Using PYTHON_INCLUDE_DIRS: /usr/include/python3.10
[4.343s] -- Using PYTHON_LIBRARIES: /usr/lib/x86_64-linux-gnu/libpython3.10.so
[4.383s] -- Found PythonExtra: .so  
[4.471s] -- Configuring done (4.3s)
[4.502s] -- Generating done (0.0s)
[4.505s] -- Build files have been written to: /home/mtrn/4231/liam_stuff/4231project/build/canvas
[4.519s] Invoked command in '/home/mtrn/4231/liam_stuff/4231project/build/canvas' returned '0': CMAKE_PREFIX_PATH=${CMAKE_PREFIX_PATH}:/home/mtrn/4231/ws_moveit2/install/moveit_configs_utils:/home/mtrn/4231/ws_moveit2/install/launch_param_builder:/opt/ros/humble /home/mtrn/.local/bin/cmake /home/mtrn/4231/liam_stuff/4231project/src/canvas -DCMAKE_INSTALL_PREFIX=/home/mtrn/4231/liam_stuff/4231project/install/canvas
[4.522s] Invoking command in '/home/mtrn/4231/liam_stuff/4231project/build/canvas': CMAKE_PREFIX_PATH=${CMAKE_PREFIX_PATH}:/home/mtrn/4231/ws_moveit2/install/moveit_configs_utils:/home/mtrn/4231/ws_moveit2/install/launch_param_builder:/opt/ros/humble /home/mtrn/.local/bin/cmake --build /home/mtrn/4231/liam_stuff/4231project/build/canvas -- -j12 -l12
[4.600s] [  3%] [34m[1mGenerating C code for ROS interfaces[0m
[4.620s] [  6%] [34m[1mGenerating C++ code for ROS interfaces[0m
[4.629s] [  6%] Built target ament_cmake_python_copy_canvas
[4.978s] running egg_info
[4.979s] creating canvas.egg-info
[4.979s] writing canvas.egg-info/PKG-INFO
[4.979s] writing dependency_links to canvas.egg-info/dependency_links.txt
[4.979s] writing top-level names to canvas.egg-info/top_level.txt
[4.980s] writing manifest file 'canvas.egg-info/SOURCES.txt'
[4.983s] reading manifest file 'canvas.egg-info/SOURCES.txt'
[4.983s] writing manifest file 'canvas.egg-info/SOURCES.txt'
[5.022s] [  9%] [32mBuilding C object CMakeFiles/canvas__rosidl_generator_c.dir/rosidl_generator_c/canvas/msg/detail/aruco__functions.c.o[0m
[5.027s] [  9%] Built target ament_cmake_python_build_canvas_egg
[5.037s] [  9%] Built target canvas__cpp
[5.055s] [ 19%] [34m[1mGenerating C++ type support for eProsima Fast-RTPS[0m
[5.055s] [ 19%] [34m[1mGenerating C++ introspection for ROS interfaces[0m
[5.055s] [ 19%] [34m[1mGenerating C++ type support dispatch for ROS interfaces[0m
[5.097s] [ 22%] [32m[1mLinking C shared library libcanvas__rosidl_generator_c.so[0m
[5.147s] [ 22%] Built target canvas__rosidl_generator_c
[5.164s] [ 25%] [34m[1mGenerating C type support for eProsima Fast-RTPS[0m
[5.166s] [ 32%] [34m[1mGenerating C type support dispatch for ROS interfaces[0m
[5.166s] [ 32%] [34m[1mGenerating C introspection for ROS interfaces[0m
[5.321s] [ 35%] [32mBuilding CXX object CMakeFiles/canvas__rosidl_typesupport_fastrtps_cpp.dir/rosidl_typesupport_fastrtps_cpp/canvas/msg/detail/dds_fastrtps/aruco__type_support.cpp.o[0m
[5.356s] [ 38%] [32mBuilding CXX object CMakeFiles/canvas__rosidl_typesupport_introspection_cpp.dir/rosidl_typesupport_introspection_cpp/canvas/msg/detail/aruco__type_support.cpp.o[0m
[5.402s] [ 41%] [32mBuilding CXX object CMakeFiles/canvas__rosidl_typesupport_c.dir/rosidl_typesupport_c/canvas/msg/aruco__type_support.cpp.o[0m
[5.415s] [ 45%] [32mBuilding CXX object CMakeFiles/canvas__rosidl_typesupport_cpp.dir/rosidl_typesupport_cpp/canvas/msg/aruco__type_support.cpp.o[0m
[5.430s] [ 48%] [32mBuilding C object CMakeFiles/canvas__rosidl_typesupport_introspection_c.dir/rosidl_typesupport_introspection_c/canvas/msg/detail/aruco__type_support.c.o[0m
[5.444s] [ 51%] [32m[1mLinking CXX shared library libcanvas__rosidl_typesupport_c.so[0m
[5.491s] [ 54%] [32m[1mLinking C shared library libcanvas__rosidl_typesupport_introspection_c.so[0m
[5.499s] [ 54%] Built target canvas__rosidl_typesupport_c
[5.519s] [ 58%] [32mBuilding CXX object CMakeFiles/canvas__rosidl_typesupport_fastrtps_c.dir/rosidl_typesupport_fastrtps_c/canvas/msg/detail/aruco__type_support_c.cpp.o[0m
[5.527s] [ 58%] Built target canvas__rosidl_typesupport_introspection_c
[5.670s] [ 61%] [32m[1mLinking CXX shared library libcanvas__rosidl_typesupport_cpp.so[0m
[5.716s] [ 61%] Built target canvas__rosidl_typesupport_cpp
[5.792s] [ 64%] [32m[1mLinking CXX shared library libcanvas__rosidl_typesupport_introspection_cpp.so[0m
[5.796s] [ 67%] [32m[1mLinking CXX shared library libcanvas__rosidl_typesupport_fastrtps_cpp.so[0m
[5.847s] [ 70%] [32m[1mLinking CXX shared library libcanvas__rosidl_typesupport_fastrtps_c.so[0m
[5.896s] [ 70%] Built target canvas__rosidl_typesupport_introspection_cpp
[5.903s] [ 70%] Built target canvas__rosidl_typesupport_fastrtps_cpp
[5.972s] [ 70%] Built target canvas__rosidl_typesupport_fastrtps_c
[6.025s] [ 70%] Built target canvas
[6.093s] [ 74%] [34m[1mGenerating Python code for ROS interfaces[0m
[6.406s] [ 74%] Built target canvas__py
[6.451s] [ 77%] [32mBuilding C object CMakeFiles/canvas__rosidl_generator_py.dir/rosidl_generator_py/canvas/msg/_aruco_s.c.o[0m
[6.579s] [ 80%] [32m[1mLinking C shared library rosidl_generator_py/canvas/libcanvas__rosidl_generator_py.so[0m
[6.657s] [ 80%] Built target canvas__rosidl_generator_py
[6.692s] [ 83%] [32mBuilding C object CMakeFiles/canvas__rosidl_typesupport_introspection_c__pyext.dir/rosidl_generator_py/canvas/_canvas_s.ep.rosidl_typesupport_introspection_c.c.o[0m
[6.695s] [ 87%] [32mBuilding C object CMakeFiles/canvas__rosidl_typesupport_c__pyext.dir/rosidl_generator_py/canvas/_canvas_s.ep.rosidl_typesupport_c.c.o[0m
[6.698s] [ 90%] [32mBuilding C object CMakeFiles/canvas__rosidl_typesupport_fastrtps_c__pyext.dir/rosidl_generator_py/canvas/_canvas_s.ep.rosidl_typesupport_fastrtps_c.c.o[0m
[6.795s] [ 93%] [32m[1mLinking C shared library rosidl_generator_py/canvas/canvas_s__rosidl_typesupport_introspection_c.cpython-310-x86_64-linux-gnu.so[0m
[6.797s] [ 96%] [32m[1mLinking C shared library rosidl_generator_py/canvas/canvas_s__rosidl_typesupport_c.cpython-310-x86_64-linux-gnu.so[0m
[6.808s] [100%] [32m[1mLinking C shared library rosidl_generator_py/canvas/canvas_s__rosidl_typesupport_fastrtps_c.cpython-310-x86_64-linux-gnu.so[0m
[6.839s] [100%] Built target canvas__rosidl_typesupport_introspection_c__pyext
[6.839s] [100%] Built target canvas__rosidl_typesupport_c__pyext
[6.861s] [100%] Built target canvas__rosidl_typesupport_fastrtps_c__pyext
[6.883s] Invoked command in '/home/mtrn/4231/liam_stuff/4231project/build/canvas' returned '0': CMAKE_PREFIX_PATH=${CMAKE_PREFIX_PATH}:/home/mtrn/4231/ws_moveit2/install/moveit_configs_utils:/home/mtrn/4231/ws_moveit2/install/launch_param_builder:/opt/ros/humble /home/mtrn/.local/bin/cmake --build /home/mtrn/4231/liam_stuff/4231project/build/canvas -- -j12 -l12
[7.552s] Invoking command in '/home/mtrn/4231/liam_stuff/4231project/build/canvas': CMAKE_PREFIX_PATH=${CMAKE_PREFIX_PATH}:/home/mtrn/4231/ws_moveit2/install/moveit_configs_utils:/home/mtrn/4231/ws_moveit2/install/launch_param_builder:/opt/ros/humble /home/mtrn/.local/bin/cmake --install /home/mtrn/4231/liam_stuff/4231project/build/canvas
[7.611s] -- Install configuration: ""
[7.611s] -- Installing: /home/mtrn/4231/liam_stuff/4231project/install/canvas/share/ament_index/resource_index/rosidl_interfaces/canvas
[7.612s] -- Installing: /home/mtrn/4231/liam_stuff/4231project/install/canvas/include/canvas/canvas
[7.612s] -- Installing: /home/mtrn/4231/liam_stuff/4231project/install/canvas/include/canvas/canvas/msg
[7.612s] -- Installing: /home/mtrn/4231/liam_stuff/4231project/install/canvas/include/canvas/canvas/msg/rosidl_generator_c__visibility_control.h
[7.612s] -- Installing: /home/mtrn/4231/liam_stuff/4231project/install/canvas/include/canvas/canvas/msg/aruco.h
[7.613s] -- Installing: /home/mtrn/4231/liam_stuff/4231project/install/canvas/include/canvas/canvas/msg/detail
[7.613s] -- Installing: /home/mtrn/4231/liam_stuff/4231project/install/canvas/include/canvas/canvas/msg/detail/aruco__type_support.h
[7.613s] -- Installing: /home/mtrn/4231/liam_stuff/4231project/install/canvas/include/canvas/canvas/msg/detail/aruco__struct.h
[7.613s] -- Installing: /home/mtrn/4231/liam_stuff/4231project/install/canvas/include/canvas/canvas/msg/detail/aruco__functions.h
[7.614s] -- Installing: /home/mtrn/4231/liam_stuff/4231project/install/canvas/include/canvas/canvas/msg/detail/aruco__functions.c
[7.614s] -- Installing: /home/mtrn/4231/liam_stuff/4231project/install/canvas/share/canvas/environment/library_path.sh
[7.614s] -- Installing: /home/mtrn/4231/liam_stuff/4231project/install/canvas/share/canvas/environment/library_path.dsv
[7.614s] -- Installing: /home/mtrn/4231/liam_stuff/4231project/install/canvas/lib/libcanvas__rosidl_generator_c.so
[7.616s] -- Set runtime path of "/home/mtrn/4231/liam_stuff/4231project/install/canvas/lib/libcanvas__rosidl_generator_c.so" to ""
[7.616s] -- Up-to-date: /home/mtrn/4231/liam_stuff/4231project/install/canvas/include/canvas/canvas
[7.616s] -- Up-to-date: /home/mtrn/4231/liam_stuff/4231project/install/canvas/include/canvas/canvas/msg
[7.616s] -- Installing: /home/mtrn/4231/liam_stuff/4231project/install/canvas/include/canvas/canvas/msg/rosidl_typesupport_fastrtps_c__visibility_control.h
[7.616s] -- Up-to-date: /home/mtrn/4231/liam_stuff/4231project/install/canvas/include/canvas/canvas/msg/detail
[7.616s] -- Installing: /home/mtrn/4231/liam_stuff/4231project/install/canvas/include/canvas/canvas/msg/detail/aruco__rosidl_typesupport_fastrtps_c.h
[7.617s] -- Installing: /home/mtrn/4231/liam_stuff/4231project/install/canvas/lib/libcanvas__rosidl_typesupport_fastrtps_c.so
[7.617s] -- Set runtime path of "/home/mtrn/4231/liam_stuff/4231project/install/canvas/lib/libcanvas__rosidl_typesupport_fastrtps_c.so" to ""
[7.617s] -- Up-to-date: /home/mtrn/4231/liam_stuff/4231project/install/canvas/include/canvas/canvas
[7.618s] -- Up-to-date: /home/mtrn/4231/liam_stuff/4231project/install/canvas/include/canvas/canvas/msg
[7.618s] -- Installing: /home/mtrn/4231/liam_stuff/4231project/install/canvas/include/canvas/canvas/msg/rosidl_typesupport_introspection_c__visibility_control.h
[7.618s] -- Up-to-date: /home/mtrn/4231/liam_stuff/4231project/install/canvas/include/canvas/canvas/msg/detail
[7.618s] -- Installing: /home/mtrn/4231/liam_stuff/4231project/install/canvas/include/canvas/canvas/msg/detail/aruco__type_support.c
[7.618s] -- Installing: /home/mtrn/4231/liam_stuff/4231project/install/canvas/include/canvas/canvas/msg/detail/aruco__rosidl_typesupport_introspection_c.h
[7.618s] -- Installing: /home/mtrn/4231/liam_stuff/4231project/install/canvas/lib/libcanvas__rosidl_typesupport_introspection_c.so
[7.619s] -- Set runtime path of "/home/mtrn/4231/liam_stuff/4231project/install/canvas/lib/libcanvas__rosidl_typesupport_introspection_c.so" to ""
[7.619s] -- Installing: /home/mtrn/4231/liam_stuff/4231project/install/canvas/lib/libcanvas__rosidl_typesupport_c.so
[7.619s] -- Set runtime path of "/home/mtrn/4231/liam_stuff/4231project/install/canvas/lib/libcanvas__rosidl_typesupport_c.so" to ""
[7.619s] -- Up-to-date: /home/mtrn/4231/liam_stuff/4231project/install/canvas/include/canvas/canvas
[7.620s] -- Up-to-date: /home/mtrn/4231/liam_stuff/4231project/install/canvas/include/canvas/canvas/msg
[7.620s] -- Installing: /home/mtrn/4231/liam_stuff/4231project/install/canvas/include/canvas/canvas/msg/aruco.hpp
[7.620s] -- Up-to-date: /home/mtrn/4231/liam_stuff/4231project/install/canvas/include/canvas/canvas/msg/detail
[7.620s] -- Installing: /home/mtrn/4231/liam_stuff/4231project/install/canvas/include/canvas/canvas/msg/detail/aruco__traits.hpp
[7.620s] -- Installing: /home/mtrn/4231/liam_stuff/4231project/install/canvas/include/canvas/canvas/msg/detail/aruco__struct.hpp
[7.621s] -- Installing: /home/mtrn/4231/liam_stuff/4231project/install/canvas/include/canvas/canvas/msg/detail/aruco__builder.hpp
[7.621s] -- Up-to-date: /home/mtrn/4231/liam_stuff/4231project/install/canvas/include/canvas/canvas
[7.621s] -- Up-to-date: /home/mtrn/4231/liam_stuff/4231project/install/canvas/include/canvas/canvas/msg
[7.621s] -- Installing: /home/mtrn/4231/liam_stuff/4231project/install/canvas/include/canvas/canvas/msg/rosidl_typesupport_fastrtps_cpp__visibility_control.h
[7.622s] -- Up-to-date: /home/mtrn/4231/liam_stuff/4231project/install/canvas/include/canvas/canvas/msg/detail
[7.622s] -- Installing: /home/mtrn/4231/liam_stuff/4231project/install/canvas/include/canvas/canvas/msg/detail/aruco__rosidl_typesupport_fastrtps_cpp.hpp
[7.622s] -- Installing: /home/mtrn/4231/liam_stuff/4231project/install/canvas/include/canvas/canvas/msg/detail/dds_fastrtps
[7.622s] -- Installing: /home/mtrn/4231/liam_stuff/4231project/install/canvas/lib/libcanvas__rosidl_typesupport_fastrtps_cpp.so
[7.623s] -- Set runtime path of "/home/mtrn/4231/liam_stuff/4231project/install/canvas/lib/libcanvas__rosidl_typesupport_fastrtps_cpp.so" to ""
[7.623s] -- Up-to-date: /home/mtrn/4231/liam_stuff/4231project/install/canvas/include/canvas/canvas
[7.623s] -- Up-to-date: /home/mtrn/4231/liam_stuff/4231project/install/canvas/include/canvas/canvas/msg
[7.623s] -- Up-to-date: /home/mtrn/4231/liam_stuff/4231project/install/canvas/include/canvas/canvas/msg/detail
[7.623s] -- Installing: /home/mtrn/4231/liam_stuff/4231project/install/canvas/include/canvas/canvas/msg/detail/aruco__type_support.cpp
[7.624s] -- Installing: /home/mtrn/4231/liam_stuff/4231project/install/canvas/include/canvas/canvas/msg/detail/aruco__rosidl_typesupport_introspection_cpp.hpp
[7.624s] -- Installing: /home/mtrn/4231/liam_stuff/4231project/install/canvas/lib/libcanvas__rosidl_typesupport_introspection_cpp.so
[7.624s] -- Set runtime path of "/home/mtrn/4231/liam_stuff/4231project/install/canvas/lib/libcanvas__rosidl_typesupport_introspection_cpp.so" to ""
[7.624s] -- Installing: /home/mtrn/4231/liam_stuff/4231project/install/canvas/lib/libcanvas__rosidl_typesupport_cpp.so
[7.625s] -- Set runtime path of "/home/mtrn/4231/liam_stuff/4231project/install/canvas/lib/libcanvas__rosidl_typesupport_cpp.so" to ""
[7.625s] -- Installing: /home/mtrn/4231/liam_stuff/4231project/install/canvas/share/canvas/environment/pythonpath.sh
[7.625s] -- Installing: /home/mtrn/4231/liam_stuff/4231project/install/canvas/share/canvas/environment/pythonpath.dsv
[7.625s] -- Installing: /home/mtrn/4231/liam_stuff/4231project/install/canvas/local/lib/python3.10/dist-packages/canvas-1.0.0-py3.10.egg-info
[7.626s] -- Installing: /home/mtrn/4231/liam_stuff/4231project/install/canvas/local/lib/python3.10/dist-packages/canvas-1.0.0-py3.10.egg-info/SOURCES.txt
[7.626s] -- Installing: /home/mtrn/4231/liam_stuff/4231project/install/canvas/local/lib/python3.10/dist-packages/canvas-1.0.0-py3.10.egg-info/dependency_links.txt
[7.626s] -- Installing: /home/mtrn/4231/liam_stuff/4231project/install/canvas/local/lib/python3.10/dist-packages/canvas-1.0.0-py3.10.egg-info/PKG-INFO
[7.626s] -- Installing: /home/mtrn/4231/liam_stuff/4231project/install/canvas/local/lib/python3.10/dist-packages/canvas-1.0.0-py3.10.egg-info/top_level.txt
[7.627s] -- Installing: /home/mtrn/4231/liam_stuff/4231project/install/canvas/local/lib/python3.10/dist-packages/canvas
[7.627s] -- Installing: /home/mtrn/4231/liam_stuff/4231project/install/canvas/local/lib/python3.10/dist-packages/canvas/canvas_s__rosidl_typesupport_introspection_c.cpython-310-x86_64-linux-gnu.so
[7.627s] -- Installing: /home/mtrn/4231/liam_stuff/4231project/install/canvas/local/lib/python3.10/dist-packages/canvas/canvas_s__rosidl_typesupport_c.cpython-310-x86_64-linux-gnu.so
[7.627s] -- Installing: /home/mtrn/4231/liam_stuff/4231project/install/canvas/local/lib/python3.10/dist-packages/canvas/libcanvas__rosidl_generator_py.so
[7.628s] -- Installing: /home/mtrn/4231/liam_stuff/4231project/install/canvas/local/lib/python3.10/dist-packages/canvas/__init__.py
[7.628s] -- Installing: /home/mtrn/4231/liam_stuff/4231project/install/canvas/local/lib/python3.10/dist-packages/canvas/_canvas_s.ep.rosidl_typesupport_introspection_c.c
[7.628s] -- Installing: /home/mtrn/4231/liam_stuff/4231project/install/canvas/local/lib/python3.10/dist-packages/canvas/_canvas_s.ep.rosidl_typesupport_c.c
[7.628s] -- Installing: /home/mtrn/4231/liam_stuff/4231project/install/canvas/local/lib/python3.10/dist-packages/canvas/msg
[7.628s] -- Installing: /home/mtrn/4231/liam_stuff/4231project/install/canvas/local/lib/python3.10/dist-packages/canvas/msg/__init__.py
[7.629s] -- Installing: /home/mtrn/4231/liam_stuff/4231project/install/canvas/local/lib/python3.10/dist-packages/canvas/msg/_aruco_s.c
[7.629s] -- Installing: /home/mtrn/4231/liam_stuff/4231project/install/canvas/local/lib/python3.10/dist-packages/canvas/msg/_aruco.py
[7.629s] -- Installing: /home/mtrn/4231/liam_stuff/4231project/install/canvas/local/lib/python3.10/dist-packages/canvas/canvas_s__rosidl_typesupport_fastrtps_c.cpython-310-x86_64-linux-gnu.so
[7.629s] -- Installing: /home/mtrn/4231/liam_stuff/4231project/install/canvas/local/lib/python3.10/dist-packages/canvas/_canvas_s.ep.rosidl_typesupport_fastrtps_c.c
[7.681s] Listing '/home/mtrn/4231/liam_stuff/4231project/install/canvas/local/lib/python3.10/dist-packages/canvas'...
[7.681s] Compiling '/home/mtrn/4231/liam_stuff/4231project/install/canvas/local/lib/python3.10/dist-packages/canvas/__init__.py'...
[7.682s] Listing '/home/mtrn/4231/liam_stuff/4231project/install/canvas/local/lib/python3.10/dist-packages/canvas/msg'...
[7.682s] Compiling '/home/mtrn/4231/liam_stuff/4231project/install/canvas/local/lib/python3.10/dist-packages/canvas/msg/__init__.py'...
[7.682s] Compiling '/home/mtrn/4231/liam_stuff/4231project/install/canvas/local/lib/python3.10/dist-packages/canvas/msg/_aruco.py'...
[7.687s] -- Installing: /home/mtrn/4231/liam_stuff/4231project/install/canvas/local/lib/python3.10/dist-packages/canvas/canvas_s__rosidl_typesupport_fastrtps_c.cpython-310-x86_64-linux-gnu.so
[7.688s] -- Set runtime path of "/home/mtrn/4231/liam_stuff/4231project/install/canvas/local/lib/python3.10/dist-packages/canvas/canvas_s__rosidl_typesupport_fastrtps_c.cpython-310-x86_64-linux-gnu.so" to ""
[7.689s] -- Installing: /home/mtrn/4231/liam_stuff/4231project/install/canvas/local/lib/python3.10/dist-packages/canvas/canvas_s__rosidl_typesupport_introspection_c.cpython-310-x86_64-linux-gnu.so
[7.690s] -- Set runtime path of "/home/mtrn/4231/liam_stuff/4231project/install/canvas/local/lib/python3.10/dist-packages/canvas/canvas_s__rosidl_typesupport_introspection_c.cpython-310-x86_64-linux-gnu.so" to ""
[7.690s] -- Installing: /home/mtrn/4231/liam_stuff/4231project/install/canvas/local/lib/python3.10/dist-packages/canvas/canvas_s__rosidl_typesupport_c.cpython-310-x86_64-linux-gnu.so
[7.692s] -- Set runtime path of "/home/mtrn/4231/liam_stuff/4231project/install/canvas/local/lib/python3.10/dist-packages/canvas/canvas_s__rosidl_typesupport_c.cpython-310-x86_64-linux-gnu.so" to ""
[7.692s] -- Installing: /home/mtrn/4231/liam_stuff/4231project/install/canvas/lib/libcanvas__rosidl_generator_py.so
[7.693s] -- Set runtime path of "/home/mtrn/4231/liam_stuff/4231project/install/canvas/lib/libcanvas__rosidl_generator_py.so" to ""
[7.693s] -- Installing: /home/mtrn/4231/liam_stuff/4231project/install/canvas/share/canvas/msg/Aruco.idl
[7.693s] -- Installing: /home/mtrn/4231/liam_stuff/4231project/install/canvas/share/canvas/msg/Aruco.msg
[7.694s] -- Up-to-date: /home/mtrn/4231/liam_stuff/4231project/install/canvas/share/canvas/msg
[7.694s] -- Up-to-date: /home/mtrn/4231/liam_stuff/4231project/install/canvas/share/canvas/msg/Aruco.msg
[7.694s] -- Installing: /home/mtrn/4231/liam_stuff/4231project/install/canvas/share/ament_index/resource_index/package_run_dependencies/canvas
[7.695s] -- Installing: /home/mtrn/4231/liam_stuff/4231project/install/canvas/share/ament_index/resource_index/parent_prefix_path/canvas
[7.695s] -- Installing: /home/mtrn/4231/liam_stuff/4231project/install/canvas/share/canvas/environment/ament_prefix_path.sh
[7.695s] -- Installing: /home/mtrn/4231/liam_stuff/4231project/install/canvas/share/canvas/environment/ament_prefix_path.dsv
[7.695s] -- Installing: /home/mtrn/4231/liam_stuff/4231project/install/canvas/share/canvas/environment/path.sh
[7.696s] -- Installing: /home/mtrn/4231/liam_stuff/4231project/install/canvas/share/canvas/environment/path.dsv
[7.696s] -- Installing: /home/mtrn/4231/liam_stuff/4231project/install/canvas/share/canvas/local_setup.bash
[7.696s] -- Installing: /home/mtrn/4231/liam_stuff/4231project/install/canvas/share/canvas/local_setup.sh
[7.697s] -- Installing: /home/mtrn/4231/liam_stuff/4231project/install/canvas/share/canvas/local_setup.zsh
[7.697s] -- Installing: /home/mtrn/4231/liam_stuff/4231project/install/canvas/share/canvas/local_setup.dsv
[7.697s] -- Installing: /home/mtrn/4231/liam_stuff/4231project/install/canvas/share/canvas/package.dsv
[7.698s] -- Installing: /home/mtrn/4231/liam_stuff/4231project/install/canvas/share/ament_index/resource_index/packages/canvas
[7.698s] -- Installing: /home/mtrn/4231/liam_stuff/4231project/install/canvas/share/canvas/cmake/export_canvas__rosidl_generator_cExport.cmake
[7.699s] -- Installing: /home/mtrn/4231/liam_stuff/4231project/install/canvas/share/canvas/cmake/export_canvas__rosidl_generator_cExport-noconfig.cmake
[7.699s] -- Installing: /home/mtrn/4231/liam_stuff/4231project/install/canvas/share/canvas/cmake/export_canvas__rosidl_typesupport_fastrtps_cExport.cmake
[7.699s] -- Installing: /home/mtrn/4231/liam_stuff/4231project/install/canvas/share/canvas/cmake/export_canvas__rosidl_typesupport_fastrtps_cExport-noconfig.cmake
[7.700s] -- Installing: /home/mtrn/4231/liam_stuff/4231project/install/canvas/share/canvas/cmake/canvas__rosidl_typesupport_introspection_cExport.cmake
[7.700s] -- Installing: /home/mtrn/4231/liam_stuff/4231project/install/canvas/share/canvas/cmake/canvas__rosidl_typesupport_introspection_cExport-noconfig.cmake
[7.700s] -- Installing: /home/mtrn/4231/liam_stuff/4231project/install/canvas/share/canvas/cmake/canvas__rosidl_typesupport_cExport.cmake
[7.701s] -- Installing: /home/mtrn/4231/liam_stuff/4231project/install/canvas/share/canvas/cmake/canvas__rosidl_typesupport_cExport-noconfig.cmake
[7.701s] -- Installing: /home/mtrn/4231/liam_stuff/4231project/install/canvas/share/canvas/cmake/export_canvas__rosidl_generator_cppExport.cmake
[7.701s] -- Installing: /home/mtrn/4231/liam_stuff/4231project/install/canvas/share/canvas/cmake/export_canvas__rosidl_typesupport_fastrtps_cppExport.cmake
[7.702s] -- Installing: /home/mtrn/4231/liam_stuff/4231project/install/canvas/share/canvas/cmake/export_canvas__rosidl_typesupport_fastrtps_cppExport-noconfig.cmake
[7.702s] -- Installing: /home/mtrn/4231/liam_stuff/4231project/install/canvas/share/canvas/cmake/canvas__rosidl_typesupport_introspection_cppExport.cmake
[7.702s] -- Installing: /home/mtrn/4231/liam_stuff/4231project/install/canvas/share/canvas/cmake/canvas__rosidl_typesupport_introspection_cppExport-noconfig.cmake
[7.703s] -- Installing: /home/mtrn/4231/liam_stuff/4231project/install/canvas/share/canvas/cmake/canvas__rosidl_typesupport_cppExport.cmake
[7.703s] -- Installing: /home/mtrn/4231/liam_stuff/4231project/install/canvas/share/canvas/cmake/canvas__rosidl_typesupport_cppExport-noconfig.cmake
[7.703s] -- Installing: /home/mtrn/4231/liam_stuff/4231project/install/canvas/share/canvas/cmake/export_canvas__rosidl_generator_pyExport.cmake
[7.704s] -- Installing: /home/mtrn/4231/liam_stuff/4231project/install/canvas/share/canvas/cmake/export_canvas__rosidl_generator_pyExport-noconfig.cmake
[7.704s] -- Installing: /home/mtrn/4231/liam_stuff/4231project/install/canvas/share/canvas/cmake/rosidl_cmake-extras.cmake
[7.704s] -- Installing: /home/mtrn/4231/liam_stuff/4231project/install/canvas/share/canvas/cmake/ament_cmake_export_include_directories-extras.cmake
[7.705s] -- Installing: /home/mtrn/4231/liam_stuff/4231project/install/canvas/share/canvas/cmake/ament_cmake_export_libraries-extras.cmake
[7.705s] -- Installing: /home/mtrn/4231/liam_stuff/4231project/install/canvas/share/canvas/cmake/ament_cmake_export_targets-extras.cmake
[7.706s] -- Installing: /home/mtrn/4231/liam_stuff/4231project/install/canvas/share/canvas/cmake/rosidl_cmake_export_typesupport_targets-extras.cmake
[7.706s] -- Installing: /home/mtrn/4231/liam_stuff/4231project/install/canvas/share/canvas/cmake/ament_cmake_export_dependencies-extras.cmake
[7.706s] -- Installing: /home/mtrn/4231/liam_stuff/4231project/install/canvas/share/canvas/cmake/rosidl_cmake_export_typesupport_libraries-extras.cmake
[7.706s] -- Installing: /home/mtrn/4231/liam_stuff/4231project/install/canvas/share/canvas/cmake/canvasConfig.cmake
[7.707s] -- Installing: /home/mtrn/4231/liam_stuff/4231project/install/canvas/share/canvas/cmake/canvasConfig-version.cmake
[7.707s] -- Installing: /home/mtrn/4231/liam_stuff/4231project/install/canvas/share/canvas/package.xml
[7.724s] Invoked command in '/home/mtrn/4231/liam_stuff/4231project/build/canvas' returned '0': CMAKE_PREFIX_PATH=${CMAKE_PREFIX_PATH}:/home/mtrn/4231/ws_moveit2/install/moveit_configs_utils:/home/mtrn/4231/ws_moveit2/install/launch_param_builder:/opt/ros/humble /home/mtrn/.local/bin/cmake --install /home/mtrn/4231/liam_stuff/4231project/build/canvas
