-- The C compiler identification is GNU 11.4.0
-- The CXX compiler identification is GNU 11.4.0
-- Detecting C compiler ABI info
-- Detecting C compiler ABI info - done
-- Check for working C compiler: /usr/bin/cc - skipped
-- Detecting C compile features
-- Detecting C compile features - done
-- Detecting CXX compiler ABI info
-- Detecting CXX compiler ABI info - done
-- Check for working CXX compiler: /usr/bin/c++ - skipped
-- Detecting CXX compile features
-- Detecting CXX compile features - done
-- Found ament_cmake: 1.3.5 (/opt/ros/humble/share/ament_cmake/cmake)
-- Found Python3: /usr/bin/python3.10 (found version "3.10.12") found components: Interpreter 
-- Found ament_lint_auto: 0.12.7 (/opt/ros/humble/share/ament_lint_auto/cmake)
-- Added test 'flake8' to check Python code syntax and style conventions
-- Added test 'lint_cmake' to check CMake code style
-- Added test 'pep257' to check Python code against some of the docstring style conventions in PEP 257
-- Added test 'xmllint' to check XML markup files
-- Configuring done (2.0s)
-- Generating done (0.0s)
-- Build files have been written to: /home/mtrn/4231/liam_stuff/4231project/build/canvas_detector
-- Install configuration: ""
-- Installing: /home/mtrn/4231/liam_stuff/4231project/install/canvas_detector/share/ament_index/resource_index/package_run_dependencies/canvas_detector
-- Installing: /home/mtrn/4231/liam_stuff/4231project/install/canvas_detector/share/ament_index/resource_index/parent_prefix_path/canvas_detector
-- Installing: /home/mtrn/4231/liam_stuff/4231project/install/canvas_detector/share/canvas_detector/environment/ament_prefix_path.sh
-- Installing: /home/mtrn/4231/liam_stuff/4231project/install/canvas_detector/share/canvas_detector/environment/ament_prefix_path.dsv
-- Installing: /home/mtrn/4231/liam_stuff/4231project/install/canvas_detector/share/canvas_detector/environment/path.sh
-- Installing: /home/mtrn/4231/liam_stuff/4231project/install/canvas_detector/share/canvas_detector/environment/path.dsv
-- Installing: /home/mtrn/4231/liam_stuff/4231project/install/canvas_detector/share/canvas_detector/local_setup.bash
-- Installing: /home/mtrn/4231/liam_stuff/4231project/install/canvas_detector/share/canvas_detector/local_setup.sh
-- Installing: /home/mtrn/4231/liam_stuff/4231project/install/canvas_detector/share/canvas_detector/local_setup.zsh
-- Installing: /home/mtrn/4231/liam_stuff/4231project/install/canvas_detector/share/canvas_detector/local_setup.dsv
-- Installing: /home/mtrn/4231/liam_stuff/4231project/install/canvas_detector/share/canvas_detector/package.dsv
-- Installing: /home/mtrn/4231/liam_stuff/4231project/install/canvas_detector/share/ament_index/resource_index/packages/canvas_detector
-- Installing: /home/mtrn/4231/liam_stuff/4231project/install/canvas_detector/share/canvas_detector/cmake/canvas_detectorConfig.cmake
-- Installing: /home/mtrn/4231/liam_stuff/4231project/install/canvas_detector/share/canvas_detector/cmake/canvas_detectorConfig-version.cmake
-- Installing: /home/mtrn/4231/liam_stuff/4231project/install/canvas_detector/share/canvas_detector/package.xml
