[0.113s] Invoking command in '/home/mtrn/4231/liam_stuff/4231project/build/canvas_detector': CMAKE_PREFIX_PATH=${CMAKE_PREFIX_PATH}:/home/mtrn/4231/ws_moveit2/install/moveit_configs_utils:/home/mtrn/4231/ws_moveit2/install/launch_param_builder:/opt/ros/humble /home/mtrn/.local/bin/cmake /home/mtrn/4231/liam_stuff/4231project/src/canvas_detector -DCMAKE_INSTALL_PREFIX=/home/mtrn/4231/liam_stuff/4231project/install/canvas_detector
[0.969s] -- The C compiler identification is GNU 11.4.0
[0.969s] -- The CXX compiler identification is GNU 11.4.0
[0.969s] -- Detecting C compiler ABI info
[0.969s] -- Detecting C compiler ABI info - done
[0.969s] -- Check for working C compiler: /usr/bin/cc - skipped
[0.969s] -- Detecting C compile features
[0.969s] -- Detecting C compile features - done
[0.969s] -- Detecting CXX compiler ABI info
[0.970s] -- Detecting CXX compiler ABI info - done
[0.970s] -- Check for working CXX compiler: /usr/bin/c++ - skipped
[0.970s] -- Detecting CXX compile features
[0.970s] -- Detecting CXX compile features - done
[0.970s] -- Found ament_cmake: 1.3.5 (/opt/ros/humble/share/ament_cmake/cmake)
[1.637s] -- Found Python3: /usr/bin/python3.10 (found version "3.10.12") found components: Interpreter 
[1.910s] -- Found ament_lint_auto: 0.12.7 (/opt/ros/humble/share/ament_lint_auto/cmake)
[2.095s] -- Added test 'flake8' to check Python code syntax and style conventions
[2.098s] -- Added test 'lint_cmake' to check CMake code style
[2.102s] -- Added test 'pep257' to check Python code against some of the docstring style conventions in PEP 257
[2.105s] -- Added test 'xmllint' to check XML markup files
[2.111s] -- Configuring done (2.0s)
[2.116s] -- Generating done (0.0s)
[2.117s] -- Build files have been written to: /home/mtrn/4231/liam_stuff/4231project/build/canvas_detector
[2.132s] Invoked command in '/home/mtrn/4231/liam_stuff/4231project/build/canvas_detector' returned '0': CMAKE_PREFIX_PATH=${CMAKE_PREFIX_PATH}:/home/mtrn/4231/ws_moveit2/install/moveit_configs_utils:/home/mtrn/4231/ws_moveit2/install/launch_param_builder:/opt/ros/humble /home/mtrn/.local/bin/cmake /home/mtrn/4231/liam_stuff/4231project/src/canvas_detector -DCMAKE_INSTALL_PREFIX=/home/mtrn/4231/liam_stuff/4231project/install/canvas_detector
[2.135s] Invoking command in '/home/mtrn/4231/liam_stuff/4231project/build/canvas_detector': CMAKE_PREFIX_PATH=${CMAKE_PREFIX_PATH}:/home/mtrn/4231/ws_moveit2/install/moveit_configs_utils:/home/mtrn/4231/ws_moveit2/install/launch_param_builder:/opt/ros/humble /home/mtrn/.local/bin/cmake --build /home/mtrn/4231/liam_stuff/4231project/build/canvas_detector -- -j12 -l12
[2.218s] Invoked command in '/home/mtrn/4231/liam_stuff/4231project/build/canvas_detector' returned '0': CMAKE_PREFIX_PATH=${CMAKE_PREFIX_PATH}:/home/mtrn/4231/ws_moveit2/install/moveit_configs_utils:/home/mtrn/4231/ws_moveit2/install/launch_param_builder:/opt/ros/humble /home/mtrn/.local/bin/cmake --build /home/mtrn/4231/liam_stuff/4231project/build/canvas_detector -- -j12 -l12
[2.348s] Invoking command in '/home/mtrn/4231/liam_stuff/4231project/build/canvas_detector': CMAKE_PREFIX_PATH=${CMAKE_PREFIX_PATH}:/home/mtrn/4231/ws_moveit2/install/moveit_configs_utils:/home/mtrn/4231/ws_moveit2/install/launch_param_builder:/opt/ros/humble /home/mtrn/.local/bin/cmake --install /home/mtrn/4231/liam_stuff/4231project/build/canvas_detector
[2.387s] -- Install configuration: ""
[2.387s] -- Installing: /home/mtrn/4231/liam_stuff/4231project/install/canvas_detector/share/ament_index/resource_index/package_run_dependencies/canvas_detector
[2.387s] -- Installing: /home/mtrn/4231/liam_stuff/4231project/install/canvas_detector/share/ament_index/resource_index/parent_prefix_path/canvas_detector
[2.388s] -- Installing: /home/mtrn/4231/liam_stuff/4231project/install/canvas_detector/share/canvas_detector/environment/ament_prefix_path.sh
[2.388s] -- Installing: /home/mtrn/4231/liam_stuff/4231project/install/canvas_detector/share/canvas_detector/environment/ament_prefix_path.dsv
[2.388s] -- Installing: /home/mtrn/4231/liam_stuff/4231project/install/canvas_detector/share/canvas_detector/environment/path.sh
[2.388s] -- Installing: /home/mtrn/4231/liam_stuff/4231project/install/canvas_detector/share/canvas_detector/environment/path.dsv
[2.388s] -- Installing: /home/mtrn/4231/liam_stuff/4231project/install/canvas_detector/share/canvas_detector/local_setup.bash
[2.388s] -- Installing: /home/mtrn/4231/liam_stuff/4231project/install/canvas_detector/share/canvas_detector/local_setup.sh
[2.388s] -- Installing: /home/mtrn/4231/liam_stuff/4231project/install/canvas_detector/share/canvas_detector/local_setup.zsh
[2.388s] -- Installing: /home/mtrn/4231/liam_stuff/4231project/install/canvas_detector/share/canvas_detector/local_setup.dsv
[2.388s] -- Installing: /home/mtrn/4231/liam_stuff/4231project/install/canvas_detector/share/canvas_detector/package.dsv
[2.389s] -- Installing: /home/mtrn/4231/liam_stuff/4231project/install/canvas_detector/share/ament_index/resource_index/packages/canvas_detector
[2.389s] -- Installing: /home/mtrn/4231/liam_stuff/4231project/install/canvas_detector/share/canvas_detector/cmake/canvas_detectorConfig.cmake
[2.389s] -- Installing: /home/mtrn/4231/liam_stuff/4231project/install/canvas_detector/share/canvas_detector/cmake/canvas_detectorConfig-version.cmake
[2.389s] -- Installing: /home/mtrn/4231/liam_stuff/4231project/install/canvas_detector/share/canvas_detector/package.xml
[2.399s] Invoked command in '/home/mtrn/4231/liam_stuff/4231project/build/canvas_detector' returned '0': CMAKE_PREFIX_PATH=${CMAKE_PREFIX_PATH}:/home/mtrn/4231/ws_moveit2/install/moveit_configs_utils:/home/mtrn/4231/ws_moveit2/install/launch_param_builder:/opt/ros/humble /home/mtrn/.local/bin/cmake --install /home/mtrn/4231/liam_stuff/4231project/build/canvas_detector
