[0.583s] Invoking command in '/home/mtrn/4231/liam_stuff/4231project/build/v4l2_camera': CMAKE_PREFIX_PATH=${CMAKE_PREFIX_PATH}:/home/mtrn/4231/ws_moveit2/install/moveit_configs_utils:/home/mtrn/4231/ws_moveit2/install/launch_param_builder:/opt/ros/humble /home/mtrn/.local/bin/cmake --build /home/mtrn/4231/liam_stuff/4231project/build/v4l2_camera -- -j12 -l12
[0.733s] [ 50%] Built target v4l2_camera
[0.778s] [ 75%] Built target v4l2_camera_node
[0.783s] [100%] Built target v4l2_camera_compose_test
[0.801s] Invoked command in '/home/mtrn/4231/liam_stuff/4231project/build/v4l2_camera' returned '0': CMAKE_PREFIX_PATH=${CMAKE_PREFIX_PATH}:/home/mtrn/4231/ws_moveit2/install/moveit_configs_utils:/home/mtrn/4231/ws_moveit2/install/launch_param_builder:/opt/ros/humble /home/mtrn/.local/bin/cmake --build /home/mtrn/4231/liam_stuff/4231project/build/v4l2_camera -- -j12 -l12
[1.095s] Invoking command in '/home/mtrn/4231/liam_stuff/4231project/build/v4l2_camera': CMAKE_PREFIX_PATH=${CMAKE_PREFIX_PATH}:/home/mtrn/4231/ws_moveit2/install/moveit_configs_utils:/home/mtrn/4231/ws_moveit2/install/launch_param_builder:/opt/ros/humble /home/mtrn/.local/bin/cmake --install /home/mtrn/4231/liam_stuff/4231project/build/v4l2_camera
[1.156s] -- Install configuration: ""
[1.157s] -- Up-to-date: /home/mtrn/4231/liam_stuff/4231project/install/v4l2_camera/include
[1.157s] -- Up-to-date: /home/mtrn/4231/liam_stuff/4231project/install/v4l2_camera/include/v4l2_camera
[1.157s] -- Up-to-date: /home/mtrn/4231/liam_stuff/4231project/install/v4l2_camera/include/v4l2_camera/control.hpp
[1.158s] -- Up-to-date: /home/mtrn/4231/liam_stuff/4231project/install/v4l2_camera/include/v4l2_camera/v4l2_camera_device.hpp
[1.158s] -- Up-to-date: /home/mtrn/4231/liam_stuff/4231project/install/v4l2_camera/include/v4l2_camera/parameters.hpp
[1.158s] -- Up-to-date: /home/mtrn/4231/liam_stuff/4231project/install/v4l2_camera/include/v4l2_camera/image_format.hpp
[1.159s] -- Up-to-date: /home/mtrn/4231/liam_stuff/4231project/install/v4l2_camera/include/v4l2_camera/visibility_control.h
[1.159s] -- Up-to-date: /home/mtrn/4231/liam_stuff/4231project/install/v4l2_camera/include/v4l2_camera/v4l2_camera.hpp
[1.159s] -- Up-to-date: /home/mtrn/4231/liam_stuff/4231project/install/v4l2_camera/include/v4l2_camera/pixel_format.hpp
[1.159s] -- Up-to-date: /home/mtrn/4231/liam_stuff/4231project/install/v4l2_camera/include/v4l2_camera/fourcc.hpp
[1.160s] -- Up-to-date: /home/mtrn/4231/liam_stuff/4231project/install/v4l2_camera/lib/libv4l2_camera.so
[1.160s] -- Up-to-date: /home/mtrn/4231/liam_stuff/4231project/install/v4l2_camera/lib/v4l2_camera/v4l2_camera_node
[1.161s] -- Up-to-date: /home/mtrn/4231/liam_stuff/4231project/install/v4l2_camera/lib/v4l2_camera/v4l2_camera_compose_test
[1.162s] -- Up-to-date: /home/mtrn/4231/liam_stuff/4231project/install/v4l2_camera/share/v4l2_camera/environment/library_path.sh
[1.164s] -- Up-to-date: /home/mtrn/4231/liam_stuff/4231project/install/v4l2_camera/share/v4l2_camera/environment/library_path.dsv
[1.165s] -- Up-to-date: /home/mtrn/4231/liam_stuff/4231project/install/v4l2_camera/share/ament_index/resource_index/package_run_dependencies/v4l2_camera
[1.165s] -- Up-to-date: /home/mtrn/4231/liam_stuff/4231project/install/v4l2_camera/share/ament_index/resource_index/parent_prefix_path/v4l2_camera
[1.166s] -- Up-to-date: /home/mtrn/4231/liam_stuff/4231project/install/v4l2_camera/share/v4l2_camera/environment/ament_prefix_path.sh
[1.167s] -- Up-to-date: /home/mtrn/4231/liam_stuff/4231project/install/v4l2_camera/share/v4l2_camera/environment/ament_prefix_path.dsv
[1.167s] -- Up-to-date: /home/mtrn/4231/liam_stuff/4231project/install/v4l2_camera/share/v4l2_camera/environment/path.sh
[1.169s] -- Up-to-date: /home/mtrn/4231/liam_stuff/4231project/install/v4l2_camera/share/v4l2_camera/environment/path.dsv
[1.170s] -- Up-to-date: /home/mtrn/4231/liam_stuff/4231project/install/v4l2_camera/share/v4l2_camera/local_setup.bash
[1.171s] -- Up-to-date: /home/mtrn/4231/liam_stuff/4231project/install/v4l2_camera/share/v4l2_camera/local_setup.sh
[1.172s] -- Up-to-date: /home/mtrn/4231/liam_stuff/4231project/install/v4l2_camera/share/v4l2_camera/local_setup.zsh
[1.173s] -- Up-to-date: /home/mtrn/4231/liam_stuff/4231project/install/v4l2_camera/share/v4l2_camera/local_setup.dsv
[1.173s] -- Installing: /home/mtrn/4231/liam_stuff/4231project/install/v4l2_camera/share/v4l2_camera/package.dsv
[1.174s] -- Up-to-date: /home/mtrn/4231/liam_stuff/4231project/install/v4l2_camera/share/ament_index/resource_index/packages/v4l2_camera
[1.175s] -- Up-to-date: /home/mtrn/4231/liam_stuff/4231project/install/v4l2_camera/share/ament_index/resource_index/rclcpp_components/v4l2_camera
[1.175s] -- Up-to-date: /home/mtrn/4231/liam_stuff/4231project/install/v4l2_camera/share/v4l2_camera/cmake/export_v4l2_cameraExport.cmake
[1.176s] -- Up-to-date: /home/mtrn/4231/liam_stuff/4231project/install/v4l2_camera/share/v4l2_camera/cmake/export_v4l2_cameraExport-noconfig.cmake
[1.176s] -- Up-to-date: /home/mtrn/4231/liam_stuff/4231project/install/v4l2_camera/share/v4l2_camera/cmake/ament_cmake_export_include_directories-extras.cmake
[1.177s] -- Up-to-date: /home/mtrn/4231/liam_stuff/4231project/install/v4l2_camera/share/v4l2_camera/cmake/ament_cmake_export_targets-extras.cmake
[1.177s] -- Up-to-date: /home/mtrn/4231/liam_stuff/4231project/install/v4l2_camera/share/v4l2_camera/cmake/ament_cmake_export_libraries-extras.cmake
[1.178s] -- Up-to-date: /home/mtrn/4231/liam_stuff/4231project/install/v4l2_camera/share/v4l2_camera/cmake/ament_cmake_export_dependencies-extras.cmake
[1.178s] -- Up-to-date: /home/mtrn/4231/liam_stuff/4231project/install/v4l2_camera/share/v4l2_camera/cmake/v4l2_cameraConfig.cmake
[1.179s] -- Up-to-date: /home/mtrn/4231/liam_stuff/4231project/install/v4l2_camera/share/v4l2_camera/cmake/v4l2_cameraConfig-version.cmake
[1.179s] -- Up-to-date: /home/mtrn/4231/liam_stuff/4231project/install/v4l2_camera/share/v4l2_camera/package.xml
[1.201s] Invoked command in '/home/mtrn/4231/liam_stuff/4231project/build/v4l2_camera' returned '0': CMAKE_PREFIX_PATH=${CMAKE_PREFIX_PATH}:/home/mtrn/4231/ws_moveit2/install/moveit_configs_utils:/home/mtrn/4231/ws_moveit2/install/launch_param_builder:/opt/ros/humble /home/mtrn/.local/bin/cmake --install /home/mtrn/4231/liam_stuff/4231project/build/v4l2_camera
