[0.069s] Invoking command in '/home/mtrn/4231/liam_stuff/4231project/build/custom_messages': CMAKE_PREFIX_PATH=${CMAKE_PREFIX_PATH}:/home/mtrn/4231/liam_stuff/4231project/install/ros2_aruco:/home/mtrn/4231/liam_stuff/4231project/install/opencv_example:/home/mtrn/4231/liam_stuff/4231project/install/openCV_example:/home/mtrn/4231/liam_stuff/4231project/install/my_package:/home/mtrn/4231/ws_moveit2/install/moveit_configs_utils:/home/mtrn/4231/ws_moveit2/install/launch_param_builder:/opt/ros/humble /home/mtrn/.local/bin/cmake --build /home/mtrn/4231/liam_stuff/4231project/build/custom_messages -- -j12 -l12
[0.169s] [  2%] Built target custom_messages__cpp
[0.177s] [  2%] Built target ament_cmake_python_copy_custom_messages
[0.181s] [ 12%] Built target custom_messages__rosidl_generator_c
[0.205s] [ 23%] Built target custom_messages__rosidl_typesupport_introspection_cpp
[0.208s] [ 33%] Built target custom_messages__rosidl_typesupport_cpp
[0.209s] [ 43%] Built target custom_messages__rosidl_typesupport_fastrtps_cpp
[0.217s] [ 53%] Built target custom_messages__rosidl_typesupport_c
[0.218s] [ 64%] Built target custom_messages__rosidl_typesupport_introspection_c
[0.225s] [ 74%] Built target custom_messages__rosidl_typesupport_fastrtps_c
[0.260s] [ 74%] Built target custom_messages
[0.297s] [ 76%] Built target custom_messages__py
[0.334s] [ 84%] Built target custom_messages__rosidl_generator_py
[0.371s] [ 89%] Built target custom_messages__rosidl_typesupport_introspection_c__pyext
[0.377s] [ 94%] Built target custom_messages__rosidl_typesupport_fastrtps_c__pyext
[0.379s] [100%] Built target custom_messages__rosidl_typesupport_c__pyext
[0.444s] running egg_info
[0.444s] writing custom_messages.egg-info/PKG-INFO
[0.444s] writing dependency_links to custom_messages.egg-info/dependency_links.txt
[0.445s] writing top-level names to custom_messages.egg-info/top_level.txt
[0.447s] reading manifest file 'custom_messages.egg-info/SOURCES.txt'
[0.447s] writing manifest file 'custom_messages.egg-info/SOURCES.txt'
[0.481s] [100%] Built target ament_cmake_python_build_custom_messages_egg
