[1.825s] Invoking command in '/home/mtrn/4231/project_workspace/src/my_package': PYTHONPATH=/home/mtrn/4231/project_workspace/build/my_package/prefix_override:/home/mtrn/4231/project_workspace/install/my_package/lib/python3.10/site-packages:${PYTHONPATH} /usr/bin/python3 setup.py egg_info --egg-base ../../build/my_package build --build-base /home/mtrn/4231/project_workspace/build/my_package/build install --record /home/mtrn/4231/project_workspace/build/my_package/install.log --single-version-externally-managed
[2.067s] running egg_info
[2.068s] writing ../../build/my_package/my_package.egg-info/PKG-INFO
[2.075s] writing dependency_links to ../../build/my_package/my_package.egg-info/dependency_links.txt
[2.075s] writing entry points to ../../build/my_package/my_package.egg-info/entry_points.txt
[2.080s] writing requirements to ../../build/my_package/my_package.egg-info/requires.txt
[2.080s] writing top-level names to ../../build/my_package/my_package.egg-info/top_level.txt
[2.084s] /usr/lib/python3/dist-packages/setuptools/command/install.py:34: SetuptoolsDeprecationWarning: setup.py install is deprecated. Use build and pip and other standards-based tools.
[2.085s]   warnings.warn(
[2.085s] reading manifest file '../../build/my_package/my_package.egg-info/SOURCES.txt'
[2.085s] writing manifest file '../../build/my_package/my_package.egg-info/SOURCES.txt'
[2.085s] running build
[2.085s] running build_py
[2.085s] running install
[2.085s] running install_lib
[2.087s] running install_data
[2.096s] running install_egg_info
[2.097s] removing '/home/mtrn/4231/project_workspace/install/my_package/lib/python3.10/site-packages/my_package-0.0.0-py3.10.egg-info' (and everything under it)
[2.097s] Copying ../../build/my_package/my_package.egg-info to /home/mtrn/4231/project_workspace/install/my_package/lib/python3.10/site-packages/my_package-0.0.0-py3.10.egg-info
[2.097s] running install_scripts
[2.124s] Installing my_node script to /home/mtrn/4231/project_workspace/install/my_package/lib/my_package
[2.124s] writing list of installed files to '/home/mtrn/4231/project_workspace/build/my_package/install.log'
[2.159s] Invoked command in '/home/mtrn/4231/project_workspace/src/my_package' returned '0': PYTHONPATH=/home/mtrn/4231/project_workspace/build/my_package/prefix_override:/home/mtrn/4231/project_workspace/install/my_package/lib/python3.10/site-packages:${PYTHONPATH} /usr/bin/python3 setup.py egg_info --egg-base ../../build/my_package build --build-base /home/mtrn/4231/project_workspace/build/my_package/build install --record /home/mtrn/4231/project_workspace/build/my_package/install.log --single-version-externally-managed
