[4.072s] Invoking command in '/home/mtrn/4231/project_workspace/src/opencv_example': PYTHONPATH=/home/mtrn/4231/project_workspace/build/opencv_example/prefix_override:/home/mtrn/4231/project_workspace/install/opencv_example/lib/python3.10/site-packages:${PYTHONPATH} /usr/bin/python3 setup.py egg_info --egg-base ../../build/opencv_example build --build-base /home/mtrn/4231/project_workspace/build/opencv_example/build install --record /home/mtrn/4231/project_workspace/build/opencv_example/install.log --single-version-externally-managed
[6.192s] running egg_info
[6.192s] writing ../../build/opencv_example/opencv_example.egg-info/PKG-INFO
[6.192s] writing dependency_links to ../../build/opencv_example/opencv_example.egg-info/dependency_links.txt
[6.192s] writing entry points to ../../build/opencv_example/opencv_example.egg-info/entry_points.txt
[6.192s] writing requirements to ../../build/opencv_example/opencv_example.egg-info/requires.txt
[6.192s] writing top-level names to ../../build/opencv_example/opencv_example.egg-info/top_level.txt
[6.192s] reading manifest file '../../build/opencv_example/opencv_example.egg-info/SOURCES.txt'
[6.192s] writing manifest file '../../build/opencv_example/opencv_example.egg-info/SOURCES.txt'
[6.192s] running build
[6.192s] running build_py
[6.192s] copying opencv_example/aruco_marker_detect.py -> /home/mtrn/4231/project_workspace/build/opencv_example/build/lib/opencv_example
[6.192s] running install
[6.192s] running install_lib
[6.192s] copying /home/mtrn/4231/project_workspace/build/opencv_example/build/lib/opencv_example/aruco_marker_detect.py -> /home/mtrn/4231/project_workspace/install/opencv_example/lib/python3.10/site-packages/opencv_example
[6.192s] byte-compiling /home/mtrn/4231/project_workspace/install/opencv_example/lib/python3.10/site-packages/opencv_example/aruco_marker_detect.py to aruco_marker_detect.cpython-310.pyc
[6.192s] running install_data
[6.193s] running install_egg_info
[6.193s] removing '/home/mtrn/4231/project_workspace/install/opencv_example/lib/python3.10/site-packages/opencv_example-0.0.0-py3.10.egg-info' (and everything under it)
[6.193s] Copying ../../build/opencv_example/opencv_example.egg-info to /home/mtrn/4231/project_workspace/install/opencv_example/lib/python3.10/site-packages/opencv_example-0.0.0-py3.10.egg-info
[6.193s] running install_scripts
[6.193s] Installing aruco_marker_detect script to /home/mtrn/4231/project_workspace/install/opencv_example/lib/opencv_example
[6.193s] writing list of installed files to '/home/mtrn/4231/project_workspace/build/opencv_example/install.log'
[6.193s] /usr/lib/python3/dist-packages/setuptools/command/install.py:34: SetuptoolsDeprecationWarning: setup.py install is deprecated. Use build and pip and other standards-based tools.
[6.193s]   warnings.warn(
[6.430s] Invoked command in '/home/mtrn/4231/project_workspace/src/opencv_example' returned '0': PYTHONPATH=/home/mtrn/4231/project_workspace/build/opencv_example/prefix_override:/home/mtrn/4231/project_workspace/install/opencv_example/lib/python3.10/site-packages:${PYTHONPATH} /usr/bin/python3 setup.py egg_info --egg-base ../../build/opencv_example build --build-base /home/mtrn/4231/project_workspace/build/opencv_example/build install --record /home/mtrn/4231/project_workspace/build/opencv_example/install.log --single-version-externally-managed
