[ 50%] Built target v4l2_camera
[ 75%] Built target v4l2_camera_node
[100%] Built target v4l2_camera_compose_test
-- Install configuration: ""
-- Up-to-date: /home/mtrn/4231/liam_stuff/4231project/install/v4l2_camera/include
-- Up-to-date: /home/mtrn/4231/liam_stuff/4231project/install/v4l2_camera/include/v4l2_camera
-- Installing: /home/mtrn/4231/liam_stuff/4231project/install/v4l2_camera/include/v4l2_camera/control.hpp
-- Installing: /home/mtrn/4231/liam_stuff/4231project/install/v4l2_camera/include/v4l2_camera/v4l2_camera_device.hpp
-- Installing: /home/mtrn/4231/liam_stuff/4231project/install/v4l2_camera/include/v4l2_camera/parameters.hpp
-- Installing: /home/mtrn/4231/liam_stuff/4231project/install/v4l2_camera/include/v4l2_camera/image_format.hpp
-- Installing: /home/mtrn/4231/liam_stuff/4231project/install/v4l2_camera/include/v4l2_camera/visibility_control.h
-- Installing: /home/mtrn/4231/liam_stuff/4231project/install/v4l2_camera/include/v4l2_camera/v4l2_camera.hpp
-- Installing: /home/mtrn/4231/liam_stuff/4231project/install/v4l2_camera/include/v4l2_camera/pixel_format.hpp
-- Installing: /home/mtrn/4231/liam_stuff/4231project/install/v4l2_camera/include/v4l2_camera/fourcc.hpp
-- Installing: /home/mtrn/4231/liam_stuff/4231project/install/v4l2_camera/lib/libv4l2_camera.so
-- Set runtime path of "/home/mtrn/4231/liam_stuff/4231project/install/v4l2_camera/lib/libv4l2_camera.so" to ""
-- Installing: /home/mtrn/4231/liam_stuff/4231project/install/v4l2_camera/lib/v4l2_camera/v4l2_camera_node
-- Set runtime path of "/home/mtrn/4231/liam_stuff/4231project/install/v4l2_camera/lib/v4l2_camera/v4l2_camera_node" to ""
-- Installing: /home/mtrn/4231/liam_stuff/4231project/install/v4l2_camera/lib/v4l2_camera/v4l2_camera_compose_test
-- Set runtime path of "/home/mtrn/4231/liam_stuff/4231project/install/v4l2_camera/lib/v4l2_camera/v4l2_camera_compose_test" to ""
-- Installing: /home/mtrn/4231/liam_stuff/4231project/install/v4l2_camera/share/v4l2_camera/environment/library_path.sh
-- Installing: /home/mtrn/4231/liam_stuff/4231project/install/v4l2_camera/share/v4l2_camera/environment/library_path.dsv
-- Installing: /home/mtrn/4231/liam_stuff/4231project/install/v4l2_camera/share/ament_index/resource_index/package_run_dependencies/v4l2_camera
-- Installing: /home/mtrn/4231/liam_stuff/4231project/install/v4l2_camera/share/ament_index/resource_index/parent_prefix_path/v4l2_camera
-- Installing: /home/mtrn/4231/liam_stuff/4231project/install/v4l2_camera/share/v4l2_camera/environment/ament_prefix_path.sh
-- Installing: /home/mtrn/4231/liam_stuff/4231project/install/v4l2_camera/share/v4l2_camera/environment/ament_prefix_path.dsv
-- Installing: /home/mtrn/4231/liam_stuff/4231project/install/v4l2_camera/share/v4l2_camera/environment/path.sh
-- Installing: /home/mtrn/4231/liam_stuff/4231project/install/v4l2_camera/share/v4l2_camera/environment/path.dsv
-- Installing: /home/mtrn/4231/liam_stuff/4231project/install/v4l2_camera/share/v4l2_camera/local_setup.bash
-- Installing: /home/mtrn/4231/liam_stuff/4231project/install/v4l2_camera/share/v4l2_camera/local_setup.sh
-- Installing: /home/mtrn/4231/liam_stuff/4231project/install/v4l2_camera/share/v4l2_camera/local_setup.zsh
-- Installing: /home/mtrn/4231/liam_stuff/4231project/install/v4l2_camera/share/v4l2_camera/local_setup.dsv
-- Installing: /home/mtrn/4231/liam_stuff/4231project/install/v4l2_camera/share/v4l2_camera/package.dsv
-- Installing: /home/mtrn/4231/liam_stuff/4231project/install/v4l2_camera/share/ament_index/resource_index/packages/v4l2_camera
-- Installing: /home/mtrn/4231/liam_stuff/4231project/install/v4l2_camera/share/ament_index/resource_index/rclcpp_components/v4l2_camera
-- Old export file "/home/mtrn/4231/liam_stuff/4231project/install/v4l2_camera/share/v4l2_camera/cmake/export_v4l2_cameraExport.cmake" will be replaced.  Removing files [/home/mtrn/4231/liam_stuff/4231project/install/v4l2_camera/share/v4l2_camera/cmake/export_v4l2_cameraExport-noconfig.cmake].
-- Installing: /home/mtrn/4231/liam_stuff/4231project/install/v4l2_camera/share/v4l2_camera/cmake/export_v4l2_cameraExport.cmake
-- Installing: /home/mtrn/4231/liam_stuff/4231project/install/v4l2_camera/share/v4l2_camera/cmake/export_v4l2_cameraExport-noconfig.cmake
-- Installing: /home/mtrn/4231/liam_stuff/4231project/install/v4l2_camera/share/v4l2_camera/cmake/ament_cmake_export_include_directories-extras.cmake
-- Installing: /home/mtrn/4231/liam_stuff/4231project/install/v4l2_camera/share/v4l2_camera/cmake/ament_cmake_export_targets-extras.cmake
-- Installing: /home/mtrn/4231/liam_stuff/4231project/install/v4l2_camera/share/v4l2_camera/cmake/ament_cmake_export_libraries-extras.cmake
-- Installing: /home/mtrn/4231/liam_stuff/4231project/install/v4l2_camera/share/v4l2_camera/cmake/ament_cmake_export_dependencies-extras.cmake
-- Installing: /home/mtrn/4231/liam_stuff/4231project/install/v4l2_camera/share/v4l2_camera/cmake/v4l2_cameraConfig.cmake
-- Installing: /home/mtrn/4231/liam_stuff/4231project/install/v4l2_camera/share/v4l2_camera/cmake/v4l2_cameraConfig-version.cmake
-- Installing: /home/mtrn/4231/liam_stuff/4231project/install/v4l2_camera/share/v4l2_camera/package.xml
