[0.108s] Invoking command in '/home/mtrn/4231/liam_stuff/4231project/build/ros2_aruco_interfaces': CMAKE_PREFIX_PATH=${CMAKE_PREFIX_PATH}:/home/mtrn/4231/ws_moveit2/install/moveit_configs_utils:/home/mtrn/4231/ws_moveit2/install/launch_param_builder:/opt/ros/humble /home/mtrn/.local/bin/cmake --build /home/mtrn/4231/liam_stuff/4231project/build/ros2_aruco_interfaces -- -j12 -l12
[0.759s] -- Found ament_cmake: 1.3.5 (/opt/ros/humble/share/ament_cmake/cmake)
[0.759s] -- Found geometry_msgs: 4.2.3 (/opt/ros/humble/share/geometry_msgs/cmake)
[0.761s] -- Found rosidl_generator_c: 3.1.5 (/opt/ros/humble/share/rosidl_generator_c/cmake)
[0.763s] -- Found rosidl_adapter: 3.1.5 (/opt/ros/humble/share/rosidl_adapter/cmake)
[0.764s] -- Found rosidl_generator_cpp: 3.1.5 (/opt/ros/humble/share/rosidl_generator_cpp/cmake)
[0.765s] -- Using all available rosidl_typesupport_c: rosidl_typesupport_fastrtps_c;rosidl_typesupport_introspection_c
[0.765s] -- Using all available rosidl_typesupport_cpp: rosidl_typesupport_fastrtps_cpp;rosidl_typesupport_introspection_cpp
[0.765s] -- Found rosidl_default_generators: 1.2.0 (/opt/ros/humble/share/rosidl_default_generators/cmake)
[0.766s] [0mCMake Error: The current CMakeCache.txt directory /home/mtrn/4231/liam_stuff/4231project/build/ros2_aruco_interfaces/CMakeCache.txt is different than the directory /home/mtrn/4231/liam_stuff/project_git/4231project/build/ros2_aruco_interfaces where CMakeCache.txt was created. This may result in binaries being created in the wrong place. If you are not sure, reedit the CMakeCache.txt[0m
[1.350s] -- Found ament_cmake_ros: 0.10.0 (/opt/ros/humble/share/ament_cmake_ros/cmake)
[2.698s] -- Using all available rosidl_typesupport_c: rosidl_typesupport_fastrtps_c;rosidl_typesupport_introspection_c
[3.282s] -- Using all available rosidl_typesupport_cpp: rosidl_typesupport_fastrtps_cpp;rosidl_typesupport_introspection_cpp
[3.287s] [33mCMake Warning (dev) at /opt/ros/humble/share/rosidl_generator_py/cmake/rosidl_generator_py_generate_interfaces.cmake:20 (find_package):
[3.287s]   Policy CMP0148 is not set: The FindPythonInterp and FindPythonLibs modules
[3.287s]   are removed.  Run "cmake --help-policy CMP0148" for policy details.  Use
[3.287s]   the cmake_policy command to set the policy and suppress this warning.
[3.287s] 
[3.288s] Call Stack (most recent call first):
[3.288s]   /opt/ros/humble/share/ament_cmake_core/cmake/core/ament_execute_extensions.cmake:48 (include)
[3.288s]   /opt/ros/humble/share/rosidl_cmake/cmake/rosidl_generate_interfaces.cmake:286 (ament_execute_extensions)
[3.288s]   CMakeLists.txt:28 (rosidl_generate_interfaces)
[3.288s] This warning is for project developers.  Use -Wno-dev to suppress it.
[3.288s] [0m
[3.320s] -- Found python_cmake_module: 0.10.0 (/opt/ros/humble/share/python_cmake_module/cmake)
[3.321s] [33mCMake Warning (dev) at /opt/ros/humble/share/python_cmake_module/cmake/Modules/FindPythonExtra.cmake:52 (find_package):
[3.321s]   Policy CMP0148 is not set: The FindPythonInterp and FindPythonLibs modules
[3.321s]   are removed.  Run "cmake --help-policy CMP0148" for policy details.  Use
[3.321s]   the cmake_policy command to set the policy and suppress this warning.
[3.322s] 
[3.322s] Call Stack (most recent call first):
[3.322s]   /opt/ros/humble/share/rosidl_generator_py/cmake/rosidl_generator_py_generate_interfaces.cmake:23 (find_package)
[3.322s]   /opt/ros/humble/share/ament_cmake_core/cmake/core/ament_execute_extensions.cmake:48 (include)
[3.322s]   /opt/ros/humble/share/rosidl_cmake/cmake/rosidl_generate_interfaces.cmake:286 (ament_execute_extensions)
[3.322s]   CMakeLists.txt:28 (rosidl_generate_interfaces)
[3.322s] This warning is for project developers.  Use -Wno-dev to suppress it.
[3.323s] [0m
[3.369s] [33mCMake Warning (dev) at /opt/ros/humble/share/python_cmake_module/cmake/Modules/FindPythonExtra.cmake:140 (find_package):
[3.369s]   Policy CMP0148 is not set: The FindPythonInterp and FindPythonLibs modules
[3.369s]   are removed.  Run "cmake --help-policy CMP0148" for policy details.  Use
[3.369s]   the cmake_policy command to set the policy and suppress this warning.
[3.369s] 
[3.370s] Call Stack (most recent call first):
[3.370s]   /opt/ros/humble/share/rosidl_generator_py/cmake/rosidl_generator_py_generate_interfaces.cmake:23 (find_package)
[3.370s]   /opt/ros/humble/share/ament_cmake_core/cmake/core/ament_execute_extensions.cmake:48 (include)
[3.370s]   /opt/ros/humble/share/rosidl_cmake/cmake/rosidl_generate_interfaces.cmake:286 (ament_execute_extensions)
[3.370s]   CMakeLists.txt:28 (rosidl_generate_interfaces)
[3.370s] This warning is for project developers.  Use -Wno-dev to suppress it.
[3.370s] [0m
[3.378s] -- Using PYTHON_EXECUTABLE: /usr/bin/python3
[3.378s] -- Using PYTHON_INCLUDE_DIRS: /usr/include/python3.10
[3.378s] -- Using PYTHON_LIBRARIES: /usr/lib/x86_64-linux-gnu/libpython3.10.so
[3.504s] -- Found ament_lint_auto: 0.12.7 (/opt/ros/humble/share/ament_lint_auto/cmake)
[3.515s] -- Added test 'copyright' to check source files copyright and LICENSE
[3.517s] -- Added test 'lint_cmake' to check CMake code style
[3.517s] -- Added test 'xmllint' to check XML markup files
[3.520s] -- Configuring done (3.3s)
[3.559s] -- Generating done (0.0s)
[3.562s] -- Build files have been written to: /home/mtrn/4231/liam_stuff/project_git/4231project/build/ros2_aruco_interfaces
[3.663s] [  3%] Built target ros2_aruco_interfaces__cpp
[3.668s] [ 12%] Built target ros2_aruco_interfaces__rosidl_generator_c
[3.675s] [ 12%] Built target ament_cmake_python_copy_ros2_aruco_interfaces
[3.699s] [ 22%] Built target ros2_aruco_interfaces__rosidl_typesupport_fastrtps_c
[3.706s] [ 32%] Built target ros2_aruco_interfaces__rosidl_typesupport_cpp
[3.706s] [ 41%] Built target ros2_aruco_interfaces__rosidl_typesupport_introspection_c
[3.709s] [ 61%] Built target ros2_aruco_interfaces__rosidl_typesupport_introspection_cpp
[3.709s] [ 61%] Built target ros2_aruco_interfaces__rosidl_typesupport_c
[3.711s] [ 70%] Built target ros2_aruco_interfaces__rosidl_typesupport_fastrtps_cpp
[3.748s] [ 70%] Built target ros2_aruco_interfaces
[3.822s] [ 74%] Built target ros2_aruco_interfaces__py
[3.894s] [ 80%] Built target ros2_aruco_interfaces__rosidl_generator_py
[3.923s] running egg_info
[3.923s] writing ros2_aruco_interfaces.egg-info/PKG-INFO
[3.923s] writing dependency_links to ros2_aruco_interfaces.egg-info/dependency_links.txt
[3.923s] writing top-level names to ros2_aruco_interfaces.egg-info/top_level.txt
[3.926s] reading manifest file 'ros2_aruco_interfaces.egg-info/SOURCES.txt'
[3.926s] writing manifest file 'ros2_aruco_interfaces.egg-info/SOURCES.txt'
[3.943s] [ 87%] Built target ros2_aruco_interfaces__rosidl_typesupport_c__pyext
[3.947s] [ 93%] Built target ros2_aruco_interfaces__rosidl_typesupport_fastrtps_c__pyext
[3.957s] [100%] Built target ros2_aruco_interfaces__rosidl_typesupport_introspection_c__pyext
[3.964s] [100%] Built target ament_cmake_python_build_ros2_aruco_interfaces_egg
