[0.107s] Invoking command in '/home/mtrn/4231/liam_stuff/4231project/build/canvas': CMAKE_PREFIX_PATH=${CMAKE_PREFIX_PATH}:/home/mtrn/4231/ws_moveit2/install/moveit_configs_utils:/home/mtrn/4231/ws_moveit2/install/launch_param_builder:/opt/ros/humble /home/mtrn/.local/bin/cmake --build /home/mtrn/4231/liam_stuff/4231project/build/canvas -- -j12 -l12
[0.755s] [  9%] Built target canvas__rosidl_generator_c
[0.756s] [ 12%] Built target canvas__cpp
[0.756s] [ 12%] Built target ament_cmake_python_copy_canvas
[0.756s] [ 22%] Built target canvas__rosidl_typesupport_c
[0.756s] [ 32%] Built target canvas__rosidl_typesupport_introspection_c
[0.756s] [ 41%] Built target canvas__rosidl_typesupport_fastrtps_c
[0.756s] [ 51%] Built target canvas__rosidl_typesupport_introspection_cpp
[0.757s] [ 61%] Built target canvas__rosidl_typesupport_fastrtps_cpp
[0.757s] [ 70%] Built target canvas__rosidl_typesupport_cpp
[0.757s] [ 70%] Built target canvas
[0.757s] [ 74%] Built target canvas__py
[0.757s] [ 80%] Built target canvas__rosidl_generator_py
[0.757s] [ 87%] Built target canvas__rosidl_typesupport_fastrtps_c__pyext
[0.758s] [ 93%] Built target canvas__rosidl_typesupport_c__pyext
[0.758s] [100%] Built target canvas__rosidl_typesupport_introspection_c__pyext
[0.758s] running egg_info
[0.758s] writing canvas.egg-info/PKG-INFO
[0.758s] writing dependency_links to canvas.egg-info/dependency_links.txt
[0.758s] writing top-level names to canvas.egg-info/top_level.txt
[0.759s] reading manifest file 'canvas.egg-info/SOURCES.txt'
[0.759s] writing manifest file 'canvas.egg-info/SOURCES.txt'
[0.759s] [100%] Built target ament_cmake_python_build_canvas_egg
[1.068s] Invoked command in '/home/mtrn/4231/liam_stuff/4231project/build/canvas' returned '0': CMAKE_PREFIX_PATH=${CMAKE_PREFIX_PATH}:/home/mtrn/4231/ws_moveit2/install/moveit_configs_utils:/home/mtrn/4231/ws_moveit2/install/launch_param_builder:/opt/ros/humble /home/mtrn/.local/bin/cmake --build /home/mtrn/4231/liam_stuff/4231project/build/canvas -- -j12 -l12
