[1.049s] Invoking command in '/home/mtrn/4231/liam_stuff/4231project/src/opencv_example': PYTHONPATH=/home/mtrn/4231/liam_stuff/4231project/build/opencv_example/prefix_override:/home/mtrn/4231/liam_stuff/4231project/install/opencv_example/lib/python3.10/site-packages:${PYTHONPATH} /usr/bin/python3 setup.py egg_info --egg-base ../../build/opencv_example build --build-base /home/mtrn/4231/liam_stuff/4231project/build/opencv_example/build install --record /home/mtrn/4231/liam_stuff/4231project/build/opencv_example/install.log --single-version-externally-managed
[1.300s] running egg_info
[1.301s] writing ../../build/opencv_example/opencv_example.egg-info/PKG-INFO
[1.301s] writing dependency_links to ../../build/opencv_example/opencv_example.egg-info/dependency_links.txt
[1.301s] writing entry points to ../../build/opencv_example/opencv_example.egg-info/entry_points.txt
[1.301s] writing requirements to ../../build/opencv_example/opencv_example.egg-info/requires.txt
[1.301s] writing top-level names to ../../build/opencv_example/opencv_example.egg-info/top_level.txt
[1.303s] reading manifest file '../../build/opencv_example/opencv_example.egg-info/SOURCES.txt'
[1.304s] writing manifest file '../../build/opencv_example/opencv_example.egg-info/SOURCES.txt'
[1.304s] running build
[1.305s] running build_py
[1.305s] copying opencv_example/aruco_marker_detect.py -> /home/mtrn/4231/liam_stuff/4231project/build/opencv_example/build/lib/opencv_example
[1.305s] running install
[1.305s] /usr/lib/python3/dist-packages/setuptools/command/install.py:34: SetuptoolsDeprecationWarning: setup.py install is deprecated. Use build and pip and other standards-based tools.
[1.305s]   warnings.warn(
[1.305s] running install_lib
[1.306s] copying /home/mtrn/4231/liam_stuff/4231project/build/opencv_example/build/lib/opencv_example/aruco_marker_detect.py -> /home/mtrn/4231/liam_stuff/4231project/install/opencv_example/lib/python3.10/site-packages/opencv_example
[1.307s] byte-compiling /home/mtrn/4231/liam_stuff/4231project/install/opencv_example/lib/python3.10/site-packages/opencv_example/aruco_marker_detect.py to aruco_marker_detect.cpython-310.pyc
[1.308s] running install_data
[1.309s] running install_egg_info
[1.311s] removing '/home/mtrn/4231/liam_stuff/4231project/install/opencv_example/lib/python3.10/site-packages/opencv_example-0.0.0-py3.10.egg-info' (and everything under it)
[1.311s] Copying ../../build/opencv_example/opencv_example.egg-info to /home/mtrn/4231/liam_stuff/4231project/install/opencv_example/lib/python3.10/site-packages/opencv_example-0.0.0-py3.10.egg-info
[1.312s] running install_scripts
[1.332s] Installing aruco_marker_detect script to /home/mtrn/4231/liam_stuff/4231project/install/opencv_example/lib/opencv_example
[1.332s] writing list of installed files to '/home/mtrn/4231/liam_stuff/4231project/build/opencv_example/install.log'
[1.369s] Invoked command in '/home/mtrn/4231/liam_stuff/4231project/src/opencv_example' returned '0': PYTHONPATH=/home/mtrn/4231/liam_stuff/4231project/build/opencv_example/prefix_override:/home/mtrn/4231/liam_stuff/4231project/install/opencv_example/lib/python3.10/site-packages:${PYTHONPATH} /usr/bin/python3 setup.py egg_info --egg-base ../../build/opencv_example build --build-base /home/mtrn/4231/liam_stuff/4231project/build/opencv_example/build install --record /home/mtrn/4231/liam_stuff/4231project/build/opencv_example/install.log --single-version-externally-managed
