[1.695s] Invoking command in '/home/mtrn/4231/liam_stuff/4231project/src/opencv_example': PYTHONPATH=/home/mtrn/4231/liam_stuff/4231project/build/opencv_example/prefix_override:/home/mtrn/4231/liam_stuff/4231project/install/opencv_example/lib/python3.10/site-packages:${PYTHONPATH} /usr/bin/python3 setup.py egg_info --egg-base ../../build/opencv_example build --build-base /home/mtrn/4231/liam_stuff/4231project/build/opencv_example/build install --record /home/mtrn/4231/liam_stuff/4231project/build/opencv_example/install.log --single-version-externally-managed
[2.023s] running egg_info
[2.024s] writing ../../build/opencv_example/opencv_example.egg-info/PKG-INFO
[2.025s] writing dependency_links to ../../build/opencv_example/opencv_example.egg-info/dependency_links.txt
[2.025s] writing entry points to ../../build/opencv_example/opencv_example.egg-info/entry_points.txt
[2.025s] writing requirements to ../../build/opencv_example/opencv_example.egg-info/requires.txt
[2.025s] writing top-level names to ../../build/opencv_example/opencv_example.egg-info/top_level.txt
[2.029s] reading manifest file '../../build/opencv_example/opencv_example.egg-info/SOURCES.txt'
[2.030s] writing manifest file '../../build/opencv_example/opencv_example.egg-info/SOURCES.txt'
[2.030s] running build
[2.030s] running build_py
[2.031s] running install
[2.031s] /usr/lib/python3/dist-packages/setuptools/command/install.py:34: SetuptoolsDeprecationWarning: setup.py install is deprecated. Use build and pip and other standards-based tools.
[2.032s]   warnings.warn(
[2.035s] running install_lib
[2.038s] running install_data
[2.039s] running install_egg_info
[2.043s] removing '/home/mtrn/4231/liam_stuff/4231project/install/opencv_example/lib/python3.10/site-packages/opencv_example-0.0.0-py3.10.egg-info' (and everything under it)
[2.044s] Copying ../../build/opencv_example/opencv_example.egg-info to /home/mtrn/4231/liam_stuff/4231project/install/opencv_example/lib/python3.10/site-packages/opencv_example-0.0.0-py3.10.egg-info
[2.045s] running install_scripts
[2.078s] Installing aruco_marker_detect script to /home/mtrn/4231/liam_stuff/4231project/install/opencv_example/lib/opencv_example
[2.078s] writing list of installed files to '/home/mtrn/4231/liam_stuff/4231project/build/opencv_example/install.log'
[2.142s] Invoked command in '/home/mtrn/4231/liam_stuff/4231project/src/opencv_example' returned '0': PYTHONPATH=/home/mtrn/4231/liam_stuff/4231project/build/opencv_example/prefix_override:/home/mtrn/4231/liam_stuff/4231project/install/opencv_example/lib/python3.10/site-packages:${PYTHONPATH} /usr/bin/python3 setup.py egg_info --egg-base ../../build/opencv_example build --build-base /home/mtrn/4231/liam_stuff/4231project/build/opencv_example/build install --record /home/mtrn/4231/liam_stuff/4231project/build/opencv_example/install.log --single-version-externally-managed
