[0.112s] Invoking command in '/home/mtrn/4231/liam_stuff/4231project/build/ros2_aruco_interfaces': CMAKE_PREFIX_PATH=${CMAKE_PREFIX_PATH}:/home/mtrn/4231/liam_stuff/4231project/install/ros2_aruco:/home/mtrn/4231/liam_stuff/4231project/install/opencv_example:/home/mtrn/4231/liam_stuff/4231project/install/openCV_example:/home/mtrn/4231/liam_stuff/4231project/install/my_package:/home/mtrn/4231/ws_moveit2/install/moveit_configs_utils:/home/mtrn/4231/ws_moveit2/install/launch_param_builder:/opt/ros/humble /home/mtrn/.local/bin/cmake --build /home/mtrn/4231/liam_stuff/4231project/build/ros2_aruco_interfaces -- -j12 -l12
[0.718s] -- Found ament_cmake: 1.3.5 (/opt/ros/humble/share/ament_cmake/cmake)
[0.718s] -- Found geometry_msgs: 4.2.3 (/opt/ros/humble/share/geometry_msgs/cmake)
[0.718s] -- Found rosidl_generator_c: 3.1.5 (/opt/ros/humble/share/rosidl_generator_c/cmake)
[0.718s] -- Found rosidl_adapter: 3.1.5 (/opt/ros/humble/share/rosidl_adapter/cmake)
[0.718s] -- Found rosidl_generator_cpp: 3.1.5 (/opt/ros/humble/share/rosidl_generator_cpp/cmake)
[0.719s] -- Using all available rosidl_typesupport_c: rosidl_typesupport_fastrtps_c;rosidl_typesupport_introspection_c
[0.719s] -- Using all available rosidl_typesupport_cpp: rosidl_typesupport_fastrtps_cpp;rosidl_typesupport_introspection_cpp
[0.723s] [0mCMake Error: The current CMakeCache.txt directory /home/mtrn/4231/liam_stuff/4231project/build/ros2_aruco_interfaces/CMakeCache.txt is different than the directory /home/mtrn/4231/liam_stuff/project_git/4231project/build/ros2_aruco_interfaces where CMakeCache.txt was created. This may result in binaries being created in the wrong place. If you are not sure, reedit the CMakeCache.txt[0m
[0.735s] -- Found rosidl_default_generators: 1.2.0 (/opt/ros/humble/share/rosidl_default_generators/cmake)
[1.453s] -- Found ament_cmake_ros: 0.10.0 (/opt/ros/humble/share/ament_cmake_ros/cmake)
[2.963s] -- Using all available rosidl_typesupport_c: rosidl_typesupport_fastrtps_c;rosidl_typesupport_introspection_c
[3.558s] -- Using all available rosidl_typesupport_cpp: rosidl_typesupport_fastrtps_cpp;rosidl_typesupport_introspection_cpp
[3.562s] [33mCMake Warning (dev) at /opt/ros/humble/share/rosidl_generator_py/cmake/rosidl_generator_py_generate_interfaces.cmake:20 (find_package):
[3.562s]   Policy CMP0148 is not set: The FindPythonInterp and FindPythonLibs modules
[3.563s]   are removed.  Run "cmake --help-policy CMP0148" for policy details.  Use
[3.563s]   the cmake_policy command to set the policy and suppress this warning.
[3.563s] 
[3.563s] Call Stack (most recent call first):
[3.563s]   /opt/ros/humble/share/ament_cmake_core/cmake/core/ament_execute_extensions.cmake:48 (include)
[3.563s]   /opt/ros/humble/share/rosidl_cmake/cmake/rosidl_generate_interfaces.cmake:286 (ament_execute_extensions)
[3.563s]   CMakeLists.txt:28 (rosidl_generate_interfaces)
[3.564s] This warning is for project developers.  Use -Wno-dev to suppress it.
[3.564s] [0m
[3.596s] -- Found python_cmake_module: 0.10.0 (/opt/ros/humble/share/python_cmake_module/cmake)
[3.598s] [33mCMake Warning (dev) at /opt/ros/humble/share/python_cmake_module/cmake/Modules/FindPythonExtra.cmake:52 (find_package):
[3.598s]   Policy CMP0148 is not set: The FindPythonInterp and FindPythonLibs modules
[3.598s]   are removed.  Run "cmake --help-policy CMP0148" for policy details.  Use
[3.599s]   the cmake_policy command to set the policy and suppress this warning.
[3.599s] 
[3.599s] Call Stack (most recent call first):
[3.599s]   /opt/ros/humble/share/rosidl_generator_py/cmake/rosidl_generator_py_generate_interfaces.cmake:23 (find_package)
[3.600s]   /opt/ros/humble/share/ament_cmake_core/cmake/core/ament_execute_extensions.cmake:48 (include)
[3.600s]   /opt/ros/humble/share/rosidl_cmake/cmake/rosidl_generate_interfaces.cmake:286 (ament_execute_extensions)
[3.600s]   CMakeLists.txt:28 (rosidl_generate_interfaces)
[3.600s] This warning is for project developers.  Use -Wno-dev to suppress it.
[3.600s] [0m
[3.629s] [33mCMake Warning (dev) at /opt/ros/humble/share/python_cmake_module/cmake/Modules/FindPythonExtra.cmake:140 (find_package):
[3.630s]   Policy CMP0148 is not set: The FindPythonInterp and FindPythonLibs modules
[3.630s]   are removed.  Run "cmake --help-policy CMP0148" for policy details.  Use
[3.630s]   the cmake_policy command to set the policy and suppress this warning.
[3.631s] 
[3.631s] Call Stack (most recent call first):
[3.631s]   /opt/ros/humble/share/rosidl_generator_py/cmake/rosidl_generator_py_generate_interfaces.cmake:23 (find_package)
[3.631s]   /opt/ros/humble/share/ament_cmake_core/cmake/core/ament_execute_extensions.cmake:48 (include)
[3.632s]   /opt/ros/humble/share/rosidl_cmake/cmake/rosidl_generate_interfaces.cmake:286 (ament_execute_extensions)
[3.632s]   CMakeLists.txt:28 (rosidl_generate_interfaces)
[3.632s] This warning is for project developers.  Use -Wno-dev to suppress it.
[3.633s] [0m
[3.636s] -- Using PYTHON_EXECUTABLE: /usr/bin/python3
[3.636s] -- Using PYTHON_INCLUDE_DIRS: /usr/include/python3.10
[3.637s] -- Using PYTHON_LIBRARIES: /usr/lib/x86_64-linux-gnu/libpython3.10.so
[3.747s] -- Found ament_lint_auto: 0.12.7 (/opt/ros/humble/share/ament_lint_auto/cmake)
[3.756s] -- Added test 'copyright' to check source files copyright and LICENSE
[3.758s] -- Added test 'lint_cmake' to check CMake code style
[3.758s] -- Added test 'xmllint' to check XML markup files
[3.760s] -- Configuring done (3.6s)
[3.796s] -- Generating done (0.0s)
[3.799s] -- Build files have been written to: /home/mtrn/4231/liam_stuff/project_git/4231project/build/ros2_aruco_interfaces
[3.895s] [  9%] Built target ros2_aruco_interfaces__rosidl_generator_c
[3.900s] [ 12%] Built target ros2_aruco_interfaces__cpp
[3.906s] [ 12%] Built target ament_cmake_python_copy_ros2_aruco_interfaces
[3.936s] [ 22%] Built target ros2_aruco_interfaces__rosidl_typesupport_c
[3.936s] [ 32%] Built target ros2_aruco_interfaces__rosidl_typesupport_introspection_c
[3.936s] [ 41%] Built target ros2_aruco_interfaces__rosidl_typesupport_fastrtps_c
[3.938s] [ 51%] Built target ros2_aruco_interfaces__rosidl_typesupport_fastrtps_cpp
[3.941s] [ 61%] Built target ros2_aruco_interfaces__rosidl_typesupport_introspection_cpp
[3.942s] [ 70%] Built target ros2_aruco_interfaces__rosidl_typesupport_cpp
[3.983s] [ 70%] Built target ros2_aruco_interfaces
[4.060s] [ 74%] Built target ros2_aruco_interfaces__py
[4.140s] [ 80%] Built target ros2_aruco_interfaces__rosidl_generator_py
[4.156s] running egg_info
[4.156s] writing ros2_aruco_interfaces.egg-info/PKG-INFO
[4.157s] writing dependency_links to ros2_aruco_interfaces.egg-info/dependency_links.txt
[4.157s] writing top-level names to ros2_aruco_interfaces.egg-info/top_level.txt
[4.158s] reading manifest file 'ros2_aruco_interfaces.egg-info/SOURCES.txt'
[4.159s] writing manifest file 'ros2_aruco_interfaces.egg-info/SOURCES.txt'
[4.188s] [ 80%] Built target ament_cmake_python_build_ros2_aruco_interfaces_egg
[4.206s] [ 87%] Built target ros2_aruco_interfaces__rosidl_typesupport_c__pyext
[4.212s] [ 93%] Built target ros2_aruco_interfaces__rosidl_typesupport_introspection_c__pyext
[4.216s] [100%] Built target ros2_aruco_interfaces__rosidl_typesupport_fastrtps_c__pyext
