[1.928s] Invoking command in '/home/mtrn/4231/liam_stuff/4231project/src/my_package': PYTHONPATH=/home/mtrn/4231/liam_stuff/4231project/build/my_package/prefix_override:/home/mtrn/4231/liam_stuff/4231project/install/my_package/lib/python3.10/site-packages:${PYTHONPATH} /usr/bin/python3 setup.py egg_info --egg-base ../../build/my_package build --build-base /home/mtrn/4231/liam_stuff/4231project/build/my_package/build install --record /home/mtrn/4231/liam_stuff/4231project/build/my_package/install.log --single-version-externally-managed
[2.302s] running egg_info
[2.303s] writing ../../build/my_package/my_package.egg-info/PKG-INFO
[2.304s] writing dependency_links to ../../build/my_package/my_package.egg-info/dependency_links.txt
[2.304s] writing entry points to ../../build/my_package/my_package.egg-info/entry_points.txt
[2.304s] writing requirements to ../../build/my_package/my_package.egg-info/requires.txt
[2.304s] writing top-level names to ../../build/my_package/my_package.egg-info/top_level.txt
[2.307s] reading manifest file '../../build/my_package/my_package.egg-info/SOURCES.txt'
[2.309s] writing manifest file '../../build/my_package/my_package.egg-info/SOURCES.txt'
[2.309s] running build
[2.309s] running build_py
[2.309s] running install
[2.310s] /usr/lib/python3/dist-packages/setuptools/command/install.py:34: SetuptoolsDeprecationWarning: setup.py install is deprecated. Use build and pip and other standards-based tools.
[2.310s]   warnings.warn(
[2.310s] running install_lib
[2.311s] running install_data
[2.312s] running install_egg_info
[2.315s] removing '/home/mtrn/4231/liam_stuff/4231project/install/my_package/lib/python3.10/site-packages/my_package-0.0.0-py3.10.egg-info' (and everything under it)
[2.315s] Copying ../../build/my_package/my_package.egg-info to /home/mtrn/4231/liam_stuff/4231project/install/my_package/lib/python3.10/site-packages/my_package-0.0.0-py3.10.egg-info
[2.316s] running install_scripts
[2.345s] Installing my_node script to /home/mtrn/4231/liam_stuff/4231project/install/my_package/lib/my_package
[2.346s] writing list of installed files to '/home/mtrn/4231/liam_stuff/4231project/build/my_package/install.log'
[2.424s] Invoked command in '/home/mtrn/4231/liam_stuff/4231project/src/my_package' returned '0': PYTHONPATH=/home/mtrn/4231/liam_stuff/4231project/build/my_package/prefix_override:/home/mtrn/4231/liam_stuff/4231project/install/my_package/lib/python3.10/site-packages:${PYTHONPATH} /usr/bin/python3 setup.py egg_info --egg-base ../../build/my_package build --build-base /home/mtrn/4231/liam_stuff/4231project/build/my_package/build install --record /home/mtrn/4231/liam_stuff/4231project/build/my_package/install.log --single-version-externally-managed
