[ 33%] Built target static_camera_transform
[ 50%] [32mBuilding CXX object CMakeFiles/path.dir/src/path.cpp.o[0m
[ 83%] Built target paper
[100%] [32m[1mLinking CXX executable path[0m
[100%] Built target path
-- Install configuration: ""
-- Installing: /home/mtrn/4231/liam_stuff/4231project/install/transforms/lib/transforms/paper
-- Set runtime path of "/home/mtrn/4231/liam_stuff/4231project/install/transforms/lib/transforms/paper" to ""
-- Up-to-date: /home/mtrn/4231/liam_stuff/4231project/install/transforms/lib/transforms/static_camera_transform
-- Installing: /home/mtrn/4231/liam_stuff/4231project/install/transforms/lib/transforms/path
-- Set runtime path of "/home/mtrn/4231/liam_stuff/4231project/install/transforms/lib/transforms/path" to ""
-- Installing: /home/mtrn/4231/liam_stuff/4231project/install/transforms/share/ament_index/resource_index/package_run_dependencies/transforms
-- Installing: /home/mtrn/4231/liam_stuff/4231project/install/transforms/share/ament_index/resource_index/parent_prefix_path/transforms
-- Up-to-date: /home/mtrn/4231/liam_stuff/4231project/install/transforms/share/transforms/environment/ament_prefix_path.sh
-- Installing: /home/mtrn/4231/liam_stuff/4231project/install/transforms/share/transforms/environment/ament_prefix_path.dsv
-- Up-to-date: /home/mtrn/4231/liam_stuff/4231project/install/transforms/share/transforms/environment/path.sh
-- Installing: /home/mtrn/4231/liam_stuff/4231project/install/transforms/share/transforms/environment/path.dsv
-- Up-to-date: /home/mtrn/4231/liam_stuff/4231project/install/transforms/share/transforms/local_setup.bash
-- Up-to-date: /home/mtrn/4231/liam_stuff/4231project/install/transforms/share/transforms/local_setup.sh
-- Up-to-date: /home/mtrn/4231/liam_stuff/4231project/install/transforms/share/transforms/local_setup.zsh
-- Installing: /home/mtrn/4231/liam_stuff/4231project/install/transforms/share/transforms/local_setup.dsv
-- Installing: /home/mtrn/4231/liam_stuff/4231project/install/transforms/share/transforms/package.dsv
-- Up-to-date: /home/mtrn/4231/liam_stuff/4231project/install/transforms/share/ament_index/resource_index/packages/transforms
-- Installing: /home/mtrn/4231/liam_stuff/4231project/install/transforms/share/transforms/cmake/transformsConfig.cmake
-- Installing: /home/mtrn/4231/liam_stuff/4231project/install/transforms/share/transforms/cmake/transformsConfig-version.cmake
-- Installing: /home/mtrn/4231/liam_stuff/4231project/install/transforms/share/transforms/package.xml
