[0.050s] Invoking command in '/home/mtrn/4231/liam_stuff/4231project/build/moveit': CMAKE_PREFIX_PATH=${CMAKE_PREFIX_PATH}:/home/mtrn/4231/liam_stuff/4231project/install/ros2_aruco:/home/mtrn/4231/liam_stuff/4231project/install/opencv_example:/home/mtrn/4231/liam_stuff/4231project/install/openCV_example:/home/mtrn/4231/liam_stuff/4231project/install/my_package:/home/mtrn/4231/ws_moveit2/install/moveit_configs_utils:/home/mtrn/4231/ws_moveit2/install/launch_param_builder:/opt/ros/humble /home/mtrn/.local/bin/cmake --build /home/mtrn/4231/liam_stuff/4231project/build/moveit -- -j12 -l12
[0.340s] Invoked command in '/home/mtrn/4231/liam_stuff/4231project/build/moveit' returned '0': CMAKE_PREFIX_PATH=${CMAKE_PREFIX_PATH}:/home/mtrn/4231/liam_stuff/4231project/install/ros2_aruco:/home/mtrn/4231/liam_stuff/4231project/install/opencv_example:/home/mtrn/4231/liam_stuff/4231project/install/openCV_example:/home/mtrn/4231/liam_stuff/4231project/install/my_package:/home/mtrn/4231/ws_moveit2/install/moveit_configs_utils:/home/mtrn/4231/ws_moveit2/install/launch_param_builder:/opt/ros/humble /home/mtrn/.local/bin/cmake --build /home/mtrn/4231/liam_stuff/4231project/build/moveit -- -j12 -l12
[0.505s] Invoking command in '/home/mtrn/4231/liam_stuff/4231project/build/moveit': CMAKE_PREFIX_PATH=${CMAKE_PREFIX_PATH}:/home/mtrn/4231/liam_stuff/4231project/install/ros2_aruco:/home/mtrn/4231/liam_stuff/4231project/install/opencv_example:/home/mtrn/4231/liam_stuff/4231project/install/openCV_example:/home/mtrn/4231/liam_stuff/4231project/install/my_package:/home/mtrn/4231/ws_moveit2/install/moveit_configs_utils:/home/mtrn/4231/ws_moveit2/install/launch_param_builder:/opt/ros/humble /home/mtrn/.local/bin/cmake --install /home/mtrn/4231/liam_stuff/4231project/build/moveit
[0.544s] -- Install configuration: ""
[0.544s] -- Up-to-date: /home/mtrn/4231/liam_stuff/4231project/install/moveit/share/ament_index/resource_index/package_run_dependencies/moveit
[0.544s] -- Up-to-date: /home/mtrn/4231/liam_stuff/4231project/install/moveit/share/ament_index/resource_index/parent_prefix_path/moveit
[0.544s] -- Up-to-date: /home/mtrn/4231/liam_stuff/4231project/install/moveit/share/moveit/environment/ament_prefix_path.sh
[0.544s] -- Up-to-date: /home/mtrn/4231/liam_stuff/4231project/install/moveit/share/moveit/environment/ament_prefix_path.dsv
[0.545s] -- Up-to-date: /home/mtrn/4231/liam_stuff/4231project/install/moveit/share/moveit/environment/path.sh
[0.545s] -- Up-to-date: /home/mtrn/4231/liam_stuff/4231project/install/moveit/share/moveit/environment/path.dsv
[0.545s] -- Up-to-date: /home/mtrn/4231/liam_stuff/4231project/install/moveit/share/moveit/local_setup.bash
[0.545s] -- Up-to-date: /home/mtrn/4231/liam_stuff/4231project/install/moveit/share/moveit/local_setup.sh
[0.545s] -- Up-to-date: /home/mtrn/4231/liam_stuff/4231project/install/moveit/share/moveit/local_setup.zsh
[0.545s] -- Up-to-date: /home/mtrn/4231/liam_stuff/4231project/install/moveit/share/moveit/local_setup.dsv
[0.545s] -- Installing: /home/mtrn/4231/liam_stuff/4231project/install/moveit/share/moveit/package.dsv
[0.545s] -- Up-to-date: /home/mtrn/4231/liam_stuff/4231project/install/moveit/share/ament_index/resource_index/packages/moveit
[0.546s] -- Up-to-date: /home/mtrn/4231/liam_stuff/4231project/install/moveit/share/moveit/cmake/moveitConfig.cmake
[0.546s] -- Up-to-date: /home/mtrn/4231/liam_stuff/4231project/install/moveit/share/moveit/cmake/moveitConfig-version.cmake
[0.546s] -- Up-to-date: /home/mtrn/4231/liam_stuff/4231project/install/moveit/share/moveit/package.xml
[0.554s] Invoked command in '/home/mtrn/4231/liam_stuff/4231project/build/moveit' returned '0': CMAKE_PREFIX_PATH=${CMAKE_PREFIX_PATH}:/home/mtrn/4231/liam_stuff/4231project/install/ros2_aruco:/home/mtrn/4231/liam_stuff/4231project/install/opencv_example:/home/mtrn/4231/liam_stuff/4231project/install/openCV_example:/home/mtrn/4231/liam_stuff/4231project/install/my_package:/home/mtrn/4231/ws_moveit2/install/moveit_configs_utils:/home/mtrn/4231/ws_moveit2/install/launch_param_builder:/opt/ros/humble /home/mtrn/.local/bin/cmake --install /home/mtrn/4231/liam_stuff/4231project/build/moveit
