[1.393s] Invoking command in '/home/mtrn/4231/project_workspace/src/my_package': PYTHONPATH=/home/mtrn/4231/project_workspace/build/my_package/prefix_override:/home/mtrn/4231/project_workspace/install/my_package/lib/python3.10/site-packages:${PYTHONPATH} /usr/bin/python3 setup.py egg_info --egg-base ../../build/my_package build --build-base /home/mtrn/4231/project_workspace/build/my_package/build install --record /home/mtrn/4231/project_workspace/build/my_package/install.log --single-version-externally-managed
[1.767s] running egg_info
[1.767s] writing ../../build/my_package/my_package.egg-info/PKG-INFO
[1.767s] writing dependency_links to ../../build/my_package/my_package.egg-info/dependency_links.txt
[1.767s] writing entry points to ../../build/my_package/my_package.egg-info/entry_points.txt
[1.767s] writing requirements to ../../build/my_package/my_package.egg-info/requires.txt
[1.767s] writing top-level names to ../../build/my_package/my_package.egg-info/top_level.txt
[1.777s] /usr/lib/python3/dist-packages/setuptools/command/install.py:34: SetuptoolsDeprecationWarning: setup.py install is deprecated. Use build and pip and other standards-based tools.
[1.777s]   warnings.warn(
[1.777s] reading manifest file '../../build/my_package/my_package.egg-info/SOURCES.txt'
[1.777s] writing manifest file '../../build/my_package/my_package.egg-info/SOURCES.txt'
[1.777s] running build
[1.777s] running build_py
[1.777s] running install
[1.777s] running install_lib
[1.778s] running install_data
[1.780s] running install_egg_info
[1.795s] removing '/home/mtrn/4231/project_workspace/install/my_package/lib/python3.10/site-packages/my_package-0.0.0-py3.10.egg-info' (and everything under it)
[1.796s] Copying ../../build/my_package/my_package.egg-info to /home/mtrn/4231/project_workspace/install/my_package/lib/python3.10/site-packages/my_package-0.0.0-py3.10.egg-info
[1.797s] running install_scripts
[1.821s] Installing my_node script to /home/mtrn/4231/project_workspace/install/my_package/lib/my_package
[1.823s] writing list of installed files to '/home/mtrn/4231/project_workspace/build/my_package/install.log'
[1.884s] Invoked command in '/home/mtrn/4231/project_workspace/src/my_package' returned '0': PYTHONPATH=/home/mtrn/4231/project_workspace/build/my_package/prefix_override:/home/mtrn/4231/project_workspace/install/my_package/lib/python3.10/site-packages:${PYTHONPATH} /usr/bin/python3 setup.py egg_info --egg-base ../../build/my_package build --build-base /home/mtrn/4231/project_workspace/build/my_package/build install --record /home/mtrn/4231/project_workspace/build/my_package/install.log --single-version-externally-managed
