[0.116s] Invoking command in '/home/mtrn/4231/liam_stuff/4231project/build/ros2_aruco_interfaces': CMAKE_PREFIX_PATH=${CMAKE_PREFIX_PATH}:/home/mtrn/4231/liam_stuff/4231project/install/ros2_aruco:/home/mtrn/4231/liam_stuff/4231project/install/opencv_example:/home/mtrn/4231/liam_stuff/4231project/install/openCV_example:/home/mtrn/4231/liam_stuff/4231project/install/my_package:/home/mtrn/4231/ws_moveit2/install/moveit_configs_utils:/home/mtrn/4231/ws_moveit2/install/launch_param_builder:/opt/ros/humble /home/mtrn/.local/bin/cmake --build /home/mtrn/4231/liam_stuff/4231project/build/ros2_aruco_interfaces -- -j12 -l12
[0.765s] [0mCMake Error: The current CMakeCache.txt directory /home/mtrn/4231/liam_stuff/4231project/build/ros2_aruco_interfaces/CMakeCache.txt is different than the directory /home/mtrn/4231/liam_stuff/project_git/4231project/build/ros2_aruco_interfaces where CMakeCache.txt was created. This may result in binaries being created in the wrong place. If you are not sure, reedit the CMakeCache.txt[0m
[0.766s] -- Found ament_cmake: 1.3.5 (/opt/ros/humble/share/ament_cmake/cmake)
[0.767s] -- Found geometry_msgs: 4.2.3 (/opt/ros/humble/share/geometry_msgs/cmake)
[0.768s] -- Found rosidl_generator_c: 3.1.5 (/opt/ros/humble/share/rosidl_generator_c/cmake)
[0.769s] -- Found rosidl_adapter: 3.1.5 (/opt/ros/humble/share/rosidl_adapter/cmake)
[0.770s] -- Found rosidl_generator_cpp: 3.1.5 (/opt/ros/humble/share/rosidl_generator_cpp/cmake)
[0.770s] -- Using all available rosidl_typesupport_c: rosidl_typesupport_fastrtps_c;rosidl_typesupport_introspection_c
[0.771s] -- Using all available rosidl_typesupport_cpp: rosidl_typesupport_fastrtps_cpp;rosidl_typesupport_introspection_cpp
[0.771s] -- Found rosidl_default_generators: 1.2.0 (/opt/ros/humble/share/rosidl_default_generators/cmake)
[1.402s] -- Found ament_cmake_ros: 0.10.0 (/opt/ros/humble/share/ament_cmake_ros/cmake)
[2.813s] -- Using all available rosidl_typesupport_c: rosidl_typesupport_fastrtps_c;rosidl_typesupport_introspection_c
[3.343s] -- Using all available rosidl_typesupport_cpp: rosidl_typesupport_fastrtps_cpp;rosidl_typesupport_introspection_cpp
[3.347s] [33mCMake Warning (dev) at /opt/ros/humble/share/rosidl_generator_py/cmake/rosidl_generator_py_generate_interfaces.cmake:20 (find_package):
[3.347s]   Policy CMP0148 is not set: The FindPythonInterp and FindPythonLibs modules
[3.347s]   are removed.  Run "cmake --help-policy CMP0148" for policy details.  Use
[3.348s]   the cmake_policy command to set the policy and suppress this warning.
[3.348s] 
[3.348s] Call Stack (most recent call first):
[3.348s]   /opt/ros/humble/share/ament_cmake_core/cmake/core/ament_execute_extensions.cmake:48 (include)
[3.348s]   /opt/ros/humble/share/rosidl_cmake/cmake/rosidl_generate_interfaces.cmake:286 (ament_execute_extensions)
[3.348s]   CMakeLists.txt:28 (rosidl_generate_interfaces)
[3.348s] This warning is for project developers.  Use -Wno-dev to suppress it.
[3.348s] [0m
[3.392s] -- Found python_cmake_module: 0.10.0 (/opt/ros/humble/share/python_cmake_module/cmake)
[3.393s] [33mCMake Warning (dev) at /opt/ros/humble/share/python_cmake_module/cmake/Modules/FindPythonExtra.cmake:52 (find_package):
[3.393s]   Policy CMP0148 is not set: The FindPythonInterp and FindPythonLibs modules
[3.393s]   are removed.  Run "cmake --help-policy CMP0148" for policy details.  Use
[3.393s]   the cmake_policy command to set the policy and suppress this warning.
[3.394s] 
[3.394s] Call Stack (most recent call first):
[3.394s]   /opt/ros/humble/share/rosidl_generator_py/cmake/rosidl_generator_py_generate_interfaces.cmake:23 (find_package)
[3.394s]   /opt/ros/humble/share/ament_cmake_core/cmake/core/ament_execute_extensions.cmake:48 (include)
[3.394s]   /opt/ros/humble/share/rosidl_cmake/cmake/rosidl_generate_interfaces.cmake:286 (ament_execute_extensions)
[3.394s]   CMakeLists.txt:28 (rosidl_generate_interfaces)
[3.395s] This warning is for project developers.  Use -Wno-dev to suppress it.
[3.395s] [0m
[3.425s] [33mCMake Warning (dev) at /opt/ros/humble/share/python_cmake_module/cmake/Modules/FindPythonExtra.cmake:140 (find_package):
[3.425s]   Policy CMP0148 is not set: The FindPythonInterp and FindPythonLibs modules
[3.425s]   are removed.  Run "cmake --help-policy CMP0148" for policy details.  Use
[3.425s]   the cmake_policy command to set the policy and suppress this warning.
[3.425s] 
[3.425s] Call Stack (most recent call first):
[3.426s]   /opt/ros/humble/share/rosidl_generator_py/cmake/rosidl_generator_py_generate_interfaces.cmake:23 (find_package)
[3.426s]   /opt/ros/humble/share/ament_cmake_core/cmake/core/ament_execute_extensions.cmake:48 (include)
[3.426s]   /opt/ros/humble/share/rosidl_cmake/cmake/rosidl_generate_interfaces.cmake:286 (ament_execute_extensions)
[3.426s]   CMakeLists.txt:28 (rosidl_generate_interfaces)
[3.426s] This warning is for project developers.  Use -Wno-dev to suppress it.
[3.426s] [0m
[3.430s] -- Using PYTHON_EXECUTABLE: /usr/bin/python3
[3.430s] -- Using PYTHON_INCLUDE_DIRS: /usr/include/python3.10
[3.431s] -- Using PYTHON_LIBRARIES: /usr/lib/x86_64-linux-gnu/libpython3.10.so
[3.543s] -- Found ament_lint_auto: 0.12.7 (/opt/ros/humble/share/ament_lint_auto/cmake)
[3.552s] -- Added test 'copyright' to check source files copyright and LICENSE
[3.553s] -- Added test 'lint_cmake' to check CMake code style
[3.554s] -- Added test 'xmllint' to check XML markup files
[3.556s] -- Configuring done (3.4s)
[3.593s] -- Generating done (0.0s)
[3.597s] -- Build files have been written to: /home/mtrn/4231/liam_stuff/project_git/4231project/build/ros2_aruco_interfaces
[3.677s] [  3%] Built target ros2_aruco_interfaces__cpp
[3.679s] [ 12%] Built target ros2_aruco_interfaces__rosidl_generator_c
[3.699s] [ 12%] Built target ament_cmake_python_copy_ros2_aruco_interfaces
[3.710s] [ 22%] Built target ros2_aruco_interfaces__rosidl_typesupport_c
[3.712s] [ 32%] Built target ros2_aruco_interfaces__rosidl_typesupport_introspection_cpp
[3.715s] [ 41%] Built target ros2_aruco_interfaces__rosidl_typesupport_fastrtps_c
[3.719s] [ 51%] Built target ros2_aruco_interfaces__rosidl_typesupport_introspection_c
[3.723s] [ 61%] Built target ros2_aruco_interfaces__rosidl_typesupport_cpp
[3.726s] [ 70%] Built target ros2_aruco_interfaces__rosidl_typesupport_fastrtps_cpp
[3.764s] [ 70%] Built target ros2_aruco_interfaces
[3.812s] [ 74%] Built target ros2_aruco_interfaces__py
[3.879s] [ 80%] Built target ros2_aruco_interfaces__rosidl_generator_py
[3.931s] [ 87%] Built target ros2_aruco_interfaces__rosidl_typesupport_introspection_c__pyext
[3.938s] [100%] Built target ros2_aruco_interfaces__rosidl_typesupport_c__pyext
[3.938s] [100%] Built target ros2_aruco_interfaces__rosidl_typesupport_fastrtps_c__pyext
[3.950s] running egg_info
[3.951s] writing ros2_aruco_interfaces.egg-info/PKG-INFO
[3.951s] writing dependency_links to ros2_aruco_interfaces.egg-info/dependency_links.txt
[3.951s] writing top-level names to ros2_aruco_interfaces.egg-info/top_level.txt
[3.954s] reading manifest file 'ros2_aruco_interfaces.egg-info/SOURCES.txt'
[3.954s] writing manifest file 'ros2_aruco_interfaces.egg-info/SOURCES.txt'
[3.986s] [100%] Built target ament_cmake_python_build_ros2_aruco_interfaces_egg
