[0.140s] Invoking command in '/home/mtrn/4231/liam_stuff/4231project/build/ros2_aruco_interfaces': CMAKE_PREFIX_PATH=${CMAKE_PREFIX_PATH}:/home/mtrn/4231/ws_moveit2/install/moveit_configs_utils:/home/mtrn/4231/ws_moveit2/install/launch_param_builder:/opt/ros/humble /home/mtrn/.local/bin/cmake --build /home/mtrn/4231/liam_stuff/4231project/build/ros2_aruco_interfaces -- -j12 -l12
[0.889s] -- Found ament_cmake: 1.3.5 (/opt/ros/humble/share/ament_cmake/cmake)
[0.890s] -- Found geometry_msgs: 4.2.3 (/opt/ros/humble/share/geometry_msgs/cmake)
[0.891s] -- Found rosidl_generator_c: 3.1.5 (/opt/ros/humble/share/rosidl_generator_c/cmake)
[0.892s] -- Found rosidl_adapter: 3.1.5 (/opt/ros/humble/share/rosidl_adapter/cmake)
[0.892s] -- Found rosidl_generator_cpp: 3.1.5 (/opt/ros/humble/share/rosidl_generator_cpp/cmake)
[0.892s] -- Using all available rosidl_typesupport_c: rosidl_typesupport_fastrtps_c;rosidl_typesupport_introspection_c
[0.892s] -- Using all available rosidl_typesupport_cpp: rosidl_typesupport_fastrtps_cpp;rosidl_typesupport_introspection_cpp
[0.892s] -- Found rosidl_default_generators: 1.2.0 (/opt/ros/humble/share/rosidl_default_generators/cmake)
[0.902s] [0mCMake Error: The current CMakeCache.txt directory /home/mtrn/4231/liam_stuff/4231project/build/ros2_aruco_interfaces/CMakeCache.txt is different than the directory /home/mtrn/4231/liam_stuff/project_git/4231project/build/ros2_aruco_interfaces where CMakeCache.txt was created. This may result in binaries being created in the wrong place. If you are not sure, reedit the CMakeCache.txt[0m
[1.588s] -- Found ament_cmake_ros: 0.10.0 (/opt/ros/humble/share/ament_cmake_ros/cmake)
[2.900s] -- Using all available rosidl_typesupport_c: rosidl_typesupport_fastrtps_c;rosidl_typesupport_introspection_c
[3.444s] -- Using all available rosidl_typesupport_cpp: rosidl_typesupport_fastrtps_cpp;rosidl_typesupport_introspection_cpp
[3.447s] [33mCMake Warning (dev) at /opt/ros/humble/share/rosidl_generator_py/cmake/rosidl_generator_py_generate_interfaces.cmake:20 (find_package):
[3.447s]   Policy CMP0148 is not set: The FindPythonInterp and FindPythonLibs modules
[3.447s]   are removed.  Run "cmake --help-policy CMP0148" for policy details.  Use
[3.447s]   the cmake_policy command to set the policy and suppress this warning.
[3.448s] 
[3.448s] Call Stack (most recent call first):
[3.448s]   /opt/ros/humble/share/ament_cmake_core/cmake/core/ament_execute_extensions.cmake:48 (include)
[3.448s]   /opt/ros/humble/share/rosidl_cmake/cmake/rosidl_generate_interfaces.cmake:286 (ament_execute_extensions)
[3.448s]   CMakeLists.txt:28 (rosidl_generate_interfaces)
[3.448s] This warning is for project developers.  Use -Wno-dev to suppress it.
[3.448s] [0m
[3.476s] -- Found python_cmake_module: 0.10.0 (/opt/ros/humble/share/python_cmake_module/cmake)
[3.477s] [33mCMake Warning (dev) at /opt/ros/humble/share/python_cmake_module/cmake/Modules/FindPythonExtra.cmake:52 (find_package):
[3.477s]   Policy CMP0148 is not set: The FindPythonInterp and FindPythonLibs modules
[3.477s]   are removed.  Run "cmake --help-policy CMP0148" for policy details.  Use
[3.477s]   the cmake_policy command to set the policy and suppress this warning.
[3.477s] 
[3.477s] Call Stack (most recent call first):
[3.477s]   /opt/ros/humble/share/rosidl_generator_py/cmake/rosidl_generator_py_generate_interfaces.cmake:23 (find_package)
[3.477s]   /opt/ros/humble/share/ament_cmake_core/cmake/core/ament_execute_extensions.cmake:48 (include)
[3.477s]   /opt/ros/humble/share/rosidl_cmake/cmake/rosidl_generate_interfaces.cmake:286 (ament_execute_extensions)
[3.477s]   CMakeLists.txt:28 (rosidl_generate_interfaces)
[3.477s] This warning is for project developers.  Use -Wno-dev to suppress it.
[3.477s] [0m
[3.502s] [33mCMake Warning (dev) at /opt/ros/humble/share/python_cmake_module/cmake/Modules/FindPythonExtra.cmake:140 (find_package):
[3.502s]   Policy CMP0148 is not set: The FindPythonInterp and FindPythonLibs modules
[3.503s]   are removed.  Run "cmake --help-policy CMP0148" for policy details.  Use
[3.503s]   the cmake_policy command to set the policy and suppress this warning.
[3.503s] 
[3.503s] Call Stack (most recent call first):
[3.503s]   /opt/ros/humble/share/rosidl_generator_py/cmake/rosidl_generator_py_generate_interfaces.cmake:23 (find_package)
[3.503s]   /opt/ros/humble/share/ament_cmake_core/cmake/core/ament_execute_extensions.cmake:48 (include)
[3.503s]   /opt/ros/humble/share/rosidl_cmake/cmake/rosidl_generate_interfaces.cmake:286 (ament_execute_extensions)
[3.503s]   CMakeLists.txt:28 (rosidl_generate_interfaces)
[3.504s] This warning is for project developers.  Use -Wno-dev to suppress it.
[3.504s] [0m
[3.504s] -- Using PYTHON_EXECUTABLE: /usr/bin/python3
[3.504s] -- Using PYTHON_INCLUDE_DIRS: /usr/include/python3.10
[3.504s] -- Using PYTHON_LIBRARIES: /usr/lib/x86_64-linux-gnu/libpython3.10.so
[3.619s] -- Found ament_lint_auto: 0.12.7 (/opt/ros/humble/share/ament_lint_auto/cmake)
[3.631s] -- Added test 'copyright' to check source files copyright and LICENSE
[3.634s] -- Added test 'lint_cmake' to check CMake code style
[3.635s] -- Added test 'xmllint' to check XML markup files
[3.636s] -- Configuring done (3.4s)
[3.674s] -- Generating done (0.0s)
[3.677s] -- Build files have been written to: /home/mtrn/4231/liam_stuff/project_git/4231project/build/ros2_aruco_interfaces
[3.741s] [  3%] Built target ros2_aruco_interfaces__cpp
[3.743s] [ 12%] Built target ros2_aruco_interfaces__rosidl_generator_c
[3.759s] [ 12%] Built target ament_cmake_python_copy_ros2_aruco_interfaces
[3.777s] [ 22%] Built target ros2_aruco_interfaces__rosidl_typesupport_fastrtps_cpp
[3.777s] [ 32%] Built target ros2_aruco_interfaces__rosidl_typesupport_introspection_c
[3.781s] [ 41%] Built target ros2_aruco_interfaces__rosidl_typesupport_introspection_cpp
[3.782s] [ 51%] Built target ros2_aruco_interfaces__rosidl_typesupport_fastrtps_c
[3.782s] [ 61%] Built target ros2_aruco_interfaces__rosidl_typesupport_c
[3.783s] [ 70%] Built target ros2_aruco_interfaces__rosidl_typesupport_cpp
[3.815s] [ 70%] Built target ros2_aruco_interfaces
[3.862s] [ 74%] Built target ros2_aruco_interfaces__py
[3.905s] [ 80%] Built target ros2_aruco_interfaces__rosidl_generator_py
[3.942s] [ 87%] Built target ros2_aruco_interfaces__rosidl_typesupport_fastrtps_c__pyext
[3.943s] [ 93%] Built target ros2_aruco_interfaces__rosidl_typesupport_c__pyext
[3.952s] [100%] Built target ros2_aruco_interfaces__rosidl_typesupport_introspection_c__pyext
[4.050s] running egg_info
[4.051s] writing ros2_aruco_interfaces.egg-info/PKG-INFO
[4.051s] writing dependency_links to ros2_aruco_interfaces.egg-info/dependency_links.txt
[4.051s] writing top-level names to ros2_aruco_interfaces.egg-info/top_level.txt
[4.053s] reading manifest file 'ros2_aruco_interfaces.egg-info/SOURCES.txt'
[4.054s] writing manifest file 'ros2_aruco_interfaces.egg-info/SOURCES.txt'
[4.091s] [100%] Built target ament_cmake_python_build_ros2_aruco_interfaces_egg
[4.115s] Invoked command in '/home/mtrn/4231/liam_stuff/4231project/build/ros2_aruco_interfaces' returned '0': CMAKE_PREFIX_PATH=${CMAKE_PREFIX_PATH}:/home/mtrn/4231/ws_moveit2/install/moveit_configs_utils:/home/mtrn/4231/ws_moveit2/install/launch_param_builder:/opt/ros/humble /home/mtrn/.local/bin/cmake --build /home/mtrn/4231/liam_stuff/4231project/build/ros2_aruco_interfaces -- -j12 -l12
[4.672s] Invoking command in '/home/mtrn/4231/liam_stuff/4231project/build/ros2_aruco_interfaces': CMAKE_PREFIX_PATH=${CMAKE_PREFIX_PATH}:/home/mtrn/4231/ws_moveit2/install/moveit_configs_utils:/home/mtrn/4231/ws_moveit2/install/launch_param_builder:/opt/ros/humble /home/mtrn/.local/bin/cmake --install /home/mtrn/4231/liam_stuff/4231project/build/ros2_aruco_interfaces
[4.737s] -- Install configuration: ""
[4.738s] -- Up-to-date: /home/mtrn/4231/liam_stuff/project_git/4231project/install/ros2_aruco_interfaces/share/ament_index/resource_index/rosidl_interfaces/ros2_aruco_interfaces
[4.738s] -- Up-to-date: /home/mtrn/4231/liam_stuff/project_git/4231project/install/ros2_aruco_interfaces/include/ros2_aruco_interfaces/ros2_aruco_interfaces
[4.738s] -- Up-to-date: /home/mtrn/4231/liam_stuff/project_git/4231project/install/ros2_aruco_interfaces/include/ros2_aruco_interfaces/ros2_aruco_interfaces/msg
[4.739s] -- Up-to-date: /home/mtrn/4231/liam_stuff/project_git/4231project/install/ros2_aruco_interfaces/include/ros2_aruco_interfaces/ros2_aruco_interfaces/msg/rosidl_generator_c__visibility_control.h
[4.739s] -- Up-to-date: /home/mtrn/4231/liam_stuff/project_git/4231project/install/ros2_aruco_interfaces/include/ros2_aruco_interfaces/ros2_aruco_interfaces/msg/aruco_markers.h
[4.739s] -- Up-to-date: /home/mtrn/4231/liam_stuff/project_git/4231project/install/ros2_aruco_interfaces/include/ros2_aruco_interfaces/ros2_aruco_interfaces/msg/detail
[4.739s] -- Up-to-date: /home/mtrn/4231/liam_stuff/project_git/4231project/install/ros2_aruco_interfaces/include/ros2_aruco_interfaces/ros2_aruco_interfaces/msg/detail/aruco_markers__functions.c
[4.740s] -- Up-to-date: /home/mtrn/4231/liam_stuff/project_git/4231project/install/ros2_aruco_interfaces/include/ros2_aruco_interfaces/ros2_aruco_interfaces/msg/detail/aruco_markers__struct.h
[4.740s] -- Up-to-date: /home/mtrn/4231/liam_stuff/project_git/4231project/install/ros2_aruco_interfaces/include/ros2_aruco_interfaces/ros2_aruco_interfaces/msg/detail/aruco_markers__type_support.h
[4.740s] -- Up-to-date: /home/mtrn/4231/liam_stuff/project_git/4231project/install/ros2_aruco_interfaces/include/ros2_aruco_interfaces/ros2_aruco_interfaces/msg/detail/aruco_markers__functions.h
[4.740s] -- Up-to-date: /home/mtrn/4231/liam_stuff/project_git/4231project/install/ros2_aruco_interfaces/share/ros2_aruco_interfaces/environment/library_path.sh
[4.741s] -- Installing: /home/mtrn/4231/liam_stuff/project_git/4231project/install/ros2_aruco_interfaces/share/ros2_aruco_interfaces/environment/library_path.dsv
[4.741s] -- Up-to-date: /home/mtrn/4231/liam_stuff/project_git/4231project/install/ros2_aruco_interfaces/lib/libros2_aruco_interfaces__rosidl_generator_c.so
[4.741s] -- Up-to-date: /home/mtrn/4231/liam_stuff/project_git/4231project/install/ros2_aruco_interfaces/include/ros2_aruco_interfaces/ros2_aruco_interfaces
[4.741s] -- Up-to-date: /home/mtrn/4231/liam_stuff/project_git/4231project/install/ros2_aruco_interfaces/include/ros2_aruco_interfaces/ros2_aruco_interfaces/msg
[4.742s] -- Up-to-date: /home/mtrn/4231/liam_stuff/project_git/4231project/install/ros2_aruco_interfaces/include/ros2_aruco_interfaces/ros2_aruco_interfaces/msg/rosidl_typesupport_fastrtps_c__visibility_control.h
[4.742s] -- Up-to-date: /home/mtrn/4231/liam_stuff/project_git/4231project/install/ros2_aruco_interfaces/include/ros2_aruco_interfaces/ros2_aruco_interfaces/msg/detail
[4.742s] -- Up-to-date: /home/mtrn/4231/liam_stuff/project_git/4231project/install/ros2_aruco_interfaces/include/ros2_aruco_interfaces/ros2_aruco_interfaces/msg/detail/aruco_markers__rosidl_typesupport_fastrtps_c.h
[4.742s] -- Up-to-date: /home/mtrn/4231/liam_stuff/project_git/4231project/install/ros2_aruco_interfaces/lib/libros2_aruco_interfaces__rosidl_typesupport_fastrtps_c.so
[4.742s] -- Up-to-date: /home/mtrn/4231/liam_stuff/project_git/4231project/install/ros2_aruco_interfaces/include/ros2_aruco_interfaces/ros2_aruco_interfaces
[4.743s] -- Up-to-date: /home/mtrn/4231/liam_stuff/project_git/4231project/install/ros2_aruco_interfaces/include/ros2_aruco_interfaces/ros2_aruco_interfaces/msg
[4.743s] -- Up-to-date: /home/mtrn/4231/liam_stuff/project_git/4231project/install/ros2_aruco_interfaces/include/ros2_aruco_interfaces/ros2_aruco_interfaces/msg/aruco_markers.hpp
[4.743s] -- Up-to-date: /home/mtrn/4231/liam_stuff/project_git/4231project/install/ros2_aruco_interfaces/include/ros2_aruco_interfaces/ros2_aruco_interfaces/msg/detail
[4.743s] -- Up-to-date: /home/mtrn/4231/liam_stuff/project_git/4231project/install/ros2_aruco_interfaces/include/ros2_aruco_interfaces/ros2_aruco_interfaces/msg/detail/aruco_markers__traits.hpp
[4.743s] -- Up-to-date: /home/mtrn/4231/liam_stuff/project_git/4231project/install/ros2_aruco_interfaces/include/ros2_aruco_interfaces/ros2_aruco_interfaces/msg/detail/aruco_markers__struct.hpp
[4.743s] -- Up-to-date: /home/mtrn/4231/liam_stuff/project_git/4231project/install/ros2_aruco_interfaces/include/ros2_aruco_interfaces/ros2_aruco_interfaces/msg/detail/aruco_markers__builder.hpp
[4.743s] -- Up-to-date: /home/mtrn/4231/liam_stuff/project_git/4231project/install/ros2_aruco_interfaces/include/ros2_aruco_interfaces/ros2_aruco_interfaces
[4.744s] -- Up-to-date: /home/mtrn/4231/liam_stuff/project_git/4231project/install/ros2_aruco_interfaces/include/ros2_aruco_interfaces/ros2_aruco_interfaces/msg
[4.744s] -- Up-to-date: /home/mtrn/4231/liam_stuff/project_git/4231project/install/ros2_aruco_interfaces/include/ros2_aruco_interfaces/ros2_aruco_interfaces/msg/rosidl_typesupport_fastrtps_cpp__visibility_control.h
[4.744s] -- Up-to-date: /home/mtrn/4231/liam_stuff/project_git/4231project/install/ros2_aruco_interfaces/include/ros2_aruco_interfaces/ros2_aruco_interfaces/msg/detail
[4.744s] -- Up-to-date: /home/mtrn/4231/liam_stuff/project_git/4231project/install/ros2_aruco_interfaces/include/ros2_aruco_interfaces/ros2_aruco_interfaces/msg/detail/dds_fastrtps
[4.744s] -- Up-to-date: /home/mtrn/4231/liam_stuff/project_git/4231project/install/ros2_aruco_interfaces/include/ros2_aruco_interfaces/ros2_aruco_interfaces/msg/detail/aruco_markers__rosidl_typesupport_fastrtps_cpp.hpp
[4.744s] -- Up-to-date: /home/mtrn/4231/liam_stuff/project_git/4231project/install/ros2_aruco_interfaces/lib/libros2_aruco_interfaces__rosidl_typesupport_fastrtps_cpp.so
[4.744s] -- Up-to-date: /home/mtrn/4231/liam_stuff/project_git/4231project/install/ros2_aruco_interfaces/include/ros2_aruco_interfaces/ros2_aruco_interfaces
[4.745s] -- Up-to-date: /home/mtrn/4231/liam_stuff/project_git/4231project/install/ros2_aruco_interfaces/include/ros2_aruco_interfaces/ros2_aruco_interfaces/msg
[4.745s] -- Up-to-date: /home/mtrn/4231/liam_stuff/project_git/4231project/install/ros2_aruco_interfaces/include/ros2_aruco_interfaces/ros2_aruco_interfaces/msg/rosidl_typesupport_introspection_c__visibility_control.h
[4.745s] -- Up-to-date: /home/mtrn/4231/liam_stuff/project_git/4231project/install/ros2_aruco_interfaces/include/ros2_aruco_interfaces/ros2_aruco_interfaces/msg/detail
[4.745s] -- Up-to-date: /home/mtrn/4231/liam_stuff/project_git/4231project/install/ros2_aruco_interfaces/include/ros2_aruco_interfaces/ros2_aruco_interfaces/msg/detail/aruco_markers__rosidl_typesupport_introspection_c.h
[4.746s] -- Up-to-date: /home/mtrn/4231/liam_stuff/project_git/4231project/install/ros2_aruco_interfaces/include/ros2_aruco_interfaces/ros2_aruco_interfaces/msg/detail/aruco_markers__type_support.c
[4.746s] -- Up-to-date: /home/mtrn/4231/liam_stuff/project_git/4231project/install/ros2_aruco_interfaces/lib/libros2_aruco_interfaces__rosidl_typesupport_introspection_c.so
[4.746s] -- Up-to-date: /home/mtrn/4231/liam_stuff/project_git/4231project/install/ros2_aruco_interfaces/lib/libros2_aruco_interfaces__rosidl_typesupport_c.so
[4.747s] -- Up-to-date: /home/mtrn/4231/liam_stuff/project_git/4231project/install/ros2_aruco_interfaces/include/ros2_aruco_interfaces/ros2_aruco_interfaces
[4.747s] -- Up-to-date: /home/mtrn/4231/liam_stuff/project_git/4231project/install/ros2_aruco_interfaces/include/ros2_aruco_interfaces/ros2_aruco_interfaces/msg
[4.747s] -- Up-to-date: /home/mtrn/4231/liam_stuff/project_git/4231project/install/ros2_aruco_interfaces/include/ros2_aruco_interfaces/ros2_aruco_interfaces/msg/detail
[4.747s] -- Up-to-date: /home/mtrn/4231/liam_stuff/project_git/4231project/install/ros2_aruco_interfaces/include/ros2_aruco_interfaces/ros2_aruco_interfaces/msg/detail/aruco_markers__type_support.cpp
[4.748s] -- Up-to-date: /home/mtrn/4231/liam_stuff/project_git/4231project/install/ros2_aruco_interfaces/include/ros2_aruco_interfaces/ros2_aruco_interfaces/msg/detail/aruco_markers__rosidl_typesupport_introspection_cpp.hpp
[4.748s] -- Up-to-date: /home/mtrn/4231/liam_stuff/project_git/4231project/install/ros2_aruco_interfaces/lib/libros2_aruco_interfaces__rosidl_typesupport_introspection_cpp.so
[4.748s] -- Up-to-date: /home/mtrn/4231/liam_stuff/project_git/4231project/install/ros2_aruco_interfaces/lib/libros2_aruco_interfaces__rosidl_typesupport_cpp.so
[4.748s] -- Up-to-date: /home/mtrn/4231/liam_stuff/project_git/4231project/install/ros2_aruco_interfaces/share/ros2_aruco_interfaces/environment/pythonpath.sh
[4.749s] -- Installing: /home/mtrn/4231/liam_stuff/project_git/4231project/install/ros2_aruco_interfaces/share/ros2_aruco_interfaces/environment/pythonpath.dsv
[4.749s] -- Up-to-date: /home/mtrn/4231/liam_stuff/project_git/4231project/install/ros2_aruco_interfaces/local/lib/python3.10/dist-packages/ros2_aruco_interfaces-0.1.0-py3.10.egg-info
[4.749s] -- Installing: /home/mtrn/4231/liam_stuff/project_git/4231project/install/ros2_aruco_interfaces/local/lib/python3.10/dist-packages/ros2_aruco_interfaces-0.1.0-py3.10.egg-info/SOURCES.txt
[4.749s] -- Installing: /home/mtrn/4231/liam_stuff/project_git/4231project/install/ros2_aruco_interfaces/local/lib/python3.10/dist-packages/ros2_aruco_interfaces-0.1.0-py3.10.egg-info/dependency_links.txt
[4.750s] -- Installing: /home/mtrn/4231/liam_stuff/project_git/4231project/install/ros2_aruco_interfaces/local/lib/python3.10/dist-packages/ros2_aruco_interfaces-0.1.0-py3.10.egg-info/PKG-INFO
[4.750s] -- Installing: /home/mtrn/4231/liam_stuff/project_git/4231project/install/ros2_aruco_interfaces/local/lib/python3.10/dist-packages/ros2_aruco_interfaces-0.1.0-py3.10.egg-info/top_level.txt
[4.750s] -- Up-to-date: /home/mtrn/4231/liam_stuff/project_git/4231project/install/ros2_aruco_interfaces/local/lib/python3.10/dist-packages/ros2_aruco_interfaces
[4.750s] -- Up-to-date: /home/mtrn/4231/liam_stuff/project_git/4231project/install/ros2_aruco_interfaces/local/lib/python3.10/dist-packages/ros2_aruco_interfaces/ros2_aruco_interfaces_s__rosidl_typesupport_introspection_c.cpython-310-x86_64-linux-gnu.so
[4.750s] -- Up-to-date: /home/mtrn/4231/liam_stuff/project_git/4231project/install/ros2_aruco_interfaces/local/lib/python3.10/dist-packages/ros2_aruco_interfaces/_ros2_aruco_interfaces_s.ep.rosidl_typesupport_introspection_c.c
[4.750s] -- Up-to-date: /home/mtrn/4231/liam_stuff/project_git/4231project/install/ros2_aruco_interfaces/local/lib/python3.10/dist-packages/ros2_aruco_interfaces/_ros2_aruco_interfaces_s.ep.rosidl_typesupport_fastrtps_c.c
[4.750s] -- Installing: /home/mtrn/4231/liam_stuff/project_git/4231project/install/ros2_aruco_interfaces/local/lib/python3.10/dist-packages/ros2_aruco_interfaces/__init__.py
[4.750s] -- Up-to-date: /home/mtrn/4231/liam_stuff/project_git/4231project/install/ros2_aruco_interfaces/local/lib/python3.10/dist-packages/ros2_aruco_interfaces/ros2_aruco_interfaces_s__rosidl_typesupport_fastrtps_c.cpython-310-x86_64-linux-gnu.so
[4.751s] -- Up-to-date: /home/mtrn/4231/liam_stuff/project_git/4231project/install/ros2_aruco_interfaces/local/lib/python3.10/dist-packages/ros2_aruco_interfaces/msg
[4.751s] -- Up-to-date: /home/mtrn/4231/liam_stuff/project_git/4231project/install/ros2_aruco_interfaces/local/lib/python3.10/dist-packages/ros2_aruco_interfaces/msg/__init__.py
[4.751s] -- Up-to-date: /home/mtrn/4231/liam_stuff/project_git/4231project/install/ros2_aruco_interfaces/local/lib/python3.10/dist-packages/ros2_aruco_interfaces/msg/_aruco_markers_s.c
[4.751s] -- Up-to-date: /home/mtrn/4231/liam_stuff/project_git/4231project/install/ros2_aruco_interfaces/local/lib/python3.10/dist-packages/ros2_aruco_interfaces/msg/_aruco_markers.py
[4.751s] -- Up-to-date: /home/mtrn/4231/liam_stuff/project_git/4231project/install/ros2_aruco_interfaces/local/lib/python3.10/dist-packages/ros2_aruco_interfaces/_ros2_aruco_interfaces_s.ep.rosidl_typesupport_c.c
[4.751s] -- Up-to-date: /home/mtrn/4231/liam_stuff/project_git/4231project/install/ros2_aruco_interfaces/local/lib/python3.10/dist-packages/ros2_aruco_interfaces/ros2_aruco_interfaces_s__rosidl_typesupport_c.cpython-310-x86_64-linux-gnu.so
[4.751s] -- Up-to-date: /home/mtrn/4231/liam_stuff/project_git/4231project/install/ros2_aruco_interfaces/local/lib/python3.10/dist-packages/ros2_aruco_interfaces/libros2_aruco_interfaces__rosidl_generator_py.so
[4.805s] Listing '/home/mtrn/4231/liam_stuff/project_git/4231project/install/ros2_aruco_interfaces/local/lib/python3.10/dist-packages/ros2_aruco_interfaces'...
[4.805s] Compiling '/home/mtrn/4231/liam_stuff/project_git/4231project/install/ros2_aruco_interfaces/local/lib/python3.10/dist-packages/ros2_aruco_interfaces/__init__.py'...
[4.805s] Listing '/home/mtrn/4231/liam_stuff/project_git/4231project/install/ros2_aruco_interfaces/local/lib/python3.10/dist-packages/ros2_aruco_interfaces/msg'...
[4.810s] -- Up-to-date: /home/mtrn/4231/liam_stuff/project_git/4231project/install/ros2_aruco_interfaces/local/lib/python3.10/dist-packages/ros2_aruco_interfaces/ros2_aruco_interfaces_s__rosidl_typesupport_fastrtps_c.cpython-310-x86_64-linux-gnu.so
[4.810s] -- Up-to-date: /home/mtrn/4231/liam_stuff/project_git/4231project/install/ros2_aruco_interfaces/local/lib/python3.10/dist-packages/ros2_aruco_interfaces/ros2_aruco_interfaces_s__rosidl_typesupport_introspection_c.cpython-310-x86_64-linux-gnu.so
[4.810s] -- Up-to-date: /home/mtrn/4231/liam_stuff/project_git/4231project/install/ros2_aruco_interfaces/local/lib/python3.10/dist-packages/ros2_aruco_interfaces/ros2_aruco_interfaces_s__rosidl_typesupport_c.cpython-310-x86_64-linux-gnu.so
[4.811s] -- Up-to-date: /home/mtrn/4231/liam_stuff/project_git/4231project/install/ros2_aruco_interfaces/lib/libros2_aruco_interfaces__rosidl_generator_py.so
[4.811s] -- Up-to-date: /home/mtrn/4231/liam_stuff/project_git/4231project/install/ros2_aruco_interfaces/share/ros2_aruco_interfaces/msg/ArucoMarkers.idl
[4.811s] -- Up-to-date: /home/mtrn/4231/liam_stuff/project_git/4231project/install/ros2_aruco_interfaces/share/ros2_aruco_interfaces/msg/ArucoMarkers.msg
[4.812s] -- Up-to-date: /home/mtrn/4231/liam_stuff/project_git/4231project/install/ros2_aruco_interfaces/share/ament_index/resource_index/package_run_dependencies/ros2_aruco_interfaces
[4.812s] -- Up-to-date: /home/mtrn/4231/liam_stuff/project_git/4231project/install/ros2_aruco_interfaces/share/ament_index/resource_index/parent_prefix_path/ros2_aruco_interfaces
[4.812s] -- Up-to-date: /home/mtrn/4231/liam_stuff/project_git/4231project/install/ros2_aruco_interfaces/share/ros2_aruco_interfaces/environment/ament_prefix_path.sh
[4.812s] -- Installing: /home/mtrn/4231/liam_stuff/project_git/4231project/install/ros2_aruco_interfaces/share/ros2_aruco_interfaces/environment/ament_prefix_path.dsv
[4.813s] -- Up-to-date: /home/mtrn/4231/liam_stuff/project_git/4231project/install/ros2_aruco_interfaces/share/ros2_aruco_interfaces/environment/path.sh
[4.814s] -- Installing: /home/mtrn/4231/liam_stuff/project_git/4231project/install/ros2_aruco_interfaces/share/ros2_aruco_interfaces/environment/path.dsv
[4.814s] -- Up-to-date: /home/mtrn/4231/liam_stuff/project_git/4231project/install/ros2_aruco_interfaces/share/ros2_aruco_interfaces/local_setup.bash
[4.815s] -- Up-to-date: /home/mtrn/4231/liam_stuff/project_git/4231project/install/ros2_aruco_interfaces/share/ros2_aruco_interfaces/local_setup.sh
[4.815s] -- Up-to-date: /home/mtrn/4231/liam_stuff/project_git/4231project/install/ros2_aruco_interfaces/share/ros2_aruco_interfaces/local_setup.zsh
[4.815s] -- Installing: /home/mtrn/4231/liam_stuff/project_git/4231project/install/ros2_aruco_interfaces/share/ros2_aruco_interfaces/local_setup.dsv
[4.815s] -- Installing: /home/mtrn/4231/liam_stuff/project_git/4231project/install/ros2_aruco_interfaces/share/ros2_aruco_interfaces/package.dsv
[4.815s] -- Up-to-date: /home/mtrn/4231/liam_stuff/project_git/4231project/install/ros2_aruco_interfaces/share/ament_index/resource_index/packages/ros2_aruco_interfaces
[4.815s] -- Up-to-date: /home/mtrn/4231/liam_stuff/project_git/4231project/install/ros2_aruco_interfaces/share/ros2_aruco_interfaces/cmake/export_ros2_aruco_interfaces__rosidl_generator_cExport.cmake
[4.816s] -- Up-to-date: /home/mtrn/4231/liam_stuff/project_git/4231project/install/ros2_aruco_interfaces/share/ros2_aruco_interfaces/cmake/export_ros2_aruco_interfaces__rosidl_generator_cExport-noconfig.cmake
[4.816s] -- Up-to-date: /home/mtrn/4231/liam_stuff/project_git/4231project/install/ros2_aruco_interfaces/share/ros2_aruco_interfaces/cmake/export_ros2_aruco_interfaces__rosidl_typesupport_fastrtps_cExport.cmake
[4.816s] -- Up-to-date: /home/mtrn/4231/liam_stuff/project_git/4231project/install/ros2_aruco_interfaces/share/ros2_aruco_interfaces/cmake/export_ros2_aruco_interfaces__rosidl_typesupport_fastrtps_cExport-noconfig.cmake
[4.816s] -- Up-to-date: /home/mtrn/4231/liam_stuff/project_git/4231project/install/ros2_aruco_interfaces/share/ros2_aruco_interfaces/cmake/export_ros2_aruco_interfaces__rosidl_generator_cppExport.cmake
[4.816s] -- Up-to-date: /home/mtrn/4231/liam_stuff/project_git/4231project/install/ros2_aruco_interfaces/share/ros2_aruco_interfaces/cmake/export_ros2_aruco_interfaces__rosidl_typesupport_fastrtps_cppExport.cmake
[4.816s] -- Up-to-date: /home/mtrn/4231/liam_stuff/project_git/4231project/install/ros2_aruco_interfaces/share/ros2_aruco_interfaces/cmake/export_ros2_aruco_interfaces__rosidl_typesupport_fastrtps_cppExport-noconfig.cmake
[4.816s] -- Up-to-date: /home/mtrn/4231/liam_stuff/project_git/4231project/install/ros2_aruco_interfaces/share/ros2_aruco_interfaces/cmake/ros2_aruco_interfaces__rosidl_typesupport_introspection_cExport.cmake
[4.817s] -- Up-to-date: /home/mtrn/4231/liam_stuff/project_git/4231project/install/ros2_aruco_interfaces/share/ros2_aruco_interfaces/cmake/ros2_aruco_interfaces__rosidl_typesupport_introspection_cExport-noconfig.cmake
[4.817s] -- Up-to-date: /home/mtrn/4231/liam_stuff/project_git/4231project/install/ros2_aruco_interfaces/share/ros2_aruco_interfaces/cmake/ros2_aruco_interfaces__rosidl_typesupport_cExport.cmake
[4.817s] -- Up-to-date: /home/mtrn/4231/liam_stuff/project_git/4231project/install/ros2_aruco_interfaces/share/ros2_aruco_interfaces/cmake/ros2_aruco_interfaces__rosidl_typesupport_cExport-noconfig.cmake
[4.817s] -- Up-to-date: /home/mtrn/4231/liam_stuff/project_git/4231project/install/ros2_aruco_interfaces/share/ros2_aruco_interfaces/cmake/ros2_aruco_interfaces__rosidl_typesupport_introspection_cppExport.cmake
[4.817s] -- Up-to-date: /home/mtrn/4231/liam_stuff/project_git/4231project/install/ros2_aruco_interfaces/share/ros2_aruco_interfaces/cmake/ros2_aruco_interfaces__rosidl_typesupport_introspection_cppExport-noconfig.cmake
[4.817s] -- Up-to-date: /home/mtrn/4231/liam_stuff/project_git/4231project/install/ros2_aruco_interfaces/share/ros2_aruco_interfaces/cmake/ros2_aruco_interfaces__rosidl_typesupport_cppExport.cmake
[4.817s] -- Up-to-date: /home/mtrn/4231/liam_stuff/project_git/4231project/install/ros2_aruco_interfaces/share/ros2_aruco_interfaces/cmake/ros2_aruco_interfaces__rosidl_typesupport_cppExport-noconfig.cmake
[4.818s] -- Up-to-date: /home/mtrn/4231/liam_stuff/project_git/4231project/install/ros2_aruco_interfaces/share/ros2_aruco_interfaces/cmake/export_ros2_aruco_interfaces__rosidl_generator_pyExport.cmake
[4.818s] -- Up-to-date: /home/mtrn/4231/liam_stuff/project_git/4231project/install/ros2_aruco_interfaces/share/ros2_aruco_interfaces/cmake/export_ros2_aruco_interfaces__rosidl_generator_pyExport-noconfig.cmake
[4.818s] -- Up-to-date: /home/mtrn/4231/liam_stuff/project_git/4231project/install/ros2_aruco_interfaces/share/ros2_aruco_interfaces/cmake/rosidl_cmake-extras.cmake
[4.818s] -- Up-to-date: /home/mtrn/4231/liam_stuff/project_git/4231project/install/ros2_aruco_interfaces/share/ros2_aruco_interfaces/cmake/ament_cmake_export_dependencies-extras.cmake
[4.818s] -- Up-to-date: /home/mtrn/4231/liam_stuff/project_git/4231project/install/ros2_aruco_interfaces/share/ros2_aruco_interfaces/cmake/ament_cmake_export_include_directories-extras.cmake
[4.818s] -- Up-to-date: /home/mtrn/4231/liam_stuff/project_git/4231project/install/ros2_aruco_interfaces/share/ros2_aruco_interfaces/cmake/ament_cmake_export_libraries-extras.cmake
[4.819s] -- Up-to-date: /home/mtrn/4231/liam_stuff/project_git/4231project/install/ros2_aruco_interfaces/share/ros2_aruco_interfaces/cmake/ament_cmake_export_targets-extras.cmake
[4.819s] -- Up-to-date: /home/mtrn/4231/liam_stuff/project_git/4231project/install/ros2_aruco_interfaces/share/ros2_aruco_interfaces/cmake/rosidl_cmake_export_typesupport_targets-extras.cmake
[4.819s] -- Up-to-date: /home/mtrn/4231/liam_stuff/project_git/4231project/install/ros2_aruco_interfaces/share/ros2_aruco_interfaces/cmake/rosidl_cmake_export_typesupport_libraries-extras.cmake
[4.819s] -- Up-to-date: /home/mtrn/4231/liam_stuff/project_git/4231project/install/ros2_aruco_interfaces/share/ros2_aruco_interfaces/cmake/ros2_aruco_interfacesConfig.cmake
[4.819s] -- Up-to-date: /home/mtrn/4231/liam_stuff/project_git/4231project/install/ros2_aruco_interfaces/share/ros2_aruco_interfaces/cmake/ros2_aruco_interfacesConfig-version.cmake
[4.819s] -- Up-to-date: /home/mtrn/4231/liam_stuff/project_git/4231project/install/ros2_aruco_interfaces/share/ros2_aruco_interfaces/package.xml
[4.833s] Invoked command in '/home/mtrn/4231/liam_stuff/4231project/build/ros2_aruco_interfaces' returned '0': CMAKE_PREFIX_PATH=${CMAKE_PREFIX_PATH}:/home/mtrn/4231/ws_moveit2/install/moveit_configs_utils:/home/mtrn/4231/ws_moveit2/install/launch_param_builder:/opt/ros/humble /home/mtrn/.local/bin/cmake --install /home/mtrn/4231/liam_stuff/4231project/build/ros2_aruco_interfaces
