-- The C compiler identification is GNU 11.4.0
-- The CXX compiler identification is GNU 11.4.0
-- Detecting C compiler ABI info
-- Detecting C compiler ABI info - done
-- Check for working C compiler: /usr/bin/cc - skipped
-- Detecting C compile features
-- Detecting C compile features - done
-- Detecting CXX compiler ABI info
-- Detecting CXX compiler ABI info - done
-- Check for working CXX compiler: /usr/bin/c++ - skipped
-- Detecting CXX compile features
-- Detecting CXX compile features - done
-- Found ament_cmake: 1.3.5 (/opt/ros/humble/share/ament_cmake/cmake)
-- Found Python3: /usr/bin/python3.10 (found version "3.10.12") found components: Interpreter 
-- Found ament_cmake_ros: 0.10.0 (/opt/ros/humble/share/ament_cmake_ros/cmake)
-- Found rclcpp: 16.0.5 (/opt/ros/humble/share/rclcpp/cmake)
-- Found rosidl_generator_c: 3.1.5 (/opt/ros/humble/share/rosidl_generator_c/cmake)
-- Found rosidl_adapter: 3.1.5 (/opt/ros/humble/share/rosidl_adapter/cmake)
-- Found rosidl_generator_cpp: 3.1.5 (/opt/ros/humble/share/rosidl_generator_cpp/cmake)
-- Using all available rosidl_typesupport_c: rosidl_typesupport_fastrtps_c;rosidl_typesupport_introspection_c
-- Using all available rosidl_typesupport_cpp: rosidl_typesupport_fastrtps_cpp;rosidl_typesupport_introspection_cpp
-- Found rmw_implementation_cmake: 6.1.1 (/opt/ros/humble/share/rmw_implementation_cmake/cmake)
-- Found rmw_fastrtps_cpp: 6.2.3 (/opt/ros/humble/share/rmw_fastrtps_cpp/cmake)
-- Found OpenSSL: /usr/lib/x86_64-linux-gnu/libcrypto.so (found version "3.0.2")  
-- Found FastRTPS: /opt/ros/humble/include  
-- Using RMW implementation 'rmw_fastrtps_cpp' as default
-- Performing Test CMAKE_HAVE_LIBC_PTHREAD
-- Performing Test CMAKE_HAVE_LIBC_PTHREAD - Success
-- Found Threads: TRUE  
-- Found rclcpp_components: 16.0.5 (/opt/ros/humble/share/rclcpp_components/cmake)
-- Found camera_info_manager: 3.1.7 (/opt/ros/humble/share/camera_info_manager/cmake)
-- Found cv_bridge: 3.2.1 (/opt/ros/humble/share/cv_bridge/cmake)
-- Found image_transport: 3.1.7 (/opt/ros/humble/share/image_transport/cmake)
-- Found ament_lint_auto: 0.12.7 (/opt/ros/humble/share/ament_lint_auto/cmake)
-- Added test 'cppcheck' to perform static code analysis on C / C++ code
-- Configured cppcheck include dirs: $<BUILD_INTERFACE:/home/mtrn/4231/liam_stuff/project_git/4231project/src/ros2_v4l2_camera-rolling/include>
-- Configured cppcheck exclude dirs and/or files: 
-- Added test 'cpplint' to check C / C++ code against the Google style
-- Configured cpplint exclude dirs and/or files: 
-- Added test 'lint_cmake' to check CMake code style
-- Added test 'uncrustify' to check C / C++ code style
-- Configured uncrustify additional arguments: 
-- Added test 'xmllint' to check XML markup files
-- Configuring done (3.4s)
-- Generating done (0.0s)
-- Build files have been written to: /home/mtrn/4231/liam_stuff/project_git/4231project/build/v4l2_camera
[ 12%] [32mBuilding CXX object CMakeFiles/v4l2_camera.dir/src/v4l2_camera_device.cpp.o[0m
[ 25%] [32mBuilding CXX object CMakeFiles/v4l2_camera.dir/src/v4l2_camera.cpp.o[0m
[ 37%] [32mBuilding CXX object CMakeFiles/v4l2_camera.dir/src/parameters.cpp.o[0m
[ 50%] [32m[1mLinking CXX shared library libv4l2_camera.so[0m
[ 50%] Built target v4l2_camera
[ 62%] [32mBuilding CXX object CMakeFiles/v4l2_camera_compose_test.dir/src/v4l2_camera_compose_test.cpp.o[0m
[ 75%] [32mBuilding CXX object CMakeFiles/v4l2_camera_node.dir/src/v4l2_camera_node.cpp.o[0m
[ 87%] [32m[1mLinking CXX executable v4l2_camera_node[0m
[ 87%] Built target v4l2_camera_node
[100%] [32m[1mLinking CXX executable v4l2_camera_compose_test[0m
[100%] Built target v4l2_camera_compose_test
-- Install configuration: ""
-- Installing: /home/mtrn/4231/liam_stuff/project_git/4231project/install/v4l2_camera/include
-- Installing: /home/mtrn/4231/liam_stuff/project_git/4231project/install/v4l2_camera/include/v4l2_camera
-- Installing: /home/mtrn/4231/liam_stuff/project_git/4231project/install/v4l2_camera/include/v4l2_camera/control.hpp
-- Installing: /home/mtrn/4231/liam_stuff/project_git/4231project/install/v4l2_camera/include/v4l2_camera/v4l2_camera_device.hpp
-- Installing: /home/mtrn/4231/liam_stuff/project_git/4231project/install/v4l2_camera/include/v4l2_camera/parameters.hpp
-- Installing: /home/mtrn/4231/liam_stuff/project_git/4231project/install/v4l2_camera/include/v4l2_camera/image_format.hpp
-- Installing: /home/mtrn/4231/liam_stuff/project_git/4231project/install/v4l2_camera/include/v4l2_camera/visibility_control.h
-- Installing: /home/mtrn/4231/liam_stuff/project_git/4231project/install/v4l2_camera/include/v4l2_camera/v4l2_camera.hpp
-- Installing: /home/mtrn/4231/liam_stuff/project_git/4231project/install/v4l2_camera/include/v4l2_camera/pixel_format.hpp
-- Installing: /home/mtrn/4231/liam_stuff/project_git/4231project/install/v4l2_camera/include/v4l2_camera/fourcc.hpp
-- Installing: /home/mtrn/4231/liam_stuff/project_git/4231project/install/v4l2_camera/lib/libv4l2_camera.so
-- Set runtime path of "/home/mtrn/4231/liam_stuff/project_git/4231project/install/v4l2_camera/lib/libv4l2_camera.so" to ""
-- Installing: /home/mtrn/4231/liam_stuff/project_git/4231project/install/v4l2_camera/lib/v4l2_camera/v4l2_camera_node
-- Set runtime path of "/home/mtrn/4231/liam_stuff/project_git/4231project/install/v4l2_camera/lib/v4l2_camera/v4l2_camera_node" to ""
-- Installing: /home/mtrn/4231/liam_stuff/project_git/4231project/install/v4l2_camera/lib/v4l2_camera/v4l2_camera_compose_test
-- Set runtime path of "/home/mtrn/4231/liam_stuff/project_git/4231project/install/v4l2_camera/lib/v4l2_camera/v4l2_camera_compose_test" to ""
-- Installing: /home/mtrn/4231/liam_stuff/project_git/4231project/install/v4l2_camera/share/v4l2_camera/environment/library_path.sh
-- Installing: /home/mtrn/4231/liam_stuff/project_git/4231project/install/v4l2_camera/share/v4l2_camera/environment/library_path.dsv
-- Installing: /home/mtrn/4231/liam_stuff/project_git/4231project/install/v4l2_camera/share/ament_index/resource_index/package_run_dependencies/v4l2_camera
-- Installing: /home/mtrn/4231/liam_stuff/project_git/4231project/install/v4l2_camera/share/ament_index/resource_index/parent_prefix_path/v4l2_camera
-- Installing: /home/mtrn/4231/liam_stuff/project_git/4231project/install/v4l2_camera/share/v4l2_camera/environment/ament_prefix_path.sh
-- Installing: /home/mtrn/4231/liam_stuff/project_git/4231project/install/v4l2_camera/share/v4l2_camera/environment/ament_prefix_path.dsv
-- Installing: /home/mtrn/4231/liam_stuff/project_git/4231project/install/v4l2_camera/share/v4l2_camera/environment/path.sh
-- Installing: /home/mtrn/4231/liam_stuff/project_git/4231project/install/v4l2_camera/share/v4l2_camera/environment/path.dsv
-- Installing: /home/mtrn/4231/liam_stuff/project_git/4231project/install/v4l2_camera/share/v4l2_camera/local_setup.bash
-- Installing: /home/mtrn/4231/liam_stuff/project_git/4231project/install/v4l2_camera/share/v4l2_camera/local_setup.sh
-- Installing: /home/mtrn/4231/liam_stuff/project_git/4231project/install/v4l2_camera/share/v4l2_camera/local_setup.zsh
-- Installing: /home/mtrn/4231/liam_stuff/project_git/4231project/install/v4l2_camera/share/v4l2_camera/local_setup.dsv
-- Installing: /home/mtrn/4231/liam_stuff/project_git/4231project/install/v4l2_camera/share/v4l2_camera/package.dsv
-- Installing: /home/mtrn/4231/liam_stuff/project_git/4231project/install/v4l2_camera/share/ament_index/resource_index/packages/v4l2_camera
-- Installing: /home/mtrn/4231/liam_stuff/project_git/4231project/install/v4l2_camera/share/ament_index/resource_index/rclcpp_components/v4l2_camera
-- Installing: /home/mtrn/4231/liam_stuff/project_git/4231project/install/v4l2_camera/share/v4l2_camera/cmake/export_v4l2_cameraExport.cmake
-- Installing: /home/mtrn/4231/liam_stuff/project_git/4231project/install/v4l2_camera/share/v4l2_camera/cmake/export_v4l2_cameraExport-noconfig.cmake
-- Installing: /home/mtrn/4231/liam_stuff/project_git/4231project/install/v4l2_camera/share/v4l2_camera/cmake/ament_cmake_export_include_directories-extras.cmake
-- Installing: /home/mtrn/4231/liam_stuff/project_git/4231project/install/v4l2_camera/share/v4l2_camera/cmake/ament_cmake_export_targets-extras.cmake
-- Installing: /home/mtrn/4231/liam_stuff/project_git/4231project/install/v4l2_camera/share/v4l2_camera/cmake/ament_cmake_export_libraries-extras.cmake
-- Installing: /home/mtrn/4231/liam_stuff/project_git/4231project/install/v4l2_camera/share/v4l2_camera/cmake/ament_cmake_export_dependencies-extras.cmake
-- Installing: /home/mtrn/4231/liam_stuff/project_git/4231project/install/v4l2_camera/share/v4l2_camera/cmake/v4l2_cameraConfig.cmake
-- Installing: /home/mtrn/4231/liam_stuff/project_git/4231project/install/v4l2_camera/share/v4l2_camera/cmake/v4l2_cameraConfig-version.cmake
-- Installing: /home/mtrn/4231/liam_stuff/project_git/4231project/install/v4l2_camera/share/v4l2_camera/package.xml
