[0.115s] Invoking command in '/home/mtrn/4231/liam_stuff/4231project/build/ros2_aruco_interfaces': CMAKE_PREFIX_PATH=${CMAKE_PREFIX_PATH}:/home/mtrn/4231/liam_stuff/4231project/install/ros2_aruco:/home/mtrn/4231/liam_stuff/4231project/install/opencv_example:/home/mtrn/4231/liam_stuff/4231project/install/openCV_example:/home/mtrn/4231/liam_stuff/4231project/install/my_package:/home/mtrn/4231/ws_moveit2/install/moveit_configs_utils:/home/mtrn/4231/ws_moveit2/install/launch_param_builder:/opt/ros/humble /home/mtrn/.local/bin/cmake --build /home/mtrn/4231/liam_stuff/4231project/build/ros2_aruco_interfaces -- -j12 -l12
[0.722s] -- Found ament_cmake: 1.3.5 (/opt/ros/humble/share/ament_cmake/cmake)
[0.723s] -- Found geometry_msgs: 4.2.3 (/opt/ros/humble/share/geometry_msgs/cmake)
[0.723s] -- Found rosidl_generator_c: 3.1.5 (/opt/ros/humble/share/rosidl_generator_c/cmake)
[0.723s] -- Found rosidl_adapter: 3.1.5 (/opt/ros/humble/share/rosidl_adapter/cmake)
[0.723s] -- Found rosidl_generator_cpp: 3.1.5 (/opt/ros/humble/share/rosidl_generator_cpp/cmake)
[0.723s] -- Using all available rosidl_typesupport_c: rosidl_typesupport_fastrtps_c;rosidl_typesupport_introspection_c
[0.723s] -- Using all available rosidl_typesupport_cpp: rosidl_typesupport_fastrtps_cpp;rosidl_typesupport_introspection_cpp
[0.723s] -- Found rosidl_default_generators: 1.2.0 (/opt/ros/humble/share/rosidl_default_generators/cmake)
[0.723s] [0mCMake Error: The current CMakeCache.txt directory /home/mtrn/4231/liam_stuff/4231project/build/ros2_aruco_interfaces/CMakeCache.txt is different than the directory /home/mtrn/4231/liam_stuff/project_git/4231project/build/ros2_aruco_interfaces where CMakeCache.txt was created. This may result in binaries being created in the wrong place. If you are not sure, reedit the CMakeCache.txt[0m
[1.484s] -- Found ament_cmake_ros: 0.10.0 (/opt/ros/humble/share/ament_cmake_ros/cmake)
[2.988s] -- Using all available rosidl_typesupport_c: rosidl_typesupport_fastrtps_c;rosidl_typesupport_introspection_c
[3.613s] -- Using all available rosidl_typesupport_cpp: rosidl_typesupport_fastrtps_cpp;rosidl_typesupport_introspection_cpp
[3.617s] [33mCMake Warning (dev) at /opt/ros/humble/share/rosidl_generator_py/cmake/rosidl_generator_py_generate_interfaces.cmake:20 (find_package):
[3.618s]   Policy CMP0148 is not set: The FindPythonInterp and FindPythonLibs modules
[3.618s]   are removed.  Run "cmake --help-policy CMP0148" for policy details.  Use
[3.618s]   the cmake_policy command to set the policy and suppress this warning.
[3.618s] 
[3.618s] Call Stack (most recent call first):
[3.618s]   /opt/ros/humble/share/ament_cmake_core/cmake/core/ament_execute_extensions.cmake:48 (include)
[3.618s]   /opt/ros/humble/share/rosidl_cmake/cmake/rosidl_generate_interfaces.cmake:286 (ament_execute_extensions)
[3.619s]   CMakeLists.txt:28 (rosidl_generate_interfaces)
[3.619s] This warning is for project developers.  Use -Wno-dev to suppress it.
[3.619s] [0m
[3.657s] -- Found python_cmake_module: 0.10.0 (/opt/ros/humble/share/python_cmake_module/cmake)
[3.658s] [33mCMake Warning (dev) at /opt/ros/humble/share/python_cmake_module/cmake/Modules/FindPythonExtra.cmake:52 (find_package):
[3.658s]   Policy CMP0148 is not set: The FindPythonInterp and FindPythonLibs modules
[3.659s]   are removed.  Run "cmake --help-policy CMP0148" for policy details.  Use
[3.659s]   the cmake_policy command to set the policy and suppress this warning.
[3.659s] 
[3.659s] Call Stack (most recent call first):
[3.659s]   /opt/ros/humble/share/rosidl_generator_py/cmake/rosidl_generator_py_generate_interfaces.cmake:23 (find_package)
[3.659s]   /opt/ros/humble/share/ament_cmake_core/cmake/core/ament_execute_extensions.cmake:48 (include)
[3.660s]   /opt/ros/humble/share/rosidl_cmake/cmake/rosidl_generate_interfaces.cmake:286 (ament_execute_extensions)
[3.660s]   CMakeLists.txt:28 (rosidl_generate_interfaces)
[3.660s] This warning is for project developers.  Use -Wno-dev to suppress it.
[3.660s] [0m
[3.689s] [33mCMake Warning (dev) at /opt/ros/humble/share/python_cmake_module/cmake/Modules/FindPythonExtra.cmake:140 (find_package):
[3.689s]   Policy CMP0148 is not set: The FindPythonInterp and FindPythonLibs modules
[3.690s]   are removed.  Run "cmake --help-policy CMP0148" for policy details.  Use
[3.690s]   the cmake_policy command to set the policy and suppress this warning.
[3.690s] 
[3.690s] Call Stack (most recent call first):
[3.690s]   /opt/ros/humble/share/rosidl_generator_py/cmake/rosidl_generator_py_generate_interfaces.cmake:23 (find_package)
[3.690s]   /opt/ros/humble/share/ament_cmake_core/cmake/core/ament_execute_extensions.cmake:48 (include)
[3.690s]   /opt/ros/humble/share/rosidl_cmake/cmake/rosidl_generate_interfaces.cmake:286 (ament_execute_extensions)
[3.691s]   CMakeLists.txt:28 (rosidl_generate_interfaces)
[3.691s] This warning is for project developers.  Use -Wno-dev to suppress it.
[3.691s] [0m
[3.695s] -- Using PYTHON_EXECUTABLE: /usr/bin/python3
[3.695s] -- Using PYTHON_INCLUDE_DIRS: /usr/include/python3.10
[3.695s] -- Using PYTHON_LIBRARIES: /usr/lib/x86_64-linux-gnu/libpython3.10.so
[3.808s] -- Found ament_lint_auto: 0.12.7 (/opt/ros/humble/share/ament_lint_auto/cmake)
[3.817s] -- Added test 'copyright' to check source files copyright and LICENSE
[3.818s] -- Added test 'lint_cmake' to check CMake code style
[3.819s] -- Added test 'xmllint' to check XML markup files
[3.821s] -- Configuring done (3.6s)
[3.857s] -- Generating done (0.0s)
[3.860s] -- Build files have been written to: /home/mtrn/4231/liam_stuff/project_git/4231project/build/ros2_aruco_interfaces
[3.958s] [  3%] Built target ros2_aruco_interfaces__cpp
[3.964s] [ 12%] Built target ros2_aruco_interfaces__rosidl_generator_c
[3.978s] [ 12%] Built target ament_cmake_python_copy_ros2_aruco_interfaces
[3.994s] [ 22%] Built target ros2_aruco_interfaces__rosidl_typesupport_fastrtps_cpp
[4.000s] [ 32%] Built target ros2_aruco_interfaces__rosidl_typesupport_c
[4.003s] [ 41%] Built target ros2_aruco_interfaces__rosidl_typesupport_cpp
[4.006s] [ 51%] Built target ros2_aruco_interfaces__rosidl_typesupport_introspection_cpp
[4.007s] [ 61%] Built target ros2_aruco_interfaces__rosidl_typesupport_introspection_c
[4.010s] [ 70%] Built target ros2_aruco_interfaces__rosidl_typesupport_fastrtps_c
[4.050s] [ 70%] Built target ros2_aruco_interfaces
[4.129s] [ 74%] Built target ros2_aruco_interfaces__py
[4.208s] [ 80%] Built target ros2_aruco_interfaces__rosidl_generator_py
[4.224s] running egg_info
[4.224s] writing ros2_aruco_interfaces.egg-info/PKG-INFO
[4.225s] writing dependency_links to ros2_aruco_interfaces.egg-info/dependency_links.txt
[4.225s] writing top-level names to ros2_aruco_interfaces.egg-info/top_level.txt
[4.226s] reading manifest file 'ros2_aruco_interfaces.egg-info/SOURCES.txt'
[4.227s] writing manifest file 'ros2_aruco_interfaces.egg-info/SOURCES.txt'
[4.262s] [ 80%] Built target ament_cmake_python_build_ros2_aruco_interfaces_egg
[4.267s] [ 87%] Built target ros2_aruco_interfaces__rosidl_typesupport_introspection_c__pyext
[4.270s] [ 93%] Built target ros2_aruco_interfaces__rosidl_typesupport_c__pyext
[4.273s] [100%] Built target ros2_aruco_interfaces__rosidl_typesupport_fastrtps_c__pyext
