[1.091s] Invoking command in '/home/mtrn/4231/liam_stuff/4231project/build/ros2_aruco_interfaces': CMAKE_PREFIX_PATH=${CMAKE_PREFIX_PATH}:/home/mtrn/4231/ws_moveit2/install/moveit_configs_utils:/home/mtrn/4231/ws_moveit2/install/launch_param_builder:/opt/ros/humble /home/mtrn/.local/bin/cmake --build /home/mtrn/4231/liam_stuff/4231project/build/ros2_aruco_interfaces -- -j12 -l12
[1.141s] [0mCMake Error: The current CMakeCache.txt directory /home/mtrn/4231/liam_stuff/4231project/build/ros2_aruco_interfaces/CMakeCache.txt is different than the directory /home/mtrn/4231/liam_stuff/project_git/4231project/build/ros2_aruco_interfaces where CMakeCache.txt was created. This may result in binaries being created in the wrong place. If you are not sure, reedit the CMakeCache.txt[0m
[1.172s] -- Found ament_cmake: 1.3.5 (/opt/ros/humble/share/ament_cmake/cmake)
[1.583s] -- Found geometry_msgs: 4.2.3 (/opt/ros/humble/share/geometry_msgs/cmake)
[1.647s] -- Found rosidl_generator_c: 3.1.5 (/opt/ros/humble/share/rosidl_generator_c/cmake)
[1.650s] -- Found rosidl_adapter: 3.1.5 (/opt/ros/humble/share/rosidl_adapter/cmake)
[1.666s] -- Found rosidl_generator_cpp: 3.1.5 (/opt/ros/humble/share/rosidl_generator_cpp/cmake)
[1.696s] -- Using all available rosidl_typesupport_c: rosidl_typesupport_fastrtps_c;rosidl_typesupport_introspection_c
[1.724s] -- Using all available rosidl_typesupport_cpp: rosidl_typesupport_fastrtps_cpp;rosidl_typesupport_introspection_cpp
[1.946s] -- Found rosidl_default_generators: 1.2.0 (/opt/ros/humble/share/rosidl_default_generators/cmake)
[2.684s] -- Found ament_cmake_ros: 0.10.0 (/opt/ros/humble/share/ament_cmake_ros/cmake)
[4.008s] -- Using all available rosidl_typesupport_c: rosidl_typesupport_fastrtps_c;rosidl_typesupport_introspection_c
[4.539s] -- Using all available rosidl_typesupport_cpp: rosidl_typesupport_fastrtps_cpp;rosidl_typesupport_introspection_cpp
[4.542s] [33mCMake Warning (dev) at /opt/ros/humble/share/rosidl_generator_py/cmake/rosidl_generator_py_generate_interfaces.cmake:20 (find_package):
[4.542s]   Policy CMP0148 is not set: The FindPythonInterp and FindPythonLibs modules
[4.542s]   are removed.  Run "cmake --help-policy CMP0148" for policy details.  Use
[4.542s]   the cmake_policy command to set the policy and suppress this warning.
[4.542s] 
[4.542s] Call Stack (most recent call first):
[4.542s]   /opt/ros/humble/share/ament_cmake_core/cmake/core/ament_execute_extensions.cmake:48 (include)
[4.542s]   /opt/ros/humble/share/rosidl_cmake/cmake/rosidl_generate_interfaces.cmake:286 (ament_execute_extensions)
[4.542s]   CMakeLists.txt:28 (rosidl_generate_interfaces)
[4.542s] This warning is for project developers.  Use -Wno-dev to suppress it.
[4.542s] [0m
[4.589s] -- Found python_cmake_module: 0.10.0 (/opt/ros/humble/share/python_cmake_module/cmake)
[4.590s] [33mCMake Warning (dev) at /opt/ros/humble/share/python_cmake_module/cmake/Modules/FindPythonExtra.cmake:52 (find_package):
[4.590s]   Policy CMP0148 is not set: The FindPythonInterp and FindPythonLibs modules
[4.590s]   are removed.  Run "cmake --help-policy CMP0148" for policy details.  Use
[4.590s]   the cmake_policy command to set the policy and suppress this warning.
[4.590s] 
[4.590s] Call Stack (most recent call first):
[4.590s]   /opt/ros/humble/share/rosidl_generator_py/cmake/rosidl_generator_py_generate_interfaces.cmake:23 (find_package)
[4.590s]   /opt/ros/humble/share/ament_cmake_core/cmake/core/ament_execute_extensions.cmake:48 (include)
[4.590s]   /opt/ros/humble/share/rosidl_cmake/cmake/rosidl_generate_interfaces.cmake:286 (ament_execute_extensions)
[4.590s]   CMakeLists.txt:28 (rosidl_generate_interfaces)
[4.590s] This warning is for project developers.  Use -Wno-dev to suppress it.
[4.590s] [0m
[4.629s] [33mCMake Warning (dev) at /opt/ros/humble/share/python_cmake_module/cmake/Modules/FindPythonExtra.cmake:140 (find_package):
[4.629s]   Policy CMP0148 is not set: The FindPythonInterp and FindPythonLibs modules
[4.629s]   are removed.  Run "cmake --help-policy CMP0148" for policy details.  Use
[4.629s]   the cmake_policy command to set the policy and suppress this warning.
[4.629s] 
[4.629s] Call Stack (most recent call first):
[4.629s]   /opt/ros/humble/share/rosidl_generator_py/cmake/rosidl_generator_py_generate_interfaces.cmake:23 (find_package)
[4.629s]   /opt/ros/humble/share/ament_cmake_core/cmake/core/ament_execute_extensions.cmake:48 (include)
[4.629s]   /opt/ros/humble/share/rosidl_cmake/cmake/rosidl_generate_interfaces.cmake:286 (ament_execute_extensions)
[4.629s]   CMakeLists.txt:28 (rosidl_generate_interfaces)
[4.629s] This warning is for project developers.  Use -Wno-dev to suppress it.
[4.630s] [0m
[4.635s] -- Using PYTHON_EXECUTABLE: /usr/bin/python3
[4.635s] -- Using PYTHON_INCLUDE_DIRS: /usr/include/python3.10
[4.635s] -- Using PYTHON_LIBRARIES: /usr/lib/x86_64-linux-gnu/libpython3.10.so
[4.777s] -- Found ament_lint_auto: 0.12.7 (/opt/ros/humble/share/ament_lint_auto/cmake)
[4.786s] -- Added test 'copyright' to check source files copyright and LICENSE
[4.787s] -- Added test 'lint_cmake' to check CMake code style
[4.788s] -- Added test 'xmllint' to check XML markup files
[4.790s] -- Configuring done (3.6s)
[4.835s] -- Generating done (0.0s)
[4.839s] -- Build files have been written to: /home/mtrn/4231/liam_stuff/project_git/4231project/build/ros2_aruco_interfaces
[4.930s] [  3%] Built target ros2_aruco_interfaces__cpp
[4.933s] [ 12%] Built target ros2_aruco_interfaces__rosidl_generator_c
[4.939s] [ 12%] Built target ament_cmake_python_copy_ros2_aruco_interfaces
[4.966s] [ 22%] Built target ros2_aruco_interfaces__rosidl_typesupport_introspection_cpp
[4.967s] [ 32%] Built target ros2_aruco_interfaces__rosidl_typesupport_c
[4.968s] [ 41%] Built target ros2_aruco_interfaces__rosidl_typesupport_fastrtps_c
[4.975s] [ 51%] Built target ros2_aruco_interfaces__rosidl_typesupport_fastrtps_cpp
[4.975s] [ 61%] Built target ros2_aruco_interfaces__rosidl_typesupport_cpp
[4.976s] [ 70%] Built target ros2_aruco_interfaces__rosidl_typesupport_introspection_c
[5.013s] [ 70%] Built target ros2_aruco_interfaces
[5.064s] [ 74%] Built target ros2_aruco_interfaces__py
[5.120s] [ 80%] Built target ros2_aruco_interfaces__rosidl_generator_py
[5.162s] [ 87%] Built target ros2_aruco_interfaces__rosidl_typesupport_introspection_c__pyext
[5.170s] [ 93%] Built target ros2_aruco_interfaces__rosidl_typesupport_fastrtps_c__pyext
[5.180s] [100%] Built target ros2_aruco_interfaces__rosidl_typesupport_c__pyext
[5.215s] running egg_info
[5.216s] writing ros2_aruco_interfaces.egg-info/PKG-INFO
[5.216s] writing dependency_links to ros2_aruco_interfaces.egg-info/dependency_links.txt
[5.216s] writing top-level names to ros2_aruco_interfaces.egg-info/top_level.txt
[5.218s] reading manifest file 'ros2_aruco_interfaces.egg-info/SOURCES.txt'
[5.218s] writing manifest file 'ros2_aruco_interfaces.egg-info/SOURCES.txt'
[5.253s] [100%] Built target ament_cmake_python_build_ros2_aruco_interfaces_egg
[5.268s] Invoked command in '/home/mtrn/4231/liam_stuff/4231project/build/ros2_aruco_interfaces' returned '0': CMAKE_PREFIX_PATH=${CMAKE_PREFIX_PATH}:/home/mtrn/4231/ws_moveit2/install/moveit_configs_utils:/home/mtrn/4231/ws_moveit2/install/launch_param_builder:/opt/ros/humble /home/mtrn/.local/bin/cmake --build /home/mtrn/4231/liam_stuff/4231project/build/ros2_aruco_interfaces -- -j12 -l12
[5.794s] Invoking command in '/home/mtrn/4231/liam_stuff/4231project/build/ros2_aruco_interfaces': CMAKE_PREFIX_PATH=${CMAKE_PREFIX_PATH}:/home/mtrn/4231/ws_moveit2/install/moveit_configs_utils:/home/mtrn/4231/ws_moveit2/install/launch_param_builder:/opt/ros/humble /home/mtrn/.local/bin/cmake --install /home/mtrn/4231/liam_stuff/4231project/build/ros2_aruco_interfaces
[5.844s] -- Install configuration: ""
[5.844s] -- Up-to-date: /home/mtrn/4231/liam_stuff/project_git/4231project/install/ros2_aruco_interfaces/share/ament_index/resource_index/rosidl_interfaces/ros2_aruco_interfaces
[5.844s] -- Up-to-date: /home/mtrn/4231/liam_stuff/project_git/4231project/install/ros2_aruco_interfaces/include/ros2_aruco_interfaces/ros2_aruco_interfaces
[5.844s] -- Up-to-date: /home/mtrn/4231/liam_stuff/project_git/4231project/install/ros2_aruco_interfaces/include/ros2_aruco_interfaces/ros2_aruco_interfaces/msg
[5.845s] -- Up-to-date: /home/mtrn/4231/liam_stuff/project_git/4231project/install/ros2_aruco_interfaces/include/ros2_aruco_interfaces/ros2_aruco_interfaces/msg/rosidl_generator_c__visibility_control.h
[5.845s] -- Up-to-date: /home/mtrn/4231/liam_stuff/project_git/4231project/install/ros2_aruco_interfaces/include/ros2_aruco_interfaces/ros2_aruco_interfaces/msg/aruco_markers.h
[5.845s] -- Up-to-date: /home/mtrn/4231/liam_stuff/project_git/4231project/install/ros2_aruco_interfaces/include/ros2_aruco_interfaces/ros2_aruco_interfaces/msg/detail
[5.845s] -- Up-to-date: /home/mtrn/4231/liam_stuff/project_git/4231project/install/ros2_aruco_interfaces/include/ros2_aruco_interfaces/ros2_aruco_interfaces/msg/detail/aruco_markers__functions.c
[5.845s] -- Up-to-date: /home/mtrn/4231/liam_stuff/project_git/4231project/install/ros2_aruco_interfaces/include/ros2_aruco_interfaces/ros2_aruco_interfaces/msg/detail/aruco_markers__struct.h
[5.846s] -- Up-to-date: /home/mtrn/4231/liam_stuff/project_git/4231project/install/ros2_aruco_interfaces/include/ros2_aruco_interfaces/ros2_aruco_interfaces/msg/detail/aruco_markers__type_support.h
[5.846s] -- Up-to-date: /home/mtrn/4231/liam_stuff/project_git/4231project/install/ros2_aruco_interfaces/include/ros2_aruco_interfaces/ros2_aruco_interfaces/msg/detail/aruco_markers__functions.h
[5.846s] -- Up-to-date: /home/mtrn/4231/liam_stuff/project_git/4231project/install/ros2_aruco_interfaces/share/ros2_aruco_interfaces/environment/library_path.sh
[5.846s] -- Installing: /home/mtrn/4231/liam_stuff/project_git/4231project/install/ros2_aruco_interfaces/share/ros2_aruco_interfaces/environment/library_path.dsv
[5.846s] -- Up-to-date: /home/mtrn/4231/liam_stuff/project_git/4231project/install/ros2_aruco_interfaces/lib/libros2_aruco_interfaces__rosidl_generator_c.so
[5.846s] -- Up-to-date: /home/mtrn/4231/liam_stuff/project_git/4231project/install/ros2_aruco_interfaces/include/ros2_aruco_interfaces/ros2_aruco_interfaces
[5.846s] -- Up-to-date: /home/mtrn/4231/liam_stuff/project_git/4231project/install/ros2_aruco_interfaces/include/ros2_aruco_interfaces/ros2_aruco_interfaces/msg
[5.846s] -- Up-to-date: /home/mtrn/4231/liam_stuff/project_git/4231project/install/ros2_aruco_interfaces/include/ros2_aruco_interfaces/ros2_aruco_interfaces/msg/rosidl_typesupport_fastrtps_c__visibility_control.h
[5.847s] -- Up-to-date: /home/mtrn/4231/liam_stuff/project_git/4231project/install/ros2_aruco_interfaces/include/ros2_aruco_interfaces/ros2_aruco_interfaces/msg/detail
[5.847s] -- Up-to-date: /home/mtrn/4231/liam_stuff/project_git/4231project/install/ros2_aruco_interfaces/include/ros2_aruco_interfaces/ros2_aruco_interfaces/msg/detail/aruco_markers__rosidl_typesupport_fastrtps_c.h
[5.847s] -- Up-to-date: /home/mtrn/4231/liam_stuff/project_git/4231project/install/ros2_aruco_interfaces/lib/libros2_aruco_interfaces__rosidl_typesupport_fastrtps_c.so
[5.847s] -- Up-to-date: /home/mtrn/4231/liam_stuff/project_git/4231project/install/ros2_aruco_interfaces/include/ros2_aruco_interfaces/ros2_aruco_interfaces
[5.847s] -- Up-to-date: /home/mtrn/4231/liam_stuff/project_git/4231project/install/ros2_aruco_interfaces/include/ros2_aruco_interfaces/ros2_aruco_interfaces/msg
[5.847s] -- Up-to-date: /home/mtrn/4231/liam_stuff/project_git/4231project/install/ros2_aruco_interfaces/include/ros2_aruco_interfaces/ros2_aruco_interfaces/msg/aruco_markers.hpp
[5.847s] -- Up-to-date: /home/mtrn/4231/liam_stuff/project_git/4231project/install/ros2_aruco_interfaces/include/ros2_aruco_interfaces/ros2_aruco_interfaces/msg/detail
[5.848s] -- Up-to-date: /home/mtrn/4231/liam_stuff/project_git/4231project/install/ros2_aruco_interfaces/include/ros2_aruco_interfaces/ros2_aruco_interfaces/msg/detail/aruco_markers__traits.hpp
[5.848s] -- Up-to-date: /home/mtrn/4231/liam_stuff/project_git/4231project/install/ros2_aruco_interfaces/include/ros2_aruco_interfaces/ros2_aruco_interfaces/msg/detail/aruco_markers__struct.hpp
[5.848s] -- Up-to-date: /home/mtrn/4231/liam_stuff/project_git/4231project/install/ros2_aruco_interfaces/include/ros2_aruco_interfaces/ros2_aruco_interfaces/msg/detail/aruco_markers__builder.hpp
[5.848s] -- Up-to-date: /home/mtrn/4231/liam_stuff/project_git/4231project/install/ros2_aruco_interfaces/include/ros2_aruco_interfaces/ros2_aruco_interfaces
[5.848s] -- Up-to-date: /home/mtrn/4231/liam_stuff/project_git/4231project/install/ros2_aruco_interfaces/include/ros2_aruco_interfaces/ros2_aruco_interfaces/msg
[5.848s] -- Up-to-date: /home/mtrn/4231/liam_stuff/project_git/4231project/install/ros2_aruco_interfaces/include/ros2_aruco_interfaces/ros2_aruco_interfaces/msg/rosidl_typesupport_fastrtps_cpp__visibility_control.h
[5.848s] -- Up-to-date: /home/mtrn/4231/liam_stuff/project_git/4231project/install/ros2_aruco_interfaces/include/ros2_aruco_interfaces/ros2_aruco_interfaces/msg/detail
[5.849s] -- Up-to-date: /home/mtrn/4231/liam_stuff/project_git/4231project/install/ros2_aruco_interfaces/include/ros2_aruco_interfaces/ros2_aruco_interfaces/msg/detail/dds_fastrtps
[5.849s] -- Up-to-date: /home/mtrn/4231/liam_stuff/project_git/4231project/install/ros2_aruco_interfaces/include/ros2_aruco_interfaces/ros2_aruco_interfaces/msg/detail/aruco_markers__rosidl_typesupport_fastrtps_cpp.hpp
[5.849s] -- Up-to-date: /home/mtrn/4231/liam_stuff/project_git/4231project/install/ros2_aruco_interfaces/lib/libros2_aruco_interfaces__rosidl_typesupport_fastrtps_cpp.so
[5.849s] -- Up-to-date: /home/mtrn/4231/liam_stuff/project_git/4231project/install/ros2_aruco_interfaces/include/ros2_aruco_interfaces/ros2_aruco_interfaces
[5.849s] -- Up-to-date: /home/mtrn/4231/liam_stuff/project_git/4231project/install/ros2_aruco_interfaces/include/ros2_aruco_interfaces/ros2_aruco_interfaces/msg
[5.849s] -- Up-to-date: /home/mtrn/4231/liam_stuff/project_git/4231project/install/ros2_aruco_interfaces/include/ros2_aruco_interfaces/ros2_aruco_interfaces/msg/rosidl_typesupport_introspection_c__visibility_control.h
[5.850s] -- Up-to-date: /home/mtrn/4231/liam_stuff/project_git/4231project/install/ros2_aruco_interfaces/include/ros2_aruco_interfaces/ros2_aruco_interfaces/msg/detail
[5.850s] -- Up-to-date: /home/mtrn/4231/liam_stuff/project_git/4231project/install/ros2_aruco_interfaces/include/ros2_aruco_interfaces/ros2_aruco_interfaces/msg/detail/aruco_markers__rosidl_typesupport_introspection_c.h
[5.850s] -- Up-to-date: /home/mtrn/4231/liam_stuff/project_git/4231project/install/ros2_aruco_interfaces/include/ros2_aruco_interfaces/ros2_aruco_interfaces/msg/detail/aruco_markers__type_support.c
[5.850s] -- Up-to-date: /home/mtrn/4231/liam_stuff/project_git/4231project/install/ros2_aruco_interfaces/lib/libros2_aruco_interfaces__rosidl_typesupport_introspection_c.so
[5.850s] -- Up-to-date: /home/mtrn/4231/liam_stuff/project_git/4231project/install/ros2_aruco_interfaces/lib/libros2_aruco_interfaces__rosidl_typesupport_c.so
[5.850s] -- Up-to-date: /home/mtrn/4231/liam_stuff/project_git/4231project/install/ros2_aruco_interfaces/include/ros2_aruco_interfaces/ros2_aruco_interfaces
[5.850s] -- Up-to-date: /home/mtrn/4231/liam_stuff/project_git/4231project/install/ros2_aruco_interfaces/include/ros2_aruco_interfaces/ros2_aruco_interfaces/msg
[5.851s] -- Up-to-date: /home/mtrn/4231/liam_stuff/project_git/4231project/install/ros2_aruco_interfaces/include/ros2_aruco_interfaces/ros2_aruco_interfaces/msg/detail
[5.851s] -- Up-to-date: /home/mtrn/4231/liam_stuff/project_git/4231project/install/ros2_aruco_interfaces/include/ros2_aruco_interfaces/ros2_aruco_interfaces/msg/detail/aruco_markers__type_support.cpp
[5.851s] -- Up-to-date: /home/mtrn/4231/liam_stuff/project_git/4231project/install/ros2_aruco_interfaces/include/ros2_aruco_interfaces/ros2_aruco_interfaces/msg/detail/aruco_markers__rosidl_typesupport_introspection_cpp.hpp
[5.851s] -- Up-to-date: /home/mtrn/4231/liam_stuff/project_git/4231project/install/ros2_aruco_interfaces/lib/libros2_aruco_interfaces__rosidl_typesupport_introspection_cpp.so
[5.851s] -- Up-to-date: /home/mtrn/4231/liam_stuff/project_git/4231project/install/ros2_aruco_interfaces/lib/libros2_aruco_interfaces__rosidl_typesupport_cpp.so
[5.852s] -- Up-to-date: /home/mtrn/4231/liam_stuff/project_git/4231project/install/ros2_aruco_interfaces/share/ros2_aruco_interfaces/environment/pythonpath.sh
[5.852s] -- Installing: /home/mtrn/4231/liam_stuff/project_git/4231project/install/ros2_aruco_interfaces/share/ros2_aruco_interfaces/environment/pythonpath.dsv
[5.853s] -- Up-to-date: /home/mtrn/4231/liam_stuff/project_git/4231project/install/ros2_aruco_interfaces/local/lib/python3.10/dist-packages/ros2_aruco_interfaces-0.1.0-py3.10.egg-info
[5.853s] -- Installing: /home/mtrn/4231/liam_stuff/project_git/4231project/install/ros2_aruco_interfaces/local/lib/python3.10/dist-packages/ros2_aruco_interfaces-0.1.0-py3.10.egg-info/SOURCES.txt
[5.853s] -- Installing: /home/mtrn/4231/liam_stuff/project_git/4231project/install/ros2_aruco_interfaces/local/lib/python3.10/dist-packages/ros2_aruco_interfaces-0.1.0-py3.10.egg-info/dependency_links.txt
[5.853s] -- Installing: /home/mtrn/4231/liam_stuff/project_git/4231project/install/ros2_aruco_interfaces/local/lib/python3.10/dist-packages/ros2_aruco_interfaces-0.1.0-py3.10.egg-info/PKG-INFO
[5.854s] -- Installing: /home/mtrn/4231/liam_stuff/project_git/4231project/install/ros2_aruco_interfaces/local/lib/python3.10/dist-packages/ros2_aruco_interfaces-0.1.0-py3.10.egg-info/top_level.txt
[5.854s] -- Up-to-date: /home/mtrn/4231/liam_stuff/project_git/4231project/install/ros2_aruco_interfaces/local/lib/python3.10/dist-packages/ros2_aruco_interfaces
[5.854s] -- Up-to-date: /home/mtrn/4231/liam_stuff/project_git/4231project/install/ros2_aruco_interfaces/local/lib/python3.10/dist-packages/ros2_aruco_interfaces/ros2_aruco_interfaces_s__rosidl_typesupport_introspection_c.cpython-310-x86_64-linux-gnu.so
[5.854s] -- Up-to-date: /home/mtrn/4231/liam_stuff/project_git/4231project/install/ros2_aruco_interfaces/local/lib/python3.10/dist-packages/ros2_aruco_interfaces/_ros2_aruco_interfaces_s.ep.rosidl_typesupport_introspection_c.c
[5.854s] -- Up-to-date: /home/mtrn/4231/liam_stuff/project_git/4231project/install/ros2_aruco_interfaces/local/lib/python3.10/dist-packages/ros2_aruco_interfaces/_ros2_aruco_interfaces_s.ep.rosidl_typesupport_fastrtps_c.c
[5.854s] -- Installing: /home/mtrn/4231/liam_stuff/project_git/4231project/install/ros2_aruco_interfaces/local/lib/python3.10/dist-packages/ros2_aruco_interfaces/__init__.py
[5.855s] -- Up-to-date: /home/mtrn/4231/liam_stuff/project_git/4231project/install/ros2_aruco_interfaces/local/lib/python3.10/dist-packages/ros2_aruco_interfaces/ros2_aruco_interfaces_s__rosidl_typesupport_fastrtps_c.cpython-310-x86_64-linux-gnu.so
[5.855s] -- Up-to-date: /home/mtrn/4231/liam_stuff/project_git/4231project/install/ros2_aruco_interfaces/local/lib/python3.10/dist-packages/ros2_aruco_interfaces/msg
[5.855s] -- Up-to-date: /home/mtrn/4231/liam_stuff/project_git/4231project/install/ros2_aruco_interfaces/local/lib/python3.10/dist-packages/ros2_aruco_interfaces/msg/__init__.py
[5.855s] -- Up-to-date: /home/mtrn/4231/liam_stuff/project_git/4231project/install/ros2_aruco_interfaces/local/lib/python3.10/dist-packages/ros2_aruco_interfaces/msg/_aruco_markers_s.c
[5.855s] -- Up-to-date: /home/mtrn/4231/liam_stuff/project_git/4231project/install/ros2_aruco_interfaces/local/lib/python3.10/dist-packages/ros2_aruco_interfaces/msg/_aruco_markers.py
[5.855s] -- Up-to-date: /home/mtrn/4231/liam_stuff/project_git/4231project/install/ros2_aruco_interfaces/local/lib/python3.10/dist-packages/ros2_aruco_interfaces/_ros2_aruco_interfaces_s.ep.rosidl_typesupport_c.c
[5.855s] -- Up-to-date: /home/mtrn/4231/liam_stuff/project_git/4231project/install/ros2_aruco_interfaces/local/lib/python3.10/dist-packages/ros2_aruco_interfaces/ros2_aruco_interfaces_s__rosidl_typesupport_c.cpython-310-x86_64-linux-gnu.so
[5.856s] -- Up-to-date: /home/mtrn/4231/liam_stuff/project_git/4231project/install/ros2_aruco_interfaces/local/lib/python3.10/dist-packages/ros2_aruco_interfaces/libros2_aruco_interfaces__rosidl_generator_py.so
[5.907s] Listing '/home/mtrn/4231/liam_stuff/project_git/4231project/install/ros2_aruco_interfaces/local/lib/python3.10/dist-packages/ros2_aruco_interfaces'...
[5.907s] Compiling '/home/mtrn/4231/liam_stuff/project_git/4231project/install/ros2_aruco_interfaces/local/lib/python3.10/dist-packages/ros2_aruco_interfaces/__init__.py'...
[5.907s] Listing '/home/mtrn/4231/liam_stuff/project_git/4231project/install/ros2_aruco_interfaces/local/lib/python3.10/dist-packages/ros2_aruco_interfaces/msg'...
[5.912s] -- Up-to-date: /home/mtrn/4231/liam_stuff/project_git/4231project/install/ros2_aruco_interfaces/local/lib/python3.10/dist-packages/ros2_aruco_interfaces/ros2_aruco_interfaces_s__rosidl_typesupport_fastrtps_c.cpython-310-x86_64-linux-gnu.so
[5.912s] -- Up-to-date: /home/mtrn/4231/liam_stuff/project_git/4231project/install/ros2_aruco_interfaces/local/lib/python3.10/dist-packages/ros2_aruco_interfaces/ros2_aruco_interfaces_s__rosidl_typesupport_introspection_c.cpython-310-x86_64-linux-gnu.so
[5.912s] -- Up-to-date: /home/mtrn/4231/liam_stuff/project_git/4231project/install/ros2_aruco_interfaces/local/lib/python3.10/dist-packages/ros2_aruco_interfaces/ros2_aruco_interfaces_s__rosidl_typesupport_c.cpython-310-x86_64-linux-gnu.so
[5.913s] -- Up-to-date: /home/mtrn/4231/liam_stuff/project_git/4231project/install/ros2_aruco_interfaces/lib/libros2_aruco_interfaces__rosidl_generator_py.so
[5.913s] -- Up-to-date: /home/mtrn/4231/liam_stuff/project_git/4231project/install/ros2_aruco_interfaces/share/ros2_aruco_interfaces/msg/ArucoMarkers.idl
[5.913s] -- Up-to-date: /home/mtrn/4231/liam_stuff/project_git/4231project/install/ros2_aruco_interfaces/share/ros2_aruco_interfaces/msg/ArucoMarkers.msg
[5.913s] -- Up-to-date: /home/mtrn/4231/liam_stuff/project_git/4231project/install/ros2_aruco_interfaces/share/ament_index/resource_index/package_run_dependencies/ros2_aruco_interfaces
[5.914s] -- Up-to-date: /home/mtrn/4231/liam_stuff/project_git/4231project/install/ros2_aruco_interfaces/share/ament_index/resource_index/parent_prefix_path/ros2_aruco_interfaces
[5.914s] -- Up-to-date: /home/mtrn/4231/liam_stuff/project_git/4231project/install/ros2_aruco_interfaces/share/ros2_aruco_interfaces/environment/ament_prefix_path.sh
[5.914s] -- Installing: /home/mtrn/4231/liam_stuff/project_git/4231project/install/ros2_aruco_interfaces/share/ros2_aruco_interfaces/environment/ament_prefix_path.dsv
[5.914s] -- Up-to-date: /home/mtrn/4231/liam_stuff/project_git/4231project/install/ros2_aruco_interfaces/share/ros2_aruco_interfaces/environment/path.sh
[5.914s] -- Installing: /home/mtrn/4231/liam_stuff/project_git/4231project/install/ros2_aruco_interfaces/share/ros2_aruco_interfaces/environment/path.dsv
[5.914s] -- Up-to-date: /home/mtrn/4231/liam_stuff/project_git/4231project/install/ros2_aruco_interfaces/share/ros2_aruco_interfaces/local_setup.bash
[5.914s] -- Up-to-date: /home/mtrn/4231/liam_stuff/project_git/4231project/install/ros2_aruco_interfaces/share/ros2_aruco_interfaces/local_setup.sh
[5.915s] -- Up-to-date: /home/mtrn/4231/liam_stuff/project_git/4231project/install/ros2_aruco_interfaces/share/ros2_aruco_interfaces/local_setup.zsh
[5.915s] -- Installing: /home/mtrn/4231/liam_stuff/project_git/4231project/install/ros2_aruco_interfaces/share/ros2_aruco_interfaces/local_setup.dsv
[5.915s] -- Installing: /home/mtrn/4231/liam_stuff/project_git/4231project/install/ros2_aruco_interfaces/share/ros2_aruco_interfaces/package.dsv
[5.915s] -- Up-to-date: /home/mtrn/4231/liam_stuff/project_git/4231project/install/ros2_aruco_interfaces/share/ament_index/resource_index/packages/ros2_aruco_interfaces
[5.915s] -- Up-to-date: /home/mtrn/4231/liam_stuff/project_git/4231project/install/ros2_aruco_interfaces/share/ros2_aruco_interfaces/cmake/export_ros2_aruco_interfaces__rosidl_generator_cExport.cmake
[5.915s] -- Up-to-date: /home/mtrn/4231/liam_stuff/project_git/4231project/install/ros2_aruco_interfaces/share/ros2_aruco_interfaces/cmake/export_ros2_aruco_interfaces__rosidl_generator_cExport-noconfig.cmake
[5.916s] -- Up-to-date: /home/mtrn/4231/liam_stuff/project_git/4231project/install/ros2_aruco_interfaces/share/ros2_aruco_interfaces/cmake/export_ros2_aruco_interfaces__rosidl_typesupport_fastrtps_cExport.cmake
[5.916s] -- Up-to-date: /home/mtrn/4231/liam_stuff/project_git/4231project/install/ros2_aruco_interfaces/share/ros2_aruco_interfaces/cmake/export_ros2_aruco_interfaces__rosidl_typesupport_fastrtps_cExport-noconfig.cmake
[5.916s] -- Up-to-date: /home/mtrn/4231/liam_stuff/project_git/4231project/install/ros2_aruco_interfaces/share/ros2_aruco_interfaces/cmake/export_ros2_aruco_interfaces__rosidl_generator_cppExport.cmake
[5.916s] -- Up-to-date: /home/mtrn/4231/liam_stuff/project_git/4231project/install/ros2_aruco_interfaces/share/ros2_aruco_interfaces/cmake/export_ros2_aruco_interfaces__rosidl_typesupport_fastrtps_cppExport.cmake
[5.916s] -- Up-to-date: /home/mtrn/4231/liam_stuff/project_git/4231project/install/ros2_aruco_interfaces/share/ros2_aruco_interfaces/cmake/export_ros2_aruco_interfaces__rosidl_typesupport_fastrtps_cppExport-noconfig.cmake
[5.916s] -- Up-to-date: /home/mtrn/4231/liam_stuff/project_git/4231project/install/ros2_aruco_interfaces/share/ros2_aruco_interfaces/cmake/ros2_aruco_interfaces__rosidl_typesupport_introspection_cExport.cmake
[5.917s] -- Up-to-date: /home/mtrn/4231/liam_stuff/project_git/4231project/install/ros2_aruco_interfaces/share/ros2_aruco_interfaces/cmake/ros2_aruco_interfaces__rosidl_typesupport_introspection_cExport-noconfig.cmake
[5.917s] -- Up-to-date: /home/mtrn/4231/liam_stuff/project_git/4231project/install/ros2_aruco_interfaces/share/ros2_aruco_interfaces/cmake/ros2_aruco_interfaces__rosidl_typesupport_cExport.cmake
[5.917s] -- Up-to-date: /home/mtrn/4231/liam_stuff/project_git/4231project/install/ros2_aruco_interfaces/share/ros2_aruco_interfaces/cmake/ros2_aruco_interfaces__rosidl_typesupport_cExport-noconfig.cmake
[5.917s] -- Up-to-date: /home/mtrn/4231/liam_stuff/project_git/4231project/install/ros2_aruco_interfaces/share/ros2_aruco_interfaces/cmake/ros2_aruco_interfaces__rosidl_typesupport_introspection_cppExport.cmake
[5.917s] -- Up-to-date: /home/mtrn/4231/liam_stuff/project_git/4231project/install/ros2_aruco_interfaces/share/ros2_aruco_interfaces/cmake/ros2_aruco_interfaces__rosidl_typesupport_introspection_cppExport-noconfig.cmake
[5.917s] -- Up-to-date: /home/mtrn/4231/liam_stuff/project_git/4231project/install/ros2_aruco_interfaces/share/ros2_aruco_interfaces/cmake/ros2_aruco_interfaces__rosidl_typesupport_cppExport.cmake
[5.917s] -- Up-to-date: /home/mtrn/4231/liam_stuff/project_git/4231project/install/ros2_aruco_interfaces/share/ros2_aruco_interfaces/cmake/ros2_aruco_interfaces__rosidl_typesupport_cppExport-noconfig.cmake
[5.918s] -- Up-to-date: /home/mtrn/4231/liam_stuff/project_git/4231project/install/ros2_aruco_interfaces/share/ros2_aruco_interfaces/cmake/export_ros2_aruco_interfaces__rosidl_generator_pyExport.cmake
[5.918s] -- Up-to-date: /home/mtrn/4231/liam_stuff/project_git/4231project/install/ros2_aruco_interfaces/share/ros2_aruco_interfaces/cmake/export_ros2_aruco_interfaces__rosidl_generator_pyExport-noconfig.cmake
[5.918s] -- Up-to-date: /home/mtrn/4231/liam_stuff/project_git/4231project/install/ros2_aruco_interfaces/share/ros2_aruco_interfaces/cmake/rosidl_cmake-extras.cmake
[5.918s] -- Up-to-date: /home/mtrn/4231/liam_stuff/project_git/4231project/install/ros2_aruco_interfaces/share/ros2_aruco_interfaces/cmake/ament_cmake_export_dependencies-extras.cmake
[5.918s] -- Up-to-date: /home/mtrn/4231/liam_stuff/project_git/4231project/install/ros2_aruco_interfaces/share/ros2_aruco_interfaces/cmake/ament_cmake_export_include_directories-extras.cmake
[5.919s] -- Up-to-date: /home/mtrn/4231/liam_stuff/project_git/4231project/install/ros2_aruco_interfaces/share/ros2_aruco_interfaces/cmake/ament_cmake_export_libraries-extras.cmake
[5.919s] -- Up-to-date: /home/mtrn/4231/liam_stuff/project_git/4231project/install/ros2_aruco_interfaces/share/ros2_aruco_interfaces/cmake/ament_cmake_export_targets-extras.cmake
[5.919s] -- Up-to-date: /home/mtrn/4231/liam_stuff/project_git/4231project/install/ros2_aruco_interfaces/share/ros2_aruco_interfaces/cmake/rosidl_cmake_export_typesupport_targets-extras.cmake
[5.919s] -- Up-to-date: /home/mtrn/4231/liam_stuff/project_git/4231project/install/ros2_aruco_interfaces/share/ros2_aruco_interfaces/cmake/rosidl_cmake_export_typesupport_libraries-extras.cmake
[5.920s] -- Up-to-date: /home/mtrn/4231/liam_stuff/project_git/4231project/install/ros2_aruco_interfaces/share/ros2_aruco_interfaces/cmake/ros2_aruco_interfacesConfig.cmake
[5.920s] -- Up-to-date: /home/mtrn/4231/liam_stuff/project_git/4231project/install/ros2_aruco_interfaces/share/ros2_aruco_interfaces/cmake/ros2_aruco_interfacesConfig-version.cmake
[5.920s] -- Up-to-date: /home/mtrn/4231/liam_stuff/project_git/4231project/install/ros2_aruco_interfaces/share/ros2_aruco_interfaces/package.xml
[5.934s] Invoked command in '/home/mtrn/4231/liam_stuff/4231project/build/ros2_aruco_interfaces' returned '0': CMAKE_PREFIX_PATH=${CMAKE_PREFIX_PATH}:/home/mtrn/4231/ws_moveit2/install/moveit_configs_utils:/home/mtrn/4231/ws_moveit2/install/launch_param_builder:/opt/ros/humble /home/mtrn/.local/bin/cmake --install /home/mtrn/4231/liam_stuff/4231project/build/ros2_aruco_interfaces
