running egg_info
creating ../../build/opencv_example/opencv_example.egg-info
writing ../../build/opencv_example/opencv_example.egg-info/PKG-INFO
writing dependency_links to ../../build/opencv_example/opencv_example.egg-info/dependency_links.txt
writing entry points to ../../build/opencv_example/opencv_example.egg-info/entry_points.txt
writing requirements to ../../build/opencv_example/opencv_example.egg-info/requires.txt
writing top-level names to ../../build/opencv_example/opencv_example.egg-info/top_level.txt
writing manifest file '../../build/opencv_example/opencv_example.egg-info/SOURCES.txt'
reading manifest file '../../build/opencv_example/opencv_example.egg-info/SOURCES.txt'
writing manifest file '../../build/opencv_example/opencv_example.egg-info/SOURCES.txt'
running build
running build_py
creating /home/mtrn/4231/liam_stuff/4231project/build/opencv_example/build
creating /home/mtrn/4231/liam_stuff/4231project/build/opencv_example/build/lib
creating /home/mtrn/4231/liam_stuff/4231project/build/opencv_example/build/lib/opencv_example
copying opencv_example/__init__.py -> /home/mtrn/4231/liam_stuff/4231project/build/opencv_example/build/lib/opencv_example
copying opencv_example/aruco_marker_detect.py -> /home/mtrn/4231/liam_stuff/4231project/build/opencv_example/build/lib/opencv_example
running install
/usr/lib/python3/dist-packages/setuptools/command/install.py:34: SetuptoolsDeprecationWarning: setup.py install is deprecated. Use build and pip and other standards-based tools.
  warnings.warn(
running install_lib
creating /home/mtrn/4231/liam_stuff/4231project/install/opencv_example/lib/python3.10/site-packages/opencv_example
copying /home/mtrn/4231/liam_stuff/4231project/build/opencv_example/build/lib/opencv_example/__init__.py -> /home/mtrn/4231/liam_stuff/4231project/install/opencv_example/lib/python3.10/site-packages/opencv_example
copying /home/mtrn/4231/liam_stuff/4231project/build/opencv_example/build/lib/opencv_example/aruco_marker_detect.py -> /home/mtrn/4231/liam_stuff/4231project/install/opencv_example/lib/python3.10/site-packages/opencv_example
byte-compiling /home/mtrn/4231/liam_stuff/4231project/install/opencv_example/lib/python3.10/site-packages/opencv_example/__init__.py to __init__.cpython-310.pyc
byte-compiling /home/mtrn/4231/liam_stuff/4231project/install/opencv_example/lib/python3.10/site-packages/opencv_example/aruco_marker_detect.py to aruco_marker_detect.cpython-310.pyc
running install_data
creating /home/mtrn/4231/liam_stuff/4231project/install/opencv_example/share/ament_index
creating /home/mtrn/4231/liam_stuff/4231project/install/opencv_example/share/ament_index/resource_index
creating /home/mtrn/4231/liam_stuff/4231project/install/opencv_example/share/ament_index/resource_index/packages
copying resource/opencv_example -> /home/mtrn/4231/liam_stuff/4231project/install/opencv_example/share/ament_index/resource_index/packages
copying package.xml -> /home/mtrn/4231/liam_stuff/4231project/install/opencv_example/share/opencv_example
running install_egg_info
Copying ../../build/opencv_example/opencv_example.egg-info to /home/mtrn/4231/liam_stuff/4231project/install/opencv_example/lib/python3.10/site-packages/opencv_example-0.0.0-py3.10.egg-info
running install_scripts
Installing aruco_marker_detect script to /home/mtrn/4231/liam_stuff/4231project/install/opencv_example/lib/opencv_example
writing list of installed files to '/home/mtrn/4231/liam_stuff/4231project/build/opencv_example/install.log'
