[1.954s] Invoking command in '/home/mtrn/4231/project_workspace/src/my_package': PYTHONPATH=/home/mtrn/4231/project_workspace/build/my_package/prefix_override:/home/mtrn/4231/project_workspace/install/my_package/lib/python3.10/site-packages:${PYTHONPATH} /usr/bin/python3 setup.py egg_info --egg-base ../../build/my_package build --build-base /home/mtrn/4231/project_workspace/build/my_package/build install --record /home/mtrn/4231/project_workspace/build/my_package/install.log --single-version-externally-managed
[2.701s] running egg_info
[2.706s] writing ../../build/my_package/my_package.egg-info/PKG-INFO
[2.707s] writing dependency_links to ../../build/my_package/my_package.egg-info/dependency_links.txt
[2.707s] writing entry points to ../../build/my_package/my_package.egg-info/entry_points.txt
[2.708s] writing requirements to ../../build/my_package/my_package.egg-info/requires.txt
[2.709s] writing top-level names to ../../build/my_package/my_package.egg-info/top_level.txt
[2.713s] reading manifest file '../../build/my_package/my_package.egg-info/SOURCES.txt'
[2.714s] writing manifest file '../../build/my_package/my_package.egg-info/SOURCES.txt'
[2.716s] running build
[2.716s] running build_py
[2.716s] /usr/lib/python3/dist-packages/setuptools/command/install.py:34: SetuptoolsDeprecationWarning: setup.py install is deprecated. Use build and pip and other standards-based tools.
[2.717s]   warnings.warn(
[2.717s] running install
[2.718s] running install_lib
[2.719s] running install_data
[2.721s] running install_egg_info
[2.724s] removing '/home/mtrn/4231/project_workspace/install/my_package/lib/python3.10/site-packages/my_package-0.0.0-py3.10.egg-info' (and everything under it)
[2.725s] Copying ../../build/my_package/my_package.egg-info to /home/mtrn/4231/project_workspace/install/my_package/lib/python3.10/site-packages/my_package-0.0.0-py3.10.egg-info
[2.727s] running install_scripts
[2.785s] Installing my_node script to /home/mtrn/4231/project_workspace/install/my_package/lib/my_package
[2.786s] writing list of installed files to '/home/mtrn/4231/project_workspace/build/my_package/install.log'
[2.864s] Invoked command in '/home/mtrn/4231/project_workspace/src/my_package' returned '0': PYTHONPATH=/home/mtrn/4231/project_workspace/build/my_package/prefix_override:/home/mtrn/4231/project_workspace/install/my_package/lib/python3.10/site-packages:${PYTHONPATH} /usr/bin/python3 setup.py egg_info --egg-base ../../build/my_package build --build-base /home/mtrn/4231/project_workspace/build/my_package/build install --record /home/mtrn/4231/project_workspace/build/my_package/install.log --single-version-externally-managed
