[0.134s] Invoking command in '/home/mtrn/4231/liam_stuff/4231project/build/ros2_aruco_interfaces': CMAKE_PREFIX_PATH=${CMAKE_PREFIX_PATH}:/home/mtrn/4231/ws_moveit2/install/moveit_configs_utils:/home/mtrn/4231/ws_moveit2/install/launch_param_builder:/opt/ros/humble /home/mtrn/.local/bin/cmake --build /home/mtrn/4231/liam_stuff/4231project/build/ros2_aruco_interfaces -- -j12 -l12
[1.152s] -- Found ament_cmake: 1.3.5 (/opt/ros/humble/share/ament_cmake/cmake)
[1.159s] -- Found geometry_msgs: 4.2.3 (/opt/ros/humble/share/geometry_msgs/cmake)
[1.159s] -- Found rosidl_generator_c: 3.1.5 (/opt/ros/humble/share/rosidl_generator_c/cmake)
[1.159s] -- Found rosidl_adapter: 3.1.5 (/opt/ros/humble/share/rosidl_adapter/cmake)
[1.159s] -- Found rosidl_generator_cpp: 3.1.5 (/opt/ros/humble/share/rosidl_generator_cpp/cmake)
[1.159s] -- Using all available rosidl_typesupport_c: rosidl_typesupport_fastrtps_c;rosidl_typesupport_introspection_c
[1.159s] -- Using all available rosidl_typesupport_cpp: rosidl_typesupport_fastrtps_cpp;rosidl_typesupport_introspection_cpp
[1.160s] -- Found rosidl_default_generators: 1.2.0 (/opt/ros/humble/share/rosidl_default_generators/cmake)
[1.162s] [0mCMake Error: The current CMakeCache.txt directory /home/mtrn/4231/liam_stuff/4231project/build/ros2_aruco_interfaces/CMakeCache.txt is different than the directory /home/mtrn/4231/liam_stuff/project_git/4231project/build/ros2_aruco_interfaces where CMakeCache.txt was created. This may result in binaries being created in the wrong place. If you are not sure, reedit the CMakeCache.txt[0m
[1.574s] -- Found ament_cmake_ros: 0.10.0 (/opt/ros/humble/share/ament_cmake_ros/cmake)
[2.865s] -- Using all available rosidl_typesupport_c: rosidl_typesupport_fastrtps_c;rosidl_typesupport_introspection_c
[3.367s] -- Using all available rosidl_typesupport_cpp: rosidl_typesupport_fastrtps_cpp;rosidl_typesupport_introspection_cpp
[3.370s] [33mCMake Warning (dev) at /opt/ros/humble/share/rosidl_generator_py/cmake/rosidl_generator_py_generate_interfaces.cmake:20 (find_package):
[3.370s]   Policy CMP0148 is not set: The FindPythonInterp and FindPythonLibs modules
[3.370s]   are removed.  Run "cmake --help-policy CMP0148" for policy details.  Use
[3.370s]   the cmake_policy command to set the policy and suppress this warning.
[3.370s] 
[3.370s] Call Stack (most recent call first):
[3.370s]   /opt/ros/humble/share/ament_cmake_core/cmake/core/ament_execute_extensions.cmake:48 (include)
[3.370s]   /opt/ros/humble/share/rosidl_cmake/cmake/rosidl_generate_interfaces.cmake:286 (ament_execute_extensions)
[3.370s]   CMakeLists.txt:28 (rosidl_generate_interfaces)
[3.370s] This warning is for project developers.  Use -Wno-dev to suppress it.
[3.370s] [0m
[3.401s] -- Found python_cmake_module: 0.10.0 (/opt/ros/humble/share/python_cmake_module/cmake)
[3.402s] [33mCMake Warning (dev) at /opt/ros/humble/share/python_cmake_module/cmake/Modules/FindPythonExtra.cmake:52 (find_package):
[3.402s]   Policy CMP0148 is not set: The FindPythonInterp and FindPythonLibs modules
[3.402s]   are removed.  Run "cmake --help-policy CMP0148" for policy details.  Use
[3.402s]   the cmake_policy command to set the policy and suppress this warning.
[3.403s] 
[3.403s] Call Stack (most recent call first):
[3.403s]   /opt/ros/humble/share/rosidl_generator_py/cmake/rosidl_generator_py_generate_interfaces.cmake:23 (find_package)
[3.403s]   /opt/ros/humble/share/ament_cmake_core/cmake/core/ament_execute_extensions.cmake:48 (include)
[3.403s]   /opt/ros/humble/share/rosidl_cmake/cmake/rosidl_generate_interfaces.cmake:286 (ament_execute_extensions)
[3.403s]   CMakeLists.txt:28 (rosidl_generate_interfaces)
[3.403s] This warning is for project developers.  Use -Wno-dev to suppress it.
[3.403s] [0m
[3.432s] [33mCMake Warning (dev) at /opt/ros/humble/share/python_cmake_module/cmake/Modules/FindPythonExtra.cmake:140 (find_package):
[3.432s]   Policy CMP0148 is not set: The FindPythonInterp and FindPythonLibs modules
[3.433s]   are removed.  Run "cmake --help-policy CMP0148" for policy details.  Use
[3.433s]   the cmake_policy command to set the policy and suppress this warning.
[3.433s] 
[3.433s] Call Stack (most recent call first):
[3.433s]   /opt/ros/humble/share/rosidl_generator_py/cmake/rosidl_generator_py_generate_interfaces.cmake:23 (find_package)
[3.433s]   /opt/ros/humble/share/ament_cmake_core/cmake/core/ament_execute_extensions.cmake:48 (include)
[3.433s]   /opt/ros/humble/share/rosidl_cmake/cmake/rosidl_generate_interfaces.cmake:286 (ament_execute_extensions)
[3.433s]   CMakeLists.txt:28 (rosidl_generate_interfaces)
[3.433s] This warning is for project developers.  Use -Wno-dev to suppress it.
[3.433s] [0m
[3.434s] -- Using PYTHON_EXECUTABLE: /usr/bin/python3
[3.434s] -- Using PYTHON_INCLUDE_DIRS: /usr/include/python3.10
[3.434s] -- Using PYTHON_LIBRARIES: /usr/lib/x86_64-linux-gnu/libpython3.10.so
[3.545s] -- Found ament_lint_auto: 0.12.7 (/opt/ros/humble/share/ament_lint_auto/cmake)
[3.557s] -- Added test 'copyright' to check source files copyright and LICENSE
[3.559s] -- Added test 'lint_cmake' to check CMake code style
[3.560s] -- Added test 'xmllint' to check XML markup files
[3.563s] -- Configuring done (3.4s)
[3.608s] -- Generating done (0.0s)
[3.611s] -- Build files have been written to: /home/mtrn/4231/liam_stuff/project_git/4231project/build/ros2_aruco_interfaces
[3.680s] [  3%] Built target ros2_aruco_interfaces__cpp
[3.688s] [ 12%] Built target ros2_aruco_interfaces__rosidl_generator_c
[3.693s] [ 12%] Built target ament_cmake_python_copy_ros2_aruco_interfaces
[3.719s] [ 22%] Built target ros2_aruco_interfaces__rosidl_typesupport_fastrtps_cpp
[3.721s] [ 32%] Built target ros2_aruco_interfaces__rosidl_typesupport_introspection_cpp
[3.722s] [ 41%] Built target ros2_aruco_interfaces__rosidl_typesupport_fastrtps_c
[3.722s] [ 51%] Built target ros2_aruco_interfaces__rosidl_typesupport_c
[3.726s] [ 61%] Built target ros2_aruco_interfaces__rosidl_typesupport_cpp
[3.727s] [ 70%] Built target ros2_aruco_interfaces__rosidl_typesupport_introspection_c
[3.755s] [ 70%] Built target ros2_aruco_interfaces
[3.801s] [ 74%] Built target ros2_aruco_interfaces__py
[3.863s] [ 80%] Built target ros2_aruco_interfaces__rosidl_generator_py
[3.901s] [ 87%] Built target ros2_aruco_interfaces__rosidl_typesupport_c__pyext
[3.903s] [ 93%] Built target ros2_aruco_interfaces__rosidl_typesupport_introspection_c__pyext
[3.903s] [100%] Built target ros2_aruco_interfaces__rosidl_typesupport_fastrtps_c__pyext
[3.998s] running egg_info
[3.998s] writing ros2_aruco_interfaces.egg-info/PKG-INFO
[3.998s] writing dependency_links to ros2_aruco_interfaces.egg-info/dependency_links.txt
[3.999s] writing top-level names to ros2_aruco_interfaces.egg-info/top_level.txt
[4.001s] reading manifest file 'ros2_aruco_interfaces.egg-info/SOURCES.txt'
[4.001s] writing manifest file 'ros2_aruco_interfaces.egg-info/SOURCES.txt'
[4.044s] [100%] Built target ament_cmake_python_build_ros2_aruco_interfaces_egg
[4.071s] Invoked command in '/home/mtrn/4231/liam_stuff/4231project/build/ros2_aruco_interfaces' returned '0': CMAKE_PREFIX_PATH=${CMAKE_PREFIX_PATH}:/home/mtrn/4231/ws_moveit2/install/moveit_configs_utils:/home/mtrn/4231/ws_moveit2/install/launch_param_builder:/opt/ros/humble /home/mtrn/.local/bin/cmake --build /home/mtrn/4231/liam_stuff/4231project/build/ros2_aruco_interfaces -- -j12 -l12
[4.526s] Invoking command in '/home/mtrn/4231/liam_stuff/4231project/build/ros2_aruco_interfaces': CMAKE_PREFIX_PATH=${CMAKE_PREFIX_PATH}:/home/mtrn/4231/ws_moveit2/install/moveit_configs_utils:/home/mtrn/4231/ws_moveit2/install/launch_param_builder:/opt/ros/humble /home/mtrn/.local/bin/cmake --install /home/mtrn/4231/liam_stuff/4231project/build/ros2_aruco_interfaces
[4.568s] -- Install configuration: ""
[4.568s] -- Up-to-date: /home/mtrn/4231/liam_stuff/project_git/4231project/install/ros2_aruco_interfaces/share/ament_index/resource_index/rosidl_interfaces/ros2_aruco_interfaces
[4.568s] -- Up-to-date: /home/mtrn/4231/liam_stuff/project_git/4231project/install/ros2_aruco_interfaces/include/ros2_aruco_interfaces/ros2_aruco_interfaces
[4.568s] -- Up-to-date: /home/mtrn/4231/liam_stuff/project_git/4231project/install/ros2_aruco_interfaces/include/ros2_aruco_interfaces/ros2_aruco_interfaces/msg
[4.569s] -- Up-to-date: /home/mtrn/4231/liam_stuff/project_git/4231project/install/ros2_aruco_interfaces/include/ros2_aruco_interfaces/ros2_aruco_interfaces/msg/rosidl_generator_c__visibility_control.h
[4.569s] -- Up-to-date: /home/mtrn/4231/liam_stuff/project_git/4231project/install/ros2_aruco_interfaces/include/ros2_aruco_interfaces/ros2_aruco_interfaces/msg/aruco_markers.h
[4.569s] -- Up-to-date: /home/mtrn/4231/liam_stuff/project_git/4231project/install/ros2_aruco_interfaces/include/ros2_aruco_interfaces/ros2_aruco_interfaces/msg/detail
[4.569s] -- Up-to-date: /home/mtrn/4231/liam_stuff/project_git/4231project/install/ros2_aruco_interfaces/include/ros2_aruco_interfaces/ros2_aruco_interfaces/msg/detail/aruco_markers__functions.c
[4.569s] -- Up-to-date: /home/mtrn/4231/liam_stuff/project_git/4231project/install/ros2_aruco_interfaces/include/ros2_aruco_interfaces/ros2_aruco_interfaces/msg/detail/aruco_markers__struct.h
[4.570s] -- Up-to-date: /home/mtrn/4231/liam_stuff/project_git/4231project/install/ros2_aruco_interfaces/include/ros2_aruco_interfaces/ros2_aruco_interfaces/msg/detail/aruco_markers__type_support.h
[4.570s] -- Up-to-date: /home/mtrn/4231/liam_stuff/project_git/4231project/install/ros2_aruco_interfaces/include/ros2_aruco_interfaces/ros2_aruco_interfaces/msg/detail/aruco_markers__functions.h
[4.570s] -- Up-to-date: /home/mtrn/4231/liam_stuff/project_git/4231project/install/ros2_aruco_interfaces/share/ros2_aruco_interfaces/environment/library_path.sh
[4.570s] -- Installing: /home/mtrn/4231/liam_stuff/project_git/4231project/install/ros2_aruco_interfaces/share/ros2_aruco_interfaces/environment/library_path.dsv
[4.570s] -- Up-to-date: /home/mtrn/4231/liam_stuff/project_git/4231project/install/ros2_aruco_interfaces/lib/libros2_aruco_interfaces__rosidl_generator_c.so
[4.570s] -- Up-to-date: /home/mtrn/4231/liam_stuff/project_git/4231project/install/ros2_aruco_interfaces/include/ros2_aruco_interfaces/ros2_aruco_interfaces
[4.570s] -- Up-to-date: /home/mtrn/4231/liam_stuff/project_git/4231project/install/ros2_aruco_interfaces/include/ros2_aruco_interfaces/ros2_aruco_interfaces/msg
[4.570s] -- Up-to-date: /home/mtrn/4231/liam_stuff/project_git/4231project/install/ros2_aruco_interfaces/include/ros2_aruco_interfaces/ros2_aruco_interfaces/msg/rosidl_typesupport_fastrtps_c__visibility_control.h
[4.571s] -- Up-to-date: /home/mtrn/4231/liam_stuff/project_git/4231project/install/ros2_aruco_interfaces/include/ros2_aruco_interfaces/ros2_aruco_interfaces/msg/detail
[4.571s] -- Up-to-date: /home/mtrn/4231/liam_stuff/project_git/4231project/install/ros2_aruco_interfaces/include/ros2_aruco_interfaces/ros2_aruco_interfaces/msg/detail/aruco_markers__rosidl_typesupport_fastrtps_c.h
[4.571s] -- Up-to-date: /home/mtrn/4231/liam_stuff/project_git/4231project/install/ros2_aruco_interfaces/lib/libros2_aruco_interfaces__rosidl_typesupport_fastrtps_c.so
[4.571s] -- Up-to-date: /home/mtrn/4231/liam_stuff/project_git/4231project/install/ros2_aruco_interfaces/include/ros2_aruco_interfaces/ros2_aruco_interfaces
[4.571s] -- Up-to-date: /home/mtrn/4231/liam_stuff/project_git/4231project/install/ros2_aruco_interfaces/include/ros2_aruco_interfaces/ros2_aruco_interfaces/msg
[4.571s] -- Up-to-date: /home/mtrn/4231/liam_stuff/project_git/4231project/install/ros2_aruco_interfaces/include/ros2_aruco_interfaces/ros2_aruco_interfaces/msg/aruco_markers.hpp
[4.571s] -- Up-to-date: /home/mtrn/4231/liam_stuff/project_git/4231project/install/ros2_aruco_interfaces/include/ros2_aruco_interfaces/ros2_aruco_interfaces/msg/detail
[4.572s] -- Up-to-date: /home/mtrn/4231/liam_stuff/project_git/4231project/install/ros2_aruco_interfaces/include/ros2_aruco_interfaces/ros2_aruco_interfaces/msg/detail/aruco_markers__traits.hpp
[4.572s] -- Up-to-date: /home/mtrn/4231/liam_stuff/project_git/4231project/install/ros2_aruco_interfaces/include/ros2_aruco_interfaces/ros2_aruco_interfaces/msg/detail/aruco_markers__struct.hpp
[4.572s] -- Up-to-date: /home/mtrn/4231/liam_stuff/project_git/4231project/install/ros2_aruco_interfaces/include/ros2_aruco_interfaces/ros2_aruco_interfaces/msg/detail/aruco_markers__builder.hpp
[4.572s] -- Up-to-date: /home/mtrn/4231/liam_stuff/project_git/4231project/install/ros2_aruco_interfaces/include/ros2_aruco_interfaces/ros2_aruco_interfaces
[4.572s] -- Up-to-date: /home/mtrn/4231/liam_stuff/project_git/4231project/install/ros2_aruco_interfaces/include/ros2_aruco_interfaces/ros2_aruco_interfaces/msg
[4.572s] -- Up-to-date: /home/mtrn/4231/liam_stuff/project_git/4231project/install/ros2_aruco_interfaces/include/ros2_aruco_interfaces/ros2_aruco_interfaces/msg/rosidl_typesupport_fastrtps_cpp__visibility_control.h
[4.572s] -- Up-to-date: /home/mtrn/4231/liam_stuff/project_git/4231project/install/ros2_aruco_interfaces/include/ros2_aruco_interfaces/ros2_aruco_interfaces/msg/detail
[4.573s] -- Up-to-date: /home/mtrn/4231/liam_stuff/project_git/4231project/install/ros2_aruco_interfaces/include/ros2_aruco_interfaces/ros2_aruco_interfaces/msg/detail/dds_fastrtps
[4.573s] -- Up-to-date: /home/mtrn/4231/liam_stuff/project_git/4231project/install/ros2_aruco_interfaces/include/ros2_aruco_interfaces/ros2_aruco_interfaces/msg/detail/aruco_markers__rosidl_typesupport_fastrtps_cpp.hpp
[4.573s] -- Up-to-date: /home/mtrn/4231/liam_stuff/project_git/4231project/install/ros2_aruco_interfaces/lib/libros2_aruco_interfaces__rosidl_typesupport_fastrtps_cpp.so
[4.573s] -- Up-to-date: /home/mtrn/4231/liam_stuff/project_git/4231project/install/ros2_aruco_interfaces/include/ros2_aruco_interfaces/ros2_aruco_interfaces
[4.573s] -- Up-to-date: /home/mtrn/4231/liam_stuff/project_git/4231project/install/ros2_aruco_interfaces/include/ros2_aruco_interfaces/ros2_aruco_interfaces/msg
[4.573s] -- Up-to-date: /home/mtrn/4231/liam_stuff/project_git/4231project/install/ros2_aruco_interfaces/include/ros2_aruco_interfaces/ros2_aruco_interfaces/msg/rosidl_typesupport_introspection_c__visibility_control.h
[4.573s] -- Up-to-date: /home/mtrn/4231/liam_stuff/project_git/4231project/install/ros2_aruco_interfaces/include/ros2_aruco_interfaces/ros2_aruco_interfaces/msg/detail
[4.573s] -- Up-to-date: /home/mtrn/4231/liam_stuff/project_git/4231project/install/ros2_aruco_interfaces/include/ros2_aruco_interfaces/ros2_aruco_interfaces/msg/detail/aruco_markers__rosidl_typesupport_introspection_c.h
[4.574s] -- Up-to-date: /home/mtrn/4231/liam_stuff/project_git/4231project/install/ros2_aruco_interfaces/include/ros2_aruco_interfaces/ros2_aruco_interfaces/msg/detail/aruco_markers__type_support.c
[4.574s] -- Up-to-date: /home/mtrn/4231/liam_stuff/project_git/4231project/install/ros2_aruco_interfaces/lib/libros2_aruco_interfaces__rosidl_typesupport_introspection_c.so
[4.574s] -- Up-to-date: /home/mtrn/4231/liam_stuff/project_git/4231project/install/ros2_aruco_interfaces/lib/libros2_aruco_interfaces__rosidl_typesupport_c.so
[4.574s] -- Up-to-date: /home/mtrn/4231/liam_stuff/project_git/4231project/install/ros2_aruco_interfaces/include/ros2_aruco_interfaces/ros2_aruco_interfaces
[4.574s] -- Up-to-date: /home/mtrn/4231/liam_stuff/project_git/4231project/install/ros2_aruco_interfaces/include/ros2_aruco_interfaces/ros2_aruco_interfaces/msg
[4.574s] -- Up-to-date: /home/mtrn/4231/liam_stuff/project_git/4231project/install/ros2_aruco_interfaces/include/ros2_aruco_interfaces/ros2_aruco_interfaces/msg/detail
[4.574s] -- Up-to-date: /home/mtrn/4231/liam_stuff/project_git/4231project/install/ros2_aruco_interfaces/include/ros2_aruco_interfaces/ros2_aruco_interfaces/msg/detail/aruco_markers__type_support.cpp
[4.574s] -- Up-to-date: /home/mtrn/4231/liam_stuff/project_git/4231project/install/ros2_aruco_interfaces/include/ros2_aruco_interfaces/ros2_aruco_interfaces/msg/detail/aruco_markers__rosidl_typesupport_introspection_cpp.hpp
[4.574s] -- Up-to-date: /home/mtrn/4231/liam_stuff/project_git/4231project/install/ros2_aruco_interfaces/lib/libros2_aruco_interfaces__rosidl_typesupport_introspection_cpp.so
[4.575s] -- Up-to-date: /home/mtrn/4231/liam_stuff/project_git/4231project/install/ros2_aruco_interfaces/lib/libros2_aruco_interfaces__rosidl_typesupport_cpp.so
[4.575s] -- Up-to-date: /home/mtrn/4231/liam_stuff/project_git/4231project/install/ros2_aruco_interfaces/share/ros2_aruco_interfaces/environment/pythonpath.sh
[4.575s] -- Installing: /home/mtrn/4231/liam_stuff/project_git/4231project/install/ros2_aruco_interfaces/share/ros2_aruco_interfaces/environment/pythonpath.dsv
[4.575s] -- Up-to-date: /home/mtrn/4231/liam_stuff/project_git/4231project/install/ros2_aruco_interfaces/local/lib/python3.10/dist-packages/ros2_aruco_interfaces-0.1.0-py3.10.egg-info
[4.575s] -- Installing: /home/mtrn/4231/liam_stuff/project_git/4231project/install/ros2_aruco_interfaces/local/lib/python3.10/dist-packages/ros2_aruco_interfaces-0.1.0-py3.10.egg-info/SOURCES.txt
[4.575s] -- Installing: /home/mtrn/4231/liam_stuff/project_git/4231project/install/ros2_aruco_interfaces/local/lib/python3.10/dist-packages/ros2_aruco_interfaces-0.1.0-py3.10.egg-info/dependency_links.txt
[4.575s] -- Installing: /home/mtrn/4231/liam_stuff/project_git/4231project/install/ros2_aruco_interfaces/local/lib/python3.10/dist-packages/ros2_aruco_interfaces-0.1.0-py3.10.egg-info/PKG-INFO
[4.575s] -- Installing: /home/mtrn/4231/liam_stuff/project_git/4231project/install/ros2_aruco_interfaces/local/lib/python3.10/dist-packages/ros2_aruco_interfaces-0.1.0-py3.10.egg-info/top_level.txt
[4.575s] -- Up-to-date: /home/mtrn/4231/liam_stuff/project_git/4231project/install/ros2_aruco_interfaces/local/lib/python3.10/dist-packages/ros2_aruco_interfaces
[4.576s] -- Up-to-date: /home/mtrn/4231/liam_stuff/project_git/4231project/install/ros2_aruco_interfaces/local/lib/python3.10/dist-packages/ros2_aruco_interfaces/ros2_aruco_interfaces_s__rosidl_typesupport_introspection_c.cpython-310-x86_64-linux-gnu.so
[4.576s] -- Up-to-date: /home/mtrn/4231/liam_stuff/project_git/4231project/install/ros2_aruco_interfaces/local/lib/python3.10/dist-packages/ros2_aruco_interfaces/_ros2_aruco_interfaces_s.ep.rosidl_typesupport_introspection_c.c
[4.576s] -- Up-to-date: /home/mtrn/4231/liam_stuff/project_git/4231project/install/ros2_aruco_interfaces/local/lib/python3.10/dist-packages/ros2_aruco_interfaces/_ros2_aruco_interfaces_s.ep.rosidl_typesupport_fastrtps_c.c
[4.576s] -- Installing: /home/mtrn/4231/liam_stuff/project_git/4231project/install/ros2_aruco_interfaces/local/lib/python3.10/dist-packages/ros2_aruco_interfaces/__init__.py
[4.576s] -- Up-to-date: /home/mtrn/4231/liam_stuff/project_git/4231project/install/ros2_aruco_interfaces/local/lib/python3.10/dist-packages/ros2_aruco_interfaces/ros2_aruco_interfaces_s__rosidl_typesupport_fastrtps_c.cpython-310-x86_64-linux-gnu.so
[4.576s] -- Up-to-date: /home/mtrn/4231/liam_stuff/project_git/4231project/install/ros2_aruco_interfaces/local/lib/python3.10/dist-packages/ros2_aruco_interfaces/msg
[4.576s] -- Up-to-date: /home/mtrn/4231/liam_stuff/project_git/4231project/install/ros2_aruco_interfaces/local/lib/python3.10/dist-packages/ros2_aruco_interfaces/msg/__init__.py
[4.576s] -- Up-to-date: /home/mtrn/4231/liam_stuff/project_git/4231project/install/ros2_aruco_interfaces/local/lib/python3.10/dist-packages/ros2_aruco_interfaces/msg/_aruco_markers_s.c
[4.576s] -- Up-to-date: /home/mtrn/4231/liam_stuff/project_git/4231project/install/ros2_aruco_interfaces/local/lib/python3.10/dist-packages/ros2_aruco_interfaces/msg/_aruco_markers.py
[4.577s] -- Up-to-date: /home/mtrn/4231/liam_stuff/project_git/4231project/install/ros2_aruco_interfaces/local/lib/python3.10/dist-packages/ros2_aruco_interfaces/_ros2_aruco_interfaces_s.ep.rosidl_typesupport_c.c
[4.577s] -- Up-to-date: /home/mtrn/4231/liam_stuff/project_git/4231project/install/ros2_aruco_interfaces/local/lib/python3.10/dist-packages/ros2_aruco_interfaces/ros2_aruco_interfaces_s__rosidl_typesupport_c.cpython-310-x86_64-linux-gnu.so
[4.577s] -- Up-to-date: /home/mtrn/4231/liam_stuff/project_git/4231project/install/ros2_aruco_interfaces/local/lib/python3.10/dist-packages/ros2_aruco_interfaces/libros2_aruco_interfaces__rosidl_generator_py.so
[4.621s] Listing '/home/mtrn/4231/liam_stuff/project_git/4231project/install/ros2_aruco_interfaces/local/lib/python3.10/dist-packages/ros2_aruco_interfaces'...
[4.622s] Compiling '/home/mtrn/4231/liam_stuff/project_git/4231project/install/ros2_aruco_interfaces/local/lib/python3.10/dist-packages/ros2_aruco_interfaces/__init__.py'...
[4.622s] Listing '/home/mtrn/4231/liam_stuff/project_git/4231project/install/ros2_aruco_interfaces/local/lib/python3.10/dist-packages/ros2_aruco_interfaces/msg'...
[4.626s] -- Up-to-date: /home/mtrn/4231/liam_stuff/project_git/4231project/install/ros2_aruco_interfaces/local/lib/python3.10/dist-packages/ros2_aruco_interfaces/ros2_aruco_interfaces_s__rosidl_typesupport_fastrtps_c.cpython-310-x86_64-linux-gnu.so
[4.626s] -- Up-to-date: /home/mtrn/4231/liam_stuff/project_git/4231project/install/ros2_aruco_interfaces/local/lib/python3.10/dist-packages/ros2_aruco_interfaces/ros2_aruco_interfaces_s__rosidl_typesupport_introspection_c.cpython-310-x86_64-linux-gnu.so
[4.626s] -- Up-to-date: /home/mtrn/4231/liam_stuff/project_git/4231project/install/ros2_aruco_interfaces/local/lib/python3.10/dist-packages/ros2_aruco_interfaces/ros2_aruco_interfaces_s__rosidl_typesupport_c.cpython-310-x86_64-linux-gnu.so
[4.627s] -- Up-to-date: /home/mtrn/4231/liam_stuff/project_git/4231project/install/ros2_aruco_interfaces/lib/libros2_aruco_interfaces__rosidl_generator_py.so
[4.627s] -- Up-to-date: /home/mtrn/4231/liam_stuff/project_git/4231project/install/ros2_aruco_interfaces/share/ros2_aruco_interfaces/msg/ArucoMarkers.idl
[4.627s] -- Up-to-date: /home/mtrn/4231/liam_stuff/project_git/4231project/install/ros2_aruco_interfaces/share/ros2_aruco_interfaces/msg/ArucoMarkers.msg
[4.627s] -- Up-to-date: /home/mtrn/4231/liam_stuff/project_git/4231project/install/ros2_aruco_interfaces/share/ament_index/resource_index/package_run_dependencies/ros2_aruco_interfaces
[4.627s] -- Up-to-date: /home/mtrn/4231/liam_stuff/project_git/4231project/install/ros2_aruco_interfaces/share/ament_index/resource_index/parent_prefix_path/ros2_aruco_interfaces
[4.627s] -- Up-to-date: /home/mtrn/4231/liam_stuff/project_git/4231project/install/ros2_aruco_interfaces/share/ros2_aruco_interfaces/environment/ament_prefix_path.sh
[4.627s] -- Installing: /home/mtrn/4231/liam_stuff/project_git/4231project/install/ros2_aruco_interfaces/share/ros2_aruco_interfaces/environment/ament_prefix_path.dsv
[4.627s] -- Up-to-date: /home/mtrn/4231/liam_stuff/project_git/4231project/install/ros2_aruco_interfaces/share/ros2_aruco_interfaces/environment/path.sh
[4.628s] -- Installing: /home/mtrn/4231/liam_stuff/project_git/4231project/install/ros2_aruco_interfaces/share/ros2_aruco_interfaces/environment/path.dsv
[4.628s] -- Up-to-date: /home/mtrn/4231/liam_stuff/project_git/4231project/install/ros2_aruco_interfaces/share/ros2_aruco_interfaces/local_setup.bash
[4.628s] -- Up-to-date: /home/mtrn/4231/liam_stuff/project_git/4231project/install/ros2_aruco_interfaces/share/ros2_aruco_interfaces/local_setup.sh
[4.628s] -- Up-to-date: /home/mtrn/4231/liam_stuff/project_git/4231project/install/ros2_aruco_interfaces/share/ros2_aruco_interfaces/local_setup.zsh
[4.628s] -- Installing: /home/mtrn/4231/liam_stuff/project_git/4231project/install/ros2_aruco_interfaces/share/ros2_aruco_interfaces/local_setup.dsv
[4.628s] -- Installing: /home/mtrn/4231/liam_stuff/project_git/4231project/install/ros2_aruco_interfaces/share/ros2_aruco_interfaces/package.dsv
[4.628s] -- Up-to-date: /home/mtrn/4231/liam_stuff/project_git/4231project/install/ros2_aruco_interfaces/share/ament_index/resource_index/packages/ros2_aruco_interfaces
[4.628s] -- Up-to-date: /home/mtrn/4231/liam_stuff/project_git/4231project/install/ros2_aruco_interfaces/share/ros2_aruco_interfaces/cmake/export_ros2_aruco_interfaces__rosidl_generator_cExport.cmake
[4.628s] -- Up-to-date: /home/mtrn/4231/liam_stuff/project_git/4231project/install/ros2_aruco_interfaces/share/ros2_aruco_interfaces/cmake/export_ros2_aruco_interfaces__rosidl_generator_cExport-noconfig.cmake
[4.629s] -- Up-to-date: /home/mtrn/4231/liam_stuff/project_git/4231project/install/ros2_aruco_interfaces/share/ros2_aruco_interfaces/cmake/export_ros2_aruco_interfaces__rosidl_typesupport_fastrtps_cExport.cmake
[4.629s] -- Up-to-date: /home/mtrn/4231/liam_stuff/project_git/4231project/install/ros2_aruco_interfaces/share/ros2_aruco_interfaces/cmake/export_ros2_aruco_interfaces__rosidl_typesupport_fastrtps_cExport-noconfig.cmake
[4.629s] -- Up-to-date: /home/mtrn/4231/liam_stuff/project_git/4231project/install/ros2_aruco_interfaces/share/ros2_aruco_interfaces/cmake/export_ros2_aruco_interfaces__rosidl_generator_cppExport.cmake
[4.629s] -- Up-to-date: /home/mtrn/4231/liam_stuff/project_git/4231project/install/ros2_aruco_interfaces/share/ros2_aruco_interfaces/cmake/export_ros2_aruco_interfaces__rosidl_typesupport_fastrtps_cppExport.cmake
[4.629s] -- Up-to-date: /home/mtrn/4231/liam_stuff/project_git/4231project/install/ros2_aruco_interfaces/share/ros2_aruco_interfaces/cmake/export_ros2_aruco_interfaces__rosidl_typesupport_fastrtps_cppExport-noconfig.cmake
[4.629s] -- Up-to-date: /home/mtrn/4231/liam_stuff/project_git/4231project/install/ros2_aruco_interfaces/share/ros2_aruco_interfaces/cmake/ros2_aruco_interfaces__rosidl_typesupport_introspection_cExport.cmake
[4.629s] -- Up-to-date: /home/mtrn/4231/liam_stuff/project_git/4231project/install/ros2_aruco_interfaces/share/ros2_aruco_interfaces/cmake/ros2_aruco_interfaces__rosidl_typesupport_introspection_cExport-noconfig.cmake
[4.629s] -- Up-to-date: /home/mtrn/4231/liam_stuff/project_git/4231project/install/ros2_aruco_interfaces/share/ros2_aruco_interfaces/cmake/ros2_aruco_interfaces__rosidl_typesupport_cExport.cmake
[4.629s] -- Up-to-date: /home/mtrn/4231/liam_stuff/project_git/4231project/install/ros2_aruco_interfaces/share/ros2_aruco_interfaces/cmake/ros2_aruco_interfaces__rosidl_typesupport_cExport-noconfig.cmake
[4.629s] -- Up-to-date: /home/mtrn/4231/liam_stuff/project_git/4231project/install/ros2_aruco_interfaces/share/ros2_aruco_interfaces/cmake/ros2_aruco_interfaces__rosidl_typesupport_introspection_cppExport.cmake
[4.630s] -- Up-to-date: /home/mtrn/4231/liam_stuff/project_git/4231project/install/ros2_aruco_interfaces/share/ros2_aruco_interfaces/cmake/ros2_aruco_interfaces__rosidl_typesupport_introspection_cppExport-noconfig.cmake
[4.630s] -- Up-to-date: /home/mtrn/4231/liam_stuff/project_git/4231project/install/ros2_aruco_interfaces/share/ros2_aruco_interfaces/cmake/ros2_aruco_interfaces__rosidl_typesupport_cppExport.cmake
[4.630s] -- Up-to-date: /home/mtrn/4231/liam_stuff/project_git/4231project/install/ros2_aruco_interfaces/share/ros2_aruco_interfaces/cmake/ros2_aruco_interfaces__rosidl_typesupport_cppExport-noconfig.cmake
[4.630s] -- Up-to-date: /home/mtrn/4231/liam_stuff/project_git/4231project/install/ros2_aruco_interfaces/share/ros2_aruco_interfaces/cmake/export_ros2_aruco_interfaces__rosidl_generator_pyExport.cmake
[4.630s] -- Up-to-date: /home/mtrn/4231/liam_stuff/project_git/4231project/install/ros2_aruco_interfaces/share/ros2_aruco_interfaces/cmake/export_ros2_aruco_interfaces__rosidl_generator_pyExport-noconfig.cmake
[4.630s] -- Up-to-date: /home/mtrn/4231/liam_stuff/project_git/4231project/install/ros2_aruco_interfaces/share/ros2_aruco_interfaces/cmake/rosidl_cmake-extras.cmake
[4.630s] -- Up-to-date: /home/mtrn/4231/liam_stuff/project_git/4231project/install/ros2_aruco_interfaces/share/ros2_aruco_interfaces/cmake/ament_cmake_export_dependencies-extras.cmake
[4.630s] -- Up-to-date: /home/mtrn/4231/liam_stuff/project_git/4231project/install/ros2_aruco_interfaces/share/ros2_aruco_interfaces/cmake/ament_cmake_export_include_directories-extras.cmake
[4.630s] -- Up-to-date: /home/mtrn/4231/liam_stuff/project_git/4231project/install/ros2_aruco_interfaces/share/ros2_aruco_interfaces/cmake/ament_cmake_export_libraries-extras.cmake
[4.630s] -- Up-to-date: /home/mtrn/4231/liam_stuff/project_git/4231project/install/ros2_aruco_interfaces/share/ros2_aruco_interfaces/cmake/ament_cmake_export_targets-extras.cmake
[4.630s] -- Up-to-date: /home/mtrn/4231/liam_stuff/project_git/4231project/install/ros2_aruco_interfaces/share/ros2_aruco_interfaces/cmake/rosidl_cmake_export_typesupport_targets-extras.cmake
[4.630s] -- Up-to-date: /home/mtrn/4231/liam_stuff/project_git/4231project/install/ros2_aruco_interfaces/share/ros2_aruco_interfaces/cmake/rosidl_cmake_export_typesupport_libraries-extras.cmake
[4.631s] -- Up-to-date: /home/mtrn/4231/liam_stuff/project_git/4231project/install/ros2_aruco_interfaces/share/ros2_aruco_interfaces/cmake/ros2_aruco_interfacesConfig.cmake
[4.631s] -- Up-to-date: /home/mtrn/4231/liam_stuff/project_git/4231project/install/ros2_aruco_interfaces/share/ros2_aruco_interfaces/cmake/ros2_aruco_interfacesConfig-version.cmake
[4.631s] -- Up-to-date: /home/mtrn/4231/liam_stuff/project_git/4231project/install/ros2_aruco_interfaces/share/ros2_aruco_interfaces/package.xml
[4.641s] Invoked command in '/home/mtrn/4231/liam_stuff/4231project/build/ros2_aruco_interfaces' returned '0': CMAKE_PREFIX_PATH=${CMAKE_PREFIX_PATH}:/home/mtrn/4231/ws_moveit2/install/moveit_configs_utils:/home/mtrn/4231/ws_moveit2/install/launch_param_builder:/opt/ros/humble /home/mtrn/.local/bin/cmake --install /home/mtrn/4231/liam_stuff/4231project/build/ros2_aruco_interfaces
