[0.122s] Invoking command in '/home/mtrn/4231/liam_stuff/4231project/build/ros2_aruco_interfaces': CMAKE_PREFIX_PATH=${CMAKE_PREFIX_PATH}:/home/mtrn/4231/liam_stuff/4231project/install/ros2_aruco:/home/mtrn/4231/liam_stuff/4231project/install/opencv_example:/home/mtrn/4231/liam_stuff/4231project/install/openCV_example:/home/mtrn/4231/liam_stuff/4231project/install/my_package:/home/mtrn/4231/ws_moveit2/install/moveit_configs_utils:/home/mtrn/4231/ws_moveit2/install/launch_param_builder:/opt/ros/humble /home/mtrn/.local/bin/cmake --build /home/mtrn/4231/liam_stuff/4231project/build/ros2_aruco_interfaces -- -j12 -l12
[0.847s] -- Found ament_cmake: 1.3.5 (/opt/ros/humble/share/ament_cmake/cmake)
[0.848s] -- Found geometry_msgs: 4.2.3 (/opt/ros/humble/share/geometry_msgs/cmake)
[0.848s] -- Found rosidl_generator_c: 3.1.5 (/opt/ros/humble/share/rosidl_generator_c/cmake)
[0.848s] -- Found rosidl_adapter: 3.1.5 (/opt/ros/humble/share/rosidl_adapter/cmake)
[0.848s] -- Found rosidl_generator_cpp: 3.1.5 (/opt/ros/humble/share/rosidl_generator_cpp/cmake)
[0.848s] -- Using all available rosidl_typesupport_c: rosidl_typesupport_fastrtps_c;rosidl_typesupport_introspection_c
[0.849s] -- Using all available rosidl_typesupport_cpp: rosidl_typesupport_fastrtps_cpp;rosidl_typesupport_introspection_cpp
[0.849s] -- Found rosidl_default_generators: 1.2.0 (/opt/ros/humble/share/rosidl_default_generators/cmake)
[0.853s] [0mCMake Error: The current CMakeCache.txt directory /home/mtrn/4231/liam_stuff/4231project/build/ros2_aruco_interfaces/CMakeCache.txt is different than the directory /home/mtrn/4231/liam_stuff/project_git/4231project/build/ros2_aruco_interfaces where CMakeCache.txt was created. This may result in binaries being created in the wrong place. If you are not sure, reedit the CMakeCache.txt[0m
[1.794s] -- Found ament_cmake_ros: 0.10.0 (/opt/ros/humble/share/ament_cmake_ros/cmake)
[3.222s] -- Using all available rosidl_typesupport_c: rosidl_typesupport_fastrtps_c;rosidl_typesupport_introspection_c
[3.798s] -- Using all available rosidl_typesupport_cpp: rosidl_typesupport_fastrtps_cpp;rosidl_typesupport_introspection_cpp
[3.802s] [33mCMake Warning (dev) at /opt/ros/humble/share/rosidl_generator_py/cmake/rosidl_generator_py_generate_interfaces.cmake:20 (find_package):
[3.802s]   Policy CMP0148 is not set: The FindPythonInterp and FindPythonLibs modules
[3.803s]   are removed.  Run "cmake --help-policy CMP0148" for policy details.  Use
[3.803s]   the cmake_policy command to set the policy and suppress this warning.
[3.803s] 
[3.803s] Call Stack (most recent call first):
[3.803s]   /opt/ros/humble/share/ament_cmake_core/cmake/core/ament_execute_extensions.cmake:48 (include)
[3.803s]   /opt/ros/humble/share/rosidl_cmake/cmake/rosidl_generate_interfaces.cmake:286 (ament_execute_extensions)
[3.804s]   CMakeLists.txt:28 (rosidl_generate_interfaces)
[3.804s] This warning is for project developers.  Use -Wno-dev to suppress it.
[3.804s] [0m
[3.847s] -- Found python_cmake_module: 0.10.0 (/opt/ros/humble/share/python_cmake_module/cmake)
[3.848s] [33mCMake Warning (dev) at /opt/ros/humble/share/python_cmake_module/cmake/Modules/FindPythonExtra.cmake:52 (find_package):
[3.848s]   Policy CMP0148 is not set: The FindPythonInterp and FindPythonLibs modules
[3.849s]   are removed.  Run "cmake --help-policy CMP0148" for policy details.  Use
[3.849s]   the cmake_policy command to set the policy and suppress this warning.
[3.849s] 
[3.849s] Call Stack (most recent call first):
[3.849s]   /opt/ros/humble/share/rosidl_generator_py/cmake/rosidl_generator_py_generate_interfaces.cmake:23 (find_package)
[3.849s]   /opt/ros/humble/share/ament_cmake_core/cmake/core/ament_execute_extensions.cmake:48 (include)
[3.850s]   /opt/ros/humble/share/rosidl_cmake/cmake/rosidl_generate_interfaces.cmake:286 (ament_execute_extensions)
[3.850s]   CMakeLists.txt:28 (rosidl_generate_interfaces)
[3.850s] This warning is for project developers.  Use -Wno-dev to suppress it.
[3.850s] [0m
[3.895s] [33mCMake Warning (dev) at /opt/ros/humble/share/python_cmake_module/cmake/Modules/FindPythonExtra.cmake:140 (find_package):
[3.895s]   Policy CMP0148 is not set: The FindPythonInterp and FindPythonLibs modules
[3.895s]   are removed.  Run "cmake --help-policy CMP0148" for policy details.  Use
[3.895s]   the cmake_policy command to set the policy and suppress this warning.
[3.896s] 
[3.896s] Call Stack (most recent call first):
[3.896s]   /opt/ros/humble/share/rosidl_generator_py/cmake/rosidl_generator_py_generate_interfaces.cmake:23 (find_package)
[3.896s]   /opt/ros/humble/share/ament_cmake_core/cmake/core/ament_execute_extensions.cmake:48 (include)
[3.896s]   /opt/ros/humble/share/rosidl_cmake/cmake/rosidl_generate_interfaces.cmake:286 (ament_execute_extensions)
[3.896s]   CMakeLists.txt:28 (rosidl_generate_interfaces)
[3.897s] This warning is for project developers.  Use -Wno-dev to suppress it.
[3.897s] [0m
[3.901s] -- Using PYTHON_EXECUTABLE: /usr/bin/python3
[3.901s] -- Using PYTHON_INCLUDE_DIRS: /usr/include/python3.10
[3.901s] -- Using PYTHON_LIBRARIES: /usr/lib/x86_64-linux-gnu/libpython3.10.so
[4.016s] -- Found ament_lint_auto: 0.12.7 (/opt/ros/humble/share/ament_lint_auto/cmake)
[4.025s] -- Added test 'copyright' to check source files copyright and LICENSE
[4.027s] -- Added test 'lint_cmake' to check CMake code style
[4.027s] -- Added test 'xmllint' to check XML markup files
[4.029s] -- Configuring done (3.9s)
[4.065s] -- Generating done (0.0s)
[4.068s] -- Build files have been written to: /home/mtrn/4231/liam_stuff/project_git/4231project/build/ros2_aruco_interfaces
[4.161s] [  3%] Built target ros2_aruco_interfaces__cpp
[4.169s] [ 12%] Built target ros2_aruco_interfaces__rosidl_generator_c
[4.178s] [ 12%] Built target ament_cmake_python_copy_ros2_aruco_interfaces
[4.201s] [ 22%] Built target ros2_aruco_interfaces__rosidl_typesupport_introspection_cpp
[4.205s] [ 32%] Built target ros2_aruco_interfaces__rosidl_typesupport_cpp
[4.210s] [ 41%] Built target ros2_aruco_interfaces__rosidl_typesupport_introspection_c
[4.210s] [ 51%] Built target ros2_aruco_interfaces__rosidl_typesupport_fastrtps_cpp
[4.211s] [ 61%] Built target ros2_aruco_interfaces__rosidl_typesupport_fastrtps_c
[4.212s] [ 70%] Built target ros2_aruco_interfaces__rosidl_typesupport_c
[4.251s] [ 70%] Built target ros2_aruco_interfaces
[4.328s] [ 74%] Built target ros2_aruco_interfaces__py
[4.410s] [ 80%] Built target ros2_aruco_interfaces__rosidl_generator_py
[4.434s] running egg_info
[4.435s] writing ros2_aruco_interfaces.egg-info/PKG-INFO
[4.436s] writing dependency_links to ros2_aruco_interfaces.egg-info/dependency_links.txt
[4.436s] writing top-level names to ros2_aruco_interfaces.egg-info/top_level.txt
[4.437s] reading manifest file 'ros2_aruco_interfaces.egg-info/SOURCES.txt'
[4.438s] writing manifest file 'ros2_aruco_interfaces.egg-info/SOURCES.txt'
[4.473s] [ 80%] Built target ament_cmake_python_build_ros2_aruco_interfaces_egg
[4.475s] [ 87%] Built target ros2_aruco_interfaces__rosidl_typesupport_fastrtps_c__pyext
[4.476s] [ 93%] Built target ros2_aruco_interfaces__rosidl_typesupport_c__pyext
[4.478s] [100%] Built target ros2_aruco_interfaces__rosidl_typesupport_introspection_c__pyext
