[4.760s] Invoking command in '/home/mtrn/4231/project_workspace/src/my_package': PYTHONPATH=/home/mtrn/4231/project_workspace/build/my_package/prefix_override:/home/mtrn/4231/project_workspace/install/my_package/lib/python3.10/site-packages:${PYTHONPATH} /usr/bin/python3 setup.py egg_info --egg-base ../../build/my_package build --build-base /home/mtrn/4231/project_workspace/build/my_package/build install --record /home/mtrn/4231/project_workspace/build/my_package/install.log --single-version-externally-managed
[6.308s] running egg_info
[6.311s] writing ../../build/my_package/my_package.egg-info/PKG-INFO
[6.312s] writing dependency_links to ../../build/my_package/my_package.egg-info/dependency_links.txt
[6.314s] writing entry points to ../../build/my_package/my_package.egg-info/entry_points.txt
[6.315s] writing requirements to ../../build/my_package/my_package.egg-info/requires.txt
[6.316s] writing top-level names to ../../build/my_package/my_package.egg-info/top_level.txt
[6.321s] reading manifest file '../../build/my_package/my_package.egg-info/SOURCES.txt'
[6.326s] writing manifest file '../../build/my_package/my_package.egg-info/SOURCES.txt'
[6.327s] running build
[6.328s] running build_py
[6.395s] running install
[6.410s] /usr/lib/python3/dist-packages/setuptools/command/install.py:34: SetuptoolsDeprecationWarning: setup.py install is deprecated. Use build and pip and other standards-based tools.
[6.410s]   warnings.warn(
[6.410s] running install_lib
[6.418s] running install_data
[6.427s] running install_egg_info
[6.432s] removing '/home/mtrn/4231/project_workspace/install/my_package/lib/python3.10/site-packages/my_package-0.0.0-py3.10.egg-info' (and everything under it)
[6.432s] Copying ../../build/my_package/my_package.egg-info to /home/mtrn/4231/project_workspace/install/my_package/lib/python3.10/site-packages/my_package-0.0.0-py3.10.egg-info
[6.445s] running install_scripts
[6.496s] Installing my_node script to /home/mtrn/4231/project_workspace/install/my_package/lib/my_package
[6.500s] writing list of installed files to '/home/mtrn/4231/project_workspace/build/my_package/install.log'
[6.594s] Invoked command in '/home/mtrn/4231/project_workspace/src/my_package' returned '0': PYTHONPATH=/home/mtrn/4231/project_workspace/build/my_package/prefix_override:/home/mtrn/4231/project_workspace/install/my_package/lib/python3.10/site-packages:${PYTHONPATH} /usr/bin/python3 setup.py egg_info --egg-base ../../build/my_package build --build-base /home/mtrn/4231/project_workspace/build/my_package/build install --record /home/mtrn/4231/project_workspace/build/my_package/install.log --single-version-externally-managed
