running egg_info
writing ../../build/opencv_example/opencv_example.egg-info/PKG-INFO
writing dependency_links to ../../build/opencv_example/opencv_example.egg-info/dependency_links.txt
writing entry points to ../../build/opencv_example/opencv_example.egg-info/entry_points.txt
writing requirements to ../../build/opencv_example/opencv_example.egg-info/requires.txt
writing top-level names to ../../build/opencv_example/opencv_example.egg-info/top_level.txt
reading manifest file '../../build/opencv_example/opencv_example.egg-info/SOURCES.txt'
writing manifest file '../../build/opencv_example/opencv_example.egg-info/SOURCES.txt'
running build
running build_py
copying opencv_example/aruco_marker_detect.py -> /home/mtrn/4231/project_workspace/build/opencv_example/build/lib/opencv_example
running install
running install_lib
copying /home/mtrn/4231/project_workspace/build/opencv_example/build/lib/opencv_example/aruco_marker_detect.py -> /home/mtrn/4231/project_workspace/install/opencv_example/lib/python3.10/site-packages/opencv_example
byte-compiling /home/mtrn/4231/project_workspace/install/opencv_example/lib/python3.10/site-packages/opencv_example/aruco_marker_detect.py to aruco_marker_detect.cpython-310.pyc
running install_data
running install_egg_info
removing '/home/mtrn/4231/project_workspace/install/opencv_example/lib/python3.10/site-packages/opencv_example-0.0.0-py3.10.egg-info' (and everything under it)
Copying ../../build/opencv_example/opencv_example.egg-info to /home/mtrn/4231/project_workspace/install/opencv_example/lib/python3.10/site-packages/opencv_example-0.0.0-py3.10.egg-info
/usr/lib/python3/dist-packages/setuptools/command/install.py:34: SetuptoolsDeprecationWarning: setup.py install is deprecated. Use build and pip and other standards-based tools.
  warnings.warn(
running install_scripts
Installing aruco_marker_detect script to /home/mtrn/4231/project_workspace/install/opencv_example/lib/opencv_example
writing list of installed files to '/home/mtrn/4231/project_workspace/build/opencv_example/install.log'
