[2.448s] Invoking command in '/home/mtrn/4231/project_workspace/src/opencv_example': PYTHONPATH=/home/mtrn/4231/project_workspace/build/opencv_example/prefix_override:/home/mtrn/4231/project_workspace/install/opencv_example/lib/python3.10/site-packages:${PYTHONPATH} /usr/bin/python3 setup.py egg_info --egg-base ../../build/opencv_example build --build-base /home/mtrn/4231/project_workspace/build/opencv_example/build install --record /home/mtrn/4231/project_workspace/build/opencv_example/install.log --single-version-externally-managed
[3.192s] running egg_info
[3.203s] writing ../../build/opencv_example/opencv_example.egg-info/PKG-INFO
[3.209s] writing dependency_links to ../../build/opencv_example/opencv_example.egg-info/dependency_links.txt
[3.219s] writing entry points to ../../build/opencv_example/opencv_example.egg-info/entry_points.txt
[3.221s] writing requirements to ../../build/opencv_example/opencv_example.egg-info/requires.txt
[3.223s] writing top-level names to ../../build/opencv_example/opencv_example.egg-info/top_level.txt
[3.230s] reading manifest file '../../build/opencv_example/opencv_example.egg-info/SOURCES.txt'
[3.256s] writing manifest file '../../build/opencv_example/opencv_example.egg-info/SOURCES.txt'
[3.258s] running build
[3.259s] running build_py
[3.264s] running install
[3.266s] /usr/lib/python3/dist-packages/setuptools/command/install.py:34: SetuptoolsDeprecationWarning: setup.py install is deprecated. Use build and pip and other standards-based tools.
[3.266s]   warnings.warn(
[3.267s] running install_lib
[3.276s] running install_data
[3.289s] running install_egg_info
[3.295s] removing '/home/mtrn/4231/project_workspace/install/opencv_example/lib/python3.10/site-packages/opencv_example-0.0.0-py3.10.egg-info' (and everything under it)
[3.296s] Copying ../../build/opencv_example/opencv_example.egg-info to /home/mtrn/4231/project_workspace/install/opencv_example/lib/python3.10/site-packages/opencv_example-0.0.0-py3.10.egg-info
[3.301s] running install_scripts
[3.369s] Installing aruco_marker_detect script to /home/mtrn/4231/project_workspace/install/opencv_example/lib/opencv_example
[3.371s] writing list of installed files to '/home/mtrn/4231/project_workspace/build/opencv_example/install.log'
[3.478s] Invoked command in '/home/mtrn/4231/project_workspace/src/opencv_example' returned '0': PYTHONPATH=/home/mtrn/4231/project_workspace/build/opencv_example/prefix_override:/home/mtrn/4231/project_workspace/install/opencv_example/lib/python3.10/site-packages:${PYTHONPATH} /usr/bin/python3 setup.py egg_info --egg-base ../../build/opencv_example build --build-base /home/mtrn/4231/project_workspace/build/opencv_example/build install --record /home/mtrn/4231/project_workspace/build/opencv_example/install.log --single-version-externally-managed
