[1.323s] Invoking command in '/home/mtrn/4231/project_workspace/build/v4l2_camera': CMAKE_PREFIX_PATH=${CMAKE_PREFIX_PATH}:/home/mtrn/4231/ws_moveit2/install/moveit_configs_utils:/home/mtrn/4231/ws_moveit2/install/launch_param_builder:/opt/ros/humble /usr/bin/cmake --build /home/mtrn/4231/project_workspace/build/v4l2_camera -- -j4 -l4
[2.177s] [ 50%] Built target v4l2_camera
[2.572s] [ 75%] Built target v4l2_camera_compose_test
[2.592s] [100%] Built target v4l2_camera_node
[2.706s] Invoked command in '/home/mtrn/4231/project_workspace/build/v4l2_camera' returned '0': CMAKE_PREFIX_PATH=${CMAKE_PREFIX_PATH}:/home/mtrn/4231/ws_moveit2/install/moveit_configs_utils:/home/mtrn/4231/ws_moveit2/install/launch_param_builder:/opt/ros/humble /usr/bin/cmake --build /home/mtrn/4231/project_workspace/build/v4l2_camera -- -j4 -l4
[3.753s] Invoking command in '/home/mtrn/4231/project_workspace/build/v4l2_camera': CMAKE_PREFIX_PATH=${CMAKE_PREFIX_PATH}:/home/mtrn/4231/ws_moveit2/install/moveit_configs_utils:/home/mtrn/4231/ws_moveit2/install/launch_param_builder:/opt/ros/humble /usr/bin/cmake --install /home/mtrn/4231/project_workspace/build/v4l2_camera
[3.796s] -- Install configuration: ""
[3.798s] -- Up-to-date: /home/mtrn/4231/project_workspace/install/v4l2_camera/include
[3.853s] -- Up-to-date: /home/mtrn/4231/project_workspace/install/v4l2_camera/include/v4l2_camera
[3.856s] -- Up-to-date: /home/mtrn/4231/project_workspace/install/v4l2_camera/include/v4l2_camera/pixel_format.hpp
[3.856s] -- Up-to-date: /home/mtrn/4231/project_workspace/install/v4l2_camera/include/v4l2_camera/parameters.hpp
[3.856s] -- Up-to-date: /home/mtrn/4231/project_workspace/install/v4l2_camera/include/v4l2_camera/v4l2_camera.hpp
[3.856s] -- Up-to-date: /home/mtrn/4231/project_workspace/install/v4l2_camera/include/v4l2_camera/image_format.hpp
[3.857s] -- Up-to-date: /home/mtrn/4231/project_workspace/install/v4l2_camera/include/v4l2_camera/control.hpp
[3.857s] -- Up-to-date: /home/mtrn/4231/project_workspace/install/v4l2_camera/include/v4l2_camera/fourcc.hpp
[3.879s] -- Up-to-date: /home/mtrn/4231/project_workspace/install/v4l2_camera/include/v4l2_camera/v4l2_camera_device.hpp
[3.885s] -- Up-to-date: /home/mtrn/4231/project_workspace/install/v4l2_camera/include/v4l2_camera/visibility_control.h
[3.885s] -- Up-to-date: /home/mtrn/4231/project_workspace/install/v4l2_camera/lib/libv4l2_camera.so
[3.886s] -- Up-to-date: /home/mtrn/4231/project_workspace/install/v4l2_camera/lib/v4l2_camera/v4l2_camera_node
[3.886s] -- Up-to-date: /home/mtrn/4231/project_workspace/install/v4l2_camera/lib/v4l2_camera/v4l2_camera_compose_test
[3.886s] -- Up-to-date: /home/mtrn/4231/project_workspace/install/v4l2_camera/share/v4l2_camera/environment/library_path.sh
[3.886s] -- Up-to-date: /home/mtrn/4231/project_workspace/install/v4l2_camera/share/v4l2_camera/environment/library_path.dsv
[3.886s] -- Up-to-date: /home/mtrn/4231/project_workspace/install/v4l2_camera/share/ament_index/resource_index/package_run_dependencies/v4l2_camera
[3.890s] -- Up-to-date: /home/mtrn/4231/project_workspace/install/v4l2_camera/share/ament_index/resource_index/parent_prefix_path/v4l2_camera
[3.892s] -- Up-to-date: /home/mtrn/4231/project_workspace/install/v4l2_camera/share/v4l2_camera/environment/ament_prefix_path.sh
[3.893s] -- Up-to-date: /home/mtrn/4231/project_workspace/install/v4l2_camera/share/v4l2_camera/environment/ament_prefix_path.dsv
[3.893s] -- Up-to-date: /home/mtrn/4231/project_workspace/install/v4l2_camera/share/v4l2_camera/environment/path.sh
[3.893s] -- Up-to-date: /home/mtrn/4231/project_workspace/install/v4l2_camera/share/v4l2_camera/environment/path.dsv
[3.893s] -- Up-to-date: /home/mtrn/4231/project_workspace/install/v4l2_camera/share/v4l2_camera/local_setup.bash
[3.895s] -- Up-to-date: /home/mtrn/4231/project_workspace/install/v4l2_camera/share/v4l2_camera/local_setup.sh
[3.895s] -- Up-to-date: /home/mtrn/4231/project_workspace/install/v4l2_camera/share/v4l2_camera/local_setup.zsh
[3.896s] -- Up-to-date: /home/mtrn/4231/project_workspace/install/v4l2_camera/share/v4l2_camera/local_setup.dsv
[3.897s] -- Installing: /home/mtrn/4231/project_workspace/install/v4l2_camera/share/v4l2_camera/package.dsv
[3.908s] -- Up-to-date: /home/mtrn/4231/project_workspace/install/v4l2_camera/share/ament_index/resource_index/packages/v4l2_camera
[3.910s] -- Up-to-date: /home/mtrn/4231/project_workspace/install/v4l2_camera/share/ament_index/resource_index/rclcpp_components/v4l2_camera
[3.965s] -- Up-to-date: /home/mtrn/4231/project_workspace/install/v4l2_camera/share/v4l2_camera/cmake/export_v4l2_cameraExport.cmake
[3.965s] -- Up-to-date: /home/mtrn/4231/project_workspace/install/v4l2_camera/share/v4l2_camera/cmake/export_v4l2_cameraExport-noconfig.cmake
[3.965s] -- Up-to-date: /home/mtrn/4231/project_workspace/install/v4l2_camera/share/v4l2_camera/cmake/ament_cmake_export_include_directories-extras.cmake
[3.976s] -- Up-to-date: /home/mtrn/4231/project_workspace/install/v4l2_camera/share/v4l2_camera/cmake/ament_cmake_export_targets-extras.cmake
[3.976s] -- Up-to-date: /home/mtrn/4231/project_workspace/install/v4l2_camera/share/v4l2_camera/cmake/ament_cmake_export_libraries-extras.cmake
[3.976s] -- Up-to-date: /home/mtrn/4231/project_workspace/install/v4l2_camera/share/v4l2_camera/cmake/ament_cmake_export_dependencies-extras.cmake
[3.977s] -- Up-to-date: /home/mtrn/4231/project_workspace/install/v4l2_camera/share/v4l2_camera/cmake/v4l2_cameraConfig.cmake
[3.977s] -- Up-to-date: /home/mtrn/4231/project_workspace/install/v4l2_camera/share/v4l2_camera/cmake/v4l2_cameraConfig-version.cmake
[3.977s] -- Up-to-date: /home/mtrn/4231/project_workspace/install/v4l2_camera/share/v4l2_camera/package.xml
[4.003s] Invoked command in '/home/mtrn/4231/project_workspace/build/v4l2_camera' returned '0': CMAKE_PREFIX_PATH=${CMAKE_PREFIX_PATH}:/home/mtrn/4231/ws_moveit2/install/moveit_configs_utils:/home/mtrn/4231/ws_moveit2/install/launch_param_builder:/opt/ros/humble /usr/bin/cmake --install /home/mtrn/4231/project_workspace/build/v4l2_camera
