[0.057s] Invoking command in '/home/mtrn/4231/liam_stuff/4231project/build/messages': CMAKE_PREFIX_PATH=${CMAKE_PREFIX_PATH}:/home/mtrn/.local/share/Trash/files/src.3/install/opencv_example:/home/mtrn/.local/share/Trash/files/src.3/install/my_package:/home/mtrn/4231/liam_stuff/4231project/install/opencv_example:/home/mtrn/4231/liam_stuff/4231project/install/my_package:/home/mtrn/4231/ws_moveit2/install/moveit_configs_utils:/home/mtrn/4231/ws_moveit2/install/launch_param_builder:/opt/ros/humble /home/mtrn/.local/bin/cmake /home/mtrn/4231/liam_stuff/4231project/src/messages -DCMAKE_INSTALL_PREFIX=/home/mtrn/4231/liam_stuff/4231project/install/messages
[0.346s] -- The C compiler identification is GNU 11.4.0
[0.413s] -- The CXX compiler identification is GNU 11.4.0
[0.483s] -- Detecting C compiler ABI info
[0.752s] -- Detecting C compiler ABI info - done
[0.773s] -- Check for working C compiler: /usr/bin/cc - skipped
[0.773s] -- Detecting C compile features
[0.774s] -- Detecting C compile features - done
[0.810s] -- Detecting CXX compiler ABI info
[1.043s] -- Detecting CXX compiler ABI info - done
[1.068s] -- Check for working CXX compiler: /usr/bin/c++ - skipped
[1.068s] -- Detecting CXX compile features
[1.069s] -- Detecting CXX compile features - done
[1.079s] -- Found ament_cmake: 1.3.5 (/opt/ros/humble/share/ament_cmake/cmake)
[2.068s] -- Found Python3: /usr/bin/python3.10 (found version "3.10.12") found components: Interpreter 
[2.300s] -- Found rosidl_default_generators: 1.2.0 (/opt/ros/humble/share/rosidl_default_generators/cmake)
[2.322s] -- Using all available rosidl_typesupport_c: rosidl_typesupport_fastrtps_c;rosidl_typesupport_introspection_c
[2.348s] -- Found rosidl_adapter: 3.1.5 (/opt/ros/humble/share/rosidl_adapter/cmake)
[2.475s] -- Using all available rosidl_typesupport_cpp: rosidl_typesupport_fastrtps_cpp;rosidl_typesupport_introspection_cpp
[3.204s] -- Found ament_cmake_ros: 0.10.0 (/opt/ros/humble/share/ament_cmake_ros/cmake)
[3.967s] -- Using all available rosidl_typesupport_c: rosidl_typesupport_fastrtps_c;rosidl_typesupport_introspection_c
[5.020s] -- Using all available rosidl_typesupport_cpp: rosidl_typesupport_fastrtps_cpp;rosidl_typesupport_introspection_cpp
[5.024s] [33mCMake Warning (dev) at /opt/ros/humble/share/rosidl_generator_py/cmake/rosidl_generator_py_generate_interfaces.cmake:20 (find_package):
[5.024s]   Policy CMP0148 is not set: The FindPythonInterp and FindPythonLibs modules
[5.024s]   are removed.  Run "cmake --help-policy CMP0148" for policy details.  Use
[5.024s]   the cmake_policy command to set the policy and suppress this warning.
[5.024s] 
[5.024s] Call Stack (most recent call first):
[5.024s]   /opt/ros/humble/share/ament_cmake_core/cmake/core/ament_execute_extensions.cmake:48 (include)
[5.024s]   /opt/ros/humble/share/rosidl_cmake/cmake/rosidl_generate_interfaces.cmake:286 (ament_execute_extensions)
[5.024s]   CMakeLists.txt:21 (rosidl_generate_interfaces)
[5.024s] This warning is for project developers.  Use -Wno-dev to suppress it.
[5.024s] [0m
[5.070s] -- Found PythonInterp: /usr/bin/python3 (found suitable version "3.10.12", minimum required is "3.6") 
[5.084s] -- Found python_cmake_module: 0.10.0 (/opt/ros/humble/share/python_cmake_module/cmake)
[5.085s] [33mCMake Warning (dev) at /opt/ros/humble/share/python_cmake_module/cmake/Modules/FindPythonExtra.cmake:52 (find_package):
[5.085s]   Policy CMP0148 is not set: The FindPythonInterp and FindPythonLibs modules
[5.085s]   are removed.  Run "cmake --help-policy CMP0148" for policy details.  Use
[5.085s]   the cmake_policy command to set the policy and suppress this warning.
[5.085s] 
[5.085s] Call Stack (most recent call first):
[5.085s]   /opt/ros/humble/share/rosidl_generator_py/cmake/rosidl_generator_py_generate_interfaces.cmake:23 (find_package)
[5.085s]   /opt/ros/humble/share/ament_cmake_core/cmake/core/ament_execute_extensions.cmake:48 (include)
[5.085s]   /opt/ros/humble/share/rosidl_cmake/cmake/rosidl_generate_interfaces.cmake:286 (ament_execute_extensions)
[5.085s]   CMakeLists.txt:21 (rosidl_generate_interfaces)
[5.085s] This warning is for project developers.  Use -Wno-dev to suppress it.
[5.085s] [0m
[5.122s] [33mCMake Warning (dev) at /opt/ros/humble/share/python_cmake_module/cmake/Modules/FindPythonExtra.cmake:140 (find_package):
[5.123s]   Policy CMP0148 is not set: The FindPythonInterp and FindPythonLibs modules
[5.123s]   are removed.  Run "cmake --help-policy CMP0148" for policy details.  Use
[5.123s]   the cmake_policy command to set the policy and suppress this warning.
[5.123s] 
[5.123s] Call Stack (most recent call first):
[5.123s]   /opt/ros/humble/share/rosidl_generator_py/cmake/rosidl_generator_py_generate_interfaces.cmake:23 (find_package)
[5.124s]   /opt/ros/humble/share/ament_cmake_core/cmake/core/ament_execute_extensions.cmake:48 (include)
[5.124s]   /opt/ros/humble/share/rosidl_cmake/cmake/rosidl_generate_interfaces.cmake:286 (ament_execute_extensions)
[5.124s]   CMakeLists.txt:21 (rosidl_generate_interfaces)
[5.124s] This warning is for project developers.  Use -Wno-dev to suppress it.
[5.124s] [0m
[5.148s] -- Found PythonLibs: /usr/lib/x86_64-linux-gnu/libpython3.10.so (found suitable version "3.10.12", minimum required is "3.5") 
[5.148s] -- Using PYTHON_EXECUTABLE: /usr/bin/python3
[5.148s] -- Using PYTHON_INCLUDE_DIRS: /usr/include/python3.10
[5.148s] -- Using PYTHON_LIBRARIES: /usr/lib/x86_64-linux-gnu/libpython3.10.so
[5.191s] -- Found PythonExtra: .so  
[5.285s] -- Configuring done (5.2s)
[5.313s] -- Generating done (0.0s)
[5.316s] -- Build files have been written to: /home/mtrn/4231/liam_stuff/4231project/build/messages
[5.332s] Invoked command in '/home/mtrn/4231/liam_stuff/4231project/build/messages' returned '0': CMAKE_PREFIX_PATH=${CMAKE_PREFIX_PATH}:/home/mtrn/.local/share/Trash/files/src.3/install/opencv_example:/home/mtrn/.local/share/Trash/files/src.3/install/my_package:/home/mtrn/4231/liam_stuff/4231project/install/opencv_example:/home/mtrn/4231/liam_stuff/4231project/install/my_package:/home/mtrn/4231/ws_moveit2/install/moveit_configs_utils:/home/mtrn/4231/ws_moveit2/install/launch_param_builder:/opt/ros/humble /home/mtrn/.local/bin/cmake /home/mtrn/4231/liam_stuff/4231project/src/messages -DCMAKE_INSTALL_PREFIX=/home/mtrn/4231/liam_stuff/4231project/install/messages
[5.335s] Invoking command in '/home/mtrn/4231/liam_stuff/4231project/build/messages': CMAKE_PREFIX_PATH=${CMAKE_PREFIX_PATH}:/home/mtrn/.local/share/Trash/files/src.3/install/opencv_example:/home/mtrn/.local/share/Trash/files/src.3/install/my_package:/home/mtrn/4231/liam_stuff/4231project/install/opencv_example:/home/mtrn/4231/liam_stuff/4231project/install/my_package:/home/mtrn/4231/ws_moveit2/install/moveit_configs_utils:/home/mtrn/4231/ws_moveit2/install/launch_param_builder:/opt/ros/humble /home/mtrn/.local/bin/cmake --build /home/mtrn/4231/liam_stuff/4231project/build/messages -- -j12 -l12
[5.471s] [  3%] [34m[1mGenerating C code for ROS interfaces[0m
[5.485s] [  6%] [34m[1mGenerating C++ code for ROS interfaces[0m
[5.503s] [  6%] Built target ament_cmake_python_copy_messages
[5.728s] [  6%] Built target messages__cpp
[5.746s] [  9%] [34m[1mGenerating C++ introspection for ROS interfaces[0m
[5.747s] [ 12%] [34m[1mGenerating C++ type support dispatch for ROS interfaces[0m
[5.747s] [ 16%] [34m[1mGenerating C++ type support for eProsima Fast-RTPS[0m
[5.795s] [ 19%] [32mBuilding C object CMakeFiles/messages__rosidl_generator_c.dir/rosidl_generator_c/messages/msg/detail/aruco_message__functions.c.o[0m
[5.799s] running egg_info
[5.800s] creating messages.egg-info
[5.800s] writing messages.egg-info/PKG-INFO
[5.800s] writing dependency_links to messages.egg-info/dependency_links.txt
[5.800s] writing top-level names to messages.egg-info/top_level.txt
[5.801s] writing manifest file 'messages.egg-info/SOURCES.txt'
[5.803s] reading manifest file 'messages.egg-info/SOURCES.txt'
[5.804s] writing manifest file 'messages.egg-info/SOURCES.txt'
[5.856s] [ 19%] Built target ament_cmake_python_build_messages_egg
[5.877s] [ 22%] [32m[1mLinking C shared library libmessages__rosidl_generator_c.so[0m
[5.964s] [ 22%] Built target messages__rosidl_generator_c
[5.982s] [ 25%] [34m[1mGenerating C type support dispatch for ROS interfaces[0m
[5.993s] [ 29%] [34m[1mGenerating C type support for eProsima Fast-RTPS[0m
[5.993s] [ 32%] [34m[1mGenerating C introspection for ROS interfaces[0m
[6.025s] [ 35%] [32mBuilding CXX object CMakeFiles/messages__rosidl_typesupport_introspection_cpp.dir/rosidl_typesupport_introspection_cpp/messages/msg/detail/aruco_message__type_support.cpp.o[0m
[6.129s] [ 38%] [32mBuilding CXX object CMakeFiles/messages__rosidl_typesupport_cpp.dir/rosidl_typesupport_cpp/messages/msg/aruco_message__type_support.cpp.o[0m
[6.166s] [ 41%] [32mBuilding CXX object CMakeFiles/messages__rosidl_typesupport_fastrtps_cpp.dir/rosidl_typesupport_fastrtps_cpp/messages/msg/detail/dds_fastrtps/aruco_message__type_support.cpp.o[0m
[6.291s] [ 45%] [32mBuilding CXX object CMakeFiles/messages__rosidl_typesupport_fastrtps_c.dir/rosidl_typesupport_fastrtps_c/messages/msg/detail/aruco_message__type_support_c.cpp.o[0m
[6.306s] [ 48%] [32mBuilding CXX object CMakeFiles/messages__rosidl_typesupport_c.dir/rosidl_typesupport_c/messages/msg/aruco_message__type_support.cpp.o[0m
[6.349s] [ 51%] [32m[1mLinking CXX shared library libmessages__rosidl_typesupport_c.so[0m
[6.402s] [ 51%] Built target messages__rosidl_typesupport_c
[6.413s] [ 54%] [32mBuilding C object CMakeFiles/messages__rosidl_typesupport_introspection_c.dir/rosidl_typesupport_introspection_c/messages/msg/detail/aruco_message__type_support.c.o[0m
[6.466s] [ 58%] [32m[1mLinking C shared library libmessages__rosidl_typesupport_introspection_c.so[0m
[6.506s] [ 58%] Built target messages__rosidl_typesupport_introspection_c
[6.513s] [ 61%] [32m[1mLinking CXX shared library libmessages__rosidl_typesupport_cpp.so[0m
[6.566s] [ 61%] Built target messages__rosidl_typesupport_cpp
[6.586s] [ 64%] [32m[1mLinking CXX shared library libmessages__rosidl_typesupport_introspection_cpp.so[0m
[6.654s] [ 67%] [32m[1mLinking CXX shared library libmessages__rosidl_typesupport_fastrtps_c.so[0m
[6.689s] [ 67%] Built target messages__rosidl_typesupport_introspection_cpp
[6.775s] [ 67%] Built target messages__rosidl_typesupport_fastrtps_c
[6.846s] [ 70%] [32m[1mLinking CXX shared library libmessages__rosidl_typesupport_fastrtps_cpp.so[0m
[6.993s] [ 70%] Built target messages__rosidl_typesupport_fastrtps_cpp
[7.070s] [ 70%] Built target messages
[7.149s] [ 74%] [34m[1mGenerating Python code for ROS interfaces[0m
[7.476s] [ 74%] Built target messages__py
[7.541s] [ 77%] [32mBuilding C object CMakeFiles/messages__rosidl_generator_py.dir/rosidl_generator_py/messages/msg/_aruco_message_s.c.o[0m
[7.701s] [ 80%] [32m[1mLinking C shared library rosidl_generator_py/messages/libmessages__rosidl_generator_py.so[0m
[7.803s] [ 80%] Built target messages__rosidl_generator_py
[7.834s] [ 83%] [32mBuilding C object CMakeFiles/messages__rosidl_typesupport_fastrtps_c__pyext.dir/rosidl_generator_py/messages/_messages_s.ep.rosidl_typesupport_fastrtps_c.c.o[0m
[7.848s] [ 87%] [32mBuilding C object CMakeFiles/messages__rosidl_typesupport_introspection_c__pyext.dir/rosidl_generator_py/messages/_messages_s.ep.rosidl_typesupport_introspection_c.c.o[0m
[7.848s] [ 90%] [32mBuilding C object CMakeFiles/messages__rosidl_typesupport_c__pyext.dir/rosidl_generator_py/messages/_messages_s.ep.rosidl_typesupport_c.c.o[0m
[7.938s] [ 93%] [32m[1mLinking C shared library rosidl_generator_py/messages/messages_s__rosidl_typesupport_fastrtps_c.cpython-310-x86_64-linux-gnu.so[0m
[7.949s] [ 96%] [32m[1mLinking C shared library rosidl_generator_py/messages/messages_s__rosidl_typesupport_c.cpython-310-x86_64-linux-gnu.so[0m
[7.949s] [100%] [32m[1mLinking C shared library rosidl_generator_py/messages/messages_s__rosidl_typesupport_introspection_c.cpython-310-x86_64-linux-gnu.so[0m
[7.978s] [100%] Built target messages__rosidl_typesupport_fastrtps_c__pyext
[7.989s] [100%] Built target messages__rosidl_typesupport_introspection_c__pyext
[7.989s] [100%] Built target messages__rosidl_typesupport_c__pyext
[8.005s] Invoked command in '/home/mtrn/4231/liam_stuff/4231project/build/messages' returned '0': CMAKE_PREFIX_PATH=${CMAKE_PREFIX_PATH}:/home/mtrn/.local/share/Trash/files/src.3/install/opencv_example:/home/mtrn/.local/share/Trash/files/src.3/install/my_package:/home/mtrn/4231/liam_stuff/4231project/install/opencv_example:/home/mtrn/4231/liam_stuff/4231project/install/my_package:/home/mtrn/4231/ws_moveit2/install/moveit_configs_utils:/home/mtrn/4231/ws_moveit2/install/launch_param_builder:/opt/ros/humble /home/mtrn/.local/bin/cmake --build /home/mtrn/4231/liam_stuff/4231project/build/messages -- -j12 -l12
[8.705s] Invoking command in '/home/mtrn/4231/liam_stuff/4231project/build/messages': CMAKE_PREFIX_PATH=${CMAKE_PREFIX_PATH}:/home/mtrn/.local/share/Trash/files/src.3/install/opencv_example:/home/mtrn/.local/share/Trash/files/src.3/install/my_package:/home/mtrn/4231/liam_stuff/4231project/install/opencv_example:/home/mtrn/4231/liam_stuff/4231project/install/my_package:/home/mtrn/4231/ws_moveit2/install/moveit_configs_utils:/home/mtrn/4231/ws_moveit2/install/launch_param_builder:/opt/ros/humble /home/mtrn/.local/bin/cmake --install /home/mtrn/4231/liam_stuff/4231project/build/messages
[8.757s] -- Install configuration: ""
[8.757s] -- Installing: /home/mtrn/4231/liam_stuff/4231project/install/messages/share/ament_index/resource_index/rosidl_interfaces/messages
[8.758s] -- Installing: /home/mtrn/4231/liam_stuff/4231project/install/messages/include/messages/messages
[8.758s] -- Installing: /home/mtrn/4231/liam_stuff/4231project/install/messages/include/messages/messages/msg
[8.758s] -- Installing: /home/mtrn/4231/liam_stuff/4231project/install/messages/include/messages/messages/msg/rosidl_generator_c__visibility_control.h
[8.758s] -- Installing: /home/mtrn/4231/liam_stuff/4231project/install/messages/include/messages/messages/msg/aruco_message.h
[8.758s] -- Installing: /home/mtrn/4231/liam_stuff/4231project/install/messages/include/messages/messages/msg/detail
[8.759s] -- Installing: /home/mtrn/4231/liam_stuff/4231project/install/messages/include/messages/messages/msg/detail/aruco_message__functions.c
[8.759s] -- Installing: /home/mtrn/4231/liam_stuff/4231project/install/messages/include/messages/messages/msg/detail/aruco_message__type_support.h
[8.759s] -- Installing: /home/mtrn/4231/liam_stuff/4231project/install/messages/include/messages/messages/msg/detail/aruco_message__struct.h
[8.759s] -- Installing: /home/mtrn/4231/liam_stuff/4231project/install/messages/include/messages/messages/msg/detail/aruco_message__functions.h
[8.760s] -- Installing: /home/mtrn/4231/liam_stuff/4231project/install/messages/share/messages/environment/library_path.sh
[8.760s] -- Installing: /home/mtrn/4231/liam_stuff/4231project/install/messages/share/messages/environment/library_path.dsv
[8.760s] -- Installing: /home/mtrn/4231/liam_stuff/4231project/install/messages/lib/libmessages__rosidl_generator_c.so
[8.761s] -- Set runtime path of "/home/mtrn/4231/liam_stuff/4231project/install/messages/lib/libmessages__rosidl_generator_c.so" to ""
[8.761s] -- Up-to-date: /home/mtrn/4231/liam_stuff/4231project/install/messages/include/messages/messages
[8.761s] -- Up-to-date: /home/mtrn/4231/liam_stuff/4231project/install/messages/include/messages/messages/msg
[8.762s] -- Installing: /home/mtrn/4231/liam_stuff/4231project/install/messages/include/messages/messages/msg/rosidl_typesupport_fastrtps_c__visibility_control.h
[8.762s] -- Up-to-date: /home/mtrn/4231/liam_stuff/4231project/install/messages/include/messages/messages/msg/detail
[8.762s] -- Installing: /home/mtrn/4231/liam_stuff/4231project/install/messages/include/messages/messages/msg/detail/aruco_message__rosidl_typesupport_fastrtps_c.h
[8.762s] -- Installing: /home/mtrn/4231/liam_stuff/4231project/install/messages/lib/libmessages__rosidl_typesupport_fastrtps_c.so
[8.763s] -- Set runtime path of "/home/mtrn/4231/liam_stuff/4231project/install/messages/lib/libmessages__rosidl_typesupport_fastrtps_c.so" to ""
[8.763s] -- Up-to-date: /home/mtrn/4231/liam_stuff/4231project/install/messages/include/messages/messages
[8.763s] -- Up-to-date: /home/mtrn/4231/liam_stuff/4231project/install/messages/include/messages/messages/msg
[8.764s] -- Installing: /home/mtrn/4231/liam_stuff/4231project/install/messages/include/messages/messages/msg/rosidl_typesupport_introspection_c__visibility_control.h
[8.764s] -- Up-to-date: /home/mtrn/4231/liam_stuff/4231project/install/messages/include/messages/messages/msg/detail
[8.764s] -- Installing: /home/mtrn/4231/liam_stuff/4231project/install/messages/include/messages/messages/msg/detail/aruco_message__type_support.c
[8.764s] -- Installing: /home/mtrn/4231/liam_stuff/4231project/install/messages/include/messages/messages/msg/detail/aruco_message__rosidl_typesupport_introspection_c.h
[8.764s] -- Installing: /home/mtrn/4231/liam_stuff/4231project/install/messages/lib/libmessages__rosidl_typesupport_introspection_c.so
[8.765s] -- Set runtime path of "/home/mtrn/4231/liam_stuff/4231project/install/messages/lib/libmessages__rosidl_typesupport_introspection_c.so" to ""
[8.766s] -- Installing: /home/mtrn/4231/liam_stuff/4231project/install/messages/lib/libmessages__rosidl_typesupport_c.so
[8.766s] -- Set runtime path of "/home/mtrn/4231/liam_stuff/4231project/install/messages/lib/libmessages__rosidl_typesupport_c.so" to ""
[8.766s] -- Up-to-date: /home/mtrn/4231/liam_stuff/4231project/install/messages/include/messages/messages
[8.766s] -- Up-to-date: /home/mtrn/4231/liam_stuff/4231project/install/messages/include/messages/messages/msg
[8.767s] -- Installing: /home/mtrn/4231/liam_stuff/4231project/install/messages/include/messages/messages/msg/aruco_message.hpp
[8.767s] -- Up-to-date: /home/mtrn/4231/liam_stuff/4231project/install/messages/include/messages/messages/msg/detail
[8.767s] -- Installing: /home/mtrn/4231/liam_stuff/4231project/install/messages/include/messages/messages/msg/detail/aruco_message__traits.hpp
[8.767s] -- Installing: /home/mtrn/4231/liam_stuff/4231project/install/messages/include/messages/messages/msg/detail/aruco_message__struct.hpp
[8.767s] -- Installing: /home/mtrn/4231/liam_stuff/4231project/install/messages/include/messages/messages/msg/detail/aruco_message__builder.hpp
[8.767s] -- Up-to-date: /home/mtrn/4231/liam_stuff/4231project/install/messages/include/messages/messages
[8.767s] -- Up-to-date: /home/mtrn/4231/liam_stuff/4231project/install/messages/include/messages/messages/msg
[8.767s] -- Installing: /home/mtrn/4231/liam_stuff/4231project/install/messages/include/messages/messages/msg/rosidl_typesupport_fastrtps_cpp__visibility_control.h
[8.768s] -- Up-to-date: /home/mtrn/4231/liam_stuff/4231project/install/messages/include/messages/messages/msg/detail
[8.768s] -- Installing: /home/mtrn/4231/liam_stuff/4231project/install/messages/include/messages/messages/msg/detail/dds_fastrtps
[8.768s] -- Installing: /home/mtrn/4231/liam_stuff/4231project/install/messages/include/messages/messages/msg/detail/aruco_message__rosidl_typesupport_fastrtps_cpp.hpp
[8.768s] -- Installing: /home/mtrn/4231/liam_stuff/4231project/install/messages/lib/libmessages__rosidl_typesupport_fastrtps_cpp.so
[8.769s] -- Set runtime path of "/home/mtrn/4231/liam_stuff/4231project/install/messages/lib/libmessages__rosidl_typesupport_fastrtps_cpp.so" to ""
[8.769s] -- Up-to-date: /home/mtrn/4231/liam_stuff/4231project/install/messages/include/messages/messages
[8.770s] -- Up-to-date: /home/mtrn/4231/liam_stuff/4231project/install/messages/include/messages/messages/msg
[8.770s] -- Up-to-date: /home/mtrn/4231/liam_stuff/4231project/install/messages/include/messages/messages/msg/detail
[8.770s] -- Installing: /home/mtrn/4231/liam_stuff/4231project/install/messages/include/messages/messages/msg/detail/aruco_message__type_support.cpp
[8.770s] -- Installing: /home/mtrn/4231/liam_stuff/4231project/install/messages/include/messages/messages/msg/detail/aruco_message__rosidl_typesupport_introspection_cpp.hpp
[8.770s] -- Installing: /home/mtrn/4231/liam_stuff/4231project/install/messages/lib/libmessages__rosidl_typesupport_introspection_cpp.so
[8.771s] -- Set runtime path of "/home/mtrn/4231/liam_stuff/4231project/install/messages/lib/libmessages__rosidl_typesupport_introspection_cpp.so" to ""
[8.771s] -- Installing: /home/mtrn/4231/liam_stuff/4231project/install/messages/lib/libmessages__rosidl_typesupport_cpp.so
[8.771s] -- Set runtime path of "/home/mtrn/4231/liam_stuff/4231project/install/messages/lib/libmessages__rosidl_typesupport_cpp.so" to ""
[8.771s] -- Installing: /home/mtrn/4231/liam_stuff/4231project/install/messages/share/messages/environment/pythonpath.sh
[8.772s] -- Installing: /home/mtrn/4231/liam_stuff/4231project/install/messages/share/messages/environment/pythonpath.dsv
[8.772s] -- Installing: /home/mtrn/4231/liam_stuff/4231project/install/messages/local/lib/python3.10/dist-packages/messages-0.0.0-py3.10.egg-info
[8.772s] -- Installing: /home/mtrn/4231/liam_stuff/4231project/install/messages/local/lib/python3.10/dist-packages/messages-0.0.0-py3.10.egg-info/SOURCES.txt
[8.772s] -- Installing: /home/mtrn/4231/liam_stuff/4231project/install/messages/local/lib/python3.10/dist-packages/messages-0.0.0-py3.10.egg-info/dependency_links.txt
[8.772s] -- Installing: /home/mtrn/4231/liam_stuff/4231project/install/messages/local/lib/python3.10/dist-packages/messages-0.0.0-py3.10.egg-info/PKG-INFO
[8.773s] -- Installing: /home/mtrn/4231/liam_stuff/4231project/install/messages/local/lib/python3.10/dist-packages/messages-0.0.0-py3.10.egg-info/top_level.txt
[8.773s] -- Installing: /home/mtrn/4231/liam_stuff/4231project/install/messages/local/lib/python3.10/dist-packages/messages
[8.773s] -- Installing: /home/mtrn/4231/liam_stuff/4231project/install/messages/local/lib/python3.10/dist-packages/messages/messages_s__rosidl_typesupport_introspection_c.cpython-310-x86_64-linux-gnu.so
[8.773s] -- Installing: /home/mtrn/4231/liam_stuff/4231project/install/messages/local/lib/python3.10/dist-packages/messages/_messages_s.ep.rosidl_typesupport_introspection_c.c
[8.773s] -- Installing: /home/mtrn/4231/liam_stuff/4231project/install/messages/local/lib/python3.10/dist-packages/messages/_messages_s.ep.rosidl_typesupport_fastrtps_c.c
[8.774s] -- Installing: /home/mtrn/4231/liam_stuff/4231project/install/messages/local/lib/python3.10/dist-packages/messages/_messages_s.ep.rosidl_typesupport_c.c
[8.774s] -- Installing: /home/mtrn/4231/liam_stuff/4231project/install/messages/local/lib/python3.10/dist-packages/messages/__init__.py
[8.774s] -- Installing: /home/mtrn/4231/liam_stuff/4231project/install/messages/local/lib/python3.10/dist-packages/messages/messages_s__rosidl_typesupport_fastrtps_c.cpython-310-x86_64-linux-gnu.so
[8.774s] -- Installing: /home/mtrn/4231/liam_stuff/4231project/install/messages/local/lib/python3.10/dist-packages/messages/libmessages__rosidl_generator_py.so
[8.774s] -- Installing: /home/mtrn/4231/liam_stuff/4231project/install/messages/local/lib/python3.10/dist-packages/messages/msg
[8.774s] -- Installing: /home/mtrn/4231/liam_stuff/4231project/install/messages/local/lib/python3.10/dist-packages/messages/msg/_aruco_message_s.c
[8.775s] -- Installing: /home/mtrn/4231/liam_stuff/4231project/install/messages/local/lib/python3.10/dist-packages/messages/msg/__init__.py
[8.775s] -- Installing: /home/mtrn/4231/liam_stuff/4231project/install/messages/local/lib/python3.10/dist-packages/messages/msg/_aruco_message.py
[8.775s] -- Installing: /home/mtrn/4231/liam_stuff/4231project/install/messages/local/lib/python3.10/dist-packages/messages/messages_s__rosidl_typesupport_c.cpython-310-x86_64-linux-gnu.so
[8.823s] Listing '/home/mtrn/4231/liam_stuff/4231project/install/messages/local/lib/python3.10/dist-packages/messages'...
[8.823s] Compiling '/home/mtrn/4231/liam_stuff/4231project/install/messages/local/lib/python3.10/dist-packages/messages/__init__.py'...
[8.823s] Listing '/home/mtrn/4231/liam_stuff/4231project/install/messages/local/lib/python3.10/dist-packages/messages/msg'...
[8.823s] Compiling '/home/mtrn/4231/liam_stuff/4231project/install/messages/local/lib/python3.10/dist-packages/messages/msg/__init__.py'...
[8.823s] Compiling '/home/mtrn/4231/liam_stuff/4231project/install/messages/local/lib/python3.10/dist-packages/messages/msg/_aruco_message.py'...
[8.829s] -- Installing: /home/mtrn/4231/liam_stuff/4231project/install/messages/local/lib/python3.10/dist-packages/messages/messages_s__rosidl_typesupport_fastrtps_c.cpython-310-x86_64-linux-gnu.so
[8.830s] -- Set runtime path of "/home/mtrn/4231/liam_stuff/4231project/install/messages/local/lib/python3.10/dist-packages/messages/messages_s__rosidl_typesupport_fastrtps_c.cpython-310-x86_64-linux-gnu.so" to ""
[8.831s] -- Installing: /home/mtrn/4231/liam_stuff/4231project/install/messages/local/lib/python3.10/dist-packages/messages/messages_s__rosidl_typesupport_introspection_c.cpython-310-x86_64-linux-gnu.so
[8.832s] -- Set runtime path of "/home/mtrn/4231/liam_stuff/4231project/install/messages/local/lib/python3.10/dist-packages/messages/messages_s__rosidl_typesupport_introspection_c.cpython-310-x86_64-linux-gnu.so" to ""
[8.833s] -- Installing: /home/mtrn/4231/liam_stuff/4231project/install/messages/local/lib/python3.10/dist-packages/messages/messages_s__rosidl_typesupport_c.cpython-310-x86_64-linux-gnu.so
[8.834s] -- Set runtime path of "/home/mtrn/4231/liam_stuff/4231project/install/messages/local/lib/python3.10/dist-packages/messages/messages_s__rosidl_typesupport_c.cpython-310-x86_64-linux-gnu.so" to ""
[8.834s] -- Installing: /home/mtrn/4231/liam_stuff/4231project/install/messages/lib/libmessages__rosidl_generator_py.so
[8.836s] -- Set runtime path of "/home/mtrn/4231/liam_stuff/4231project/install/messages/lib/libmessages__rosidl_generator_py.so" to ""
[8.836s] -- Installing: /home/mtrn/4231/liam_stuff/4231project/install/messages/share/messages/msg/ArucoMessage.idl
[8.837s] -- Installing: /home/mtrn/4231/liam_stuff/4231project/install/messages/share/messages/msg/ArucoMessage.msg
[8.837s] -- Installing: /home/mtrn/4231/liam_stuff/4231project/install/messages/share/ament_index/resource_index/package_run_dependencies/messages
[8.837s] -- Installing: /home/mtrn/4231/liam_stuff/4231project/install/messages/share/ament_index/resource_index/parent_prefix_path/messages
[8.838s] -- Installing: /home/mtrn/4231/liam_stuff/4231project/install/messages/share/messages/environment/ament_prefix_path.sh
[8.838s] -- Installing: /home/mtrn/4231/liam_stuff/4231project/install/messages/share/messages/environment/ament_prefix_path.dsv
[8.839s] -- Installing: /home/mtrn/4231/liam_stuff/4231project/install/messages/share/messages/environment/path.sh
[8.839s] -- Installing: /home/mtrn/4231/liam_stuff/4231project/install/messages/share/messages/environment/path.dsv
[8.839s] -- Installing: /home/mtrn/4231/liam_stuff/4231project/install/messages/share/messages/local_setup.bash
[8.840s] -- Installing: /home/mtrn/4231/liam_stuff/4231project/install/messages/share/messages/local_setup.sh
[8.840s] -- Installing: /home/mtrn/4231/liam_stuff/4231project/install/messages/share/messages/local_setup.zsh
[8.840s] -- Installing: /home/mtrn/4231/liam_stuff/4231project/install/messages/share/messages/local_setup.dsv
[8.841s] -- Installing: /home/mtrn/4231/liam_stuff/4231project/install/messages/share/messages/package.dsv
[8.841s] -- Installing: /home/mtrn/4231/liam_stuff/4231project/install/messages/share/ament_index/resource_index/packages/messages
[8.842s] -- Installing: /home/mtrn/4231/liam_stuff/4231project/install/messages/share/messages/cmake/export_messages__rosidl_generator_cExport.cmake
[8.842s] -- Installing: /home/mtrn/4231/liam_stuff/4231project/install/messages/share/messages/cmake/export_messages__rosidl_generator_cExport-noconfig.cmake
[8.843s] -- Installing: /home/mtrn/4231/liam_stuff/4231project/install/messages/share/messages/cmake/export_messages__rosidl_typesupport_fastrtps_cExport.cmake
[8.843s] -- Installing: /home/mtrn/4231/liam_stuff/4231project/install/messages/share/messages/cmake/export_messages__rosidl_typesupport_fastrtps_cExport-noconfig.cmake
[8.844s] -- Installing: /home/mtrn/4231/liam_stuff/4231project/install/messages/share/messages/cmake/messages__rosidl_typesupport_introspection_cExport.cmake
[8.844s] -- Installing: /home/mtrn/4231/liam_stuff/4231project/install/messages/share/messages/cmake/messages__rosidl_typesupport_introspection_cExport-noconfig.cmake
[8.844s] -- Installing: /home/mtrn/4231/liam_stuff/4231project/install/messages/share/messages/cmake/messages__rosidl_typesupport_cExport.cmake
[8.845s] -- Installing: /home/mtrn/4231/liam_stuff/4231project/install/messages/share/messages/cmake/messages__rosidl_typesupport_cExport-noconfig.cmake
[8.845s] -- Installing: /home/mtrn/4231/liam_stuff/4231project/install/messages/share/messages/cmake/export_messages__rosidl_generator_cppExport.cmake
[8.846s] -- Installing: /home/mtrn/4231/liam_stuff/4231project/install/messages/share/messages/cmake/export_messages__rosidl_typesupport_fastrtps_cppExport.cmake
[8.846s] -- Installing: /home/mtrn/4231/liam_stuff/4231project/install/messages/share/messages/cmake/export_messages__rosidl_typesupport_fastrtps_cppExport-noconfig.cmake
[8.846s] -- Installing: /home/mtrn/4231/liam_stuff/4231project/install/messages/share/messages/cmake/messages__rosidl_typesupport_introspection_cppExport.cmake
[8.847s] -- Installing: /home/mtrn/4231/liam_stuff/4231project/install/messages/share/messages/cmake/messages__rosidl_typesupport_introspection_cppExport-noconfig.cmake
[8.847s] -- Installing: /home/mtrn/4231/liam_stuff/4231project/install/messages/share/messages/cmake/messages__rosidl_typesupport_cppExport.cmake
[8.847s] -- Installing: /home/mtrn/4231/liam_stuff/4231project/install/messages/share/messages/cmake/messages__rosidl_typesupport_cppExport-noconfig.cmake
[8.847s] -- Installing: /home/mtrn/4231/liam_stuff/4231project/install/messages/share/messages/cmake/export_messages__rosidl_generator_pyExport.cmake
[8.848s] -- Installing: /home/mtrn/4231/liam_stuff/4231project/install/messages/share/messages/cmake/export_messages__rosidl_generator_pyExport-noconfig.cmake
[8.848s] -- Installing: /home/mtrn/4231/liam_stuff/4231project/install/messages/share/messages/cmake/rosidl_cmake-extras.cmake
[8.848s] -- Installing: /home/mtrn/4231/liam_stuff/4231project/install/messages/share/messages/cmake/ament_cmake_export_include_directories-extras.cmake
[8.849s] -- Installing: /home/mtrn/4231/liam_stuff/4231project/install/messages/share/messages/cmake/ament_cmake_export_libraries-extras.cmake
[8.849s] -- Installing: /home/mtrn/4231/liam_stuff/4231project/install/messages/share/messages/cmake/ament_cmake_export_targets-extras.cmake
[8.849s] -- Installing: /home/mtrn/4231/liam_stuff/4231project/install/messages/share/messages/cmake/rosidl_cmake_export_typesupport_targets-extras.cmake
[8.849s] -- Installing: /home/mtrn/4231/liam_stuff/4231project/install/messages/share/messages/cmake/ament_cmake_export_dependencies-extras.cmake
[8.850s] -- Installing: /home/mtrn/4231/liam_stuff/4231project/install/messages/share/messages/cmake/rosidl_cmake_export_typesupport_libraries-extras.cmake
[8.850s] -- Installing: /home/mtrn/4231/liam_stuff/4231project/install/messages/share/messages/cmake/messagesConfig.cmake
[8.850s] -- Installing: /home/mtrn/4231/liam_stuff/4231project/install/messages/share/messages/cmake/messagesConfig-version.cmake
[8.850s] -- Installing: /home/mtrn/4231/liam_stuff/4231project/install/messages/share/messages/package.xml
[8.866s] Invoked command in '/home/mtrn/4231/liam_stuff/4231project/build/messages' returned '0': CMAKE_PREFIX_PATH=${CMAKE_PREFIX_PATH}:/home/mtrn/.local/share/Trash/files/src.3/install/opencv_example:/home/mtrn/.local/share/Trash/files/src.3/install/my_package:/home/mtrn/4231/liam_stuff/4231project/install/opencv_example:/home/mtrn/4231/liam_stuff/4231project/install/my_package:/home/mtrn/4231/ws_moveit2/install/moveit_configs_utils:/home/mtrn/4231/ws_moveit2/install/launch_param_builder:/opt/ros/humble /home/mtrn/.local/bin/cmake --install /home/mtrn/4231/liam_stuff/4231project/build/messages
