[0.053s] Invoking command in '/home/mtrn/4231/liam_stuff/4231project/build/transforms': AMENT_PREFIX_PATH=/home/mtrn/4231/liam_stuff/project_git/4231project/install/ros2_aruco_interfaces:${AMENT_PREFIX_PATH} CMAKE_PREFIX_PATH=/home/mtrn/4231/liam_stuff/4231project/install/ros2_aruco_interfaces:/home/mtrn/4231/liam_stuff/4231project/install/v4l2_camera:/home/mtrn/4231/liam_stuff/4231project/install/transforms:/home/mtrn/4231/liam_stuff/4231project/install/messages:/home/mtrn/4231/liam_stuff/4231project/install/canvas_detector:/home/mtrn/4231/liam_stuff/4231project/install/canvas:/home/mtrn/4231/ros_ur_driver/install/ur:/home/mtrn/4231/ros_ur_driver/install/ur_calibration:/home/mtrn/4231/ros_ur_driver/install/ur_robot_driver:/home/mtrn/4231/ros_ur_driver/install/ur_moveit_config:/home/mtrn/4231/ros_ur_driver/install/ur_bringup:/home/mtrn/4231/ros_ur_driver/install/ur_controllers:/home/mtrn/4231/ros_ur_driver/install/ur_dashboard_msgs:/home/mtrn/4231/ws_moveit2/install/pilz_industrial_motion_planner_testutils:/home/mtrn/4231/ws_moveit2/install/moveit_runtime:/home/mtrn/4231/ws_moveit2/install/moveit2_tutorials:/home/mtrn/4231/ws_moveit2/install/moveit:/home/mtrn/4231/ws_moveit2/install/moveit_planners:/home/mtrn/4231/ws_moveit2/install/pilz_industrial_motion_planner:/home/mtrn/4231/ws_moveit2/install/moveit_visual_tools:/home/mtrn/4231/ws_moveit2/install/moveit_task_constructor_visualization:/home/mtrn/4231/ws_moveit2/install/moveit_task_constructor_demo:/home/mtrn/4231/ws_moveit2/install/moveit_task_constructor_capabilities:/home/mtrn/4231/ws_moveit2/install/moveit_task_constructor_core:/home/mtrn/4231/ws_moveit2/install/moveit_ros_control_interface:/home/mtrn/4231/ws_moveit2/install/moveit_plugins:/home/mtrn/4231/ws_moveit2/install/moveit_simple_controller_manager:/home/mtrn/4231/ws_moveit2/install/moveit_setup_assistant:/home/mtrn/4231/ws_moveit2/install/moveit_setup_srdf_plugins:/home/mtrn/4231/ws_moveit2/install/moveit_setup_core_plugins:/home/mtrn/4231/ws_moveit2/install/moveit_setup_controllers:/home/mtrn/4231/ws_moveit2/install/moveit_setup_app_plugins:/home/mtrn/4231/ws_moveit2/install/moveit_setup_framework:/home/mtrn/4231/ws_moveit2/install/moveit_servo:/home/mtrn/4231/ws_moveit2/install/moveit_ros:/home/mtrn/4231/ws_moveit2/install/moveit_ros_visualization:/home/mtrn/4231/ws_moveit2/install/moveit_hybrid_planning:/home/mtrn/4231/ws_moveit2/install/moveit_ros_planning_interface:/home/mtrn/4231/ws_moveit2/install/moveit_ros_benchmarks:/home/mtrn/4231/ws_moveit2/install/moveit_ros_warehouse:/home/mtrn/4231/ws_moveit2/install/moveit_ros_robot_interaction:/home/mtrn/4231/ws_moveit2/install/moveit_ros_perception:/home/mtrn/4231/ws_moveit2/install/moveit_resources_prbt_pg70_support:/home/mtrn/4231/ws_moveit2/install/moveit_resources_prbt_moveit_config:/home/mtrn/4231/ws_moveit2/install/moveit_ros_move_group:/home/mtrn/4231/ws_moveit2/install/moveit_planners_ompl:/home/mtrn/4231/ws_moveit2/install/moveit_ros_planning:/home/mtrn/4231/ws_moveit2/install/moveit_ros_occupancy_map_monitor:/home/mtrn/4231/ws_moveit2/install/moveit_resources_prbt_ikfast_manipulator_plugin:/home/mtrn/4231/ws_moveit2/install/moveit_planners_chomp:/home/mtrn/4231/ws_moveit2/install/moveit_kinematics:/home/mtrn/4231/ws_moveit2/install/moveit_chomp_optimizer_adapter:/home/mtrn/4231/ws_moveit2/install/chomp_motion_planner:/home/mtrn/4231/ws_moveit2/install/moveit_core:/home/mtrn/4231/ws_moveit2/install/srdfdom:/home/mtrn/4231/ws_moveit2/install/rviz_marker_tools:/home/mtrn/4231/ws_moveit2/install/rosparam_shortcuts:/home/mtrn/4231/ws_moveit2/install/moveit_task_constructor_msgs:/home/mtrn/4231/ws_moveit2/install/moveit_resources_prbt_support:/home/mtrn/4231/ws_moveit2/install/moveit_resources:/home/mtrn/4231/ws_moveit2/install/moveit_resources_pr2_description:/home/mtrn/4231/ws_moveit2/install/moveit_resources_panda_moveit_config:/home/mtrn/4231/ws_moveit2/install/moveit_resources_panda_description:/home/mtrn/4231/ws_moveit2/install/moveit_resources_fanuc_moveit_config:/home/mtrn/4231/ws_moveit2/install/moveit_resources_fanuc_description:/home/mtrn/4231/ws_moveit2/install/moveit_common:/home/mtrn/4231/liam_stuff/4231project/install/ros2_aruco:/home/mtrn/4231/liam_stuff/4231project/install/opencv_example:/home/mtrn/4231/liam_stuff/4231project/install/my_package:/home/mtrn/4231/ws_moveit2/install/moveit_configs_utils:/home/mtrn/4231/ws_moveit2/install/launch_param_builder:/opt/ros/humble LD_LIBRARY_PATH=/home/mtrn/4231/liam_stuff/project_git/4231project/install/ros2_aruco_interfaces/lib:/home/mtrn/4231/liam_stuff/4231project/install/ros2_aruco_interfaces/lib:/home/mtrn/4231/liam_stuff/4231project/install/v4l2_camera/lib:/home/mtrn/4231/liam_stuff/4231project/install/messages/lib:/home/mtrn/4231/liam_stuff/4231project/install/canvas/lib:/home/mtrn/4231/ros_ur_driver/install/ur_robot_driver/lib:/home/mtrn/4231/ros_ur_driver/install/ur_controllers/lib:/home/mtrn/4231/ros_ur_driver/install/ur_dashboard_msgs/lib:/home/mtrn/4231/ws_moveit2/install/pilz_industrial_motion_planner_testutils/lib:/home/mtrn/4231/ws_moveit2/install/pilz_industrial_motion_planner/lib:/home/mtrn/4231/ws_moveit2/install/moveit_visual_tools/lib:/home/mtrn/4231/ws_moveit2/install/moveit_task_constructor_visualization/lib:/home/mtrn/4231/ws_moveit2/install/moveit_task_constructor_demo/lib:/home/mtrn/4231/ws_moveit2/install/moveit_task_constructor_capabilities/lib:/home/mtrn/4231/ws_moveit2/install/moveit_task_constructor_core/lib:/home/mtrn/4231/ws_moveit2/install/moveit_ros_control_interface/lib:/home/mtrn/4231/ws_moveit2/install/moveit_simple_controller_manager/lib:/home/mtrn/4231/ws_moveit2/install/moveit_setup_assistant/lib:/home/mtrn/4231/ws_moveit2/install/moveit_setup_srdf_plugins/lib:/home/mtrn/4231/ws_moveit2/install/moveit_setup_core_plugins/lib:/home/mtrn/4231/ws_moveit2/install/moveit_setup_controllers/lib:/home/mtrn/4231/ws_moveit2/install/moveit_setup_app_plugins/lib:/home/mtrn/4231/ws_moveit2/install/moveit_setup_framework/lib:/home/mtrn/4231/ws_moveit2/install/moveit_servo/lib:/home/mtrn/4231/ws_moveit2/install/moveit_ros_visualization/lib:/home/mtrn/4231/ws_moveit2/install/moveit_hybrid_planning/lib:/home/mtrn/4231/ws_moveit2/install/moveit_ros_planning_interface/lib:/home/mtrn/4231/ws_moveit2/install/moveit_ros_benchmarks/lib:/home/mtrn/4231/ws_moveit2/install/moveit_ros_warehouse/lib:/home/mtrn/4231/ws_moveit2/install/moveit_ros_robot_interaction/lib:/home/mtrn/4231/ws_moveit2/install/moveit_ros_perception/lib:/home/mtrn/4231/ws_moveit2/install/moveit_ros_move_group/lib:/home/mtrn/4231/ws_moveit2/install/moveit_planners_ompl/lib:/home/mtrn/4231/ws_moveit2/install/moveit_ros_planning/lib:/home/mtrn/4231/ws_moveit2/install/moveit_ros_occupancy_map_monitor/lib:/home/mtrn/4231/ws_moveit2/install/moveit_resources_prbt_ikfast_manipulator_plugin/lib:/home/mtrn/4231/ws_moveit2/install/moveit_planners_chomp/lib:/home/mtrn/4231/ws_moveit2/install/moveit_kinematics/lib:/home/mtrn/4231/ws_moveit2/install/moveit_chomp_optimizer_adapter/lib:/home/mtrn/4231/ws_moveit2/install/chomp_motion_planner/lib:/home/mtrn/4231/ws_moveit2/install/moveit_core/lib:/home/mtrn/4231/ws_moveit2/install/srdfdom/lib:/home/mtrn/4231/ws_moveit2/install/rviz_marker_tools/lib:/home/mtrn/4231/ws_moveit2/install/rosparam_shortcuts/lib:/home/mtrn/4231/ws_moveit2/install/moveit_task_constructor_msgs/lib:/opt/ros/humble/opt/rviz_ogre_vendor/lib:/opt/ros/humble/lib/x86_64-linux-gnu:/opt/ros/humble/lib PYTHONPATH=/home/mtrn/4231/liam_stuff/project_git/4231project/install/ros2_aruco_interfaces/local/lib/python3.10/dist-packages:${PYTHONPATH} /home/mtrn/.local/bin/cmake --build /home/mtrn/4231/liam_stuff/4231project/build/transforms -- -j12 -l12
[0.230s] [ 25%] [32mBuilding CXX object CMakeFiles/paper.dir/src/paper.cpp.o[0m
[0.238s] [ 75%] Built target static_camera_transform
[3.418s] [01m[K/home/mtrn/4231/liam_stuff/4231project/src/transforms/src/paper.cpp:[m[K In member function ‘[01m[Kvoid PaperTFBroadcaster::topic_callback(ros2_aruco_interfaces::msg::ArucoMarkers_<std::allocator<void> >::SharedPtr) const[m[K’:
[3.420s] [01m[K/home/mtrn/4231/liam_stuff/4231project/src/transforms/src/paper.cpp:52:32:[m[K [01;31m[Kerror: [m[Kno match for ‘[01m[Koperator<<[m[K’ (operand types are ‘[01m[Kstd::basic_ostream<char>[m[K’ and ‘[01m[Kros2_aruco_interfaces::msg::ArucoMarkers_<std::allocator<void> >::_marker_ids_type[m[K’ {aka ‘[01m[Kstd::vector<long int, std::allocator<long int> >[m[K’})
[3.420s]    52 |             [32m[Kstd::cout << "X: "[m[K [01;31m[K<<[m[K [34m[Kmsg->marker_ids[m[K << std::endl;
[3.421s]       |             [32m[K~~~~~~~~~~~~~~~~~~[m[K [01;31m[K^~[m[K [34m[K~~~~~~~~~~~~~~~[m[K
[3.422s]       |                       [32m[K|[m[K                [34m[K|[m[K
[3.422s]       |                       [32m[K|[m[K                [34m[Kros2_aruco_interfaces::msg::ArucoMarkers_<std::allocator<void> >::_marker_ids_type {aka std::vector<long int, std::allocator<long int> >}[m[K
[3.422s]       |                       [32m[Kstd::basic_ostream<char>[m[K
[3.422s] In file included from [01m[K/usr/include/c++/11/iostream:39[m[K,
[3.422s]                  from [01m[K/opt/ros/humble/include/rclcpp/rclcpp/executor.hpp:22[m[K,
[3.423s]                  from [01m[K/opt/ros/humble/include/rclcpp/rclcpp/executors/multi_threaded_executor.hpp:25[m[K,
[3.423s]                  from [01m[K/opt/ros/humble/include/rclcpp/rclcpp/executors.hpp:21[m[K,
[3.423s]                  from [01m[K/opt/ros/humble/include/rclcpp/rclcpp/rclcpp.hpp:155[m[K,
[3.423s]                  from [01m[K/home/mtrn/4231/liam_stuff/4231project/src/transforms/src/paper.cpp:1[m[K:
[3.424s] [01m[K/usr/include/c++/11/ostream:108:7:[m[K [01;36m[Knote: [m[Kcandidate: ‘[01m[Kstd::basic_ostream<_CharT, _Traits>::__ostream_type& std::basic_ostream<_CharT, _Traits>::operator<<(std::basic_ostream<_CharT, _Traits>::__ostream_type& (*)(std::basic_ostream<_CharT, _Traits>::__ostream_type&)) [with _CharT = char; _Traits = std::char_traits<char>; std::basic_ostream<_CharT, _Traits>::__ostream_type = std::basic_ostream<char>][m[K’
[3.424s]   108 |       [01;36m[Koperator[m[K<<(__ostream_type& (*__pf)(__ostream_type&))
[3.424s]       |       [01;36m[K^~~~~~~~[m[K
[3.424s] [01m[K/usr/include/c++/11/ostream:108:36:[m[K [01;36m[Knote: [m[K  no known conversion for argument 1 from ‘[01m[Kros2_aruco_interfaces::msg::ArucoMarkers_<std::allocator<void> >::_marker_ids_type[m[K’ {aka ‘[01m[Kstd::vector<long int, std::allocator<long int> >[m[K’} to ‘[01m[Kstd::basic_ostream<char>::__ostream_type& (*)(std::basic_ostream<char>::__ostream_type&)[m[K’ {aka ‘[01m[Kstd::basic_ostream<char>& (*)(std::basic_ostream<char>&)[m[K’}
[3.425s]   108 |       operator<<([01;36m[K__ostream_type& (*__pf)(__ostream_type&)[m[K)
[3.425s]       |                  [01;36m[K~~~~~~~~~~~~~~~~~~^~~~~~~~~~~~~~~~~~~~~~[m[K
[3.425s] [01m[K/usr/include/c++/11/ostream:117:7:[m[K [01;36m[Knote: [m[Kcandidate: ‘[01m[Kstd::basic_ostream<_CharT, _Traits>::__ostream_type& std::basic_ostream<_CharT, _Traits>::operator<<(std::basic_ostream<_CharT, _Traits>::__ios_type& (*)(std::basic_ostream<_CharT, _Traits>::__ios_type&)) [with _CharT = char; _Traits = std::char_traits<char>; std::basic_ostream<_CharT, _Traits>::__ostream_type = std::basic_ostream<char>; std::basic_ostream<_CharT, _Traits>::__ios_type = std::basic_ios<char>][m[K’
[3.425s]   117 |       [01;36m[Koperator[m[K<<(__ios_type& (*__pf)(__ios_type&))
[3.426s]       |       [01;36m[K^~~~~~~~[m[K
[3.426s] [01m[K/usr/include/c++/11/ostream:117:32:[m[K [01;36m[Knote: [m[K  no known conversion for argument 1 from ‘[01m[Kros2_aruco_interfaces::msg::ArucoMarkers_<std::allocator<void> >::_marker_ids_type[m[K’ {aka ‘[01m[Kstd::vector<long int, std::allocator<long int> >[m[K’} to ‘[01m[Kstd::basic_ostream<char>::__ios_type& (*)(std::basic_ostream<char>::__ios_type&)[m[K’ {aka ‘[01m[Kstd::basic_ios<char>& (*)(std::basic_ios<char>&)[m[K’}
[3.426s]   117 |       operator<<([01;36m[K__ios_type& (*__pf)(__ios_type&)[m[K)
[3.426s]       |                  [01;36m[K~~~~~~~~~~~~~~^~~~~~~~~~~~~~~~~~[m[K
[3.427s] [01m[K/usr/include/c++/11/ostream:127:7:[m[K [01;36m[Knote: [m[Kcandidate: ‘[01m[Kstd::basic_ostream<_CharT, _Traits>::__ostream_type& std::basic_ostream<_CharT, _Traits>::operator<<(std::ios_base& (*)(std::ios_base&)) [with _CharT = char; _Traits = std::char_traits<char>; std::basic_ostream<_CharT, _Traits>::__ostream_type = std::basic_ostream<char>][m[K’
[3.427s]   127 |       [01;36m[Koperator[m[K<<(ios_base& (*__pf) (ios_base&))
[3.427s]       |       [01;36m[K^~~~~~~~[m[K
[3.427s] [01m[K/usr/include/c++/11/ostream:127:30:[m[K [01;36m[Knote: [m[K  no known conversion for argument 1 from ‘[01m[Kros2_aruco_interfaces::msg::ArucoMarkers_<std::allocator<void> >::_marker_ids_type[m[K’ {aka ‘[01m[Kstd::vector<long int, std::allocator<long int> >[m[K’} to ‘[01m[Kstd::ios_base& (*)(std::ios_base&)[m[K’
[3.428s]   127 |       operator<<([01;36m[Kios_base& (*__pf) (ios_base&)[m[K)
[3.428s]       |                  [01;36m[K~~~~~~~~~~~~^~~~~~~~~~~~~~~~~[m[K
[3.428s] [01m[K/usr/include/c++/11/ostream:166:7:[m[K [01;36m[Knote: [m[Kcandidate: ‘[01m[Kstd::basic_ostream<_CharT, _Traits>::__ostream_type& std::basic_ostream<_CharT, _Traits>::operator<<(long int) [with _CharT = char; _Traits = std::char_traits<char>; std::basic_ostream<_CharT, _Traits>::__ostream_type = std::basic_ostream<char>][m[K’
[3.428s]   166 |       [01;36m[Koperator[m[K<<(long __n)
[3.428s]       |       [01;36m[K^~~~~~~~[m[K
[3.428s] [01m[K/usr/include/c++/11/ostream:166:23:[m[K [01;36m[Knote: [m[K  no known conversion for argument 1 from ‘[01m[Kros2_aruco_interfaces::msg::ArucoMarkers_<std::allocator<void> >::_marker_ids_type[m[K’ {aka ‘[01m[Kstd::vector<long int, std::allocator<long int> >[m[K’} to ‘[01m[Klong int[m[K’
[3.428s]   166 |       operator<<([01;36m[Klong __n[m[K)
[3.428s]       |                  [01;36m[K~~~~~^~~[m[K
[3.429s] [01m[K/usr/include/c++/11/ostream:170:7:[m[K [01;36m[Knote: [m[Kcandidate: ‘[01m[Kstd::basic_ostream<_CharT, _Traits>::__ostream_type& std::basic_ostream<_CharT, _Traits>::operator<<(long unsigned int) [with _CharT = char; _Traits = std::char_traits<char>; std::basic_ostream<_CharT, _Traits>::__ostream_type = std::basic_ostream<char>][m[K’
[3.429s]   170 |       [01;36m[Koperator[m[K<<(unsigned long __n)
[3.429s]       |       [01;36m[K^~~~~~~~[m[K
[3.429s] [01m[K/usr/include/c++/11/ostream:170:32:[m[K [01;36m[Knote: [m[K  no known conversion for argument 1 from ‘[01m[Kros2_aruco_interfaces::msg::ArucoMarkers_<std::allocator<void> >::_marker_ids_type[m[K’ {aka ‘[01m[Kstd::vector<long int, std::allocator<long int> >[m[K’} to ‘[01m[Klong unsigned int[m[K’
[3.430s]   170 |       operator<<([01;36m[Kunsigned long __n[m[K)
[3.430s]       |                  [01;36m[K~~~~~~~~~~~~~~^~~[m[K
[3.430s] [01m[K/usr/include/c++/11/ostream:174:7:[m[K [01;36m[Knote: [m[Kcandidate: ‘[01m[Kstd::basic_ostream<_CharT, _Traits>::__ostream_type& std::basic_ostream<_CharT, _Traits>::operator<<(bool) [with _CharT = char; _Traits = std::char_traits<char>; std::basic_ostream<_CharT, _Traits>::__ostream_type = std::basic_ostream<char>][m[K’
[3.430s]   174 |       [01;36m[Koperator[m[K<<(bool __n)
[3.430s]       |       [01;36m[K^~~~~~~~[m[K
[3.430s] [01m[K/usr/include/c++/11/ostream:174:23:[m[K [01;36m[Knote: [m[K  no known conversion for argument 1 from ‘[01m[Kros2_aruco_interfaces::msg::ArucoMarkers_<std::allocator<void> >::_marker_ids_type[m[K’ {aka ‘[01m[Kstd::vector<long int, std::allocator<long int> >[m[K’} to ‘[01m[Kbool[m[K’
[3.431s]   174 |       operator<<([01;36m[Kbool __n[m[K)
[3.431s]       |                  [01;36m[K~~~~~^~~[m[K
[3.431s] In file included from [01m[K/usr/include/c++/11/ostream:829[m[K,
[3.431s]                  from [01m[K/usr/include/c++/11/iostream:39[m[K,
[3.431s]                  from [01m[K/opt/ros/humble/include/rclcpp/rclcpp/executor.hpp:22[m[K,
[3.432s]                  from [01m[K/opt/ros/humble/include/rclcpp/rclcpp/executors/multi_threaded_executor.hpp:25[m[K,
[3.432s]                  from [01m[K/opt/ros/humble/include/rclcpp/rclcpp/executors.hpp:21[m[K,
[3.432s]                  from [01m[K/opt/ros/humble/include/rclcpp/rclcpp/rclcpp.hpp:155[m[K,
[3.432s]                  from [01m[K/home/mtrn/4231/liam_stuff/4231project/src/transforms/src/paper.cpp:1[m[K:
[3.433s] [01m[K/usr/include/c++/11/bits/ostream.tcc:91:5:[m[K [01;36m[Knote: [m[Kcandidate: ‘[01m[Kstd::basic_ostream<_Ch, _Tr>& std::basic_ostream<_CharT, _Traits>::operator<<(short int) [with _CharT = char; _Traits = std::char_traits<char>][m[K’
[3.433s]    91 |     [01;36m[Kbasic_ostream<_CharT, _Traits>[m[K::
[3.433s]       |     [01;36m[K^~~~~~~~~~~~~~~~~~~~~~~~~~~~~~[m[K
[3.433s] [01m[K/usr/include/c++/11/bits/ostream.tcc:92:22:[m[K [01;36m[Knote: [m[K  no known conversion for argument 1 from ‘[01m[Kros2_aruco_interfaces::msg::ArucoMarkers_<std::allocator<void> >::_marker_ids_type[m[K’ {aka ‘[01m[Kstd::vector<long int, std::allocator<long int> >[m[K’} to ‘[01m[Kshort int[m[K’
[3.433s]    92 |     operator<<([01;36m[Kshort __n[m[K)
[3.434s]       |                [01;36m[K~~~~~~^~~[m[K
[3.434s] In file included from [01m[K/usr/include/c++/11/iostream:39[m[K,
[3.434s]                  from [01m[K/opt/ros/humble/include/rclcpp/rclcpp/executor.hpp:22[m[K,
[3.434s]                  from [01m[K/opt/ros/humble/include/rclcpp/rclcpp/executors/multi_threaded_executor.hpp:25[m[K,
[3.434s]                  from [01m[K/opt/ros/humble/include/rclcpp/rclcpp/executors.hpp:21[m[K,
[3.434s]                  from [01m[K/opt/ros/humble/include/rclcpp/rclcpp/rclcpp.hpp:155[m[K,
[3.435s]                  from [01m[K/home/mtrn/4231/liam_stuff/4231project/src/transforms/src/paper.cpp:1[m[K:
[3.435s] [01m[K/usr/include/c++/11/ostream:181:7:[m[K [01;36m[Knote: [m[Kcandidate: ‘[01m[Kstd::basic_ostream<_CharT, _Traits>::__ostream_type& std::basic_ostream<_CharT, _Traits>::operator<<(short unsigned int) [with _CharT = char; _Traits = std::char_traits<char>; std::basic_ostream<_CharT, _Traits>::__ostream_type = std::basic_ostream<char>][m[K’
[3.435s]   181 |       [01;36m[Koperator[m[K<<(unsigned short __n)
[3.435s]       |       [01;36m[K^~~~~~~~[m[K
[3.435s] [01m[K/usr/include/c++/11/ostream:181:33:[m[K [01;36m[Knote: [m[K  no known conversion for argument 1 from ‘[01m[Kros2_aruco_interfaces::msg::ArucoMarkers_<std::allocator<void> >::_marker_ids_type[m[K’ {aka ‘[01m[Kstd::vector<long int, std::allocator<long int> >[m[K’} to ‘[01m[Kshort unsigned int[m[K’
[3.435s]   181 |       operator<<([01;36m[Kunsigned short __n[m[K)
[3.436s]       |                  [01;36m[K~~~~~~~~~~~~~~~^~~[m[K
[3.436s] In file included from [01m[K/usr/include/c++/11/ostream:829[m[K,
[3.436s]                  from [01m[K/usr/include/c++/11/iostream:39[m[K,
[3.436s]                  from [01m[K/opt/ros/humble/include/rclcpp/rclcpp/executor.hpp:22[m[K,
[3.436s]                  from [01m[K/opt/ros/humble/include/rclcpp/rclcpp/executors/multi_threaded_executor.hpp:25[m[K,
[3.436s]                  from [01m[K/opt/ros/humble/include/rclcpp/rclcpp/executors.hpp:21[m[K,
[3.436s]                  from [01m[K/opt/ros/humble/include/rclcpp/rclcpp/rclcpp.hpp:155[m[K,
[3.437s]                  from [01m[K/home/mtrn/4231/liam_stuff/4231project/src/transforms/src/paper.cpp:1[m[K:
[3.437s] [01m[K/usr/include/c++/11/bits/ostream.tcc:105:5:[m[K [01;36m[Knote: [m[Kcandidate: ‘[01m[Kstd::basic_ostream<_Ch, _Tr>& std::basic_ostream<_CharT, _Traits>::operator<<(int) [with _CharT = char; _Traits = std::char_traits<char>][m[K’
[3.437s]   105 |     [01;36m[Kbasic_ostream<_CharT, _Traits>[m[K::
[3.437s]       |     [01;36m[K^~~~~~~~~~~~~~~~~~~~~~~~~~~~~~[m[K
[3.437s] [01m[K/usr/include/c++/11/bits/ostream.tcc:106:20:[m[K [01;36m[Knote: [m[K  no known conversion for argument 1 from ‘[01m[Kros2_aruco_interfaces::msg::ArucoMarkers_<std::allocator<void> >::_marker_ids_type[m[K’ {aka ‘[01m[Kstd::vector<long int, std::allocator<long int> >[m[K’} to ‘[01m[Kint[m[K’
[3.437s]   106 |     operator<<([01;36m[Kint __n[m[K)
[3.437s]       |                [01;36m[K~~~~^~~[m[K
[3.438s] In file included from [01m[K/usr/include/c++/11/iostream:39[m[K,
[3.438s]                  from [01m[K/opt/ros/humble/include/rclcpp/rclcpp/executor.hpp:22[m[K,
[3.438s]                  from [01m[K/opt/ros/humble/include/rclcpp/rclcpp/executors/multi_threaded_executor.hpp:25[m[K,
[3.438s]                  from [01m[K/opt/ros/humble/include/rclcpp/rclcpp/executors.hpp:21[m[K,
[3.438s]                  from [01m[K/opt/ros/humble/include/rclcpp/rclcpp/rclcpp.hpp:155[m[K,
[3.438s]                  from [01m[K/home/mtrn/4231/liam_stuff/4231project/src/transforms/src/paper.cpp:1[m[K:
[3.438s] [01m[K/usr/include/c++/11/ostream:192:7:[m[K [01;36m[Knote: [m[Kcandidate: ‘[01m[Kstd::basic_ostream<_CharT, _Traits>::__ostream_type& std::basic_ostream<_CharT, _Traits>::operator<<(unsigned int) [with _CharT = char; _Traits = std::char_traits<char>; std::basic_ostream<_CharT, _Traits>::__ostream_type = std::basic_ostream<char>][m[K’
[3.438s]   192 |       [01;36m[Koperator[m[K<<(unsigned int __n)
[3.438s]       |       [01;36m[K^~~~~~~~[m[K
[3.439s] [01m[K/usr/include/c++/11/ostream:192:31:[m[K [01;36m[Knote: [m[K  no known conversion for argument 1 from ‘[01m[Kros2_aruco_interfaces::msg::ArucoMarkers_<std::allocator<void> >::_marker_ids_type[m[K’ {aka ‘[01m[Kstd::vector<long int, std::allocator<long int> >[m[K’} to ‘[01m[Kunsigned int[m[K’
[3.439s]   192 |       operator<<([01;36m[Kunsigned int __n[m[K)
[3.439s]       |                  [01;36m[K~~~~~~~~~~~~~^~~[m[K
[3.439s] [01m[K/usr/include/c++/11/ostream:201:7:[m[K [01;36m[Knote: [m[Kcandidate: ‘[01m[Kstd::basic_ostream<_CharT, _Traits>::__ostream_type& std::basic_ostream<_CharT, _Traits>::operator<<(long long int) [with _CharT = char; _Traits = std::char_traits<char>; std::basic_ostream<_CharT, _Traits>::__ostream_type = std::basic_ostream<char>][m[K’
[3.440s]   201 |       [01;36m[Koperator[m[K<<(long long __n)
[3.440s]       |       [01;36m[K^~~~~~~~[m[K
[3.440s] [01m[K/usr/include/c++/11/ostream:201:28:[m[K [01;36m[Knote: [m[K  no known conversion for argument 1 from ‘[01m[Kros2_aruco_interfaces::msg::ArucoMarkers_<std::allocator<void> >::_marker_ids_type[m[K’ {aka ‘[01m[Kstd::vector<long int, std::allocator<long int> >[m[K’} to ‘[01m[Klong long int[m[K’
[3.440s]   201 |       operator<<([01;36m[Klong long __n[m[K)
[3.441s]       |                  [01;36m[K~~~~~~~~~~^~~[m[K
[3.441s] [01m[K/usr/include/c++/11/ostream:205:7:[m[K [01;36m[Knote: [m[Kcandidate: ‘[01m[Kstd::basic_ostream<_CharT, _Traits>::__ostream_type& std::basic_ostream<_CharT, _Traits>::operator<<(long long unsigned int) [with _CharT = char; _Traits = std::char_traits<char>; std::basic_ostream<_CharT, _Traits>::__ostream_type = std::basic_ostream<char>][m[K’
[3.441s]   205 |       [01;36m[Koperator[m[K<<(unsigned long long __n)
[3.441s]       |       [01;36m[K^~~~~~~~[m[K
[3.441s] [01m[K/usr/include/c++/11/ostream:205:37:[m[K [01;36m[Knote: [m[K  no known conversion for argument 1 from ‘[01m[Kros2_aruco_interfaces::msg::ArucoMarkers_<std::allocator<void> >::_marker_ids_type[m[K’ {aka ‘[01m[Kstd::vector<long int, std::allocator<long int> >[m[K’} to ‘[01m[Klong long unsigned int[m[K’
[3.442s]   205 |       operator<<([01;36m[Kunsigned long long __n[m[K)
[3.442s]       |                  [01;36m[K~~~~~~~~~~~~~~~~~~~^~~[m[K
[3.442s] [01m[K/usr/include/c++/11/ostream:220:7:[m[K [01;36m[Knote: [m[Kcandidate: ‘[01m[Kstd::basic_ostream<_CharT, _Traits>::__ostream_type& std::basic_ostream<_CharT, _Traits>::operator<<(double) [with _CharT = char; _Traits = std::char_traits<char>; std::basic_ostream<_CharT, _Traits>::__ostream_type = std::basic_ostream<char>][m[K’
[3.442s]   220 |       [01;36m[Koperator[m[K<<(double __f)
[3.442s]       |       [01;36m[K^~~~~~~~[m[K
[3.443s] [01m[K/usr/include/c++/11/ostream:220:25:[m[K [01;36m[Knote: [m[K  no known conversion for argument 1 from ‘[01m[Kros2_aruco_interfaces::msg::ArucoMarkers_<std::allocator<void> >::_marker_ids_type[m[K’ {aka ‘[01m[Kstd::vector<long int, std::allocator<long int> >[m[K’} to ‘[01m[Kdouble[m[K’
[3.443s]   220 |       operator<<([01;36m[Kdouble __f[m[K)
[3.443s]       |                  [01;36m[K~~~~~~~^~~[m[K
[3.443s] [01m[K/usr/include/c++/11/ostream:224:7:[m[K [01;36m[Knote: [m[Kcandidate: ‘[01m[Kstd::basic_ostream<_CharT, _Traits>::__ostream_type& std::basic_ostream<_CharT, _Traits>::operator<<(float) [with _CharT = char; _Traits = std::char_traits<char>; std::basic_ostream<_CharT, _Traits>::__ostream_type = std::basic_ostream<char>][m[K’
[3.443s]   224 |       [01;36m[Koperator[m[K<<(float __f)
[3.443s]       |       [01;36m[K^~~~~~~~[m[K
[3.443s] [01m[K/usr/include/c++/11/ostream:224:24:[m[K [01;36m[Knote: [m[K  no known conversion for argument 1 from ‘[01m[Kros2_aruco_interfaces::msg::ArucoMarkers_<std::allocator<void> >::_marker_ids_type[m[K’ {aka ‘[01m[Kstd::vector<long int, std::allocator<long int> >[m[K’} to ‘[01m[Kfloat[m[K’
[3.443s]   224 |       operator<<([01;36m[Kfloat __f[m[K)
[3.444s]       |                  [01;36m[K~~~~~~^~~[m[K
[3.444s] [01m[K/usr/include/c++/11/ostream:232:7:[m[K [01;36m[Knote: [m[Kcandidate: ‘[01m[Kstd::basic_ostream<_CharT, _Traits>::__ostream_type& std::basic_ostream<_CharT, _Traits>::operator<<(long double) [with _CharT = char; _Traits = std::char_traits<char>; std::basic_ostream<_CharT, _Traits>::__ostream_type = std::basic_ostream<char>][m[K’
[3.444s]   232 |       [01;36m[Koperator[m[K<<(long double __f)
[3.444s]       |       [01;36m[K^~~~~~~~[m[K
[3.444s] [01m[K/usr/include/c++/11/ostream:232:30:[m[K [01;36m[Knote: [m[K  no known conversion for argument 1 from ‘[01m[Kros2_aruco_interfaces::msg::ArucoMarkers_<std::allocator<void> >::_marker_ids_type[m[K’ {aka ‘[01m[Kstd::vector<long int, std::allocator<long int> >[m[K’} to ‘[01m[Klong double[m[K’
[3.444s]   232 |       operator<<([01;36m[Klong double __f[m[K)
[3.444s]       |                  [01;36m[K~~~~~~~~~~~~^~~[m[K
[3.444s] [01m[K/usr/include/c++/11/ostream:245:7:[m[K [01;36m[Knote: [m[Kcandidate: ‘[01m[Kstd::basic_ostream<_CharT, _Traits>::__ostream_type& std::basic_ostream<_CharT, _Traits>::operator<<(const void*) [with _CharT = char; _Traits = std::char_traits<char>; std::basic_ostream<_CharT, _Traits>::__ostream_type = std::basic_ostream<char>][m[K’
[3.444s]   245 |       [01;36m[Koperator[m[K<<(const void* __p)
[3.444s]       |       [01;36m[K^~~~~~~~[m[K
[3.445s] [01m[K/usr/include/c++/11/ostream:245:30:[m[K [01;36m[Knote: [m[K  no known conversion for argument 1 from ‘[01m[Kros2_aruco_interfaces::msg::ArucoMarkers_<std::allocator<void> >::_marker_ids_type[m[K’ {aka ‘[01m[Kstd::vector<long int, std::allocator<long int> >[m[K’} to ‘[01m[Kconst void*[m[K’
[3.445s]   245 |       operator<<([01;36m[Kconst void* __p[m[K)
[3.445s]       |                  [01;36m[K~~~~~~~~~~~~^~~[m[K
[3.445s] [01m[K/usr/include/c++/11/ostream:250:7:[m[K [01;36m[Knote: [m[Kcandidate: ‘[01m[Kstd::basic_ostream<_CharT, _Traits>::__ostream_type& std::basic_ostream<_CharT, _Traits>::operator<<(std::nullptr_t) [with _CharT = char; _Traits = std::char_traits<char>; std::basic_ostream<_CharT, _Traits>::__ostream_type = std::basic_ostream<char>; std::nullptr_t = std::nullptr_t][m[K’
[3.445s]   250 |       [01;36m[Koperator[m[K<<(nullptr_t)
[3.445s]       |       [01;36m[K^~~~~~~~[m[K
[3.445s] [01m[K/usr/include/c++/11/ostream:250:18:[m[K [01;36m[Knote: [m[K  no known conversion for argument 1 from ‘[01m[Kros2_aruco_interfaces::msg::ArucoMarkers_<std::allocator<void> >::_marker_ids_type[m[K’ {aka ‘[01m[Kstd::vector<long int, std::allocator<long int> >[m[K’} to ‘[01m[Kstd::nullptr_t[m[K’
[3.445s]   250 |       operator<<([01;36m[Knullptr_t[m[K)
[3.445s]       |                  [01;36m[K^~~~~~~~~[m[K
[3.445s] In file included from [01m[K/usr/include/c++/11/ostream:829[m[K,
[3.445s]                  from [01m[K/usr/include/c++/11/iostream:39[m[K,
[3.445s]                  from [01m[K/opt/ros/humble/include/rclcpp/rclcpp/executor.hpp:22[m[K,
[3.445s]                  from [01m[K/opt/ros/humble/include/rclcpp/rclcpp/executors/multi_threaded_executor.hpp:25[m[K,
[3.445s]                  from [01m[K/opt/ros/humble/include/rclcpp/rclcpp/executors.hpp:21[m[K,
[3.446s]                  from [01m[K/opt/ros/humble/include/rclcpp/rclcpp/rclcpp.hpp:155[m[K,
[3.446s]                  from [01m[K/home/mtrn/4231/liam_stuff/4231project/src/transforms/src/paper.cpp:1[m[K:
[3.446s] [01m[K/usr/include/c++/11/bits/ostream.tcc:119:5:[m[K [01;36m[Knote: [m[Kcandidate: ‘[01m[Kstd::basic_ostream<_Ch, _Tr>& std::basic_ostream<_CharT, _Traits>::operator<<(std::basic_ostream<_CharT, _Traits>::__streambuf_type*) [with _CharT = char; _Traits = std::char_traits<char>; std::basic_ostream<_CharT, _Traits>::__streambuf_type = std::basic_streambuf<char>][m[K’
[3.446s]   119 |     [01;36m[Kbasic_ostream<_CharT, _Traits>[m[K::
[3.446s]       |     [01;36m[K^~~~~~~~~~~~~~~~~~~~~~~~~~~~~~[m[K
[3.446s] [01m[K/usr/include/c++/11/bits/ostream.tcc:120:34:[m[K [01;36m[Knote: [m[K  no known conversion for argument 1 from ‘[01m[Kros2_aruco_interfaces::msg::ArucoMarkers_<std::allocator<void> >::_marker_ids_type[m[K’ {aka ‘[01m[Kstd::vector<long int, std::allocator<long int> >[m[K’} to ‘[01m[Kstd::basic_ostream<char>::__streambuf_type*[m[K’ {aka ‘[01m[Kstd::basic_streambuf<char>*[m[K’}
[3.446s]   120 |     operator<<([01;36m[K__streambuf_type* __sbin[m[K)
[3.446s]       |                [01;36m[K~~~~~~~~~~~~~~~~~~^~~~~~[m[K
[3.446s] In file included from [01m[K/usr/include/c++/11/memory:77[m[K,
[3.446s]                  from [01m[K/opt/ros/humble/include/rclcpp/rclcpp/rclcpp.hpp:153[m[K,
[3.446s]                  from [01m[K/home/mtrn/4231/liam_stuff/4231project/src/transforms/src/paper.cpp:1[m[K:
[3.446s] [01m[K/usr/include/c++/11/bits/shared_ptr.h:70:5:[m[K [01;36m[Knote: [m[Kcandidate: ‘[01m[Ktemplate<class _Ch, class _Tr, class _Tp, __gnu_cxx::_Lock_policy _Lp> std::basic_ostream<_Ch, _Tr>& std::operator<<(std::basic_ostream<_Ch, _Tr>&, const std::__shared_ptr<_Tp, _Lp>&)[m[K’
[3.446s]    70 |     [01;36m[Koperator[m[K<<(std::basic_ostream<_Ch, _Tr>& __os,
[3.447s]       |     [01;36m[K^~~~~~~~[m[K
[3.447s] [01m[K/usr/include/c++/11/bits/shared_ptr.h:70:5:[m[K [01;36m[Knote: [m[K  template argument deduction/substitution failed:
[3.447s] [01m[K/home/mtrn/4231/liam_stuff/4231project/src/transforms/src/paper.cpp:52:40:[m[K [01;36m[Knote: [m[K  ‘[01m[Kros2_aruco_interfaces::msg::ArucoMarkers_<std::allocator<void> >::_marker_ids_type[m[K’ {aka ‘[01m[Kstd::vector<long int, std::allocator<long int> >[m[K’} is not derived from ‘[01m[Kconst std::__shared_ptr<_Tp, _Lp>[m[K’
[3.447s]    52 |             std::cout << "X: " << msg->[01;36m[Kmarker_ids[m[K << std::endl;
[3.447s]       |                                        [01;36m[K^~~~~~~~~~[m[K
[3.447s] In file included from [01m[K/usr/include/c++/11/bits/basic_string.h:48[m[K,
[3.447s]                  from [01m[K/usr/include/c++/11/string:55[m[K,
[3.447s]                  from [01m[K/usr/include/c++/11/stdexcept:39[m[K,
[3.447s]                  from [01m[K/usr/include/c++/11/system_error:41[m[K,
[3.447s]                  from [01m[K/usr/include/c++/11/mutex:42[m[K,
[3.447s]                  from [01m[K/usr/include/c++/11/future:38[m[K,
[3.447s]                  from [01m[K/opt/ros/humble/include/rclcpp/rclcpp/executors.hpp:18[m[K,
[3.447s]                  from [01m[K/opt/ros/humble/include/rclcpp/rclcpp/rclcpp.hpp:155[m[K,
[3.447s]                  from [01m[K/home/mtrn/4231/liam_stuff/4231project/src/transforms/src/paper.cpp:1[m[K:
[3.448s] [01m[K/usr/include/c++/11/string_view:667:5:[m[K [01;36m[Knote: [m[Kcandidate: ‘[01m[Ktemplate<class _CharT, class _Traits> std::basic_ostream<_Ch, _Tr>& std::operator<<(std::basic_ostream<_Ch, _Tr>&, std::basic_string_view<_CharT, _Traits>)[m[K’
[3.448s]   667 |     [01;36m[Koperator[m[K<<(basic_ostream<_CharT, _Traits>& __os,
[3.448s]       |     [01;36m[K^~~~~~~~[m[K
[3.448s] [01m[K/usr/include/c++/11/string_view:667:5:[m[K [01;36m[Knote: [m[K  template argument deduction/substitution failed:
[3.448s] [01m[K/home/mtrn/4231/liam_stuff/4231project/src/transforms/src/paper.cpp:52:40:[m[K [01;36m[Knote: [m[K  ‘[01m[Kstd::vector<long int, std::allocator<long int> >[m[K’ is not derived from ‘[01m[Kstd::basic_string_view<_CharT, _Traits>[m[K’
[3.448s]    52 |             std::cout << "X: " << msg->[01;36m[Kmarker_ids[m[K << std::endl;
[3.448s]       |                                        [01;36m[K^~~~~~~~~~[m[K
[3.448s] In file included from [01m[K/usr/include/c++/11/string:55[m[K,
[3.448s]                  from [01m[K/usr/include/c++/11/stdexcept:39[m[K,
[3.448s]                  from [01m[K/usr/include/c++/11/system_error:41[m[K,
[3.448s]                  from [01m[K/usr/include/c++/11/mutex:42[m[K,
[3.448s]                  from [01m[K/usr/include/c++/11/future:38[m[K,
[3.448s]                  from [01m[K/opt/ros/humble/include/rclcpp/rclcpp/executors.hpp:18[m[K,
[3.448s]                  from [01m[K/opt/ros/humble/include/rclcpp/rclcpp/rclcpp.hpp:155[m[K,
[3.449s]                  from [01m[K/home/mtrn/4231/liam_stuff/4231project/src/transforms/src/paper.cpp:1[m[K:
[3.449s] [01m[K/usr/include/c++/11/bits/basic_string.h:6531:5:[m[K [01;36m[Knote: [m[Kcandidate: ‘[01m[Ktemplate<class _CharT, class _Traits, class _Alloc> std::basic_ostream<_Ch, _Tr>& std::operator<<(std::basic_ostream<_Ch, _Tr>&, const std::__cxx11::basic_string<_CharT, _Traits, _Allocator>&)[m[K’
[3.449s]  6531 |     [01;36m[Koperator[m[K<<(basic_ostream<_CharT, _Traits>& __os,
[3.449s]       |     [01;36m[K^~~~~~~~[m[K
[3.449s] [01m[K/usr/include/c++/11/bits/basic_string.h:6531:5:[m[K [01;36m[Knote: [m[K  template argument deduction/substitution failed:
[3.449s] [01m[K/home/mtrn/4231/liam_stuff/4231project/src/transforms/src/paper.cpp:52:40:[m[K [01;36m[Knote: [m[K  ‘[01m[Kros2_aruco_interfaces::msg::ArucoMarkers_<std::allocator<void> >::_marker_ids_type[m[K’ {aka ‘[01m[Kstd::vector<long int, std::allocator<long int> >[m[K’} is not derived from ‘[01m[Kconst std::__cxx11::basic_string<_CharT, _Traits, _Allocator>[m[K’
[3.449s]    52 |             std::cout << "X: " << msg->[01;36m[Kmarker_ids[m[K << std::endl;
[3.449s]       |                                        [01;36m[K^~~~~~~~~~[m[K
[3.449s] In file included from [01m[K/usr/include/c++/11/mutex:42[m[K,
[3.449s]                  from [01m[K/usr/include/c++/11/future:38[m[K,
[3.449s]                  from [01m[K/opt/ros/humble/include/rclcpp/rclcpp/executors.hpp:18[m[K,
[3.449s]                  from [01m[K/opt/ros/humble/include/rclcpp/rclcpp/rclcpp.hpp:155[m[K,
[3.449s]                  from [01m[K/home/mtrn/4231/liam_stuff/4231project/src/transforms/src/paper.cpp:1[m[K:
[3.449s] [01m[K/usr/include/c++/11/system_error:279:5:[m[K [01;36m[Knote: [m[Kcandidate: ‘[01m[Ktemplate<class _CharT, class _Traits> std::basic_ostream<_Ch, _Tr>& std::operator<<(std::basic_ostream<_Ch, _Tr>&, const std::error_code&)[m[K’
[3.449s]   279 |     [01;36m[Koperator[m[K<<(basic_ostream<_CharT, _Traits>& __os, const error_code& __e)
[3.449s]       |     [01;36m[K^~~~~~~~[m[K
[3.449s] [01m[K/usr/include/c++/11/system_error:279:5:[m[K [01;36m[Knote: [m[K  template argument deduction/substitution failed:
[3.449s] [01m[K/home/mtrn/4231/liam_stuff/4231project/src/transforms/src/paper.cpp:52:40:[m[K [01;36m[Knote: [m[K  cannot convert ‘[01m[K((const std::__shared_ptr_access<ros2_aruco_interfaces::msg::ArucoMarkers_<std::allocator<void> >, __gnu_cxx::_S_atomic, false, false>*)(& msg))->std::__shared_ptr_access<ros2_aruco_interfaces::msg::ArucoMarkers_<std::allocator<void> >, __gnu_cxx::_S_atomic, false, false>::operator->()->ros2_aruco_interfaces::msg::ArucoMarkers_<std::allocator<void> >::marker_ids[m[K’ (type ‘[01m[Kros2_aruco_interfaces::msg::ArucoMarkers_<std::allocator<void> >::_marker_ids_type[m[K’ {aka ‘[01m[Kstd::vector<long int, std::allocator<long int> >[m[K’}) to type ‘[01m[Kconst std::error_code&[m[K’
[3.450s]    52 |             std::cout << "X: " << [01;36m[Kmsg->marker_ids[m[K << std::endl;
[3.450s]       |                                   [01;36m[K~~~~~^~~~~~~~~~[m[K
[3.450s] In file included from [01m[K/opt/ros/humble/include/rclcpp/rclcpp/executors/multi_threaded_executor.hpp:22[m[K,
[3.450s]                  from [01m[K/opt/ros/humble/include/rclcpp/rclcpp/executors.hpp:21[m[K,
[3.450s]                  from [01m[K/opt/ros/humble/include/rclcpp/rclcpp/rclcpp.hpp:155[m[K,
[3.450s]                  from [01m[K/home/mtrn/4231/liam_stuff/4231project/src/transforms/src/paper.cpp:1[m[K:
[3.450s] [01m[K/usr/include/c++/11/thread:92:5:[m[K [01;36m[Knote: [m[Kcandidate: ‘[01m[Ktemplate<class _CharT, class _Traits> std::basic_ostream<_Ch, _Tr>& std::operator<<(std::basic_ostream<_Ch, _Tr>&, std::thread::id)[m[K’
[3.450s]    92 |     [01;36m[Koperator[m[K<<(basic_ostream<_CharT, _Traits>& __out, thread::id __id)
[3.450s]       |     [01;36m[K^~~~~~~~[m[K
[3.450s] [01m[K/usr/include/c++/11/thread:92:5:[m[K [01;36m[Knote: [m[K  template argument deduction/substitution failed:
[3.450s] [01m[K/home/mtrn/4231/liam_stuff/4231project/src/transforms/src/paper.cpp:52:40:[m[K [01;36m[Knote: [m[K  cannot convert ‘[01m[K((const std::__shared_ptr_access<ros2_aruco_interfaces::msg::ArucoMarkers_<std::allocator<void> >, __gnu_cxx::_S_atomic, false, false>*)(& msg))->std::__shared_ptr_access<ros2_aruco_interfaces::msg::ArucoMarkers_<std::allocator<void> >, __gnu_cxx::_S_atomic, false, false>::operator->()->ros2_aruco_interfaces::msg::ArucoMarkers_<std::allocator<void> >::marker_ids[m[K’ (type ‘[01m[Kros2_aruco_interfaces::msg::ArucoMarkers_<std::allocator<void> >::_marker_ids_type[m[K’ {aka ‘[01m[Kstd::vector<long int, std::allocator<long int> >[m[K’}) to type ‘[01m[Kstd::thread::id[m[K’
[3.450s]    52 |             std::cout << "X: " << [01;36m[Kmsg->marker_ids[m[K << std::endl;
[3.450s]       |                                   [01;36m[K~~~~~^~~~~~~~~~[m[K
[3.450s] In file included from [01m[K/usr/include/c++/11/iostream:39[m[K,
[3.450s]                  from [01m[K/opt/ros/humble/include/rclcpp/rclcpp/executor.hpp:22[m[K,
[3.450s]                  from [01m[K/opt/ros/humble/include/rclcpp/rclcpp/executors/multi_threaded_executor.hpp:25[m[K,
[3.450s]                  from [01m[K/opt/ros/humble/include/rclcpp/rclcpp/executors.hpp:21[m[K,
[3.450s]                  from [01m[K/opt/ros/humble/include/rclcpp/rclcpp/rclcpp.hpp:155[m[K,
[3.450s]                  from [01m[K/home/mtrn/4231/liam_stuff/4231project/src/transforms/src/paper.cpp:1[m[K:
[3.450s] [01m[K/usr/include/c++/11/ostream:513:5:[m[K [01;36m[Knote: [m[Kcandidate: ‘[01m[Ktemplate<class _CharT, class _Traits> std::basic_ostream<_Ch, _Tr>& std::operator<<(std::basic_ostream<_Ch, _Tr>&, _CharT)[m[K’
[3.450s]   513 |     [01;36m[Koperator[m[K<<(basic_ostream<_CharT, _Traits>& __out, _CharT __c)
[3.451s]       |     [01;36m[K^~~~~~~~[m[K
[3.451s] [01m[K/usr/include/c++/11/ostream:513:5:[m[K [01;36m[Knote: [m[K  template argument deduction/substitution failed:
[3.451s] [01m[K/home/mtrn/4231/liam_stuff/4231project/src/transforms/src/paper.cpp:52:40:[m[K [01;36m[Knote: [m[K  deduced conflicting types for parameter ‘[01m[K_CharT[m[K’ (‘[01m[Kchar[m[K’ and ‘[01m[Kstd::vector<long int, std::allocator<long int> >[m[K’)
[3.451s]    52 |             std::cout << "X: " << msg->[01;36m[Kmarker_ids[m[K << std::endl;
[3.451s]       |                                        [01;36m[K^~~~~~~~~~[m[K
[3.451s] In file included from [01m[K/usr/include/c++/11/iostream:39[m[K,
[3.451s]                  from [01m[K/opt/ros/humble/include/rclcpp/rclcpp/executor.hpp:22[m[K,
[3.451s]                  from [01m[K/opt/ros/humble/include/rclcpp/rclcpp/executors/multi_threaded_executor.hpp:25[m[K,
[3.451s]                  from [01m[K/opt/ros/humble/include/rclcpp/rclcpp/executors.hpp:21[m[K,
[3.451s]                  from [01m[K/opt/ros/humble/include/rclcpp/rclcpp/rclcpp.hpp:155[m[K,
[3.451s]                  from [01m[K/home/mtrn/4231/liam_stuff/4231project/src/transforms/src/paper.cpp:1[m[K:
[3.451s] [01m[K/usr/include/c++/11/ostream:518:5:[m[K [01;36m[Knote: [m[Kcandidate: ‘[01m[Ktemplate<class _CharT, class _Traits> std::basic_ostream<_Ch, _Tr>& std::operator<<(std::basic_ostream<_Ch, _Tr>&, char)[m[K’
[3.451s]   518 |     [01;36m[Koperator[m[K<<(basic_ostream<_CharT, _Traits>& __out, char __c)
[3.451s]       |     [01;36m[K^~~~~~~~[m[K
[3.451s] [01m[K/usr/include/c++/11/ostream:518:5:[m[K [01;36m[Knote: [m[K  template argument deduction/substitution failed:
[3.451s] [01m[K/home/mtrn/4231/liam_stuff/4231project/src/transforms/src/paper.cpp:52:40:[m[K [01;36m[Knote: [m[K  cannot convert ‘[01m[K((const std::__shared_ptr_access<ros2_aruco_interfaces::msg::ArucoMarkers_<std::allocator<void> >, __gnu_cxx::_S_atomic, false, false>*)(& msg))->std::__shared_ptr_access<ros2_aruco_interfaces::msg::ArucoMarkers_<std::allocator<void> >, __gnu_cxx::_S_atomic, false, false>::operator->()->ros2_aruco_interfaces::msg::ArucoMarkers_<std::allocator<void> >::marker_ids[m[K’ (type ‘[01m[Kros2_aruco_interfaces::msg::ArucoMarkers_<std::allocator<void> >::_marker_ids_type[m[K’ {aka ‘[01m[Kstd::vector<long int, std::allocator<long int> >[m[K’}) to type ‘[01m[Kchar[m[K’
[3.451s]    52 |             std::cout << "X: " << [01;36m[Kmsg->marker_ids[m[K << std::endl;
[3.451s]       |                                   [01;36m[K~~~~~^~~~~~~~~~[m[K
[3.451s] In file included from [01m[K/usr/include/c++/11/iostream:39[m[K,
[3.451s]                  from [01m[K/opt/ros/humble/include/rclcpp/rclcpp/executor.hpp:22[m[K,
[3.452s]                  from [01m[K/opt/ros/humble/include/rclcpp/rclcpp/executors/multi_threaded_executor.hpp:25[m[K,
[3.452s]                  from [01m[K/opt/ros/humble/include/rclcpp/rclcpp/executors.hpp:21[m[K,
[3.452s]                  from [01m[K/opt/ros/humble/include/rclcpp/rclcpp/rclcpp.hpp:155[m[K,
[3.452s]                  from [01m[K/home/mtrn/4231/liam_stuff/4231project/src/transforms/src/paper.cpp:1[m[K:
[3.452s] [01m[K/usr/include/c++/11/ostream:524:5:[m[K [01;36m[Knote: [m[Kcandidate: ‘[01m[Ktemplate<class _Traits> std::basic_ostream<char, _Traits>& std::operator<<(std::basic_ostream<char, _Traits>&, char)[m[K’
[3.452s]   524 |     [01;36m[Koperator[m[K<<(basic_ostream<char, _Traits>& __out, char __c)
[3.452s]       |     [01;36m[K^~~~~~~~[m[K
[3.452s] [01m[K/usr/include/c++/11/ostream:524:5:[m[K [01;36m[Knote: [m[K  template argument deduction/substitution failed:
[3.452s] [01m[K/home/mtrn/4231/liam_stuff/4231project/src/transforms/src/paper.cpp:52:40:[m[K [01;36m[Knote: [m[K  cannot convert ‘[01m[K((const std::__shared_ptr_access<ros2_aruco_interfaces::msg::ArucoMarkers_<std::allocator<void> >, __gnu_cxx::_S_atomic, false, false>*)(& msg))->std::__shared_ptr_access<ros2_aruco_interfaces::msg::ArucoMarkers_<std::allocator<void> >, __gnu_cxx::_S_atomic, false, false>::operator->()->ros2_aruco_interfaces::msg::ArucoMarkers_<std::allocator<void> >::marker_ids[m[K’ (type ‘[01m[Kros2_aruco_interfaces::msg::ArucoMarkers_<std::allocator<void> >::_marker_ids_type[m[K’ {aka ‘[01m[Kstd::vector<long int, std::allocator<long int> >[m[K’}) to type ‘[01m[Kchar[m[K’
[3.452s]    52 |             std::cout << "X: " << [01;36m[Kmsg->marker_ids[m[K << std::endl;
[3.452s]       |                                   [01;36m[K~~~~~^~~~~~~~~~[m[K
[3.452s] In file included from [01m[K/usr/include/c++/11/iostream:39[m[K,
[3.452s]                  from [01m[K/opt/ros/humble/include/rclcpp/rclcpp/executor.hpp:22[m[K,
[3.452s]                  from [01m[K/opt/ros/humble/include/rclcpp/rclcpp/executors/multi_threaded_executor.hpp:25[m[K,
[3.452s]                  from [01m[K/opt/ros/humble/include/rclcpp/rclcpp/executors.hpp:21[m[K,
[3.452s]                  from [01m[K/opt/ros/humble/include/rclcpp/rclcpp/rclcpp.hpp:155[m[K,
[3.452s]                  from [01m[K/home/mtrn/4231/liam_stuff/4231project/src/transforms/src/paper.cpp:1[m[K:
[3.452s] [01m[K/usr/include/c++/11/ostream:530:5:[m[K [01;36m[Knote: [m[Kcandidate: ‘[01m[Ktemplate<class _Traits> std::basic_ostream<char, _Traits>& std::operator<<(std::basic_ostream<char, _Traits>&, signed char)[m[K’
[3.452s]   530 |     [01;36m[Koperator[m[K<<(basic_ostream<char, _Traits>& __out, signed char __c)
[3.452s]       |     [01;36m[K^~~~~~~~[m[K
[3.452s] [01m[K/usr/include/c++/11/ostream:530:5:[m[K [01;36m[Knote: [m[K  template argument deduction/substitution failed:
[3.453s] [01m[K/home/mtrn/4231/liam_stuff/4231project/src/transforms/src/paper.cpp:52:40:[m[K [01;36m[Knote: [m[K  cannot convert ‘[01m[K((const std::__shared_ptr_access<ros2_aruco_interfaces::msg::ArucoMarkers_<std::allocator<void> >, __gnu_cxx::_S_atomic, false, false>*)(& msg))->std::__shared_ptr_access<ros2_aruco_interfaces::msg::ArucoMarkers_<std::allocator<void> >, __gnu_cxx::_S_atomic, false, false>::operator->()->ros2_aruco_interfaces::msg::ArucoMarkers_<std::allocator<void> >::marker_ids[m[K’ (type ‘[01m[Kros2_aruco_interfaces::msg::ArucoMarkers_<std::allocator<void> >::_marker_ids_type[m[K’ {aka ‘[01m[Kstd::vector<long int, std::allocator<long int> >[m[K’}) to type ‘[01m[Ksigned char[m[K’
[3.453s]    52 |             std::cout << "X: " << [01;36m[Kmsg->marker_ids[m[K << std::endl;
[3.453s]       |                                   [01;36m[K~~~~~^~~~~~~~~~[m[K
[3.453s] In file included from [01m[K/usr/include/c++/11/iostream:39[m[K,
[3.453s]                  from [01m[K/opt/ros/humble/include/rclcpp/rclcpp/executor.hpp:22[m[K,
[3.453s]                  from [01m[K/opt/ros/humble/include/rclcpp/rclcpp/executors/multi_threaded_executor.hpp:25[m[K,
[3.453s]                  from [01m[K/opt/ros/humble/include/rclcpp/rclcpp/executors.hpp:21[m[K,
[3.453s]                  from [01m[K/opt/ros/humble/include/rclcpp/rclcpp/rclcpp.hpp:155[m[K,
[3.453s]                  from [01m[K/home/mtrn/4231/liam_stuff/4231project/src/transforms/src/paper.cpp:1[m[K:
[3.453s] [01m[K/usr/include/c++/11/ostream:535:5:[m[K [01;36m[Knote: [m[Kcandidate: ‘[01m[Ktemplate<class _Traits> std::basic_ostream<char, _Traits>& std::operator<<(std::basic_ostream<char, _Traits>&, unsigned char)[m[K’
[3.453s]   535 |     [01;36m[Koperator[m[K<<(basic_ostream<char, _Traits>& __out, unsigned char __c)
[3.453s]       |     [01;36m[K^~~~~~~~[m[K
[3.453s] [01m[K/usr/include/c++/11/ostream:535:5:[m[K [01;36m[Knote: [m[K  template argument deduction/substitution failed:
[3.453s] [01m[K/home/mtrn/4231/liam_stuff/4231project/src/transforms/src/paper.cpp:52:40:[m[K [01;36m[Knote: [m[K  cannot convert ‘[01m[K((const std::__shared_ptr_access<ros2_aruco_interfaces::msg::ArucoMarkers_<std::allocator<void> >, __gnu_cxx::_S_atomic, false, false>*)(& msg))->std::__shared_ptr_access<ros2_aruco_interfaces::msg::ArucoMarkers_<std::allocator<void> >, __gnu_cxx::_S_atomic, false, false>::operator->()->ros2_aruco_interfaces::msg::ArucoMarkers_<std::allocator<void> >::marker_ids[m[K’ (type ‘[01m[Kros2_aruco_interfaces::msg::ArucoMarkers_<std::allocator<void> >::_marker_ids_type[m[K’ {aka ‘[01m[Kstd::vector<long int, std::allocator<long int> >[m[K’}) to type ‘[01m[Kunsigned char[m[K’
[3.453s]    52 |             std::cout << "X: " << [01;36m[Kmsg->marker_ids[m[K << std::endl;
[3.453s]       |                                   [01;36m[K~~~~~^~~~~~~~~~[m[K
[3.453s] In file included from [01m[K/usr/include/c++/11/iostream:39[m[K,
[3.453s]                  from [01m[K/opt/ros/humble/include/rclcpp/rclcpp/executor.hpp:22[m[K,
[3.453s]                  from [01m[K/opt/ros/humble/include/rclcpp/rclcpp/executors/multi_threaded_executor.hpp:25[m[K,
[3.453s]                  from [01m[K/opt/ros/humble/include/rclcpp/rclcpp/executors.hpp:21[m[K,
[3.453s]                  from [01m[K/opt/ros/humble/include/rclcpp/rclcpp/rclcpp.hpp:155[m[K,
[3.454s]                  from [01m[K/home/mtrn/4231/liam_stuff/4231project/src/transforms/src/paper.cpp:1[m[K:
[3.454s] [01m[K/usr/include/c++/11/ostream:594:5:[m[K [01;36m[Knote: [m[Kcandidate: ‘[01m[Ktemplate<class _CharT, class _Traits> std::basic_ostream<_Ch, _Tr>& std::operator<<(std::basic_ostream<_Ch, _Tr>&, const _CharT*)[m[K’
[3.454s]   594 |     [01;36m[Koperator[m[K<<(basic_ostream<_CharT, _Traits>& __out, const _CharT* __s)
[3.454s]       |     [01;36m[K^~~~~~~~[m[K
[3.454s] [01m[K/usr/include/c++/11/ostream:594:5:[m[K [01;36m[Knote: [m[K  template argument deduction/substitution failed:
[3.454s] [01m[K/home/mtrn/4231/liam_stuff/4231project/src/transforms/src/paper.cpp:52:40:[m[K [01;36m[Knote: [m[K  mismatched types ‘[01m[Kconst _CharT*[m[K’ and ‘[01m[Kstd::vector<long int, std::allocator<long int> >[m[K’
[3.454s]    52 |             std::cout << "X: " << msg->[01;36m[Kmarker_ids[m[K << std::endl;
[3.454s]       |                                        [01;36m[K^~~~~~~~~~[m[K
[3.454s] In file included from [01m[K/usr/include/c++/11/ostream:829[m[K,
[3.454s]                  from [01m[K/usr/include/c++/11/iostream:39[m[K,
[3.454s]                  from [01m[K/opt/ros/humble/include/rclcpp/rclcpp/executor.hpp:22[m[K,
[3.454s]                  from [01m[K/opt/ros/humble/include/rclcpp/rclcpp/executors/multi_threaded_executor.hpp:25[m[K,
[3.454s]                  from [01m[K/opt/ros/humble/include/rclcpp/rclcpp/executors.hpp:21[m[K,
[3.454s]                  from [01m[K/opt/ros/humble/include/rclcpp/rclcpp/rclcpp.hpp:155[m[K,
[3.454s]                  from [01m[K/home/mtrn/4231/liam_stuff/4231project/src/transforms/src/paper.cpp:1[m[K:
[3.454s] [01m[K/usr/include/c++/11/bits/ostream.tcc:321:5:[m[K [01;36m[Knote: [m[Kcandidate: ‘[01m[Ktemplate<class _CharT, class _Traits> std::basic_ostream<_Ch, _Tr>& std::operator<<(std::basic_ostream<_Ch, _Tr>&, const char*)[m[K’
[3.454s]   321 |     [01;36m[Koperator[m[K<<(basic_ostream<_CharT, _Traits>& __out, const char* __s)
[3.454s]       |     [01;36m[K^~~~~~~~[m[K
[3.454s] [01m[K/usr/include/c++/11/bits/ostream.tcc:321:5:[m[K [01;36m[Knote: [m[K  template argument deduction/substitution failed:
[3.454s] [01m[K/home/mtrn/4231/liam_stuff/4231project/src/transforms/src/paper.cpp:52:40:[m[K [01;36m[Knote: [m[K  cannot convert ‘[01m[K((const std::__shared_ptr_access<ros2_aruco_interfaces::msg::ArucoMarkers_<std::allocator<void> >, __gnu_cxx::_S_atomic, false, false>*)(& msg))->std::__shared_ptr_access<ros2_aruco_interfaces::msg::ArucoMarkers_<std::allocator<void> >, __gnu_cxx::_S_atomic, false, false>::operator->()->ros2_aruco_interfaces::msg::ArucoMarkers_<std::allocator<void> >::marker_ids[m[K’ (type ‘[01m[Kros2_aruco_interfaces::msg::ArucoMarkers_<std::allocator<void> >::_marker_ids_type[m[K’ {aka ‘[01m[Kstd::vector<long int, std::allocator<long int> >[m[K’}) to type ‘[01m[Kconst char*[m[K’
[3.454s]    52 |             std::cout << "X: " << [01;36m[Kmsg->marker_ids[m[K << std::endl;
[3.455s]       |                                   [01;36m[K~~~~~^~~~~~~~~~[m[K
[3.455s] In file included from [01m[K/usr/include/c++/11/iostream:39[m[K,
[3.455s]                  from [01m[K/opt/ros/humble/include/rclcpp/rclcpp/executor.hpp:22[m[K,
[3.455s]                  from [01m[K/opt/ros/humble/include/rclcpp/rclcpp/executors/multi_threaded_executor.hpp:25[m[K,
[3.455s]                  from [01m[K/opt/ros/humble/include/rclcpp/rclcpp/executors.hpp:21[m[K,
[3.455s]                  from [01m[K/opt/ros/humble/include/rclcpp/rclcpp/rclcpp.hpp:155[m[K,
[3.455s]                  from [01m[K/home/mtrn/4231/liam_stuff/4231project/src/transforms/src/paper.cpp:1[m[K:
[3.455s] [01m[K/usr/include/c++/11/ostream:611:5:[m[K [01;36m[Knote: [m[Kcandidate: ‘[01m[Ktemplate<class _Traits> std::basic_ostream<char, _Traits>& std::operator<<(std::basic_ostream<char, _Traits>&, const char*)[m[K’
[3.455s]   611 |     [01;36m[Koperator[m[K<<(basic_ostream<char, _Traits>& __out, const char* __s)
[3.455s]       |     [01;36m[K^~~~~~~~[m[K
[3.455s] [01m[K/usr/include/c++/11/ostream:611:5:[m[K [01;36m[Knote: [m[K  template argument deduction/substitution failed:
[3.455s] [01m[K/home/mtrn/4231/liam_stuff/4231project/src/transforms/src/paper.cpp:52:40:[m[K [01;36m[Knote: [m[K  cannot convert ‘[01m[K((const std::__shared_ptr_access<ros2_aruco_interfaces::msg::ArucoMarkers_<std::allocator<void> >, __gnu_cxx::_S_atomic, false, false>*)(& msg))->std::__shared_ptr_access<ros2_aruco_interfaces::msg::ArucoMarkers_<std::allocator<void> >, __gnu_cxx::_S_atomic, false, false>::operator->()->ros2_aruco_interfaces::msg::ArucoMarkers_<std::allocator<void> >::marker_ids[m[K’ (type ‘[01m[Kros2_aruco_interfaces::msg::ArucoMarkers_<std::allocator<void> >::_marker_ids_type[m[K’ {aka ‘[01m[Kstd::vector<long int, std::allocator<long int> >[m[K’}) to type ‘[01m[Kconst char*[m[K’
[3.455s]    52 |             std::cout << "X: " << [01;36m[Kmsg->marker_ids[m[K << std::endl;
[3.455s]       |                                   [01;36m[K~~~~~^~~~~~~~~~[m[K
[3.455s] In file included from [01m[K/usr/include/c++/11/iostream:39[m[K,
[3.455s]                  from [01m[K/opt/ros/humble/include/rclcpp/rclcpp/executor.hpp:22[m[K,
[3.455s]                  from [01m[K/opt/ros/humble/include/rclcpp/rclcpp/executors/multi_threaded_executor.hpp:25[m[K,
[3.455s]                  from [01m[K/opt/ros/humble/include/rclcpp/rclcpp/executors.hpp:21[m[K,
[3.455s]                  from [01m[K/opt/ros/humble/include/rclcpp/rclcpp/rclcpp.hpp:155[m[K,
[3.455s]                  from [01m[K/home/mtrn/4231/liam_stuff/4231project/src/transforms/src/paper.cpp:1[m[K:
[3.455s] [01m[K/usr/include/c++/11/ostream:624:5:[m[K [01;36m[Knote: [m[Kcandidate: ‘[01m[Ktemplate<class _Traits> std::basic_ostream<char, _Traits>& std::operator<<(std::basic_ostream<char, _Traits>&, const signed char*)[m[K’
[3.456s]   624 |     [01;36m[Koperator[m[K<<(basic_ostream<char, _Traits>& __out, const signed char* __s)
[3.456s]       |     [01;36m[K^~~~~~~~[m[K
[3.456s] [01m[K/usr/include/c++/11/ostream:624:5:[m[K [01;36m[Knote: [m[K  template argument deduction/substitution failed:
[3.456s] [01m[K/home/mtrn/4231/liam_stuff/4231project/src/transforms/src/paper.cpp:52:40:[m[K [01;36m[Knote: [m[K  cannot convert ‘[01m[K((const std::__shared_ptr_access<ros2_aruco_interfaces::msg::ArucoMarkers_<std::allocator<void> >, __gnu_cxx::_S_atomic, false, false>*)(& msg))->std::__shared_ptr_access<ros2_aruco_interfaces::msg::ArucoMarkers_<std::allocator<void> >, __gnu_cxx::_S_atomic, false, false>::operator->()->ros2_aruco_interfaces::msg::ArucoMarkers_<std::allocator<void> >::marker_ids[m[K’ (type ‘[01m[Kros2_aruco_interfaces::msg::ArucoMarkers_<std::allocator<void> >::_marker_ids_type[m[K’ {aka ‘[01m[Kstd::vector<long int, std::allocator<long int> >[m[K’}) to type ‘[01m[Kconst signed char*[m[K’
[3.456s]    52 |             std::cout << "X: " << [01;36m[Kmsg->marker_ids[m[K << std::endl;
[3.456s]       |                                   [01;36m[K~~~~~^~~~~~~~~~[m[K
[3.456s] In file included from [01m[K/usr/include/c++/11/iostream:39[m[K,
[3.456s]                  from [01m[K/opt/ros/humble/include/rclcpp/rclcpp/executor.hpp:22[m[K,
[3.456s]                  from [01m[K/opt/ros/humble/include/rclcpp/rclcpp/executors/multi_threaded_executor.hpp:25[m[K,
[3.456s]                  from [01m[K/opt/ros/humble/include/rclcpp/rclcpp/executors.hpp:21[m[K,
[3.456s]                  from [01m[K/opt/ros/humble/include/rclcpp/rclcpp/rclcpp.hpp:155[m[K,
[3.456s]                  from [01m[K/home/mtrn/4231/liam_stuff/4231project/src/transforms/src/paper.cpp:1[m[K:
[3.456s] [01m[K/usr/include/c++/11/ostream:629:5:[m[K [01;36m[Knote: [m[Kcandidate: ‘[01m[Ktemplate<class _Traits> std::basic_ostream<char, _Traits>& std::operator<<(std::basic_ostream<char, _Traits>&, const unsigned char*)[m[K’
[3.456s]   629 |     [01;36m[Koperator[m[K<<(basic_ostream<char, _Traits>& __out, const unsigned char* __s)
[3.456s]       |     [01;36m[K^~~~~~~~[m[K
[3.456s] [01m[K/usr/include/c++/11/ostream:629:5:[m[K [01;36m[Knote: [m[K  template argument deduction/substitution failed:
[3.457s] [01m[K/home/mtrn/4231/liam_stuff/4231project/src/transforms/src/paper.cpp:52:40:[m[K [01;36m[Knote: [m[K  cannot convert ‘[01m[K((const std::__shared_ptr_access<ros2_aruco_interfaces::msg::ArucoMarkers_<std::allocator<void> >, __gnu_cxx::_S_atomic, false, false>*)(& msg))->std::__shared_ptr_access<ros2_aruco_interfaces::msg::ArucoMarkers_<std::allocator<void> >, __gnu_cxx::_S_atomic, false, false>::operator->()->ros2_aruco_interfaces::msg::ArucoMarkers_<std::allocator<void> >::marker_ids[m[K’ (type ‘[01m[Kros2_aruco_interfaces::msg::ArucoMarkers_<std::allocator<void> >::_marker_ids_type[m[K’ {aka ‘[01m[Kstd::vector<long int, std::allocator<long int> >[m[K’}) to type ‘[01m[Kconst unsigned char*[m[K’
[3.457s]    52 |             std::cout << "X: " << [01;36m[Kmsg->marker_ids[m[K << std::endl;
[3.457s]       |                                   [01;36m[K~~~~~^~~~~~~~~~[m[K
[3.457s] In file included from [01m[K/usr/include/c++/11/iostream:39[m[K,
[3.457s]                  from [01m[K/opt/ros/humble/include/rclcpp/rclcpp/executor.hpp:22[m[K,
[3.457s]                  from [01m[K/opt/ros/humble/include/rclcpp/rclcpp/executors/multi_threaded_executor.hpp:25[m[K,
[3.457s]                  from [01m[K/opt/ros/humble/include/rclcpp/rclcpp/executors.hpp:21[m[K,
[3.457s]                  from [01m[K/opt/ros/humble/include/rclcpp/rclcpp/rclcpp.hpp:155[m[K,
[3.457s]                  from [01m[K/home/mtrn/4231/liam_stuff/4231project/src/transforms/src/paper.cpp:1[m[K:
[3.457s] [01m[K/usr/include/c++/11/ostream:750:5:[m[K [01;36m[Knote: [m[Kcandidate: ‘[01m[Ktemplate<class _Ostream, class _Tp> _Ostream&& std::operator<<(_Ostream&&, const _Tp&)[m[K’
[3.457s]   750 |     [01;36m[Koperator[m[K<<(_Ostream&& __os, const _Tp& __x)
[3.457s]       |     [01;36m[K^~~~~~~~[m[K
[3.457s] [01m[K/usr/include/c++/11/ostream:750:5:[m[K [01;36m[Knote: [m[K  template argument deduction/substitution failed:
[3.457s] /usr/include/c++/11/ostream: In substitution of ‘[01m[Ktemplate<class _Ostream, class _Tp> _Ostream&& std::operator<<(_Ostream&&, const _Tp&) [with _Ostream = std::basic_ostream<char>&; _Tp = std::vector<long int, std::allocator<long int> >][m[K’:
[3.457s] [01m[K/home/mtrn/4231/liam_stuff/4231project/src/transforms/src/paper.cpp:52:40:[m[K   required from here
[3.457s] [01m[K/usr/include/c++/11/ostream:750:5:[m[K [01;31m[Kerror: [m[Kno type named ‘[01m[Ktype[m[K’ in ‘[01m[Kstruct std::enable_if<false, void>[m[K’
[3.457s] In file included from [01m[K/opt/ros/humble/include/rosidl_runtime_cpp/rosidl_runtime_cpp/traits.hpp:19[m[K,
[3.457s]                  from [01m[K/opt/ros/humble/include/builtin_interfaces/builtin_interfaces/msg/detail/duration__traits.hpp:15[m[K,
[3.457s]                  from [01m[K/opt/ros/humble/include/builtin_interfaces/builtin_interfaces/msg/duration.hpp:9[m[K,
[3.457s]                  from [01m[K/opt/ros/humble/include/rclcpp/rclcpp/duration.hpp:20[m[K,
[3.458s]                  from [01m[K/opt/ros/humble/include/rclcpp/rclcpp/qos.hpp:20[m[K,
[3.458s]                  from [01m[K/opt/ros/humble/include/rclcpp/rclcpp/node_interfaces/node_graph_interface.hpp:32[m[K,
[3.458s]                  from [01m[K/opt/ros/humble/include/rclcpp/rclcpp/client.hpp:42[m[K,
[3.458s]                  from [01m[K/opt/ros/humble/include/rclcpp/rclcpp/callback_group.hpp:24[m[K,
[3.458s]                  from [01m[K/opt/ros/humble/include/rclcpp/rclcpp/any_executable.hpp:20[m[K,
[3.458s]                  from [01m[K/opt/ros/humble/include/rclcpp/rclcpp/memory_strategy.hpp:25[m[K,
[3.458s]                  from [01m[K/opt/ros/humble/include/rclcpp/rclcpp/memory_strategies.hpp:18[m[K,
[3.458s]                  from [01m[K/opt/ros/humble/include/rclcpp/rclcpp/executor_options.hpp:20[m[K,
[3.458s]                  from [01m[K/opt/ros/humble/include/rclcpp/rclcpp/executor.hpp:37[m[K,
[3.458s]                  from [01m[K/opt/ros/humble/include/rclcpp/rclcpp/executors/multi_threaded_executor.hpp:25[m[K,
[3.458s]                  from [01m[K/opt/ros/humble/include/rclcpp/rclcpp/executors.hpp:21[m[K,
[3.458s]                  from [01m[K/opt/ros/humble/include/rclcpp/rclcpp/rclcpp.hpp:155[m[K,
[3.458s]                  from [01m[K/home/mtrn/4231/liam_stuff/4231project/src/transforms/src/paper.cpp:1[m[K:
[3.458s] [01m[K/usr/include/c++/11/iomanip:79:5:[m[K [01;36m[Knote: [m[Kcandidate: ‘[01m[Ktemplate<class _CharT, class _Traits> std::basic_ostream<_Ch, _Tr>& std::operator<<(std::basic_ostream<_Ch, _Tr>&, std::_Resetiosflags)[m[K’
[3.458s]    79 |     [01;36m[Koperator[m[K<<(basic_ostream<_CharT, _Traits>& __os, _Resetiosflags __f)
[3.458s]       |     [01;36m[K^~~~~~~~[m[K
[3.458s] [01m[K/usr/include/c++/11/iomanip:79:5:[m[K [01;36m[Knote: [m[K  template argument deduction/substitution failed:
[3.458s] [01m[K/home/mtrn/4231/liam_stuff/4231project/src/transforms/src/paper.cpp:52:40:[m[K [01;36m[Knote: [m[K  cannot convert ‘[01m[K((const std::__shared_ptr_access<ros2_aruco_interfaces::msg::ArucoMarkers_<std::allocator<void> >, __gnu_cxx::_S_atomic, false, false>*)(& msg))->std::__shared_ptr_access<ros2_aruco_interfaces::msg::ArucoMarkers_<std::allocator<void> >, __gnu_cxx::_S_atomic, false, false>::operator->()->ros2_aruco_interfaces::msg::ArucoMarkers_<std::allocator<void> >::marker_ids[m[K’ (type ‘[01m[Kros2_aruco_interfaces::msg::ArucoMarkers_<std::allocator<void> >::_marker_ids_type[m[K’ {aka ‘[01m[Kstd::vector<long int, std::allocator<long int> >[m[K’}) to type ‘[01m[Kstd::_Resetiosflags[m[K’
[3.458s]    52 |             std::cout << "X: " << [01;36m[Kmsg->marker_ids[m[K << std::endl;
[3.458s]       |                                   [01;36m[K~~~~~^~~~~~~~~~[m[K
[3.458s] In file included from [01m[K/opt/ros/humble/include/rosidl_runtime_cpp/rosidl_runtime_cpp/traits.hpp:19[m[K,
[3.458s]                  from [01m[K/opt/ros/humble/include/builtin_interfaces/builtin_interfaces/msg/detail/duration__traits.hpp:15[m[K,
[3.459s]                  from [01m[K/opt/ros/humble/include/builtin_interfaces/builtin_interfaces/msg/duration.hpp:9[m[K,
[3.459s]                  from [01m[K/opt/ros/humble/include/rclcpp/rclcpp/duration.hpp:20[m[K,
[3.459s]                  from [01m[K/opt/ros/humble/include/rclcpp/rclcpp/qos.hpp:20[m[K,
[3.459s]                  from [01m[K/opt/ros/humble/include/rclcpp/rclcpp/node_interfaces/node_graph_interface.hpp:32[m[K,
[3.459s]                  from [01m[K/opt/ros/humble/include/rclcpp/rclcpp/client.hpp:42[m[K,
[3.459s]                  from [01m[K/opt/ros/humble/include/rclcpp/rclcpp/callback_group.hpp:24[m[K,
[3.459s]                  from [01m[K/opt/ros/humble/include/rclcpp/rclcpp/any_executable.hpp:20[m[K,
[3.459s]                  from [01m[K/opt/ros/humble/include/rclcpp/rclcpp/memory_strategy.hpp:25[m[K,
[3.459s]                  from [01m[K/opt/ros/humble/include/rclcpp/rclcpp/memory_strategies.hpp:18[m[K,
[3.459s]                  from [01m[K/opt/ros/humble/include/rclcpp/rclcpp/executor_options.hpp:20[m[K,
[3.459s]                  from [01m[K/opt/ros/humble/include/rclcpp/rclcpp/executor.hpp:37[m[K,
[3.459s]                  from [01m[K/opt/ros/humble/include/rclcpp/rclcpp/executors/multi_threaded_executor.hpp:25[m[K,
[3.459s]                  from [01m[K/opt/ros/humble/include/rclcpp/rclcpp/executors.hpp:21[m[K,
[3.459s]                  from [01m[K/opt/ros/humble/include/rclcpp/rclcpp/rclcpp.hpp:155[m[K,
[3.459s]                  from [01m[K/home/mtrn/4231/liam_stuff/4231project/src/transforms/src/paper.cpp:1[m[K:
[3.459s] [01m[K/usr/include/c++/11/iomanip:109:5:[m[K [01;36m[Knote: [m[Kcandidate: ‘[01m[Ktemplate<class _CharT, class _Traits> std::basic_ostream<_Ch, _Tr>& std::operator<<(std::basic_ostream<_Ch, _Tr>&, std::_Setiosflags)[m[K’
[3.459s]   109 |     [01;36m[Koperator[m[K<<(basic_ostream<_CharT, _Traits>& __os, _Setiosflags __f)
[3.459s]       |     [01;36m[K^~~~~~~~[m[K
[3.459s] [01m[K/usr/include/c++/11/iomanip:109:5:[m[K [01;36m[Knote: [m[K  template argument deduction/substitution failed:
[3.459s] [01m[K/home/mtrn/4231/liam_stuff/4231project/src/transforms/src/paper.cpp:52:40:[m[K [01;36m[Knote: [m[K  cannot convert ‘[01m[K((const std::__shared_ptr_access<ros2_aruco_interfaces::msg::ArucoMarkers_<std::allocator<void> >, __gnu_cxx::_S_atomic, false, false>*)(& msg))->std::__shared_ptr_access<ros2_aruco_interfaces::msg::ArucoMarkers_<std::allocator<void> >, __gnu_cxx::_S_atomic, false, false>::operator->()->ros2_aruco_interfaces::msg::ArucoMarkers_<std::allocator<void> >::marker_ids[m[K’ (type ‘[01m[Kros2_aruco_interfaces::msg::ArucoMarkers_<std::allocator<void> >::_marker_ids_type[m[K’ {aka ‘[01m[Kstd::vector<long int, std::allocator<long int> >[m[K’}) to type ‘[01m[Kstd::_Setiosflags[m[K’
[3.459s]    52 |             std::cout << "X: " << [01;36m[Kmsg->marker_ids[m[K << std::endl;
[3.459s]       |                                   [01;36m[K~~~~~^~~~~~~~~~[m[K
[3.460s] In file included from [01m[K/opt/ros/humble/include/rosidl_runtime_cpp/rosidl_runtime_cpp/traits.hpp:19[m[K,
[3.460s]                  from [01m[K/opt/ros/humble/include/builtin_interfaces/builtin_interfaces/msg/detail/duration__traits.hpp:15[m[K,
[3.460s]                  from [01m[K/opt/ros/humble/include/builtin_interfaces/builtin_interfaces/msg/duration.hpp:9[m[K,
[3.460s]                  from [01m[K/opt/ros/humble/include/rclcpp/rclcpp/duration.hpp:20[m[K,
[3.460s]                  from [01m[K/opt/ros/humble/include/rclcpp/rclcpp/qos.hpp:20[m[K,
[3.460s]                  from [01m[K/opt/ros/humble/include/rclcpp/rclcpp/node_interfaces/node_graph_interface.hpp:32[m[K,
[3.460s]                  from [01m[K/opt/ros/humble/include/rclcpp/rclcpp/client.hpp:42[m[K,
[3.460s]                  from [01m[K/opt/ros/humble/include/rclcpp/rclcpp/callback_group.hpp:24[m[K,
[3.460s]                  from [01m[K/opt/ros/humble/include/rclcpp/rclcpp/any_executable.hpp:20[m[K,
[3.460s]                  from [01m[K/opt/ros/humble/include/rclcpp/rclcpp/memory_strategy.hpp:25[m[K,
[3.460s]                  from [01m[K/opt/ros/humble/include/rclcpp/rclcpp/memory_strategies.hpp:18[m[K,
[3.460s]                  from [01m[K/opt/ros/humble/include/rclcpp/rclcpp/executor_options.hpp:20[m[K,
[3.460s]                  from [01m[K/opt/ros/humble/include/rclcpp/rclcpp/executor.hpp:37[m[K,
[3.460s]                  from [01m[K/opt/ros/humble/include/rclcpp/rclcpp/executors/multi_threaded_executor.hpp:25[m[K,
[3.460s]                  from [01m[K/opt/ros/humble/include/rclcpp/rclcpp/executors.hpp:21[m[K,
[3.460s]                  from [01m[K/opt/ros/humble/include/rclcpp/rclcpp/rclcpp.hpp:155[m[K,
[3.460s]                  from [01m[K/home/mtrn/4231/liam_stuff/4231project/src/transforms/src/paper.cpp:1[m[K:
[3.460s] [01m[K/usr/include/c++/11/iomanip:143:5:[m[K [01;36m[Knote: [m[Kcandidate: ‘[01m[Ktemplate<class _CharT, class _Traits> std::basic_ostream<_Ch, _Tr>& std::operator<<(std::basic_ostream<_Ch, _Tr>&, std::_Setbase)[m[K’
[3.460s]   143 |     [01;36m[Koperator[m[K<<(basic_ostream<_CharT, _Traits>& __os, _Setbase __f)
[3.460s]       |     [01;36m[K^~~~~~~~[m[K
[3.460s] [01m[K/usr/include/c++/11/iomanip:143:5:[m[K [01;36m[Knote: [m[K  template argument deduction/substitution failed:
[3.460s] [01m[K/home/mtrn/4231/liam_stuff/4231project/src/transforms/src/paper.cpp:52:40:[m[K [01;36m[Knote: [m[K  cannot convert ‘[01m[K((const std::__shared_ptr_access<ros2_aruco_interfaces::msg::ArucoMarkers_<std::allocator<void> >, __gnu_cxx::_S_atomic, false, false>*)(& msg))->std::__shared_ptr_access<ros2_aruco_interfaces::msg::ArucoMarkers_<std::allocator<void> >, __gnu_cxx::_S_atomic, false, false>::operator->()->ros2_aruco_interfaces::msg::ArucoMarkers_<std::allocator<void> >::marker_ids[m[K’ (type ‘[01m[Kros2_aruco_interfaces::msg::ArucoMarkers_<std::allocator<void> >::_marker_ids_type[m[K’ {aka ‘[01m[Kstd::vector<long int, std::allocator<long int> >[m[K’}) to type ‘[01m[Kstd::_Setbase[m[K’
[3.460s]    52 |             std::cout << "X: " << [01;36m[Kmsg->marker_ids[m[K << std::endl;
[3.461s]       |                                   [01;36m[K~~~~~^~~~~~~~~~[m[K
[3.461s] In file included from [01m[K/opt/ros/humble/include/rosidl_runtime_cpp/rosidl_runtime_cpp/traits.hpp:19[m[K,
[3.461s]                  from [01m[K/opt/ros/humble/include/builtin_interfaces/builtin_interfaces/msg/detail/duration__traits.hpp:15[m[K,
[3.461s]                  from [01m[K/opt/ros/humble/include/builtin_interfaces/builtin_interfaces/msg/duration.hpp:9[m[K,
[3.461s]                  from [01m[K/opt/ros/humble/include/rclcpp/rclcpp/duration.hpp:20[m[K,
[3.461s]                  from [01m[K/opt/ros/humble/include/rclcpp/rclcpp/qos.hpp:20[m[K,
[3.461s]                  from [01m[K/opt/ros/humble/include/rclcpp/rclcpp/node_interfaces/node_graph_interface.hpp:32[m[K,
[3.461s]                  from [01m[K/opt/ros/humble/include/rclcpp/rclcpp/client.hpp:42[m[K,
[3.461s]                  from [01m[K/opt/ros/humble/include/rclcpp/rclcpp/callback_group.hpp:24[m[K,
[3.461s]                  from [01m[K/opt/ros/humble/include/rclcpp/rclcpp/any_executable.hpp:20[m[K,
[3.461s]                  from [01m[K/opt/ros/humble/include/rclcpp/rclcpp/memory_strategy.hpp:25[m[K,
[3.461s]                  from [01m[K/opt/ros/humble/include/rclcpp/rclcpp/memory_strategies.hpp:18[m[K,
[3.461s]                  from [01m[K/opt/ros/humble/include/rclcpp/rclcpp/executor_options.hpp:20[m[K,
[3.461s]                  from [01m[K/opt/ros/humble/include/rclcpp/rclcpp/executor.hpp:37[m[K,
[3.461s]                  from [01m[K/opt/ros/humble/include/rclcpp/rclcpp/executors/multi_threaded_executor.hpp:25[m[K,
[3.462s]                  from [01m[K/opt/ros/humble/include/rclcpp/rclcpp/executors.hpp:21[m[K,
[3.462s]                  from [01m[K/opt/ros/humble/include/rclcpp/rclcpp/rclcpp.hpp:155[m[K,
[3.462s]                  from [01m[K/home/mtrn/4231/liam_stuff/4231project/src/transforms/src/paper.cpp:1[m[K:
[3.462s] [01m[K/usr/include/c++/11/iomanip:178:5:[m[K [01;36m[Knote: [m[Kcandidate: ‘[01m[Ktemplate<class _CharT, class _Traits> std::basic_ostream<_Ch, _Tr>& std::operator<<(std::basic_ostream<_Ch, _Tr>&, std::_Setfill<_CharT>)[m[K’
[3.462s]   178 |     [01;36m[Koperator[m[K<<(basic_ostream<_CharT, _Traits>& __os, _Setfill<_CharT> __f)
[3.462s]       |     [01;36m[K^~~~~~~~[m[K
[3.462s] [01m[K/usr/include/c++/11/iomanip:178:5:[m[K [01;36m[Knote: [m[K  template argument deduction/substitution failed:
[3.462s] [01m[K/home/mtrn/4231/liam_stuff/4231project/src/transforms/src/paper.cpp:52:40:[m[K [01;36m[Knote: [m[K  ‘[01m[Kstd::vector<long int, std::allocator<long int> >[m[K’ is not derived from ‘[01m[Kstd::_Setfill<_CharT>[m[K’
[3.462s]    52 |             std::cout << "X: " << msg->[01;36m[Kmarker_ids[m[K << std::endl;
[3.462s]       |                                        [01;36m[K^~~~~~~~~~[m[K
[3.462s] In file included from [01m[K/opt/ros/humble/include/rosidl_runtime_cpp/rosidl_runtime_cpp/traits.hpp:19[m[K,
[3.462s]                  from [01m[K/opt/ros/humble/include/builtin_interfaces/builtin_interfaces/msg/detail/duration__traits.hpp:15[m[K,
[3.463s]                  from [01m[K/opt/ros/humble/include/builtin_interfaces/builtin_interfaces/msg/duration.hpp:9[m[K,
[3.463s]                  from [01m[K/opt/ros/humble/include/rclcpp/rclcpp/duration.hpp:20[m[K,
[3.463s]                  from [01m[K/opt/ros/humble/include/rclcpp/rclcpp/qos.hpp:20[m[K,
[3.463s]                  from [01m[K/opt/ros/humble/include/rclcpp/rclcpp/node_interfaces/node_graph_interface.hpp:32[m[K,
[3.463s]                  from [01m[K/opt/ros/humble/include/rclcpp/rclcpp/client.hpp:42[m[K,
[3.463s]                  from [01m[K/opt/ros/humble/include/rclcpp/rclcpp/callback_group.hpp:24[m[K,
[3.463s]                  from [01m[K/opt/ros/humble/include/rclcpp/rclcpp/any_executable.hpp:20[m[K,
[3.463s]                  from [01m[K/opt/ros/humble/include/rclcpp/rclcpp/memory_strategy.hpp:25[m[K,
[3.463s]                  from [01m[K/opt/ros/humble/include/rclcpp/rclcpp/memory_strategies.hpp:18[m[K,
[3.463s]                  from [01m[K/opt/ros/humble/include/rclcpp/rclcpp/executor_options.hpp:20[m[K,
[3.463s]                  from [01m[K/opt/ros/humble/include/rclcpp/rclcpp/executor.hpp:37[m[K,
[3.463s]                  from [01m[K/opt/ros/humble/include/rclcpp/rclcpp/executors/multi_threaded_executor.hpp:25[m[K,
[3.463s]                  from [01m[K/opt/ros/humble/include/rclcpp/rclcpp/executors.hpp:21[m[K,
[3.463s]                  from [01m[K/opt/ros/humble/include/rclcpp/rclcpp/rclcpp.hpp:155[m[K,
[3.463s]                  from [01m[K/home/mtrn/4231/liam_stuff/4231project/src/transforms/src/paper.cpp:1[m[K:
[3.463s] [01m[K/usr/include/c++/11/iomanip:208:5:[m[K [01;36m[Knote: [m[Kcandidate: ‘[01m[Ktemplate<class _CharT, class _Traits> std::basic_ostream<_Ch, _Tr>& std::operator<<(std::basic_ostream<_Ch, _Tr>&, std::_Setprecision)[m[K’
[3.464s]   208 |     [01;36m[Koperator[m[K<<(basic_ostream<_CharT, _Traits>& __os, _Setprecision __f)
[3.464s]       |     [01;36m[K^~~~~~~~[m[K
[3.464s] [01m[K/usr/include/c++/11/iomanip:208:5:[m[K [01;36m[Knote: [m[K  template argument deduction/substitution failed:
[3.464s] [01m[K/home/mtrn/4231/liam_stuff/4231project/src/transforms/src/paper.cpp:52:40:[m[K [01;36m[Knote: [m[K  cannot convert ‘[01m[K((const std::__shared_ptr_access<ros2_aruco_interfaces::msg::ArucoMarkers_<std::allocator<void> >, __gnu_cxx::_S_atomic, false, false>*)(& msg))->std::__shared_ptr_access<ros2_aruco_interfaces::msg::ArucoMarkers_<std::allocator<void> >, __gnu_cxx::_S_atomic, false, false>::operator->()->ros2_aruco_interfaces::msg::ArucoMarkers_<std::allocator<void> >::marker_ids[m[K’ (type ‘[01m[Kros2_aruco_interfaces::msg::ArucoMarkers_<std::allocator<void> >::_marker_ids_type[m[K’ {aka ‘[01m[Kstd::vector<long int, std::allocator<long int> >[m[K’}) to type ‘[01m[Kstd::_Setprecision[m[K’
[3.464s]    52 |             std::cout << "X: " << [01;36m[Kmsg->marker_ids[m[K << std::endl;
[3.464s]       |                                   [01;36m[K~~~~~^~~~~~~~~~[m[K
[3.464s] In file included from [01m[K/opt/ros/humble/include/rosidl_runtime_cpp/rosidl_runtime_cpp/traits.hpp:19[m[K,
[3.464s]                  from [01m[K/opt/ros/humble/include/builtin_interfaces/builtin_interfaces/msg/detail/duration__traits.hpp:15[m[K,
[3.464s]                  from [01m[K/opt/ros/humble/include/builtin_interfaces/builtin_interfaces/msg/duration.hpp:9[m[K,
[3.464s]                  from [01m[K/opt/ros/humble/include/rclcpp/rclcpp/duration.hpp:20[m[K,
[3.464s]                  from [01m[K/opt/ros/humble/include/rclcpp/rclcpp/qos.hpp:20[m[K,
[3.464s]                  from [01m[K/opt/ros/humble/include/rclcpp/rclcpp/node_interfaces/node_graph_interface.hpp:32[m[K,
[3.464s]                  from [01m[K/opt/ros/humble/include/rclcpp/rclcpp/client.hpp:42[m[K,
[3.464s]                  from [01m[K/opt/ros/humble/include/rclcpp/rclcpp/callback_group.hpp:24[m[K,
[3.464s]                  from [01m[K/opt/ros/humble/include/rclcpp/rclcpp/any_executable.hpp:20[m[K,
[3.464s]                  from [01m[K/opt/ros/humble/include/rclcpp/rclcpp/memory_strategy.hpp:25[m[K,
[3.464s]                  from [01m[K/opt/ros/humble/include/rclcpp/rclcpp/memory_strategies.hpp:18[m[K,
[3.464s]                  from [01m[K/opt/ros/humble/include/rclcpp/rclcpp/executor_options.hpp:20[m[K,
[3.464s]                  from [01m[K/opt/ros/humble/include/rclcpp/rclcpp/executor.hpp:37[m[K,
[3.464s]                  from [01m[K/opt/ros/humble/include/rclcpp/rclcpp/executors/multi_threaded_executor.hpp:25[m[K,
[3.464s]                  from [01m[K/opt/ros/humble/include/rclcpp/rclcpp/executors.hpp:21[m[K,
[3.464s]                  from [01m[K/opt/ros/humble/include/rclcpp/rclcpp/rclcpp.hpp:155[m[K,
[3.464s]                  from [01m[K/home/mtrn/4231/liam_stuff/4231project/src/transforms/src/paper.cpp:1[m[K:
[3.465s] [01m[K/usr/include/c++/11/iomanip:238:5:[m[K [01;36m[Knote: [m[Kcandidate: ‘[01m[Ktemplate<class _CharT, class _Traits> std::basic_ostream<_Ch, _Tr>& std::operator<<(std::basic_ostream<_Ch, _Tr>&, std::_Setw)[m[K’
[3.465s]   238 |     [01;36m[Koperator[m[K<<(basic_ostream<_CharT, _Traits>& __os, _Setw __f)
[3.465s]       |     [01;36m[K^~~~~~~~[m[K
[3.465s] [01m[K/usr/include/c++/11/iomanip:238:5:[m[K [01;36m[Knote: [m[K  template argument deduction/substitution failed:
[3.465s] [01m[K/home/mtrn/4231/liam_stuff/4231project/src/transforms/src/paper.cpp:52:40:[m[K [01;36m[Knote: [m[K  cannot convert ‘[01m[K((const std::__shared_ptr_access<ros2_aruco_interfaces::msg::ArucoMarkers_<std::allocator<void> >, __gnu_cxx::_S_atomic, false, false>*)(& msg))->std::__shared_ptr_access<ros2_aruco_interfaces::msg::ArucoMarkers_<std::allocator<void> >, __gnu_cxx::_S_atomic, false, false>::operator->()->ros2_aruco_interfaces::msg::ArucoMarkers_<std::allocator<void> >::marker_ids[m[K’ (type ‘[01m[Kros2_aruco_interfaces::msg::ArucoMarkers_<std::allocator<void> >::_marker_ids_type[m[K’ {aka ‘[01m[Kstd::vector<long int, std::allocator<long int> >[m[K’}) to type ‘[01m[Kstd::_Setw[m[K’
[3.465s]    52 |             std::cout << "X: " << [01;36m[Kmsg->marker_ids[m[K << std::endl;
[3.465s]       |                                   [01;36m[K~~~~~^~~~~~~~~~[m[K
[3.465s] In file included from [01m[K/opt/ros/humble/include/rosidl_runtime_cpp/rosidl_runtime_cpp/traits.hpp:19[m[K,
[3.465s]                  from [01m[K/opt/ros/humble/include/builtin_interfaces/builtin_interfaces/msg/detail/duration__traits.hpp:15[m[K,
[3.465s]                  from [01m[K/opt/ros/humble/include/builtin_interfaces/builtin_interfaces/msg/duration.hpp:9[m[K,
[3.465s]                  from [01m[K/opt/ros/humble/include/rclcpp/rclcpp/duration.hpp:20[m[K,
[3.465s]                  from [01m[K/opt/ros/humble/include/rclcpp/rclcpp/qos.hpp:20[m[K,
[3.465s]                  from [01m[K/opt/ros/humble/include/rclcpp/rclcpp/node_interfaces/node_graph_interface.hpp:32[m[K,
[3.465s]                  from [01m[K/opt/ros/humble/include/rclcpp/rclcpp/client.hpp:42[m[K,
[3.465s]                  from [01m[K/opt/ros/humble/include/rclcpp/rclcpp/callback_group.hpp:24[m[K,
[3.465s]                  from [01m[K/opt/ros/humble/include/rclcpp/rclcpp/any_executable.hpp:20[m[K,
[3.465s]                  from [01m[K/opt/ros/humble/include/rclcpp/rclcpp/memory_strategy.hpp:25[m[K,
[3.465s]                  from [01m[K/opt/ros/humble/include/rclcpp/rclcpp/memory_strategies.hpp:18[m[K,
[3.465s]                  from [01m[K/opt/ros/humble/include/rclcpp/rclcpp/executor_options.hpp:20[m[K,
[3.465s]                  from [01m[K/opt/ros/humble/include/rclcpp/rclcpp/executor.hpp:37[m[K,
[3.465s]                  from [01m[K/opt/ros/humble/include/rclcpp/rclcpp/executors/multi_threaded_executor.hpp:25[m[K,
[3.465s]                  from [01m[K/opt/ros/humble/include/rclcpp/rclcpp/executors.hpp:21[m[K,
[3.465s]                  from [01m[K/opt/ros/humble/include/rclcpp/rclcpp/rclcpp.hpp:155[m[K,
[3.465s]                  from [01m[K/home/mtrn/4231/liam_stuff/4231project/src/transforms/src/paper.cpp:1[m[K:
[3.466s] [01m[K/usr/include/c++/11/iomanip:311:5:[m[K [01;36m[Knote: [m[Kcandidate: ‘[01m[Ktemplate<class _CharT, class _Traits, class _MoneyT> std::basic_ostream<_Ch, _Tr>& std::operator<<(std::basic_ostream<_Ch, _Tr>&, std::_Put_money<_MoneyT>)[m[K’
[3.466s]   311 |     [01;36m[Koperator[m[K<<(basic_ostream<_CharT, _Traits>& __os, _Put_money<_MoneyT> __f)
[3.466s]       |     [01;36m[K^~~~~~~~[m[K
[3.466s] [01m[K/usr/include/c++/11/iomanip:311:5:[m[K [01;36m[Knote: [m[K  template argument deduction/substitution failed:
[3.466s] [01m[K/home/mtrn/4231/liam_stuff/4231project/src/transforms/src/paper.cpp:52:40:[m[K [01;36m[Knote: [m[K  ‘[01m[Kstd::vector<long int, std::allocator<long int> >[m[K’ is not derived from ‘[01m[Kstd::_Put_money<_MoneyT>[m[K’
[3.466s]    52 |             std::cout << "X: " << msg->[01;36m[Kmarker_ids[m[K << std::endl;
[3.466s]       |                                        [01;36m[K^~~~~~~~~~[m[K
[3.466s] In file included from [01m[K/opt/ros/humble/include/rosidl_runtime_cpp/rosidl_runtime_cpp/traits.hpp:19[m[K,
[3.466s]                  from [01m[K/opt/ros/humble/include/builtin_interfaces/builtin_interfaces/msg/detail/duration__traits.hpp:15[m[K,
[3.466s]                  from [01m[K/opt/ros/humble/include/builtin_interfaces/builtin_interfaces/msg/duration.hpp:9[m[K,
[3.466s]                  from [01m[K/opt/ros/humble/include/rclcpp/rclcpp/duration.hpp:20[m[K,
[3.466s]                  from [01m[K/opt/ros/humble/include/rclcpp/rclcpp/qos.hpp:20[m[K,
[3.466s]                  from [01m[K/opt/ros/humble/include/rclcpp/rclcpp/node_interfaces/node_graph_interface.hpp:32[m[K,
[3.466s]                  from [01m[K/opt/ros/humble/include/rclcpp/rclcpp/client.hpp:42[m[K,
[3.466s]                  from [01m[K/opt/ros/humble/include/rclcpp/rclcpp/callback_group.hpp:24[m[K,
[3.466s]                  from [01m[K/opt/ros/humble/include/rclcpp/rclcpp/any_executable.hpp:20[m[K,
[3.466s]                  from [01m[K/opt/ros/humble/include/rclcpp/rclcpp/memory_strategy.hpp:25[m[K,
[3.466s]                  from [01m[K/opt/ros/humble/include/rclcpp/rclcpp/memory_strategies.hpp:18[m[K,
[3.466s]                  from [01m[K/opt/ros/humble/include/rclcpp/rclcpp/executor_options.hpp:20[m[K,
[3.466s]                  from [01m[K/opt/ros/humble/include/rclcpp/rclcpp/executor.hpp:37[m[K,
[3.466s]                  from [01m[K/opt/ros/humble/include/rclcpp/rclcpp/executors/multi_threaded_executor.hpp:25[m[K,
[3.466s]                  from [01m[K/opt/ros/humble/include/rclcpp/rclcpp/executors.hpp:21[m[K,
[3.466s]                  from [01m[K/opt/ros/humble/include/rclcpp/rclcpp/rclcpp.hpp:155[m[K,
[3.467s]                  from [01m[K/home/mtrn/4231/liam_stuff/4231project/src/transforms/src/paper.cpp:1[m[K:
[3.467s] [01m[K/usr/include/c++/11/iomanip:363:5:[m[K [01;36m[Knote: [m[Kcandidate: ‘[01m[Ktemplate<class _CharT, class _Traits> std::basic_ostream<_Ch, _Tr>& std::operator<<(std::basic_ostream<_Ch, _Tr>&, std::_Put_time<_CharT>)[m[K’
[3.467s]   363 |     [01;36m[Koperator[m[K<<(basic_ostream<_CharT, _Traits>& __os, _Put_time<_CharT> __f)
[3.467s]       |     [01;36m[K^~~~~~~~[m[K
[3.467s] [01m[K/usr/include/c++/11/iomanip:363:5:[m[K [01;36m[Knote: [m[K  template argument deduction/substitution failed:
[3.467s] [01m[K/home/mtrn/4231/liam_stuff/4231project/src/transforms/src/paper.cpp:52:40:[m[K [01;36m[Knote: [m[K  ‘[01m[Kstd::vector<long int, std::allocator<long int> >[m[K’ is not derived from ‘[01m[Kstd::_Put_time<_CharT>[m[K’
[3.467s]    52 |             std::cout << "X: " << msg->[01;36m[Kmarker_ids[m[K << std::endl;
[3.467s]       |                                        [01;36m[K^~~~~~~~~~[m[K
[6.419s] gmake[2]: *** [CMakeFiles/paper.dir/build.make:76: CMakeFiles/paper.dir/src/paper.cpp.o] Error 1
[6.419s] gmake[1]: *** [CMakeFiles/Makefile2:139: CMakeFiles/paper.dir/all] Error 2
[6.419s] gmake: *** [Makefile:146: all] Error 2
[6.435s] Invoked command in '/home/mtrn/4231/liam_stuff/4231project/build/transforms' returned '2': AMENT_PREFIX_PATH=/home/mtrn/4231/liam_stuff/project_git/4231project/install/ros2_aruco_interfaces:${AMENT_PREFIX_PATH} CMAKE_PREFIX_PATH=/home/mtrn/4231/liam_stuff/4231project/install/ros2_aruco_interfaces:/home/mtrn/4231/liam_stuff/4231project/install/v4l2_camera:/home/mtrn/4231/liam_stuff/4231project/install/transforms:/home/mtrn/4231/liam_stuff/4231project/install/messages:/home/mtrn/4231/liam_stuff/4231project/install/canvas_detector:/home/mtrn/4231/liam_stuff/4231project/install/canvas:/home/mtrn/4231/ros_ur_driver/install/ur:/home/mtrn/4231/ros_ur_driver/install/ur_calibration:/home/mtrn/4231/ros_ur_driver/install/ur_robot_driver:/home/mtrn/4231/ros_ur_driver/install/ur_moveit_config:/home/mtrn/4231/ros_ur_driver/install/ur_bringup:/home/mtrn/4231/ros_ur_driver/install/ur_controllers:/home/mtrn/4231/ros_ur_driver/install/ur_dashboard_msgs:/home/mtrn/4231/ws_moveit2/install/pilz_industrial_motion_planner_testutils:/home/mtrn/4231/ws_moveit2/install/moveit_runtime:/home/mtrn/4231/ws_moveit2/install/moveit2_tutorials:/home/mtrn/4231/ws_moveit2/install/moveit:/home/mtrn/4231/ws_moveit2/install/moveit_planners:/home/mtrn/4231/ws_moveit2/install/pilz_industrial_motion_planner:/home/mtrn/4231/ws_moveit2/install/moveit_visual_tools:/home/mtrn/4231/ws_moveit2/install/moveit_task_constructor_visualization:/home/mtrn/4231/ws_moveit2/install/moveit_task_constructor_demo:/home/mtrn/4231/ws_moveit2/install/moveit_task_constructor_capabilities:/home/mtrn/4231/ws_moveit2/install/moveit_task_constructor_core:/home/mtrn/4231/ws_moveit2/install/moveit_ros_control_interface:/home/mtrn/4231/ws_moveit2/install/moveit_plugins:/home/mtrn/4231/ws_moveit2/install/moveit_simple_controller_manager:/home/mtrn/4231/ws_moveit2/install/moveit_setup_assistant:/home/mtrn/4231/ws_moveit2/install/moveit_setup_srdf_plugins:/home/mtrn/4231/ws_moveit2/install/moveit_setup_core_plugins:/home/mtrn/4231/ws_moveit2/install/moveit_setup_controllers:/home/mtrn/4231/ws_moveit2/install/moveit_setup_app_plugins:/home/mtrn/4231/ws_moveit2/install/moveit_setup_framework:/home/mtrn/4231/ws_moveit2/install/moveit_servo:/home/mtrn/4231/ws_moveit2/install/moveit_ros:/home/mtrn/4231/ws_moveit2/install/moveit_ros_visualization:/home/mtrn/4231/ws_moveit2/install/moveit_hybrid_planning:/home/mtrn/4231/ws_moveit2/install/moveit_ros_planning_interface:/home/mtrn/4231/ws_moveit2/install/moveit_ros_benchmarks:/home/mtrn/4231/ws_moveit2/install/moveit_ros_warehouse:/home/mtrn/4231/ws_moveit2/install/moveit_ros_robot_interaction:/home/mtrn/4231/ws_moveit2/install/moveit_ros_perception:/home/mtrn/4231/ws_moveit2/install/moveit_resources_prbt_pg70_support:/home/mtrn/4231/ws_moveit2/install/moveit_resources_prbt_moveit_config:/home/mtrn/4231/ws_moveit2/install/moveit_ros_move_group:/home/mtrn/4231/ws_moveit2/install/moveit_planners_ompl:/home/mtrn/4231/ws_moveit2/install/moveit_ros_planning:/home/mtrn/4231/ws_moveit2/install/moveit_ros_occupancy_map_monitor:/home/mtrn/4231/ws_moveit2/install/moveit_resources_prbt_ikfast_manipulator_plugin:/home/mtrn/4231/ws_moveit2/install/moveit_planners_chomp:/home/mtrn/4231/ws_moveit2/install/moveit_kinematics:/home/mtrn/4231/ws_moveit2/install/moveit_chomp_optimizer_adapter:/home/mtrn/4231/ws_moveit2/install/chomp_motion_planner:/home/mtrn/4231/ws_moveit2/install/moveit_core:/home/mtrn/4231/ws_moveit2/install/srdfdom:/home/mtrn/4231/ws_moveit2/install/rviz_marker_tools:/home/mtrn/4231/ws_moveit2/install/rosparam_shortcuts:/home/mtrn/4231/ws_moveit2/install/moveit_task_constructor_msgs:/home/mtrn/4231/ws_moveit2/install/moveit_resources_prbt_support:/home/mtrn/4231/ws_moveit2/install/moveit_resources:/home/mtrn/4231/ws_moveit2/install/moveit_resources_pr2_description:/home/mtrn/4231/ws_moveit2/install/moveit_resources_panda_moveit_config:/home/mtrn/4231/ws_moveit2/install/moveit_resources_panda_description:/home/mtrn/4231/ws_moveit2/install/moveit_resources_fanuc_moveit_config:/home/mtrn/4231/ws_moveit2/install/moveit_resources_fanuc_description:/home/mtrn/4231/ws_moveit2/install/moveit_common:/home/mtrn/4231/liam_stuff/4231project/install/ros2_aruco:/home/mtrn/4231/liam_stuff/4231project/install/opencv_example:/home/mtrn/4231/liam_stuff/4231project/install/my_package:/home/mtrn/4231/ws_moveit2/install/moveit_configs_utils:/home/mtrn/4231/ws_moveit2/install/launch_param_builder:/opt/ros/humble LD_LIBRARY_PATH=/home/mtrn/4231/liam_stuff/project_git/4231project/install/ros2_aruco_interfaces/lib:/home/mtrn/4231/liam_stuff/4231project/install/ros2_aruco_interfaces/lib:/home/mtrn/4231/liam_stuff/4231project/install/v4l2_camera/lib:/home/mtrn/4231/liam_stuff/4231project/install/messages/lib:/home/mtrn/4231/liam_stuff/4231project/install/canvas/lib:/home/mtrn/4231/ros_ur_driver/install/ur_robot_driver/lib:/home/mtrn/4231/ros_ur_driver/install/ur_controllers/lib:/home/mtrn/4231/ros_ur_driver/install/ur_dashboard_msgs/lib:/home/mtrn/4231/ws_moveit2/install/pilz_industrial_motion_planner_testutils/lib:/home/mtrn/4231/ws_moveit2/install/pilz_industrial_motion_planner/lib:/home/mtrn/4231/ws_moveit2/install/moveit_visual_tools/lib:/home/mtrn/4231/ws_moveit2/install/moveit_task_constructor_visualization/lib:/home/mtrn/4231/ws_moveit2/install/moveit_task_constructor_demo/lib:/home/mtrn/4231/ws_moveit2/install/moveit_task_constructor_capabilities/lib:/home/mtrn/4231/ws_moveit2/install/moveit_task_constructor_core/lib:/home/mtrn/4231/ws_moveit2/install/moveit_ros_control_interface/lib:/home/mtrn/4231/ws_moveit2/install/moveit_simple_controller_manager/lib:/home/mtrn/4231/ws_moveit2/install/moveit_setup_assistant/lib:/home/mtrn/4231/ws_moveit2/install/moveit_setup_srdf_plugins/lib:/home/mtrn/4231/ws_moveit2/install/moveit_setup_core_plugins/lib:/home/mtrn/4231/ws_moveit2/install/moveit_setup_controllers/lib:/home/mtrn/4231/ws_moveit2/install/moveit_setup_app_plugins/lib:/home/mtrn/4231/ws_moveit2/install/moveit_setup_framework/lib:/home/mtrn/4231/ws_moveit2/install/moveit_servo/lib:/home/mtrn/4231/ws_moveit2/install/moveit_ros_visualization/lib:/home/mtrn/4231/ws_moveit2/install/moveit_hybrid_planning/lib:/home/mtrn/4231/ws_moveit2/install/moveit_ros_planning_interface/lib:/home/mtrn/4231/ws_moveit2/install/moveit_ros_benchmarks/lib:/home/mtrn/4231/ws_moveit2/install/moveit_ros_warehouse/lib:/home/mtrn/4231/ws_moveit2/install/moveit_ros_robot_interaction/lib:/home/mtrn/4231/ws_moveit2/install/moveit_ros_perception/lib:/home/mtrn/4231/ws_moveit2/install/moveit_ros_move_group/lib:/home/mtrn/4231/ws_moveit2/install/moveit_planners_ompl/lib:/home/mtrn/4231/ws_moveit2/install/moveit_ros_planning/lib:/home/mtrn/4231/ws_moveit2/install/moveit_ros_occupancy_map_monitor/lib:/home/mtrn/4231/ws_moveit2/install/moveit_resources_prbt_ikfast_manipulator_plugin/lib:/home/mtrn/4231/ws_moveit2/install/moveit_planners_chomp/lib:/home/mtrn/4231/ws_moveit2/install/moveit_kinematics/lib:/home/mtrn/4231/ws_moveit2/install/moveit_chomp_optimizer_adapter/lib:/home/mtrn/4231/ws_moveit2/install/chomp_motion_planner/lib:/home/mtrn/4231/ws_moveit2/install/moveit_core/lib:/home/mtrn/4231/ws_moveit2/install/srdfdom/lib:/home/mtrn/4231/ws_moveit2/install/rviz_marker_tools/lib:/home/mtrn/4231/ws_moveit2/install/rosparam_shortcuts/lib:/home/mtrn/4231/ws_moveit2/install/moveit_task_constructor_msgs/lib:/opt/ros/humble/opt/rviz_ogre_vendor/lib:/opt/ros/humble/lib/x86_64-linux-gnu:/opt/ros/humble/lib PYTHONPATH=/home/mtrn/4231/liam_stuff/project_git/4231project/install/ros2_aruco_interfaces/local/lib/python3.10/dist-packages:${PYTHONPATH} /home/mtrn/.local/bin/cmake --build /home/mtrn/4231/liam_stuff/4231project/build/transforms -- -j12 -l12
