[1.293s] Invoking command in '/home/mtrn/4231/liam_stuff/project_git/4231project/src/ros2_aruco': PYTHONPATH=/home/mtrn/4231/liam_stuff/project_git/4231project/build/ros2_aruco/prefix_override:/home/mtrn/4231/liam_stuff/project_git/4231project/install/ros2_aruco/lib/python3.10/site-packages:${PYTHONPATH} /usr/bin/python3 setup.py egg_info --egg-base ../../build/ros2_aruco build --build-base /home/mtrn/4231/liam_stuff/project_git/4231project/build/ros2_aruco/build install --record /home/mtrn/4231/liam_stuff/project_git/4231project/build/ros2_aruco/install.log --single-version-externally-managed
[1.536s] running egg_info
[1.536s] creating ../../build/ros2_aruco/ros2_aruco.egg-info
[1.537s] writing ../../build/ros2_aruco/ros2_aruco.egg-info/PKG-INFO
[1.537s] writing dependency_links to ../../build/ros2_aruco/ros2_aruco.egg-info/dependency_links.txt
[1.537s] writing entry points to ../../build/ros2_aruco/ros2_aruco.egg-info/entry_points.txt
[1.537s] writing requirements to ../../build/ros2_aruco/ros2_aruco.egg-info/requires.txt
[1.537s] writing top-level names to ../../build/ros2_aruco/ros2_aruco.egg-info/top_level.txt
[1.537s] writing manifest file '../../build/ros2_aruco/ros2_aruco.egg-info/SOURCES.txt'
[1.539s] reading manifest file '../../build/ros2_aruco/ros2_aruco.egg-info/SOURCES.txt'
[1.540s] writing manifest file '../../build/ros2_aruco/ros2_aruco.egg-info/SOURCES.txt'
[1.540s] running build
[1.540s] running build_py
[1.540s] creating /home/mtrn/4231/liam_stuff/project_git/4231project/build/ros2_aruco/build
[1.540s] creating /home/mtrn/4231/liam_stuff/project_git/4231project/build/ros2_aruco/build/lib
[1.540s] creating /home/mtrn/4231/liam_stuff/project_git/4231project/build/ros2_aruco/build/lib/ros2_aruco
[1.540s] copying ros2_aruco/aruco_generate_marker.py -> /home/mtrn/4231/liam_stuff/project_git/4231project/build/ros2_aruco/build/lib/ros2_aruco
[1.547s] copying ros2_aruco/aruco_node.py -> /home/mtrn/4231/liam_stuff/project_git/4231project/build/ros2_aruco/build/lib/ros2_aruco
[1.547s] copying ros2_aruco/__init__.py -> /home/mtrn/4231/liam_stuff/project_git/4231project/build/ros2_aruco/build/lib/ros2_aruco
[1.547s] running install
[1.548s] /usr/lib/python3/dist-packages/setuptools/command/install.py:34: SetuptoolsDeprecationWarning: setup.py install is deprecated. Use build and pip and other standards-based tools.
[1.548s]   warnings.warn(
[1.548s] running install_lib
[1.549s] creating /home/mtrn/4231/liam_stuff/project_git/4231project/install/ros2_aruco/lib/python3.10/site-packages/ros2_aruco
[1.549s] copying /home/mtrn/4231/liam_stuff/project_git/4231project/build/ros2_aruco/build/lib/ros2_aruco/aruco_generate_marker.py -> /home/mtrn/4231/liam_stuff/project_git/4231project/install/ros2_aruco/lib/python3.10/site-packages/ros2_aruco
[1.549s] copying /home/mtrn/4231/liam_stuff/project_git/4231project/build/ros2_aruco/build/lib/ros2_aruco/aruco_node.py -> /home/mtrn/4231/liam_stuff/project_git/4231project/install/ros2_aruco/lib/python3.10/site-packages/ros2_aruco
[1.549s] copying /home/mtrn/4231/liam_stuff/project_git/4231project/build/ros2_aruco/build/lib/ros2_aruco/__init__.py -> /home/mtrn/4231/liam_stuff/project_git/4231project/install/ros2_aruco/lib/python3.10/site-packages/ros2_aruco
[1.550s] byte-compiling /home/mtrn/4231/liam_stuff/project_git/4231project/install/ros2_aruco/lib/python3.10/site-packages/ros2_aruco/aruco_generate_marker.py to aruco_generate_marker.cpython-310.pyc
[1.550s] byte-compiling /home/mtrn/4231/liam_stuff/project_git/4231project/install/ros2_aruco/lib/python3.10/site-packages/ros2_aruco/aruco_node.py to aruco_node.cpython-310.pyc
[1.551s] byte-compiling /home/mtrn/4231/liam_stuff/project_git/4231project/install/ros2_aruco/lib/python3.10/site-packages/ros2_aruco/__init__.py to __init__.cpython-310.pyc
[1.552s] running install_data
[1.552s] creating /home/mtrn/4231/liam_stuff/project_git/4231project/install/ros2_aruco/share/ament_index
[1.552s] creating /home/mtrn/4231/liam_stuff/project_git/4231project/install/ros2_aruco/share/ament_index/resource_index
[1.552s] creating /home/mtrn/4231/liam_stuff/project_git/4231project/install/ros2_aruco/share/ament_index/resource_index/packages
[1.552s] copying resource/ros2_aruco -> /home/mtrn/4231/liam_stuff/project_git/4231project/install/ros2_aruco/share/ament_index/resource_index/packages
[1.553s] copying package.xml -> /home/mtrn/4231/liam_stuff/project_git/4231project/install/ros2_aruco/share/ros2_aruco
[1.553s] creating /home/mtrn/4231/liam_stuff/project_git/4231project/install/ros2_aruco/share/ros2_aruco/launch
[1.553s] copying launch/aruco_recognition.launch.py -> /home/mtrn/4231/liam_stuff/project_git/4231project/install/ros2_aruco/share/ros2_aruco/launch
[1.553s] creating /home/mtrn/4231/liam_stuff/project_git/4231project/install/ros2_aruco/share/ros2_aruco/config
[1.553s] copying config/aruco_parameters.yaml -> /home/mtrn/4231/liam_stuff/project_git/4231project/install/ros2_aruco/share/ros2_aruco/config
[1.553s] running install_egg_info
[1.556s] Copying ../../build/ros2_aruco/ros2_aruco.egg-info to /home/mtrn/4231/liam_stuff/project_git/4231project/install/ros2_aruco/lib/python3.10/site-packages/ros2_aruco-0.1.0-py3.10.egg-info
[1.556s] running install_scripts
[1.576s] Installing aruco_generate_marker script to /home/mtrn/4231/liam_stuff/project_git/4231project/install/ros2_aruco/lib/ros2_aruco
[1.576s] Installing aruco_node script to /home/mtrn/4231/liam_stuff/project_git/4231project/install/ros2_aruco/lib/ros2_aruco
[1.576s] writing list of installed files to '/home/mtrn/4231/liam_stuff/project_git/4231project/build/ros2_aruco/install.log'
[1.614s] Invoked command in '/home/mtrn/4231/liam_stuff/project_git/4231project/src/ros2_aruco' returned '0': PYTHONPATH=/home/mtrn/4231/liam_stuff/project_git/4231project/build/ros2_aruco/prefix_override:/home/mtrn/4231/liam_stuff/project_git/4231project/install/ros2_aruco/lib/python3.10/site-packages:${PYTHONPATH} /usr/bin/python3 setup.py egg_info --egg-base ../../build/ros2_aruco build --build-base /home/mtrn/4231/liam_stuff/project_git/4231project/build/ros2_aruco/build install --record /home/mtrn/4231/liam_stuff/project_git/4231project/build/ros2_aruco/install.log --single-version-externally-managed
