[0.885s] Invoking command in '/home/mtrn/4231/liam_stuff/4231project/build/v4l2_camera': CMAKE_PREFIX_PATH=${CMAKE_PREFIX_PATH}:/home/mtrn/4231/ws_moveit2/install/moveit_configs_utils:/home/mtrn/4231/ws_moveit2/install/launch_param_builder:/opt/ros/humble /home/mtrn/.local/bin/cmake --build /home/mtrn/4231/liam_stuff/4231project/build/v4l2_camera -- -j12 -l12
[0.927s] [0mCMake Error: The current CMakeCache.txt directory /home/mtrn/4231/liam_stuff/4231project/build/v4l2_camera/CMakeCache.txt is different than the directory /home/mtrn/4231/liam_stuff/project_git/4231project/build/v4l2_camera where CMakeCache.txt was created. This may result in binaries being created in the wrong place. If you are not sure, reedit the CMakeCache.txt[0m
[0.951s] -- Found ament_cmake: 1.3.5 (/opt/ros/humble/share/ament_cmake/cmake)
[1.275s] -- Found ament_cmake_ros: 0.10.0 (/opt/ros/humble/share/ament_cmake_ros/cmake)
[1.279s] -- Found rclcpp: 16.0.5 (/opt/ros/humble/share/rclcpp/cmake)
[1.342s] -- Found rosidl_generator_c: 3.1.5 (/opt/ros/humble/share/rosidl_generator_c/cmake)
[1.348s] -- Found rosidl_adapter: 3.1.5 (/opt/ros/humble/share/rosidl_adapter/cmake)
[1.360s] -- Found rosidl_generator_cpp: 3.1.5 (/opt/ros/humble/share/rosidl_generator_cpp/cmake)
[1.390s] -- Using all available rosidl_typesupport_c: rosidl_typesupport_fastrtps_c;rosidl_typesupport_introspection_c
[1.431s] -- Using all available rosidl_typesupport_cpp: rosidl_typesupport_fastrtps_cpp;rosidl_typesupport_introspection_cpp
[1.565s] -- Found rmw_implementation_cmake: 6.1.1 (/opt/ros/humble/share/rmw_implementation_cmake/cmake)
[1.576s] -- Found rmw_fastrtps_cpp: 6.2.3 (/opt/ros/humble/share/rmw_fastrtps_cpp/cmake)
[1.824s] -- Using RMW implementation 'rmw_fastrtps_cpp' as default
[2.079s] -- Found rclcpp_components: 16.0.5 (/opt/ros/humble/share/rclcpp_components/cmake)
[2.157s] -- Found camera_info_manager: 3.1.7 (/opt/ros/humble/share/camera_info_manager/cmake)
[2.396s] -- Found cv_bridge: 3.2.1 (/opt/ros/humble/share/cv_bridge/cmake)
[2.439s] -- Found image_transport: 3.1.7 (/opt/ros/humble/share/image_transport/cmake)
[2.524s] -- Found ament_lint_auto: 0.12.7 (/opt/ros/humble/share/ament_lint_auto/cmake)
[2.605s] -- Added test 'cppcheck' to perform static code analysis on C / C++ code
[2.605s] -- Configured cppcheck include dirs: $<BUILD_INTERFACE:/home/mtrn/4231/liam_stuff/project_git/4231project/src/ros2_v4l2_camera-rolling/include>
[2.606s] -- Configured cppcheck exclude dirs and/or files: 
[2.607s] -- Added test 'cpplint' to check C / C++ code against the Google style
[2.607s] -- Configured cpplint exclude dirs and/or files: 
[2.608s] -- Added test 'lint_cmake' to check CMake code style
[2.610s] -- Added test 'uncrustify' to check C / C++ code style
[2.610s] -- Configured uncrustify additional arguments: 
[2.610s] -- Added test 'xmllint' to check XML markup files
[2.613s] -- Configuring done (1.7s)
[2.639s] -- Generating done (0.0s)
[2.642s] -- Build files have been written to: /home/mtrn/4231/liam_stuff/project_git/4231project/build/v4l2_camera
[2.702s] [ 50%] Built target v4l2_camera
[2.743s] [ 75%] Built target v4l2_camera_compose_test
[2.747s] [100%] Built target v4l2_camera_node
[2.766s] Invoked command in '/home/mtrn/4231/liam_stuff/4231project/build/v4l2_camera' returned '0': CMAKE_PREFIX_PATH=${CMAKE_PREFIX_PATH}:/home/mtrn/4231/ws_moveit2/install/moveit_configs_utils:/home/mtrn/4231/ws_moveit2/install/launch_param_builder:/opt/ros/humble /home/mtrn/.local/bin/cmake --build /home/mtrn/4231/liam_stuff/4231project/build/v4l2_camera -- -j12 -l12
[2.967s] Invoking command in '/home/mtrn/4231/liam_stuff/4231project/build/v4l2_camera': CMAKE_PREFIX_PATH=${CMAKE_PREFIX_PATH}:/home/mtrn/4231/ws_moveit2/install/moveit_configs_utils:/home/mtrn/4231/ws_moveit2/install/launch_param_builder:/opt/ros/humble /home/mtrn/.local/bin/cmake --install /home/mtrn/4231/liam_stuff/4231project/build/v4l2_camera
[3.021s] -- Install configuration: ""
[3.021s] -- Up-to-date: /home/mtrn/4231/liam_stuff/project_git/4231project/install/v4l2_camera/include
[3.021s] -- Up-to-date: /home/mtrn/4231/liam_stuff/project_git/4231project/install/v4l2_camera/include/v4l2_camera
[3.021s] -- Up-to-date: /home/mtrn/4231/liam_stuff/project_git/4231project/install/v4l2_camera/include/v4l2_camera/control.hpp
[3.021s] -- Up-to-date: /home/mtrn/4231/liam_stuff/project_git/4231project/install/v4l2_camera/include/v4l2_camera/v4l2_camera_device.hpp
[3.021s] -- Up-to-date: /home/mtrn/4231/liam_stuff/project_git/4231project/install/v4l2_camera/include/v4l2_camera/parameters.hpp
[3.021s] -- Up-to-date: /home/mtrn/4231/liam_stuff/project_git/4231project/install/v4l2_camera/include/v4l2_camera/image_format.hpp
[3.022s] -- Up-to-date: /home/mtrn/4231/liam_stuff/project_git/4231project/install/v4l2_camera/include/v4l2_camera/visibility_control.h
[3.022s] -- Up-to-date: /home/mtrn/4231/liam_stuff/project_git/4231project/install/v4l2_camera/include/v4l2_camera/v4l2_camera.hpp
[3.022s] -- Up-to-date: /home/mtrn/4231/liam_stuff/project_git/4231project/install/v4l2_camera/include/v4l2_camera/pixel_format.hpp
[3.022s] -- Up-to-date: /home/mtrn/4231/liam_stuff/project_git/4231project/install/v4l2_camera/include/v4l2_camera/fourcc.hpp
[3.022s] -- Up-to-date: /home/mtrn/4231/liam_stuff/project_git/4231project/install/v4l2_camera/lib/libv4l2_camera.so
[3.022s] -- Up-to-date: /home/mtrn/4231/liam_stuff/project_git/4231project/install/v4l2_camera/lib/v4l2_camera/v4l2_camera_node
[3.022s] -- Up-to-date: /home/mtrn/4231/liam_stuff/project_git/4231project/install/v4l2_camera/lib/v4l2_camera/v4l2_camera_compose_test
[3.029s] -- Up-to-date: /home/mtrn/4231/liam_stuff/project_git/4231project/install/v4l2_camera/share/v4l2_camera/environment/library_path.sh
[3.030s] -- Installing: /home/mtrn/4231/liam_stuff/project_git/4231project/install/v4l2_camera/share/v4l2_camera/environment/library_path.dsv
[3.030s] -- Up-to-date: /home/mtrn/4231/liam_stuff/project_git/4231project/install/v4l2_camera/share/ament_index/resource_index/package_run_dependencies/v4l2_camera
[3.030s] -- Up-to-date: /home/mtrn/4231/liam_stuff/project_git/4231project/install/v4l2_camera/share/ament_index/resource_index/parent_prefix_path/v4l2_camera
[3.030s] -- Up-to-date: /home/mtrn/4231/liam_stuff/project_git/4231project/install/v4l2_camera/share/v4l2_camera/environment/ament_prefix_path.sh
[3.030s] -- Installing: /home/mtrn/4231/liam_stuff/project_git/4231project/install/v4l2_camera/share/v4l2_camera/environment/ament_prefix_path.dsv
[3.030s] -- Up-to-date: /home/mtrn/4231/liam_stuff/project_git/4231project/install/v4l2_camera/share/v4l2_camera/environment/path.sh
[3.031s] -- Installing: /home/mtrn/4231/liam_stuff/project_git/4231project/install/v4l2_camera/share/v4l2_camera/environment/path.dsv
[3.031s] -- Up-to-date: /home/mtrn/4231/liam_stuff/project_git/4231project/install/v4l2_camera/share/v4l2_camera/local_setup.bash
[3.031s] -- Up-to-date: /home/mtrn/4231/liam_stuff/project_git/4231project/install/v4l2_camera/share/v4l2_camera/local_setup.sh
[3.031s] -- Up-to-date: /home/mtrn/4231/liam_stuff/project_git/4231project/install/v4l2_camera/share/v4l2_camera/local_setup.zsh
[3.031s] -- Installing: /home/mtrn/4231/liam_stuff/project_git/4231project/install/v4l2_camera/share/v4l2_camera/local_setup.dsv
[3.032s] -- Installing: /home/mtrn/4231/liam_stuff/project_git/4231project/install/v4l2_camera/share/v4l2_camera/package.dsv
[3.032s] -- Up-to-date: /home/mtrn/4231/liam_stuff/project_git/4231project/install/v4l2_camera/share/ament_index/resource_index/packages/v4l2_camera
[3.032s] -- Up-to-date: /home/mtrn/4231/liam_stuff/project_git/4231project/install/v4l2_camera/share/ament_index/resource_index/rclcpp_components/v4l2_camera
[3.032s] -- Up-to-date: /home/mtrn/4231/liam_stuff/project_git/4231project/install/v4l2_camera/share/v4l2_camera/cmake/export_v4l2_cameraExport.cmake
[3.032s] -- Up-to-date: /home/mtrn/4231/liam_stuff/project_git/4231project/install/v4l2_camera/share/v4l2_camera/cmake/export_v4l2_cameraExport-noconfig.cmake
[3.032s] -- Up-to-date: /home/mtrn/4231/liam_stuff/project_git/4231project/install/v4l2_camera/share/v4l2_camera/cmake/ament_cmake_export_include_directories-extras.cmake
[3.032s] -- Up-to-date: /home/mtrn/4231/liam_stuff/project_git/4231project/install/v4l2_camera/share/v4l2_camera/cmake/ament_cmake_export_targets-extras.cmake
[3.032s] -- Up-to-date: /home/mtrn/4231/liam_stuff/project_git/4231project/install/v4l2_camera/share/v4l2_camera/cmake/ament_cmake_export_libraries-extras.cmake
[3.032s] -- Up-to-date: /home/mtrn/4231/liam_stuff/project_git/4231project/install/v4l2_camera/share/v4l2_camera/cmake/ament_cmake_export_dependencies-extras.cmake
[3.032s] -- Up-to-date: /home/mtrn/4231/liam_stuff/project_git/4231project/install/v4l2_camera/share/v4l2_camera/cmake/v4l2_cameraConfig.cmake
[3.033s] -- Up-to-date: /home/mtrn/4231/liam_stuff/project_git/4231project/install/v4l2_camera/share/v4l2_camera/cmake/v4l2_cameraConfig-version.cmake
[3.033s] -- Up-to-date: /home/mtrn/4231/liam_stuff/project_git/4231project/install/v4l2_camera/share/v4l2_camera/package.xml
[3.050s] Invoked command in '/home/mtrn/4231/liam_stuff/4231project/build/v4l2_camera' returned '0': CMAKE_PREFIX_PATH=${CMAKE_PREFIX_PATH}:/home/mtrn/4231/ws_moveit2/install/moveit_configs_utils:/home/mtrn/4231/ws_moveit2/install/launch_param_builder:/opt/ros/humble /home/mtrn/.local/bin/cmake --install /home/mtrn/4231/liam_stuff/4231project/build/v4l2_camera
