[0.918s] Invoking command in '/home/mtrn/4231/project_workspace/build/v4l2_camera': CMAKE_PREFIX_PATH=${CMAKE_PREFIX_PATH}:/home/mtrn/4231/ws_moveit2/install/moveit_configs_utils:/home/mtrn/4231/ws_moveit2/install/launch_param_builder:/opt/ros/humble /usr/bin/cmake --build /home/mtrn/4231/project_workspace/build/v4l2_camera -- -j4 -l4
[1.955s] [ 50%] Built target v4l2_camera
[2.110s] [ 75%] Built target v4l2_camera_node
[2.121s] [100%] Built target v4l2_camera_compose_test
[2.146s] Invoked command in '/home/mtrn/4231/project_workspace/build/v4l2_camera' returned '0': CMAKE_PREFIX_PATH=${CMAKE_PREFIX_PATH}:/home/mtrn/4231/ws_moveit2/install/moveit_configs_utils:/home/mtrn/4231/ws_moveit2/install/launch_param_builder:/opt/ros/humble /usr/bin/cmake --build /home/mtrn/4231/project_workspace/build/v4l2_camera -- -j4 -l4
[2.517s] Invoking command in '/home/mtrn/4231/project_workspace/build/v4l2_camera': CMAKE_PREFIX_PATH=${CMAKE_PREFIX_PATH}:/home/mtrn/4231/ws_moveit2/install/moveit_configs_utils:/home/mtrn/4231/ws_moveit2/install/launch_param_builder:/opt/ros/humble /usr/bin/cmake --install /home/mtrn/4231/project_workspace/build/v4l2_camera
[2.537s] -- Install configuration: ""
[2.541s] -- Up-to-date: /home/mtrn/4231/project_workspace/install/v4l2_camera/include
[2.547s] -- Up-to-date: /home/mtrn/4231/project_workspace/install/v4l2_camera/include/v4l2_camera
[2.550s] -- Up-to-date: /home/mtrn/4231/project_workspace/install/v4l2_camera/include/v4l2_camera/pixel_format.hpp
[2.560s] -- Up-to-date: /home/mtrn/4231/project_workspace/install/v4l2_camera/include/v4l2_camera/parameters.hpp
[2.575s] -- Up-to-date: /home/mtrn/4231/project_workspace/install/v4l2_camera/include/v4l2_camera/v4l2_camera.hpp
[2.577s] -- Up-to-date: /home/mtrn/4231/project_workspace/install/v4l2_camera/include/v4l2_camera/image_format.hpp
[2.577s] -- Up-to-date: /home/mtrn/4231/project_workspace/install/v4l2_camera/include/v4l2_camera/control.hpp
[2.577s] -- Up-to-date: /home/mtrn/4231/project_workspace/install/v4l2_camera/include/v4l2_camera/fourcc.hpp
[2.577s] -- Up-to-date: /home/mtrn/4231/project_workspace/install/v4l2_camera/include/v4l2_camera/v4l2_camera_device.hpp
[2.577s] -- Up-to-date: /home/mtrn/4231/project_workspace/install/v4l2_camera/include/v4l2_camera/visibility_control.h
[2.586s] -- Up-to-date: /home/mtrn/4231/project_workspace/install/v4l2_camera/lib/libv4l2_camera.so
[2.597s] -- Up-to-date: /home/mtrn/4231/project_workspace/install/v4l2_camera/lib/v4l2_camera/v4l2_camera_node
[2.613s] -- Up-to-date: /home/mtrn/4231/project_workspace/install/v4l2_camera/lib/v4l2_camera/v4l2_camera_compose_test
[2.621s] -- Up-to-date: /home/mtrn/4231/project_workspace/install/v4l2_camera/share/v4l2_camera/environment/library_path.sh
[2.621s] -- Up-to-date: /home/mtrn/4231/project_workspace/install/v4l2_camera/share/v4l2_camera/environment/library_path.dsv
[2.627s] -- Up-to-date: /home/mtrn/4231/project_workspace/install/v4l2_camera/share/ament_index/resource_index/package_run_dependencies/v4l2_camera
[2.633s] -- Up-to-date: /home/mtrn/4231/project_workspace/install/v4l2_camera/share/ament_index/resource_index/parent_prefix_path/v4l2_camera
[2.634s] -- Up-to-date: /home/mtrn/4231/project_workspace/install/v4l2_camera/share/v4l2_camera/environment/ament_prefix_path.sh
[2.634s] -- Up-to-date: /home/mtrn/4231/project_workspace/install/v4l2_camera/share/v4l2_camera/environment/ament_prefix_path.dsv
[2.634s] -- Up-to-date: /home/mtrn/4231/project_workspace/install/v4l2_camera/share/v4l2_camera/environment/path.sh
[2.634s] -- Up-to-date: /home/mtrn/4231/project_workspace/install/v4l2_camera/share/v4l2_camera/environment/path.dsv
[2.634s] -- Up-to-date: /home/mtrn/4231/project_workspace/install/v4l2_camera/share/v4l2_camera/local_setup.bash
[2.634s] -- Up-to-date: /home/mtrn/4231/project_workspace/install/v4l2_camera/share/v4l2_camera/local_setup.sh
[2.634s] -- Up-to-date: /home/mtrn/4231/project_workspace/install/v4l2_camera/share/v4l2_camera/local_setup.zsh
[2.635s] -- Up-to-date: /home/mtrn/4231/project_workspace/install/v4l2_camera/share/v4l2_camera/local_setup.dsv
[2.635s] -- Installing: /home/mtrn/4231/project_workspace/install/v4l2_camera/share/v4l2_camera/package.dsv
[2.652s] -- Up-to-date: /home/mtrn/4231/project_workspace/install/v4l2_camera/share/ament_index/resource_index/packages/v4l2_camera
[2.653s] -- Up-to-date: /home/mtrn/4231/project_workspace/install/v4l2_camera/share/ament_index/resource_index/rclcpp_components/v4l2_camera
[2.676s] -- Up-to-date: /home/mtrn/4231/project_workspace/install/v4l2_camera/share/v4l2_camera/cmake/export_v4l2_cameraExport.cmake
[2.676s] -- Up-to-date: /home/mtrn/4231/project_workspace/install/v4l2_camera/share/v4l2_camera/cmake/export_v4l2_cameraExport-noconfig.cmake
[2.677s] -- Up-to-date: /home/mtrn/4231/project_workspace/install/v4l2_camera/share/v4l2_camera/cmake/ament_cmake_export_include_directories-extras.cmake
[2.677s] -- Up-to-date: /home/mtrn/4231/project_workspace/install/v4l2_camera/share/v4l2_camera/cmake/ament_cmake_export_targets-extras.cmake
[2.677s] -- Up-to-date: /home/mtrn/4231/project_workspace/install/v4l2_camera/share/v4l2_camera/cmake/ament_cmake_export_libraries-extras.cmake
[2.677s] -- Up-to-date: /home/mtrn/4231/project_workspace/install/v4l2_camera/share/v4l2_camera/cmake/ament_cmake_export_dependencies-extras.cmake
[2.677s] -- Up-to-date: /home/mtrn/4231/project_workspace/install/v4l2_camera/share/v4l2_camera/cmake/v4l2_cameraConfig.cmake
[2.677s] -- Up-to-date: /home/mtrn/4231/project_workspace/install/v4l2_camera/share/v4l2_camera/cmake/v4l2_cameraConfig-version.cmake
[2.677s] -- Up-to-date: /home/mtrn/4231/project_workspace/install/v4l2_camera/share/v4l2_camera/package.xml
[2.685s] Invoked command in '/home/mtrn/4231/project_workspace/build/v4l2_camera' returned '0': CMAKE_PREFIX_PATH=${CMAKE_PREFIX_PATH}:/home/mtrn/4231/ws_moveit2/install/moveit_configs_utils:/home/mtrn/4231/ws_moveit2/install/launch_param_builder:/opt/ros/humble /usr/bin/cmake --install /home/mtrn/4231/project_workspace/build/v4l2_camera
