[0.777s] Invoking command in '/home/mtrn/4231/liam_stuff/4231project/src/ros2_aruco': PYTHONPATH=/home/mtrn/4231/liam_stuff/4231project/build/ros2_aruco/prefix_override:/home/mtrn/4231/liam_stuff/4231project/install/ros2_aruco/lib/python3.10/site-packages:${PYTHONPATH} /usr/bin/python3 setup.py egg_info --egg-base ../../build/ros2_aruco build --build-base /home/mtrn/4231/liam_stuff/4231project/build/ros2_aruco/build install --record /home/mtrn/4231/liam_stuff/4231project/build/ros2_aruco/install.log --single-version-externally-managed
[1.007s] running egg_info
[1.011s] writing ../../build/ros2_aruco/ros2_aruco.egg-info/PKG-INFO
[1.011s] writing dependency_links to ../../build/ros2_aruco/ros2_aruco.egg-info/dependency_links.txt
[1.012s] writing entry points to ../../build/ros2_aruco/ros2_aruco.egg-info/entry_points.txt
[1.012s] writing requirements to ../../build/ros2_aruco/ros2_aruco.egg-info/requires.txt
[1.012s] writing top-level names to ../../build/ros2_aruco/ros2_aruco.egg-info/top_level.txt
[1.012s] reading manifest file '../../build/ros2_aruco/ros2_aruco.egg-info/SOURCES.txt'
[1.012s] writing manifest file '../../build/ros2_aruco/ros2_aruco.egg-info/SOURCES.txt'
[1.012s] running build
[1.012s] running build_py
[1.012s] running install
[1.013s] /usr/lib/python3/dist-packages/setuptools/command/install.py:34: SetuptoolsDeprecationWarning: setup.py install is deprecated. Use build and pip and other standards-based tools.
[1.013s]   warnings.warn(
[1.013s] running install_lib
[1.013s] running install_data
[1.013s] running install_egg_info
[1.015s] removing '/home/mtrn/4231/liam_stuff/4231project/install/ros2_aruco/lib/python3.10/site-packages/ros2_aruco-0.1.0-py3.10.egg-info' (and everything under it)
[1.015s] Copying ../../build/ros2_aruco/ros2_aruco.egg-info to /home/mtrn/4231/liam_stuff/4231project/install/ros2_aruco/lib/python3.10/site-packages/ros2_aruco-0.1.0-py3.10.egg-info
[1.016s] running install_scripts
[1.036s] Installing aruco_generate_marker script to /home/mtrn/4231/liam_stuff/4231project/install/ros2_aruco/lib/ros2_aruco
[1.036s] Installing aruco_node script to /home/mtrn/4231/liam_stuff/4231project/install/ros2_aruco/lib/ros2_aruco
[1.036s] writing list of installed files to '/home/mtrn/4231/liam_stuff/4231project/build/ros2_aruco/install.log'
[1.078s] Invoked command in '/home/mtrn/4231/liam_stuff/4231project/src/ros2_aruco' returned '0': PYTHONPATH=/home/mtrn/4231/liam_stuff/4231project/build/ros2_aruco/prefix_override:/home/mtrn/4231/liam_stuff/4231project/install/ros2_aruco/lib/python3.10/site-packages:${PYTHONPATH} /usr/bin/python3 setup.py egg_info --egg-base ../../build/ros2_aruco build --build-base /home/mtrn/4231/liam_stuff/4231project/build/ros2_aruco/build install --record /home/mtrn/4231/liam_stuff/4231project/build/ros2_aruco/install.log --single-version-externally-managed
