[  3%] Built target canvas__cpp
[ 12%] Built target canvas__rosidl_generator_c
[ 12%] Built target ament_cmake_python_copy_canvas
[ 22%] Built target canvas__rosidl_typesupport_introspection_cpp
[ 32%] Built target canvas__rosidl_typesupport_fastrtps_cpp
[ 41%] Built target canvas__rosidl_typesupport_cpp
[ 51%] Built target canvas__rosidl_typesupport_fastrtps_c
[ 61%] Built target canvas__rosidl_typesupport_introspection_c
[ 70%] Built target canvas__rosidl_typesupport_c
[ 70%] Built target canvas
[ 74%] Built target canvas__py
[ 80%] Built target canvas__rosidl_generator_py
[ 93%] Built target canvas__rosidl_typesupport_fastrtps_c__pyext
[ 93%] Built target canvas__rosidl_typesupport_introspection_c__pyext
[100%] Built target canvas__rosidl_typesupport_c__pyext
running egg_info
writing canvas.egg-info/PKG-INFO
writing dependency_links to canvas.egg-info/dependency_links.txt
writing top-level names to canvas.egg-info/top_level.txt
reading manifest file 'canvas.egg-info/SOURCES.txt'
writing manifest file 'canvas.egg-info/SOURCES.txt'
[100%] Built target ament_cmake_python_build_canvas_egg
-- Install configuration: ""
-- Up-to-date: /home/mtrn/4231/liam_stuff/4231project/install/canvas/share/ament_index/resource_index/rosidl_interfaces/canvas
-- Up-to-date: /home/mtrn/4231/liam_stuff/4231project/install/canvas/include/canvas/canvas
-- Up-to-date: /home/mtrn/4231/liam_stuff/4231project/install/canvas/include/canvas/canvas/msg
-- Up-to-date: /home/mtrn/4231/liam_stuff/4231project/install/canvas/include/canvas/canvas/msg/rosidl_generator_c__visibility_control.h
-- Up-to-date: /home/mtrn/4231/liam_stuff/4231project/install/canvas/include/canvas/canvas/msg/aruco.h
-- Up-to-date: /home/mtrn/4231/liam_stuff/4231project/install/canvas/include/canvas/canvas/msg/detail
-- Up-to-date: /home/mtrn/4231/liam_stuff/4231project/install/canvas/include/canvas/canvas/msg/detail/aruco__type_support.h
-- Up-to-date: /home/mtrn/4231/liam_stuff/4231project/install/canvas/include/canvas/canvas/msg/detail/aruco__struct.h
-- Up-to-date: /home/mtrn/4231/liam_stuff/4231project/install/canvas/include/canvas/canvas/msg/detail/aruco__functions.h
-- Up-to-date: /home/mtrn/4231/liam_stuff/4231project/install/canvas/include/canvas/canvas/msg/detail/aruco__functions.c
-- Up-to-date: /home/mtrn/4231/liam_stuff/4231project/install/canvas/share/canvas/environment/library_path.sh
-- Up-to-date: /home/mtrn/4231/liam_stuff/4231project/install/canvas/share/canvas/environment/library_path.dsv
-- Up-to-date: /home/mtrn/4231/liam_stuff/4231project/install/canvas/lib/libcanvas__rosidl_generator_c.so
-- Up-to-date: /home/mtrn/4231/liam_stuff/4231project/install/canvas/include/canvas/canvas
-- Up-to-date: /home/mtrn/4231/liam_stuff/4231project/install/canvas/include/canvas/canvas/msg
-- Up-to-date: /home/mtrn/4231/liam_stuff/4231project/install/canvas/include/canvas/canvas/msg/rosidl_typesupport_fastrtps_c__visibility_control.h
-- Up-to-date: /home/mtrn/4231/liam_stuff/4231project/install/canvas/include/canvas/canvas/msg/detail
-- Up-to-date: /home/mtrn/4231/liam_stuff/4231project/install/canvas/include/canvas/canvas/msg/detail/aruco__rosidl_typesupport_fastrtps_c.h
-- Up-to-date: /home/mtrn/4231/liam_stuff/4231project/install/canvas/lib/libcanvas__rosidl_typesupport_fastrtps_c.so
-- Up-to-date: /home/mtrn/4231/liam_stuff/4231project/install/canvas/include/canvas/canvas
-- Up-to-date: /home/mtrn/4231/liam_stuff/4231project/install/canvas/include/canvas/canvas/msg
-- Up-to-date: /home/mtrn/4231/liam_stuff/4231project/install/canvas/include/canvas/canvas/msg/rosidl_typesupport_introspection_c__visibility_control.h
-- Up-to-date: /home/mtrn/4231/liam_stuff/4231project/install/canvas/include/canvas/canvas/msg/detail
-- Up-to-date: /home/mtrn/4231/liam_stuff/4231project/install/canvas/include/canvas/canvas/msg/detail/aruco__type_support.c
-- Up-to-date: /home/mtrn/4231/liam_stuff/4231project/install/canvas/include/canvas/canvas/msg/detail/aruco__rosidl_typesupport_introspection_c.h
-- Up-to-date: /home/mtrn/4231/liam_stuff/4231project/install/canvas/lib/libcanvas__rosidl_typesupport_introspection_c.so
-- Up-to-date: /home/mtrn/4231/liam_stuff/4231project/install/canvas/lib/libcanvas__rosidl_typesupport_c.so
-- Up-to-date: /home/mtrn/4231/liam_stuff/4231project/install/canvas/include/canvas/canvas
-- Up-to-date: /home/mtrn/4231/liam_stuff/4231project/install/canvas/include/canvas/canvas/msg
-- Up-to-date: /home/mtrn/4231/liam_stuff/4231project/install/canvas/include/canvas/canvas/msg/aruco.hpp
-- Up-to-date: /home/mtrn/4231/liam_stuff/4231project/install/canvas/include/canvas/canvas/msg/detail
-- Up-to-date: /home/mtrn/4231/liam_stuff/4231project/install/canvas/include/canvas/canvas/msg/detail/aruco__traits.hpp
-- Up-to-date: /home/mtrn/4231/liam_stuff/4231project/install/canvas/include/canvas/canvas/msg/detail/aruco__struct.hpp
-- Up-to-date: /home/mtrn/4231/liam_stuff/4231project/install/canvas/include/canvas/canvas/msg/detail/aruco__builder.hpp
-- Up-to-date: /home/mtrn/4231/liam_stuff/4231project/install/canvas/include/canvas/canvas
-- Up-to-date: /home/mtrn/4231/liam_stuff/4231project/install/canvas/include/canvas/canvas/msg
-- Up-to-date: /home/mtrn/4231/liam_stuff/4231project/install/canvas/include/canvas/canvas/msg/rosidl_typesupport_fastrtps_cpp__visibility_control.h
-- Up-to-date: /home/mtrn/4231/liam_stuff/4231project/install/canvas/include/canvas/canvas/msg/detail
-- Up-to-date: /home/mtrn/4231/liam_stuff/4231project/install/canvas/include/canvas/canvas/msg/detail/aruco__rosidl_typesupport_fastrtps_cpp.hpp
-- Up-to-date: /home/mtrn/4231/liam_stuff/4231project/install/canvas/include/canvas/canvas/msg/detail/dds_fastrtps
-- Up-to-date: /home/mtrn/4231/liam_stuff/4231project/install/canvas/lib/libcanvas__rosidl_typesupport_fastrtps_cpp.so
-- Up-to-date: /home/mtrn/4231/liam_stuff/4231project/install/canvas/include/canvas/canvas
-- Up-to-date: /home/mtrn/4231/liam_stuff/4231project/install/canvas/include/canvas/canvas/msg
-- Up-to-date: /home/mtrn/4231/liam_stuff/4231project/install/canvas/include/canvas/canvas/msg/detail
-- Up-to-date: /home/mtrn/4231/liam_stuff/4231project/install/canvas/include/canvas/canvas/msg/detail/aruco__type_support.cpp
-- Up-to-date: /home/mtrn/4231/liam_stuff/4231project/install/canvas/include/canvas/canvas/msg/detail/aruco__rosidl_typesupport_introspection_cpp.hpp
-- Up-to-date: /home/mtrn/4231/liam_stuff/4231project/install/canvas/lib/libcanvas__rosidl_typesupport_introspection_cpp.so
-- Up-to-date: /home/mtrn/4231/liam_stuff/4231project/install/canvas/lib/libcanvas__rosidl_typesupport_cpp.so
-- Up-to-date: /home/mtrn/4231/liam_stuff/4231project/install/canvas/share/canvas/environment/pythonpath.sh
-- Up-to-date: /home/mtrn/4231/liam_stuff/4231project/install/canvas/share/canvas/environment/pythonpath.dsv
-- Up-to-date: /home/mtrn/4231/liam_stuff/4231project/install/canvas/local/lib/python3.10/dist-packages/canvas-1.0.0-py3.10.egg-info
-- Installing: /home/mtrn/4231/liam_stuff/4231project/install/canvas/local/lib/python3.10/dist-packages/canvas-1.0.0-py3.10.egg-info/SOURCES.txt
-- Installing: /home/mtrn/4231/liam_stuff/4231project/install/canvas/local/lib/python3.10/dist-packages/canvas-1.0.0-py3.10.egg-info/dependency_links.txt
-- Installing: /home/mtrn/4231/liam_stuff/4231project/install/canvas/local/lib/python3.10/dist-packages/canvas-1.0.0-py3.10.egg-info/PKG-INFO
-- Installing: /home/mtrn/4231/liam_stuff/4231project/install/canvas/local/lib/python3.10/dist-packages/canvas-1.0.0-py3.10.egg-info/top_level.txt
-- Up-to-date: /home/mtrn/4231/liam_stuff/4231project/install/canvas/local/lib/python3.10/dist-packages/canvas
-- Up-to-date: /home/mtrn/4231/liam_stuff/4231project/install/canvas/local/lib/python3.10/dist-packages/canvas/canvas_s__rosidl_typesupport_introspection_c.cpython-310-x86_64-linux-gnu.so
-- Up-to-date: /home/mtrn/4231/liam_stuff/4231project/install/canvas/local/lib/python3.10/dist-packages/canvas/canvas_s__rosidl_typesupport_c.cpython-310-x86_64-linux-gnu.so
-- Up-to-date: /home/mtrn/4231/liam_stuff/4231project/install/canvas/local/lib/python3.10/dist-packages/canvas/libcanvas__rosidl_generator_py.so
-- Up-to-date: /home/mtrn/4231/liam_stuff/4231project/install/canvas/local/lib/python3.10/dist-packages/canvas/__init__.py
-- Up-to-date: /home/mtrn/4231/liam_stuff/4231project/install/canvas/local/lib/python3.10/dist-packages/canvas/_canvas_s.ep.rosidl_typesupport_introspection_c.c
-- Up-to-date: /home/mtrn/4231/liam_stuff/4231project/install/canvas/local/lib/python3.10/dist-packages/canvas/_canvas_s.ep.rosidl_typesupport_c.c
-- Up-to-date: /home/mtrn/4231/liam_stuff/4231project/install/canvas/local/lib/python3.10/dist-packages/canvas/msg
-- Up-to-date: /home/mtrn/4231/liam_stuff/4231project/install/canvas/local/lib/python3.10/dist-packages/canvas/msg/__init__.py
-- Up-to-date: /home/mtrn/4231/liam_stuff/4231project/install/canvas/local/lib/python3.10/dist-packages/canvas/msg/_aruco_s.c
-- Up-to-date: /home/mtrn/4231/liam_stuff/4231project/install/canvas/local/lib/python3.10/dist-packages/canvas/msg/_aruco.py
-- Up-to-date: /home/mtrn/4231/liam_stuff/4231project/install/canvas/local/lib/python3.10/dist-packages/canvas/canvas_s__rosidl_typesupport_fastrtps_c.cpython-310-x86_64-linux-gnu.so
-- Up-to-date: /home/mtrn/4231/liam_stuff/4231project/install/canvas/local/lib/python3.10/dist-packages/canvas/_canvas_s.ep.rosidl_typesupport_fastrtps_c.c
Listing '/home/mtrn/4231/liam_stuff/4231project/install/canvas/local/lib/python3.10/dist-packages/canvas'...
Listing '/home/mtrn/4231/liam_stuff/4231project/install/canvas/local/lib/python3.10/dist-packages/canvas/msg'...
-- Up-to-date: /home/mtrn/4231/liam_stuff/4231project/install/canvas/local/lib/python3.10/dist-packages/canvas/canvas_s__rosidl_typesupport_fastrtps_c.cpython-310-x86_64-linux-gnu.so
-- Up-to-date: /home/mtrn/4231/liam_stuff/4231project/install/canvas/local/lib/python3.10/dist-packages/canvas/canvas_s__rosidl_typesupport_introspection_c.cpython-310-x86_64-linux-gnu.so
-- Up-to-date: /home/mtrn/4231/liam_stuff/4231project/install/canvas/local/lib/python3.10/dist-packages/canvas/canvas_s__rosidl_typesupport_c.cpython-310-x86_64-linux-gnu.so
-- Up-to-date: /home/mtrn/4231/liam_stuff/4231project/install/canvas/lib/libcanvas__rosidl_generator_py.so
-- Up-to-date: /home/mtrn/4231/liam_stuff/4231project/install/canvas/share/canvas/msg/Aruco.idl
-- Up-to-date: /home/mtrn/4231/liam_stuff/4231project/install/canvas/share/canvas/msg/Aruco.msg
-- Up-to-date: /home/mtrn/4231/liam_stuff/4231project/install/canvas/share/canvas/msg
-- Up-to-date: /home/mtrn/4231/liam_stuff/4231project/install/canvas/share/canvas/msg/Aruco.msg
-- Up-to-date: /home/mtrn/4231/liam_stuff/4231project/install/canvas/share/ament_index/resource_index/package_run_dependencies/canvas
-- Up-to-date: /home/mtrn/4231/liam_stuff/4231project/install/canvas/share/ament_index/resource_index/parent_prefix_path/canvas
-- Up-to-date: /home/mtrn/4231/liam_stuff/4231project/install/canvas/share/canvas/environment/ament_prefix_path.sh
-- Up-to-date: /home/mtrn/4231/liam_stuff/4231project/install/canvas/share/canvas/environment/ament_prefix_path.dsv
-- Up-to-date: /home/mtrn/4231/liam_stuff/4231project/install/canvas/share/canvas/environment/path.sh
-- Up-to-date: /home/mtrn/4231/liam_stuff/4231project/install/canvas/share/canvas/environment/path.dsv
-- Up-to-date: /home/mtrn/4231/liam_stuff/4231project/install/canvas/share/canvas/local_setup.bash
-- Up-to-date: /home/mtrn/4231/liam_stuff/4231project/install/canvas/share/canvas/local_setup.sh
-- Up-to-date: /home/mtrn/4231/liam_stuff/4231project/install/canvas/share/canvas/local_setup.zsh
-- Up-to-date: /home/mtrn/4231/liam_stuff/4231project/install/canvas/share/canvas/local_setup.dsv
-- Installing: /home/mtrn/4231/liam_stuff/4231project/install/canvas/share/canvas/package.dsv
-- Up-to-date: /home/mtrn/4231/liam_stuff/4231project/install/canvas/share/ament_index/resource_index/packages/canvas
-- Up-to-date: /home/mtrn/4231/liam_stuff/4231project/install/canvas/share/canvas/cmake/export_canvas__rosidl_generator_cExport.cmake
-- Up-to-date: /home/mtrn/4231/liam_stuff/4231project/install/canvas/share/canvas/cmake/export_canvas__rosidl_generator_cExport-noconfig.cmake
-- Up-to-date: /home/mtrn/4231/liam_stuff/4231project/install/canvas/share/canvas/cmake/export_canvas__rosidl_typesupport_fastrtps_cExport.cmake
-- Up-to-date: /home/mtrn/4231/liam_stuff/4231project/install/canvas/share/canvas/cmake/export_canvas__rosidl_typesupport_fastrtps_cExport-noconfig.cmake
-- Up-to-date: /home/mtrn/4231/liam_stuff/4231project/install/canvas/share/canvas/cmake/canvas__rosidl_typesupport_introspection_cExport.cmake
-- Up-to-date: /home/mtrn/4231/liam_stuff/4231project/install/canvas/share/canvas/cmake/canvas__rosidl_typesupport_introspection_cExport-noconfig.cmake
-- Up-to-date: /home/mtrn/4231/liam_stuff/4231project/install/canvas/share/canvas/cmake/canvas__rosidl_typesupport_cExport.cmake
-- Up-to-date: /home/mtrn/4231/liam_stuff/4231project/install/canvas/share/canvas/cmake/canvas__rosidl_typesupport_cExport-noconfig.cmake
-- Up-to-date: /home/mtrn/4231/liam_stuff/4231project/install/canvas/share/canvas/cmake/export_canvas__rosidl_generator_cppExport.cmake
-- Up-to-date: /home/mtrn/4231/liam_stuff/4231project/install/canvas/share/canvas/cmake/export_canvas__rosidl_typesupport_fastrtps_cppExport.cmake
-- Up-to-date: /home/mtrn/4231/liam_stuff/4231project/install/canvas/share/canvas/cmake/export_canvas__rosidl_typesupport_fastrtps_cppExport-noconfig.cmake
-- Up-to-date: /home/mtrn/4231/liam_stuff/4231project/install/canvas/share/canvas/cmake/canvas__rosidl_typesupport_introspection_cppExport.cmake
-- Up-to-date: /home/mtrn/4231/liam_stuff/4231project/install/canvas/share/canvas/cmake/canvas__rosidl_typesupport_introspection_cppExport-noconfig.cmake
-- Up-to-date: /home/mtrn/4231/liam_stuff/4231project/install/canvas/share/canvas/cmake/canvas__rosidl_typesupport_cppExport.cmake
-- Up-to-date: /home/mtrn/4231/liam_stuff/4231project/install/canvas/share/canvas/cmake/canvas__rosidl_typesupport_cppExport-noconfig.cmake
-- Up-to-date: /home/mtrn/4231/liam_stuff/4231project/install/canvas/share/canvas/cmake/export_canvas__rosidl_generator_pyExport.cmake
-- Up-to-date: /home/mtrn/4231/liam_stuff/4231project/install/canvas/share/canvas/cmake/export_canvas__rosidl_generator_pyExport-noconfig.cmake
-- Up-to-date: /home/mtrn/4231/liam_stuff/4231project/install/canvas/share/canvas/cmake/rosidl_cmake-extras.cmake
-- Up-to-date: /home/mtrn/4231/liam_stuff/4231project/install/canvas/share/canvas/cmake/ament_cmake_export_include_directories-extras.cmake
-- Up-to-date: /home/mtrn/4231/liam_stuff/4231project/install/canvas/share/canvas/cmake/ament_cmake_export_libraries-extras.cmake
-- Up-to-date: /home/mtrn/4231/liam_stuff/4231project/install/canvas/share/canvas/cmake/ament_cmake_export_targets-extras.cmake
-- Up-to-date: /home/mtrn/4231/liam_stuff/4231project/install/canvas/share/canvas/cmake/rosidl_cmake_export_typesupport_targets-extras.cmake
-- Up-to-date: /home/mtrn/4231/liam_stuff/4231project/install/canvas/share/canvas/cmake/ament_cmake_export_dependencies-extras.cmake
-- Up-to-date: /home/mtrn/4231/liam_stuff/4231project/install/canvas/share/canvas/cmake/rosidl_cmake_export_typesupport_libraries-extras.cmake
-- Up-to-date: /home/mtrn/4231/liam_stuff/4231project/install/canvas/share/canvas/cmake/canvasConfig.cmake
-- Up-to-date: /home/mtrn/4231/liam_stuff/4231project/install/canvas/share/canvas/cmake/canvasConfig-version.cmake
-- Up-to-date: /home/mtrn/4231/liam_stuff/4231project/install/canvas/share/canvas/package.xml
