[0.109s] Invoking command in '/home/mtrn/4231/liam_stuff/4231project/build/canvas_detector': CMAKE_PREFIX_PATH=${CMAKE_PREFIX_PATH}:/home/mtrn/4231/liam_stuff/4231project/install/ros2_aruco:/home/mtrn/4231/liam_stuff/4231project/install/opencv_example:/home/mtrn/4231/liam_stuff/4231project/install/openCV_example:/home/mtrn/4231/liam_stuff/4231project/install/my_package:/home/mtrn/4231/ws_moveit2/install/moveit_configs_utils:/home/mtrn/4231/ws_moveit2/install/launch_param_builder:/opt/ros/humble /home/mtrn/.local/bin/cmake --build /home/mtrn/4231/liam_stuff/4231project/build/canvas_detector -- -j12 -l12
[0.760s] Invoked command in '/home/mtrn/4231/liam_stuff/4231project/build/canvas_detector' returned '0': CMAKE_PREFIX_PATH=${CMAKE_PREFIX_PATH}:/home/mtrn/4231/liam_stuff/4231project/install/ros2_aruco:/home/mtrn/4231/liam_stuff/4231project/install/opencv_example:/home/mtrn/4231/liam_stuff/4231project/install/openCV_example:/home/mtrn/4231/liam_stuff/4231project/install/my_package:/home/mtrn/4231/ws_moveit2/install/moveit_configs_utils:/home/mtrn/4231/ws_moveit2/install/launch_param_builder:/opt/ros/humble /home/mtrn/.local/bin/cmake --build /home/mtrn/4231/liam_stuff/4231project/build/canvas_detector -- -j12 -l12
[1.097s] Invoking command in '/home/mtrn/4231/liam_stuff/4231project/build/canvas_detector': CMAKE_PREFIX_PATH=${CMAKE_PREFIX_PATH}:/home/mtrn/4231/liam_stuff/4231project/install/ros2_aruco:/home/mtrn/4231/liam_stuff/4231project/install/opencv_example:/home/mtrn/4231/liam_stuff/4231project/install/openCV_example:/home/mtrn/4231/liam_stuff/4231project/install/my_package:/home/mtrn/4231/ws_moveit2/install/moveit_configs_utils:/home/mtrn/4231/ws_moveit2/install/launch_param_builder:/opt/ros/humble /home/mtrn/.local/bin/cmake --install /home/mtrn/4231/liam_stuff/4231project/build/canvas_detector
[1.155s] -- Install configuration: ""
[1.157s] -- Up-to-date: /home/mtrn/4231/liam_stuff/4231project/install/canvas_detector/share/ament_index/resource_index/package_run_dependencies/canvas_detector
[1.157s] -- Up-to-date: /home/mtrn/4231/liam_stuff/4231project/install/canvas_detector/share/ament_index/resource_index/parent_prefix_path/canvas_detector
[1.158s] -- Up-to-date: /home/mtrn/4231/liam_stuff/4231project/install/canvas_detector/share/canvas_detector/environment/ament_prefix_path.sh
[1.158s] -- Up-to-date: /home/mtrn/4231/liam_stuff/4231project/install/canvas_detector/share/canvas_detector/environment/ament_prefix_path.dsv
[1.158s] -- Up-to-date: /home/mtrn/4231/liam_stuff/4231project/install/canvas_detector/share/canvas_detector/environment/path.sh
[1.158s] -- Up-to-date: /home/mtrn/4231/liam_stuff/4231project/install/canvas_detector/share/canvas_detector/environment/path.dsv
[1.158s] -- Up-to-date: /home/mtrn/4231/liam_stuff/4231project/install/canvas_detector/share/canvas_detector/local_setup.bash
[1.158s] -- Up-to-date: /home/mtrn/4231/liam_stuff/4231project/install/canvas_detector/share/canvas_detector/local_setup.sh
[1.158s] -- Up-to-date: /home/mtrn/4231/liam_stuff/4231project/install/canvas_detector/share/canvas_detector/local_setup.zsh
[1.158s] -- Up-to-date: /home/mtrn/4231/liam_stuff/4231project/install/canvas_detector/share/canvas_detector/local_setup.dsv
[1.158s] -- Up-to-date: /home/mtrn/4231/liam_stuff/4231project/install/canvas_detector/share/canvas_detector/package.dsv
[1.159s] -- Up-to-date: /home/mtrn/4231/liam_stuff/4231project/install/canvas_detector/share/ament_index/resource_index/packages/canvas_detector
[1.159s] -- Up-to-date: /home/mtrn/4231/liam_stuff/4231project/install/canvas_detector/share/canvas_detector/cmake/canvas_detectorConfig.cmake
[1.159s] -- Up-to-date: /home/mtrn/4231/liam_stuff/4231project/install/canvas_detector/share/canvas_detector/cmake/canvas_detectorConfig-version.cmake
[1.159s] -- Up-to-date: /home/mtrn/4231/liam_stuff/4231project/install/canvas_detector/share/canvas_detector/package.xml
[1.181s] Invoked command in '/home/mtrn/4231/liam_stuff/4231project/build/canvas_detector' returned '0': CMAKE_PREFIX_PATH=${CMAKE_PREFIX_PATH}:/home/mtrn/4231/liam_stuff/4231project/install/ros2_aruco:/home/mtrn/4231/liam_stuff/4231project/install/opencv_example:/home/mtrn/4231/liam_stuff/4231project/install/openCV_example:/home/mtrn/4231/liam_stuff/4231project/install/my_package:/home/mtrn/4231/ws_moveit2/install/moveit_configs_utils:/home/mtrn/4231/ws_moveit2/install/launch_param_builder:/opt/ros/humble /home/mtrn/.local/bin/cmake --install /home/mtrn/4231/liam_stuff/4231project/build/canvas_detector
