[ 33%] Built target static_camera_transform
[ 50%] [32mBuilding CXX object CMakeFiles/path.dir/src/path.cpp.o[0m
[ 83%] Built target paper
[01m[K/home/mtrn/4231/liam_stuff/4231project/src/transforms/src/path.cpp:25:5:[m[K [01;31m[Kerror: [m[KISO C++ forbids declaration of ‘[01m[KPaperTFBroadcaster[m[K’ with no type [[01;31m[K]8;;https://gcc.gnu.org/onlinedocs/gcc/Warning-Options.html#index-fpermissive-fpermissive]8;;[m[K]
   25 |     [01;31m[KPaperTFBroadcaster[m[K()
      |     [01;31m[K^~~~~~~~~~~~~~~~~~[m[K
[01m[K/home/mtrn/4231/liam_stuff/4231project/src/transforms/src/path.cpp:33:31:[m[K [01;31m[Kerror: [m[K‘[01m[Kcustom_messages[m[K’ does not name a type
   33 |     void topic_callback(const [01;31m[Kcustom_messages[m[K::msg::RobotAction::SharedPtr msg) const
      |                               [01;31m[K^~~~~~~~~~~~~~~[m[K
[01m[K/home/mtrn/4231/liam_stuff/4231project/src/transforms/src/path.cpp:33:51:[m[K [01;31m[Kerror: [m[Kexpected unqualified-id before ‘[01m[K::[m[K’ token
   33 |     void topic_callback(const custom_messages::msg[01;31m[K::[m[KRobotAction::SharedPtr msg) const
      |                                                   [01;31m[K^~[m[K
[01m[K/home/mtrn/4231/liam_stuff/4231project/src/transforms/src/path.cpp:33:51:[m[K [01;31m[Kerror: [m[Kexpected ‘[01m[K)[m[K’ before ‘[01m[K::[m[K’ token
   33 |     void topic_callback[34m[K([m[Kconst custom_messages::msg[01;31m[K:[m[K[32m[K:[m[KRobotAction::SharedPtr msg) const
      |                        [34m[K~[m[K                          [01;31m[K^[m[K[32m[K~[m[K
      |                                                   [32m[K)[m[K
[01m[K/home/mtrn/4231/liam_stuff/4231project/src/transforms/src/path.cpp:33:48:[m[K [01;31m[Kerror: [m[Kexpected ‘[01m[K;[m[K’ at end of member declaration
   33 |     void topic_callback(const custom_messages::[01;31m[Kmsg[m[K::RobotAction::SharedPtr msg) const
      |                                                [01;31m[K^~~[m[K
      |                                                   [32m[K;[m[K
[01m[K/home/mtrn/4231/liam_stuff/4231project/src/transforms/src/path.cpp:33:53:[m[K [01;31m[Kerror: [m[K‘[01m[KRobotAction[m[K’ in namespace ‘[01m[K::[m[K’ does not name a type
   33 |     void topic_callback(const custom_messages::msg::[01;31m[KRobotAction[m[K::SharedPtr msg) const
      |                                                     [01;31m[K^~~~~~~~~~~[m[K
[01m[K/home/mtrn/4231/liam_stuff/4231project/src/transforms/src/path.cpp:[m[K In member function ‘[01m[Kint PointTFBroadcaster::PaperTFBroadcaster()[m[K’:
[01m[K/home/mtrn/4231/liam_stuff/4231project/src/transforms/src/path.cpp:26:7:[m[K [01;31m[Kerror: [m[Konly constructors take member initializers
   26 |     : [01;31m[KNode[m[K("PointTFBroadcaster")
      |       [01;31m[K^~~~[m[K
[01m[K/home/mtrn/4231/liam_stuff/4231project/src/transforms/src/path.cpp:28:49:[m[K [01;31m[Kerror: [m[K‘[01m[Kcustom_messages[m[K’ was not declared in this scope
   28 |       subscription_ = this->create_subscription<[01;31m[Kcustom_messages[m[K::msg::RobotAction>( "Path", 10, std::bind(&PointTFBroadcaster::topic_callback, this, _1));
      |                                                 [01;31m[K^~~~~~~~~~~~~~~[m[K
[01m[K/home/mtrn/4231/liam_stuff/4231project/src/transforms/src/path.cpp:28:29:[m[K [01;31m[Kerror: [m[Kparse error in template argument list
   28 |       subscription_ = this->[01;31m[Kcreate_subscription<custom_messages::msg::RobotAction>[m[K( "Path", 10, std::bind(&PointTFBroadcaster::topic_callback, this, _1));
      |                             [01;31m[K^~~~~~~~~~~~~~~~~~~~~~~~~~~~~~~~~~~~~~~~~~~~~~~~~~~~~~[m[K
[01m[K/home/mtrn/4231/liam_stuff/4231project/src/transforms/src/path.cpp:28:83:[m[K [01;31m[Kerror: [m[Kno matching function for call to ‘[01m[KPointTFBroadcaster::create_subscription<<expression error> >(const char [5], int, std::_Bind_helper<false, void (PointTFBroadcaster::*)(...), PointTFBroadcaster*, const std::_Placeholder<1>&>::type)[m[K’
   28 |       subscription_ = [01;31m[Kthis->create_subscription<custom_messages::msg::RobotAction>( "Path", 10, std::bind(&PointTFBroadcaster::topic_callback, this, _1))[m[K;
      |                       [01;31m[K~~~~~~~~~~~~~~~~~~~~~~~~~~~~~~~~~~~~~~~~~~~~~~~~~~~~~~~~~~~~^~~~~~~~~~~~~~~~~~~~~~~~~~~~~~~~~~~~~~~~~~~~~~~~~~~~~~~~~~~~~~~~~~~~~~~[m[K
In file included from [01m[K/opt/ros/humble/include/rclcpp/rclcpp/executors/single_threaded_executor.hpp:28[m[K,
                 from [01m[K/opt/ros/humble/include/rclcpp/rclcpp/executors.hpp:22[m[K,
                 from [01m[K/opt/ros/humble/include/rclcpp/rclcpp/rclcpp.hpp:155[m[K,
                 from [01m[K/home/mtrn/4231/liam_stuff/4231project/src/transforms/src/path.cpp:1[m[K:
[01m[K/opt/ros/humble/include/rclcpp/rclcpp/node.hpp:219:3:[m[K [01;36m[Knote: [m[Kcandidate: ‘[01m[Ktemplate<class MessageT, class CallbackT, class AllocatorT, class SubscriptionT, class MessageMemoryStrategyT> std::shared_ptr<ROSMessageT> rclcpp::Node::create_subscription(const string&, const rclcpp::QoS&, CallbackT&&, const rclcpp::SubscriptionOptionsWithAllocator<AllocatorT>&, typename MessageMemoryStrategyT::SharedPtr)[m[K’
  219 |   [01;36m[Kcreate_subscription[m[K(
      |   [01;36m[K^~~~~~~~~~~~~~~~~~~[m[K
[01m[K/opt/ros/humble/include/rclcpp/rclcpp/node.hpp:219:3:[m[K [01;36m[Knote: [m[K  template argument deduction/substitution failed:
[01m[K/home/mtrn/4231/liam_stuff/4231project/src/transforms/src/path.cpp:28:83:[m[K [01;31m[Kerror: [m[Ktemplate argument 1 is invalid
   28 |       subscription_ = [01;31m[Kthis->create_subscription<custom_messages::msg::RobotAction>( "Path", 10, std::bind(&PointTFBroadcaster::topic_callback, this, _1))[m[K;
      |                       [01;31m[K~~~~~~~~~~~~~~~~~~~~~~~~~~~~~~~~~~~~~~~~~~~~~~~~~~~~~~~~~~~~^~~~~~~~~~~~~~~~~~~~~~~~~~~~~~~~~~~~~~~~~~~~~~~~~~~~~~~~~~~~~~~~~~~~~~~[m[K
[01m[K/home/mtrn/4231/liam_stuff/4231project/src/transforms/src/path.cpp:30:5:[m[K [01;35m[Kwarning: [m[Kno return statement in function returning non-void [[01;35m[K]8;;https://gcc.gnu.org/onlinedocs/gcc/Warning-Options.html#index-Wreturn-type-Wreturn-type]8;;[m[K]
   30 |     [01;35m[K}[m[K
      |     [01;35m[K^[m[K
In file included from [01m[K/usr/include/x86_64-linux-gnu/c++/11/bits/c++allocator.h:33[m[K,
                 from [01m[K/usr/include/c++/11/bits/allocator.h:46[m[K,
                 from [01m[K/usr/include/c++/11/memory:64[m[K,
                 from [01m[K/opt/ros/humble/include/rclcpp/rclcpp/rclcpp.hpp:153[m[K,
                 from [01m[K/home/mtrn/4231/liam_stuff/4231project/src/transforms/src/path.cpp:1[m[K:
/usr/include/c++/11/ext/new_allocator.h: In instantiation of ‘[01m[Kvoid __gnu_cxx::new_allocator<_Tp>::construct(_Up*, _Args&& ...) [with _Up = PointTFBroadcaster; _Args = {}; _Tp = PointTFBroadcaster][m[K’:
[01m[K/usr/include/c++/11/bits/alloc_traits.h:516:17:[m[K   required from ‘[01m[Kstatic void std::allocator_traits<std::allocator<_Tp1> >::construct(std::allocator_traits<std::allocator<_Tp1> >::allocator_type&, _Up*, _Args&& ...) [with _Up = PointTFBroadcaster; _Args = {}; _Tp = PointTFBroadcaster; std::allocator_traits<std::allocator<_Tp1> >::allocator_type = std::allocator<PointTFBroadcaster>][m[K’
[01m[K/usr/include/c++/11/bits/shared_ptr_base.h:519:39:[m[K   required from ‘[01m[Kstd::_Sp_counted_ptr_inplace<_Tp, _Alloc, _Lp>::_Sp_counted_ptr_inplace(_Alloc, _Args&& ...) [with _Args = {}; _Tp = PointTFBroadcaster; _Alloc = std::allocator<PointTFBroadcaster>; __gnu_cxx::_Lock_policy _Lp = __gnu_cxx::_S_atomic][m[K’
[01m[K/usr/include/c++/11/bits/shared_ptr_base.h:650:16:[m[K   required from ‘[01m[Kstd::__shared_count<_Lp>::__shared_count(_Tp*&, std::_Sp_alloc_shared_tag<_Alloc>, _Args&& ...) [with _Tp = PointTFBroadcaster; _Alloc = std::allocator<PointTFBroadcaster>; _Args = {}; __gnu_cxx::_Lock_policy _Lp = __gnu_cxx::_S_atomic][m[K’
[01m[K/usr/include/c++/11/bits/shared_ptr_base.h:1342:14:[m[K   required from ‘[01m[Kstd::__shared_ptr<_Tp, _Lp>::__shared_ptr(std::_Sp_alloc_shared_tag<_Tp>, _Args&& ...) [with _Alloc = std::allocator<PointTFBroadcaster>; _Args = {}; _Tp = PointTFBroadcaster; __gnu_cxx::_Lock_policy _Lp = __gnu_cxx::_S_atomic][m[K’
[01m[K/usr/include/c++/11/bits/shared_ptr.h:409:59:[m[K   required from ‘[01m[Kstd::shared_ptr<_Tp>::shared_ptr(std::_Sp_alloc_shared_tag<_Tp>, _Args&& ...) [with _Alloc = std::allocator<PointTFBroadcaster>; _Args = {}; _Tp = PointTFBroadcaster][m[K’
[01m[K/usr/include/c++/11/bits/shared_ptr.h:862:14:[m[K   required from ‘[01m[Kstd::shared_ptr<_Tp> std::allocate_shared(const _Alloc&, _Args&& ...) [with _Tp = PointTFBroadcaster; _Alloc = std::allocator<PointTFBroadcaster>; _Args = {}][m[K’
[01m[K/usr/include/c++/11/bits/shared_ptr.h:878:39:[m[K   required from ‘[01m[Kstd::shared_ptr<_Tp> std::make_shared(_Args&& ...) [with _Tp = PointTFBroadcaster; _Args = {}][m[K’
[01m[K/home/mtrn/4231/liam_stuff/4231project/src/transforms/src/path.cpp:75:52:[m[K   required from here
[01m[K/usr/include/c++/11/ext/new_allocator.h:162:11:[m[K [01;31m[Kerror: [m[Kuse of deleted function ‘[01m[KPointTFBroadcaster::PointTFBroadcaster()[m[K’
  162 |         { [01;31m[K::new((void *)__p) _Up(std::forward<_Args>(__args)...)[m[K; }
      |           [01;31m[K^~~~~~~~~~~~~~~~~~~~~~~~~~~~~~~~~~~~~~~~~~~~~~~~~~~~~~[m[K
[01m[K/home/mtrn/4231/liam_stuff/4231project/src/transforms/src/path.cpp:22:7:[m[K [01;36m[Knote: [m[K‘[01m[KPointTFBroadcaster::PointTFBroadcaster()[m[K’ is implicitly deleted because the default definition would be ill-formed:
   22 | class [01;36m[KPointTFBroadcaster[m[K : public rclcpp::Node
      |       [01;36m[K^~~~~~~~~~~~~~~~~~[m[K
[01m[K/home/mtrn/4231/liam_stuff/4231project/src/transforms/src/path.cpp:22:7:[m[K [01;31m[Kerror: [m[Kno matching function for call to ‘[01m[Krclcpp::Node::Node()[m[K’
In file included from [01m[K/opt/ros/humble/include/rclcpp/rclcpp/executors/single_threaded_executor.hpp:28[m[K,
                 from [01m[K/opt/ros/humble/include/rclcpp/rclcpp/executors.hpp:22[m[K,
                 from [01m[K/opt/ros/humble/include/rclcpp/rclcpp/rclcpp.hpp:155[m[K,
                 from [01m[K/home/mtrn/4231/liam_stuff/4231project/src/transforms/src/path.cpp:1[m[K:
[01m[K/opt/ros/humble/include/rclcpp/rclcpp/node.hpp:1294:3:[m[K [01;36m[Knote: [m[Kcandidate: ‘[01m[Krclcpp::Node::Node(const rclcpp::Node&, const string&)[m[K’
 1294 |   [01;36m[KNode[m[K(
      |   [01;36m[K^~~~[m[K
[01m[K/opt/ros/humble/include/rclcpp/rclcpp/node.hpp:1294:3:[m[K [01;36m[Knote: [m[K  candidate expects 2 arguments, 0 provided
[01m[K/opt/ros/humble/include/rclcpp/rclcpp/node.hpp:101:12:[m[K [01;36m[Knote: [m[Kcandidate: ‘[01m[Krclcpp::Node::Node(const string&, const string&, const rclcpp::NodeOptions&)[m[K’
  101 |   explicit [01;36m[KNode[m[K(
      |            [01;36m[K^~~~[m[K
[01m[K/opt/ros/humble/include/rclcpp/rclcpp/node.hpp:101:12:[m[K [01;36m[Knote: [m[K  candidate expects 3 arguments, 0 provided
[01m[K/opt/ros/humble/include/rclcpp/rclcpp/node.hpp:89:12:[m[K [01;36m[Knote: [m[Kcandidate: ‘[01m[Krclcpp::Node::Node(const string&, const rclcpp::NodeOptions&)[m[K’
   89 |   explicit [01;36m[KNode[m[K(
      |            [01;36m[K^~~~[m[K
[01m[K/opt/ros/humble/include/rclcpp/rclcpp/node.hpp:89:12:[m[K [01;36m[Knote: [m[K  candidate expects 2 arguments, 0 provided
gmake[2]: *** [CMakeFiles/path.dir/build.make:76: CMakeFiles/path.dir/src/path.cpp.o] Error 1
gmake[1]: *** [CMakeFiles/Makefile2:193: CMakeFiles/path.dir/all] Error 2
gmake: *** [Makefile:146: all] Error 2
