[1.299s] Invoking command in '/home/mtrn/4231/project_workspace/src/my_package': PYTHONPATH=/home/mtrn/4231/project_workspace/build/my_package/prefix_override:/home/mtrn/4231/project_workspace/install/my_package/lib/python3.10/site-packages:${PYTHONPATH} /usr/bin/python3 setup.py egg_info --egg-base ../../build/my_package build --build-base /home/mtrn/4231/project_workspace/build/my_package/build install --record /home/mtrn/4231/project_workspace/build/my_package/install.log --single-version-externally-managed
[1.624s] running egg_info
[1.626s] writing ../../build/my_package/my_package.egg-info/PKG-INFO
[1.627s] writing dependency_links to ../../build/my_package/my_package.egg-info/dependency_links.txt
[1.627s] writing entry points to ../../build/my_package/my_package.egg-info/entry_points.txt
[1.627s] writing requirements to ../../build/my_package/my_package.egg-info/requires.txt
[1.627s] writing top-level names to ../../build/my_package/my_package.egg-info/top_level.txt
[1.629s] reading manifest file '../../build/my_package/my_package.egg-info/SOURCES.txt'
[1.630s] writing manifest file '../../build/my_package/my_package.egg-info/SOURCES.txt'
[1.630s] running build
[1.631s] running build_py
[1.631s] running install
[1.631s] /usr/lib/python3/dist-packages/setuptools/command/install.py:34: SetuptoolsDeprecationWarning: setup.py install is deprecated. Use build and pip and other standards-based tools.
[1.631s]   warnings.warn(
[1.632s] running install_lib
[1.633s] running install_data
[1.634s] running install_egg_info
[1.635s] removing '/home/mtrn/4231/project_workspace/install/my_package/lib/python3.10/site-packages/my_package-0.0.0-py3.10.egg-info' (and everything under it)
[1.636s] Copying ../../build/my_package/my_package.egg-info to /home/mtrn/4231/project_workspace/install/my_package/lib/python3.10/site-packages/my_package-0.0.0-py3.10.egg-info
[1.638s] running install_scripts
[1.690s] Installing my_node script to /home/mtrn/4231/project_workspace/install/my_package/lib/my_package
[1.691s] writing list of installed files to '/home/mtrn/4231/project_workspace/build/my_package/install.log'
[1.761s] Invoked command in '/home/mtrn/4231/project_workspace/src/my_package' returned '0': PYTHONPATH=/home/mtrn/4231/project_workspace/build/my_package/prefix_override:/home/mtrn/4231/project_workspace/install/my_package/lib/python3.10/site-packages:${PYTHONPATH} /usr/bin/python3 setup.py egg_info --egg-base ../../build/my_package build --build-base /home/mtrn/4231/project_workspace/build/my_package/build install --record /home/mtrn/4231/project_workspace/build/my_package/install.log --single-version-externally-managed
