[0.634s] Invoking command in '/home/mtrn/4231/project_workspace/build/v4l2_camera': CMAKE_PREFIX_PATH=${CMAKE_PREFIX_PATH}:/home/mtrn/4231/project_workspace/install/opencv_example:/home/mtrn/4231/project_workspace/install/openCV_example:/home/mtrn/4231/project_workspace/install/my_package:/home/mtrn/4231/ws_moveit2/install/moveit_configs_utils:/home/mtrn/4231/ws_moveit2/install/launch_param_builder:/opt/ros/humble /usr/bin/cmake /home/mtrn/4231/project_workspace/src/ros2_v4l2_camera-rolling -DCMAKE_INSTALL_PREFIX=/home/mtrn/4231/project_workspace/install/v4l2_camera
[1.134s] -- The C compiler identification is GNU 11.4.0
[1.566s] -- The CXX compiler identification is GNU 11.4.0
[1.594s] -- Detecting C compiler ABI info
[1.790s] -- Detecting C compiler ABI info - done
[1.796s] -- Check for working C compiler: /usr/bin/cc - skipped
[1.810s] -- Detecting C compile features
[1.812s] -- Detecting C compile features - done
[1.818s] -- Detecting CXX compiler ABI info
[1.987s] -- Detecting CXX compiler ABI info - done
[1.997s] -- Check for working CXX compiler: /usr/bin/c++ - skipped
[1.997s] -- Detecting CXX compile features
[1.997s] -- Detecting CXX compile features - done
[2.020s] -- Found ament_cmake: 1.3.5 (/opt/ros/humble/share/ament_cmake/cmake)
[2.381s] -- Found Python3: /usr/bin/python3.10 (found version "3.10.12") found components: Interpreter 
[2.723s] -- Found ament_cmake_ros: 0.10.0 (/opt/ros/humble/share/ament_cmake_ros/cmake)
[2.795s] -- Found rclcpp: 16.0.5 (/opt/ros/humble/share/rclcpp/cmake)
[3.056s] -- Found rosidl_generator_c: 3.1.5 (/opt/ros/humble/share/rosidl_generator_c/cmake)
[3.082s] -- Found rosidl_adapter: 3.1.5 (/opt/ros/humble/share/rosidl_adapter/cmake)
[3.122s] -- Found rosidl_generator_cpp: 3.1.5 (/opt/ros/humble/share/rosidl_generator_cpp/cmake)
[3.215s] -- Using all available rosidl_typesupport_c: rosidl_typesupport_fastrtps_c;rosidl_typesupport_introspection_c
[3.294s] -- Using all available rosidl_typesupport_cpp: rosidl_typesupport_fastrtps_cpp;rosidl_typesupport_introspection_cpp
[3.534s] -- Found rmw_implementation_cmake: 6.1.1 (/opt/ros/humble/share/rmw_implementation_cmake/cmake)
[3.552s] -- Found rmw_cyclonedds_cpp: 1.3.4 (/opt/ros/humble/share/rmw_cyclonedds_cpp/cmake)
[3.710s] -- Using RMW implementation 'rmw_cyclonedds_cpp' as default
[3.752s] -- Looking for pthread.h
[3.985s] -- Looking for pthread.h - found
[3.985s] -- Performing Test CMAKE_HAVE_LIBC_PTHREAD
[4.211s] -- Performing Test CMAKE_HAVE_LIBC_PTHREAD - Success
[4.213s] -- Found Threads: TRUE  
[4.545s] -- Found rclcpp_components: 16.0.5 (/opt/ros/humble/share/rclcpp_components/cmake)
[4.721s] -- Found camera_info_manager: 3.1.7 (/opt/ros/humble/share/camera_info_manager/cmake)
[5.024s] -- Found cv_bridge: 3.2.1 (/opt/ros/humble/share/cv_bridge/cmake)
[5.075s] -- Found image_transport: 3.1.7 (/opt/ros/humble/share/image_transport/cmake)
[5.250s] -- Found ament_lint_auto: 0.12.7 (/opt/ros/humble/share/ament_lint_auto/cmake)
[5.509s] -- Added test 'cppcheck' to perform static code analysis on C / C++ code
[5.509s] -- Configured cppcheck include dirs: $<BUILD_INTERFACE:/home/mtrn/4231/project_workspace/src/ros2_v4l2_camera-rolling/include>
[5.510s] -- Configured cppcheck exclude dirs and/or files: 
[5.514s] -- Added test 'cpplint' to check C / C++ code against the Google style
[5.514s] -- Configured cpplint exclude dirs and/or files: 
[5.523s] -- Added test 'lint_cmake' to check CMake code style
[5.528s] -- Added test 'uncrustify' to check C / C++ code style
[5.528s] -- Configured uncrustify additional arguments: 
[5.532s] -- Added test 'xmllint' to check XML markup files
[5.551s] -- Configuring done
[5.578s] -- Generating done
[5.581s] -- Build files have been written to: /home/mtrn/4231/project_workspace/build/v4l2_camera
[5.607s] Invoked command in '/home/mtrn/4231/project_workspace/build/v4l2_camera' returned '0': CMAKE_PREFIX_PATH=${CMAKE_PREFIX_PATH}:/home/mtrn/4231/project_workspace/install/opencv_example:/home/mtrn/4231/project_workspace/install/openCV_example:/home/mtrn/4231/project_workspace/install/my_package:/home/mtrn/4231/ws_moveit2/install/moveit_configs_utils:/home/mtrn/4231/ws_moveit2/install/launch_param_builder:/opt/ros/humble /usr/bin/cmake /home/mtrn/4231/project_workspace/src/ros2_v4l2_camera-rolling -DCMAKE_INSTALL_PREFIX=/home/mtrn/4231/project_workspace/install/v4l2_camera
[5.608s] Invoking command in '/home/mtrn/4231/project_workspace/build/v4l2_camera': CMAKE_PREFIX_PATH=${CMAKE_PREFIX_PATH}:/home/mtrn/4231/project_workspace/install/opencv_example:/home/mtrn/4231/project_workspace/install/openCV_example:/home/mtrn/4231/project_workspace/install/my_package:/home/mtrn/4231/ws_moveit2/install/moveit_configs_utils:/home/mtrn/4231/ws_moveit2/install/launch_param_builder:/opt/ros/humble /usr/bin/cmake --build /home/mtrn/4231/project_workspace/build/v4l2_camera -- -j4 -l4
[5.718s] [ 12%] [32mBuilding CXX object CMakeFiles/v4l2_camera.dir/src/parameters.cpp.o[0m
[5.734s] [ 37%] [32mBuilding CXX object CMakeFiles/v4l2_camera.dir/src/v4l2_camera.cpp.o[0m
[5.735s] [ 37%] [32mBuilding CXX object CMakeFiles/v4l2_camera.dir/src/v4l2_camera_device.cpp.o[0m
[16.569s] [ 50%] [32m[1mLinking CXX shared library libv4l2_camera.so[0m
[17.588s] [ 50%] Built target v4l2_camera
[17.650s] [ 62%] [32mBuilding CXX object CMakeFiles/v4l2_camera_compose_test.dir/src/v4l2_camera_compose_test.cpp.o[0m
[17.652s] [ 75%] [32mBuilding CXX object CMakeFiles/v4l2_camera_node.dir/src/v4l2_camera_node.cpp.o[0m
[21.829s] [ 87%] [32m[1mLinking CXX executable v4l2_camera_node[0m
[22.817s] [ 87%] Built target v4l2_camera_node
[27.871s] [100%] [32m[1mLinking CXX executable v4l2_camera_compose_test[0m
[28.711s] [100%] Built target v4l2_camera_compose_test
[28.738s] Invoked command in '/home/mtrn/4231/project_workspace/build/v4l2_camera' returned '0': CMAKE_PREFIX_PATH=${CMAKE_PREFIX_PATH}:/home/mtrn/4231/project_workspace/install/opencv_example:/home/mtrn/4231/project_workspace/install/openCV_example:/home/mtrn/4231/project_workspace/install/my_package:/home/mtrn/4231/ws_moveit2/install/moveit_configs_utils:/home/mtrn/4231/ws_moveit2/install/launch_param_builder:/opt/ros/humble /usr/bin/cmake --build /home/mtrn/4231/project_workspace/build/v4l2_camera -- -j4 -l4
[28.915s] Invoking command in '/home/mtrn/4231/project_workspace/build/v4l2_camera': CMAKE_PREFIX_PATH=${CMAKE_PREFIX_PATH}:/home/mtrn/4231/project_workspace/install/opencv_example:/home/mtrn/4231/project_workspace/install/openCV_example:/home/mtrn/4231/project_workspace/install/my_package:/home/mtrn/4231/ws_moveit2/install/moveit_configs_utils:/home/mtrn/4231/ws_moveit2/install/launch_param_builder:/opt/ros/humble /usr/bin/cmake --install /home/mtrn/4231/project_workspace/build/v4l2_camera
[28.932s] -- Install configuration: ""
[28.934s] -- Installing: /home/mtrn/4231/project_workspace/install/v4l2_camera/include
[28.935s] -- Installing: /home/mtrn/4231/project_workspace/install/v4l2_camera/include/v4l2_camera
[28.936s] -- Installing: /home/mtrn/4231/project_workspace/install/v4l2_camera/include/v4l2_camera/pixel_format.hpp
[28.936s] -- Installing: /home/mtrn/4231/project_workspace/install/v4l2_camera/include/v4l2_camera/parameters.hpp
[28.937s] -- Installing: /home/mtrn/4231/project_workspace/install/v4l2_camera/include/v4l2_camera/v4l2_camera.hpp
[28.938s] -- Installing: /home/mtrn/4231/project_workspace/install/v4l2_camera/include/v4l2_camera/image_format.hpp
[28.940s] -- Installing: /home/mtrn/4231/project_workspace/install/v4l2_camera/include/v4l2_camera/control.hpp
[28.940s] -- Installing: /home/mtrn/4231/project_workspace/install/v4l2_camera/include/v4l2_camera/fourcc.hpp
[28.940s] -- Installing: /home/mtrn/4231/project_workspace/install/v4l2_camera/include/v4l2_camera/v4l2_camera_device.hpp
[28.941s] -- Installing: /home/mtrn/4231/project_workspace/install/v4l2_camera/include/v4l2_camera/visibility_control.h
[28.941s] -- Installing: /home/mtrn/4231/project_workspace/install/v4l2_camera/lib/libv4l2_camera.so
[28.950s] -- Set runtime path of "/home/mtrn/4231/project_workspace/install/v4l2_camera/lib/libv4l2_camera.so" to ""
[28.950s] -- Installing: /home/mtrn/4231/project_workspace/install/v4l2_camera/lib/v4l2_camera/v4l2_camera_node
[28.951s] -- Set runtime path of "/home/mtrn/4231/project_workspace/install/v4l2_camera/lib/v4l2_camera/v4l2_camera_node" to ""
[28.951s] -- Installing: /home/mtrn/4231/project_workspace/install/v4l2_camera/lib/v4l2_camera/v4l2_camera_compose_test
[28.955s] -- Set runtime path of "/home/mtrn/4231/project_workspace/install/v4l2_camera/lib/v4l2_camera/v4l2_camera_compose_test" to ""
[28.955s] -- Installing: /home/mtrn/4231/project_workspace/install/v4l2_camera/share/v4l2_camera/environment/library_path.sh
[28.956s] -- Installing: /home/mtrn/4231/project_workspace/install/v4l2_camera/share/v4l2_camera/environment/library_path.dsv
[28.966s] -- Installing: /home/mtrn/4231/project_workspace/install/v4l2_camera/share/ament_index/resource_index/package_run_dependencies/v4l2_camera
[28.967s] -- Installing: /home/mtrn/4231/project_workspace/install/v4l2_camera/share/ament_index/resource_index/parent_prefix_path/v4l2_camera
[28.969s] -- Installing: /home/mtrn/4231/project_workspace/install/v4l2_camera/share/v4l2_camera/environment/ament_prefix_path.sh
[28.969s] -- Installing: /home/mtrn/4231/project_workspace/install/v4l2_camera/share/v4l2_camera/environment/ament_prefix_path.dsv
[28.970s] -- Installing: /home/mtrn/4231/project_workspace/install/v4l2_camera/share/v4l2_camera/environment/path.sh
[28.971s] -- Installing: /home/mtrn/4231/project_workspace/install/v4l2_camera/share/v4l2_camera/environment/path.dsv
[28.972s] -- Installing: /home/mtrn/4231/project_workspace/install/v4l2_camera/share/v4l2_camera/local_setup.bash
[28.973s] -- Installing: /home/mtrn/4231/project_workspace/install/v4l2_camera/share/v4l2_camera/local_setup.sh
[28.974s] -- Installing: /home/mtrn/4231/project_workspace/install/v4l2_camera/share/v4l2_camera/local_setup.zsh
[28.975s] -- Installing: /home/mtrn/4231/project_workspace/install/v4l2_camera/share/v4l2_camera/local_setup.dsv
[28.975s] -- Installing: /home/mtrn/4231/project_workspace/install/v4l2_camera/share/v4l2_camera/package.dsv
[28.977s] -- Installing: /home/mtrn/4231/project_workspace/install/v4l2_camera/share/ament_index/resource_index/packages/v4l2_camera
[28.977s] -- Installing: /home/mtrn/4231/project_workspace/install/v4l2_camera/share/ament_index/resource_index/rclcpp_components/v4l2_camera
[28.979s] -- Installing: /home/mtrn/4231/project_workspace/install/v4l2_camera/share/v4l2_camera/cmake/export_v4l2_cameraExport.cmake
[28.979s] -- Installing: /home/mtrn/4231/project_workspace/install/v4l2_camera/share/v4l2_camera/cmake/export_v4l2_cameraExport-noconfig.cmake
[28.980s] -- Installing: /home/mtrn/4231/project_workspace/install/v4l2_camera/share/v4l2_camera/cmake/ament_cmake_export_include_directories-extras.cmake
[28.981s] -- Installing: /home/mtrn/4231/project_workspace/install/v4l2_camera/share/v4l2_camera/cmake/ament_cmake_export_targets-extras.cmake
[28.983s] -- Installing: /home/mtrn/4231/project_workspace/install/v4l2_camera/share/v4l2_camera/cmake/ament_cmake_export_libraries-extras.cmake
[28.983s] -- Installing: /home/mtrn/4231/project_workspace/install/v4l2_camera/share/v4l2_camera/cmake/ament_cmake_export_dependencies-extras.cmake
[28.984s] -- Installing: /home/mtrn/4231/project_workspace/install/v4l2_camera/share/v4l2_camera/cmake/v4l2_cameraConfig.cmake
[28.985s] -- Installing: /home/mtrn/4231/project_workspace/install/v4l2_camera/share/v4l2_camera/cmake/v4l2_cameraConfig-version.cmake
[28.985s] -- Installing: /home/mtrn/4231/project_workspace/install/v4l2_camera/share/v4l2_camera/package.xml
[28.996s] Invoked command in '/home/mtrn/4231/project_workspace/build/v4l2_camera' returned '0': CMAKE_PREFIX_PATH=${CMAKE_PREFIX_PATH}:/home/mtrn/4231/project_workspace/install/opencv_example:/home/mtrn/4231/project_workspace/install/openCV_example:/home/mtrn/4231/project_workspace/install/my_package:/home/mtrn/4231/ws_moveit2/install/moveit_configs_utils:/home/mtrn/4231/ws_moveit2/install/launch_param_builder:/opt/ros/humble /usr/bin/cmake --install /home/mtrn/4231/project_workspace/build/v4l2_camera
