[1.671s] Invoking command in '/home/mtrn/4231/liam_stuff/4231project/src/my_package': PYTHONPATH=/home/mtrn/4231/liam_stuff/4231project/build/my_package/prefix_override:/home/mtrn/4231/liam_stuff/4231project/install/my_package/lib/python3.10/site-packages:${PYTHONPATH} /usr/bin/python3 setup.py egg_info --egg-base ../../build/my_package build --build-base /home/mtrn/4231/liam_stuff/4231project/build/my_package/build install --record /home/mtrn/4231/liam_stuff/4231project/build/my_package/install.log --single-version-externally-managed
[1.997s] running egg_info
[1.998s] writing ../../build/my_package/my_package.egg-info/PKG-INFO
[1.998s] writing dependency_links to ../../build/my_package/my_package.egg-info/dependency_links.txt
[1.998s] writing entry points to ../../build/my_package/my_package.egg-info/entry_points.txt
[1.998s] writing requirements to ../../build/my_package/my_package.egg-info/requires.txt
[1.998s] writing top-level names to ../../build/my_package/my_package.egg-info/top_level.txt
[2.001s] reading manifest file '../../build/my_package/my_package.egg-info/SOURCES.txt'
[2.002s] writing manifest file '../../build/my_package/my_package.egg-info/SOURCES.txt'
[2.002s] running build
[2.002s] running build_py
[2.002s] running install
[2.002s] /usr/lib/python3/dist-packages/setuptools/command/install.py:34: SetuptoolsDeprecationWarning: setup.py install is deprecated. Use build and pip and other standards-based tools.
[2.002s]   warnings.warn(
[2.003s] running install_lib
[2.004s] running install_data
[2.004s] running install_egg_info
[2.008s] removing '/home/mtrn/4231/liam_stuff/4231project/install/my_package/lib/python3.10/site-packages/my_package-0.0.0-py3.10.egg-info' (and everything under it)
[2.008s] Copying ../../build/my_package/my_package.egg-info to /home/mtrn/4231/liam_stuff/4231project/install/my_package/lib/python3.10/site-packages/my_package-0.0.0-py3.10.egg-info
[2.009s] running install_scripts
[2.032s] Installing my_node script to /home/mtrn/4231/liam_stuff/4231project/install/my_package/lib/my_package
[2.033s] writing list of installed files to '/home/mtrn/4231/liam_stuff/4231project/build/my_package/install.log'
[2.083s] Invoked command in '/home/mtrn/4231/liam_stuff/4231project/src/my_package' returned '0': PYTHONPATH=/home/mtrn/4231/liam_stuff/4231project/build/my_package/prefix_override:/home/mtrn/4231/liam_stuff/4231project/install/my_package/lib/python3.10/site-packages:${PYTHONPATH} /usr/bin/python3 setup.py egg_info --egg-base ../../build/my_package build --build-base /home/mtrn/4231/liam_stuff/4231project/build/my_package/build install --record /home/mtrn/4231/liam_stuff/4231project/build/my_package/install.log --single-version-externally-managed
