[0.114s] Invoking command in '/home/mtrn/4231/liam_stuff/4231project/build/messages': CMAKE_PREFIX_PATH=${CMAKE_PREFIX_PATH}:/home/mtrn/4231/liam_stuff/4231project/install/ros2_aruco:/home/mtrn/4231/liam_stuff/4231project/install/opencv_example:/home/mtrn/4231/liam_stuff/4231project/install/my_package:/home/mtrn/4231/ws_moveit2/install/moveit_configs_utils:/home/mtrn/4231/ws_moveit2/install/launch_param_builder:/opt/ros/humble /home/mtrn/.local/bin/cmake --build /home/mtrn/4231/liam_stuff/4231project/build/messages -- -j12 -l12
[1.117s] -- Found ament_cmake: 1.3.5 (/opt/ros/humble/share/ament_cmake/cmake)
[1.117s] -- Found rosidl_default_generators: 1.2.0 (/opt/ros/humble/share/rosidl_default_generators/cmake)
[1.117s] -- Using all available rosidl_typesupport_c: rosidl_typesupport_fastrtps_c;rosidl_typesupport_introspection_c
[1.117s] -- Found rosidl_adapter: 3.1.5 (/opt/ros/humble/share/rosidl_adapter/cmake)
[1.117s] -- Using all available rosidl_typesupport_cpp: rosidl_typesupport_fastrtps_cpp;rosidl_typesupport_introspection_cpp
[1.117s] [0mCMake Error: The current CMakeCache.txt directory /home/mtrn/4231/liam_stuff/4231project/build/messages/CMakeCache.txt is different than the directory /home/mtrn/4231/liam_stuff/project_git/4231project/build/messages where CMakeCache.txt was created. This may result in binaries being created in the wrong place. If you are not sure, reedit the CMakeCache.txt[0m
[1.311s] -- Found ament_cmake_ros: 0.10.0 (/opt/ros/humble/share/ament_cmake_ros/cmake)
[2.087s] -- Using all available rosidl_typesupport_c: rosidl_typesupport_fastrtps_c;rosidl_typesupport_introspection_c
[2.975s] -- Using all available rosidl_typesupport_cpp: rosidl_typesupport_fastrtps_cpp;rosidl_typesupport_introspection_cpp
[2.978s] [33mCMake Warning (dev) at /opt/ros/humble/share/rosidl_generator_py/cmake/rosidl_generator_py_generate_interfaces.cmake:20 (find_package):
[2.978s]   Policy CMP0148 is not set: The FindPythonInterp and FindPythonLibs modules
[2.978s]   are removed.  Run "cmake --help-policy CMP0148" for policy details.  Use
[2.979s]   the cmake_policy command to set the policy and suppress this warning.
[2.979s] 
[2.979s] Call Stack (most recent call first):
[2.979s]   /opt/ros/humble/share/ament_cmake_core/cmake/core/ament_execute_extensions.cmake:48 (include)
[2.979s]   /opt/ros/humble/share/rosidl_cmake/cmake/rosidl_generate_interfaces.cmake:286 (ament_execute_extensions)
[2.979s]   CMakeLists.txt:21 (rosidl_generate_interfaces)
[2.979s] This warning is for project developers.  Use -Wno-dev to suppress it.
[2.979s] [0m
[3.013s] -- Found python_cmake_module: 0.10.0 (/opt/ros/humble/share/python_cmake_module/cmake)
[3.013s] [33mCMake Warning (dev) at /opt/ros/humble/share/python_cmake_module/cmake/Modules/FindPythonExtra.cmake:52 (find_package):
[3.013s]   Policy CMP0148 is not set: The FindPythonInterp and FindPythonLibs modules
[3.013s]   are removed.  Run "cmake --help-policy CMP0148" for policy details.  Use
[3.013s]   the cmake_policy command to set the policy and suppress this warning.
[3.013s] 
[3.013s] Call Stack (most recent call first):
[3.013s]   /opt/ros/humble/share/rosidl_generator_py/cmake/rosidl_generator_py_generate_interfaces.cmake:23 (find_package)
[3.013s]   /opt/ros/humble/share/ament_cmake_core/cmake/core/ament_execute_extensions.cmake:48 (include)
[3.013s]   /opt/ros/humble/share/rosidl_cmake/cmake/rosidl_generate_interfaces.cmake:286 (ament_execute_extensions)
[3.013s]   CMakeLists.txt:21 (rosidl_generate_interfaces)
[3.013s] This warning is for project developers.  Use -Wno-dev to suppress it.
[3.013s] [0m
[3.043s] [33mCMake Warning (dev) at /opt/ros/humble/share/python_cmake_module/cmake/Modules/FindPythonExtra.cmake:140 (find_package):
[3.043s]   Policy CMP0148 is not set: The FindPythonInterp and FindPythonLibs modules
[3.043s]   are removed.  Run "cmake --help-policy CMP0148" for policy details.  Use
[3.043s]   the cmake_policy command to set the policy and suppress this warning.
[3.043s] 
[3.043s] Call Stack (most recent call first):
[3.043s]   /opt/ros/humble/share/rosidl_generator_py/cmake/rosidl_generator_py_generate_interfaces.cmake:23 (find_package)
[3.043s]   /opt/ros/humble/share/ament_cmake_core/cmake/core/ament_execute_extensions.cmake:48 (include)
[3.043s]   /opt/ros/humble/share/rosidl_cmake/cmake/rosidl_generate_interfaces.cmake:286 (ament_execute_extensions)
[3.043s]   CMakeLists.txt:21 (rosidl_generate_interfaces)
[3.043s] This warning is for project developers.  Use -Wno-dev to suppress it.
[3.043s] [0m
[3.046s] -- Using PYTHON_EXECUTABLE: /usr/bin/python3
[3.046s] -- Using PYTHON_INCLUDE_DIRS: /usr/include/python3.10
[3.046s] -- Using PYTHON_LIBRARIES: /usr/lib/x86_64-linux-gnu/libpython3.10.so
[3.110s] -- Configuring done (2.9s)
[3.141s] -- Generating done (0.0s)
[3.143s] -- Build files have been written to: /home/mtrn/4231/liam_stuff/project_git/4231project/build/messages
[3.199s] [  9%] Built target messages__rosidl_generator_c
[3.205s] [ 12%] Built target messages__cpp
[3.218s] [ 12%] Built target ament_cmake_python_copy_messages
[3.236s] [ 22%] Built target messages__rosidl_typesupport_c
[3.237s] [ 32%] Built target messages__rosidl_typesupport_fastrtps_c
[3.242s] [ 41%] Built target messages__rosidl_typesupport_introspection_c
[3.245s] [ 51%] Built target messages__rosidl_typesupport_fastrtps_cpp
[3.245s] [ 61%] Built target messages__rosidl_typesupport_introspection_cpp
[3.246s] [ 70%] Built target messages__rosidl_typesupport_cpp
[3.278s] [ 70%] Built target messages
[3.309s] [ 74%] Built target messages__py
[3.352s] [ 80%] Built target messages__rosidl_generator_py
[3.385s] [ 87%] Built target messages__rosidl_typesupport_fastrtps_c__pyext
[3.385s] [ 93%] Built target messages__rosidl_typesupport_c__pyext
[3.391s] [100%] Built target messages__rosidl_typesupport_introspection_c__pyext
[3.546s] running egg_info
[3.547s] writing messages.egg-info/PKG-INFO
[3.547s] writing dependency_links to messages.egg-info/dependency_links.txt
[3.548s] writing top-level names to messages.egg-info/top_level.txt
[3.551s] reading manifest file 'messages.egg-info/SOURCES.txt'
[3.551s] writing manifest file 'messages.egg-info/SOURCES.txt'
[3.601s] [100%] Built target ament_cmake_python_build_messages_egg
[3.630s] Invoked command in '/home/mtrn/4231/liam_stuff/4231project/build/messages' returned '0': CMAKE_PREFIX_PATH=${CMAKE_PREFIX_PATH}:/home/mtrn/4231/liam_stuff/4231project/install/ros2_aruco:/home/mtrn/4231/liam_stuff/4231project/install/opencv_example:/home/mtrn/4231/liam_stuff/4231project/install/my_package:/home/mtrn/4231/ws_moveit2/install/moveit_configs_utils:/home/mtrn/4231/ws_moveit2/install/launch_param_builder:/opt/ros/humble /home/mtrn/.local/bin/cmake --build /home/mtrn/4231/liam_stuff/4231project/build/messages -- -j12 -l12
[4.088s] Invoking command in '/home/mtrn/4231/liam_stuff/4231project/build/messages': CMAKE_PREFIX_PATH=${CMAKE_PREFIX_PATH}:/home/mtrn/4231/liam_stuff/4231project/install/ros2_aruco:/home/mtrn/4231/liam_stuff/4231project/install/opencv_example:/home/mtrn/4231/liam_stuff/4231project/install/my_package:/home/mtrn/4231/ws_moveit2/install/moveit_configs_utils:/home/mtrn/4231/ws_moveit2/install/launch_param_builder:/opt/ros/humble /home/mtrn/.local/bin/cmake --install /home/mtrn/4231/liam_stuff/4231project/build/messages
[4.133s] -- Install configuration: ""
[4.134s] -- Up-to-date: /home/mtrn/4231/liam_stuff/project_git/4231project/install/messages/share/ament_index/resource_index/rosidl_interfaces/messages
[4.134s] -- Up-to-date: /home/mtrn/4231/liam_stuff/project_git/4231project/install/messages/include/messages/messages
[4.134s] -- Up-to-date: /home/mtrn/4231/liam_stuff/project_git/4231project/install/messages/include/messages/messages/msg
[4.134s] -- Up-to-date: /home/mtrn/4231/liam_stuff/project_git/4231project/install/messages/include/messages/messages/msg/rosidl_generator_c__visibility_control.h
[4.134s] -- Up-to-date: /home/mtrn/4231/liam_stuff/project_git/4231project/install/messages/include/messages/messages/msg/aruco_message.h
[4.135s] -- Up-to-date: /home/mtrn/4231/liam_stuff/project_git/4231project/install/messages/include/messages/messages/msg/detail
[4.135s] -- Up-to-date: /home/mtrn/4231/liam_stuff/project_git/4231project/install/messages/include/messages/messages/msg/detail/aruco_message__functions.c
[4.135s] -- Up-to-date: /home/mtrn/4231/liam_stuff/project_git/4231project/install/messages/include/messages/messages/msg/detail/aruco_message__type_support.h
[4.135s] -- Up-to-date: /home/mtrn/4231/liam_stuff/project_git/4231project/install/messages/include/messages/messages/msg/detail/aruco_message__struct.h
[4.135s] -- Up-to-date: /home/mtrn/4231/liam_stuff/project_git/4231project/install/messages/include/messages/messages/msg/detail/aruco_message__functions.h
[4.136s] -- Up-to-date: /home/mtrn/4231/liam_stuff/project_git/4231project/install/messages/share/messages/environment/library_path.sh
[4.136s] -- Installing: /home/mtrn/4231/liam_stuff/project_git/4231project/install/messages/share/messages/environment/library_path.dsv
[4.136s] -- Up-to-date: /home/mtrn/4231/liam_stuff/project_git/4231project/install/messages/lib/libmessages__rosidl_generator_c.so
[4.136s] -- Up-to-date: /home/mtrn/4231/liam_stuff/project_git/4231project/install/messages/include/messages/messages
[4.136s] -- Up-to-date: /home/mtrn/4231/liam_stuff/project_git/4231project/install/messages/include/messages/messages/msg
[4.136s] -- Up-to-date: /home/mtrn/4231/liam_stuff/project_git/4231project/install/messages/include/messages/messages/msg/rosidl_typesupport_fastrtps_c__visibility_control.h
[4.137s] -- Up-to-date: /home/mtrn/4231/liam_stuff/project_git/4231project/install/messages/include/messages/messages/msg/detail
[4.137s] -- Up-to-date: /home/mtrn/4231/liam_stuff/project_git/4231project/install/messages/include/messages/messages/msg/detail/aruco_message__rosidl_typesupport_fastrtps_c.h
[4.137s] -- Up-to-date: /home/mtrn/4231/liam_stuff/project_git/4231project/install/messages/lib/libmessages__rosidl_typesupport_fastrtps_c.so
[4.137s] -- Up-to-date: /home/mtrn/4231/liam_stuff/project_git/4231project/install/messages/include/messages/messages
[4.137s] -- Up-to-date: /home/mtrn/4231/liam_stuff/project_git/4231project/install/messages/include/messages/messages/msg
[4.137s] -- Up-to-date: /home/mtrn/4231/liam_stuff/project_git/4231project/install/messages/include/messages/messages/msg/rosidl_typesupport_introspection_c__visibility_control.h
[4.137s] -- Up-to-date: /home/mtrn/4231/liam_stuff/project_git/4231project/install/messages/include/messages/messages/msg/detail
[4.137s] -- Up-to-date: /home/mtrn/4231/liam_stuff/project_git/4231project/install/messages/include/messages/messages/msg/detail/aruco_message__type_support.c
[4.137s] -- Up-to-date: /home/mtrn/4231/liam_stuff/project_git/4231project/install/messages/include/messages/messages/msg/detail/aruco_message__rosidl_typesupport_introspection_c.h
[4.138s] -- Up-to-date: /home/mtrn/4231/liam_stuff/project_git/4231project/install/messages/lib/libmessages__rosidl_typesupport_introspection_c.so
[4.138s] -- Up-to-date: /home/mtrn/4231/liam_stuff/project_git/4231project/install/messages/lib/libmessages__rosidl_typesupport_c.so
[4.139s] -- Up-to-date: /home/mtrn/4231/liam_stuff/project_git/4231project/install/messages/include/messages/messages
[4.139s] -- Up-to-date: /home/mtrn/4231/liam_stuff/project_git/4231project/install/messages/include/messages/messages/msg
[4.139s] -- Up-to-date: /home/mtrn/4231/liam_stuff/project_git/4231project/install/messages/include/messages/messages/msg/aruco_message.hpp
[4.139s] -- Up-to-date: /home/mtrn/4231/liam_stuff/project_git/4231project/install/messages/include/messages/messages/msg/detail
[4.139s] -- Up-to-date: /home/mtrn/4231/liam_stuff/project_git/4231project/install/messages/include/messages/messages/msg/detail/aruco_message__traits.hpp
[4.139s] -- Up-to-date: /home/mtrn/4231/liam_stuff/project_git/4231project/install/messages/include/messages/messages/msg/detail/aruco_message__struct.hpp
[4.140s] -- Up-to-date: /home/mtrn/4231/liam_stuff/project_git/4231project/install/messages/include/messages/messages/msg/detail/aruco_message__builder.hpp
[4.140s] -- Up-to-date: /home/mtrn/4231/liam_stuff/project_git/4231project/install/messages/include/messages/messages
[4.140s] -- Up-to-date: /home/mtrn/4231/liam_stuff/project_git/4231project/install/messages/include/messages/messages/msg
[4.140s] -- Up-to-date: /home/mtrn/4231/liam_stuff/project_git/4231project/install/messages/include/messages/messages/msg/rosidl_typesupport_fastrtps_cpp__visibility_control.h
[4.140s] -- Up-to-date: /home/mtrn/4231/liam_stuff/project_git/4231project/install/messages/include/messages/messages/msg/detail
[4.140s] -- Up-to-date: /home/mtrn/4231/liam_stuff/project_git/4231project/install/messages/include/messages/messages/msg/detail/dds_fastrtps
[4.140s] -- Up-to-date: /home/mtrn/4231/liam_stuff/project_git/4231project/install/messages/include/messages/messages/msg/detail/aruco_message__rosidl_typesupport_fastrtps_cpp.hpp
[4.140s] -- Up-to-date: /home/mtrn/4231/liam_stuff/project_git/4231project/install/messages/lib/libmessages__rosidl_typesupport_fastrtps_cpp.so
[4.140s] -- Up-to-date: /home/mtrn/4231/liam_stuff/project_git/4231project/install/messages/include/messages/messages
[4.140s] -- Up-to-date: /home/mtrn/4231/liam_stuff/project_git/4231project/install/messages/include/messages/messages/msg
[4.141s] -- Up-to-date: /home/mtrn/4231/liam_stuff/project_git/4231project/install/messages/include/messages/messages/msg/detail
[4.141s] -- Up-to-date: /home/mtrn/4231/liam_stuff/project_git/4231project/install/messages/include/messages/messages/msg/detail/aruco_message__type_support.cpp
[4.141s] -- Up-to-date: /home/mtrn/4231/liam_stuff/project_git/4231project/install/messages/include/messages/messages/msg/detail/aruco_message__rosidl_typesupport_introspection_cpp.hpp
[4.141s] -- Up-to-date: /home/mtrn/4231/liam_stuff/project_git/4231project/install/messages/lib/libmessages__rosidl_typesupport_introspection_cpp.so
[4.141s] -- Up-to-date: /home/mtrn/4231/liam_stuff/project_git/4231project/install/messages/lib/libmessages__rosidl_typesupport_cpp.so
[4.141s] -- Up-to-date: /home/mtrn/4231/liam_stuff/project_git/4231project/install/messages/share/messages/environment/pythonpath.sh
[4.141s] -- Installing: /home/mtrn/4231/liam_stuff/project_git/4231project/install/messages/share/messages/environment/pythonpath.dsv
[4.141s] -- Up-to-date: /home/mtrn/4231/liam_stuff/project_git/4231project/install/messages/local/lib/python3.10/dist-packages/messages-0.0.0-py3.10.egg-info
[4.141s] -- Installing: /home/mtrn/4231/liam_stuff/project_git/4231project/install/messages/local/lib/python3.10/dist-packages/messages-0.0.0-py3.10.egg-info/SOURCES.txt
[4.142s] -- Installing: /home/mtrn/4231/liam_stuff/project_git/4231project/install/messages/local/lib/python3.10/dist-packages/messages-0.0.0-py3.10.egg-info/dependency_links.txt
[4.142s] -- Installing: /home/mtrn/4231/liam_stuff/project_git/4231project/install/messages/local/lib/python3.10/dist-packages/messages-0.0.0-py3.10.egg-info/PKG-INFO
[4.142s] -- Installing: /home/mtrn/4231/liam_stuff/project_git/4231project/install/messages/local/lib/python3.10/dist-packages/messages-0.0.0-py3.10.egg-info/top_level.txt
[4.142s] -- Up-to-date: /home/mtrn/4231/liam_stuff/project_git/4231project/install/messages/local/lib/python3.10/dist-packages/messages
[4.142s] -- Up-to-date: /home/mtrn/4231/liam_stuff/project_git/4231project/install/messages/local/lib/python3.10/dist-packages/messages/messages_s__rosidl_typesupport_introspection_c.cpython-310-x86_64-linux-gnu.so
[4.142s] -- Up-to-date: /home/mtrn/4231/liam_stuff/project_git/4231project/install/messages/local/lib/python3.10/dist-packages/messages/_messages_s.ep.rosidl_typesupport_introspection_c.c
[4.142s] -- Up-to-date: /home/mtrn/4231/liam_stuff/project_git/4231project/install/messages/local/lib/python3.10/dist-packages/messages/_messages_s.ep.rosidl_typesupport_fastrtps_c.c
[4.142s] -- Up-to-date: /home/mtrn/4231/liam_stuff/project_git/4231project/install/messages/local/lib/python3.10/dist-packages/messages/_messages_s.ep.rosidl_typesupport_c.c
[4.142s] -- Installing: /home/mtrn/4231/liam_stuff/project_git/4231project/install/messages/local/lib/python3.10/dist-packages/messages/__init__.py
[4.142s] -- Up-to-date: /home/mtrn/4231/liam_stuff/project_git/4231project/install/messages/local/lib/python3.10/dist-packages/messages/messages_s__rosidl_typesupport_fastrtps_c.cpython-310-x86_64-linux-gnu.so
[4.143s] -- Up-to-date: /home/mtrn/4231/liam_stuff/project_git/4231project/install/messages/local/lib/python3.10/dist-packages/messages/libmessages__rosidl_generator_py.so
[4.143s] -- Up-to-date: /home/mtrn/4231/liam_stuff/project_git/4231project/install/messages/local/lib/python3.10/dist-packages/messages/msg
[4.143s] -- Up-to-date: /home/mtrn/4231/liam_stuff/project_git/4231project/install/messages/local/lib/python3.10/dist-packages/messages/msg/_aruco_message_s.c
[4.143s] -- Up-to-date: /home/mtrn/4231/liam_stuff/project_git/4231project/install/messages/local/lib/python3.10/dist-packages/messages/msg/__init__.py
[4.143s] -- Up-to-date: /home/mtrn/4231/liam_stuff/project_git/4231project/install/messages/local/lib/python3.10/dist-packages/messages/msg/_aruco_message.py
[4.143s] -- Up-to-date: /home/mtrn/4231/liam_stuff/project_git/4231project/install/messages/local/lib/python3.10/dist-packages/messages/messages_s__rosidl_typesupport_c.cpython-310-x86_64-linux-gnu.so
[4.190s] Listing '/home/mtrn/4231/liam_stuff/project_git/4231project/install/messages/local/lib/python3.10/dist-packages/messages'...
[4.190s] Compiling '/home/mtrn/4231/liam_stuff/project_git/4231project/install/messages/local/lib/python3.10/dist-packages/messages/__init__.py'...
[4.190s] Listing '/home/mtrn/4231/liam_stuff/project_git/4231project/install/messages/local/lib/python3.10/dist-packages/messages/msg'...
[4.197s] -- Up-to-date: /home/mtrn/4231/liam_stuff/project_git/4231project/install/messages/local/lib/python3.10/dist-packages/messages/messages_s__rosidl_typesupport_fastrtps_c.cpython-310-x86_64-linux-gnu.so
[4.199s] -- Up-to-date: /home/mtrn/4231/liam_stuff/project_git/4231project/install/messages/local/lib/python3.10/dist-packages/messages/messages_s__rosidl_typesupport_introspection_c.cpython-310-x86_64-linux-gnu.so
[4.201s] -- Up-to-date: /home/mtrn/4231/liam_stuff/project_git/4231project/install/messages/local/lib/python3.10/dist-packages/messages/messages_s__rosidl_typesupport_c.cpython-310-x86_64-linux-gnu.so
[4.201s] -- Up-to-date: /home/mtrn/4231/liam_stuff/project_git/4231project/install/messages/lib/libmessages__rosidl_generator_py.so
[4.202s] -- Up-to-date: /home/mtrn/4231/liam_stuff/project_git/4231project/install/messages/share/messages/msg/ArucoMessage.idl
[4.202s] -- Up-to-date: /home/mtrn/4231/liam_stuff/project_git/4231project/install/messages/share/messages/msg/ArucoMessage.msg
[4.202s] -- Up-to-date: /home/mtrn/4231/liam_stuff/project_git/4231project/install/messages/share/ament_index/resource_index/package_run_dependencies/messages
[4.202s] -- Installing: /home/mtrn/4231/liam_stuff/project_git/4231project/install/messages/share/ament_index/resource_index/parent_prefix_path/messages
[4.203s] -- Up-to-date: /home/mtrn/4231/liam_stuff/project_git/4231project/install/messages/share/messages/environment/ament_prefix_path.sh
[4.203s] -- Installing: /home/mtrn/4231/liam_stuff/project_git/4231project/install/messages/share/messages/environment/ament_prefix_path.dsv
[4.204s] -- Up-to-date: /home/mtrn/4231/liam_stuff/project_git/4231project/install/messages/share/messages/environment/path.sh
[4.204s] -- Installing: /home/mtrn/4231/liam_stuff/project_git/4231project/install/messages/share/messages/environment/path.dsv
[4.204s] -- Up-to-date: /home/mtrn/4231/liam_stuff/project_git/4231project/install/messages/share/messages/local_setup.bash
[4.205s] -- Up-to-date: /home/mtrn/4231/liam_stuff/project_git/4231project/install/messages/share/messages/local_setup.sh
[4.205s] -- Up-to-date: /home/mtrn/4231/liam_stuff/project_git/4231project/install/messages/share/messages/local_setup.zsh
[4.205s] -- Installing: /home/mtrn/4231/liam_stuff/project_git/4231project/install/messages/share/messages/local_setup.dsv
[4.206s] -- Installing: /home/mtrn/4231/liam_stuff/project_git/4231project/install/messages/share/messages/package.dsv
[4.206s] -- Up-to-date: /home/mtrn/4231/liam_stuff/project_git/4231project/install/messages/share/ament_index/resource_index/packages/messages
[4.207s] -- Up-to-date: /home/mtrn/4231/liam_stuff/project_git/4231project/install/messages/share/messages/cmake/export_messages__rosidl_generator_cExport.cmake
[4.207s] -- Up-to-date: /home/mtrn/4231/liam_stuff/project_git/4231project/install/messages/share/messages/cmake/export_messages__rosidl_generator_cExport-noconfig.cmake
[4.207s] -- Up-to-date: /home/mtrn/4231/liam_stuff/project_git/4231project/install/messages/share/messages/cmake/export_messages__rosidl_typesupport_fastrtps_cExport.cmake
[4.208s] -- Up-to-date: /home/mtrn/4231/liam_stuff/project_git/4231project/install/messages/share/messages/cmake/export_messages__rosidl_typesupport_fastrtps_cExport-noconfig.cmake
[4.208s] -- Up-to-date: /home/mtrn/4231/liam_stuff/project_git/4231project/install/messages/share/messages/cmake/messages__rosidl_typesupport_introspection_cExport.cmake
[4.208s] -- Up-to-date: /home/mtrn/4231/liam_stuff/project_git/4231project/install/messages/share/messages/cmake/messages__rosidl_typesupport_introspection_cExport-noconfig.cmake
[4.209s] -- Up-to-date: /home/mtrn/4231/liam_stuff/project_git/4231project/install/messages/share/messages/cmake/messages__rosidl_typesupport_cExport.cmake
[4.209s] -- Up-to-date: /home/mtrn/4231/liam_stuff/project_git/4231project/install/messages/share/messages/cmake/messages__rosidl_typesupport_cExport-noconfig.cmake
[4.209s] -- Up-to-date: /home/mtrn/4231/liam_stuff/project_git/4231project/install/messages/share/messages/cmake/export_messages__rosidl_generator_cppExport.cmake
[4.209s] -- Up-to-date: /home/mtrn/4231/liam_stuff/project_git/4231project/install/messages/share/messages/cmake/export_messages__rosidl_typesupport_fastrtps_cppExport.cmake
[4.210s] -- Up-to-date: /home/mtrn/4231/liam_stuff/project_git/4231project/install/messages/share/messages/cmake/export_messages__rosidl_typesupport_fastrtps_cppExport-noconfig.cmake
[4.210s] -- Up-to-date: /home/mtrn/4231/liam_stuff/project_git/4231project/install/messages/share/messages/cmake/messages__rosidl_typesupport_introspection_cppExport.cmake
[4.210s] -- Up-to-date: /home/mtrn/4231/liam_stuff/project_git/4231project/install/messages/share/messages/cmake/messages__rosidl_typesupport_introspection_cppExport-noconfig.cmake
[4.210s] -- Up-to-date: /home/mtrn/4231/liam_stuff/project_git/4231project/install/messages/share/messages/cmake/messages__rosidl_typesupport_cppExport.cmake
[4.210s] -- Up-to-date: /home/mtrn/4231/liam_stuff/project_git/4231project/install/messages/share/messages/cmake/messages__rosidl_typesupport_cppExport-noconfig.cmake
[4.210s] -- Up-to-date: /home/mtrn/4231/liam_stuff/project_git/4231project/install/messages/share/messages/cmake/export_messages__rosidl_generator_pyExport.cmake
[4.211s] -- Up-to-date: /home/mtrn/4231/liam_stuff/project_git/4231project/install/messages/share/messages/cmake/export_messages__rosidl_generator_pyExport-noconfig.cmake
[4.211s] -- Up-to-date: /home/mtrn/4231/liam_stuff/project_git/4231project/install/messages/share/messages/cmake/rosidl_cmake-extras.cmake
[4.211s] -- Up-to-date: /home/mtrn/4231/liam_stuff/project_git/4231project/install/messages/share/messages/cmake/ament_cmake_export_include_directories-extras.cmake
[4.211s] -- Up-to-date: /home/mtrn/4231/liam_stuff/project_git/4231project/install/messages/share/messages/cmake/ament_cmake_export_libraries-extras.cmake
[4.211s] -- Up-to-date: /home/mtrn/4231/liam_stuff/project_git/4231project/install/messages/share/messages/cmake/ament_cmake_export_targets-extras.cmake
[4.211s] -- Up-to-date: /home/mtrn/4231/liam_stuff/project_git/4231project/install/messages/share/messages/cmake/rosidl_cmake_export_typesupport_targets-extras.cmake
[4.211s] -- Up-to-date: /home/mtrn/4231/liam_stuff/project_git/4231project/install/messages/share/messages/cmake/ament_cmake_export_dependencies-extras.cmake
[4.211s] -- Up-to-date: /home/mtrn/4231/liam_stuff/project_git/4231project/install/messages/share/messages/cmake/rosidl_cmake_export_typesupport_libraries-extras.cmake
[4.211s] -- Up-to-date: /home/mtrn/4231/liam_stuff/project_git/4231project/install/messages/share/messages/cmake/messagesConfig.cmake
[4.211s] -- Up-to-date: /home/mtrn/4231/liam_stuff/project_git/4231project/install/messages/share/messages/cmake/messagesConfig-version.cmake
[4.212s] -- Up-to-date: /home/mtrn/4231/liam_stuff/project_git/4231project/install/messages/share/messages/package.xml
[4.221s] Invoked command in '/home/mtrn/4231/liam_stuff/4231project/build/messages' returned '0': CMAKE_PREFIX_PATH=${CMAKE_PREFIX_PATH}:/home/mtrn/4231/liam_stuff/4231project/install/ros2_aruco:/home/mtrn/4231/liam_stuff/4231project/install/opencv_example:/home/mtrn/4231/liam_stuff/4231project/install/my_package:/home/mtrn/4231/ws_moveit2/install/moveit_configs_utils:/home/mtrn/4231/ws_moveit2/install/launch_param_builder:/opt/ros/humble /home/mtrn/.local/bin/cmake --install /home/mtrn/4231/liam_stuff/4231project/build/messages
