[0.270s] Invoking command in '/home/mtrn/4231/project_workspace/build/messages': CMAKE_PREFIX_PATH=${CMAKE_PREFIX_PATH}:/home/mtrn/4231/ws_moveit2/install/moveit_configs_utils:/home/mtrn/4231/ws_moveit2/install/launch_param_builder:/opt/ros/humble /usr/bin/cmake /home/mtrn/4231/project_workspace/src/messages -DCMAKE_INSTALL_PREFIX=/home/mtrn/4231/project_workspace/install/messages
[1.369s] -- Found ament_cmake: 1.3.5 (/opt/ros/humble/share/ament_cmake/cmake)
[1.378s] -- Found rosidl_default_generators: 1.2.0 (/opt/ros/humble/share/rosidl_default_generators/cmake)
[1.379s] -- Using all available rosidl_typesupport_c: rosidl_typesupport_fastrtps_c;rosidl_typesupport_introspection_c
[1.379s] -- Found rosidl_adapter: 3.1.5 (/opt/ros/humble/share/rosidl_adapter/cmake)
[1.380s] -- Using all available rosidl_typesupport_cpp: rosidl_typesupport_fastrtps_cpp;rosidl_typesupport_introspection_cpp
[1.418s] -- Found ament_cmake_ros: 0.10.0 (/opt/ros/humble/share/ament_cmake_ros/cmake)
[2.052s] -- Using all available rosidl_typesupport_c: rosidl_typesupport_fastrtps_c;rosidl_typesupport_introspection_c
[2.968s] -- Using all available rosidl_typesupport_cpp: rosidl_typesupport_fastrtps_cpp;rosidl_typesupport_introspection_cpp
[3.067s] -- Found PythonInterp: /usr/bin/python3 (found suitable version "3.10.12", minimum required is "3.6") 
[3.138s] -- Found python_cmake_module: 0.10.0 (/opt/ros/humble/share/python_cmake_module/cmake)
[3.366s] -- Found PythonLibs: /usr/lib/x86_64-linux-gnu/libpython3.10.so (found suitable version "3.10.12", minimum required is "3.5") 
[3.368s] -- Using PYTHON_EXECUTABLE: /usr/bin/python3
[3.368s] -- Using PYTHON_INCLUDE_DIRS: /usr/include/python3.10
[3.369s] -- Using PYTHON_LIBRARIES: /usr/lib/x86_64-linux-gnu/libpython3.10.so
[3.463s] -- Found PythonExtra: .so  
[3.722s] -- Configuring done
[3.806s] -- Generating done
[3.814s] -- Build files have been written to: /home/mtrn/4231/project_workspace/build/messages
[3.826s] Invoked command in '/home/mtrn/4231/project_workspace/build/messages' returned '0': CMAKE_PREFIX_PATH=${CMAKE_PREFIX_PATH}:/home/mtrn/4231/ws_moveit2/install/moveit_configs_utils:/home/mtrn/4231/ws_moveit2/install/launch_param_builder:/opt/ros/humble /usr/bin/cmake /home/mtrn/4231/project_workspace/src/messages -DCMAKE_INSTALL_PREFIX=/home/mtrn/4231/project_workspace/install/messages
[3.827s] Invoking command in '/home/mtrn/4231/project_workspace/build/messages': CMAKE_PREFIX_PATH=${CMAKE_PREFIX_PATH}:/home/mtrn/4231/ws_moveit2/install/moveit_configs_utils:/home/mtrn/4231/ws_moveit2/install/launch_param_builder:/opt/ros/humble /usr/bin/cmake --build /home/mtrn/4231/project_workspace/build/messages -- -j4 -l4
[3.981s] [  3%] [34m[1mGenerating C code for ROS interfaces[0m
[4.025s] [  6%] [34m[1mGenerating C++ code for ROS interfaces[0m
[4.082s] [  6%] Built target ament_cmake_python_copy_messages
[4.754s] running egg_info
[4.755s] creating messages.egg-info
[4.755s] writing messages.egg-info/PKG-INFO
[4.755s] writing dependency_links to messages.egg-info/dependency_links.txt
[4.755s] writing top-level names to messages.egg-info/top_level.txt
[4.755s] writing manifest file 'messages.egg-info/SOURCES.txt'
[4.755s] reading manifest file 'messages.egg-info/SOURCES.txt'
[4.755s] writing manifest file 'messages.egg-info/SOURCES.txt'
[4.846s] [  6%] Built target ament_cmake_python_build_messages_egg
[4.847s] [  6%] Built target messages__cpp
[4.894s] [  9%] [34m[1mGenerating C++ type support for eProsima Fast-RTPS[0m
[4.899s] [ 12%] [34m[1mGenerating C++ introspection for ROS interfaces[0m
[4.917s] [ 16%] [34m[1mGenerating C++ type support dispatch for ROS interfaces[0m
[4.949s] [ 19%] [32mBuilding C object CMakeFiles/messages__rosidl_generator_c.dir/rosidl_generator_c/messages/msg/detail/aruco_message__functions.c.o[0m
[5.488s] [ 22%] [32m[1mLinking C shared library libmessages__rosidl_generator_c.so[0m
[5.752s] [ 25%] [32mBuilding CXX object CMakeFiles/messages__rosidl_typesupport_introspection_cpp.dir/rosidl_typesupport_introspection_cpp/messages/msg/detail/aruco_message__type_support.cpp.o[0m
[5.753s] [ 29%] [32mBuilding CXX object CMakeFiles/messages__rosidl_typesupport_cpp.dir/rosidl_typesupport_cpp/messages/msg/aruco_message__type_support.cpp.o[0m
[5.827s] [ 29%] Built target messages__rosidl_generator_c
[5.886s] [ 32%] [34m[1mGenerating C type support for eProsima Fast-RTPS[0m
[5.946s] [ 35%] [32mBuilding CXX object CMakeFiles/messages__rosidl_typesupport_fastrtps_cpp.dir/rosidl_typesupport_fastrtps_cpp/messages/msg/detail/dds_fastrtps/aruco_message__type_support.cpp.o[0m
[6.763s] [ 38%] [32mBuilding CXX object CMakeFiles/messages__rosidl_typesupport_fastrtps_c.dir/rosidl_typesupport_fastrtps_c/messages/msg/detail/aruco_message__type_support_c.cpp.o[0m
[7.041s] [ 41%] [32m[1mLinking CXX shared library libmessages__rosidl_typesupport_cpp.so[0m
[7.291s] [ 41%] Built target messages__rosidl_typesupport_cpp
[7.393s] [ 45%] [34m[1mGenerating C introspection for ROS interfaces[0m
[7.545s] [ 48%] [32m[1mLinking CXX shared library libmessages__rosidl_typesupport_introspection_cpp.so[0m
[7.695s] [ 51%] [32m[1mLinking CXX shared library libmessages__rosidl_typesupport_fastrtps_cpp.so[0m
[7.871s] [ 51%] Built target messages__rosidl_typesupport_introspection_cpp
[7.895s] [ 54%] [32m[1mLinking CXX shared library libmessages__rosidl_typesupport_fastrtps_c.so[0m
[7.960s] [ 58%] [34m[1mGenerating C type support dispatch for ROS interfaces[0m
[8.006s] [ 58%] Built target messages__rosidl_typesupport_fastrtps_cpp
[8.183s] [ 58%] Built target messages__rosidl_typesupport_fastrtps_c
[8.243s] [ 61%] [32mBuilding C object CMakeFiles/messages__rosidl_typesupport_introspection_c.dir/rosidl_typesupport_introspection_c/messages/msg/detail/aruco_message__type_support.c.o[0m
[8.383s] [ 64%] [32m[1mLinking C shared library libmessages__rosidl_typesupport_introspection_c.so[0m
[8.500s] [ 64%] Built target messages__rosidl_typesupport_introspection_c
[8.540s] [ 67%] [32mBuilding CXX object CMakeFiles/messages__rosidl_typesupport_c.dir/rosidl_typesupport_c/messages/msg/aruco_message__type_support.cpp.o[0m
[8.666s] [ 70%] [32m[1mLinking CXX shared library libmessages__rosidl_typesupport_c.so[0m
[8.800s] [ 70%] Built target messages__rosidl_typesupport_c
[8.880s] [ 70%] Built target messages
[8.974s] [ 74%] [34m[1mGenerating Python code for ROS interfaces[0m
[9.643s] [ 74%] Built target messages__py
[9.757s] [ 77%] [32mBuilding C object CMakeFiles/messages__rosidl_generator_py.dir/rosidl_generator_py/messages/msg/_aruco_message_s.c.o[0m
[10.365s] [ 80%] [32m[1mLinking C shared library rosidl_generator_py/messages/libmessages__rosidl_generator_py.so[0m
[10.505s] [ 80%] Built target messages__rosidl_generator_py
[10.617s] [ 83%] [32mBuilding C object CMakeFiles/messages__rosidl_typesupport_introspection_c__pyext.dir/rosidl_generator_py/messages/_messages_s.ep.rosidl_typesupport_introspection_c.c.o[0m
[10.619s] [ 87%] [32mBuilding C object CMakeFiles/messages__rosidl_typesupport_fastrtps_c__pyext.dir/rosidl_generator_py/messages/_messages_s.ep.rosidl_typesupport_fastrtps_c.c.o[0m
[10.636s] [ 90%] [32mBuilding C object CMakeFiles/messages__rosidl_typesupport_c__pyext.dir/rosidl_generator_py/messages/_messages_s.ep.rosidl_typesupport_c.c.o[0m
[10.874s] [ 93%] [32m[1mLinking C shared library rosidl_generator_py/messages/messages_s__rosidl_typesupport_introspection_c.cpython-310-x86_64-linux-gnu.so[0m
[10.886s] [ 96%] [32m[1mLinking C shared library rosidl_generator_py/messages/messages_s__rosidl_typesupport_c.cpython-310-x86_64-linux-gnu.so[0m
[10.912s] [100%] [32m[1mLinking C shared library rosidl_generator_py/messages/messages_s__rosidl_typesupport_fastrtps_c.cpython-310-x86_64-linux-gnu.so[0m
[11.030s] [100%] Built target messages__rosidl_typesupport_introspection_c__pyext
[11.033s] [100%] Built target messages__rosidl_typesupport_c__pyext
[11.071s] [100%] Built target messages__rosidl_typesupport_fastrtps_c__pyext
[11.107s] Invoked command in '/home/mtrn/4231/project_workspace/build/messages' returned '0': CMAKE_PREFIX_PATH=${CMAKE_PREFIX_PATH}:/home/mtrn/4231/ws_moveit2/install/moveit_configs_utils:/home/mtrn/4231/ws_moveit2/install/launch_param_builder:/opt/ros/humble /usr/bin/cmake --build /home/mtrn/4231/project_workspace/build/messages -- -j4 -l4
[11.630s] Invoking command in '/home/mtrn/4231/project_workspace/build/messages': CMAKE_PREFIX_PATH=${CMAKE_PREFIX_PATH}:/home/mtrn/4231/ws_moveit2/install/moveit_configs_utils:/home/mtrn/4231/ws_moveit2/install/launch_param_builder:/opt/ros/humble /usr/bin/cmake --install /home/mtrn/4231/project_workspace/build/messages
[11.660s] -- Install configuration: ""
[11.662s] -- Installing: /home/mtrn/4231/project_workspace/install/messages/share/ament_index/resource_index/rosidl_interfaces/messages
[11.663s] -- Installing: /home/mtrn/4231/project_workspace/install/messages/include/messages/messages
[11.668s] -- Installing: /home/mtrn/4231/project_workspace/install/messages/include/messages/messages/msg
[11.671s] -- Installing: /home/mtrn/4231/project_workspace/install/messages/include/messages/messages/msg/aruco_message.h
[11.672s] -- Installing: /home/mtrn/4231/project_workspace/install/messages/include/messages/messages/msg/rosidl_generator_c__visibility_control.h
[11.673s] -- Installing: /home/mtrn/4231/project_workspace/install/messages/include/messages/messages/msg/detail
[11.673s] -- Installing: /home/mtrn/4231/project_workspace/install/messages/include/messages/messages/msg/detail/aruco_message__functions.h
[11.674s] -- Installing: /home/mtrn/4231/project_workspace/install/messages/include/messages/messages/msg/detail/aruco_message__struct.h
[11.674s] -- Installing: /home/mtrn/4231/project_workspace/install/messages/include/messages/messages/msg/detail/aruco_message__functions.c
[11.675s] -- Installing: /home/mtrn/4231/project_workspace/install/messages/include/messages/messages/msg/detail/aruco_message__type_support.h
[11.675s] -- Installing: /home/mtrn/4231/project_workspace/install/messages/share/messages/environment/library_path.sh
[11.676s] -- Installing: /home/mtrn/4231/project_workspace/install/messages/share/messages/environment/library_path.dsv
[11.676s] -- Installing: /home/mtrn/4231/project_workspace/install/messages/lib/libmessages__rosidl_generator_c.so
[11.676s] -- Set runtime path of "/home/mtrn/4231/project_workspace/install/messages/lib/libmessages__rosidl_generator_c.so" to ""
[11.676s] -- Up-to-date: /home/mtrn/4231/project_workspace/install/messages/include/messages/messages
[11.677s] -- Up-to-date: /home/mtrn/4231/project_workspace/install/messages/include/messages/messages/msg
[11.677s] -- Installing: /home/mtrn/4231/project_workspace/install/messages/include/messages/messages/msg/rosidl_typesupport_fastrtps_c__visibility_control.h
[11.677s] -- Up-to-date: /home/mtrn/4231/project_workspace/install/messages/include/messages/messages/msg/detail
[11.677s] -- Installing: /home/mtrn/4231/project_workspace/install/messages/include/messages/messages/msg/detail/aruco_message__rosidl_typesupport_fastrtps_c.h
[11.677s] -- Installing: /home/mtrn/4231/project_workspace/install/messages/lib/libmessages__rosidl_typesupport_fastrtps_c.so
[11.678s] -- Set runtime path of "/home/mtrn/4231/project_workspace/install/messages/lib/libmessages__rosidl_typesupport_fastrtps_c.so" to ""
[11.679s] -- Up-to-date: /home/mtrn/4231/project_workspace/install/messages/include/messages/messages
[11.680s] -- Up-to-date: /home/mtrn/4231/project_workspace/install/messages/include/messages/messages/msg
[11.680s] -- Installing: /home/mtrn/4231/project_workspace/install/messages/include/messages/messages/msg/rosidl_typesupport_introspection_c__visibility_control.h
[11.680s] -- Up-to-date: /home/mtrn/4231/project_workspace/install/messages/include/messages/messages/msg/detail
[11.680s] -- Installing: /home/mtrn/4231/project_workspace/install/messages/include/messages/messages/msg/detail/aruco_message__rosidl_typesupport_introspection_c.h
[11.680s] -- Installing: /home/mtrn/4231/project_workspace/install/messages/include/messages/messages/msg/detail/aruco_message__type_support.c
[11.681s] -- Installing: /home/mtrn/4231/project_workspace/install/messages/lib/libmessages__rosidl_typesupport_introspection_c.so
[11.681s] -- Set runtime path of "/home/mtrn/4231/project_workspace/install/messages/lib/libmessages__rosidl_typesupport_introspection_c.so" to ""
[11.681s] -- Installing: /home/mtrn/4231/project_workspace/install/messages/lib/libmessages__rosidl_typesupport_c.so
[11.681s] -- Set runtime path of "/home/mtrn/4231/project_workspace/install/messages/lib/libmessages__rosidl_typesupport_c.so" to ""
[11.682s] -- Up-to-date: /home/mtrn/4231/project_workspace/install/messages/include/messages/messages
[11.682s] -- Up-to-date: /home/mtrn/4231/project_workspace/install/messages/include/messages/messages/msg
[11.682s] -- Installing: /home/mtrn/4231/project_workspace/install/messages/include/messages/messages/msg/aruco_message.hpp
[11.682s] -- Up-to-date: /home/mtrn/4231/project_workspace/install/messages/include/messages/messages/msg/detail
[11.682s] -- Installing: /home/mtrn/4231/project_workspace/install/messages/include/messages/messages/msg/detail/aruco_message__struct.hpp
[11.682s] -- Installing: /home/mtrn/4231/project_workspace/install/messages/include/messages/messages/msg/detail/aruco_message__builder.hpp
[11.682s] -- Installing: /home/mtrn/4231/project_workspace/install/messages/include/messages/messages/msg/detail/aruco_message__traits.hpp
[11.683s] -- Up-to-date: /home/mtrn/4231/project_workspace/install/messages/include/messages/messages
[11.683s] -- Up-to-date: /home/mtrn/4231/project_workspace/install/messages/include/messages/messages/msg
[11.683s] -- Up-to-date: /home/mtrn/4231/project_workspace/install/messages/include/messages/messages/msg/detail
[11.683s] -- Installing: /home/mtrn/4231/project_workspace/install/messages/include/messages/messages/msg/detail/aruco_message__rosidl_typesupport_fastrtps_cpp.hpp
[11.683s] -- Installing: /home/mtrn/4231/project_workspace/install/messages/include/messages/messages/msg/detail/dds_fastrtps
[11.683s] -- Installing: /home/mtrn/4231/project_workspace/install/messages/include/messages/messages/msg/rosidl_typesupport_fastrtps_cpp__visibility_control.h
[11.683s] -- Installing: /home/mtrn/4231/project_workspace/install/messages/lib/libmessages__rosidl_typesupport_fastrtps_cpp.so
[11.683s] -- Set runtime path of "/home/mtrn/4231/project_workspace/install/messages/lib/libmessages__rosidl_typesupport_fastrtps_cpp.so" to ""
[11.683s] -- Up-to-date: /home/mtrn/4231/project_workspace/install/messages/include/messages/messages
[11.683s] -- Up-to-date: /home/mtrn/4231/project_workspace/install/messages/include/messages/messages/msg
[11.683s] -- Up-to-date: /home/mtrn/4231/project_workspace/install/messages/include/messages/messages/msg/detail
[11.684s] -- Installing: /home/mtrn/4231/project_workspace/install/messages/include/messages/messages/msg/detail/aruco_message__rosidl_typesupport_introspection_cpp.hpp
[11.684s] -- Installing: /home/mtrn/4231/project_workspace/install/messages/include/messages/messages/msg/detail/aruco_message__type_support.cpp
[11.684s] -- Installing: /home/mtrn/4231/project_workspace/install/messages/lib/libmessages__rosidl_typesupport_introspection_cpp.so
[11.684s] -- Set runtime path of "/home/mtrn/4231/project_workspace/install/messages/lib/libmessages__rosidl_typesupport_introspection_cpp.so" to ""
[11.684s] -- Installing: /home/mtrn/4231/project_workspace/install/messages/lib/libmessages__rosidl_typesupport_cpp.so
[11.684s] -- Set runtime path of "/home/mtrn/4231/project_workspace/install/messages/lib/libmessages__rosidl_typesupport_cpp.so" to ""
[11.684s] -- Installing: /home/mtrn/4231/project_workspace/install/messages/share/messages/environment/pythonpath.sh
[11.684s] -- Installing: /home/mtrn/4231/project_workspace/install/messages/share/messages/environment/pythonpath.dsv
[11.684s] -- Installing: /home/mtrn/4231/project_workspace/install/messages/local/lib/python3.10/dist-packages/messages-0.0.0-py3.10.egg-info
[11.684s] -- Installing: /home/mtrn/4231/project_workspace/install/messages/local/lib/python3.10/dist-packages/messages-0.0.0-py3.10.egg-info/top_level.txt
[11.684s] -- Installing: /home/mtrn/4231/project_workspace/install/messages/local/lib/python3.10/dist-packages/messages-0.0.0-py3.10.egg-info/SOURCES.txt
[11.684s] -- Installing: /home/mtrn/4231/project_workspace/install/messages/local/lib/python3.10/dist-packages/messages-0.0.0-py3.10.egg-info/PKG-INFO
[11.684s] -- Installing: /home/mtrn/4231/project_workspace/install/messages/local/lib/python3.10/dist-packages/messages-0.0.0-py3.10.egg-info/dependency_links.txt
[11.685s] -- Installing: /home/mtrn/4231/project_workspace/install/messages/local/lib/python3.10/dist-packages/messages
[11.685s] -- Installing: /home/mtrn/4231/project_workspace/install/messages/local/lib/python3.10/dist-packages/messages/_messages_s.ep.rosidl_typesupport_fastrtps_c.c
[11.685s] -- Installing: /home/mtrn/4231/project_workspace/install/messages/local/lib/python3.10/dist-packages/messages/messages_s__rosidl_typesupport_fastrtps_c.cpython-310-x86_64-linux-gnu.so
[11.685s] -- Installing: /home/mtrn/4231/project_workspace/install/messages/local/lib/python3.10/dist-packages/messages/_messages_s.ep.rosidl_typesupport_introspection_c.c
[11.685s] -- Installing: /home/mtrn/4231/project_workspace/install/messages/local/lib/python3.10/dist-packages/messages/messages_s__rosidl_typesupport_introspection_c.cpython-310-x86_64-linux-gnu.so
[11.685s] -- Installing: /home/mtrn/4231/project_workspace/install/messages/local/lib/python3.10/dist-packages/messages/messages_s__rosidl_typesupport_c.cpython-310-x86_64-linux-gnu.so
[11.686s] -- Installing: /home/mtrn/4231/project_workspace/install/messages/local/lib/python3.10/dist-packages/messages/libmessages__rosidl_generator_py.so
[11.686s] -- Installing: /home/mtrn/4231/project_workspace/install/messages/local/lib/python3.10/dist-packages/messages/msg
[11.686s] -- Installing: /home/mtrn/4231/project_workspace/install/messages/local/lib/python3.10/dist-packages/messages/msg/_aruco_message.py
[11.686s] -- Installing: /home/mtrn/4231/project_workspace/install/messages/local/lib/python3.10/dist-packages/messages/msg/_aruco_message_s.c
[11.686s] -- Installing: /home/mtrn/4231/project_workspace/install/messages/local/lib/python3.10/dist-packages/messages/msg/__init__.py
[11.686s] -- Installing: /home/mtrn/4231/project_workspace/install/messages/local/lib/python3.10/dist-packages/messages/_messages_s.ep.rosidl_typesupport_c.c
[11.687s] -- Installing: /home/mtrn/4231/project_workspace/install/messages/local/lib/python3.10/dist-packages/messages/__init__.py
[11.769s] Listing '/home/mtrn/4231/project_workspace/install/messages/local/lib/python3.10/dist-packages/messages'...
[11.769s] Compiling '/home/mtrn/4231/project_workspace/install/messages/local/lib/python3.10/dist-packages/messages/__init__.py'...
[11.770s] Listing '/home/mtrn/4231/project_workspace/install/messages/local/lib/python3.10/dist-packages/messages/msg'...
[11.770s] Compiling '/home/mtrn/4231/project_workspace/install/messages/local/lib/python3.10/dist-packages/messages/msg/__init__.py'...
[11.770s] Compiling '/home/mtrn/4231/project_workspace/install/messages/local/lib/python3.10/dist-packages/messages/msg/_aruco_message.py'...
[11.782s] -- Installing: /home/mtrn/4231/project_workspace/install/messages/local/lib/python3.10/dist-packages/messages/messages_s__rosidl_typesupport_fastrtps_c.cpython-310-x86_64-linux-gnu.so
[11.784s] -- Set runtime path of "/home/mtrn/4231/project_workspace/install/messages/local/lib/python3.10/dist-packages/messages/messages_s__rosidl_typesupport_fastrtps_c.cpython-310-x86_64-linux-gnu.so" to ""
[11.784s] -- Installing: /home/mtrn/4231/project_workspace/install/messages/local/lib/python3.10/dist-packages/messages/messages_s__rosidl_typesupport_introspection_c.cpython-310-x86_64-linux-gnu.so
[11.784s] -- Set runtime path of "/home/mtrn/4231/project_workspace/install/messages/local/lib/python3.10/dist-packages/messages/messages_s__rosidl_typesupport_introspection_c.cpython-310-x86_64-linux-gnu.so" to ""
[11.785s] -- Installing: /home/mtrn/4231/project_workspace/install/messages/local/lib/python3.10/dist-packages/messages/messages_s__rosidl_typesupport_c.cpython-310-x86_64-linux-gnu.so
[11.785s] -- Set runtime path of "/home/mtrn/4231/project_workspace/install/messages/local/lib/python3.10/dist-packages/messages/messages_s__rosidl_typesupport_c.cpython-310-x86_64-linux-gnu.so" to ""
[11.785s] -- Installing: /home/mtrn/4231/project_workspace/install/messages/lib/libmessages__rosidl_generator_py.so
[11.786s] -- Set runtime path of "/home/mtrn/4231/project_workspace/install/messages/lib/libmessages__rosidl_generator_py.so" to ""
[11.787s] -- Installing: /home/mtrn/4231/project_workspace/install/messages/share/messages/msg/ArucoMessage.idl
[11.787s] -- Installing: /home/mtrn/4231/project_workspace/install/messages/share/messages/msg/ArucoMessage.msg
[11.788s] -- Installing: /home/mtrn/4231/project_workspace/install/messages/share/ament_index/resource_index/package_run_dependencies/messages
[11.789s] -- Installing: /home/mtrn/4231/project_workspace/install/messages/share/ament_index/resource_index/parent_prefix_path/messages
[11.789s] -- Installing: /home/mtrn/4231/project_workspace/install/messages/share/messages/environment/ament_prefix_path.sh
[11.789s] -- Installing: /home/mtrn/4231/project_workspace/install/messages/share/messages/environment/ament_prefix_path.dsv
[11.789s] -- Installing: /home/mtrn/4231/project_workspace/install/messages/share/messages/environment/path.sh
[11.790s] -- Installing: /home/mtrn/4231/project_workspace/install/messages/share/messages/environment/path.dsv
[11.790s] -- Installing: /home/mtrn/4231/project_workspace/install/messages/share/messages/local_setup.bash
[11.790s] -- Installing: /home/mtrn/4231/project_workspace/install/messages/share/messages/local_setup.sh
[11.791s] -- Installing: /home/mtrn/4231/project_workspace/install/messages/share/messages/local_setup.zsh
[11.791s] -- Installing: /home/mtrn/4231/project_workspace/install/messages/share/messages/local_setup.dsv
[11.791s] -- Installing: /home/mtrn/4231/project_workspace/install/messages/share/messages/package.dsv
[11.791s] -- Installing: /home/mtrn/4231/project_workspace/install/messages/share/ament_index/resource_index/packages/messages
[11.792s] -- Installing: /home/mtrn/4231/project_workspace/install/messages/share/messages/cmake/export_messages__rosidl_generator_cExport.cmake
[11.792s] -- Installing: /home/mtrn/4231/project_workspace/install/messages/share/messages/cmake/export_messages__rosidl_generator_cExport-noconfig.cmake
[11.792s] -- Installing: /home/mtrn/4231/project_workspace/install/messages/share/messages/cmake/export_messages__rosidl_typesupport_fastrtps_cExport.cmake
[11.793s] -- Installing: /home/mtrn/4231/project_workspace/install/messages/share/messages/cmake/export_messages__rosidl_typesupport_fastrtps_cExport-noconfig.cmake
[11.793s] -- Installing: /home/mtrn/4231/project_workspace/install/messages/share/messages/cmake/messages__rosidl_typesupport_introspection_cExport.cmake
[11.793s] -- Installing: /home/mtrn/4231/project_workspace/install/messages/share/messages/cmake/messages__rosidl_typesupport_introspection_cExport-noconfig.cmake
[11.793s] -- Installing: /home/mtrn/4231/project_workspace/install/messages/share/messages/cmake/messages__rosidl_typesupport_cExport.cmake
[11.794s] -- Installing: /home/mtrn/4231/project_workspace/install/messages/share/messages/cmake/messages__rosidl_typesupport_cExport-noconfig.cmake
[11.794s] -- Installing: /home/mtrn/4231/project_workspace/install/messages/share/messages/cmake/export_messages__rosidl_generator_cppExport.cmake
[11.794s] -- Installing: /home/mtrn/4231/project_workspace/install/messages/share/messages/cmake/export_messages__rosidl_typesupport_fastrtps_cppExport.cmake
[11.794s] -- Installing: /home/mtrn/4231/project_workspace/install/messages/share/messages/cmake/export_messages__rosidl_typesupport_fastrtps_cppExport-noconfig.cmake
[11.794s] -- Installing: /home/mtrn/4231/project_workspace/install/messages/share/messages/cmake/messages__rosidl_typesupport_introspection_cppExport.cmake
[11.795s] -- Installing: /home/mtrn/4231/project_workspace/install/messages/share/messages/cmake/messages__rosidl_typesupport_introspection_cppExport-noconfig.cmake
[11.795s] -- Installing: /home/mtrn/4231/project_workspace/install/messages/share/messages/cmake/messages__rosidl_typesupport_cppExport.cmake
[11.795s] -- Installing: /home/mtrn/4231/project_workspace/install/messages/share/messages/cmake/messages__rosidl_typesupport_cppExport-noconfig.cmake
[11.795s] -- Installing: /home/mtrn/4231/project_workspace/install/messages/share/messages/cmake/export_messages__rosidl_generator_pyExport.cmake
[11.795s] -- Installing: /home/mtrn/4231/project_workspace/install/messages/share/messages/cmake/export_messages__rosidl_generator_pyExport-noconfig.cmake
[11.795s] -- Installing: /home/mtrn/4231/project_workspace/install/messages/share/messages/cmake/rosidl_cmake-extras.cmake
[11.796s] -- Installing: /home/mtrn/4231/project_workspace/install/messages/share/messages/cmake/ament_cmake_export_include_directories-extras.cmake
[11.796s] -- Installing: /home/mtrn/4231/project_workspace/install/messages/share/messages/cmake/ament_cmake_export_libraries-extras.cmake
[11.796s] -- Installing: /home/mtrn/4231/project_workspace/install/messages/share/messages/cmake/ament_cmake_export_targets-extras.cmake
[11.796s] -- Installing: /home/mtrn/4231/project_workspace/install/messages/share/messages/cmake/rosidl_cmake_export_typesupport_targets-extras.cmake
[11.796s] -- Installing: /home/mtrn/4231/project_workspace/install/messages/share/messages/cmake/ament_cmake_export_dependencies-extras.cmake
[11.796s] -- Installing: /home/mtrn/4231/project_workspace/install/messages/share/messages/cmake/rosidl_cmake_export_typesupport_libraries-extras.cmake
[11.797s] -- Installing: /home/mtrn/4231/project_workspace/install/messages/share/messages/cmake/messagesConfig.cmake
[11.797s] -- Installing: /home/mtrn/4231/project_workspace/install/messages/share/messages/cmake/messagesConfig-version.cmake
[11.797s] -- Installing: /home/mtrn/4231/project_workspace/install/messages/share/messages/package.xml
[11.807s] Invoked command in '/home/mtrn/4231/project_workspace/build/messages' returned '0': CMAKE_PREFIX_PATH=${CMAKE_PREFIX_PATH}:/home/mtrn/4231/ws_moveit2/install/moveit_configs_utils:/home/mtrn/4231/ws_moveit2/install/launch_param_builder:/opt/ros/humble /usr/bin/cmake --install /home/mtrn/4231/project_workspace/build/messages
