[0.269s] Invoking command in '/home/mtrn/4231/project_workspace/build/messages': CMAKE_PREFIX_PATH=${CMAKE_PREFIX_PATH}:/home/mtrn/4231/ws_moveit2/install/moveit_configs_utils:/home/mtrn/4231/ws_moveit2/install/launch_param_builder:/opt/ros/humble /usr/bin/cmake /home/mtrn/4231/project_workspace/src/messages -DCMAKE_INSTALL_PREFIX=/home/mtrn/4231/project_workspace/install/messages
[1.545s] -- The C compiler identification is GNU 11.4.0
[1.546s] -- The CXX compiler identification is GNU 11.4.0
[1.546s] -- Detecting C compiler ABI info
[1.555s] -- Detecting C compiler ABI info - done
[1.567s] -- Check for working C compiler: /usr/bin/cc - skipped
[1.579s] -- Detecting C compile features
[1.581s] -- Detecting C compile features - done
[1.619s] -- Detecting CXX compiler ABI info
[1.898s] -- Detecting CXX compiler ABI info - done
[1.908s] -- Check for working CXX compiler: /usr/bin/c++ - skipped
[1.909s] -- Detecting CXX compile features
[1.911s] -- Detecting CXX compile features - done
[1.948s] -- Found ament_cmake: 1.3.5 (/opt/ros/humble/share/ament_cmake/cmake)
[3.392s] -- Found Python3: /usr/bin/python3.10 (found version "3.10.12") found components: Interpreter 
[5.185s] -- Found rosidl_default_generators: 1.2.0 (/opt/ros/humble/share/rosidl_default_generators/cmake)
[5.477s] -- Using all available rosidl_typesupport_c: rosidl_typesupport_fastrtps_c;rosidl_typesupport_introspection_c
[5.641s] -- Found rosidl_adapter: 3.1.5 (/opt/ros/humble/share/rosidl_adapter/cmake)
[6.254s] -- Using all available rosidl_typesupport_cpp: rosidl_typesupport_fastrtps_cpp;rosidl_typesupport_introspection_cpp
[6.586s] [31mCMake Error at CMakeLists.txt:19 (rosidl_generate_interfaces):
[6.587s]   rosidl_generate_interfaces Macro invoked with incorrect arguments for macro
[6.587s]   named: rosidl_generate_interfaces
[6.587s] 
[6.587s] [0m
[6.620s] -- Found ament_lint_auto: 0.12.7 (/opt/ros/humble/share/ament_lint_auto/cmake)
[7.346s] -- Added test 'lint_cmake' to check CMake code style
[7.352s] -- Added test 'xmllint' to check XML markup files
[7.378s] -- Configuring incomplete, errors occurred!
[7.379s] See also "/home/mtrn/4231/project_workspace/build/messages/CMakeFiles/CMakeOutput.log".
[7.390s] Invoked command in '/home/mtrn/4231/project_workspace/build/messages' returned '1': CMAKE_PREFIX_PATH=${CMAKE_PREFIX_PATH}:/home/mtrn/4231/ws_moveit2/install/moveit_configs_utils:/home/mtrn/4231/ws_moveit2/install/launch_param_builder:/opt/ros/humble /usr/bin/cmake /home/mtrn/4231/project_workspace/src/messages -DCMAKE_INSTALL_PREFIX=/home/mtrn/4231/project_workspace/install/messages
