[0.336s] DEBUG:colcon:Command line arguments: ['/usr/bin/colcon', 'build']
[0.336s] DEBUG:colcon:Parsed command line arguments: Namespace(log_base=None, log_level=None, verb_name='build', build_base='build', install_base='install', merge_install=False, symlink_install=False, test_result_base=None, continue_on_error=False, executor='parallel', parallel_workers=12, event_handlers=None, ignore_user_meta=False, metas=['./colcon.meta'], base_paths=['.'], packages_ignore=None, packages_ignore_regex=None, paths=None, packages_up_to=None, packages_up_to_regex=None, packages_above=None, packages_above_and_dependencies=None, packages_above_depth=None, packages_select_by_dep=None, packages_skip_by_dep=None, packages_skip_up_to=None, packages_select_build_failed=False, packages_skip_build_finished=False, packages_select_test_failures=False, packages_skip_test_passed=False, packages_select=None, packages_skip=None, packages_select_regex=None, packages_skip_regex=None, packages_start=None, packages_end=None, allow_overriding=[], cmake_args=None, cmake_target=None, cmake_target_skip_unavailable=False, cmake_clean_cache=False, cmake_clean_first=False, cmake_force_configure=False, ament_cmake_args=None, catkin_cmake_args=None, catkin_skip_building_tests=False, mixin_files=None, mixin=None, verb_parser=<colcon_mixin.mixin.mixin_argument.MixinArgumentDecorator object at 0x7f2eb070e170>, verb_extension=<colcon_core.verb.build.BuildVerb object at 0x7f2eb0853eb0>, main=<bound method BuildVerb.main of <colcon_core.verb.build.BuildVerb object at 0x7f2eb0853eb0>>, mixin_verb=('build',))
[0.359s] Level 1:colcon.colcon_core.package_discovery:discover_packages(colcon_meta) check parameters
[0.359s] Level 1:colcon.colcon_core.package_discovery:discover_packages(recursive) check parameters
[0.359s] Level 1:colcon.colcon_core.package_discovery:discover_packages(ignore) check parameters
[0.359s] Level 1:colcon.colcon_core.package_discovery:discover_packages(path) check parameters
[0.359s] Level 1:colcon.colcon_core.package_discovery:discover_packages(colcon_meta) discover
[0.359s] Level 1:colcon.colcon_core.package_discovery:discover_packages(recursive) discover
[0.359s] INFO:colcon.colcon_core.package_discovery:Crawling recursively for packages in '/home/mtrn/4231/liam_stuff/4231project'
[0.359s] Level 1:colcon.colcon_core.package_identification:_identify(.) by extensions ['ignore', 'ignore_ament_install']
[0.359s] Level 1:colcon.colcon_core.package_identification:_identify(.) by extension 'ignore'
[0.360s] Level 1:colcon.colcon_core.package_identification:_identify(.) by extension 'ignore_ament_install'
[0.360s] Level 1:colcon.colcon_core.package_identification:_identify(.) by extensions ['colcon_pkg']
[0.360s] Level 1:colcon.colcon_core.package_identification:_identify(.) by extension 'colcon_pkg'
[0.360s] Level 1:colcon.colcon_core.package_identification:_identify(.) by extensions ['colcon_meta']
[0.360s] Level 1:colcon.colcon_core.package_identification:_identify(.) by extension 'colcon_meta'
[0.360s] Level 1:colcon.colcon_core.package_identification:_identify(.) by extensions ['ros']
[0.360s] Level 1:colcon.colcon_core.package_identification:_identify(.) by extension 'ros'
[0.370s] Level 1:colcon.colcon_core.package_identification:_identify(.) by extensions ['cmake', 'python']
[0.370s] Level 1:colcon.colcon_core.package_identification:_identify(.) by extension 'cmake'
[0.370s] Level 1:colcon.colcon_core.package_identification:_identify(.) by extension 'python'
[0.370s] Level 1:colcon.colcon_core.package_identification:_identify(.) by extensions ['python_setup_py']
[0.370s] Level 1:colcon.colcon_core.package_identification:_identify(.) by extension 'python_setup_py'
[0.370s] Level 1:colcon.colcon_core.package_identification:_identify(build) by extensions ['ignore', 'ignore_ament_install']
[0.370s] Level 1:colcon.colcon_core.package_identification:_identify(build) by extension 'ignore'
[0.370s] Level 1:colcon.colcon_core.package_identification:_identify(build) ignored
[0.371s] Level 1:colcon.colcon_core.package_identification:_identify(install) by extensions ['ignore', 'ignore_ament_install']
[0.371s] Level 1:colcon.colcon_core.package_identification:_identify(install) by extension 'ignore'
[0.371s] Level 1:colcon.colcon_core.package_identification:_identify(install) ignored
[0.371s] Level 1:colcon.colcon_core.package_identification:_identify(log) by extensions ['ignore', 'ignore_ament_install']
[0.371s] Level 1:colcon.colcon_core.package_identification:_identify(log) by extension 'ignore'
[0.371s] Level 1:colcon.colcon_core.package_identification:_identify(log) ignored
[0.371s] Level 1:colcon.colcon_core.package_identification:_identify(src) by extensions ['ignore', 'ignore_ament_install']
[0.371s] Level 1:colcon.colcon_core.package_identification:_identify(src) by extension 'ignore'
[0.371s] Level 1:colcon.colcon_core.package_identification:_identify(src) by extension 'ignore_ament_install'
[0.371s] Level 1:colcon.colcon_core.package_identification:_identify(src) by extensions ['colcon_pkg']
[0.371s] Level 1:colcon.colcon_core.package_identification:_identify(src) by extension 'colcon_pkg'
[0.371s] Level 1:colcon.colcon_core.package_identification:_identify(src) by extensions ['colcon_meta']
[0.371s] Level 1:colcon.colcon_core.package_identification:_identify(src) by extension 'colcon_meta'
[0.371s] Level 1:colcon.colcon_core.package_identification:_identify(src) by extensions ['ros']
[0.371s] Level 1:colcon.colcon_core.package_identification:_identify(src) by extension 'ros'
[0.371s] Level 1:colcon.colcon_core.package_identification:_identify(src) by extensions ['cmake', 'python']
[0.371s] Level 1:colcon.colcon_core.package_identification:_identify(src) by extension 'cmake'
[0.371s] Level 1:colcon.colcon_core.package_identification:_identify(src) by extension 'python'
[0.371s] Level 1:colcon.colcon_core.package_identification:_identify(src) by extensions ['python_setup_py']
[0.371s] Level 1:colcon.colcon_core.package_identification:_identify(src) by extension 'python_setup_py'
[0.371s] Level 1:colcon.colcon_core.package_identification:_identify(src/messages) by extensions ['ignore', 'ignore_ament_install']
[0.372s] Level 1:colcon.colcon_core.package_identification:_identify(src/messages) by extension 'ignore'
[0.372s] Level 1:colcon.colcon_core.package_identification:_identify(src/messages) by extension 'ignore_ament_install'
[0.372s] Level 1:colcon.colcon_core.package_identification:_identify(src/messages) by extensions ['colcon_pkg']
[0.372s] Level 1:colcon.colcon_core.package_identification:_identify(src/messages) by extension 'colcon_pkg'
[0.372s] Level 1:colcon.colcon_core.package_identification:_identify(src/messages) by extensions ['colcon_meta']
[0.372s] Level 1:colcon.colcon_core.package_identification:_identify(src/messages) by extension 'colcon_meta'
[0.372s] Level 1:colcon.colcon_core.package_identification:_identify(src/messages) by extensions ['ros']
[0.372s] Level 1:colcon.colcon_core.package_identification:_identify(src/messages) by extension 'ros'
[0.374s] DEBUG:colcon.colcon_core.package_identification:Package 'src/messages' with type 'ros.ament_cmake' and name 'messages'
[0.374s] Level 1:colcon.colcon_core.package_identification:_identify(src/my_package) by extensions ['ignore', 'ignore_ament_install']
[0.374s] Level 1:colcon.colcon_core.package_identification:_identify(src/my_package) by extension 'ignore'
[0.374s] Level 1:colcon.colcon_core.package_identification:_identify(src/my_package) by extension 'ignore_ament_install'
[0.374s] Level 1:colcon.colcon_core.package_identification:_identify(src/my_package) by extensions ['colcon_pkg']
[0.374s] Level 1:colcon.colcon_core.package_identification:_identify(src/my_package) by extension 'colcon_pkg'
[0.374s] Level 1:colcon.colcon_core.package_identification:_identify(src/my_package) by extensions ['colcon_meta']
[0.374s] Level 1:colcon.colcon_core.package_identification:_identify(src/my_package) by extension 'colcon_meta'
[0.374s] Level 1:colcon.colcon_core.package_identification:_identify(src/my_package) by extensions ['ros']
[0.374s] Level 1:colcon.colcon_core.package_identification:_identify(src/my_package) by extension 'ros'
[0.375s] DEBUG:colcon.colcon_core.package_identification:Package 'src/my_package' with type 'ros.ament_python' and name 'my_package'
[0.375s] Level 1:colcon.colcon_core.package_identification:_identify(src/opencv_example) by extensions ['ignore', 'ignore_ament_install']
[0.375s] Level 1:colcon.colcon_core.package_identification:_identify(src/opencv_example) by extension 'ignore'
[0.375s] Level 1:colcon.colcon_core.package_identification:_identify(src/opencv_example) by extension 'ignore_ament_install'
[0.375s] Level 1:colcon.colcon_core.package_identification:_identify(src/opencv_example) by extensions ['colcon_pkg']
[0.375s] Level 1:colcon.colcon_core.package_identification:_identify(src/opencv_example) by extension 'colcon_pkg'
[0.375s] Level 1:colcon.colcon_core.package_identification:_identify(src/opencv_example) by extensions ['colcon_meta']
[0.375s] Level 1:colcon.colcon_core.package_identification:_identify(src/opencv_example) by extension 'colcon_meta'
[0.375s] Level 1:colcon.colcon_core.package_identification:_identify(src/opencv_example) by extensions ['ros']
[0.375s] Level 1:colcon.colcon_core.package_identification:_identify(src/opencv_example) by extension 'ros'
[0.376s] DEBUG:colcon.colcon_core.package_identification:Package 'src/opencv_example' with type 'ros.ament_python' and name 'opencv_example'
[0.376s] Level 1:colcon.colcon_core.package_identification:_identify(src/ros2_v4l2_camera-rolling) by extensions ['ignore', 'ignore_ament_install']
[0.376s] Level 1:colcon.colcon_core.package_identification:_identify(src/ros2_v4l2_camera-rolling) by extension 'ignore'
[0.376s] Level 1:colcon.colcon_core.package_identification:_identify(src/ros2_v4l2_camera-rolling) by extension 'ignore_ament_install'
[0.376s] Level 1:colcon.colcon_core.package_identification:_identify(src/ros2_v4l2_camera-rolling) by extensions ['colcon_pkg']
[0.376s] Level 1:colcon.colcon_core.package_identification:_identify(src/ros2_v4l2_camera-rolling) by extension 'colcon_pkg'
[0.376s] Level 1:colcon.colcon_core.package_identification:_identify(src/ros2_v4l2_camera-rolling) by extensions ['colcon_meta']
[0.376s] Level 1:colcon.colcon_core.package_identification:_identify(src/ros2_v4l2_camera-rolling) by extension 'colcon_meta'
[0.376s] Level 1:colcon.colcon_core.package_identification:_identify(src/ros2_v4l2_camera-rolling) by extensions ['ros']
[0.376s] Level 1:colcon.colcon_core.package_identification:_identify(src/ros2_v4l2_camera-rolling) by extension 'ros'
[0.377s] DEBUG:colcon.colcon_core.package_identification:Package 'src/ros2_v4l2_camera-rolling' with type 'ros.ament_cmake' and name 'v4l2_camera'
[0.377s] Level 1:colcon.colcon_core.package_discovery:discover_packages(recursive) using defaults
[0.377s] Level 1:colcon.colcon_core.package_discovery:discover_packages(ignore) discover
[0.377s] Level 1:colcon.colcon_core.package_discovery:discover_packages(ignore) using defaults
[0.377s] Level 1:colcon.colcon_core.package_discovery:discover_packages(path) discover
[0.377s] Level 1:colcon.colcon_core.package_discovery:discover_packages(path) using defaults
[0.399s] Level 1:colcon.colcon_core.package_discovery:discover_packages(prefix_path) check parameters
[0.399s] Level 1:colcon.colcon_core.package_discovery:discover_packages(prefix_path) discover
[0.403s] DEBUG:colcon.colcon_installed_package_information.package_discovery:Found 4 installed packages in /home/mtrn/4231/liam_stuff/4231project/install
[0.404s] DEBUG:colcon.colcon_installed_package_information.package_discovery:Found 7 installed packages in /home/mtrn/4231/ros_ur_driver/install
[0.406s] DEBUG:colcon.colcon_installed_package_information.package_discovery:Found 55 installed packages in /home/mtrn/4231/ws_moveit2/install
[0.409s] DEBUG:colcon.colcon_installed_package_information.package_discovery:Found 339 installed packages in /opt/ros/humble
[0.411s] Level 1:colcon.colcon_core.package_discovery:discover_packages(prefix_path) using defaults
[0.475s] Level 5:colcon.colcon_core.verb:set package 'messages' build argument 'cmake_args' from command line to 'None'
[0.475s] Level 5:colcon.colcon_core.verb:set package 'messages' build argument 'cmake_target' from command line to 'None'
[0.475s] Level 5:colcon.colcon_core.verb:set package 'messages' build argument 'cmake_target_skip_unavailable' from command line to 'False'
[0.475s] Level 5:colcon.colcon_core.verb:set package 'messages' build argument 'cmake_clean_cache' from command line to 'False'
[0.475s] Level 5:colcon.colcon_core.verb:set package 'messages' build argument 'cmake_clean_first' from command line to 'False'
[0.475s] Level 5:colcon.colcon_core.verb:set package 'messages' build argument 'cmake_force_configure' from command line to 'False'
[0.475s] Level 5:colcon.colcon_core.verb:set package 'messages' build argument 'ament_cmake_args' from command line to 'None'
[0.475s] Level 5:colcon.colcon_core.verb:set package 'messages' build argument 'catkin_cmake_args' from command line to 'None'
[0.475s] Level 5:colcon.colcon_core.verb:set package 'messages' build argument 'catkin_skip_building_tests' from command line to 'False'
[0.475s] DEBUG:colcon.colcon_core.verb:Building package 'messages' with the following arguments: {'ament_cmake_args': None, 'build_base': '/home/mtrn/4231/liam_stuff/4231project/build/messages', 'catkin_cmake_args': None, 'catkin_skip_building_tests': False, 'cmake_args': None, 'cmake_clean_cache': False, 'cmake_clean_first': False, 'cmake_force_configure': False, 'cmake_target': None, 'cmake_target_skip_unavailable': False, 'install_base': '/home/mtrn/4231/liam_stuff/4231project/install/messages', 'merge_install': False, 'path': '/home/mtrn/4231/liam_stuff/4231project/src/messages', 'symlink_install': False, 'test_result_base': None}
[0.476s] Level 5:colcon.colcon_core.verb:set package 'my_package' build argument 'cmake_args' from command line to 'None'
[0.476s] Level 5:colcon.colcon_core.verb:set package 'my_package' build argument 'cmake_target' from command line to 'None'
[0.476s] Level 5:colcon.colcon_core.verb:set package 'my_package' build argument 'cmake_target_skip_unavailable' from command line to 'False'
[0.476s] Level 5:colcon.colcon_core.verb:set package 'my_package' build argument 'cmake_clean_cache' from command line to 'False'
[0.476s] Level 5:colcon.colcon_core.verb:set package 'my_package' build argument 'cmake_clean_first' from command line to 'False'
[0.476s] Level 5:colcon.colcon_core.verb:set package 'my_package' build argument 'cmake_force_configure' from command line to 'False'
[0.476s] Level 5:colcon.colcon_core.verb:set package 'my_package' build argument 'ament_cmake_args' from command line to 'None'
[0.476s] Level 5:colcon.colcon_core.verb:set package 'my_package' build argument 'catkin_cmake_args' from command line to 'None'
[0.476s] Level 5:colcon.colcon_core.verb:set package 'my_package' build argument 'catkin_skip_building_tests' from command line to 'False'
[0.476s] DEBUG:colcon.colcon_core.verb:Building package 'my_package' with the following arguments: {'ament_cmake_args': None, 'build_base': '/home/mtrn/4231/liam_stuff/4231project/build/my_package', 'catkin_cmake_args': None, 'catkin_skip_building_tests': False, 'cmake_args': None, 'cmake_clean_cache': False, 'cmake_clean_first': False, 'cmake_force_configure': False, 'cmake_target': None, 'cmake_target_skip_unavailable': False, 'install_base': '/home/mtrn/4231/liam_stuff/4231project/install/my_package', 'merge_install': False, 'path': '/home/mtrn/4231/liam_stuff/4231project/src/my_package', 'symlink_install': False, 'test_result_base': None}
[0.477s] Level 5:colcon.colcon_core.verb:set package 'opencv_example' build argument 'cmake_args' from command line to 'None'
[0.477s] Level 5:colcon.colcon_core.verb:set package 'opencv_example' build argument 'cmake_target' from command line to 'None'
[0.477s] Level 5:colcon.colcon_core.verb:set package 'opencv_example' build argument 'cmake_target_skip_unavailable' from command line to 'False'
[0.477s] Level 5:colcon.colcon_core.verb:set package 'opencv_example' build argument 'cmake_clean_cache' from command line to 'False'
[0.477s] Level 5:colcon.colcon_core.verb:set package 'opencv_example' build argument 'cmake_clean_first' from command line to 'False'
[0.477s] Level 5:colcon.colcon_core.verb:set package 'opencv_example' build argument 'cmake_force_configure' from command line to 'False'
[0.477s] Level 5:colcon.colcon_core.verb:set package 'opencv_example' build argument 'ament_cmake_args' from command line to 'None'
[0.477s] Level 5:colcon.colcon_core.verb:set package 'opencv_example' build argument 'catkin_cmake_args' from command line to 'None'
[0.477s] Level 5:colcon.colcon_core.verb:set package 'opencv_example' build argument 'catkin_skip_building_tests' from command line to 'False'
[0.477s] DEBUG:colcon.colcon_core.verb:Building package 'opencv_example' with the following arguments: {'ament_cmake_args': None, 'build_base': '/home/mtrn/4231/liam_stuff/4231project/build/opencv_example', 'catkin_cmake_args': None, 'catkin_skip_building_tests': False, 'cmake_args': None, 'cmake_clean_cache': False, 'cmake_clean_first': False, 'cmake_force_configure': False, 'cmake_target': None, 'cmake_target_skip_unavailable': False, 'install_base': '/home/mtrn/4231/liam_stuff/4231project/install/opencv_example', 'merge_install': False, 'path': '/home/mtrn/4231/liam_stuff/4231project/src/opencv_example', 'symlink_install': False, 'test_result_base': None}
[0.478s] Level 5:colcon.colcon_core.verb:set package 'v4l2_camera' build argument 'cmake_args' from command line to 'None'
[0.478s] Level 5:colcon.colcon_core.verb:set package 'v4l2_camera' build argument 'cmake_target' from command line to 'None'
[0.478s] Level 5:colcon.colcon_core.verb:set package 'v4l2_camera' build argument 'cmake_target_skip_unavailable' from command line to 'False'
[0.478s] Level 5:colcon.colcon_core.verb:set package 'v4l2_camera' build argument 'cmake_clean_cache' from command line to 'False'
[0.478s] Level 5:colcon.colcon_core.verb:set package 'v4l2_camera' build argument 'cmake_clean_first' from command line to 'False'
[0.478s] Level 5:colcon.colcon_core.verb:set package 'v4l2_camera' build argument 'cmake_force_configure' from command line to 'False'
[0.478s] Level 5:colcon.colcon_core.verb:set package 'v4l2_camera' build argument 'ament_cmake_args' from command line to 'None'
[0.478s] Level 5:colcon.colcon_core.verb:set package 'v4l2_camera' build argument 'catkin_cmake_args' from command line to 'None'
[0.478s] Level 5:colcon.colcon_core.verb:set package 'v4l2_camera' build argument 'catkin_skip_building_tests' from command line to 'False'
[0.478s] DEBUG:colcon.colcon_core.verb:Building package 'v4l2_camera' with the following arguments: {'ament_cmake_args': None, 'build_base': '/home/mtrn/4231/liam_stuff/4231project/build/v4l2_camera', 'catkin_cmake_args': None, 'catkin_skip_building_tests': False, 'cmake_args': None, 'cmake_clean_cache': False, 'cmake_clean_first': False, 'cmake_force_configure': False, 'cmake_target': None, 'cmake_target_skip_unavailable': False, 'install_base': '/home/mtrn/4231/liam_stuff/4231project/install/v4l2_camera', 'merge_install': False, 'path': '/home/mtrn/4231/liam_stuff/4231project/src/ros2_v4l2_camera-rolling', 'symlink_install': False, 'test_result_base': None}
[0.479s] INFO:colcon.colcon_core.executor:Executing jobs using 'parallel' executor
[0.482s] DEBUG:colcon.colcon_parallel_executor.executor.parallel:run_until_complete
[0.483s] INFO:colcon.colcon_ros.task.ament_cmake.build:Building ROS package in '/home/mtrn/4231/liam_stuff/4231project/src/messages' with build type 'ament_cmake'
[0.483s] INFO:colcon.colcon_cmake.task.cmake.build:Building CMake package in '/home/mtrn/4231/liam_stuff/4231project/src/messages'
[0.487s] INFO:colcon.colcon_core.plugin_system:Skipping extension 'colcon_core.shell.bat': Not used on non-Windows systems
[0.488s] INFO:colcon.colcon_core.shell:Skip shell extension 'powershell' for command environment: Not usable outside of PowerShell
[0.488s] DEBUG:colcon.colcon_core.shell:Skip shell extension 'dsv' for command environment
[0.497s] INFO:colcon.colcon_ros.task.ament_python.build:Building ROS package in '/home/mtrn/4231/liam_stuff/4231project/src/my_package' with build type 'ament_python'
[0.498s] Level 1:colcon.colcon_core.shell:create_environment_hook('my_package', 'ament_prefix_path')
[0.499s] INFO:colcon.colcon_core.shell:Creating environment hook '/home/mtrn/4231/liam_stuff/4231project/install/my_package/share/my_package/hook/ament_prefix_path.ps1'
[0.499s] INFO:colcon.colcon_core.shell:Creating environment descriptor '/home/mtrn/4231/liam_stuff/4231project/install/my_package/share/my_package/hook/ament_prefix_path.dsv'
[0.500s] INFO:colcon.colcon_core.shell:Creating environment hook '/home/mtrn/4231/liam_stuff/4231project/install/my_package/share/my_package/hook/ament_prefix_path.sh'
[0.501s] INFO:colcon.colcon_core.shell:Skip shell extension 'powershell' for command environment: Not usable outside of PowerShell
[0.501s] DEBUG:colcon.colcon_core.shell:Skip shell extension 'dsv' for command environment
[0.510s] INFO:colcon.colcon_ros.task.ament_python.build:Building ROS package in '/home/mtrn/4231/liam_stuff/4231project/src/opencv_example' with build type 'ament_python'
[0.510s] Level 1:colcon.colcon_core.shell:create_environment_hook('opencv_example', 'ament_prefix_path')
[0.514s] INFO:colcon.colcon_core.shell:Creating environment hook '/home/mtrn/4231/liam_stuff/4231project/install/opencv_example/share/opencv_example/hook/ament_prefix_path.ps1'
[0.515s] INFO:colcon.colcon_core.shell:Creating environment descriptor '/home/mtrn/4231/liam_stuff/4231project/install/opencv_example/share/opencv_example/hook/ament_prefix_path.dsv'
[0.517s] INFO:colcon.colcon_core.shell:Creating environment hook '/home/mtrn/4231/liam_stuff/4231project/install/opencv_example/share/opencv_example/hook/ament_prefix_path.sh'
[0.521s] INFO:colcon.colcon_core.shell:Skip shell extension 'powershell' for command environment: Not usable outside of PowerShell
[0.522s] DEBUG:colcon.colcon_core.shell:Skip shell extension 'dsv' for command environment
[0.538s] INFO:colcon.colcon_ros.task.ament_cmake.build:Building ROS package in '/home/mtrn/4231/liam_stuff/4231project/src/ros2_v4l2_camera-rolling' with build type 'ament_cmake'
[0.539s] INFO:colcon.colcon_cmake.task.cmake.build:Building CMake package in '/home/mtrn/4231/liam_stuff/4231project/src/ros2_v4l2_camera-rolling'
[0.540s] INFO:colcon.colcon_core.shell:Skip shell extension 'powershell' for command environment: Not usable outside of PowerShell
[0.540s] DEBUG:colcon.colcon_core.shell:Skip shell extension 'dsv' for command environment
[0.567s] DEBUG:colcon.colcon_core.event_handler.log_command:Invoking command in '/home/mtrn/4231/liam_stuff/4231project/build/messages': CMAKE_PREFIX_PATH=${CMAKE_PREFIX_PATH}:/home/mtrn/4231/liam_stuff/4231project/install/opencv_example:/home/mtrn/4231/liam_stuff/4231project/install/my_package:/home/mtrn/4231/ws_moveit2/install/moveit_configs_utils:/home/mtrn/4231/ws_moveit2/install/launch_param_builder:/opt/ros/humble /home/mtrn/.local/bin/cmake --build /home/mtrn/4231/liam_stuff/4231project/build/messages -- -j12 -l12
[0.842s] INFO:colcon.colcon_core.task.python.build:Building Python package in '/home/mtrn/4231/liam_stuff/4231project/src/my_package'
[0.845s] INFO:colcon.colcon_core.shell:Skip shell extension 'powershell' for command environment: Not usable outside of PowerShell
[0.845s] DEBUG:colcon.colcon_core.shell:Skip shell extension 'dsv' for command environment
[1.157s] INFO:colcon.colcon_core.task.python.build:Building Python package in '/home/mtrn/4231/liam_stuff/4231project/src/opencv_example'
[1.161s] INFO:colcon.colcon_core.shell:Skip shell extension 'powershell' for command environment: Not usable outside of PowerShell
[1.161s] DEBUG:colcon.colcon_core.shell:Skip shell extension 'dsv' for command environment
[1.197s] DEBUG:colcon.colcon_core.event_handler.log_command:Invoking command in '/home/mtrn/4231/liam_stuff/4231project/build/v4l2_camera': CMAKE_PREFIX_PATH=${CMAKE_PREFIX_PATH}:/home/mtrn/4231/liam_stuff/4231project/install/opencv_example:/home/mtrn/4231/liam_stuff/4231project/install/my_package:/home/mtrn/4231/ws_moveit2/install/moveit_configs_utils:/home/mtrn/4231/ws_moveit2/install/launch_param_builder:/opt/ros/humble /home/mtrn/.local/bin/cmake --build /home/mtrn/4231/liam_stuff/4231project/build/v4l2_camera -- -j12 -l12
[1.201s] DEBUG:colcon.colcon_core.event_handler.log_command:Invoked command in '/home/mtrn/4231/liam_stuff/4231project/build/messages' returned '0': CMAKE_PREFIX_PATH=${CMAKE_PREFIX_PATH}:/home/mtrn/4231/liam_stuff/4231project/install/opencv_example:/home/mtrn/4231/liam_stuff/4231project/install/my_package:/home/mtrn/4231/ws_moveit2/install/moveit_configs_utils:/home/mtrn/4231/ws_moveit2/install/launch_param_builder:/opt/ros/humble /home/mtrn/.local/bin/cmake --build /home/mtrn/4231/liam_stuff/4231project/build/messages -- -j12 -l12
[1.421s] DEBUG:colcon.colcon_core.event_handler.log_command:Invoked command in '/home/mtrn/4231/liam_stuff/4231project/build/v4l2_camera' returned '0': CMAKE_PREFIX_PATH=${CMAKE_PREFIX_PATH}:/home/mtrn/4231/liam_stuff/4231project/install/opencv_example:/home/mtrn/4231/liam_stuff/4231project/install/my_package:/home/mtrn/4231/ws_moveit2/install/moveit_configs_utils:/home/mtrn/4231/ws_moveit2/install/launch_param_builder:/opt/ros/humble /home/mtrn/.local/bin/cmake --build /home/mtrn/4231/liam_stuff/4231project/build/v4l2_camera -- -j12 -l12
[1.658s] DEBUG:colcon.colcon_core.event_handler.log_command:Invoking command in '/home/mtrn/4231/liam_stuff/4231project/build/messages': CMAKE_PREFIX_PATH=${CMAKE_PREFIX_PATH}:/home/mtrn/4231/liam_stuff/4231project/install/opencv_example:/home/mtrn/4231/liam_stuff/4231project/install/my_package:/home/mtrn/4231/ws_moveit2/install/moveit_configs_utils:/home/mtrn/4231/ws_moveit2/install/launch_param_builder:/opt/ros/humble /home/mtrn/.local/bin/cmake --install /home/mtrn/4231/liam_stuff/4231project/build/messages
[1.667s] DEBUG:colcon.colcon_core.event_handler.log_command:Invoking command in '/home/mtrn/4231/liam_stuff/4231project/src/opencv_example': PYTHONPATH=/home/mtrn/4231/liam_stuff/4231project/build/opencv_example/prefix_override:/home/mtrn/4231/liam_stuff/4231project/install/opencv_example/lib/python3.10/site-packages:${PYTHONPATH} /usr/bin/python3 setup.py egg_info --egg-base ../../build/opencv_example build --build-base /home/mtrn/4231/liam_stuff/4231project/build/opencv_example/build install --record /home/mtrn/4231/liam_stuff/4231project/build/opencv_example/install.log --single-version-externally-managed
[1.670s] DEBUG:colcon.colcon_core.event_handler.log_command:Invoking command in '/home/mtrn/4231/liam_stuff/4231project/src/my_package': PYTHONPATH=/home/mtrn/4231/liam_stuff/4231project/build/my_package/prefix_override:/home/mtrn/4231/liam_stuff/4231project/install/my_package/lib/python3.10/site-packages:${PYTHONPATH} /usr/bin/python3 setup.py egg_info --egg-base ../../build/my_package build --build-base /home/mtrn/4231/liam_stuff/4231project/build/my_package/build install --record /home/mtrn/4231/liam_stuff/4231project/build/my_package/install.log --single-version-externally-managed
[1.712s] DEBUG:colcon.colcon_core.event_handler.log_command:Invoking command in '/home/mtrn/4231/liam_stuff/4231project/build/v4l2_camera': CMAKE_PREFIX_PATH=${CMAKE_PREFIX_PATH}:/home/mtrn/4231/liam_stuff/4231project/install/opencv_example:/home/mtrn/4231/liam_stuff/4231project/install/my_package:/home/mtrn/4231/ws_moveit2/install/moveit_configs_utils:/home/mtrn/4231/ws_moveit2/install/launch_param_builder:/opt/ros/humble /home/mtrn/.local/bin/cmake --install /home/mtrn/4231/liam_stuff/4231project/build/v4l2_camera
[1.763s] Level 1:colcon.colcon_core.environment:create_environment_scripts_only(v4l2_camera)
[1.765s] DEBUG:colcon.colcon_core.event_handler.log_command:Invoked command in '/home/mtrn/4231/liam_stuff/4231project/build/v4l2_camera' returned '0': CMAKE_PREFIX_PATH=${CMAKE_PREFIX_PATH}:/home/mtrn/4231/liam_stuff/4231project/install/opencv_example:/home/mtrn/4231/liam_stuff/4231project/install/my_package:/home/mtrn/4231/ws_moveit2/install/moveit_configs_utils:/home/mtrn/4231/ws_moveit2/install/launch_param_builder:/opt/ros/humble /home/mtrn/.local/bin/cmake --install /home/mtrn/4231/liam_stuff/4231project/build/v4l2_camera
[1.768s] Level 1:colcon.colcon_core.environment:checking '/home/mtrn/4231/liam_stuff/4231project/install/v4l2_camera' for CMake module files
[1.769s] Level 1:colcon.colcon_core.environment:checking '/home/mtrn/4231/liam_stuff/4231project/install/v4l2_camera' for CMake config files
[1.769s] Level 1:colcon.colcon_core.shell:create_environment_hook('v4l2_camera', 'cmake_prefix_path')
[1.770s] INFO:colcon.colcon_core.shell:Creating environment hook '/home/mtrn/4231/liam_stuff/4231project/install/v4l2_camera/share/v4l2_camera/hook/cmake_prefix_path.ps1'
[1.771s] INFO:colcon.colcon_core.shell:Creating environment descriptor '/home/mtrn/4231/liam_stuff/4231project/install/v4l2_camera/share/v4l2_camera/hook/cmake_prefix_path.dsv'
[1.771s] INFO:colcon.colcon_core.shell:Creating environment hook '/home/mtrn/4231/liam_stuff/4231project/install/v4l2_camera/share/v4l2_camera/hook/cmake_prefix_path.sh'
[1.772s] Level 1:colcon.colcon_core.environment:checking '/home/mtrn/4231/liam_stuff/4231project/install/v4l2_camera/lib'
[1.772s] Level 1:colcon.colcon_core.shell:create_environment_hook('v4l2_camera', 'ld_library_path_lib')
[1.773s] INFO:colcon.colcon_core.shell:Creating environment hook '/home/mtrn/4231/liam_stuff/4231project/install/v4l2_camera/share/v4l2_camera/hook/ld_library_path_lib.ps1'
[1.773s] INFO:colcon.colcon_core.shell:Creating environment descriptor '/home/mtrn/4231/liam_stuff/4231project/install/v4l2_camera/share/v4l2_camera/hook/ld_library_path_lib.dsv'
[1.774s] INFO:colcon.colcon_core.shell:Creating environment hook '/home/mtrn/4231/liam_stuff/4231project/install/v4l2_camera/share/v4l2_camera/hook/ld_library_path_lib.sh'
[1.774s] Level 1:colcon.colcon_core.environment:checking '/home/mtrn/4231/liam_stuff/4231project/install/v4l2_camera/bin'
[1.774s] Level 1:colcon.colcon_core.environment:checking '/home/mtrn/4231/liam_stuff/4231project/install/v4l2_camera/lib/pkgconfig/v4l2_camera.pc'
[1.774s] Level 1:colcon.colcon_core.environment:checking '/home/mtrn/4231/liam_stuff/4231project/install/v4l2_camera/lib/python3.10/site-packages'
[1.774s] Level 1:colcon.colcon_core.environment:checking '/home/mtrn/4231/liam_stuff/4231project/install/v4l2_camera/bin'
[1.775s] INFO:colcon.colcon_core.shell:Creating package script '/home/mtrn/4231/liam_stuff/4231project/install/v4l2_camera/share/v4l2_camera/package.ps1'
[1.777s] INFO:colcon.colcon_core.shell:Creating package descriptor '/home/mtrn/4231/liam_stuff/4231project/install/v4l2_camera/share/v4l2_camera/package.dsv'
[1.777s] INFO:colcon.colcon_core.shell:Creating package script '/home/mtrn/4231/liam_stuff/4231project/install/v4l2_camera/share/v4l2_camera/package.sh'
[1.778s] INFO:colcon.colcon_core.shell:Creating package script '/home/mtrn/4231/liam_stuff/4231project/install/v4l2_camera/share/v4l2_camera/package.bash'
[1.778s] INFO:colcon.colcon_core.shell:Creating package script '/home/mtrn/4231/liam_stuff/4231project/install/v4l2_camera/share/v4l2_camera/package.zsh'
[1.779s] Level 1:colcon.colcon_core.environment:create_file_with_runtime_dependencies(/home/mtrn/4231/liam_stuff/4231project/install/v4l2_camera/share/colcon-core/packages/v4l2_camera)
[1.803s] Level 1:colcon.colcon_core.environment:create_environment_scripts_only(messages)
[1.807s] Level 1:colcon.colcon_core.environment:checking '/home/mtrn/4231/liam_stuff/4231project/install/messages' for CMake module files
[1.808s] DEBUG:colcon.colcon_core.event_handler.log_command:Invoked command in '/home/mtrn/4231/liam_stuff/4231project/build/messages' returned '0': CMAKE_PREFIX_PATH=${CMAKE_PREFIX_PATH}:/home/mtrn/4231/liam_stuff/4231project/install/opencv_example:/home/mtrn/4231/liam_stuff/4231project/install/my_package:/home/mtrn/4231/ws_moveit2/install/moveit_configs_utils:/home/mtrn/4231/ws_moveit2/install/launch_param_builder:/opt/ros/humble /home/mtrn/.local/bin/cmake --install /home/mtrn/4231/liam_stuff/4231project/build/messages
[1.808s] Level 1:colcon.colcon_core.environment:checking '/home/mtrn/4231/liam_stuff/4231project/install/messages' for CMake config files
[1.809s] Level 1:colcon.colcon_core.shell:create_environment_hook('messages', 'cmake_prefix_path')
[1.810s] INFO:colcon.colcon_core.shell:Creating environment hook '/home/mtrn/4231/liam_stuff/4231project/install/messages/share/messages/hook/cmake_prefix_path.ps1'
[1.810s] INFO:colcon.colcon_core.shell:Creating environment descriptor '/home/mtrn/4231/liam_stuff/4231project/install/messages/share/messages/hook/cmake_prefix_path.dsv'
[1.811s] INFO:colcon.colcon_core.shell:Creating environment hook '/home/mtrn/4231/liam_stuff/4231project/install/messages/share/messages/hook/cmake_prefix_path.sh'
[1.811s] Level 1:colcon.colcon_core.environment:checking '/home/mtrn/4231/liam_stuff/4231project/install/messages/lib'
[1.811s] Level 1:colcon.colcon_core.shell:create_environment_hook('messages', 'ld_library_path_lib')
[1.812s] INFO:colcon.colcon_core.shell:Creating environment hook '/home/mtrn/4231/liam_stuff/4231project/install/messages/share/messages/hook/ld_library_path_lib.ps1'
[1.813s] INFO:colcon.colcon_core.shell:Creating environment descriptor '/home/mtrn/4231/liam_stuff/4231project/install/messages/share/messages/hook/ld_library_path_lib.dsv'
[1.813s] INFO:colcon.colcon_core.shell:Creating environment hook '/home/mtrn/4231/liam_stuff/4231project/install/messages/share/messages/hook/ld_library_path_lib.sh'
[1.814s] Level 1:colcon.colcon_core.environment:checking '/home/mtrn/4231/liam_stuff/4231project/install/messages/bin'
[1.814s] Level 1:colcon.colcon_core.environment:checking '/home/mtrn/4231/liam_stuff/4231project/install/messages/lib/pkgconfig/messages.pc'
[1.814s] Level 1:colcon.colcon_core.environment:checking '/home/mtrn/4231/liam_stuff/4231project/install/messages/lib/python3.10/site-packages'
[1.814s] Level 1:colcon.colcon_core.environment:checking '/home/mtrn/4231/liam_stuff/4231project/install/messages/bin'
[1.817s] INFO:colcon.colcon_core.shell:Creating package script '/home/mtrn/4231/liam_stuff/4231project/install/messages/share/messages/package.ps1'
[1.818s] INFO:colcon.colcon_core.shell:Creating package descriptor '/home/mtrn/4231/liam_stuff/4231project/install/messages/share/messages/package.dsv'
[1.818s] INFO:colcon.colcon_core.shell:Creating package script '/home/mtrn/4231/liam_stuff/4231project/install/messages/share/messages/package.sh'
[1.819s] INFO:colcon.colcon_core.shell:Creating package script '/home/mtrn/4231/liam_stuff/4231project/install/messages/share/messages/package.bash'
[1.819s] INFO:colcon.colcon_core.shell:Creating package script '/home/mtrn/4231/liam_stuff/4231project/install/messages/share/messages/package.zsh'
[1.819s] Level 1:colcon.colcon_core.environment:create_file_with_runtime_dependencies(/home/mtrn/4231/liam_stuff/4231project/install/messages/share/colcon-core/packages/messages)
[1.980s] Level 1:colcon.colcon_core.environment:checking '/home/mtrn/4231/liam_stuff/4231project/install/opencv_example' for CMake module files
[1.981s] DEBUG:colcon.colcon_core.event_handler.log_command:Invoked command in '/home/mtrn/4231/liam_stuff/4231project/src/opencv_example' returned '0': PYTHONPATH=/home/mtrn/4231/liam_stuff/4231project/build/opencv_example/prefix_override:/home/mtrn/4231/liam_stuff/4231project/install/opencv_example/lib/python3.10/site-packages:${PYTHONPATH} /usr/bin/python3 setup.py egg_info --egg-base ../../build/opencv_example build --build-base /home/mtrn/4231/liam_stuff/4231project/build/opencv_example/build install --record /home/mtrn/4231/liam_stuff/4231project/build/opencv_example/install.log --single-version-externally-managed
[1.981s] Level 1:colcon.colcon_core.environment:checking '/home/mtrn/4231/liam_stuff/4231project/install/opencv_example' for CMake config files
[1.982s] Level 1:colcon.colcon_core.environment:checking '/home/mtrn/4231/liam_stuff/4231project/install/opencv_example/lib'
[1.982s] Level 1:colcon.colcon_core.environment:checking '/home/mtrn/4231/liam_stuff/4231project/install/opencv_example/bin'
[1.982s] Level 1:colcon.colcon_core.environment:checking '/home/mtrn/4231/liam_stuff/4231project/install/opencv_example/lib/pkgconfig/opencv_example.pc'
[1.983s] Level 1:colcon.colcon_core.environment:checking '/home/mtrn/4231/liam_stuff/4231project/install/opencv_example/lib/python3.10/site-packages'
[1.983s] Level 1:colcon.colcon_core.shell:create_environment_hook('opencv_example', 'pythonpath')
[1.985s] INFO:colcon.colcon_core.shell:Creating environment hook '/home/mtrn/4231/liam_stuff/4231project/install/opencv_example/share/opencv_example/hook/pythonpath.ps1'
[1.985s] INFO:colcon.colcon_core.shell:Creating environment descriptor '/home/mtrn/4231/liam_stuff/4231project/install/opencv_example/share/opencv_example/hook/pythonpath.dsv'
[1.986s] INFO:colcon.colcon_core.shell:Creating environment hook '/home/mtrn/4231/liam_stuff/4231project/install/opencv_example/share/opencv_example/hook/pythonpath.sh'
[1.987s] Level 1:colcon.colcon_core.environment:checking '/home/mtrn/4231/liam_stuff/4231project/install/opencv_example/bin'
[1.987s] Level 1:colcon.colcon_core.environment:create_environment_scripts_only(opencv_example)
[1.989s] INFO:colcon.colcon_core.shell:Creating package script '/home/mtrn/4231/liam_stuff/4231project/install/opencv_example/share/opencv_example/package.ps1'
[1.989s] INFO:colcon.colcon_core.shell:Creating package descriptor '/home/mtrn/4231/liam_stuff/4231project/install/opencv_example/share/opencv_example/package.dsv'
[1.990s] INFO:colcon.colcon_core.shell:Creating package script '/home/mtrn/4231/liam_stuff/4231project/install/opencv_example/share/opencv_example/package.sh'
[1.990s] INFO:colcon.colcon_core.shell:Creating package script '/home/mtrn/4231/liam_stuff/4231project/install/opencv_example/share/opencv_example/package.bash'
[1.991s] INFO:colcon.colcon_core.shell:Creating package script '/home/mtrn/4231/liam_stuff/4231project/install/opencv_example/share/opencv_example/package.zsh'
[1.991s] Level 1:colcon.colcon_core.environment:create_file_with_runtime_dependencies(/home/mtrn/4231/liam_stuff/4231project/install/opencv_example/share/colcon-core/packages/opencv_example)
[1.995s] Level 1:colcon.colcon_core.environment:create_environment_scripts_only(v4l2_camera)
[1.996s] Level 1:colcon.colcon_core.environment:checking '/home/mtrn/4231/liam_stuff/4231project/install/v4l2_camera' for CMake module files
[1.997s] Level 1:colcon.colcon_core.environment:checking '/home/mtrn/4231/liam_stuff/4231project/install/v4l2_camera' for CMake config files
[1.997s] Level 1:colcon.colcon_core.shell:create_environment_hook('v4l2_camera', 'cmake_prefix_path')
[1.998s] INFO:colcon.colcon_core.shell:Creating environment hook '/home/mtrn/4231/liam_stuff/4231project/install/v4l2_camera/share/v4l2_camera/hook/cmake_prefix_path.ps1'
[1.998s] INFO:colcon.colcon_core.shell:Creating environment descriptor '/home/mtrn/4231/liam_stuff/4231project/install/v4l2_camera/share/v4l2_camera/hook/cmake_prefix_path.dsv'
[1.999s] INFO:colcon.colcon_core.shell:Creating environment hook '/home/mtrn/4231/liam_stuff/4231project/install/v4l2_camera/share/v4l2_camera/hook/cmake_prefix_path.sh'
[1.999s] Level 1:colcon.colcon_core.environment:checking '/home/mtrn/4231/liam_stuff/4231project/install/v4l2_camera/lib'
[1.999s] Level 1:colcon.colcon_core.shell:create_environment_hook('v4l2_camera', 'ld_library_path_lib')
[2.000s] INFO:colcon.colcon_core.shell:Creating environment hook '/home/mtrn/4231/liam_stuff/4231project/install/v4l2_camera/share/v4l2_camera/hook/ld_library_path_lib.ps1'
[2.001s] INFO:colcon.colcon_core.shell:Creating environment descriptor '/home/mtrn/4231/liam_stuff/4231project/install/v4l2_camera/share/v4l2_camera/hook/ld_library_path_lib.dsv'
[2.001s] INFO:colcon.colcon_core.shell:Creating environment hook '/home/mtrn/4231/liam_stuff/4231project/install/v4l2_camera/share/v4l2_camera/hook/ld_library_path_lib.sh'
[2.001s] Level 1:colcon.colcon_core.environment:checking '/home/mtrn/4231/liam_stuff/4231project/install/v4l2_camera/bin'
[2.001s] Level 1:colcon.colcon_core.environment:checking '/home/mtrn/4231/liam_stuff/4231project/install/v4l2_camera/lib/pkgconfig/v4l2_camera.pc'
[2.001s] Level 1:colcon.colcon_core.environment:checking '/home/mtrn/4231/liam_stuff/4231project/install/v4l2_camera/lib/python3.10/site-packages'
[2.002s] Level 1:colcon.colcon_core.environment:checking '/home/mtrn/4231/liam_stuff/4231project/install/v4l2_camera/bin'
[2.003s] INFO:colcon.colcon_core.shell:Creating package script '/home/mtrn/4231/liam_stuff/4231project/install/v4l2_camera/share/v4l2_camera/package.ps1'
[2.003s] INFO:colcon.colcon_core.shell:Creating package descriptor '/home/mtrn/4231/liam_stuff/4231project/install/v4l2_camera/share/v4l2_camera/package.dsv'
[2.004s] INFO:colcon.colcon_core.shell:Creating package script '/home/mtrn/4231/liam_stuff/4231project/install/v4l2_camera/share/v4l2_camera/package.sh'
[2.004s] INFO:colcon.colcon_core.shell:Creating package script '/home/mtrn/4231/liam_stuff/4231project/install/v4l2_camera/share/v4l2_camera/package.bash'
[2.004s] INFO:colcon.colcon_core.shell:Creating package script '/home/mtrn/4231/liam_stuff/4231project/install/v4l2_camera/share/v4l2_camera/package.zsh'
[2.004s] Level 1:colcon.colcon_core.environment:create_file_with_runtime_dependencies(/home/mtrn/4231/liam_stuff/4231project/install/v4l2_camera/share/colcon-core/packages/v4l2_camera)
[2.007s] Level 1:colcon.colcon_core.environment:checking '/home/mtrn/4231/liam_stuff/4231project/install/my_package' for CMake module files
[2.008s] DEBUG:colcon.colcon_core.event_handler.log_command:Invoked command in '/home/mtrn/4231/liam_stuff/4231project/src/my_package' returned '0': PYTHONPATH=/home/mtrn/4231/liam_stuff/4231project/build/my_package/prefix_override:/home/mtrn/4231/liam_stuff/4231project/install/my_package/lib/python3.10/site-packages:${PYTHONPATH} /usr/bin/python3 setup.py egg_info --egg-base ../../build/my_package build --build-base /home/mtrn/4231/liam_stuff/4231project/build/my_package/build install --record /home/mtrn/4231/liam_stuff/4231project/build/my_package/install.log --single-version-externally-managed
[2.008s] Level 1:colcon.colcon_core.environment:checking '/home/mtrn/4231/liam_stuff/4231project/install/my_package' for CMake config files
[2.009s] Level 1:colcon.colcon_core.environment:checking '/home/mtrn/4231/liam_stuff/4231project/install/my_package/lib'
[2.009s] Level 1:colcon.colcon_core.environment:checking '/home/mtrn/4231/liam_stuff/4231project/install/my_package/bin'
[2.009s] Level 1:colcon.colcon_core.environment:checking '/home/mtrn/4231/liam_stuff/4231project/install/my_package/lib/pkgconfig/my_package.pc'
[2.009s] Level 1:colcon.colcon_core.environment:checking '/home/mtrn/4231/liam_stuff/4231project/install/my_package/lib/python3.10/site-packages'
[2.009s] Level 1:colcon.colcon_core.shell:create_environment_hook('my_package', 'pythonpath')
[2.010s] INFO:colcon.colcon_core.shell:Creating environment hook '/home/mtrn/4231/liam_stuff/4231project/install/my_package/share/my_package/hook/pythonpath.ps1'
[2.010s] INFO:colcon.colcon_core.shell:Creating environment descriptor '/home/mtrn/4231/liam_stuff/4231project/install/my_package/share/my_package/hook/pythonpath.dsv'
[2.011s] INFO:colcon.colcon_core.shell:Creating environment hook '/home/mtrn/4231/liam_stuff/4231project/install/my_package/share/my_package/hook/pythonpath.sh'
[2.011s] Level 1:colcon.colcon_core.environment:checking '/home/mtrn/4231/liam_stuff/4231project/install/my_package/bin'
[2.011s] Level 1:colcon.colcon_core.environment:create_environment_scripts_only(my_package)
[2.012s] INFO:colcon.colcon_core.shell:Creating package script '/home/mtrn/4231/liam_stuff/4231project/install/my_package/share/my_package/package.ps1'
[2.012s] INFO:colcon.colcon_core.shell:Creating package descriptor '/home/mtrn/4231/liam_stuff/4231project/install/my_package/share/my_package/package.dsv'
[2.013s] INFO:colcon.colcon_core.shell:Creating package script '/home/mtrn/4231/liam_stuff/4231project/install/my_package/share/my_package/package.sh'
[2.013s] INFO:colcon.colcon_core.shell:Creating package script '/home/mtrn/4231/liam_stuff/4231project/install/my_package/share/my_package/package.bash'
[2.013s] INFO:colcon.colcon_core.shell:Creating package script '/home/mtrn/4231/liam_stuff/4231project/install/my_package/share/my_package/package.zsh'
[2.014s] Level 1:colcon.colcon_core.environment:create_file_with_runtime_dependencies(/home/mtrn/4231/liam_stuff/4231project/install/my_package/share/colcon-core/packages/my_package)
[2.392s] Level 1:colcon.colcon_core.environment:create_environment_scripts_only(messages)
[2.397s] Level 1:colcon.colcon_core.environment:checking '/home/mtrn/4231/liam_stuff/4231project/install/messages' for CMake module files
[2.398s] Level 1:colcon.colcon_core.environment:checking '/home/mtrn/4231/liam_stuff/4231project/install/messages' for CMake config files
[2.400s] Level 1:colcon.colcon_core.shell:create_environment_hook('messages', 'cmake_prefix_path')
[2.402s] INFO:colcon.colcon_core.shell:Creating environment hook '/home/mtrn/4231/liam_stuff/4231project/install/messages/share/messages/hook/cmake_prefix_path.ps1'
[2.403s] INFO:colcon.colcon_core.shell:Creating environment descriptor '/home/mtrn/4231/liam_stuff/4231project/install/messages/share/messages/hook/cmake_prefix_path.dsv'
[2.404s] INFO:colcon.colcon_core.shell:Creating environment hook '/home/mtrn/4231/liam_stuff/4231project/install/messages/share/messages/hook/cmake_prefix_path.sh'
[2.405s] Level 1:colcon.colcon_core.environment:checking '/home/mtrn/4231/liam_stuff/4231project/install/messages/lib'
[2.406s] Level 1:colcon.colcon_core.shell:create_environment_hook('messages', 'ld_library_path_lib')
[2.408s] INFO:colcon.colcon_core.shell:Creating environment hook '/home/mtrn/4231/liam_stuff/4231project/install/messages/share/messages/hook/ld_library_path_lib.ps1'
[2.408s] INFO:colcon.colcon_core.shell:Creating environment descriptor '/home/mtrn/4231/liam_stuff/4231project/install/messages/share/messages/hook/ld_library_path_lib.dsv'
[2.409s] INFO:colcon.colcon_core.shell:Creating environment hook '/home/mtrn/4231/liam_stuff/4231project/install/messages/share/messages/hook/ld_library_path_lib.sh'
[2.409s] Level 1:colcon.colcon_core.environment:checking '/home/mtrn/4231/liam_stuff/4231project/install/messages/bin'
[2.410s] Level 1:colcon.colcon_core.environment:checking '/home/mtrn/4231/liam_stuff/4231project/install/messages/lib/pkgconfig/messages.pc'
[2.410s] Level 1:colcon.colcon_core.environment:checking '/home/mtrn/4231/liam_stuff/4231project/install/messages/lib/python3.10/site-packages'
[2.410s] Level 1:colcon.colcon_core.environment:checking '/home/mtrn/4231/liam_stuff/4231project/install/messages/bin'
[2.412s] INFO:colcon.colcon_core.shell:Creating package script '/home/mtrn/4231/liam_stuff/4231project/install/messages/share/messages/package.ps1'
[2.413s] INFO:colcon.colcon_core.shell:Creating package descriptor '/home/mtrn/4231/liam_stuff/4231project/install/messages/share/messages/package.dsv'
[2.414s] INFO:colcon.colcon_core.shell:Creating package script '/home/mtrn/4231/liam_stuff/4231project/install/messages/share/messages/package.sh'
[2.415s] INFO:colcon.colcon_core.shell:Creating package script '/home/mtrn/4231/liam_stuff/4231project/install/messages/share/messages/package.bash'
[2.416s] INFO:colcon.colcon_core.shell:Creating package script '/home/mtrn/4231/liam_stuff/4231project/install/messages/share/messages/package.zsh'
[2.416s] Level 1:colcon.colcon_core.environment:create_file_with_runtime_dependencies(/home/mtrn/4231/liam_stuff/4231project/install/messages/share/colcon-core/packages/messages)
[2.417s] DEBUG:colcon.colcon_parallel_executor.executor.parallel:closing loop
[2.417s] DEBUG:colcon.colcon_parallel_executor.executor.parallel:loop closed
[2.418s] DEBUG:colcon.colcon_parallel_executor.executor.parallel:run_until_complete finished with '0'
[2.418s] DEBUG:colcon.colcon_core.event_reactor:joining thread
[2.435s] INFO:colcon.colcon_core.plugin_system:Skipping extension 'colcon_notification.desktop_notification.terminal_notifier': Not used on non-Darwin systems
[2.435s] INFO:colcon.colcon_core.plugin_system:Skipping extension 'colcon_notification.desktop_notification.win32': Not used on non-Windows systems
[2.435s] INFO:colcon.colcon_notification.desktop_notification:Sending desktop notification using 'notify2'
[2.453s] DEBUG:colcon.colcon_core.event_reactor:joined thread
[2.456s] INFO:colcon.colcon_core.shell:Creating prefix script '/home/mtrn/4231/liam_stuff/4231project/install/local_setup.ps1'
[2.459s] INFO:colcon.colcon_core.shell:Creating prefix util module '/home/mtrn/4231/liam_stuff/4231project/install/_local_setup_util_ps1.py'
[2.463s] INFO:colcon.colcon_core.shell:Creating prefix chain script '/home/mtrn/4231/liam_stuff/4231project/install/setup.ps1'
[2.472s] INFO:colcon.colcon_core.shell:Creating prefix script '/home/mtrn/4231/liam_stuff/4231project/install/local_setup.sh'
[2.473s] INFO:colcon.colcon_core.shell:Creating prefix util module '/home/mtrn/4231/liam_stuff/4231project/install/_local_setup_util_sh.py'
[2.473s] INFO:colcon.colcon_core.shell:Creating prefix chain script '/home/mtrn/4231/liam_stuff/4231project/install/setup.sh'
[2.480s] INFO:colcon.colcon_core.shell:Creating prefix script '/home/mtrn/4231/liam_stuff/4231project/install/local_setup.bash'
[2.481s] INFO:colcon.colcon_core.shell:Creating prefix chain script '/home/mtrn/4231/liam_stuff/4231project/install/setup.bash'
[2.486s] INFO:colcon.colcon_core.shell:Creating prefix script '/home/mtrn/4231/liam_stuff/4231project/install/local_setup.zsh'
[2.487s] INFO:colcon.colcon_core.shell:Creating prefix chain script '/home/mtrn/4231/liam_stuff/4231project/install/setup.zsh'
