[ 25%] [32mBuilding CXX object CMakeFiles/paper.dir/src/paper.cpp.o[0m
[ 75%] Built target static_camera_transform
[100%] [32m[1mLinking CXX executable paper[0m
[100%] Built target paper
-- Install configuration: ""
-- Installing: /home/mtrn/4231/liam_stuff/4231project/install/transforms/lib/transforms/paper
-- Set runtime path of "/home/mtrn/4231/liam_stuff/4231project/install/transforms/lib/transforms/paper" to ""
-- Up-to-date: /home/mtrn/4231/liam_stuff/4231project/install/transforms/lib/transforms/static_camera_transform
-- Up-to-date: /home/mtrn/4231/liam_stuff/4231project/install/transforms/share/ament_index/resource_index/package_run_dependencies/transforms
-- Up-to-date: /home/mtrn/4231/liam_stuff/4231project/install/transforms/share/ament_index/resource_index/parent_prefix_path/transforms
-- Up-to-date: /home/mtrn/4231/liam_stuff/4231project/install/transforms/share/transforms/environment/ament_prefix_path.sh
-- Up-to-date: /home/mtrn/4231/liam_stuff/4231project/install/transforms/share/transforms/environment/ament_prefix_path.dsv
-- Up-to-date: /home/mtrn/4231/liam_stuff/4231project/install/transforms/share/transforms/environment/path.sh
-- Up-to-date: /home/mtrn/4231/liam_stuff/4231project/install/transforms/share/transforms/environment/path.dsv
-- Up-to-date: /home/mtrn/4231/liam_stuff/4231project/install/transforms/share/transforms/local_setup.bash
-- Up-to-date: /home/mtrn/4231/liam_stuff/4231project/install/transforms/share/transforms/local_setup.sh
-- Up-to-date: /home/mtrn/4231/liam_stuff/4231project/install/transforms/share/transforms/local_setup.zsh
-- Up-to-date: /home/mtrn/4231/liam_stuff/4231project/install/transforms/share/transforms/local_setup.dsv
-- Installing: /home/mtrn/4231/liam_stuff/4231project/install/transforms/share/transforms/package.dsv
-- Up-to-date: /home/mtrn/4231/liam_stuff/4231project/install/transforms/share/ament_index/resource_index/packages/transforms
-- Up-to-date: /home/mtrn/4231/liam_stuff/4231project/install/transforms/share/transforms/cmake/transformsConfig.cmake
-- Up-to-date: /home/mtrn/4231/liam_stuff/4231project/install/transforms/share/transforms/cmake/transformsConfig-version.cmake
-- Up-to-date: /home/mtrn/4231/liam_stuff/4231project/install/transforms/share/transforms/package.xml
