[0.141s] Invoking command in '/home/mtrn/4231/project_workspace/build/messages': CMAKE_PREFIX_PATH=${CMAKE_PREFIX_PATH}:/home/mtrn/4231/project_workspace/install/opencv_example:/home/mtrn/4231/project_workspace/install/openCV_example:/home/mtrn/4231/project_workspace/install/my_package:/home/mtrn/4231/ws_moveit2/install/moveit_configs_utils:/home/mtrn/4231/ws_moveit2/install/launch_param_builder:/opt/ros/humble /usr/bin/cmake --build /home/mtrn/4231/project_workspace/build/messages -- -j4 -l4
[0.837s] [  9%] Built target messages__rosidl_generator_c
[0.838s] [ 12%] Built target messages__cpp
[0.838s] [ 12%] Built target ament_cmake_python_copy_messages
[0.839s] [ 22%] Built target messages__rosidl_typesupport_fastrtps_c
[0.839s] [ 32%] Built target messages__rosidl_typesupport_c
[0.840s] [ 41%] Built target messages__rosidl_typesupport_fastrtps_cpp
[0.840s] [ 51%] Built target messages__rosidl_typesupport_introspection_c
[0.840s] [ 61%] Built target messages__rosidl_typesupport_introspection_cpp
[0.840s] [ 70%] Built target messages__rosidl_typesupport_cpp
[0.840s] [ 70%] Built target messages
[0.841s] [ 74%] Built target messages__py
[0.844s] [ 80%] Built target messages__rosidl_generator_py
[0.844s] running egg_info
[0.844s] writing messages.egg-info/PKG-INFO
[0.844s] writing dependency_links to messages.egg-info/dependency_links.txt
[0.844s] writing top-level names to messages.egg-info/top_level.txt
[0.844s] reading manifest file 'messages.egg-info/SOURCES.txt'
[0.844s] writing manifest file 'messages.egg-info/SOURCES.txt'
[0.845s] [ 87%] Built target messages__rosidl_typesupport_fastrtps_c__pyext
[0.845s] [ 93%] Built target messages__rosidl_typesupport_introspection_c__pyext
[0.845s] [100%] Built target messages__rosidl_typesupport_c__pyext
[0.845s] [100%] Built target ament_cmake_python_build_messages_egg
[0.849s] Invoked command in '/home/mtrn/4231/project_workspace/build/messages' returned '0': CMAKE_PREFIX_PATH=${CMAKE_PREFIX_PATH}:/home/mtrn/4231/project_workspace/install/opencv_example:/home/mtrn/4231/project_workspace/install/openCV_example:/home/mtrn/4231/project_workspace/install/my_package:/home/mtrn/4231/ws_moveit2/install/moveit_configs_utils:/home/mtrn/4231/ws_moveit2/install/launch_param_builder:/opt/ros/humble /usr/bin/cmake --build /home/mtrn/4231/project_workspace/build/messages -- -j4 -l4
[1.324s] Invoking command in '/home/mtrn/4231/project_workspace/build/messages': CMAKE_PREFIX_PATH=${CMAKE_PREFIX_PATH}:/home/mtrn/4231/project_workspace/install/opencv_example:/home/mtrn/4231/project_workspace/install/openCV_example:/home/mtrn/4231/project_workspace/install/my_package:/home/mtrn/4231/ws_moveit2/install/moveit_configs_utils:/home/mtrn/4231/ws_moveit2/install/launch_param_builder:/opt/ros/humble /usr/bin/cmake --install /home/mtrn/4231/project_workspace/build/messages
[1.367s] -- Install configuration: ""
[1.368s] -- Up-to-date: /home/mtrn/4231/project_workspace/install/messages/share/ament_index/resource_index/rosidl_interfaces/messages
[1.368s] -- Up-to-date: /home/mtrn/4231/project_workspace/install/messages/include/messages/messages
[1.368s] -- Up-to-date: /home/mtrn/4231/project_workspace/install/messages/include/messages/messages/msg
[1.369s] -- Up-to-date: /home/mtrn/4231/project_workspace/install/messages/include/messages/messages/msg/aruco_message.h
[1.369s] -- Up-to-date: /home/mtrn/4231/project_workspace/install/messages/include/messages/messages/msg/rosidl_generator_c__visibility_control.h
[1.369s] -- Up-to-date: /home/mtrn/4231/project_workspace/install/messages/include/messages/messages/msg/detail
[1.369s] -- Up-to-date: /home/mtrn/4231/project_workspace/install/messages/include/messages/messages/msg/detail/aruco_message__functions.h
[1.369s] -- Up-to-date: /home/mtrn/4231/project_workspace/install/messages/include/messages/messages/msg/detail/aruco_message__struct.h
[1.369s] -- Up-to-date: /home/mtrn/4231/project_workspace/install/messages/include/messages/messages/msg/detail/aruco_message__functions.c
[1.369s] -- Up-to-date: /home/mtrn/4231/project_workspace/install/messages/include/messages/messages/msg/detail/aruco_message__type_support.h
[1.369s] -- Up-to-date: /home/mtrn/4231/project_workspace/install/messages/share/messages/environment/library_path.sh
[1.369s] -- Up-to-date: /home/mtrn/4231/project_workspace/install/messages/share/messages/environment/library_path.dsv
[1.370s] -- Up-to-date: /home/mtrn/4231/project_workspace/install/messages/lib/libmessages__rosidl_generator_c.so
[1.370s] -- Up-to-date: /home/mtrn/4231/project_workspace/install/messages/include/messages/messages
[1.370s] -- Up-to-date: /home/mtrn/4231/project_workspace/install/messages/include/messages/messages/msg
[1.370s] -- Up-to-date: /home/mtrn/4231/project_workspace/install/messages/include/messages/messages/msg/rosidl_typesupport_fastrtps_c__visibility_control.h
[1.370s] -- Up-to-date: /home/mtrn/4231/project_workspace/install/messages/include/messages/messages/msg/detail
[1.370s] -- Up-to-date: /home/mtrn/4231/project_workspace/install/messages/include/messages/messages/msg/detail/aruco_message__rosidl_typesupport_fastrtps_c.h
[1.371s] -- Up-to-date: /home/mtrn/4231/project_workspace/install/messages/lib/libmessages__rosidl_typesupport_fastrtps_c.so
[1.371s] -- Up-to-date: /home/mtrn/4231/project_workspace/install/messages/include/messages/messages
[1.371s] -- Up-to-date: /home/mtrn/4231/project_workspace/install/messages/include/messages/messages/msg
[1.371s] -- Up-to-date: /home/mtrn/4231/project_workspace/install/messages/include/messages/messages/msg/rosidl_typesupport_introspection_c__visibility_control.h
[1.372s] -- Up-to-date: /home/mtrn/4231/project_workspace/install/messages/include/messages/messages/msg/detail
[1.372s] -- Up-to-date: /home/mtrn/4231/project_workspace/install/messages/include/messages/messages/msg/detail/aruco_message__rosidl_typesupport_introspection_c.h
[1.372s] -- Up-to-date: /home/mtrn/4231/project_workspace/install/messages/include/messages/messages/msg/detail/aruco_message__type_support.c
[1.372s] -- Up-to-date: /home/mtrn/4231/project_workspace/install/messages/lib/libmessages__rosidl_typesupport_introspection_c.so
[1.373s] -- Up-to-date: /home/mtrn/4231/project_workspace/install/messages/lib/libmessages__rosidl_typesupport_c.so
[1.373s] -- Up-to-date: /home/mtrn/4231/project_workspace/install/messages/include/messages/messages
[1.373s] -- Up-to-date: /home/mtrn/4231/project_workspace/install/messages/include/messages/messages/msg
[1.373s] -- Up-to-date: /home/mtrn/4231/project_workspace/install/messages/include/messages/messages/msg/aruco_message.hpp
[1.374s] -- Up-to-date: /home/mtrn/4231/project_workspace/install/messages/include/messages/messages/msg/detail
[1.374s] -- Up-to-date: /home/mtrn/4231/project_workspace/install/messages/include/messages/messages/msg/detail/aruco_message__struct.hpp
[1.374s] -- Up-to-date: /home/mtrn/4231/project_workspace/install/messages/include/messages/messages/msg/detail/aruco_message__builder.hpp
[1.375s] -- Up-to-date: /home/mtrn/4231/project_workspace/install/messages/include/messages/messages/msg/detail/aruco_message__traits.hpp
[1.375s] -- Up-to-date: /home/mtrn/4231/project_workspace/install/messages/include/messages/messages
[1.375s] -- Up-to-date: /home/mtrn/4231/project_workspace/install/messages/include/messages/messages/msg
[1.375s] -- Up-to-date: /home/mtrn/4231/project_workspace/install/messages/include/messages/messages/msg/detail
[1.375s] -- Up-to-date: /home/mtrn/4231/project_workspace/install/messages/include/messages/messages/msg/detail/aruco_message__rosidl_typesupport_fastrtps_cpp.hpp
[1.376s] -- Up-to-date: /home/mtrn/4231/project_workspace/install/messages/include/messages/messages/msg/detail/dds_fastrtps
[1.376s] -- Up-to-date: /home/mtrn/4231/project_workspace/install/messages/include/messages/messages/msg/rosidl_typesupport_fastrtps_cpp__visibility_control.h
[1.377s] -- Up-to-date: /home/mtrn/4231/project_workspace/install/messages/lib/libmessages__rosidl_typesupport_fastrtps_cpp.so
[1.377s] -- Up-to-date: /home/mtrn/4231/project_workspace/install/messages/include/messages/messages
[1.377s] -- Up-to-date: /home/mtrn/4231/project_workspace/install/messages/include/messages/messages/msg
[1.377s] -- Up-to-date: /home/mtrn/4231/project_workspace/install/messages/include/messages/messages/msg/detail
[1.377s] -- Up-to-date: /home/mtrn/4231/project_workspace/install/messages/include/messages/messages/msg/detail/aruco_message__rosidl_typesupport_introspection_cpp.hpp
[1.377s] -- Up-to-date: /home/mtrn/4231/project_workspace/install/messages/include/messages/messages/msg/detail/aruco_message__type_support.cpp
[1.378s] -- Up-to-date: /home/mtrn/4231/project_workspace/install/messages/lib/libmessages__rosidl_typesupport_introspection_cpp.so
[1.378s] -- Up-to-date: /home/mtrn/4231/project_workspace/install/messages/lib/libmessages__rosidl_typesupport_cpp.so
[1.379s] -- Up-to-date: /home/mtrn/4231/project_workspace/install/messages/share/messages/environment/pythonpath.sh
[1.379s] -- Up-to-date: /home/mtrn/4231/project_workspace/install/messages/share/messages/environment/pythonpath.dsv
[1.379s] -- Up-to-date: /home/mtrn/4231/project_workspace/install/messages/local/lib/python3.10/dist-packages/messages-0.0.0-py3.10.egg-info
[1.379s] -- Installing: /home/mtrn/4231/project_workspace/install/messages/local/lib/python3.10/dist-packages/messages-0.0.0-py3.10.egg-info/top_level.txt
[1.391s] -- Installing: /home/mtrn/4231/project_workspace/install/messages/local/lib/python3.10/dist-packages/messages-0.0.0-py3.10.egg-info/SOURCES.txt
[1.391s] -- Installing: /home/mtrn/4231/project_workspace/install/messages/local/lib/python3.10/dist-packages/messages-0.0.0-py3.10.egg-info/PKG-INFO
[1.392s] -- Installing: /home/mtrn/4231/project_workspace/install/messages/local/lib/python3.10/dist-packages/messages-0.0.0-py3.10.egg-info/dependency_links.txt
[1.392s] -- Up-to-date: /home/mtrn/4231/project_workspace/install/messages/local/lib/python3.10/dist-packages/messages
[1.392s] -- Up-to-date: /home/mtrn/4231/project_workspace/install/messages/local/lib/python3.10/dist-packages/messages/_messages_s.ep.rosidl_typesupport_fastrtps_c.c
[1.392s] -- Up-to-date: /home/mtrn/4231/project_workspace/install/messages/local/lib/python3.10/dist-packages/messages/messages_s__rosidl_typesupport_fastrtps_c.cpython-310-x86_64-linux-gnu.so
[1.392s] -- Up-to-date: /home/mtrn/4231/project_workspace/install/messages/local/lib/python3.10/dist-packages/messages/_messages_s.ep.rosidl_typesupport_introspection_c.c
[1.392s] -- Up-to-date: /home/mtrn/4231/project_workspace/install/messages/local/lib/python3.10/dist-packages/messages/messages_s__rosidl_typesupport_introspection_c.cpython-310-x86_64-linux-gnu.so
[1.393s] -- Up-to-date: /home/mtrn/4231/project_workspace/install/messages/local/lib/python3.10/dist-packages/messages/messages_s__rosidl_typesupport_c.cpython-310-x86_64-linux-gnu.so
[1.393s] -- Up-to-date: /home/mtrn/4231/project_workspace/install/messages/local/lib/python3.10/dist-packages/messages/libmessages__rosidl_generator_py.so
[1.393s] -- Up-to-date: /home/mtrn/4231/project_workspace/install/messages/local/lib/python3.10/dist-packages/messages/msg
[1.393s] -- Up-to-date: /home/mtrn/4231/project_workspace/install/messages/local/lib/python3.10/dist-packages/messages/msg/_aruco_message.py
[1.394s] -- Up-to-date: /home/mtrn/4231/project_workspace/install/messages/local/lib/python3.10/dist-packages/messages/msg/_aruco_message_s.c
[1.394s] -- Up-to-date: /home/mtrn/4231/project_workspace/install/messages/local/lib/python3.10/dist-packages/messages/msg/__init__.py
[1.394s] -- Up-to-date: /home/mtrn/4231/project_workspace/install/messages/local/lib/python3.10/dist-packages/messages/_messages_s.ep.rosidl_typesupport_c.c
[1.394s] -- Up-to-date: /home/mtrn/4231/project_workspace/install/messages/local/lib/python3.10/dist-packages/messages/__init__.py
[1.436s] Listing '/home/mtrn/4231/project_workspace/install/messages/local/lib/python3.10/dist-packages/messages'...
[1.436s] Listing '/home/mtrn/4231/project_workspace/install/messages/local/lib/python3.10/dist-packages/messages/msg'...
[1.445s] -- Up-to-date: /home/mtrn/4231/project_workspace/install/messages/local/lib/python3.10/dist-packages/messages/messages_s__rosidl_typesupport_fastrtps_c.cpython-310-x86_64-linux-gnu.so
[1.445s] -- Up-to-date: /home/mtrn/4231/project_workspace/install/messages/local/lib/python3.10/dist-packages/messages/messages_s__rosidl_typesupport_introspection_c.cpython-310-x86_64-linux-gnu.so
[1.445s] -- Up-to-date: /home/mtrn/4231/project_workspace/install/messages/local/lib/python3.10/dist-packages/messages/messages_s__rosidl_typesupport_c.cpython-310-x86_64-linux-gnu.so
[1.445s] -- Up-to-date: /home/mtrn/4231/project_workspace/install/messages/lib/libmessages__rosidl_generator_py.so
[1.446s] -- Up-to-date: /home/mtrn/4231/project_workspace/install/messages/share/messages/msg/ArucoMessage.idl
[1.446s] -- Up-to-date: /home/mtrn/4231/project_workspace/install/messages/share/messages/msg/ArucoMessage.msg
[1.446s] -- Up-to-date: /home/mtrn/4231/project_workspace/install/messages/share/ament_index/resource_index/package_run_dependencies/messages
[1.446s] -- Up-to-date: /home/mtrn/4231/project_workspace/install/messages/share/ament_index/resource_index/parent_prefix_path/messages
[1.446s] -- Up-to-date: /home/mtrn/4231/project_workspace/install/messages/share/messages/environment/ament_prefix_path.sh
[1.446s] -- Up-to-date: /home/mtrn/4231/project_workspace/install/messages/share/messages/environment/ament_prefix_path.dsv
[1.446s] -- Up-to-date: /home/mtrn/4231/project_workspace/install/messages/share/messages/environment/path.sh
[1.446s] -- Up-to-date: /home/mtrn/4231/project_workspace/install/messages/share/messages/environment/path.dsv
[1.447s] -- Up-to-date: /home/mtrn/4231/project_workspace/install/messages/share/messages/local_setup.bash
[1.447s] -- Up-to-date: /home/mtrn/4231/project_workspace/install/messages/share/messages/local_setup.sh
[1.447s] -- Up-to-date: /home/mtrn/4231/project_workspace/install/messages/share/messages/local_setup.zsh
[1.447s] -- Up-to-date: /home/mtrn/4231/project_workspace/install/messages/share/messages/local_setup.dsv
[1.447s] -- Installing: /home/mtrn/4231/project_workspace/install/messages/share/messages/package.dsv
[1.447s] -- Up-to-date: /home/mtrn/4231/project_workspace/install/messages/share/ament_index/resource_index/packages/messages
[1.447s] -- Up-to-date: /home/mtrn/4231/project_workspace/install/messages/share/messages/cmake/export_messages__rosidl_generator_cExport.cmake
[1.448s] -- Up-to-date: /home/mtrn/4231/project_workspace/install/messages/share/messages/cmake/export_messages__rosidl_generator_cExport-noconfig.cmake
[1.448s] -- Up-to-date: /home/mtrn/4231/project_workspace/install/messages/share/messages/cmake/export_messages__rosidl_typesupport_fastrtps_cExport.cmake
[1.448s] -- Up-to-date: /home/mtrn/4231/project_workspace/install/messages/share/messages/cmake/export_messages__rosidl_typesupport_fastrtps_cExport-noconfig.cmake
[1.448s] -- Up-to-date: /home/mtrn/4231/project_workspace/install/messages/share/messages/cmake/messages__rosidl_typesupport_introspection_cExport.cmake
[1.448s] -- Up-to-date: /home/mtrn/4231/project_workspace/install/messages/share/messages/cmake/messages__rosidl_typesupport_introspection_cExport-noconfig.cmake
[1.448s] -- Up-to-date: /home/mtrn/4231/project_workspace/install/messages/share/messages/cmake/messages__rosidl_typesupport_cExport.cmake
[1.448s] -- Up-to-date: /home/mtrn/4231/project_workspace/install/messages/share/messages/cmake/messages__rosidl_typesupport_cExport-noconfig.cmake
[1.448s] -- Up-to-date: /home/mtrn/4231/project_workspace/install/messages/share/messages/cmake/export_messages__rosidl_generator_cppExport.cmake
[1.448s] -- Up-to-date: /home/mtrn/4231/project_workspace/install/messages/share/messages/cmake/export_messages__rosidl_typesupport_fastrtps_cppExport.cmake
[1.448s] -- Up-to-date: /home/mtrn/4231/project_workspace/install/messages/share/messages/cmake/export_messages__rosidl_typesupport_fastrtps_cppExport-noconfig.cmake
[1.448s] -- Up-to-date: /home/mtrn/4231/project_workspace/install/messages/share/messages/cmake/messages__rosidl_typesupport_introspection_cppExport.cmake
[1.448s] -- Up-to-date: /home/mtrn/4231/project_workspace/install/messages/share/messages/cmake/messages__rosidl_typesupport_introspection_cppExport-noconfig.cmake
[1.449s] -- Up-to-date: /home/mtrn/4231/project_workspace/install/messages/share/messages/cmake/messages__rosidl_typesupport_cppExport.cmake
[1.449s] -- Up-to-date: /home/mtrn/4231/project_workspace/install/messages/share/messages/cmake/messages__rosidl_typesupport_cppExport-noconfig.cmake
[1.449s] -- Up-to-date: /home/mtrn/4231/project_workspace/install/messages/share/messages/cmake/export_messages__rosidl_generator_pyExport.cmake
[1.449s] -- Up-to-date: /home/mtrn/4231/project_workspace/install/messages/share/messages/cmake/export_messages__rosidl_generator_pyExport-noconfig.cmake
[1.449s] -- Up-to-date: /home/mtrn/4231/project_workspace/install/messages/share/messages/cmake/rosidl_cmake-extras.cmake
[1.449s] -- Up-to-date: /home/mtrn/4231/project_workspace/install/messages/share/messages/cmake/ament_cmake_export_include_directories-extras.cmake
[1.449s] -- Up-to-date: /home/mtrn/4231/project_workspace/install/messages/share/messages/cmake/ament_cmake_export_libraries-extras.cmake
[1.449s] -- Up-to-date: /home/mtrn/4231/project_workspace/install/messages/share/messages/cmake/ament_cmake_export_targets-extras.cmake
[1.449s] -- Up-to-date: /home/mtrn/4231/project_workspace/install/messages/share/messages/cmake/rosidl_cmake_export_typesupport_targets-extras.cmake
[1.449s] -- Up-to-date: /home/mtrn/4231/project_workspace/install/messages/share/messages/cmake/ament_cmake_export_dependencies-extras.cmake
[1.449s] -- Up-to-date: /home/mtrn/4231/project_workspace/install/messages/share/messages/cmake/rosidl_cmake_export_typesupport_libraries-extras.cmake
[1.450s] -- Up-to-date: /home/mtrn/4231/project_workspace/install/messages/share/messages/cmake/messagesConfig.cmake
[1.450s] -- Up-to-date: /home/mtrn/4231/project_workspace/install/messages/share/messages/cmake/messagesConfig-version.cmake
[1.450s] -- Up-to-date: /home/mtrn/4231/project_workspace/install/messages/share/messages/package.xml
[1.457s] Invoked command in '/home/mtrn/4231/project_workspace/build/messages' returned '0': CMAKE_PREFIX_PATH=${CMAKE_PREFIX_PATH}:/home/mtrn/4231/project_workspace/install/opencv_example:/home/mtrn/4231/project_workspace/install/openCV_example:/home/mtrn/4231/project_workspace/install/my_package:/home/mtrn/4231/ws_moveit2/install/moveit_configs_utils:/home/mtrn/4231/ws_moveit2/install/launch_param_builder:/opt/ros/humble /usr/bin/cmake --install /home/mtrn/4231/project_workspace/build/messages
