[1.812s] Invoking command in '/home/mtrn/4231/liam_stuff/4231project/src/opencv_example': PYTHONPATH=/home/mtrn/4231/liam_stuff/4231project/build/opencv_example/prefix_override:/home/mtrn/4231/liam_stuff/4231project/install/opencv_example/lib/python3.10/site-packages:${PYTHONPATH} /usr/bin/python3 setup.py egg_info --egg-base ../../build/opencv_example build --build-base /home/mtrn/4231/liam_stuff/4231project/build/opencv_example/build install --record /home/mtrn/4231/liam_stuff/4231project/build/opencv_example/install.log --single-version-externally-managed
[2.139s] running egg_info
[2.140s] writing ../../build/opencv_example/opencv_example.egg-info/PKG-INFO
[2.140s] writing dependency_links to ../../build/opencv_example/opencv_example.egg-info/dependency_links.txt
[2.140s] writing entry points to ../../build/opencv_example/opencv_example.egg-info/entry_points.txt
[2.141s] writing requirements to ../../build/opencv_example/opencv_example.egg-info/requires.txt
[2.141s] writing top-level names to ../../build/opencv_example/opencv_example.egg-info/top_level.txt
[2.143s] reading manifest file '../../build/opencv_example/opencv_example.egg-info/SOURCES.txt'
[2.144s] writing manifest file '../../build/opencv_example/opencv_example.egg-info/SOURCES.txt'
[2.144s] running build
[2.145s] running build_py
[2.145s] running install
[2.145s] /usr/lib/python3/dist-packages/setuptools/command/install.py:34: SetuptoolsDeprecationWarning: setup.py install is deprecated. Use build and pip and other standards-based tools.
[2.145s]   warnings.warn(
[2.146s] running install_lib
[2.147s] running install_data
[2.148s] running install_egg_info
[2.151s] removing '/home/mtrn/4231/liam_stuff/4231project/install/opencv_example/lib/python3.10/site-packages/opencv_example-0.0.0-py3.10.egg-info' (and everything under it)
[2.152s] Copying ../../build/opencv_example/opencv_example.egg-info to /home/mtrn/4231/liam_stuff/4231project/install/opencv_example/lib/python3.10/site-packages/opencv_example-0.0.0-py3.10.egg-info
[2.155s] running install_scripts
[2.186s] Installing aruco_marker_detect script to /home/mtrn/4231/liam_stuff/4231project/install/opencv_example/lib/opencv_example
[2.186s] writing list of installed files to '/home/mtrn/4231/liam_stuff/4231project/build/opencv_example/install.log'
[2.257s] Invoked command in '/home/mtrn/4231/liam_stuff/4231project/src/opencv_example' returned '0': PYTHONPATH=/home/mtrn/4231/liam_stuff/4231project/build/opencv_example/prefix_override:/home/mtrn/4231/liam_stuff/4231project/install/opencv_example/lib/python3.10/site-packages:${PYTHONPATH} /usr/bin/python3 setup.py egg_info --egg-base ../../build/opencv_example build --build-base /home/mtrn/4231/liam_stuff/4231project/build/opencv_example/build install --record /home/mtrn/4231/liam_stuff/4231project/build/opencv_example/install.log --single-version-externally-managed
