[1.093s] Invoking command in '/home/mtrn/4231/liam_stuff/4231project/src/my_package': PYTHONPATH=/home/mtrn/4231/liam_stuff/4231project/build/my_package/prefix_override:/home/mtrn/4231/liam_stuff/4231project/install/my_package/lib/python3.10/site-packages:${PYTHONPATH} /usr/bin/python3 setup.py egg_info --egg-base ../../build/my_package build --build-base /home/mtrn/4231/liam_stuff/4231project/build/my_package/build install --record /home/mtrn/4231/liam_stuff/4231project/build/my_package/install.log --single-version-externally-managed
[1.369s] running egg_info
[1.370s] writing ../../build/my_package/my_package.egg-info/PKG-INFO
[1.370s] writing dependency_links to ../../build/my_package/my_package.egg-info/dependency_links.txt
[1.370s] writing entry points to ../../build/my_package/my_package.egg-info/entry_points.txt
[1.370s] writing requirements to ../../build/my_package/my_package.egg-info/requires.txt
[1.371s] writing top-level names to ../../build/my_package/my_package.egg-info/top_level.txt
[1.373s] reading manifest file '../../build/my_package/my_package.egg-info/SOURCES.txt'
[1.374s] writing manifest file '../../build/my_package/my_package.egg-info/SOURCES.txt'
[1.374s] running build
[1.374s] running build_py
[1.374s] running install
[1.375s] /usr/lib/python3/dist-packages/setuptools/command/install.py:34: SetuptoolsDeprecationWarning: setup.py install is deprecated. Use build and pip and other standards-based tools.
[1.375s]   warnings.warn(
[1.375s] running install_lib
[1.376s] running install_data
[1.377s] running install_egg_info
[1.380s] removing '/home/mtrn/4231/liam_stuff/4231project/install/my_package/lib/python3.10/site-packages/my_package-0.0.0-py3.10.egg-info' (and everything under it)
[1.380s] Copying ../../build/my_package/my_package.egg-info to /home/mtrn/4231/liam_stuff/4231project/install/my_package/lib/python3.10/site-packages/my_package-0.0.0-py3.10.egg-info
[1.381s] running install_scripts
[1.400s] Installing my_node script to /home/mtrn/4231/liam_stuff/4231project/install/my_package/lib/my_package
[1.400s] writing list of installed files to '/home/mtrn/4231/liam_stuff/4231project/build/my_package/install.log'
[1.439s] Invoked command in '/home/mtrn/4231/liam_stuff/4231project/src/my_package' returned '0': PYTHONPATH=/home/mtrn/4231/liam_stuff/4231project/build/my_package/prefix_override:/home/mtrn/4231/liam_stuff/4231project/install/my_package/lib/python3.10/site-packages:${PYTHONPATH} /usr/bin/python3 setup.py egg_info --egg-base ../../build/my_package build --build-base /home/mtrn/4231/liam_stuff/4231project/build/my_package/build install --record /home/mtrn/4231/liam_stuff/4231project/build/my_package/install.log --single-version-externally-managed
