running egg_info
creating ../../build/openCV_example/openCV_example.egg-info
writing ../../build/openCV_example/openCV_example.egg-info/PKG-INFO
writing dependency_links to ../../build/openCV_example/openCV_example.egg-info/dependency_links.txt
writing entry points to ../../build/openCV_example/openCV_example.egg-info/entry_points.txt
writing requirements to ../../build/openCV_example/openCV_example.egg-info/requires.txt
writing top-level names to ../../build/openCV_example/openCV_example.egg-info/top_level.txt
writing manifest file '../../build/openCV_example/openCV_example.egg-info/SOURCES.txt'
reading manifest file '../../build/openCV_example/openCV_example.egg-info/SOURCES.txt'
writing manifest file '../../build/openCV_example/openCV_example.egg-info/SOURCES.txt'
running build
running build_py
creating /home/mtrn/4231/project_workspace/build/openCV_example/build
creating /home/mtrn/4231/project_workspace/build/openCV_example/build/lib
creating /home/mtrn/4231/project_workspace/build/openCV_example/build/lib/openCV_example
copying openCV_example/__init__.py -> /home/mtrn/4231/project_workspace/build/openCV_example/build/lib/openCV_example
running install
running install_lib
creating /home/mtrn/4231/project_workspace/install/openCV_example/lib/python3.10/site-packages/openCV_example
copying /home/mtrn/4231/project_workspace/build/openCV_example/build/lib/openCV_example/__init__.py -> /home/mtrn/4231/project_workspace/install/openCV_example/lib/python3.10/site-packages/openCV_example
byte-compiling /home/mtrn/4231/project_workspace/install/openCV_example/lib/python3.10/site-packages/openCV_example/__init__.py to __init__.cpython-310.pyc
running install_data
creating /home/mtrn/4231/project_workspace/install/openCV_example/share/ament_index
creating /home/mtrn/4231/project_workspace/install/openCV_example/share/ament_index/resource_index
creating /home/mtrn/4231/project_workspace/install/openCV_example/share/ament_index/resource_index/packages
copying resource/openCV_example -> /home/mtrn/4231/project_workspace/install/openCV_example/share/ament_index/resource_index/packages
copying package.xml -> /home/mtrn/4231/project_workspace/install/openCV_example/share/openCV_example
running install_egg_info
Copying ../../build/openCV_example/openCV_example.egg-info to /home/mtrn/4231/project_workspace/install/openCV_example/lib/python3.10/site-packages/openCV_example-0.0.0-py3.10.egg-info
running install_scripts
writing list of installed files to '/home/mtrn/4231/project_workspace/build/openCV_example/install.log'
