[1.780s] Invoking command in '/home/mtrn/4231/project_workspace/src/openCV_example': PYTHONPATH=/home/mtrn/4231/project_workspace/build/openCV_example/prefix_override:/home/mtrn/4231/project_workspace/install/openCV_example/lib/python3.10/site-packages:${PYTHONPATH} /usr/bin/python3 setup.py egg_info --egg-base ../../build/openCV_example build --build-base /home/mtrn/4231/project_workspace/build/openCV_example/build install --record /home/mtrn/4231/project_workspace/build/openCV_example/install.log --single-version-externally-managed
[2.003s] running egg_info
[2.004s] creating ../../build/openCV_example/openCV_example.egg-info
[2.005s] writing ../../build/openCV_example/openCV_example.egg-info/PKG-INFO
[2.007s] writing dependency_links to ../../build/openCV_example/openCV_example.egg-info/dependency_links.txt
[2.007s] writing entry points to ../../build/openCV_example/openCV_example.egg-info/entry_points.txt
[2.007s] writing requirements to ../../build/openCV_example/openCV_example.egg-info/requires.txt
[2.007s] writing top-level names to ../../build/openCV_example/openCV_example.egg-info/top_level.txt
[2.007s] writing manifest file '../../build/openCV_example/openCV_example.egg-info/SOURCES.txt'
[2.011s] reading manifest file '../../build/openCV_example/openCV_example.egg-info/SOURCES.txt'
[2.011s] writing manifest file '../../build/openCV_example/openCV_example.egg-info/SOURCES.txt'
[2.011s] running build
[2.011s] running build_py
[2.011s] creating /home/mtrn/4231/project_workspace/build/openCV_example/build
[2.012s] creating /home/mtrn/4231/project_workspace/build/openCV_example/build/lib
[2.012s] creating /home/mtrn/4231/project_workspace/build/openCV_example/build/lib/openCV_example
[2.012s] copying openCV_example/__init__.py -> /home/mtrn/4231/project_workspace/build/openCV_example/build/lib/openCV_example
[2.012s] running install
[2.027s] /usr/lib/python3/dist-packages/setuptools/command/install.py:34: SetuptoolsDeprecationWarning: setup.py install is deprecated. Use build and pip and other standards-based tools.
[2.028s]   warnings.warn(
[2.071s] running install_lib
[2.071s] creating /home/mtrn/4231/project_workspace/install/openCV_example/lib/python3.10/site-packages/openCV_example
[2.071s] copying /home/mtrn/4231/project_workspace/build/openCV_example/build/lib/openCV_example/__init__.py -> /home/mtrn/4231/project_workspace/install/openCV_example/lib/python3.10/site-packages/openCV_example
[2.071s] byte-compiling /home/mtrn/4231/project_workspace/install/openCV_example/lib/python3.10/site-packages/openCV_example/__init__.py to __init__.cpython-310.pyc
[2.071s] running install_data
[2.071s] creating /home/mtrn/4231/project_workspace/install/openCV_example/share/ament_index
[2.072s] creating /home/mtrn/4231/project_workspace/install/openCV_example/share/ament_index/resource_index
[2.072s] creating /home/mtrn/4231/project_workspace/install/openCV_example/share/ament_index/resource_index/packages
[2.072s] copying resource/openCV_example -> /home/mtrn/4231/project_workspace/install/openCV_example/share/ament_index/resource_index/packages
[2.072s] copying package.xml -> /home/mtrn/4231/project_workspace/install/openCV_example/share/openCV_example
[2.072s] running install_egg_info
[2.080s] Copying ../../build/openCV_example/openCV_example.egg-info to /home/mtrn/4231/project_workspace/install/openCV_example/lib/python3.10/site-packages/openCV_example-0.0.0-py3.10.egg-info
[2.080s] running install_scripts
[2.111s] writing list of installed files to '/home/mtrn/4231/project_workspace/build/openCV_example/install.log'
[2.145s] Invoked command in '/home/mtrn/4231/project_workspace/src/openCV_example' returned '0': PYTHONPATH=/home/mtrn/4231/project_workspace/build/openCV_example/prefix_override:/home/mtrn/4231/project_workspace/install/openCV_example/lib/python3.10/site-packages:${PYTHONPATH} /usr/bin/python3 setup.py egg_info --egg-base ../../build/openCV_example build --build-base /home/mtrn/4231/project_workspace/build/openCV_example/build install --record /home/mtrn/4231/project_workspace/build/openCV_example/install.log --single-version-externally-managed
