[0.081s] Invoking command in '/home/mtrn/4231/liam_stuff/project_git/4231project/build/messages': CMAKE_PREFIX_PATH=${CMAKE_PREFIX_PATH}:/home/mtrn/4231/ws_moveit2/install/moveit_configs_utils:/home/mtrn/4231/ws_moveit2/install/launch_param_builder:/opt/ros/humble /home/mtrn/.local/bin/cmake /home/mtrn/4231/liam_stuff/project_git/4231project/src/messages -DCMAKE_INSTALL_PREFIX=/home/mtrn/4231/liam_stuff/project_git/4231project/install/messages
[0.884s] -- The C compiler identification is GNU 11.4.0
[0.885s] -- The CXX compiler identification is GNU 11.4.0
[0.886s] -- Detecting C compiler ABI info
[0.886s] -- Detecting C compiler ABI info - done
[0.886s] -- Check for working C compiler: /usr/bin/cc - skipped
[0.886s] -- Detecting C compile features
[0.886s] -- Detecting C compile features - done
[0.886s] -- Detecting CXX compiler ABI info
[0.945s] -- Detecting CXX compiler ABI info - done
[0.965s] -- Check for working CXX compiler: /usr/bin/c++ - skipped
[0.965s] -- Detecting CXX compile features
[0.966s] -- Detecting CXX compile features - done
[0.979s] -- Found ament_cmake: 1.3.5 (/opt/ros/humble/share/ament_cmake/cmake)
[1.650s] -- Found Python3: /usr/bin/python3.10 (found version "3.10.12") found components: Interpreter 
[1.851s] -- Found rosidl_default_generators: 1.2.0 (/opt/ros/humble/share/rosidl_default_generators/cmake)
[1.871s] -- Using all available rosidl_typesupport_c: rosidl_typesupport_fastrtps_c;rosidl_typesupport_introspection_c
[1.896s] -- Found rosidl_adapter: 3.1.5 (/opt/ros/humble/share/rosidl_adapter/cmake)
[1.999s] -- Using all available rosidl_typesupport_cpp: rosidl_typesupport_fastrtps_cpp;rosidl_typesupport_introspection_cpp
[2.675s] -- Found ament_cmake_ros: 0.10.0 (/opt/ros/humble/share/ament_cmake_ros/cmake)
[3.351s] -- Using all available rosidl_typesupport_c: rosidl_typesupport_fastrtps_c;rosidl_typesupport_introspection_c
[4.175s] -- Using all available rosidl_typesupport_cpp: rosidl_typesupport_fastrtps_cpp;rosidl_typesupport_introspection_cpp
[4.178s] [33mCMake Warning (dev) at /opt/ros/humble/share/rosidl_generator_py/cmake/rosidl_generator_py_generate_interfaces.cmake:20 (find_package):
[4.178s]   Policy CMP0148 is not set: The FindPythonInterp and FindPythonLibs modules
[4.178s]   are removed.  Run "cmake --help-policy CMP0148" for policy details.  Use
[4.178s]   the cmake_policy command to set the policy and suppress this warning.
[4.178s] 
[4.178s] Call Stack (most recent call first):
[4.179s]   /opt/ros/humble/share/ament_cmake_core/cmake/core/ament_execute_extensions.cmake:48 (include)
[4.179s]   /opt/ros/humble/share/rosidl_cmake/cmake/rosidl_generate_interfaces.cmake:286 (ament_execute_extensions)
[4.179s]   CMakeLists.txt:21 (rosidl_generate_interfaces)
[4.179s] This warning is for project developers.  Use -Wno-dev to suppress it.
[4.179s] [0m
[4.206s] -- Found PythonInterp: /usr/bin/python3 (found suitable version "3.10.12", minimum required is "3.6") 
[4.213s] -- Found python_cmake_module: 0.10.0 (/opt/ros/humble/share/python_cmake_module/cmake)
[4.214s] [33mCMake Warning (dev) at /opt/ros/humble/share/python_cmake_module/cmake/Modules/FindPythonExtra.cmake:52 (find_package):
[4.214s]   Policy CMP0148 is not set: The FindPythonInterp and FindPythonLibs modules
[4.214s]   are removed.  Run "cmake --help-policy CMP0148" for policy details.  Use
[4.214s]   the cmake_policy command to set the policy and suppress this warning.
[4.215s] 
[4.215s] Call Stack (most recent call first):
[4.215s]   /opt/ros/humble/share/rosidl_generator_py/cmake/rosidl_generator_py_generate_interfaces.cmake:23 (find_package)
[4.215s]   /opt/ros/humble/share/ament_cmake_core/cmake/core/ament_execute_extensions.cmake:48 (include)
[4.215s]   /opt/ros/humble/share/rosidl_cmake/cmake/rosidl_generate_interfaces.cmake:286 (ament_execute_extensions)
[4.215s]   CMakeLists.txt:21 (rosidl_generate_interfaces)
[4.215s] This warning is for project developers.  Use -Wno-dev to suppress it.
[4.215s] [0m
[4.240s] [33mCMake Warning (dev) at /opt/ros/humble/share/python_cmake_module/cmake/Modules/FindPythonExtra.cmake:140 (find_package):
[4.241s]   Policy CMP0148 is not set: The FindPythonInterp and FindPythonLibs modules
[4.241s]   are removed.  Run "cmake --help-policy CMP0148" for policy details.  Use
[4.241s]   the cmake_policy command to set the policy and suppress this warning.
[4.241s] 
[4.241s] Call Stack (most recent call first):
[4.241s]   /opt/ros/humble/share/rosidl_generator_py/cmake/rosidl_generator_py_generate_interfaces.cmake:23 (find_package)
[4.241s]   /opt/ros/humble/share/ament_cmake_core/cmake/core/ament_execute_extensions.cmake:48 (include)
[4.242s]   /opt/ros/humble/share/rosidl_cmake/cmake/rosidl_generate_interfaces.cmake:286 (ament_execute_extensions)
[4.242s]   CMakeLists.txt:21 (rosidl_generate_interfaces)
[4.242s] This warning is for project developers.  Use -Wno-dev to suppress it.
[4.242s] [0m
[4.253s] -- Found PythonLibs: /usr/lib/x86_64-linux-gnu/libpython3.10.so (found suitable version "3.10.12", minimum required is "3.5") 
[4.253s] -- Using PYTHON_EXECUTABLE: /usr/bin/python3
[4.253s] -- Using PYTHON_INCLUDE_DIRS: /usr/include/python3.10
[4.253s] -- Using PYTHON_LIBRARIES: /usr/lib/x86_64-linux-gnu/libpython3.10.so
[4.278s] -- Found PythonExtra: .so  
[4.363s] -- Configuring done (4.2s)
[4.393s] -- Generating done (0.0s)
[4.396s] -- Build files have been written to: /home/mtrn/4231/liam_stuff/project_git/4231project/build/messages
[4.416s] Invoked command in '/home/mtrn/4231/liam_stuff/project_git/4231project/build/messages' returned '0': CMAKE_PREFIX_PATH=${CMAKE_PREFIX_PATH}:/home/mtrn/4231/ws_moveit2/install/moveit_configs_utils:/home/mtrn/4231/ws_moveit2/install/launch_param_builder:/opt/ros/humble /home/mtrn/.local/bin/cmake /home/mtrn/4231/liam_stuff/project_git/4231project/src/messages -DCMAKE_INSTALL_PREFIX=/home/mtrn/4231/liam_stuff/project_git/4231project/install/messages
[4.417s] Invoking command in '/home/mtrn/4231/liam_stuff/project_git/4231project/build/messages': CMAKE_PREFIX_PATH=${CMAKE_PREFIX_PATH}:/home/mtrn/4231/ws_moveit2/install/moveit_configs_utils:/home/mtrn/4231/ws_moveit2/install/launch_param_builder:/opt/ros/humble /home/mtrn/.local/bin/cmake --build /home/mtrn/4231/liam_stuff/project_git/4231project/build/messages -- -j12 -l12
[4.511s] [  3%] [34m[1mGenerating C code for ROS interfaces[0m
[4.519s] [  3%] Built target ament_cmake_python_copy_messages
[4.525s] [  6%] [34m[1mGenerating C++ code for ROS interfaces[0m
[4.764s] running egg_info
[4.764s] [  9%] [32mBuilding C object CMakeFiles/messages__rosidl_generator_c.dir/rosidl_generator_c/messages/msg/detail/aruco_message__functions.c.o[0m
[4.764s] creating messages.egg-info
[4.765s] writing messages.egg-info/PKG-INFO
[4.765s] writing dependency_links to messages.egg-info/dependency_links.txt
[4.765s] writing top-level names to messages.egg-info/top_level.txt
[4.765s] writing manifest file 'messages.egg-info/SOURCES.txt'
[4.767s] reading manifest file 'messages.egg-info/SOURCES.txt'
[4.768s] writing manifest file 'messages.egg-info/SOURCES.txt'
[4.803s] [  9%] Built target ament_cmake_python_build_messages_egg
[4.841s] [ 12%] [32m[1mLinking C shared library libmessages__rosidl_generator_c.so[0m
[4.855s] [ 12%] Built target messages__cpp
[4.870s] [ 16%] [34m[1mGenerating C++ introspection for ROS interfaces[0m
[4.870s] [ 19%] [34m[1mGenerating C++ type support for eProsima Fast-RTPS[0m
[4.873s] [ 22%] [34m[1mGenerating C++ type support dispatch for ROS interfaces[0m
[4.891s] [ 22%] Built target messages__rosidl_generator_c
[4.908s] [ 25%] [34m[1mGenerating C introspection for ROS interfaces[0m
[4.908s] [ 29%] [34m[1mGenerating C type support dispatch for ROS interfaces[0m
[4.909s] [ 32%] [34m[1mGenerating C type support for eProsima Fast-RTPS[0m
[5.173s] [ 35%] [32mBuilding CXX object CMakeFiles/messages__rosidl_typesupport_introspection_cpp.dir/rosidl_typesupport_introspection_cpp/messages/msg/detail/aruco_message__type_support.cpp.o[0m
[5.240s] [ 38%] [32mBuilding CXX object CMakeFiles/messages__rosidl_typesupport_cpp.dir/rosidl_typesupport_cpp/messages/msg/aruco_message__type_support.cpp.o[0m
[5.270s] [ 41%] [32mBuilding CXX object CMakeFiles/messages__rosidl_typesupport_fastrtps_cpp.dir/rosidl_typesupport_fastrtps_cpp/messages/msg/detail/dds_fastrtps/aruco_message__type_support.cpp.o[0m
[5.280s] [ 45%] [32mBuilding CXX object CMakeFiles/messages__rosidl_typesupport_c.dir/rosidl_typesupport_c/messages/msg/aruco_message__type_support.cpp.o[0m
[5.307s] [ 48%] [32mBuilding CXX object CMakeFiles/messages__rosidl_typesupport_fastrtps_c.dir/rosidl_typesupport_fastrtps_c/messages/msg/detail/aruco_message__type_support_c.cpp.o[0m
[5.325s] [ 51%] [32mBuilding C object CMakeFiles/messages__rosidl_typesupport_introspection_c.dir/rosidl_typesupport_introspection_c/messages/msg/detail/aruco_message__type_support.c.o[0m
[5.337s] [ 54%] [32m[1mLinking CXX shared library libmessages__rosidl_typesupport_c.so[0m
[5.400s] [ 58%] [32m[1mLinking C shared library libmessages__rosidl_typesupport_introspection_c.so[0m
[5.401s] [ 58%] Built target messages__rosidl_typesupport_c
[5.450s] [ 58%] Built target messages__rosidl_typesupport_introspection_c
[5.525s] [ 61%] [32m[1mLinking CXX shared library libmessages__rosidl_typesupport_cpp.so[0m
[5.571s] [ 61%] Built target messages__rosidl_typesupport_cpp
[5.766s] [ 64%] [32m[1mLinking CXX shared library libmessages__rosidl_typesupport_fastrtps_cpp.so[0m
[5.772s] [ 67%] [32m[1mLinking CXX shared library libmessages__rosidl_typesupport_fastrtps_c.so[0m
[5.779s] [ 70%] [32m[1mLinking CXX shared library libmessages__rosidl_typesupport_introspection_cpp.so[0m
[5.890s] [ 70%] Built target messages__rosidl_typesupport_fastrtps_cpp
[5.892s] [ 70%] Built target messages__rosidl_typesupport_fastrtps_c
[5.894s] [ 70%] Built target messages__rosidl_typesupport_introspection_cpp
[5.925s] [ 70%] Built target messages
[5.956s] [ 74%] [34m[1mGenerating Python code for ROS interfaces[0m
[6.456s] [ 74%] Built target messages__py
[6.490s] [ 77%] [32mBuilding C object CMakeFiles/messages__rosidl_generator_py.dir/rosidl_generator_py/messages/msg/_aruco_message_s.c.o[0m
[6.677s] [ 80%] [32m[1mLinking C shared library rosidl_generator_py/messages/libmessages__rosidl_generator_py.so[0m
[6.741s] [ 80%] Built target messages__rosidl_generator_py
[6.789s] [ 83%] [32mBuilding C object CMakeFiles/messages__rosidl_typesupport_c__pyext.dir/rosidl_generator_py/messages/_messages_s.ep.rosidl_typesupport_c.c.o[0m
[6.791s] [ 87%] [32mBuilding C object CMakeFiles/messages__rosidl_typesupport_introspection_c__pyext.dir/rosidl_generator_py/messages/_messages_s.ep.rosidl_typesupport_introspection_c.c.o[0m
[6.798s] [ 90%] [32mBuilding C object CMakeFiles/messages__rosidl_typesupport_fastrtps_c__pyext.dir/rosidl_generator_py/messages/_messages_s.ep.rosidl_typesupport_fastrtps_c.c.o[0m
[6.939s] [ 93%] [32m[1mLinking C shared library rosidl_generator_py/messages/messages_s__rosidl_typesupport_introspection_c.cpython-310-x86_64-linux-gnu.so[0m
[6.956s] [ 96%] [32m[1mLinking C shared library rosidl_generator_py/messages/messages_s__rosidl_typesupport_fastrtps_c.cpython-310-x86_64-linux-gnu.so[0m
[6.956s] [100%] [32m[1mLinking C shared library rosidl_generator_py/messages/messages_s__rosidl_typesupport_c.cpython-310-x86_64-linux-gnu.so[0m
[6.994s] [100%] Built target messages__rosidl_typesupport_introspection_c__pyext
[7.003s] [100%] Built target messages__rosidl_typesupport_c__pyext
[7.007s] [100%] Built target messages__rosidl_typesupport_fastrtps_c__pyext
[7.028s] Invoked command in '/home/mtrn/4231/liam_stuff/project_git/4231project/build/messages' returned '0': CMAKE_PREFIX_PATH=${CMAKE_PREFIX_PATH}:/home/mtrn/4231/ws_moveit2/install/moveit_configs_utils:/home/mtrn/4231/ws_moveit2/install/launch_param_builder:/opt/ros/humble /home/mtrn/.local/bin/cmake --build /home/mtrn/4231/liam_stuff/project_git/4231project/build/messages -- -j12 -l12
[7.378s] Invoking command in '/home/mtrn/4231/liam_stuff/project_git/4231project/build/messages': CMAKE_PREFIX_PATH=${CMAKE_PREFIX_PATH}:/home/mtrn/4231/ws_moveit2/install/moveit_configs_utils:/home/mtrn/4231/ws_moveit2/install/launch_param_builder:/opt/ros/humble /home/mtrn/.local/bin/cmake --install /home/mtrn/4231/liam_stuff/project_git/4231project/build/messages
[7.422s] -- Install configuration: ""
[7.422s] -- Installing: /home/mtrn/4231/liam_stuff/project_git/4231project/install/messages/share/ament_index/resource_index/rosidl_interfaces/messages
[7.422s] -- Installing: /home/mtrn/4231/liam_stuff/project_git/4231project/install/messages/include/messages/messages
[7.423s] -- Installing: /home/mtrn/4231/liam_stuff/project_git/4231project/install/messages/include/messages/messages/msg
[7.423s] -- Installing: /home/mtrn/4231/liam_stuff/project_git/4231project/install/messages/include/messages/messages/msg/rosidl_generator_c__visibility_control.h
[7.423s] -- Installing: /home/mtrn/4231/liam_stuff/project_git/4231project/install/messages/include/messages/messages/msg/aruco_message.h
[7.423s] -- Installing: /home/mtrn/4231/liam_stuff/project_git/4231project/install/messages/include/messages/messages/msg/detail
[7.423s] -- Installing: /home/mtrn/4231/liam_stuff/project_git/4231project/install/messages/include/messages/messages/msg/detail/aruco_message__functions.c
[7.424s] -- Installing: /home/mtrn/4231/liam_stuff/project_git/4231project/install/messages/include/messages/messages/msg/detail/aruco_message__type_support.h
[7.424s] -- Installing: /home/mtrn/4231/liam_stuff/project_git/4231project/install/messages/include/messages/messages/msg/detail/aruco_message__struct.h
[7.424s] -- Installing: /home/mtrn/4231/liam_stuff/project_git/4231project/install/messages/include/messages/messages/msg/detail/aruco_message__functions.h
[7.424s] -- Installing: /home/mtrn/4231/liam_stuff/project_git/4231project/install/messages/share/messages/environment/library_path.sh
[7.425s] -- Installing: /home/mtrn/4231/liam_stuff/project_git/4231project/install/messages/share/messages/environment/library_path.dsv
[7.425s] -- Installing: /home/mtrn/4231/liam_stuff/project_git/4231project/install/messages/lib/libmessages__rosidl_generator_c.so
[7.425s] -- Set runtime path of "/home/mtrn/4231/liam_stuff/project_git/4231project/install/messages/lib/libmessages__rosidl_generator_c.so" to ""
[7.426s] -- Up-to-date: /home/mtrn/4231/liam_stuff/project_git/4231project/install/messages/include/messages/messages
[7.426s] -- Up-to-date: /home/mtrn/4231/liam_stuff/project_git/4231project/install/messages/include/messages/messages/msg
[7.426s] -- Installing: /home/mtrn/4231/liam_stuff/project_git/4231project/install/messages/include/messages/messages/msg/rosidl_typesupport_fastrtps_c__visibility_control.h
[7.426s] -- Up-to-date: /home/mtrn/4231/liam_stuff/project_git/4231project/install/messages/include/messages/messages/msg/detail
[7.426s] -- Installing: /home/mtrn/4231/liam_stuff/project_git/4231project/install/messages/include/messages/messages/msg/detail/aruco_message__rosidl_typesupport_fastrtps_c.h
[7.426s] -- Installing: /home/mtrn/4231/liam_stuff/project_git/4231project/install/messages/lib/libmessages__rosidl_typesupport_fastrtps_c.so
[7.427s] -- Set runtime path of "/home/mtrn/4231/liam_stuff/project_git/4231project/install/messages/lib/libmessages__rosidl_typesupport_fastrtps_c.so" to ""
[7.427s] -- Up-to-date: /home/mtrn/4231/liam_stuff/project_git/4231project/install/messages/include/messages/messages
[7.427s] -- Up-to-date: /home/mtrn/4231/liam_stuff/project_git/4231project/install/messages/include/messages/messages/msg
[7.427s] -- Installing: /home/mtrn/4231/liam_stuff/project_git/4231project/install/messages/include/messages/messages/msg/rosidl_typesupport_introspection_c__visibility_control.h
[7.427s] -- Up-to-date: /home/mtrn/4231/liam_stuff/project_git/4231project/install/messages/include/messages/messages/msg/detail
[7.427s] -- Installing: /home/mtrn/4231/liam_stuff/project_git/4231project/install/messages/include/messages/messages/msg/detail/aruco_message__type_support.c
[7.428s] -- Installing: /home/mtrn/4231/liam_stuff/project_git/4231project/install/messages/include/messages/messages/msg/detail/aruco_message__rosidl_typesupport_introspection_c.h
[7.428s] -- Installing: /home/mtrn/4231/liam_stuff/project_git/4231project/install/messages/lib/libmessages__rosidl_typesupport_introspection_c.so
[7.428s] -- Set runtime path of "/home/mtrn/4231/liam_stuff/project_git/4231project/install/messages/lib/libmessages__rosidl_typesupport_introspection_c.so" to ""
[7.429s] -- Installing: /home/mtrn/4231/liam_stuff/project_git/4231project/install/messages/lib/libmessages__rosidl_typesupport_c.so
[7.429s] -- Set runtime path of "/home/mtrn/4231/liam_stuff/project_git/4231project/install/messages/lib/libmessages__rosidl_typesupport_c.so" to ""
[7.429s] -- Up-to-date: /home/mtrn/4231/liam_stuff/project_git/4231project/install/messages/include/messages/messages
[7.429s] -- Up-to-date: /home/mtrn/4231/liam_stuff/project_git/4231project/install/messages/include/messages/messages/msg
[7.429s] -- Installing: /home/mtrn/4231/liam_stuff/project_git/4231project/install/messages/include/messages/messages/msg/aruco_message.hpp
[7.430s] -- Up-to-date: /home/mtrn/4231/liam_stuff/project_git/4231project/install/messages/include/messages/messages/msg/detail
[7.430s] -- Installing: /home/mtrn/4231/liam_stuff/project_git/4231project/install/messages/include/messages/messages/msg/detail/aruco_message__traits.hpp
[7.430s] -- Installing: /home/mtrn/4231/liam_stuff/project_git/4231project/install/messages/include/messages/messages/msg/detail/aruco_message__struct.hpp
[7.430s] -- Installing: /home/mtrn/4231/liam_stuff/project_git/4231project/install/messages/include/messages/messages/msg/detail/aruco_message__builder.hpp
[7.430s] -- Up-to-date: /home/mtrn/4231/liam_stuff/project_git/4231project/install/messages/include/messages/messages
[7.430s] -- Up-to-date: /home/mtrn/4231/liam_stuff/project_git/4231project/install/messages/include/messages/messages/msg
[7.430s] -- Installing: /home/mtrn/4231/liam_stuff/project_git/4231project/install/messages/include/messages/messages/msg/rosidl_typesupport_fastrtps_cpp__visibility_control.h
[7.430s] -- Up-to-date: /home/mtrn/4231/liam_stuff/project_git/4231project/install/messages/include/messages/messages/msg/detail
[7.430s] -- Installing: /home/mtrn/4231/liam_stuff/project_git/4231project/install/messages/include/messages/messages/msg/detail/dds_fastrtps
[7.431s] -- Installing: /home/mtrn/4231/liam_stuff/project_git/4231project/install/messages/include/messages/messages/msg/detail/aruco_message__rosidl_typesupport_fastrtps_cpp.hpp
[7.431s] -- Installing: /home/mtrn/4231/liam_stuff/project_git/4231project/install/messages/lib/libmessages__rosidl_typesupport_fastrtps_cpp.so
[7.432s] -- Set runtime path of "/home/mtrn/4231/liam_stuff/project_git/4231project/install/messages/lib/libmessages__rosidl_typesupport_fastrtps_cpp.so" to ""
[7.432s] -- Up-to-date: /home/mtrn/4231/liam_stuff/project_git/4231project/install/messages/include/messages/messages
[7.432s] -- Up-to-date: /home/mtrn/4231/liam_stuff/project_git/4231project/install/messages/include/messages/messages/msg
[7.432s] -- Up-to-date: /home/mtrn/4231/liam_stuff/project_git/4231project/install/messages/include/messages/messages/msg/detail
[7.432s] -- Installing: /home/mtrn/4231/liam_stuff/project_git/4231project/install/messages/include/messages/messages/msg/detail/aruco_message__type_support.cpp
[7.432s] -- Installing: /home/mtrn/4231/liam_stuff/project_git/4231project/install/messages/include/messages/messages/msg/detail/aruco_message__rosidl_typesupport_introspection_cpp.hpp
[7.432s] -- Installing: /home/mtrn/4231/liam_stuff/project_git/4231project/install/messages/lib/libmessages__rosidl_typesupport_introspection_cpp.so
[7.433s] -- Set runtime path of "/home/mtrn/4231/liam_stuff/project_git/4231project/install/messages/lib/libmessages__rosidl_typesupport_introspection_cpp.so" to ""
[7.433s] -- Installing: /home/mtrn/4231/liam_stuff/project_git/4231project/install/messages/lib/libmessages__rosidl_typesupport_cpp.so
[7.434s] -- Set runtime path of "/home/mtrn/4231/liam_stuff/project_git/4231project/install/messages/lib/libmessages__rosidl_typesupport_cpp.so" to ""
[7.434s] -- Installing: /home/mtrn/4231/liam_stuff/project_git/4231project/install/messages/share/messages/environment/pythonpath.sh
[7.434s] -- Installing: /home/mtrn/4231/liam_stuff/project_git/4231project/install/messages/share/messages/environment/pythonpath.dsv
[7.434s] -- Installing: /home/mtrn/4231/liam_stuff/project_git/4231project/install/messages/local/lib/python3.10/dist-packages/messages-0.0.0-py3.10.egg-info
[7.434s] -- Installing: /home/mtrn/4231/liam_stuff/project_git/4231project/install/messages/local/lib/python3.10/dist-packages/messages-0.0.0-py3.10.egg-info/SOURCES.txt
[7.434s] -- Installing: /home/mtrn/4231/liam_stuff/project_git/4231project/install/messages/local/lib/python3.10/dist-packages/messages-0.0.0-py3.10.egg-info/dependency_links.txt
[7.434s] -- Installing: /home/mtrn/4231/liam_stuff/project_git/4231project/install/messages/local/lib/python3.10/dist-packages/messages-0.0.0-py3.10.egg-info/PKG-INFO
[7.435s] -- Installing: /home/mtrn/4231/liam_stuff/project_git/4231project/install/messages/local/lib/python3.10/dist-packages/messages-0.0.0-py3.10.egg-info/top_level.txt
[7.435s] -- Installing: /home/mtrn/4231/liam_stuff/project_git/4231project/install/messages/local/lib/python3.10/dist-packages/messages
[7.435s] -- Installing: /home/mtrn/4231/liam_stuff/project_git/4231project/install/messages/local/lib/python3.10/dist-packages/messages/messages_s__rosidl_typesupport_introspection_c.cpython-310-x86_64-linux-gnu.so
[7.435s] -- Installing: /home/mtrn/4231/liam_stuff/project_git/4231project/install/messages/local/lib/python3.10/dist-packages/messages/_messages_s.ep.rosidl_typesupport_introspection_c.c
[7.435s] -- Installing: /home/mtrn/4231/liam_stuff/project_git/4231project/install/messages/local/lib/python3.10/dist-packages/messages/_messages_s.ep.rosidl_typesupport_fastrtps_c.c
[7.435s] -- Installing: /home/mtrn/4231/liam_stuff/project_git/4231project/install/messages/local/lib/python3.10/dist-packages/messages/_messages_s.ep.rosidl_typesupport_c.c
[7.436s] -- Installing: /home/mtrn/4231/liam_stuff/project_git/4231project/install/messages/local/lib/python3.10/dist-packages/messages/__init__.py
[7.436s] -- Installing: /home/mtrn/4231/liam_stuff/project_git/4231project/install/messages/local/lib/python3.10/dist-packages/messages/messages_s__rosidl_typesupport_fastrtps_c.cpython-310-x86_64-linux-gnu.so
[7.436s] -- Installing: /home/mtrn/4231/liam_stuff/project_git/4231project/install/messages/local/lib/python3.10/dist-packages/messages/libmessages__rosidl_generator_py.so
[7.436s] -- Installing: /home/mtrn/4231/liam_stuff/project_git/4231project/install/messages/local/lib/python3.10/dist-packages/messages/msg
[7.436s] -- Installing: /home/mtrn/4231/liam_stuff/project_git/4231project/install/messages/local/lib/python3.10/dist-packages/messages/msg/_aruco_message_s.c
[7.436s] -- Installing: /home/mtrn/4231/liam_stuff/project_git/4231project/install/messages/local/lib/python3.10/dist-packages/messages/msg/__init__.py
[7.436s] -- Installing: /home/mtrn/4231/liam_stuff/project_git/4231project/install/messages/local/lib/python3.10/dist-packages/messages/msg/_aruco_message.py
[7.436s] -- Installing: /home/mtrn/4231/liam_stuff/project_git/4231project/install/messages/local/lib/python3.10/dist-packages/messages/messages_s__rosidl_typesupport_c.cpython-310-x86_64-linux-gnu.so
[7.484s] Listing '/home/mtrn/4231/liam_stuff/project_git/4231project/install/messages/local/lib/python3.10/dist-packages/messages'...
[7.484s] Compiling '/home/mtrn/4231/liam_stuff/project_git/4231project/install/messages/local/lib/python3.10/dist-packages/messages/__init__.py'...
[7.485s] Listing '/home/mtrn/4231/liam_stuff/project_git/4231project/install/messages/local/lib/python3.10/dist-packages/messages/msg'...
[7.485s] Compiling '/home/mtrn/4231/liam_stuff/project_git/4231project/install/messages/local/lib/python3.10/dist-packages/messages/msg/__init__.py'...
[7.485s] Compiling '/home/mtrn/4231/liam_stuff/project_git/4231project/install/messages/local/lib/python3.10/dist-packages/messages/msg/_aruco_message.py'...
[7.491s] -- Installing: /home/mtrn/4231/liam_stuff/project_git/4231project/install/messages/local/lib/python3.10/dist-packages/messages/messages_s__rosidl_typesupport_fastrtps_c.cpython-310-x86_64-linux-gnu.so
[7.493s] -- Set runtime path of "/home/mtrn/4231/liam_stuff/project_git/4231project/install/messages/local/lib/python3.10/dist-packages/messages/messages_s__rosidl_typesupport_fastrtps_c.cpython-310-x86_64-linux-gnu.so" to ""
[7.494s] -- Installing: /home/mtrn/4231/liam_stuff/project_git/4231project/install/messages/local/lib/python3.10/dist-packages/messages/messages_s__rosidl_typesupport_introspection_c.cpython-310-x86_64-linux-gnu.so
[7.495s] -- Set runtime path of "/home/mtrn/4231/liam_stuff/project_git/4231project/install/messages/local/lib/python3.10/dist-packages/messages/messages_s__rosidl_typesupport_introspection_c.cpython-310-x86_64-linux-gnu.so" to ""
[7.496s] -- Installing: /home/mtrn/4231/liam_stuff/project_git/4231project/install/messages/local/lib/python3.10/dist-packages/messages/messages_s__rosidl_typesupport_c.cpython-310-x86_64-linux-gnu.so
[7.496s] -- Set runtime path of "/home/mtrn/4231/liam_stuff/project_git/4231project/install/messages/local/lib/python3.10/dist-packages/messages/messages_s__rosidl_typesupport_c.cpython-310-x86_64-linux-gnu.so" to ""
[7.497s] -- Installing: /home/mtrn/4231/liam_stuff/project_git/4231project/install/messages/lib/libmessages__rosidl_generator_py.so
[7.497s] -- Set runtime path of "/home/mtrn/4231/liam_stuff/project_git/4231project/install/messages/lib/libmessages__rosidl_generator_py.so" to ""
[7.497s] -- Installing: /home/mtrn/4231/liam_stuff/project_git/4231project/install/messages/share/messages/msg/ArucoMessage.idl
[7.498s] -- Installing: /home/mtrn/4231/liam_stuff/project_git/4231project/install/messages/share/messages/msg/ArucoMessage.msg
[7.498s] -- Installing: /home/mtrn/4231/liam_stuff/project_git/4231project/install/messages/share/ament_index/resource_index/package_run_dependencies/messages
[7.498s] -- Installing: /home/mtrn/4231/liam_stuff/project_git/4231project/install/messages/share/ament_index/resource_index/parent_prefix_path/messages
[7.499s] -- Installing: /home/mtrn/4231/liam_stuff/project_git/4231project/install/messages/share/messages/environment/ament_prefix_path.sh
[7.499s] -- Installing: /home/mtrn/4231/liam_stuff/project_git/4231project/install/messages/share/messages/environment/ament_prefix_path.dsv
[7.499s] -- Installing: /home/mtrn/4231/liam_stuff/project_git/4231project/install/messages/share/messages/environment/path.sh
[7.499s] -- Installing: /home/mtrn/4231/liam_stuff/project_git/4231project/install/messages/share/messages/environment/path.dsv
[7.499s] -- Installing: /home/mtrn/4231/liam_stuff/project_git/4231project/install/messages/share/messages/local_setup.bash
[7.500s] -- Installing: /home/mtrn/4231/liam_stuff/project_git/4231project/install/messages/share/messages/local_setup.sh
[7.500s] -- Installing: /home/mtrn/4231/liam_stuff/project_git/4231project/install/messages/share/messages/local_setup.zsh
[7.500s] -- Installing: /home/mtrn/4231/liam_stuff/project_git/4231project/install/messages/share/messages/local_setup.dsv
[7.500s] -- Installing: /home/mtrn/4231/liam_stuff/project_git/4231project/install/messages/share/messages/package.dsv
[7.501s] -- Installing: /home/mtrn/4231/liam_stuff/project_git/4231project/install/messages/share/ament_index/resource_index/packages/messages
[7.501s] -- Installing: /home/mtrn/4231/liam_stuff/project_git/4231project/install/messages/share/messages/cmake/export_messages__rosidl_generator_cExport.cmake
[7.501s] -- Installing: /home/mtrn/4231/liam_stuff/project_git/4231project/install/messages/share/messages/cmake/export_messages__rosidl_generator_cExport-noconfig.cmake
[7.502s] -- Installing: /home/mtrn/4231/liam_stuff/project_git/4231project/install/messages/share/messages/cmake/export_messages__rosidl_typesupport_fastrtps_cExport.cmake
[7.502s] -- Installing: /home/mtrn/4231/liam_stuff/project_git/4231project/install/messages/share/messages/cmake/export_messages__rosidl_typesupport_fastrtps_cExport-noconfig.cmake
[7.502s] -- Installing: /home/mtrn/4231/liam_stuff/project_git/4231project/install/messages/share/messages/cmake/messages__rosidl_typesupport_introspection_cExport.cmake
[7.502s] -- Installing: /home/mtrn/4231/liam_stuff/project_git/4231project/install/messages/share/messages/cmake/messages__rosidl_typesupport_introspection_cExport-noconfig.cmake
[7.503s] -- Installing: /home/mtrn/4231/liam_stuff/project_git/4231project/install/messages/share/messages/cmake/messages__rosidl_typesupport_cExport.cmake
[7.503s] -- Installing: /home/mtrn/4231/liam_stuff/project_git/4231project/install/messages/share/messages/cmake/messages__rosidl_typesupport_cExport-noconfig.cmake
[7.503s] -- Installing: /home/mtrn/4231/liam_stuff/project_git/4231project/install/messages/share/messages/cmake/export_messages__rosidl_generator_cppExport.cmake
[7.504s] -- Installing: /home/mtrn/4231/liam_stuff/project_git/4231project/install/messages/share/messages/cmake/export_messages__rosidl_typesupport_fastrtps_cppExport.cmake
[7.504s] -- Installing: /home/mtrn/4231/liam_stuff/project_git/4231project/install/messages/share/messages/cmake/export_messages__rosidl_typesupport_fastrtps_cppExport-noconfig.cmake
[7.504s] -- Installing: /home/mtrn/4231/liam_stuff/project_git/4231project/install/messages/share/messages/cmake/messages__rosidl_typesupport_introspection_cppExport.cmake
[7.504s] -- Installing: /home/mtrn/4231/liam_stuff/project_git/4231project/install/messages/share/messages/cmake/messages__rosidl_typesupport_introspection_cppExport-noconfig.cmake
[7.505s] -- Installing: /home/mtrn/4231/liam_stuff/project_git/4231project/install/messages/share/messages/cmake/messages__rosidl_typesupport_cppExport.cmake
[7.505s] -- Installing: /home/mtrn/4231/liam_stuff/project_git/4231project/install/messages/share/messages/cmake/messages__rosidl_typesupport_cppExport-noconfig.cmake
[7.505s] -- Installing: /home/mtrn/4231/liam_stuff/project_git/4231project/install/messages/share/messages/cmake/export_messages__rosidl_generator_pyExport.cmake
[7.505s] -- Installing: /home/mtrn/4231/liam_stuff/project_git/4231project/install/messages/share/messages/cmake/export_messages__rosidl_generator_pyExport-noconfig.cmake
[7.506s] -- Installing: /home/mtrn/4231/liam_stuff/project_git/4231project/install/messages/share/messages/cmake/rosidl_cmake-extras.cmake
[7.506s] -- Installing: /home/mtrn/4231/liam_stuff/project_git/4231project/install/messages/share/messages/cmake/ament_cmake_export_include_directories-extras.cmake
[7.506s] -- Installing: /home/mtrn/4231/liam_stuff/project_git/4231project/install/messages/share/messages/cmake/ament_cmake_export_libraries-extras.cmake
[7.506s] -- Installing: /home/mtrn/4231/liam_stuff/project_git/4231project/install/messages/share/messages/cmake/ament_cmake_export_targets-extras.cmake
[7.506s] -- Installing: /home/mtrn/4231/liam_stuff/project_git/4231project/install/messages/share/messages/cmake/rosidl_cmake_export_typesupport_targets-extras.cmake
[7.506s] -- Installing: /home/mtrn/4231/liam_stuff/project_git/4231project/install/messages/share/messages/cmake/ament_cmake_export_dependencies-extras.cmake
[7.507s] -- Installing: /home/mtrn/4231/liam_stuff/project_git/4231project/install/messages/share/messages/cmake/rosidl_cmake_export_typesupport_libraries-extras.cmake
[7.507s] -- Installing: /home/mtrn/4231/liam_stuff/project_git/4231project/install/messages/share/messages/cmake/messagesConfig.cmake
[7.507s] -- Installing: /home/mtrn/4231/liam_stuff/project_git/4231project/install/messages/share/messages/cmake/messagesConfig-version.cmake
[7.507s] -- Installing: /home/mtrn/4231/liam_stuff/project_git/4231project/install/messages/share/messages/package.xml
[7.520s] Invoked command in '/home/mtrn/4231/liam_stuff/project_git/4231project/build/messages' returned '0': CMAKE_PREFIX_PATH=${CMAKE_PREFIX_PATH}:/home/mtrn/4231/ws_moveit2/install/moveit_configs_utils:/home/mtrn/4231/ws_moveit2/install/launch_param_builder:/opt/ros/humble /home/mtrn/.local/bin/cmake --install /home/mtrn/4231/liam_stuff/project_git/4231project/build/messages
