[0.222s] Invoking command in '/home/mtrn/4231/project_workspace/build/messages': CMAKE_PREFIX_PATH=${CMAKE_PREFIX_PATH}:/home/mtrn/4231/project_workspace/install/opencv_example:/home/mtrn/4231/project_workspace/install/openCV_example:/home/mtrn/4231/project_workspace/install/my_package:/home/mtrn/4231/ws_moveit2/install/moveit_configs_utils:/home/mtrn/4231/ws_moveit2/install/launch_param_builder:/opt/ros/humble /usr/bin/cmake --build /home/mtrn/4231/project_workspace/build/messages -- -j4 -l4
[1.049s] -- Found ament_cmake: 1.3.5 (/opt/ros/humble/share/ament_cmake/cmake)
[1.049s] -- Found rosidl_default_generators: 1.2.0 (/opt/ros/humble/share/rosidl_default_generators/cmake)
[1.049s] -- Using all available rosidl_typesupport_c: rosidl_typesupport_fastrtps_c;rosidl_typesupport_introspection_c
[1.049s] -- Found rosidl_adapter: 3.1.5 (/opt/ros/humble/share/rosidl_adapter/cmake)
[1.050s] -- Using all available rosidl_typesupport_cpp: rosidl_typesupport_fastrtps_cpp;rosidl_typesupport_introspection_cpp
[1.455s] -- Found ament_cmake_ros: 0.10.0 (/opt/ros/humble/share/ament_cmake_ros/cmake)
[1.757s] -- Using all available rosidl_typesupport_c: rosidl_typesupport_fastrtps_c;rosidl_typesupport_introspection_c
[2.268s] -- Using all available rosidl_typesupport_cpp: rosidl_typesupport_fastrtps_cpp;rosidl_typesupport_introspection_cpp
[2.301s] -- Found python_cmake_module: 0.10.0 (/opt/ros/humble/share/python_cmake_module/cmake)
[2.334s] -- Using PYTHON_EXECUTABLE: /usr/bin/python3
[2.335s] -- Using PYTHON_INCLUDE_DIRS: /usr/include/python3.10
[2.335s] -- Using PYTHON_LIBRARIES: /usr/lib/x86_64-linux-gnu/libpython3.10.so
[2.470s] -- Configuring done
[2.532s] -- Generating done
[2.556s] -- Build files have been written to: /home/mtrn/4231/project_workspace/build/messages
[2.601s] [  3%] [34m[1mGenerating C code for ROS interfaces[0m
[2.626s] [  6%] [34m[1mGenerating C++ code for ROS interfaces[0m
[2.641s] [  6%] Built target ament_cmake_python_copy_messages
[2.932s] [35m[1mConsolidate compiler generated dependencies of target messages__rosidl_generator_c[0m
[2.984s] [  9%] [32mBuilding C object CMakeFiles/messages__rosidl_generator_c.dir/rosidl_generator_c/messages/msg/detail/aruco_message__functions.c.o[0m
[2.984s] running egg_info
[2.988s] writing messages.egg-info/PKG-INFO
[2.989s] writing dependency_links to messages.egg-info/dependency_links.txt
[3.019s] writing top-level names to messages.egg-info/top_level.txt
[3.019s] reading manifest file 'messages.egg-info/SOURCES.txt'
[3.019s] writing manifest file 'messages.egg-info/SOURCES.txt'
[3.033s] [  9%] Built target messages__cpp
[3.054s] [  9%] Built target ament_cmake_python_build_messages_egg
[3.074s] [ 12%] [34m[1mGenerating C++ type support dispatch for ROS interfaces[0m
[3.077s] [ 16%] [34m[1mGenerating C++ type support for eProsima Fast-RTPS[0m
[3.132s] [ 19%] [34m[1mGenerating C++ introspection for ROS interfaces[0m
[3.186s] [ 22%] [32m[1mLinking C shared library libmessages__rosidl_generator_c.so[0m
[3.359s] [35m[1mConsolidate compiler generated dependencies of target messages__rosidl_typesupport_cpp[0m
[3.398s] [ 25%] [32mBuilding CXX object CMakeFiles/messages__rosidl_typesupport_cpp.dir/rosidl_typesupport_cpp/messages/msg/aruco_message__type_support.cpp.o[0m
[3.410s] [35m[1mConsolidate compiler generated dependencies of target messages__rosidl_typesupport_fastrtps_cpp[0m
[3.429s] [ 25%] Built target messages__rosidl_generator_c
[3.457s] [ 29%] [32mBuilding CXX object CMakeFiles/messages__rosidl_typesupport_fastrtps_cpp.dir/rosidl_typesupport_fastrtps_cpp/messages/msg/detail/dds_fastrtps/aruco_message__type_support.cpp.o[0m
[3.484s] [ 32%] [34m[1mGenerating C type support for eProsima Fast-RTPS[0m
[3.497s] [35m[1mConsolidate compiler generated dependencies of target messages__rosidl_typesupport_introspection_cpp[0m
[3.522s] [ 35%] [32mBuilding CXX object CMakeFiles/messages__rosidl_typesupport_introspection_cpp.dir/rosidl_typesupport_introspection_cpp/messages/msg/detail/aruco_message__type_support.cpp.o[0m
[3.858s] [35m[1mConsolidate compiler generated dependencies of target messages__rosidl_typesupport_fastrtps_c[0m
[3.894s] [ 38%] [32mBuilding CXX object CMakeFiles/messages__rosidl_typesupport_fastrtps_c.dir/rosidl_typesupport_fastrtps_c/messages/msg/detail/aruco_message__type_support_c.cpp.o[0m
[4.333s] [ 41%] [32m[1mLinking CXX shared library libmessages__rosidl_typesupport_cpp.so[0m
[4.414s] [ 45%] [32m[1mLinking CXX shared library libmessages__rosidl_typesupport_fastrtps_cpp.so[0m
[4.483s] [ 48%] [32m[1mLinking CXX shared library libmessages__rosidl_typesupport_introspection_cpp.so[0m
[4.483s] [ 48%] Built target messages__rosidl_typesupport_cpp
[4.513s] [ 51%] [34m[1mGenerating C introspection for ROS interfaces[0m
[4.523s] [ 54%] [32m[1mLinking CXX shared library libmessages__rosidl_typesupport_fastrtps_c.so[0m
[4.528s] [ 54%] Built target messages__rosidl_typesupport_fastrtps_cpp
[4.574s] [ 58%] [34m[1mGenerating C type support dispatch for ROS interfaces[0m
[4.578s] [ 58%] Built target messages__rosidl_typesupport_introspection_cpp
[4.635s] [ 58%] Built target messages__rosidl_typesupport_fastrtps_c
[4.827s] [35m[1mConsolidate compiler generated dependencies of target messages__rosidl_typesupport_c[0m
[4.827s] [35m[1mConsolidate compiler generated dependencies of target messages__rosidl_typesupport_introspection_c[0m
[4.883s] [ 61%] [32mBuilding CXX object CMakeFiles/messages__rosidl_typesupport_c.dir/rosidl_typesupport_c/messages/msg/aruco_message__type_support.cpp.o[0m
[4.885s] [ 64%] [32mBuilding C object CMakeFiles/messages__rosidl_typesupport_introspection_c.dir/rosidl_typesupport_introspection_c/messages/msg/detail/aruco_message__type_support.c.o[0m
[4.935s] [ 67%] [32m[1mLinking CXX shared library libmessages__rosidl_typesupport_c.so[0m
[4.942s] [ 70%] [32m[1mLinking C shared library libmessages__rosidl_typesupport_introspection_c.so[0m
[5.012s] [ 70%] Built target messages__rosidl_typesupport_c
[5.021s] [ 70%] Built target messages__rosidl_typesupport_introspection_c
[5.107s] [ 70%] Built target messages
[5.169s] [ 74%] [34m[1mGenerating Python code for ROS interfaces[0m
[5.553s] [ 74%] Built target messages__py
[5.580s] [35m[1mConsolidate compiler generated dependencies of target messages__rosidl_generator_py[0m
[5.638s] [ 77%] [32mBuilding C object CMakeFiles/messages__rosidl_generator_py.dir/rosidl_generator_py/messages/msg/_aruco_message_s.c.o[0m
[5.801s] [ 80%] [32m[1mLinking C shared library rosidl_generator_py/messages/libmessages__rosidl_generator_py.so[0m
[5.873s] [ 80%] Built target messages__rosidl_generator_py
[5.907s] [35m[1mConsolidate compiler generated dependencies of target messages__rosidl_typesupport_c__pyext[0m
[5.922s] [35m[1mConsolidate compiler generated dependencies of target messages__rosidl_typesupport_fastrtps_c__pyext[0m
[5.933s] [35m[1mConsolidate compiler generated dependencies of target messages__rosidl_typesupport_introspection_c__pyext[0m
[5.949s] [ 83%] [32mBuilding C object CMakeFiles/messages__rosidl_typesupport_c__pyext.dir/rosidl_generator_py/messages/_messages_s.ep.rosidl_typesupport_c.c.o[0m
[5.952s] [ 87%] [32mBuilding C object CMakeFiles/messages__rosidl_typesupport_fastrtps_c__pyext.dir/rosidl_generator_py/messages/_messages_s.ep.rosidl_typesupport_fastrtps_c.c.o[0m
[5.961s] [ 90%] [32mBuilding C object CMakeFiles/messages__rosidl_typesupport_introspection_c__pyext.dir/rosidl_generator_py/messages/_messages_s.ep.rosidl_typesupport_introspection_c.c.o[0m
[6.077s] [ 93%] [32m[1mLinking C shared library rosidl_generator_py/messages/messages_s__rosidl_typesupport_introspection_c.cpython-310-x86_64-linux-gnu.so[0m
[6.116s] [ 96%] [32m[1mLinking C shared library rosidl_generator_py/messages/messages_s__rosidl_typesupport_c.cpython-310-x86_64-linux-gnu.so[0m
[6.125s] [ 96%] Built target messages__rosidl_typesupport_introspection_c__pyext
[6.156s] [100%] [32m[1mLinking C shared library rosidl_generator_py/messages/messages_s__rosidl_typesupport_fastrtps_c.cpython-310-x86_64-linux-gnu.so[0m
[6.188s] [100%] Built target messages__rosidl_typesupport_c__pyext
[6.246s] [100%] Built target messages__rosidl_typesupport_fastrtps_c__pyext
[6.275s] Invoked command in '/home/mtrn/4231/project_workspace/build/messages' returned '0': CMAKE_PREFIX_PATH=${CMAKE_PREFIX_PATH}:/home/mtrn/4231/project_workspace/install/opencv_example:/home/mtrn/4231/project_workspace/install/openCV_example:/home/mtrn/4231/project_workspace/install/my_package:/home/mtrn/4231/ws_moveit2/install/moveit_configs_utils:/home/mtrn/4231/ws_moveit2/install/launch_param_builder:/opt/ros/humble /usr/bin/cmake --build /home/mtrn/4231/project_workspace/build/messages -- -j4 -l4
[7.042s] Invoking command in '/home/mtrn/4231/project_workspace/build/messages': CMAKE_PREFIX_PATH=${CMAKE_PREFIX_PATH}:/home/mtrn/4231/project_workspace/install/opencv_example:/home/mtrn/4231/project_workspace/install/openCV_example:/home/mtrn/4231/project_workspace/install/my_package:/home/mtrn/4231/ws_moveit2/install/moveit_configs_utils:/home/mtrn/4231/ws_moveit2/install/launch_param_builder:/opt/ros/humble /usr/bin/cmake --install /home/mtrn/4231/project_workspace/build/messages
[7.084s] -- Install configuration: ""
[7.084s] -- Up-to-date: /home/mtrn/4231/project_workspace/install/messages/share/ament_index/resource_index/rosidl_interfaces/messages
[7.084s] -- Up-to-date: /home/mtrn/4231/project_workspace/install/messages/include/messages/messages
[7.084s] -- Up-to-date: /home/mtrn/4231/project_workspace/install/messages/include/messages/messages/msg
[7.085s] -- Installing: /home/mtrn/4231/project_workspace/install/messages/include/messages/messages/msg/aruco_message.h
[7.085s] -- Up-to-date: /home/mtrn/4231/project_workspace/install/messages/include/messages/messages/msg/rosidl_generator_c__visibility_control.h
[7.085s] -- Up-to-date: /home/mtrn/4231/project_workspace/install/messages/include/messages/messages/msg/detail
[7.085s] -- Installing: /home/mtrn/4231/project_workspace/install/messages/include/messages/messages/msg/detail/aruco_message__functions.h
[7.085s] -- Installing: /home/mtrn/4231/project_workspace/install/messages/include/messages/messages/msg/detail/aruco_message__struct.h
[7.085s] -- Installing: /home/mtrn/4231/project_workspace/install/messages/include/messages/messages/msg/detail/aruco_message__functions.c
[7.085s] -- Installing: /home/mtrn/4231/project_workspace/install/messages/include/messages/messages/msg/detail/aruco_message__type_support.h
[7.085s] -- Up-to-date: /home/mtrn/4231/project_workspace/install/messages/share/messages/environment/library_path.sh
[7.086s] -- Installing: /home/mtrn/4231/project_workspace/install/messages/share/messages/environment/library_path.dsv
[7.086s] -- Installing: /home/mtrn/4231/project_workspace/install/messages/lib/libmessages__rosidl_generator_c.so
[7.086s] -- Set runtime path of "/home/mtrn/4231/project_workspace/install/messages/lib/libmessages__rosidl_generator_c.so" to ""
[7.086s] -- Up-to-date: /home/mtrn/4231/project_workspace/install/messages/include/messages/messages
[7.086s] -- Up-to-date: /home/mtrn/4231/project_workspace/install/messages/include/messages/messages/msg
[7.086s] -- Up-to-date: /home/mtrn/4231/project_workspace/install/messages/include/messages/messages/msg/rosidl_typesupport_fastrtps_c__visibility_control.h
[7.086s] -- Up-to-date: /home/mtrn/4231/project_workspace/install/messages/include/messages/messages/msg/detail
[7.086s] -- Installing: /home/mtrn/4231/project_workspace/install/messages/include/messages/messages/msg/detail/aruco_message__rosidl_typesupport_fastrtps_c.h
[7.087s] -- Installing: /home/mtrn/4231/project_workspace/install/messages/lib/libmessages__rosidl_typesupport_fastrtps_c.so
[7.087s] -- Set runtime path of "/home/mtrn/4231/project_workspace/install/messages/lib/libmessages__rosidl_typesupport_fastrtps_c.so" to ""
[7.088s] -- Up-to-date: /home/mtrn/4231/project_workspace/install/messages/include/messages/messages
[7.088s] -- Up-to-date: /home/mtrn/4231/project_workspace/install/messages/include/messages/messages/msg
[7.088s] -- Up-to-date: /home/mtrn/4231/project_workspace/install/messages/include/messages/messages/msg/rosidl_typesupport_introspection_c__visibility_control.h
[7.088s] -- Up-to-date: /home/mtrn/4231/project_workspace/install/messages/include/messages/messages/msg/detail
[7.088s] -- Installing: /home/mtrn/4231/project_workspace/install/messages/include/messages/messages/msg/detail/aruco_message__rosidl_typesupport_introspection_c.h
[7.088s] -- Installing: /home/mtrn/4231/project_workspace/install/messages/include/messages/messages/msg/detail/aruco_message__type_support.c
[7.088s] -- Installing: /home/mtrn/4231/project_workspace/install/messages/lib/libmessages__rosidl_typesupport_introspection_c.so
[7.088s] -- Set runtime path of "/home/mtrn/4231/project_workspace/install/messages/lib/libmessages__rosidl_typesupport_introspection_c.so" to ""
[7.088s] -- Installing: /home/mtrn/4231/project_workspace/install/messages/lib/libmessages__rosidl_typesupport_c.so
[7.088s] -- Set runtime path of "/home/mtrn/4231/project_workspace/install/messages/lib/libmessages__rosidl_typesupport_c.so" to ""
[7.088s] -- Up-to-date: /home/mtrn/4231/project_workspace/install/messages/include/messages/messages
[7.089s] -- Up-to-date: /home/mtrn/4231/project_workspace/install/messages/include/messages/messages/msg
[7.089s] -- Installing: /home/mtrn/4231/project_workspace/install/messages/include/messages/messages/msg/aruco_message.hpp
[7.090s] -- Up-to-date: /home/mtrn/4231/project_workspace/install/messages/include/messages/messages/msg/detail
[7.090s] -- Installing: /home/mtrn/4231/project_workspace/install/messages/include/messages/messages/msg/detail/aruco_message__struct.hpp
[7.090s] -- Installing: /home/mtrn/4231/project_workspace/install/messages/include/messages/messages/msg/detail/aruco_message__builder.hpp
[7.091s] -- Installing: /home/mtrn/4231/project_workspace/install/messages/include/messages/messages/msg/detail/aruco_message__traits.hpp
[7.091s] -- Up-to-date: /home/mtrn/4231/project_workspace/install/messages/include/messages/messages
[7.091s] -- Up-to-date: /home/mtrn/4231/project_workspace/install/messages/include/messages/messages/msg
[7.091s] -- Up-to-date: /home/mtrn/4231/project_workspace/install/messages/include/messages/messages/msg/detail
[7.091s] -- Installing: /home/mtrn/4231/project_workspace/install/messages/include/messages/messages/msg/detail/aruco_message__rosidl_typesupport_fastrtps_cpp.hpp
[7.091s] -- Up-to-date: /home/mtrn/4231/project_workspace/install/messages/include/messages/messages/msg/detail/dds_fastrtps
[7.092s] -- Up-to-date: /home/mtrn/4231/project_workspace/install/messages/include/messages/messages/msg/rosidl_typesupport_fastrtps_cpp__visibility_control.h
[7.094s] -- Installing: /home/mtrn/4231/project_workspace/install/messages/lib/libmessages__rosidl_typesupport_fastrtps_cpp.so
[7.095s] -- Set runtime path of "/home/mtrn/4231/project_workspace/install/messages/lib/libmessages__rosidl_typesupport_fastrtps_cpp.so" to ""
[7.095s] -- Up-to-date: /home/mtrn/4231/project_workspace/install/messages/include/messages/messages
[7.095s] -- Up-to-date: /home/mtrn/4231/project_workspace/install/messages/include/messages/messages/msg
[7.095s] -- Up-to-date: /home/mtrn/4231/project_workspace/install/messages/include/messages/messages/msg/detail
[7.096s] -- Installing: /home/mtrn/4231/project_workspace/install/messages/include/messages/messages/msg/detail/aruco_message__rosidl_typesupport_introspection_cpp.hpp
[7.096s] -- Installing: /home/mtrn/4231/project_workspace/install/messages/include/messages/messages/msg/detail/aruco_message__type_support.cpp
[7.097s] -- Installing: /home/mtrn/4231/project_workspace/install/messages/lib/libmessages__rosidl_typesupport_introspection_cpp.so
[7.097s] -- Set runtime path of "/home/mtrn/4231/project_workspace/install/messages/lib/libmessages__rosidl_typesupport_introspection_cpp.so" to ""
[7.097s] -- Installing: /home/mtrn/4231/project_workspace/install/messages/lib/libmessages__rosidl_typesupport_cpp.so
[7.097s] -- Set runtime path of "/home/mtrn/4231/project_workspace/install/messages/lib/libmessages__rosidl_typesupport_cpp.so" to ""
[7.097s] -- Up-to-date: /home/mtrn/4231/project_workspace/install/messages/share/messages/environment/pythonpath.sh
[7.097s] -- Installing: /home/mtrn/4231/project_workspace/install/messages/share/messages/environment/pythonpath.dsv
[7.098s] -- Up-to-date: /home/mtrn/4231/project_workspace/install/messages/local/lib/python3.10/dist-packages/messages-0.0.0-py3.10.egg-info
[7.098s] -- Installing: /home/mtrn/4231/project_workspace/install/messages/local/lib/python3.10/dist-packages/messages-0.0.0-py3.10.egg-info/top_level.txt
[7.098s] -- Installing: /home/mtrn/4231/project_workspace/install/messages/local/lib/python3.10/dist-packages/messages-0.0.0-py3.10.egg-info/SOURCES.txt
[7.098s] -- Installing: /home/mtrn/4231/project_workspace/install/messages/local/lib/python3.10/dist-packages/messages-0.0.0-py3.10.egg-info/PKG-INFO
[7.098s] -- Installing: /home/mtrn/4231/project_workspace/install/messages/local/lib/python3.10/dist-packages/messages-0.0.0-py3.10.egg-info/dependency_links.txt
[7.098s] -- Up-to-date: /home/mtrn/4231/project_workspace/install/messages/local/lib/python3.10/dist-packages/messages
[7.098s] -- Installing: /home/mtrn/4231/project_workspace/install/messages/local/lib/python3.10/dist-packages/messages/_messages_s.ep.rosidl_typesupport_fastrtps_c.c
[7.098s] -- Installing: /home/mtrn/4231/project_workspace/install/messages/local/lib/python3.10/dist-packages/messages/messages_s__rosidl_typesupport_fastrtps_c.cpython-310-x86_64-linux-gnu.so
[7.098s] -- Installing: /home/mtrn/4231/project_workspace/install/messages/local/lib/python3.10/dist-packages/messages/_messages_s.ep.rosidl_typesupport_introspection_c.c
[7.098s] -- Installing: /home/mtrn/4231/project_workspace/install/messages/local/lib/python3.10/dist-packages/messages/messages_s__rosidl_typesupport_introspection_c.cpython-310-x86_64-linux-gnu.so
[7.098s] -- Installing: /home/mtrn/4231/project_workspace/install/messages/local/lib/python3.10/dist-packages/messages/messages_s__rosidl_typesupport_c.cpython-310-x86_64-linux-gnu.so
[7.098s] -- Installing: /home/mtrn/4231/project_workspace/install/messages/local/lib/python3.10/dist-packages/messages/libmessages__rosidl_generator_py.so
[7.098s] -- Up-to-date: /home/mtrn/4231/project_workspace/install/messages/local/lib/python3.10/dist-packages/messages/msg
[7.098s] -- Installing: /home/mtrn/4231/project_workspace/install/messages/local/lib/python3.10/dist-packages/messages/msg/_aruco_message.py
[7.098s] -- Installing: /home/mtrn/4231/project_workspace/install/messages/local/lib/python3.10/dist-packages/messages/msg/_aruco_message_s.c
[7.099s] -- Installing: /home/mtrn/4231/project_workspace/install/messages/local/lib/python3.10/dist-packages/messages/msg/__init__.py
[7.099s] -- Installing: /home/mtrn/4231/project_workspace/install/messages/local/lib/python3.10/dist-packages/messages/_messages_s.ep.rosidl_typesupport_c.c
[7.099s] -- Installing: /home/mtrn/4231/project_workspace/install/messages/local/lib/python3.10/dist-packages/messages/__init__.py
[7.190s] Listing '/home/mtrn/4231/project_workspace/install/messages/local/lib/python3.10/dist-packages/messages'...
[7.191s] Compiling '/home/mtrn/4231/project_workspace/install/messages/local/lib/python3.10/dist-packages/messages/__init__.py'...
[7.191s] Listing '/home/mtrn/4231/project_workspace/install/messages/local/lib/python3.10/dist-packages/messages/msg'...
[7.191s] Compiling '/home/mtrn/4231/project_workspace/install/messages/local/lib/python3.10/dist-packages/messages/msg/__init__.py'...
[7.191s] Compiling '/home/mtrn/4231/project_workspace/install/messages/local/lib/python3.10/dist-packages/messages/msg/_aruco_message.py'...
[7.198s] -- Installing: /home/mtrn/4231/project_workspace/install/messages/local/lib/python3.10/dist-packages/messages/messages_s__rosidl_typesupport_fastrtps_c.cpython-310-x86_64-linux-gnu.so
[7.198s] -- Set runtime path of "/home/mtrn/4231/project_workspace/install/messages/local/lib/python3.10/dist-packages/messages/messages_s__rosidl_typesupport_fastrtps_c.cpython-310-x86_64-linux-gnu.so" to ""
[7.199s] -- Installing: /home/mtrn/4231/project_workspace/install/messages/local/lib/python3.10/dist-packages/messages/messages_s__rosidl_typesupport_introspection_c.cpython-310-x86_64-linux-gnu.so
[7.199s] -- Set runtime path of "/home/mtrn/4231/project_workspace/install/messages/local/lib/python3.10/dist-packages/messages/messages_s__rosidl_typesupport_introspection_c.cpython-310-x86_64-linux-gnu.so" to ""
[7.199s] -- Installing: /home/mtrn/4231/project_workspace/install/messages/local/lib/python3.10/dist-packages/messages/messages_s__rosidl_typesupport_c.cpython-310-x86_64-linux-gnu.so
[7.199s] -- Set runtime path of "/home/mtrn/4231/project_workspace/install/messages/local/lib/python3.10/dist-packages/messages/messages_s__rosidl_typesupport_c.cpython-310-x86_64-linux-gnu.so" to ""
[7.200s] -- Installing: /home/mtrn/4231/project_workspace/install/messages/lib/libmessages__rosidl_generator_py.so
[7.200s] -- Set runtime path of "/home/mtrn/4231/project_workspace/install/messages/lib/libmessages__rosidl_generator_py.so" to ""
[7.200s] -- Installing: /home/mtrn/4231/project_workspace/install/messages/share/messages/msg/ArucoMessage.idl
[7.201s] -- Installing: /home/mtrn/4231/project_workspace/install/messages/share/messages/msg/ArucoMessage.msg
[7.201s] -- Up-to-date: /home/mtrn/4231/project_workspace/install/messages/share/ament_index/resource_index/package_run_dependencies/messages
[7.201s] -- Installing: /home/mtrn/4231/project_workspace/install/messages/share/ament_index/resource_index/parent_prefix_path/messages
[7.202s] -- Up-to-date: /home/mtrn/4231/project_workspace/install/messages/share/messages/environment/ament_prefix_path.sh
[7.203s] -- Installing: /home/mtrn/4231/project_workspace/install/messages/share/messages/environment/ament_prefix_path.dsv
[7.203s] -- Up-to-date: /home/mtrn/4231/project_workspace/install/messages/share/messages/environment/path.sh
[7.204s] -- Installing: /home/mtrn/4231/project_workspace/install/messages/share/messages/environment/path.dsv
[7.205s] -- Up-to-date: /home/mtrn/4231/project_workspace/install/messages/share/messages/local_setup.bash
[7.205s] -- Up-to-date: /home/mtrn/4231/project_workspace/install/messages/share/messages/local_setup.sh
[7.206s] -- Up-to-date: /home/mtrn/4231/project_workspace/install/messages/share/messages/local_setup.zsh
[7.206s] -- Installing: /home/mtrn/4231/project_workspace/install/messages/share/messages/local_setup.dsv
[7.207s] -- Installing: /home/mtrn/4231/project_workspace/install/messages/share/messages/package.dsv
[7.207s] -- Up-to-date: /home/mtrn/4231/project_workspace/install/messages/share/ament_index/resource_index/packages/messages
[7.208s] -- Up-to-date: /home/mtrn/4231/project_workspace/install/messages/share/messages/cmake/export_messages__rosidl_generator_cExport.cmake
[7.208s] -- Up-to-date: /home/mtrn/4231/project_workspace/install/messages/share/messages/cmake/export_messages__rosidl_generator_cExport-noconfig.cmake
[7.208s] -- Up-to-date: /home/mtrn/4231/project_workspace/install/messages/share/messages/cmake/export_messages__rosidl_typesupport_fastrtps_cExport.cmake
[7.208s] -- Up-to-date: /home/mtrn/4231/project_workspace/install/messages/share/messages/cmake/export_messages__rosidl_typesupport_fastrtps_cExport-noconfig.cmake
[7.208s] -- Up-to-date: /home/mtrn/4231/project_workspace/install/messages/share/messages/cmake/messages__rosidl_typesupport_introspection_cExport.cmake
[7.208s] -- Up-to-date: /home/mtrn/4231/project_workspace/install/messages/share/messages/cmake/messages__rosidl_typesupport_introspection_cExport-noconfig.cmake
[7.209s] -- Up-to-date: /home/mtrn/4231/project_workspace/install/messages/share/messages/cmake/messages__rosidl_typesupport_cExport.cmake
[7.209s] -- Up-to-date: /home/mtrn/4231/project_workspace/install/messages/share/messages/cmake/messages__rosidl_typesupport_cExport-noconfig.cmake
[7.209s] -- Up-to-date: /home/mtrn/4231/project_workspace/install/messages/share/messages/cmake/export_messages__rosidl_generator_cppExport.cmake
[7.209s] -- Up-to-date: /home/mtrn/4231/project_workspace/install/messages/share/messages/cmake/export_messages__rosidl_typesupport_fastrtps_cppExport.cmake
[7.209s] -- Up-to-date: /home/mtrn/4231/project_workspace/install/messages/share/messages/cmake/export_messages__rosidl_typesupport_fastrtps_cppExport-noconfig.cmake
[7.210s] -- Up-to-date: /home/mtrn/4231/project_workspace/install/messages/share/messages/cmake/messages__rosidl_typesupport_introspection_cppExport.cmake
[7.211s] -- Up-to-date: /home/mtrn/4231/project_workspace/install/messages/share/messages/cmake/messages__rosidl_typesupport_introspection_cppExport-noconfig.cmake
[7.212s] -- Up-to-date: /home/mtrn/4231/project_workspace/install/messages/share/messages/cmake/messages__rosidl_typesupport_cppExport.cmake
[7.212s] -- Up-to-date: /home/mtrn/4231/project_workspace/install/messages/share/messages/cmake/messages__rosidl_typesupport_cppExport-noconfig.cmake
[7.213s] -- Up-to-date: /home/mtrn/4231/project_workspace/install/messages/share/messages/cmake/export_messages__rosidl_generator_pyExport.cmake
[7.214s] -- Up-to-date: /home/mtrn/4231/project_workspace/install/messages/share/messages/cmake/export_messages__rosidl_generator_pyExport-noconfig.cmake
[7.214s] -- Up-to-date: /home/mtrn/4231/project_workspace/install/messages/share/messages/cmake/rosidl_cmake-extras.cmake
[7.216s] -- Up-to-date: /home/mtrn/4231/project_workspace/install/messages/share/messages/cmake/ament_cmake_export_include_directories-extras.cmake
[7.216s] -- Up-to-date: /home/mtrn/4231/project_workspace/install/messages/share/messages/cmake/ament_cmake_export_libraries-extras.cmake
[7.217s] -- Up-to-date: /home/mtrn/4231/project_workspace/install/messages/share/messages/cmake/ament_cmake_export_targets-extras.cmake
[7.217s] -- Up-to-date: /home/mtrn/4231/project_workspace/install/messages/share/messages/cmake/rosidl_cmake_export_typesupport_targets-extras.cmake
[7.218s] -- Up-to-date: /home/mtrn/4231/project_workspace/install/messages/share/messages/cmake/ament_cmake_export_dependencies-extras.cmake
[7.220s] -- Up-to-date: /home/mtrn/4231/project_workspace/install/messages/share/messages/cmake/rosidl_cmake_export_typesupport_libraries-extras.cmake
[7.220s] -- Up-to-date: /home/mtrn/4231/project_workspace/install/messages/share/messages/cmake/messagesConfig.cmake
[7.221s] -- Up-to-date: /home/mtrn/4231/project_workspace/install/messages/share/messages/cmake/messagesConfig-version.cmake
[7.221s] -- Up-to-date: /home/mtrn/4231/project_workspace/install/messages/share/messages/package.xml
[7.267s] Invoked command in '/home/mtrn/4231/project_workspace/build/messages' returned '0': CMAKE_PREFIX_PATH=${CMAKE_PREFIX_PATH}:/home/mtrn/4231/project_workspace/install/opencv_example:/home/mtrn/4231/project_workspace/install/openCV_example:/home/mtrn/4231/project_workspace/install/my_package:/home/mtrn/4231/ws_moveit2/install/moveit_configs_utils:/home/mtrn/4231/ws_moveit2/install/launch_param_builder:/opt/ros/humble /usr/bin/cmake --install /home/mtrn/4231/project_workspace/build/messages
