[ 10%] Built target custom_messages__rosidl_generator_c
[ 10%] Built target ament_cmake_python_copy_custom_messages
[ 12%] Built target custom_messages__cpp
[ 23%] Built target custom_messages__rosidl_typesupport_introspection_c
[ 33%] Built target custom_messages__rosidl_typesupport_fastrtps_c
[ 43%] Built target custom_messages__rosidl_typesupport_c
[ 66%] Built target custom_messages__rosidl_typesupport_cpp
[ 66%] Built target custom_messages__rosidl_typesupport_introspection_cpp
[ 74%] Built target custom_messages__rosidl_typesupport_fastrtps_cpp
[ 74%] Built target custom_messages
[ 76%] Built target custom_messages__py
[ 84%] Built target custom_messages__rosidl_generator_py
[ 89%] Built target custom_messages__rosidl_typesupport_fastrtps_c__pyext
[ 94%] Built target custom_messages__rosidl_typesupport_c__pyext
[100%] Built target custom_messages__rosidl_typesupport_introspection_c__pyext
running egg_info
writing custom_messages.egg-info/PKG-INFO
writing dependency_links to custom_messages.egg-info/dependency_links.txt
writing top-level names to custom_messages.egg-info/top_level.txt
reading manifest file 'custom_messages.egg-info/SOURCES.txt'
writing manifest file 'custom_messages.egg-info/SOURCES.txt'
[100%] Built target ament_cmake_python_build_custom_messages_egg
-- Install configuration: ""
-- Installing: /home/mtrn/4231/liam_stuff/4231project/install/custom_messages/share/ament_index/resource_index/rosidl_interfaces/custom_messages
-- Installing: /home/mtrn/4231/liam_stuff/4231project/install/custom_messages/include/custom_messages/custom_messages
-- Installing: /home/mtrn/4231/liam_stuff/4231project/install/custom_messages/include/custom_messages/custom_messages/msg
-- Installing: /home/mtrn/4231/liam_stuff/4231project/install/custom_messages/include/custom_messages/custom_messages/msg/robot_action.h
-- Installing: /home/mtrn/4231/liam_stuff/4231project/install/custom_messages/include/custom_messages/custom_messages/msg/rosidl_generator_c__visibility_control.h
-- Installing: /home/mtrn/4231/liam_stuff/4231project/install/custom_messages/include/custom_messages/custom_messages/msg/aruco_message.h
-- Installing: /home/mtrn/4231/liam_stuff/4231project/install/custom_messages/include/custom_messages/custom_messages/msg/detail
-- Installing: /home/mtrn/4231/liam_stuff/4231project/install/custom_messages/include/custom_messages/custom_messages/msg/detail/aruco_message__functions.c
-- Installing: /home/mtrn/4231/liam_stuff/4231project/install/custom_messages/include/custom_messages/custom_messages/msg/detail/robot_action__functions.h
-- Installing: /home/mtrn/4231/liam_stuff/4231project/install/custom_messages/include/custom_messages/custom_messages/msg/detail/robot_action__struct.h
-- Installing: /home/mtrn/4231/liam_stuff/4231project/install/custom_messages/include/custom_messages/custom_messages/msg/detail/aruco_message__type_support.h
-- Installing: /home/mtrn/4231/liam_stuff/4231project/install/custom_messages/include/custom_messages/custom_messages/msg/detail/robot_action__type_support.h
-- Installing: /home/mtrn/4231/liam_stuff/4231project/install/custom_messages/include/custom_messages/custom_messages/msg/detail/aruco_message__struct.h
-- Installing: /home/mtrn/4231/liam_stuff/4231project/install/custom_messages/include/custom_messages/custom_messages/msg/detail/robot_action__functions.c
-- Installing: /home/mtrn/4231/liam_stuff/4231project/install/custom_messages/include/custom_messages/custom_messages/msg/detail/aruco_message__functions.h
-- Installing: /home/mtrn/4231/liam_stuff/4231project/install/custom_messages/share/custom_messages/environment/library_path.sh
-- Installing: /home/mtrn/4231/liam_stuff/4231project/install/custom_messages/share/custom_messages/environment/library_path.dsv
-- Installing: /home/mtrn/4231/liam_stuff/4231project/install/custom_messages/lib/libcustom_messages__rosidl_generator_c.so
-- Set runtime path of "/home/mtrn/4231/liam_stuff/4231project/install/custom_messages/lib/libcustom_messages__rosidl_generator_c.so" to ""
-- Up-to-date: /home/mtrn/4231/liam_stuff/4231project/install/custom_messages/include/custom_messages/custom_messages
-- Up-to-date: /home/mtrn/4231/liam_stuff/4231project/install/custom_messages/include/custom_messages/custom_messages/msg
-- Installing: /home/mtrn/4231/liam_stuff/4231project/install/custom_messages/include/custom_messages/custom_messages/msg/rosidl_typesupport_fastrtps_c__visibility_control.h
-- Up-to-date: /home/mtrn/4231/liam_stuff/4231project/install/custom_messages/include/custom_messages/custom_messages/msg/detail
-- Installing: /home/mtrn/4231/liam_stuff/4231project/install/custom_messages/include/custom_messages/custom_messages/msg/detail/robot_action__rosidl_typesupport_fastrtps_c.h
-- Installing: /home/mtrn/4231/liam_stuff/4231project/install/custom_messages/include/custom_messages/custom_messages/msg/detail/aruco_message__rosidl_typesupport_fastrtps_c.h
-- Installing: /home/mtrn/4231/liam_stuff/4231project/install/custom_messages/lib/libcustom_messages__rosidl_typesupport_fastrtps_c.so
-- Set runtime path of "/home/mtrn/4231/liam_stuff/4231project/install/custom_messages/lib/libcustom_messages__rosidl_typesupport_fastrtps_c.so" to ""
-- Up-to-date: /home/mtrn/4231/liam_stuff/4231project/install/custom_messages/include/custom_messages/custom_messages
-- Up-to-date: /home/mtrn/4231/liam_stuff/4231project/install/custom_messages/include/custom_messages/custom_messages/msg
-- Installing: /home/mtrn/4231/liam_stuff/4231project/install/custom_messages/include/custom_messages/custom_messages/msg/rosidl_typesupport_introspection_c__visibility_control.h
-- Up-to-date: /home/mtrn/4231/liam_stuff/4231project/install/custom_messages/include/custom_messages/custom_messages/msg/detail
-- Installing: /home/mtrn/4231/liam_stuff/4231project/install/custom_messages/include/custom_messages/custom_messages/msg/detail/aruco_message__type_support.c
-- Installing: /home/mtrn/4231/liam_stuff/4231project/install/custom_messages/include/custom_messages/custom_messages/msg/detail/robot_action__type_support.c
-- Installing: /home/mtrn/4231/liam_stuff/4231project/install/custom_messages/include/custom_messages/custom_messages/msg/detail/aruco_message__rosidl_typesupport_introspection_c.h
-- Installing: /home/mtrn/4231/liam_stuff/4231project/install/custom_messages/include/custom_messages/custom_messages/msg/detail/robot_action__rosidl_typesupport_introspection_c.h
-- Installing: /home/mtrn/4231/liam_stuff/4231project/install/custom_messages/lib/libcustom_messages__rosidl_typesupport_introspection_c.so
-- Set runtime path of "/home/mtrn/4231/liam_stuff/4231project/install/custom_messages/lib/libcustom_messages__rosidl_typesupport_introspection_c.so" to ""
-- Installing: /home/mtrn/4231/liam_stuff/4231project/install/custom_messages/lib/libcustom_messages__rosidl_typesupport_c.so
-- Set runtime path of "/home/mtrn/4231/liam_stuff/4231project/install/custom_messages/lib/libcustom_messages__rosidl_typesupport_c.so" to ""
-- Up-to-date: /home/mtrn/4231/liam_stuff/4231project/install/custom_messages/include/custom_messages/custom_messages
-- Up-to-date: /home/mtrn/4231/liam_stuff/4231project/install/custom_messages/include/custom_messages/custom_messages/msg
-- Installing: /home/mtrn/4231/liam_stuff/4231project/install/custom_messages/include/custom_messages/custom_messages/msg/robot_action.hpp
-- Installing: /home/mtrn/4231/liam_stuff/4231project/install/custom_messages/include/custom_messages/custom_messages/msg/aruco_message.hpp
-- Up-to-date: /home/mtrn/4231/liam_stuff/4231project/install/custom_messages/include/custom_messages/custom_messages/msg/detail
-- Installing: /home/mtrn/4231/liam_stuff/4231project/install/custom_messages/include/custom_messages/custom_messages/msg/detail/aruco_message__traits.hpp
-- Installing: /home/mtrn/4231/liam_stuff/4231project/install/custom_messages/include/custom_messages/custom_messages/msg/detail/robot_action__builder.hpp
-- Installing: /home/mtrn/4231/liam_stuff/4231project/install/custom_messages/include/custom_messages/custom_messages/msg/detail/robot_action__struct.hpp
-- Installing: /home/mtrn/4231/liam_stuff/4231project/install/custom_messages/include/custom_messages/custom_messages/msg/detail/robot_action__traits.hpp
-- Installing: /home/mtrn/4231/liam_stuff/4231project/install/custom_messages/include/custom_messages/custom_messages/msg/detail/aruco_message__struct.hpp
-- Installing: /home/mtrn/4231/liam_stuff/4231project/install/custom_messages/include/custom_messages/custom_messages/msg/detail/aruco_message__builder.hpp
-- Up-to-date: /home/mtrn/4231/liam_stuff/4231project/install/custom_messages/include/custom_messages/custom_messages
-- Up-to-date: /home/mtrn/4231/liam_stuff/4231project/install/custom_messages/include/custom_messages/custom_messages/msg
-- Installing: /home/mtrn/4231/liam_stuff/4231project/install/custom_messages/include/custom_messages/custom_messages/msg/rosidl_typesupport_fastrtps_cpp__visibility_control.h
-- Up-to-date: /home/mtrn/4231/liam_stuff/4231project/install/custom_messages/include/custom_messages/custom_messages/msg/detail
-- Installing: /home/mtrn/4231/liam_stuff/4231project/install/custom_messages/include/custom_messages/custom_messages/msg/detail/dds_fastrtps
-- Installing: /home/mtrn/4231/liam_stuff/4231project/install/custom_messages/include/custom_messages/custom_messages/msg/detail/robot_action__rosidl_typesupport_fastrtps_cpp.hpp
-- Installing: /home/mtrn/4231/liam_stuff/4231project/install/custom_messages/include/custom_messages/custom_messages/msg/detail/aruco_message__rosidl_typesupport_fastrtps_cpp.hpp
-- Installing: /home/mtrn/4231/liam_stuff/4231project/install/custom_messages/lib/libcustom_messages__rosidl_typesupport_fastrtps_cpp.so
-- Set runtime path of "/home/mtrn/4231/liam_stuff/4231project/install/custom_messages/lib/libcustom_messages__rosidl_typesupport_fastrtps_cpp.so" to ""
-- Up-to-date: /home/mtrn/4231/liam_stuff/4231project/install/custom_messages/include/custom_messages/custom_messages
-- Up-to-date: /home/mtrn/4231/liam_stuff/4231project/install/custom_messages/include/custom_messages/custom_messages/msg
-- Up-to-date: /home/mtrn/4231/liam_stuff/4231project/install/custom_messages/include/custom_messages/custom_messages/msg/detail
-- Installing: /home/mtrn/4231/liam_stuff/4231project/install/custom_messages/include/custom_messages/custom_messages/msg/detail/robot_action__type_support.cpp
-- Installing: /home/mtrn/4231/liam_stuff/4231project/install/custom_messages/include/custom_messages/custom_messages/msg/detail/robot_action__rosidl_typesupport_introspection_cpp.hpp
-- Installing: /home/mtrn/4231/liam_stuff/4231project/install/custom_messages/include/custom_messages/custom_messages/msg/detail/aruco_message__type_support.cpp
-- Installing: /home/mtrn/4231/liam_stuff/4231project/install/custom_messages/include/custom_messages/custom_messages/msg/detail/aruco_message__rosidl_typesupport_introspection_cpp.hpp
-- Installing: /home/mtrn/4231/liam_stuff/4231project/install/custom_messages/lib/libcustom_messages__rosidl_typesupport_introspection_cpp.so
-- Set runtime path of "/home/mtrn/4231/liam_stuff/4231project/install/custom_messages/lib/libcustom_messages__rosidl_typesupport_introspection_cpp.so" to ""
-- Installing: /home/mtrn/4231/liam_stuff/4231project/install/custom_messages/lib/libcustom_messages__rosidl_typesupport_cpp.so
-- Set runtime path of "/home/mtrn/4231/liam_stuff/4231project/install/custom_messages/lib/libcustom_messages__rosidl_typesupport_cpp.so" to ""
-- Installing: /home/mtrn/4231/liam_stuff/4231project/install/custom_messages/share/custom_messages/environment/pythonpath.sh
-- Installing: /home/mtrn/4231/liam_stuff/4231project/install/custom_messages/share/custom_messages/environment/pythonpath.dsv
-- Installing: /home/mtrn/4231/liam_stuff/4231project/install/custom_messages/local/lib/python3.10/dist-packages/custom_messages-0.0.0-py3.10.egg-info
-- Installing: /home/mtrn/4231/liam_stuff/4231project/install/custom_messages/local/lib/python3.10/dist-packages/custom_messages-0.0.0-py3.10.egg-info/SOURCES.txt
-- Installing: /home/mtrn/4231/liam_stuff/4231project/install/custom_messages/local/lib/python3.10/dist-packages/custom_messages-0.0.0-py3.10.egg-info/dependency_links.txt
-- Installing: /home/mtrn/4231/liam_stuff/4231project/install/custom_messages/local/lib/python3.10/dist-packages/custom_messages-0.0.0-py3.10.egg-info/PKG-INFO
-- Installing: /home/mtrn/4231/liam_stuff/4231project/install/custom_messages/local/lib/python3.10/dist-packages/custom_messages-0.0.0-py3.10.egg-info/top_level.txt
-- Installing: /home/mtrn/4231/liam_stuff/4231project/install/custom_messages/local/lib/python3.10/dist-packages/custom_messages
-- Installing: /home/mtrn/4231/liam_stuff/4231project/install/custom_messages/local/lib/python3.10/dist-packages/custom_messages/libcustom_messages__rosidl_generator_py.so
-- Installing: /home/mtrn/4231/liam_stuff/4231project/install/custom_messages/local/lib/python3.10/dist-packages/custom_messages/_custom_messages_s.ep.rosidl_typesupport_c.c
-- Installing: /home/mtrn/4231/liam_stuff/4231project/install/custom_messages/local/lib/python3.10/dist-packages/custom_messages/custom_messages_s__rosidl_typesupport_introspection_c.cpython-310-x86_64-linux-gnu.so
-- Installing: /home/mtrn/4231/liam_stuff/4231project/install/custom_messages/local/lib/python3.10/dist-packages/custom_messages/_custom_messages_s.ep.rosidl_typesupport_introspection_c.c
-- Installing: /home/mtrn/4231/liam_stuff/4231project/install/custom_messages/local/lib/python3.10/dist-packages/custom_messages/custom_messages_s__rosidl_typesupport_c.cpython-310-x86_64-linux-gnu.so
-- Installing: /home/mtrn/4231/liam_stuff/4231project/install/custom_messages/local/lib/python3.10/dist-packages/custom_messages/custom_messages_s__rosidl_typesupport_fastrtps_c.cpython-310-x86_64-linux-gnu.so
-- Installing: /home/mtrn/4231/liam_stuff/4231project/install/custom_messages/local/lib/python3.10/dist-packages/custom_messages/__init__.py
-- Installing: /home/mtrn/4231/liam_stuff/4231project/install/custom_messages/local/lib/python3.10/dist-packages/custom_messages/msg
-- Installing: /home/mtrn/4231/liam_stuff/4231project/install/custom_messages/local/lib/python3.10/dist-packages/custom_messages/msg/_aruco_message_s.c
-- Installing: /home/mtrn/4231/liam_stuff/4231project/install/custom_messages/local/lib/python3.10/dist-packages/custom_messages/msg/__init__.py
-- Installing: /home/mtrn/4231/liam_stuff/4231project/install/custom_messages/local/lib/python3.10/dist-packages/custom_messages/msg/_aruco_message.py
-- Installing: /home/mtrn/4231/liam_stuff/4231project/install/custom_messages/local/lib/python3.10/dist-packages/custom_messages/msg/_robot_action_s.c
-- Installing: /home/mtrn/4231/liam_stuff/4231project/install/custom_messages/local/lib/python3.10/dist-packages/custom_messages/msg/_robot_action.py
-- Installing: /home/mtrn/4231/liam_stuff/4231project/install/custom_messages/local/lib/python3.10/dist-packages/custom_messages/_custom_messages_s.ep.rosidl_typesupport_fastrtps_c.c
Listing '/home/mtrn/4231/liam_stuff/4231project/install/custom_messages/local/lib/python3.10/dist-packages/custom_messages'...
Compiling '/home/mtrn/4231/liam_stuff/4231project/install/custom_messages/local/lib/python3.10/dist-packages/custom_messages/__init__.py'...
Listing '/home/mtrn/4231/liam_stuff/4231project/install/custom_messages/local/lib/python3.10/dist-packages/custom_messages/msg'...
Compiling '/home/mtrn/4231/liam_stuff/4231project/install/custom_messages/local/lib/python3.10/dist-packages/custom_messages/msg/__init__.py'...
Compiling '/home/mtrn/4231/liam_stuff/4231project/install/custom_messages/local/lib/python3.10/dist-packages/custom_messages/msg/_aruco_message.py'...
Compiling '/home/mtrn/4231/liam_stuff/4231project/install/custom_messages/local/lib/python3.10/dist-packages/custom_messages/msg/_robot_action.py'...
-- Installing: /home/mtrn/4231/liam_stuff/4231project/install/custom_messages/local/lib/python3.10/dist-packages/custom_messages/custom_messages_s__rosidl_typesupport_fastrtps_c.cpython-310-x86_64-linux-gnu.so
-- Set runtime path of "/home/mtrn/4231/liam_stuff/4231project/install/custom_messages/local/lib/python3.10/dist-packages/custom_messages/custom_messages_s__rosidl_typesupport_fastrtps_c.cpython-310-x86_64-linux-gnu.so" to ""
-- Installing: /home/mtrn/4231/liam_stuff/4231project/install/custom_messages/local/lib/python3.10/dist-packages/custom_messages/custom_messages_s__rosidl_typesupport_introspection_c.cpython-310-x86_64-linux-gnu.so
-- Set runtime path of "/home/mtrn/4231/liam_stuff/4231project/install/custom_messages/local/lib/python3.10/dist-packages/custom_messages/custom_messages_s__rosidl_typesupport_introspection_c.cpython-310-x86_64-linux-gnu.so" to ""
-- Installing: /home/mtrn/4231/liam_stuff/4231project/install/custom_messages/local/lib/python3.10/dist-packages/custom_messages/custom_messages_s__rosidl_typesupport_c.cpython-310-x86_64-linux-gnu.so
-- Set runtime path of "/home/mtrn/4231/liam_stuff/4231project/install/custom_messages/local/lib/python3.10/dist-packages/custom_messages/custom_messages_s__rosidl_typesupport_c.cpython-310-x86_64-linux-gnu.so" to ""
-- Installing: /home/mtrn/4231/liam_stuff/4231project/install/custom_messages/lib/libcustom_messages__rosidl_generator_py.so
-- Set runtime path of "/home/mtrn/4231/liam_stuff/4231project/install/custom_messages/lib/libcustom_messages__rosidl_generator_py.so" to ""
-- Installing: /home/mtrn/4231/liam_stuff/4231project/install/custom_messages/share/custom_messages/msg/ArucoMessage.idl
-- Installing: /home/mtrn/4231/liam_stuff/4231project/install/custom_messages/share/custom_messages/msg/RobotAction.idl
-- Installing: /home/mtrn/4231/liam_stuff/4231project/install/custom_messages/share/custom_messages/msg/ArucoMessage.msg
-- Installing: /home/mtrn/4231/liam_stuff/4231project/install/custom_messages/share/custom_messages/msg/RobotAction.msg
-- Installing: /home/mtrn/4231/liam_stuff/4231project/install/custom_messages/share/ament_index/resource_index/package_run_dependencies/custom_messages
-- Installing: /home/mtrn/4231/liam_stuff/4231project/install/custom_messages/share/ament_index/resource_index/parent_prefix_path/custom_messages
-- Installing: /home/mtrn/4231/liam_stuff/4231project/install/custom_messages/share/custom_messages/environment/ament_prefix_path.sh
-- Installing: /home/mtrn/4231/liam_stuff/4231project/install/custom_messages/share/custom_messages/environment/ament_prefix_path.dsv
-- Installing: /home/mtrn/4231/liam_stuff/4231project/install/custom_messages/share/custom_messages/environment/path.sh
-- Installing: /home/mtrn/4231/liam_stuff/4231project/install/custom_messages/share/custom_messages/environment/path.dsv
-- Installing: /home/mtrn/4231/liam_stuff/4231project/install/custom_messages/share/custom_messages/local_setup.bash
-- Installing: /home/mtrn/4231/liam_stuff/4231project/install/custom_messages/share/custom_messages/local_setup.sh
-- Installing: /home/mtrn/4231/liam_stuff/4231project/install/custom_messages/share/custom_messages/local_setup.zsh
-- Installing: /home/mtrn/4231/liam_stuff/4231project/install/custom_messages/share/custom_messages/local_setup.dsv
-- Installing: /home/mtrn/4231/liam_stuff/4231project/install/custom_messages/share/custom_messages/package.dsv
-- Installing: /home/mtrn/4231/liam_stuff/4231project/install/custom_messages/share/ament_index/resource_index/packages/custom_messages
-- Installing: /home/mtrn/4231/liam_stuff/4231project/install/custom_messages/share/custom_messages/cmake/export_custom_messages__rosidl_generator_cExport.cmake
-- Installing: /home/mtrn/4231/liam_stuff/4231project/install/custom_messages/share/custom_messages/cmake/export_custom_messages__rosidl_generator_cExport-noconfig.cmake
-- Installing: /home/mtrn/4231/liam_stuff/4231project/install/custom_messages/share/custom_messages/cmake/export_custom_messages__rosidl_typesupport_fastrtps_cExport.cmake
-- Installing: /home/mtrn/4231/liam_stuff/4231project/install/custom_messages/share/custom_messages/cmake/export_custom_messages__rosidl_typesupport_fastrtps_cExport-noconfig.cmake
-- Installing: /home/mtrn/4231/liam_stuff/4231project/install/custom_messages/share/custom_messages/cmake/custom_messages__rosidl_typesupport_introspection_cExport.cmake
-- Installing: /home/mtrn/4231/liam_stuff/4231project/install/custom_messages/share/custom_messages/cmake/custom_messages__rosidl_typesupport_introspection_cExport-noconfig.cmake
-- Installing: /home/mtrn/4231/liam_stuff/4231project/install/custom_messages/share/custom_messages/cmake/custom_messages__rosidl_typesupport_cExport.cmake
-- Installing: /home/mtrn/4231/liam_stuff/4231project/install/custom_messages/share/custom_messages/cmake/custom_messages__rosidl_typesupport_cExport-noconfig.cmake
-- Installing: /home/mtrn/4231/liam_stuff/4231project/install/custom_messages/share/custom_messages/cmake/export_custom_messages__rosidl_generator_cppExport.cmake
-- Installing: /home/mtrn/4231/liam_stuff/4231project/install/custom_messages/share/custom_messages/cmake/export_custom_messages__rosidl_typesupport_fastrtps_cppExport.cmake
-- Installing: /home/mtrn/4231/liam_stuff/4231project/install/custom_messages/share/custom_messages/cmake/export_custom_messages__rosidl_typesupport_fastrtps_cppExport-noconfig.cmake
-- Installing: /home/mtrn/4231/liam_stuff/4231project/install/custom_messages/share/custom_messages/cmake/custom_messages__rosidl_typesupport_introspection_cppExport.cmake
-- Installing: /home/mtrn/4231/liam_stuff/4231project/install/custom_messages/share/custom_messages/cmake/custom_messages__rosidl_typesupport_introspection_cppExport-noconfig.cmake
-- Installing: /home/mtrn/4231/liam_stuff/4231project/install/custom_messages/share/custom_messages/cmake/custom_messages__rosidl_typesupport_cppExport.cmake
-- Installing: /home/mtrn/4231/liam_stuff/4231project/install/custom_messages/share/custom_messages/cmake/custom_messages__rosidl_typesupport_cppExport-noconfig.cmake
-- Installing: /home/mtrn/4231/liam_stuff/4231project/install/custom_messages/share/custom_messages/cmake/export_custom_messages__rosidl_generator_pyExport.cmake
-- Installing: /home/mtrn/4231/liam_stuff/4231project/install/custom_messages/share/custom_messages/cmake/export_custom_messages__rosidl_generator_pyExport-noconfig.cmake
-- Installing: /home/mtrn/4231/liam_stuff/4231project/install/custom_messages/share/custom_messages/cmake/rosidl_cmake-extras.cmake
-- Installing: /home/mtrn/4231/liam_stuff/4231project/install/custom_messages/share/custom_messages/cmake/ament_cmake_export_include_directories-extras.cmake
-- Installing: /home/mtrn/4231/liam_stuff/4231project/install/custom_messages/share/custom_messages/cmake/ament_cmake_export_libraries-extras.cmake
-- Installing: /home/mtrn/4231/liam_stuff/4231project/install/custom_messages/share/custom_messages/cmake/ament_cmake_export_targets-extras.cmake
-- Installing: /home/mtrn/4231/liam_stuff/4231project/install/custom_messages/share/custom_messages/cmake/rosidl_cmake_export_typesupport_targets-extras.cmake
-- Installing: /home/mtrn/4231/liam_stuff/4231project/install/custom_messages/share/custom_messages/cmake/ament_cmake_export_dependencies-extras.cmake
-- Installing: /home/mtrn/4231/liam_stuff/4231project/install/custom_messages/share/custom_messages/cmake/rosidl_cmake_export_typesupport_libraries-extras.cmake
-- Installing: /home/mtrn/4231/liam_stuff/4231project/install/custom_messages/share/custom_messages/cmake/custom_messagesConfig.cmake
-- Installing: /home/mtrn/4231/liam_stuff/4231project/install/custom_messages/share/custom_messages/cmake/custom_messagesConfig-version.cmake
-- Installing: /home/mtrn/4231/liam_stuff/4231project/install/custom_messages/share/custom_messages/package.xml
