[0.065s] Invoking command in '/home/mtrn/4231/liam_stuff/4231project/build/custom_messages': CMAKE_PREFIX_PATH=${CMAKE_PREFIX_PATH}:/home/mtrn/4231/liam_stuff/4231project/install/ros2_aruco:/home/mtrn/4231/liam_stuff/4231project/install/opencv_example:/home/mtrn/4231/liam_stuff/4231project/install/openCV_example:/home/mtrn/4231/liam_stuff/4231project/install/my_package:/home/mtrn/4231/ws_moveit2/install/moveit_configs_utils:/home/mtrn/4231/ws_moveit2/install/launch_param_builder:/opt/ros/humble /home/mtrn/.local/bin/cmake --build /home/mtrn/4231/liam_stuff/4231project/build/custom_messages -- -j12 -l12
[0.175s] [ 10%] Built target custom_messages__rosidl_generator_c
[0.185s] [ 10%] Built target ament_cmake_python_copy_custom_messages
[0.197s] [ 12%] Built target custom_messages__cpp
[0.205s] [ 23%] Built target custom_messages__rosidl_typesupport_introspection_c
[0.207s] [ 33%] Built target custom_messages__rosidl_typesupport_fastrtps_c
[0.208s] [ 43%] Built target custom_messages__rosidl_typesupport_c
[0.228s] [ 66%] Built target custom_messages__rosidl_typesupport_cpp
[0.228s] [ 66%] Built target custom_messages__rosidl_typesupport_introspection_cpp
[0.228s] [ 74%] Built target custom_messages__rosidl_typesupport_fastrtps_cpp
[0.261s] [ 74%] Built target custom_messages
[0.327s] [ 76%] Built target custom_messages__py
[0.379s] [ 84%] Built target custom_messages__rosidl_generator_py
[0.414s] [ 89%] Built target custom_messages__rosidl_typesupport_fastrtps_c__pyext
[0.418s] [ 94%] Built target custom_messages__rosidl_typesupport_c__pyext
[0.422s] [100%] Built target custom_messages__rosidl_typesupport_introspection_c__pyext
[0.448s] running egg_info
[0.449s] writing custom_messages.egg-info/PKG-INFO
[0.449s] writing dependency_links to custom_messages.egg-info/dependency_links.txt
[0.450s] writing top-level names to custom_messages.egg-info/top_level.txt
[0.452s] reading manifest file 'custom_messages.egg-info/SOURCES.txt'
[0.452s] writing manifest file 'custom_messages.egg-info/SOURCES.txt'
[0.485s] [100%] Built target ament_cmake_python_build_custom_messages_egg
[0.532s] Invoked command in '/home/mtrn/4231/liam_stuff/4231project/build/custom_messages' returned '0': CMAKE_PREFIX_PATH=${CMAKE_PREFIX_PATH}:/home/mtrn/4231/liam_stuff/4231project/install/ros2_aruco:/home/mtrn/4231/liam_stuff/4231project/install/opencv_example:/home/mtrn/4231/liam_stuff/4231project/install/openCV_example:/home/mtrn/4231/liam_stuff/4231project/install/my_package:/home/mtrn/4231/ws_moveit2/install/moveit_configs_utils:/home/mtrn/4231/ws_moveit2/install/launch_param_builder:/opt/ros/humble /home/mtrn/.local/bin/cmake --build /home/mtrn/4231/liam_stuff/4231project/build/custom_messages -- -j12 -l12
[1.044s] Invoking command in '/home/mtrn/4231/liam_stuff/4231project/build/custom_messages': CMAKE_PREFIX_PATH=${CMAKE_PREFIX_PATH}:/home/mtrn/4231/liam_stuff/4231project/install/ros2_aruco:/home/mtrn/4231/liam_stuff/4231project/install/opencv_example:/home/mtrn/4231/liam_stuff/4231project/install/openCV_example:/home/mtrn/4231/liam_stuff/4231project/install/my_package:/home/mtrn/4231/ws_moveit2/install/moveit_configs_utils:/home/mtrn/4231/ws_moveit2/install/launch_param_builder:/opt/ros/humble /home/mtrn/.local/bin/cmake --install /home/mtrn/4231/liam_stuff/4231project/build/custom_messages
[1.096s] -- Install configuration: ""
[1.096s] -- Installing: /home/mtrn/4231/liam_stuff/4231project/install/custom_messages/share/ament_index/resource_index/rosidl_interfaces/custom_messages
[1.096s] -- Installing: /home/mtrn/4231/liam_stuff/4231project/install/custom_messages/include/custom_messages/custom_messages
[1.096s] -- Installing: /home/mtrn/4231/liam_stuff/4231project/install/custom_messages/include/custom_messages/custom_messages/msg
[1.096s] -- Installing: /home/mtrn/4231/liam_stuff/4231project/install/custom_messages/include/custom_messages/custom_messages/msg/robot_action.h
[1.096s] -- Installing: /home/mtrn/4231/liam_stuff/4231project/install/custom_messages/include/custom_messages/custom_messages/msg/rosidl_generator_c__visibility_control.h
[1.096s] -- Installing: /home/mtrn/4231/liam_stuff/4231project/install/custom_messages/include/custom_messages/custom_messages/msg/aruco_message.h
[1.096s] -- Installing: /home/mtrn/4231/liam_stuff/4231project/install/custom_messages/include/custom_messages/custom_messages/msg/detail
[1.097s] -- Installing: /home/mtrn/4231/liam_stuff/4231project/install/custom_messages/include/custom_messages/custom_messages/msg/detail/aruco_message__functions.c
[1.097s] -- Installing: /home/mtrn/4231/liam_stuff/4231project/install/custom_messages/include/custom_messages/custom_messages/msg/detail/robot_action__functions.h
[1.097s] -- Installing: /home/mtrn/4231/liam_stuff/4231project/install/custom_messages/include/custom_messages/custom_messages/msg/detail/robot_action__struct.h
[1.097s] -- Installing: /home/mtrn/4231/liam_stuff/4231project/install/custom_messages/include/custom_messages/custom_messages/msg/detail/aruco_message__type_support.h
[1.097s] -- Installing: /home/mtrn/4231/liam_stuff/4231project/install/custom_messages/include/custom_messages/custom_messages/msg/detail/robot_action__type_support.h
[1.097s] -- Installing: /home/mtrn/4231/liam_stuff/4231project/install/custom_messages/include/custom_messages/custom_messages/msg/detail/aruco_message__struct.h
[1.097s] -- Installing: /home/mtrn/4231/liam_stuff/4231project/install/custom_messages/include/custom_messages/custom_messages/msg/detail/robot_action__functions.c
[1.097s] -- Installing: /home/mtrn/4231/liam_stuff/4231project/install/custom_messages/include/custom_messages/custom_messages/msg/detail/aruco_message__functions.h
[1.097s] -- Installing: /home/mtrn/4231/liam_stuff/4231project/install/custom_messages/share/custom_messages/environment/library_path.sh
[1.098s] -- Installing: /home/mtrn/4231/liam_stuff/4231project/install/custom_messages/share/custom_messages/environment/library_path.dsv
[1.098s] -- Installing: /home/mtrn/4231/liam_stuff/4231project/install/custom_messages/lib/libcustom_messages__rosidl_generator_c.so
[1.099s] -- Set runtime path of "/home/mtrn/4231/liam_stuff/4231project/install/custom_messages/lib/libcustom_messages__rosidl_generator_c.so" to ""
[1.099s] -- Up-to-date: /home/mtrn/4231/liam_stuff/4231project/install/custom_messages/include/custom_messages/custom_messages
[1.099s] -- Up-to-date: /home/mtrn/4231/liam_stuff/4231project/install/custom_messages/include/custom_messages/custom_messages/msg
[1.099s] -- Installing: /home/mtrn/4231/liam_stuff/4231project/install/custom_messages/include/custom_messages/custom_messages/msg/rosidl_typesupport_fastrtps_c__visibility_control.h
[1.099s] -- Up-to-date: /home/mtrn/4231/liam_stuff/4231project/install/custom_messages/include/custom_messages/custom_messages/msg/detail
[1.099s] -- Installing: /home/mtrn/4231/liam_stuff/4231project/install/custom_messages/include/custom_messages/custom_messages/msg/detail/robot_action__rosidl_typesupport_fastrtps_c.h
[1.099s] -- Installing: /home/mtrn/4231/liam_stuff/4231project/install/custom_messages/include/custom_messages/custom_messages/msg/detail/aruco_message__rosidl_typesupport_fastrtps_c.h
[1.100s] -- Installing: /home/mtrn/4231/liam_stuff/4231project/install/custom_messages/lib/libcustom_messages__rosidl_typesupport_fastrtps_c.so
[1.100s] -- Set runtime path of "/home/mtrn/4231/liam_stuff/4231project/install/custom_messages/lib/libcustom_messages__rosidl_typesupport_fastrtps_c.so" to ""
[1.100s] -- Up-to-date: /home/mtrn/4231/liam_stuff/4231project/install/custom_messages/include/custom_messages/custom_messages
[1.100s] -- Up-to-date: /home/mtrn/4231/liam_stuff/4231project/install/custom_messages/include/custom_messages/custom_messages/msg
[1.100s] -- Installing: /home/mtrn/4231/liam_stuff/4231project/install/custom_messages/include/custom_messages/custom_messages/msg/rosidl_typesupport_introspection_c__visibility_control.h
[1.100s] -- Up-to-date: /home/mtrn/4231/liam_stuff/4231project/install/custom_messages/include/custom_messages/custom_messages/msg/detail
[1.100s] -- Installing: /home/mtrn/4231/liam_stuff/4231project/install/custom_messages/include/custom_messages/custom_messages/msg/detail/aruco_message__type_support.c
[1.101s] -- Installing: /home/mtrn/4231/liam_stuff/4231project/install/custom_messages/include/custom_messages/custom_messages/msg/detail/robot_action__type_support.c
[1.101s] -- Installing: /home/mtrn/4231/liam_stuff/4231project/install/custom_messages/include/custom_messages/custom_messages/msg/detail/aruco_message__rosidl_typesupport_introspection_c.h
[1.101s] -- Installing: /home/mtrn/4231/liam_stuff/4231project/install/custom_messages/include/custom_messages/custom_messages/msg/detail/robot_action__rosidl_typesupport_introspection_c.h
[1.101s] -- Installing: /home/mtrn/4231/liam_stuff/4231project/install/custom_messages/lib/libcustom_messages__rosidl_typesupport_introspection_c.so
[1.101s] -- Set runtime path of "/home/mtrn/4231/liam_stuff/4231project/install/custom_messages/lib/libcustom_messages__rosidl_typesupport_introspection_c.so" to ""
[1.102s] -- Installing: /home/mtrn/4231/liam_stuff/4231project/install/custom_messages/lib/libcustom_messages__rosidl_typesupport_c.so
[1.107s] -- Set runtime path of "/home/mtrn/4231/liam_stuff/4231project/install/custom_messages/lib/libcustom_messages__rosidl_typesupport_c.so" to ""
[1.107s] -- Up-to-date: /home/mtrn/4231/liam_stuff/4231project/install/custom_messages/include/custom_messages/custom_messages
[1.108s] -- Up-to-date: /home/mtrn/4231/liam_stuff/4231project/install/custom_messages/include/custom_messages/custom_messages/msg
[1.108s] -- Installing: /home/mtrn/4231/liam_stuff/4231project/install/custom_messages/include/custom_messages/custom_messages/msg/robot_action.hpp
[1.108s] -- Installing: /home/mtrn/4231/liam_stuff/4231project/install/custom_messages/include/custom_messages/custom_messages/msg/aruco_message.hpp
[1.108s] -- Up-to-date: /home/mtrn/4231/liam_stuff/4231project/install/custom_messages/include/custom_messages/custom_messages/msg/detail
[1.108s] -- Installing: /home/mtrn/4231/liam_stuff/4231project/install/custom_messages/include/custom_messages/custom_messages/msg/detail/aruco_message__traits.hpp
[1.109s] -- Installing: /home/mtrn/4231/liam_stuff/4231project/install/custom_messages/include/custom_messages/custom_messages/msg/detail/robot_action__builder.hpp
[1.109s] -- Installing: /home/mtrn/4231/liam_stuff/4231project/install/custom_messages/include/custom_messages/custom_messages/msg/detail/robot_action__struct.hpp
[1.109s] -- Installing: /home/mtrn/4231/liam_stuff/4231project/install/custom_messages/include/custom_messages/custom_messages/msg/detail/robot_action__traits.hpp
[1.110s] -- Installing: /home/mtrn/4231/liam_stuff/4231project/install/custom_messages/include/custom_messages/custom_messages/msg/detail/aruco_message__struct.hpp
[1.110s] -- Installing: /home/mtrn/4231/liam_stuff/4231project/install/custom_messages/include/custom_messages/custom_messages/msg/detail/aruco_message__builder.hpp
[1.110s] -- Up-to-date: /home/mtrn/4231/liam_stuff/4231project/install/custom_messages/include/custom_messages/custom_messages
[1.110s] -- Up-to-date: /home/mtrn/4231/liam_stuff/4231project/install/custom_messages/include/custom_messages/custom_messages/msg
[1.111s] -- Installing: /home/mtrn/4231/liam_stuff/4231project/install/custom_messages/include/custom_messages/custom_messages/msg/rosidl_typesupport_fastrtps_cpp__visibility_control.h
[1.111s] -- Up-to-date: /home/mtrn/4231/liam_stuff/4231project/install/custom_messages/include/custom_messages/custom_messages/msg/detail
[1.111s] -- Installing: /home/mtrn/4231/liam_stuff/4231project/install/custom_messages/include/custom_messages/custom_messages/msg/detail/dds_fastrtps
[1.111s] -- Installing: /home/mtrn/4231/liam_stuff/4231project/install/custom_messages/include/custom_messages/custom_messages/msg/detail/robot_action__rosidl_typesupport_fastrtps_cpp.hpp
[1.112s] -- Installing: /home/mtrn/4231/liam_stuff/4231project/install/custom_messages/include/custom_messages/custom_messages/msg/detail/aruco_message__rosidl_typesupport_fastrtps_cpp.hpp
[1.113s] -- Installing: /home/mtrn/4231/liam_stuff/4231project/install/custom_messages/lib/libcustom_messages__rosidl_typesupport_fastrtps_cpp.so
[1.113s] -- Set runtime path of "/home/mtrn/4231/liam_stuff/4231project/install/custom_messages/lib/libcustom_messages__rosidl_typesupport_fastrtps_cpp.so" to ""
[1.113s] -- Up-to-date: /home/mtrn/4231/liam_stuff/4231project/install/custom_messages/include/custom_messages/custom_messages
[1.113s] -- Up-to-date: /home/mtrn/4231/liam_stuff/4231project/install/custom_messages/include/custom_messages/custom_messages/msg
[1.113s] -- Up-to-date: /home/mtrn/4231/liam_stuff/4231project/install/custom_messages/include/custom_messages/custom_messages/msg/detail
[1.114s] -- Installing: /home/mtrn/4231/liam_stuff/4231project/install/custom_messages/include/custom_messages/custom_messages/msg/detail/robot_action__type_support.cpp
[1.114s] -- Installing: /home/mtrn/4231/liam_stuff/4231project/install/custom_messages/include/custom_messages/custom_messages/msg/detail/robot_action__rosidl_typesupport_introspection_cpp.hpp
[1.115s] -- Installing: /home/mtrn/4231/liam_stuff/4231project/install/custom_messages/include/custom_messages/custom_messages/msg/detail/aruco_message__type_support.cpp
[1.115s] -- Installing: /home/mtrn/4231/liam_stuff/4231project/install/custom_messages/include/custom_messages/custom_messages/msg/detail/aruco_message__rosidl_typesupport_introspection_cpp.hpp
[1.116s] -- Installing: /home/mtrn/4231/liam_stuff/4231project/install/custom_messages/lib/libcustom_messages__rosidl_typesupport_introspection_cpp.so
[1.119s] -- Set runtime path of "/home/mtrn/4231/liam_stuff/4231project/install/custom_messages/lib/libcustom_messages__rosidl_typesupport_introspection_cpp.so" to ""
[1.120s] -- Installing: /home/mtrn/4231/liam_stuff/4231project/install/custom_messages/lib/libcustom_messages__rosidl_typesupport_cpp.so
[1.120s] -- Set runtime path of "/home/mtrn/4231/liam_stuff/4231project/install/custom_messages/lib/libcustom_messages__rosidl_typesupport_cpp.so" to ""
[1.120s] -- Installing: /home/mtrn/4231/liam_stuff/4231project/install/custom_messages/share/custom_messages/environment/pythonpath.sh
[1.121s] -- Installing: /home/mtrn/4231/liam_stuff/4231project/install/custom_messages/share/custom_messages/environment/pythonpath.dsv
[1.121s] -- Installing: /home/mtrn/4231/liam_stuff/4231project/install/custom_messages/local/lib/python3.10/dist-packages/custom_messages-0.0.0-py3.10.egg-info
[1.121s] -- Installing: /home/mtrn/4231/liam_stuff/4231project/install/custom_messages/local/lib/python3.10/dist-packages/custom_messages-0.0.0-py3.10.egg-info/SOURCES.txt
[1.121s] -- Installing: /home/mtrn/4231/liam_stuff/4231project/install/custom_messages/local/lib/python3.10/dist-packages/custom_messages-0.0.0-py3.10.egg-info/dependency_links.txt
[1.121s] -- Installing: /home/mtrn/4231/liam_stuff/4231project/install/custom_messages/local/lib/python3.10/dist-packages/custom_messages-0.0.0-py3.10.egg-info/PKG-INFO
[1.122s] -- Installing: /home/mtrn/4231/liam_stuff/4231project/install/custom_messages/local/lib/python3.10/dist-packages/custom_messages-0.0.0-py3.10.egg-info/top_level.txt
[1.122s] -- Installing: /home/mtrn/4231/liam_stuff/4231project/install/custom_messages/local/lib/python3.10/dist-packages/custom_messages
[1.122s] -- Installing: /home/mtrn/4231/liam_stuff/4231project/install/custom_messages/local/lib/python3.10/dist-packages/custom_messages/libcustom_messages__rosidl_generator_py.so
[1.123s] -- Installing: /home/mtrn/4231/liam_stuff/4231project/install/custom_messages/local/lib/python3.10/dist-packages/custom_messages/_custom_messages_s.ep.rosidl_typesupport_c.c
[1.125s] -- Installing: /home/mtrn/4231/liam_stuff/4231project/install/custom_messages/local/lib/python3.10/dist-packages/custom_messages/custom_messages_s__rosidl_typesupport_introspection_c.cpython-310-x86_64-linux-gnu.so
[1.126s] -- Installing: /home/mtrn/4231/liam_stuff/4231project/install/custom_messages/local/lib/python3.10/dist-packages/custom_messages/_custom_messages_s.ep.rosidl_typesupport_introspection_c.c
[1.126s] -- Installing: /home/mtrn/4231/liam_stuff/4231project/install/custom_messages/local/lib/python3.10/dist-packages/custom_messages/custom_messages_s__rosidl_typesupport_c.cpython-310-x86_64-linux-gnu.so
[1.126s] -- Installing: /home/mtrn/4231/liam_stuff/4231project/install/custom_messages/local/lib/python3.10/dist-packages/custom_messages/custom_messages_s__rosidl_typesupport_fastrtps_c.cpython-310-x86_64-linux-gnu.so
[1.127s] -- Installing: /home/mtrn/4231/liam_stuff/4231project/install/custom_messages/local/lib/python3.10/dist-packages/custom_messages/__init__.py
[1.127s] -- Installing: /home/mtrn/4231/liam_stuff/4231project/install/custom_messages/local/lib/python3.10/dist-packages/custom_messages/msg
[1.127s] -- Installing: /home/mtrn/4231/liam_stuff/4231project/install/custom_messages/local/lib/python3.10/dist-packages/custom_messages/msg/_aruco_message_s.c
[1.128s] -- Installing: /home/mtrn/4231/liam_stuff/4231project/install/custom_messages/local/lib/python3.10/dist-packages/custom_messages/msg/__init__.py
[1.129s] -- Installing: /home/mtrn/4231/liam_stuff/4231project/install/custom_messages/local/lib/python3.10/dist-packages/custom_messages/msg/_aruco_message.py
[1.129s] -- Installing: /home/mtrn/4231/liam_stuff/4231project/install/custom_messages/local/lib/python3.10/dist-packages/custom_messages/msg/_robot_action_s.c
[1.129s] -- Installing: /home/mtrn/4231/liam_stuff/4231project/install/custom_messages/local/lib/python3.10/dist-packages/custom_messages/msg/_robot_action.py
[1.130s] -- Installing: /home/mtrn/4231/liam_stuff/4231project/install/custom_messages/local/lib/python3.10/dist-packages/custom_messages/_custom_messages_s.ep.rosidl_typesupport_fastrtps_c.c
[1.147s] Listing '/home/mtrn/4231/liam_stuff/4231project/install/custom_messages/local/lib/python3.10/dist-packages/custom_messages'...
[1.147s] Compiling '/home/mtrn/4231/liam_stuff/4231project/install/custom_messages/local/lib/python3.10/dist-packages/custom_messages/__init__.py'...
[1.148s] Listing '/home/mtrn/4231/liam_stuff/4231project/install/custom_messages/local/lib/python3.10/dist-packages/custom_messages/msg'...
[1.148s] Compiling '/home/mtrn/4231/liam_stuff/4231project/install/custom_messages/local/lib/python3.10/dist-packages/custom_messages/msg/__init__.py'...
[1.148s] Compiling '/home/mtrn/4231/liam_stuff/4231project/install/custom_messages/local/lib/python3.10/dist-packages/custom_messages/msg/_aruco_message.py'...
[1.148s] Compiling '/home/mtrn/4231/liam_stuff/4231project/install/custom_messages/local/lib/python3.10/dist-packages/custom_messages/msg/_robot_action.py'...
[1.152s] -- Installing: /home/mtrn/4231/liam_stuff/4231project/install/custom_messages/local/lib/python3.10/dist-packages/custom_messages/custom_messages_s__rosidl_typesupport_fastrtps_c.cpython-310-x86_64-linux-gnu.so
[1.153s] -- Set runtime path of "/home/mtrn/4231/liam_stuff/4231project/install/custom_messages/local/lib/python3.10/dist-packages/custom_messages/custom_messages_s__rosidl_typesupport_fastrtps_c.cpython-310-x86_64-linux-gnu.so" to ""
[1.153s] -- Installing: /home/mtrn/4231/liam_stuff/4231project/install/custom_messages/local/lib/python3.10/dist-packages/custom_messages/custom_messages_s__rosidl_typesupport_introspection_c.cpython-310-x86_64-linux-gnu.so
[1.154s] -- Set runtime path of "/home/mtrn/4231/liam_stuff/4231project/install/custom_messages/local/lib/python3.10/dist-packages/custom_messages/custom_messages_s__rosidl_typesupport_introspection_c.cpython-310-x86_64-linux-gnu.so" to ""
[1.154s] -- Installing: /home/mtrn/4231/liam_stuff/4231project/install/custom_messages/local/lib/python3.10/dist-packages/custom_messages/custom_messages_s__rosidl_typesupport_c.cpython-310-x86_64-linux-gnu.so
[1.154s] -- Set runtime path of "/home/mtrn/4231/liam_stuff/4231project/install/custom_messages/local/lib/python3.10/dist-packages/custom_messages/custom_messages_s__rosidl_typesupport_c.cpython-310-x86_64-linux-gnu.so" to ""
[1.154s] -- Installing: /home/mtrn/4231/liam_stuff/4231project/install/custom_messages/lib/libcustom_messages__rosidl_generator_py.so
[1.155s] -- Set runtime path of "/home/mtrn/4231/liam_stuff/4231project/install/custom_messages/lib/libcustom_messages__rosidl_generator_py.so" to ""
[1.155s] -- Installing: /home/mtrn/4231/liam_stuff/4231project/install/custom_messages/share/custom_messages/msg/ArucoMessage.idl
[1.155s] -- Installing: /home/mtrn/4231/liam_stuff/4231project/install/custom_messages/share/custom_messages/msg/RobotAction.idl
[1.156s] -- Installing: /home/mtrn/4231/liam_stuff/4231project/install/custom_messages/share/custom_messages/msg/ArucoMessage.msg
[1.156s] -- Installing: /home/mtrn/4231/liam_stuff/4231project/install/custom_messages/share/custom_messages/msg/RobotAction.msg
[1.156s] -- Installing: /home/mtrn/4231/liam_stuff/4231project/install/custom_messages/share/ament_index/resource_index/package_run_dependencies/custom_messages
[1.156s] -- Installing: /home/mtrn/4231/liam_stuff/4231project/install/custom_messages/share/ament_index/resource_index/parent_prefix_path/custom_messages
[1.156s] -- Installing: /home/mtrn/4231/liam_stuff/4231project/install/custom_messages/share/custom_messages/environment/ament_prefix_path.sh
[1.157s] -- Installing: /home/mtrn/4231/liam_stuff/4231project/install/custom_messages/share/custom_messages/environment/ament_prefix_path.dsv
[1.157s] -- Installing: /home/mtrn/4231/liam_stuff/4231project/install/custom_messages/share/custom_messages/environment/path.sh
[1.157s] -- Installing: /home/mtrn/4231/liam_stuff/4231project/install/custom_messages/share/custom_messages/environment/path.dsv
[1.157s] -- Installing: /home/mtrn/4231/liam_stuff/4231project/install/custom_messages/share/custom_messages/local_setup.bash
[1.157s] -- Installing: /home/mtrn/4231/liam_stuff/4231project/install/custom_messages/share/custom_messages/local_setup.sh
[1.157s] -- Installing: /home/mtrn/4231/liam_stuff/4231project/install/custom_messages/share/custom_messages/local_setup.zsh
[1.158s] -- Installing: /home/mtrn/4231/liam_stuff/4231project/install/custom_messages/share/custom_messages/local_setup.dsv
[1.158s] -- Installing: /home/mtrn/4231/liam_stuff/4231project/install/custom_messages/share/custom_messages/package.dsv
[1.158s] -- Installing: /home/mtrn/4231/liam_stuff/4231project/install/custom_messages/share/ament_index/resource_index/packages/custom_messages
[1.158s] -- Installing: /home/mtrn/4231/liam_stuff/4231project/install/custom_messages/share/custom_messages/cmake/export_custom_messages__rosidl_generator_cExport.cmake
[1.158s] -- Installing: /home/mtrn/4231/liam_stuff/4231project/install/custom_messages/share/custom_messages/cmake/export_custom_messages__rosidl_generator_cExport-noconfig.cmake
[1.159s] -- Installing: /home/mtrn/4231/liam_stuff/4231project/install/custom_messages/share/custom_messages/cmake/export_custom_messages__rosidl_typesupport_fastrtps_cExport.cmake
[1.159s] -- Installing: /home/mtrn/4231/liam_stuff/4231project/install/custom_messages/share/custom_messages/cmake/export_custom_messages__rosidl_typesupport_fastrtps_cExport-noconfig.cmake
[1.159s] -- Installing: /home/mtrn/4231/liam_stuff/4231project/install/custom_messages/share/custom_messages/cmake/custom_messages__rosidl_typesupport_introspection_cExport.cmake
[1.159s] -- Installing: /home/mtrn/4231/liam_stuff/4231project/install/custom_messages/share/custom_messages/cmake/custom_messages__rosidl_typesupport_introspection_cExport-noconfig.cmake
[1.159s] -- Installing: /home/mtrn/4231/liam_stuff/4231project/install/custom_messages/share/custom_messages/cmake/custom_messages__rosidl_typesupport_cExport.cmake
[1.160s] -- Installing: /home/mtrn/4231/liam_stuff/4231project/install/custom_messages/share/custom_messages/cmake/custom_messages__rosidl_typesupport_cExport-noconfig.cmake
[1.160s] -- Installing: /home/mtrn/4231/liam_stuff/4231project/install/custom_messages/share/custom_messages/cmake/export_custom_messages__rosidl_generator_cppExport.cmake
[1.160s] -- Installing: /home/mtrn/4231/liam_stuff/4231project/install/custom_messages/share/custom_messages/cmake/export_custom_messages__rosidl_typesupport_fastrtps_cppExport.cmake
[1.160s] -- Installing: /home/mtrn/4231/liam_stuff/4231project/install/custom_messages/share/custom_messages/cmake/export_custom_messages__rosidl_typesupport_fastrtps_cppExport-noconfig.cmake
[1.160s] -- Installing: /home/mtrn/4231/liam_stuff/4231project/install/custom_messages/share/custom_messages/cmake/custom_messages__rosidl_typesupport_introspection_cppExport.cmake
[1.161s] -- Installing: /home/mtrn/4231/liam_stuff/4231project/install/custom_messages/share/custom_messages/cmake/custom_messages__rosidl_typesupport_introspection_cppExport-noconfig.cmake
[1.161s] -- Installing: /home/mtrn/4231/liam_stuff/4231project/install/custom_messages/share/custom_messages/cmake/custom_messages__rosidl_typesupport_cppExport.cmake
[1.161s] -- Installing: /home/mtrn/4231/liam_stuff/4231project/install/custom_messages/share/custom_messages/cmake/custom_messages__rosidl_typesupport_cppExport-noconfig.cmake
[1.161s] -- Installing: /home/mtrn/4231/liam_stuff/4231project/install/custom_messages/share/custom_messages/cmake/export_custom_messages__rosidl_generator_pyExport.cmake
[1.161s] -- Installing: /home/mtrn/4231/liam_stuff/4231project/install/custom_messages/share/custom_messages/cmake/export_custom_messages__rosidl_generator_pyExport-noconfig.cmake
[1.162s] -- Installing: /home/mtrn/4231/liam_stuff/4231project/install/custom_messages/share/custom_messages/cmake/rosidl_cmake-extras.cmake
[1.162s] -- Installing: /home/mtrn/4231/liam_stuff/4231project/install/custom_messages/share/custom_messages/cmake/ament_cmake_export_include_directories-extras.cmake
[1.162s] -- Installing: /home/mtrn/4231/liam_stuff/4231project/install/custom_messages/share/custom_messages/cmake/ament_cmake_export_libraries-extras.cmake
[1.162s] -- Installing: /home/mtrn/4231/liam_stuff/4231project/install/custom_messages/share/custom_messages/cmake/ament_cmake_export_targets-extras.cmake
[1.162s] -- Installing: /home/mtrn/4231/liam_stuff/4231project/install/custom_messages/share/custom_messages/cmake/rosidl_cmake_export_typesupport_targets-extras.cmake
[1.163s] -- Installing: /home/mtrn/4231/liam_stuff/4231project/install/custom_messages/share/custom_messages/cmake/ament_cmake_export_dependencies-extras.cmake
[1.163s] -- Installing: /home/mtrn/4231/liam_stuff/4231project/install/custom_messages/share/custom_messages/cmake/rosidl_cmake_export_typesupport_libraries-extras.cmake
[1.163s] -- Installing: /home/mtrn/4231/liam_stuff/4231project/install/custom_messages/share/custom_messages/cmake/custom_messagesConfig.cmake
[1.163s] -- Installing: /home/mtrn/4231/liam_stuff/4231project/install/custom_messages/share/custom_messages/cmake/custom_messagesConfig-version.cmake
[1.163s] -- Installing: /home/mtrn/4231/liam_stuff/4231project/install/custom_messages/share/custom_messages/package.xml
[1.184s] Invoked command in '/home/mtrn/4231/liam_stuff/4231project/build/custom_messages' returned '0': CMAKE_PREFIX_PATH=${CMAKE_PREFIX_PATH}:/home/mtrn/4231/liam_stuff/4231project/install/ros2_aruco:/home/mtrn/4231/liam_stuff/4231project/install/opencv_example:/home/mtrn/4231/liam_stuff/4231project/install/openCV_example:/home/mtrn/4231/liam_stuff/4231project/install/my_package:/home/mtrn/4231/ws_moveit2/install/moveit_configs_utils:/home/mtrn/4231/ws_moveit2/install/launch_param_builder:/opt/ros/humble /home/mtrn/.local/bin/cmake --install /home/mtrn/4231/liam_stuff/4231project/build/custom_messages
